2020-08-27T13:52:02.1742784+07:00  [INF] Starting IdentityServer4 version "3.1.3.0" (8add0571)
2020-08-27T13:52:02.2415578+07:00  [INF] Using the default authentication scheme "Identity.Application" for IdentityServer (4a54f457)
2020-08-27T13:52:03.0793155+07:00  [INF] Now listening on: "https://localhost:5001" (d826f4b8)
2020-08-27T13:52:03.0999976+07:00  [INF] Now listening on: "http://localhost:5000" (d826f4b8)
2020-08-27T13:52:03.1044012+07:00  [INF] Application started. Press Ctrl+C to shut down. (dcaefe54)
2020-08-27T13:52:03.1074691+07:00  [INF] Hosting environment: "Development" (c3307c92)
2020-08-27T13:52:03.1127083+07:00  [INF] Content root path: "D:\CMS PROJECT\CmsApp\CmsApp" (b5d60022)
2020-08-27T13:52:32.6165367+07:00  [INF] Removing 0 grants (62cd9308)
2020-08-27T13:52:32.7181107+07:00  [INF] Removing 0 device flow codes (171ba47d)
2020-08-27T13:53:02.7585418+07:00  [INF] Removing 0 grants (62cd9308)
2020-08-27T13:53:02.7772640+07:00  [INF] Removing 0 device flow codes (171ba47d)
2020-08-27T13:53:32.8735033+07:00  [INF] Removing 0 grants (62cd9308)
2020-08-27T13:53:33.0051859+07:00  [INF] Removing 0 device flow codes (171ba47d)
2020-08-27T13:54:03.0253848+07:00  [INF] Removing 0 grants (62cd9308)
2020-08-27T13:54:03.0553009+07:00  [INF] Removing 0 device flow codes (171ba47d)
2020-08-27T13:54:33.0946691+07:00  [INF] Removing 0 grants (62cd9308)
2020-08-27T13:54:33.1800625+07:00  [INF] Removing 0 device flow codes (171ba47d)
2020-08-27T13:55:03.1934368+07:00  [INF] Removing 0 grants (62cd9308)
2020-08-27T13:55:03.2221057+07:00  [INF] Removing 0 device flow codes (171ba47d)
2020-08-27T13:55:28.8642264+07:00 0HM2AAMQ6LBPN:00000001 [ERR] An unhandled exception has occurred while executing the request. (48a46595)
System.TimeoutException: The Angular CLI process did not start listening for requests within the timeout period of 20 seconds. Check the log output for error information.
   at Microsoft.AspNetCore.SpaServices.Extensions.Util.TaskTimeoutExtensions.WithTimeout[T](Task`1 task, TimeSpan timeoutDelay, String message)
   at Microsoft.AspNetCore.SpaServices.Extensions.Proxy.SpaProxy.PerformProxyRequest(HttpContext context, HttpClient httpClient, Task`1 baseUriTask, CancellationToken applicationStoppingToken, Boolean proxy404s)
   at Microsoft.AspNetCore.Builder.SpaProxyingExtensions.<>c__DisplayClass2_0.<<UseProxyToSpaDevelopmentServer>b__0>d.MoveNext()
--- End of stack trace from previous location where exception was thrown ---
   at Swashbuckle.AspNetCore.SwaggerUI.SwaggerUIMiddleware.Invoke(HttpContext httpContext)
   at Swashbuckle.AspNetCore.Swagger.SwaggerMiddleware.Invoke(HttpContext httpContext, ISwaggerProvider swaggerProvider)
   at Microsoft.AspNetCore.Authorization.AuthorizationMiddleware.Invoke(HttpContext context)
   at IdentityServer4.Hosting.IdentityServerMiddleware.Invoke(HttpContext context, IEndpointRouter router, IUserSession session, IEventService events)
   at IdentityServer4.Hosting.MutualTlsTokenEndpointMiddleware.Invoke(HttpContext context, IAuthenticationSchemeProvider schemes)
   at Microsoft.AspNetCore.Authentication.AuthenticationMiddleware.Invoke(HttpContext context)
   at IdentityServer4.Hosting.BaseUrlMiddleware.Invoke(HttpContext context)
   at Microsoft.AspNetCore.Diagnostics.DeveloperExceptionPageMiddleware.Invoke(HttpContext context)
2020-08-27T13:55:33.2463374+07:00  [INF] Removing 0 grants (62cd9308)
2020-08-27T13:55:33.2575133+07:00  [INF] Removing 0 device flow codes (171ba47d)
2020-08-27T13:56:03.2918363+07:00  [INF] Removing 0 grants (62cd9308)
2020-08-27T13:56:03.3003264+07:00  [INF] Removing 0 device flow codes (171ba47d)
2020-08-27T13:56:33.3495787+07:00  [INF] Removing 0 grants (62cd9308)
2020-08-27T13:56:33.3815593+07:00  [INF] Removing 0 device flow codes (171ba47d)
2020-08-27T13:57:03.4130244+07:00  [INF] Removing 0 grants (62cd9308)
2020-08-27T13:57:03.4247391+07:00  [INF] Removing 0 device flow codes (171ba47d)
2020-08-27T13:57:33.4746321+07:00  [INF] Removing 0 grants (62cd9308)
2020-08-27T13:57:33.5057691+07:00  [INF] Removing 0 device flow codes (171ba47d)
2020-08-27T13:58:03.5495422+07:00  [INF] Removing 0 grants (62cd9308)
2020-08-27T13:58:03.5700729+07:00  [INF] Removing 0 device flow codes (171ba47d)
2020-08-27T13:58:33.6219346+07:00  [INF] Removing 0 grants (62cd9308)
2020-08-27T13:58:33.6541276+07:00  [INF] Removing 0 device flow codes (171ba47d)
2020-08-27T13:59:03.6825395+07:00  [INF] Removing 0 grants (62cd9308)
2020-08-27T13:59:03.7027067+07:00  [INF] Removing 0 device flow codes (171ba47d)
2020-08-27T13:59:33.7529872+07:00  [INF] Removing 0 grants (62cd9308)
2020-08-27T13:59:33.7724361+07:00  [INF] Removing 0 device flow codes (171ba47d)
2020-08-27T14:00:06.5067235+07:00  [INF] Removing 0 grants (62cd9308)
2020-08-27T14:00:06.5262764+07:00  [INF] Removing 0 device flow codes (171ba47d)
2020-08-27T14:00:36.5520188+07:00  [INF] Removing 0 grants (62cd9308)
2020-08-27T14:00:36.5892984+07:00  [INF] Removing 0 device flow codes (171ba47d)
2020-08-27T14:01:06.6249557+07:00  [INF] Removing 0 grants (62cd9308)
2020-08-27T14:01:06.6360251+07:00  [INF] Removing 0 device flow codes (171ba47d)
2020-08-27T14:01:36.6762031+07:00  [INF] Removing 0 grants (62cd9308)
2020-08-27T14:01:36.7172265+07:00  [INF] Removing 0 device flow codes (171ba47d)
2020-08-27T14:02:06.7371120+07:00  [INF] Removing 0 grants (62cd9308)
2020-08-27T14:02:06.7570643+07:00  [INF] Removing 0 device flow codes (171ba47d)
2020-08-27T14:02:36.8023570+07:00  [INF] Removing 0 grants (62cd9308)
2020-08-27T14:02:36.8223492+07:00  [INF] Removing 0 device flow codes (171ba47d)
2020-08-27T14:03:06.8281753+07:00  [INF] Removing 0 grants (62cd9308)
2020-08-27T14:03:06.8722942+07:00  [INF] Removing 0 device flow codes (171ba47d)
2020-08-27T14:03:36.9086273+07:00  [INF] Removing 0 grants (62cd9308)
2020-08-27T14:03:36.9352697+07:00  [INF] Removing 0 device flow codes (171ba47d)
2020-08-27T14:04:06.9656258+07:00  [INF] Removing 0 grants (62cd9308)
2020-08-27T14:04:06.9861871+07:00  [INF] Removing 0 device flow codes (171ba47d)
2020-08-27T14:04:37.0155208+07:00  [INF] Removing 0 grants (62cd9308)
2020-08-27T14:04:37.0251198+07:00  [INF] Removing 0 device flow codes (171ba47d)
2020-08-27T14:05:07.0513756+07:00  [INF] Removing 0 grants (62cd9308)
2020-08-27T14:05:07.0605116+07:00  [INF] Removing 0 device flow codes (171ba47d)
2020-08-27T14:05:37.1715889+07:00  [INF] Removing 0 grants (62cd9308)
2020-08-27T14:05:37.1798007+07:00  [INF] Removing 0 device flow codes (171ba47d)
2020-08-27T14:06:07.2108883+07:00  [INF] Removing 0 grants (62cd9308)
2020-08-27T14:06:07.2197225+07:00  [INF] Removing 0 device flow codes (171ba47d)
2020-08-27T14:06:37.2826463+07:00  [INF] Removing 0 grants (62cd9308)
2020-08-27T14:06:37.3119724+07:00  [INF] Removing 0 device flow codes (171ba47d)
2020-08-27T14:07:07.3311324+07:00  [INF] Removing 0 grants (62cd9308)
2020-08-27T14:07:07.3376928+07:00  [INF] Removing 0 device flow codes (171ba47d)
2020-08-27T14:35:09.7359203+07:00  [INF] Starting IdentityServer4 version "3.1.3.0" (8add0571)
2020-08-27T14:35:09.7604866+07:00  [INF] Using the default authentication scheme "Identity.Application" for IdentityServer (4a54f457)
2020-08-27T14:35:10.4252701+07:00  [INF] Now listening on: "https://localhost:5001" (d826f4b8)
2020-08-27T14:35:10.4254013+07:00  [INF] Now listening on: "http://localhost:5000" (d826f4b8)
2020-08-27T14:35:10.4256604+07:00  [INF] Application started. Press Ctrl+C to shut down. (dcaefe54)
2020-08-27T14:35:10.4257004+07:00  [INF] Hosting environment: "Development" (c3307c92)
2020-08-27T14:35:10.4257319+07:00  [INF] Content root path: "D:\CMS PROJECT\CmsApp\CmsApp" (b5d60022)
2020-08-27T14:35:39.9528073+07:00  [INF] Removing 0 grants (62cd9308)
2020-08-27T14:35:39.9704029+07:00  [INF] Removing 0 device flow codes (171ba47d)
2020-08-27T14:36:09.9988282+07:00  [INF] Removing 0 grants (62cd9308)
2020-08-27T14:36:10.0008251+07:00  [INF] Removing 0 device flow codes (171ba47d)
2020-08-27T14:36:40.0113288+07:00  [INF] Removing 0 grants (62cd9308)
2020-08-27T14:36:40.0169259+07:00  [INF] Removing 0 device flow codes (171ba47d)
2020-08-27T14:36:48.0131633+07:00 0HM2ABF5M3SBL:0000001B [INF] Invoking IdentityServer endpoint: "IdentityServer4.Endpoints.DiscoveryEndpoint" for "/.well-known/openid-configuration" (f7642de5)
2020-08-27T14:36:49.0744910+07:00 0HM2ABF5M3SBL:0000001D [INF] Invoking IdentityServer endpoint: "IdentityServer4.Endpoints.DiscoveryKeyEndpoint" for "/.well-known/openid-configuration/jwks" (f7642de5)
2020-08-27T14:36:49.1961361+07:00 0HM2ABF5M3SBL:0000001F [INF] Invoking IdentityServer endpoint: "IdentityServer4.Endpoints.TokenEndpoint" for "/connect/token" (f7642de5)
2020-08-27T14:36:50.0089472+07:00 0HM2ABF5M3SBL:0000001F [INF] Credentials validated for username: "admin" (cb811aa7)
2020-08-27T14:36:50.0950158+07:00 0HM2ABF5M3SBL:0000001F [INF] Token request validation success, TokenRequestValidationLog { ClientId: "quickapp_spa", ClientName: null, GrantType: "password", Scopes: "email offline_access openid phone profile quickapp_api roles", AuthorizationCode: null, RefreshToken: null, UserName: "admin", AuthenticationContextReferenceClasses: null, Tenant: null, IdP: null, Raw: [("username": "admin"), ("password": "***REDACTED***"), ("client_id": "quickapp_spa"), ("grant_type": "password"), ("scope": "openid email phone profile offline_access roles quickapp_api")] } (3a073258)
2020-08-27T14:37:10.0435337+07:00  [INF] Removing 0 grants (62cd9308)
2020-08-27T14:37:10.0471399+07:00  [INF] Removing 0 device flow codes (171ba47d)
2020-08-27T14:37:40.0521970+07:00  [INF] Removing 0 grants (62cd9308)
2020-08-27T14:37:40.0556245+07:00  [INF] Removing 0 device flow codes (171ba47d)
2020-08-27T14:38:10.0661990+07:00  [INF] Removing 0 grants (62cd9308)
2020-08-27T14:38:10.0692134+07:00  [INF] Removing 0 device flow codes (171ba47d)
2020-08-27T14:38:40.0833901+07:00  [INF] Removing 0 grants (62cd9308)
2020-08-27T14:38:40.0858001+07:00  [INF] Removing 0 device flow codes (171ba47d)
2020-08-27T14:38:53.3457498+07:00  [INF] Application is shutting down... (90f52c38)
