2020-11-05T08:53:49.5282285+07:00  [INF] Starting IdentityServer4 version "3.1.3.0" (8add0571)
2020-11-05T08:53:49.6635924+07:00  [INF] Using the default authentication scheme "Identity.Application" for IdentityServer (4a54f457)
2020-11-05T08:53:51.5851138+07:00  [INF] Application started. Press Ctrl+C to shut down. (dcaefe54)
2020-11-05T08:53:51.5896643+07:00  [INF] Hosting environment: "Development" (c3307c92)
2020-11-05T08:53:51.5930929+07:00  [INF] Content root path: "D:\CmsApp\CmsApp" (b5d60022)
2020-11-05T08:54:20.5566501+07:00  [INF] Removing 9 grants (62cd9308)
2020-11-05T08:54:22.1504119+07:00  [INF] Removing 0 device flow codes (171ba47d)
2020-11-05T08:54:52.1871488+07:00  [INF] Removing 0 grants (62cd9308)
2020-11-05T08:54:52.1967401+07:00  [INF] Removing 0 device flow codes (171ba47d)
2020-11-05T08:55:22.2214836+07:00  [INF] Removing 0 grants (62cd9308)
2020-11-05T08:55:22.2523224+07:00  [INF] Removing 0 device flow codes (171ba47d)
2020-11-05T08:55:52.3391565+07:00  [INF] Removing 0 grants (62cd9308)
2020-11-05T08:55:52.3793336+07:00  [INF] Removing 0 device flow codes (171ba47d)
2020-11-05T08:56:22.4268024+07:00  [INF] Removing 0 grants (62cd9308)
2020-11-05T08:56:22.4499956+07:00  [INF] Removing 0 device flow codes (171ba47d)
2020-11-05T08:56:52.5458846+07:00  [INF] Removing 0 grants (62cd9308)
2020-11-05T08:56:52.5725891+07:00  [INF] Removing 0 device flow codes (171ba47d)
2020-11-05T08:57:22.6232291+07:00  [INF] Removing 0 grants (62cd9308)
2020-11-05T08:57:22.6780515+07:00  [INF] Removing 0 device flow codes (171ba47d)
2020-11-05T08:57:52.7359843+07:00  [INF] Removing 0 grants (62cd9308)
2020-11-05T08:57:52.7563265+07:00  [INF] Removing 0 device flow codes (171ba47d)
2020-11-05T09:00:28.8793437+07:00  [INF] Removing 0 grants (62cd9308)
2020-11-05T09:00:29.0799823+07:00  [INF] Removing 0 device flow codes (171ba47d)
2020-11-05T09:00:59.1911489+07:00  [INF] Removing 0 grants (62cd9308)
2020-11-05T09:00:59.2318913+07:00  [INF] Removing 0 device flow codes (171ba47d)
2020-11-05T09:01:29.3049718+07:00  [INF] Removing 0 grants (62cd9308)
2020-11-05T09:01:29.3434636+07:00  [INF] Removing 0 device flow codes (171ba47d)
2020-11-05T09:05:19.8022978+07:00  [INF] Starting IdentityServer4 version "3.1.3.0" (8add0571)
2020-11-05T09:05:19.8456373+07:00  [INF] Using the default authentication scheme "Identity.Application" for IdentityServer (4a54f457)
2020-11-05T09:05:24.3853664+07:00  [INF] Application started. Press Ctrl+C to shut down. (dcaefe54)
2020-11-05T09:05:24.4553065+07:00  [INF] Hosting environment: "Development" (c3307c92)
2020-11-05T09:05:24.4627744+07:00  [INF] Content root path: "D:\CmsApp\CmsApp" (b5d60022)
2020-11-05T09:05:49.9126346+07:00  [INF] Removing 0 grants (62cd9308)
2020-11-05T09:05:49.9628126+07:00  [INF] Removing 0 device flow codes (171ba47d)
2020-11-05T09:06:19.9969252+07:00  [INF] Removing 0 grants (62cd9308)
2020-11-05T09:06:20.0039472+07:00  [INF] Removing 0 device flow codes (171ba47d)
2020-11-05T09:06:50.0358149+07:00  [INF] Removing 0 grants (62cd9308)
2020-11-05T09:06:50.0535805+07:00  [INF] Removing 0 device flow codes (171ba47d)
2020-11-05T09:07:20.0894367+07:00  [INF] Removing 0 grants (62cd9308)
2020-11-05T09:07:20.1177743+07:00  [INF] Removing 0 device flow codes (171ba47d)
2020-11-05T09:07:50.1700959+07:00  [INF] Removing 0 grants (62cd9308)
2020-11-05T09:07:50.1869954+07:00  [INF] Removing 0 device flow codes (171ba47d)
2020-11-05T09:08:20.2287238+07:00  [INF] Removing 0 grants (62cd9308)
2020-11-05T09:08:20.2418796+07:00  [INF] Removing 0 device flow codes (171ba47d)
2020-11-05T09:08:50.3392102+07:00  [INF] Removing 0 grants (62cd9308)
2020-11-05T09:08:50.4091058+07:00  [INF] Removing 0 device flow codes (171ba47d)
2020-11-05T09:09:20.4395651+07:00  [INF] Removing 0 grants (62cd9308)
2020-11-05T09:09:20.4684800+07:00  [INF] Removing 0 device flow codes (171ba47d)
2020-11-05T09:09:50.5192978+07:00  [INF] Removing 0 grants (62cd9308)
2020-11-05T09:09:50.5276760+07:00  [INF] Removing 0 device flow codes (171ba47d)
2020-11-05T09:10:44.7757909+07:00  [INF] Removing 0 grants (62cd9308)
2020-11-05T09:10:44.7856844+07:00  [INF] Removing 0 device flow codes (171ba47d)
2020-11-05T09:11:14.8944453+07:00  [INF] Removing 0 grants (62cd9308)
2020-11-05T09:11:14.9457525+07:00  [INF] Removing 0 device flow codes (171ba47d)
2020-11-05T09:11:45.0714205+07:00  [INF] Removing 0 grants (62cd9308)
2020-11-05T09:11:45.0971115+07:00  [INF] Removing 0 device flow codes (171ba47d)
2020-11-05T09:11:51.7273201+07:00 80000015-0000-f700-b63f-84710c7967bb [INF] Invoking IdentityServer endpoint: "IdentityServer4.Endpoints.DiscoveryEndpoint" for "/.well-known/openid-configuration" (f7642de5)
2020-11-05T09:11:54.9433482+07:00 8000001a-0001-fa00-b63f-84710c7967bb [INF] Invoking IdentityServer endpoint: "IdentityServer4.Endpoints.DiscoveryKeyEndpoint" for "/.well-known/openid-configuration/jwks" (f7642de5)
2020-11-05T09:11:55.0644113+07:00 8000001c-0001-fa00-b63f-84710c7967bb [INF] Invoking IdentityServer endpoint: "IdentityServer4.Endpoints.TokenEndpoint" for "/connect/token" (f7642de5)
2020-11-05T09:11:57.8666583+07:00 8000001c-0001-fa00-b63f-84710c7967bb [INF] Credentials validated for username: "kreangkrai" (cb811aa7)
2020-11-05T09:11:58.3099471+07:00 8000001c-0001-fa00-b63f-84710c7967bb [INF] Token request validation success, TokenRequestValidationLog { ClientId: "cmsapp_spa", ClientName: null, GrantType: "password", Scopes: "cmsapp_api email offline_access openid phone profile roles", AuthorizationCode: null, RefreshToken: null, UserName: "kreangkrai", AuthenticationContextReferenceClasses: null, Tenant: null, IdP: null, Raw: [("username": "kreangkrai"), ("password": "***REDACTED***"), ("client_id": "cmsapp_spa"), ("grant_type": "password"), ("scope": "openid email phone profile offline_access roles cmsapp_api")] } (3a073258)
2020-11-05T09:12:09.5857116+07:00 8000000c-0001-fb00-b63f-84710c7967bb [INF] Invoking IdentityServer endpoint: "IdentityServer4.Endpoints.DiscoveryEndpoint" for "/.well-known/openid-configuration" (f7642de5)
2020-11-05T09:12:10.1319047+07:00 80000017-0000-f700-b63f-84710c7967bb [INF] Invoking IdentityServer endpoint: "IdentityServer4.Endpoints.DiscoveryKeyEndpoint" for "/.well-known/openid-configuration/jwks" (f7642de5)
2020-11-05T09:12:10.1685770+07:00 8000000e-0001-fb00-b63f-84710c7967bb [INF] Invoking IdentityServer endpoint: "IdentityServer4.Endpoints.TokenEndpoint" for "/connect/token" (f7642de5)
2020-11-05T09:12:10.4167619+07:00 8000000e-0001-fb00-b63f-84710c7967bb [INF] Credentials validated for username: "kreangkrai" (cb811aa7)
2020-11-05T09:12:10.4262119+07:00 8000000e-0001-fb00-b63f-84710c7967bb [INF] Token request validation success, TokenRequestValidationLog { ClientId: "cmsapp_spa", ClientName: null, GrantType: "password", Scopes: "cmsapp_api email offline_access openid phone profile roles", AuthorizationCode: null, RefreshToken: null, UserName: "kreangkrai", AuthenticationContextReferenceClasses: null, Tenant: null, IdP: null, Raw: [("username": "kreangkrai"), ("password": "***REDACTED***"), ("client_id": "cmsapp_spa"), ("grant_type": "password"), ("scope": "openid email phone profile offline_access roles cmsapp_api")] } (3a073258)
2020-11-05T09:12:17.9624808+07:00  [INF] Removing 0 grants (62cd9308)
2020-11-05T09:12:17.9754806+07:00  [INF] Removing 0 device flow codes (171ba47d)
2020-11-05T09:14:27.2472981+07:00  [INF] Removing 0 grants (62cd9308)
2020-11-05T09:14:27.2784938+07:00  [INF] Removing 0 device flow codes (171ba47d)
2020-11-05T09:41:38.2774293+07:00  [INF] Starting IdentityServer4 version "3.1.3.0" (8add0571)
2020-11-05T09:41:38.3165751+07:00  [INF] Using the default authentication scheme "Identity.Application" for IdentityServer (4a54f457)
2020-11-05T09:41:38.8391897+07:00  [INF] Application started. Press Ctrl+C to shut down. (dcaefe54)
2020-11-05T09:41:38.8432150+07:00  [INF] Hosting environment: "Development" (c3307c92)
2020-11-05T09:41:38.8526162+07:00  [INF] Content root path: "D:\CmsApp\CmsApp" (b5d60022)
2020-11-05T09:42:08.6208525+07:00  [INF] Removing 0 grants (62cd9308)
2020-11-05T09:42:08.7349784+07:00  [INF] Removing 0 device flow codes (171ba47d)
2020-11-05T09:42:38.8099108+07:00  [INF] Removing 0 grants (62cd9308)
2020-11-05T09:42:38.8360242+07:00  [INF] Removing 0 device flow codes (171ba47d)
2020-11-05T09:43:08.8557389+07:00  [INF] Removing 0 grants (62cd9308)
2020-11-05T09:43:08.8658669+07:00  [INF] Removing 0 device flow codes (171ba47d)
2020-11-05T09:43:43.1019692+07:00  [INF] Removing 0 grants (62cd9308)
2020-11-05T09:43:43.1265149+07:00  [INF] Removing 0 device flow codes (171ba47d)
2020-11-05T09:44:31.6151030+07:00  [INF] Removing 0 grants (62cd9308)
2020-11-05T09:44:31.6305877+07:00  [INF] Removing 0 device flow codes (171ba47d)
2020-11-05T09:45:14.1304586+07:00  [INF] Removing 0 grants (62cd9308)
2020-11-05T09:45:14.1675084+07:00  [INF] Removing 0 device flow codes (171ba47d)
2020-11-05T09:46:40.0881642+07:00  [INF] Removing 0 grants (62cd9308)
2020-11-05T09:46:40.2112014+07:00  [INF] Removing 0 device flow codes (171ba47d)
2020-11-05T09:47:13.7325415+07:00  [INF] Removing 0 grants (62cd9308)
2020-11-05T09:47:13.7437610+07:00  [INF] Removing 0 device flow codes (171ba47d)
2020-11-05T09:49:53.5644320+07:00  [INF] Removing 0 grants (62cd9308)
2020-11-05T09:49:53.5921508+07:00  [INF] Removing 0 device flow codes (171ba47d)
2020-11-05T09:50:35.7644551+07:00  [INF] Removing 0 grants (62cd9308)
2020-11-05T09:50:35.7869475+07:00  [INF] Removing 0 device flow codes (171ba47d)
2020-11-05T09:51:05.9441899+07:00  [INF] Removing 0 grants (62cd9308)
2020-11-05T09:51:05.9611405+07:00  [INF] Removing 0 device flow codes (171ba47d)
2020-11-05T09:51:38.0744338+07:00  [INF] Removing 0 grants (62cd9308)
2020-11-05T09:51:38.4333845+07:00  [INF] Removing 0 device flow codes (171ba47d)
2020-11-05T09:52:08.4504051+07:00  [INF] Removing 0 grants (62cd9308)
2020-11-05T09:52:08.4790840+07:00  [INF] Removing 0 device flow codes (171ba47d)
2020-11-05T09:52:39.0908032+07:00  [INF] Removing 0 grants (62cd9308)
2020-11-05T09:52:39.1206319+07:00  [INF] Removing 0 device flow codes (171ba47d)
2020-11-05T10:22:29.0223078+07:00  [INF] Starting IdentityServer4 version "3.1.3.0" (8add0571)
2020-11-05T10:22:29.1051075+07:00  [INF] Using the default authentication scheme "Identity.Application" for IdentityServer (4a54f457)
2020-11-05T10:22:29.6258632+07:00  [INF] Application started. Press Ctrl+C to shut down. (dcaefe54)
2020-11-05T10:22:29.6310876+07:00  [INF] Hosting environment: "Development" (c3307c92)
2020-11-05T10:22:29.6524253+07:00  [INF] Content root path: "D:\CmsApp\CmsApp" (b5d60022)
2020-11-05T10:23:00.4245495+07:00  [INF] Removing 2 grants (62cd9308)
2020-11-05T10:23:00.9688918+07:00  [INF] Removing 0 device flow codes (171ba47d)
2020-11-05T10:23:43.5454326+07:00  [INF] Removing 0 grants (62cd9308)
2020-11-05T10:23:43.5825491+07:00  [INF] Removing 0 device flow codes (171ba47d)
2020-11-05T10:25:34.8823032+07:00  [INF] Removing 0 grants (62cd9308)
2020-11-05T10:25:34.9114716+07:00  [INF] Removing 0 device flow codes (171ba47d)
2020-11-05T10:26:05.1267923+07:00  [INF] Removing 0 grants (62cd9308)
2020-11-05T10:26:05.1491122+07:00  [INF] Removing 0 device flow codes (171ba47d)
2020-11-05T10:26:35.1887161+07:00  [INF] Removing 0 grants (62cd9308)
2020-11-05T10:26:35.2116667+07:00  [INF] Removing 0 device flow codes (171ba47d)
2020-11-05T10:27:05.2375730+07:00  [INF] Removing 0 grants (62cd9308)
2020-11-05T10:27:05.2615331+07:00  [INF] Removing 0 device flow codes (171ba47d)
2020-11-05T10:27:35.2805937+07:00  [INF] Removing 0 grants (62cd9308)
2020-11-05T10:27:35.3092743+07:00  [INF] Removing 0 device flow codes (171ba47d)
2020-11-05T10:28:05.9958786+07:00  [INF] Removing 0 grants (62cd9308)
2020-11-05T10:28:06.0494684+07:00  [INF] Removing 0 device flow codes (171ba47d)
2020-11-05T10:28:36.0935023+07:00  [INF] Removing 0 grants (62cd9308)
2020-11-05T10:28:36.1275489+07:00  [INF] Removing 0 device flow codes (171ba47d)
2020-11-05T10:29:06.2174997+07:00  [INF] Removing 0 grants (62cd9308)
2020-11-05T10:29:06.3334396+07:00  [INF] Removing 0 device flow codes (171ba47d)
2020-11-05T10:29:36.5739797+07:00  [INF] Removing 0 grants (62cd9308)
2020-11-05T10:29:36.5840219+07:00  [INF] Removing 0 device flow codes (171ba47d)
2020-11-05T10:30:06.6038091+07:00  [INF] Removing 0 grants (62cd9308)
2020-11-05T10:30:06.6293557+07:00  [INF] Removing 0 device flow codes (171ba47d)
2020-11-05T10:30:36.6677976+07:00  [INF] Removing 0 grants (62cd9308)
2020-11-05T10:30:36.6918585+07:00  [INF] Removing 0 device flow codes (171ba47d)
2020-11-05T10:31:06.7402957+07:00  [INF] Removing 0 grants (62cd9308)
2020-11-05T10:31:06.7820966+07:00  [INF] Removing 0 device flow codes (171ba47d)
2020-11-05T10:31:36.7993029+07:00  [INF] Removing 0 grants (62cd9308)
2020-11-05T10:31:36.8159065+07:00  [INF] Removing 0 device flow codes (171ba47d)
2020-11-05T10:32:06.8790480+07:00  [INF] Removing 0 grants (62cd9308)
2020-11-05T10:32:06.9557811+07:00  [INF] Removing 0 device flow codes (171ba47d)
2020-11-05T10:32:36.9870229+07:00  [INF] Removing 0 grants (62cd9308)
2020-11-05T10:32:37.0137451+07:00  [INF] Removing 0 device flow codes (171ba47d)
2020-11-05T10:33:07.0470410+07:00  [INF] Removing 0 grants (62cd9308)
2020-11-05T10:33:07.0703498+07:00  [INF] Removing 0 device flow codes (171ba47d)
2020-11-05T10:33:37.0990451+07:00  [INF] Removing 0 grants (62cd9308)
2020-11-05T10:33:37.1218438+07:00  [INF] Removing 0 device flow codes (171ba47d)
2020-11-05T10:34:07.1918458+07:00  [INF] Removing 0 grants (62cd9308)
2020-11-05T10:34:07.2149134+07:00  [INF] Removing 0 device flow codes (171ba47d)
2020-11-05T10:34:37.2500900+07:00  [INF] Removing 0 grants (62cd9308)
2020-11-05T10:34:37.2739391+07:00  [INF] Removing 0 device flow codes (171ba47d)
2020-11-05T10:35:07.2833746+07:00  [INF] Removing 0 grants (62cd9308)
2020-11-05T10:35:07.3056506+07:00  [INF] Removing 0 device flow codes (171ba47d)
2020-11-05T10:35:37.3203801+07:00  [INF] Removing 0 grants (62cd9308)
2020-11-05T10:35:37.3796286+07:00  [INF] Removing 0 device flow codes (171ba47d)
2020-11-05T10:36:07.4038773+07:00  [INF] Removing 0 grants (62cd9308)
2020-11-05T10:36:07.4321188+07:00  [INF] Removing 0 device flow codes (171ba47d)
2020-11-05T10:36:37.4952301+07:00  [INF] Removing 0 grants (62cd9308)
2020-11-05T10:36:37.5133555+07:00  [INF] Removing 0 device flow codes (171ba47d)
2020-11-05T10:37:13.0548754+07:00  [INF] Removing 0 grants (62cd9308)
2020-11-05T10:37:13.0819910+07:00  [INF] Removing 0 device flow codes (171ba47d)
2020-11-05T10:37:43.1147617+07:00  [INF] Removing 0 grants (62cd9308)
2020-11-05T10:37:43.1363142+07:00  [INF] Removing 0 device flow codes (171ba47d)
2020-11-05T10:38:13.1688932+07:00  [INF] Removing 0 grants (62cd9308)
2020-11-05T10:38:13.1788185+07:00  [INF] Removing 0 device flow codes (171ba47d)
2020-11-05T10:38:43.1955497+07:00  [INF] Removing 0 grants (62cd9308)
2020-11-05T10:38:43.2070751+07:00  [INF] Removing 0 device flow codes (171ba47d)
2020-11-05T10:39:13.2268886+07:00  [INF] Removing 0 grants (62cd9308)
2020-11-05T10:39:13.2400695+07:00  [INF] Removing 0 device flow codes (171ba47d)
2020-11-05T10:39:43.2517697+07:00  [INF] Removing 0 grants (62cd9308)
2020-11-05T10:39:43.2604847+07:00  [INF] Removing 0 device flow codes (171ba47d)
2020-11-05T10:40:13.3031345+07:00  [INF] Removing 0 grants (62cd9308)
2020-11-05T10:40:13.3251946+07:00  [INF] Removing 0 device flow codes (171ba47d)
2020-11-05T10:40:43.3590641+07:00  [INF] Removing 0 grants (62cd9308)
2020-11-05T10:40:43.3817614+07:00  [INF] Removing 0 device flow codes (171ba47d)
2020-11-05T10:41:13.3971363+07:00  [INF] Removing 0 grants (62cd9308)
2020-11-05T10:41:13.4061947+07:00  [INF] Removing 0 device flow codes (171ba47d)
2020-11-05T10:41:43.4186728+07:00  [INF] Removing 0 grants (62cd9308)
2020-11-05T10:41:43.4295665+07:00  [INF] Removing 0 device flow codes (171ba47d)
2020-11-05T10:42:13.4437738+07:00  [INF] Removing 0 grants (62cd9308)
2020-11-05T10:42:13.4530711+07:00  [INF] Removing 0 device flow codes (171ba47d)
2020-11-05T10:42:43.5021318+07:00  [INF] Removing 0 grants (62cd9308)
2020-11-05T10:42:43.5102762+07:00  [INF] Removing 0 device flow codes (171ba47d)
2020-11-05T10:43:13.5468201+07:00  [INF] Removing 0 grants (62cd9308)
2020-11-05T10:43:13.5703077+07:00  [INF] Removing 0 device flow codes (171ba47d)
2020-11-05T10:43:43.5957665+07:00  [INF] Removing 0 grants (62cd9308)
2020-11-05T10:43:43.6059851+07:00  [INF] Removing 0 device flow codes (171ba47d)
2020-11-05T10:44:13.6439610+07:00  [INF] Removing 0 grants (62cd9308)
2020-11-05T10:44:13.6546735+07:00  [INF] Removing 0 device flow codes (171ba47d)
2020-11-05T10:44:43.6798543+07:00  [INF] Removing 0 grants (62cd9308)
2020-11-05T10:44:43.6921136+07:00  [INF] Removing 0 device flow codes (171ba47d)
2020-11-05T10:45:13.7246045+07:00  [INF] Removing 0 grants (62cd9308)
2020-11-05T10:45:13.7468521+07:00  [INF] Removing 0 device flow codes (171ba47d)
2020-11-05T10:45:43.7750178+07:00  [INF] Removing 0 grants (62cd9308)
2020-11-05T10:45:43.7992506+07:00  [INF] Removing 0 device flow codes (171ba47d)
2020-11-05T10:46:13.8196677+07:00  [INF] Removing 0 grants (62cd9308)
2020-11-05T10:46:13.8276582+07:00  [INF] Removing 0 device flow codes (171ba47d)
2020-11-05T10:46:43.8563401+07:00  [INF] Removing 0 grants (62cd9308)
2020-11-05T10:46:43.8625493+07:00  [INF] Removing 0 device flow codes (171ba47d)
2020-11-05T10:47:13.9140331+07:00  [INF] Removing 0 grants (62cd9308)
2020-11-05T10:47:13.9309579+07:00  [INF] Removing 0 device flow codes (171ba47d)
2020-11-05T10:47:43.9567853+07:00  [INF] Removing 0 grants (62cd9308)
2020-11-05T10:47:43.9696133+07:00  [INF] Removing 0 device flow codes (171ba47d)
2020-11-05T10:48:14.0055685+07:00  [INF] Removing 0 grants (62cd9308)
2020-11-05T10:48:14.0224099+07:00  [INF] Removing 0 device flow codes (171ba47d)
2020-11-05T10:48:44.0566125+07:00  [INF] Removing 0 grants (62cd9308)
2020-11-05T10:48:44.0771863+07:00  [INF] Removing 0 device flow codes (171ba47d)
2020-11-05T10:49:14.1109978+07:00  [INF] Removing 0 grants (62cd9308)
2020-11-05T10:49:14.1324453+07:00  [INF] Removing 0 device flow codes (171ba47d)
2020-11-05T10:49:44.1643744+07:00  [INF] Removing 0 grants (62cd9308)
2020-11-05T10:49:44.1980649+07:00  [INF] Removing 0 device flow codes (171ba47d)
2020-11-05T10:50:14.2307823+07:00  [INF] Removing 0 grants (62cd9308)
2020-11-05T10:50:14.2410818+07:00  [INF] Removing 0 device flow codes (171ba47d)
2020-11-05T10:50:44.2728029+07:00  [INF] Removing 0 grants (62cd9308)
2020-11-05T10:50:44.2822997+07:00  [INF] Removing 0 device flow codes (171ba47d)
2020-11-05T10:51:14.2999448+07:00  [INF] Removing 0 grants (62cd9308)
2020-11-05T10:51:14.3088921+07:00  [INF] Removing 0 device flow codes (171ba47d)
2020-11-05T10:51:44.3403018+07:00  [INF] Removing 0 grants (62cd9308)
2020-11-05T10:51:44.3589509+07:00  [INF] Removing 0 device flow codes (171ba47d)
2020-11-05T10:52:14.3822274+07:00  [INF] Removing 0 grants (62cd9308)
2020-11-05T10:52:14.3905391+07:00  [INF] Removing 0 device flow codes (171ba47d)
2020-11-05T10:52:44.4325285+07:00  [INF] Removing 0 grants (62cd9308)
2020-11-05T10:52:44.4417516+07:00  [INF] Removing 0 device flow codes (171ba47d)
2020-11-05T10:53:14.4864360+07:00  [INF] Removing 0 grants (62cd9308)
2020-11-05T10:53:14.5081329+07:00  [INF] Removing 0 device flow codes (171ba47d)
2020-11-05T10:53:44.5323087+07:00  [INF] Removing 0 grants (62cd9308)
2020-11-05T10:53:44.5406948+07:00  [INF] Removing 0 device flow codes (171ba47d)
2020-11-05T10:54:14.5615747+07:00  [INF] Removing 0 grants (62cd9308)
2020-11-05T10:54:14.5812344+07:00  [INF] Removing 0 device flow codes (171ba47d)
2020-11-05T10:54:44.6204809+07:00  [INF] Removing 0 grants (62cd9308)
2020-11-05T10:54:44.6292093+07:00  [INF] Removing 0 device flow codes (171ba47d)
2020-11-05T10:55:15.4681775+07:00  [INF] Removing 0 grants (62cd9308)
2020-11-05T10:55:15.5481830+07:00  [INF] Removing 0 device flow codes (171ba47d)
2020-11-05T10:55:45.5781037+07:00  [INF] Removing 0 grants (62cd9308)
2020-11-05T10:55:45.5927154+07:00  [INF] Removing 0 device flow codes (171ba47d)
2020-11-05T10:56:15.6662703+07:00  [INF] Removing 1 grants (62cd9308)
2020-11-05T10:56:15.7884280+07:00  [INF] Removing 0 device flow codes (171ba47d)
2020-11-05T10:56:45.8168083+07:00  [INF] Removing 0 grants (62cd9308)
2020-11-05T10:56:45.9304624+07:00  [INF] Removing 0 device flow codes (171ba47d)
2020-11-05T10:57:15.9699467+07:00  [INF] Removing 0 grants (62cd9308)
2020-11-05T10:57:15.9911922+07:00  [INF] Removing 0 device flow codes (171ba47d)
2020-11-05T10:57:46.3943713+07:00  [INF] Removing 0 grants (62cd9308)
2020-11-05T10:57:46.4496030+07:00  [INF] Removing 0 device flow codes (171ba47d)
2020-11-05T10:58:16.4730040+07:00  [INF] Removing 0 grants (62cd9308)
2020-11-05T10:58:16.5205443+07:00  [INF] Removing 0 device flow codes (171ba47d)
2020-11-05T10:58:46.5521945+07:00  [INF] Removing 0 grants (62cd9308)
2020-11-05T10:58:46.5758692+07:00  [INF] Removing 0 device flow codes (171ba47d)
2020-11-05T10:59:16.6145255+07:00  [INF] Removing 0 grants (62cd9308)
2020-11-05T10:59:16.6336637+07:00  [INF] Removing 0 device flow codes (171ba47d)
2020-11-05T10:59:48.4345669+07:00  [INF] Removing 0 grants (62cd9308)
2020-11-05T10:59:48.4549903+07:00  [INF] Removing 0 device flow codes (171ba47d)
2020-11-05T11:00:18.4662410+07:00  [INF] Removing 0 grants (62cd9308)
2020-11-05T11:00:18.4760067+07:00  [INF] Removing 0 device flow codes (171ba47d)
2020-11-05T11:00:48.5332240+07:00  [INF] Removing 0 grants (62cd9308)
2020-11-05T11:00:48.5420387+07:00  [INF] Removing 0 device flow codes (171ba47d)
2020-11-05T11:01:18.5874686+07:00  [INF] Removing 0 grants (62cd9308)
2020-11-05T11:01:18.5959284+07:00  [INF] Removing 0 device flow codes (171ba47d)
2020-11-05T11:01:48.6196642+07:00  [INF] Removing 0 grants (62cd9308)
2020-11-05T11:01:48.6277418+07:00  [INF] Removing 0 device flow codes (171ba47d)
2020-11-05T11:02:18.6513921+07:00  [INF] Removing 0 grants (62cd9308)
2020-11-05T11:02:18.6811673+07:00  [INF] Removing 0 device flow codes (171ba47d)
2020-11-05T11:02:48.7017203+07:00  [INF] Removing 0 grants (62cd9308)
2020-11-05T11:02:48.7105997+07:00  [INF] Removing 0 device flow codes (171ba47d)
2020-11-05T11:03:18.7272491+07:00  [INF] Removing 0 grants (62cd9308)
2020-11-05T11:03:18.7484543+07:00  [INF] Removing 0 device flow codes (171ba47d)
2020-11-05T11:03:48.7968942+07:00  [INF] Removing 0 grants (62cd9308)
2020-11-05T11:03:48.8179616+07:00  [INF] Removing 0 device flow codes (171ba47d)
2020-11-05T11:04:18.8504906+07:00  [INF] Removing 0 grants (62cd9308)
2020-11-05T11:04:18.8587337+07:00  [INF] Removing 0 device flow codes (171ba47d)
2020-11-05T11:04:48.8786595+07:00  [INF] Removing 0 grants (62cd9308)
2020-11-05T11:04:48.9137512+07:00  [INF] Removing 0 device flow codes (171ba47d)
2020-11-05T11:05:18.9352697+07:00  [INF] Removing 0 grants (62cd9308)
2020-11-05T11:05:18.9450025+07:00  [INF] Removing 0 device flow codes (171ba47d)
2020-11-05T11:06:09.6338933+07:00  [INF] Starting IdentityServer4 version "3.1.3.0" (8add0571)
2020-11-05T11:06:09.6644504+07:00  [INF] Using the default authentication scheme "Identity.Application" for IdentityServer (4a54f457)
2020-11-05T11:06:10.2786657+07:00  [INF] Application started. Press Ctrl+C to shut down. (dcaefe54)
2020-11-05T11:06:10.2949073+07:00  [INF] Hosting environment: "Development" (c3307c92)
2020-11-05T11:06:10.2975912+07:00  [INF] Content root path: "D:\CmsApp\CmsApp" (b5d60022)
2020-11-05T11:07:30.1818481+07:00  [INF] Starting IdentityServer4 version "3.1.3.0" (8add0571)
2020-11-05T11:07:30.2618274+07:00  [INF] Using the default authentication scheme "Identity.Application" for IdentityServer (4a54f457)
2020-11-05T11:07:30.8793470+07:00  [INF] Application started. Press Ctrl+C to shut down. (dcaefe54)
2020-11-05T11:07:31.0325658+07:00  [INF] Hosting environment: "Development" (c3307c92)
2020-11-05T11:07:31.0538297+07:00  [INF] Content root path: "D:\CmsApp\CmsApp" (b5d60022)
2020-11-05T11:08:02.9082066+07:00  [INF] Removing 0 grants (62cd9308)
2020-11-05T11:08:03.0602876+07:00  [INF] Removing 0 device flow codes (171ba47d)
2020-11-05T11:08:33.1512396+07:00  [INF] Removing 0 grants (62cd9308)
2020-11-05T11:08:33.1645548+07:00  [INF] Removing 0 device flow codes (171ba47d)
2020-11-05T11:09:03.1922617+07:00  [INF] Removing 0 grants (62cd9308)
2020-11-05T11:09:03.2016072+07:00  [INF] Removing 0 device flow codes (171ba47d)
2020-11-05T11:09:33.2380637+07:00  [INF] Removing 0 grants (62cd9308)
2020-11-05T11:09:33.2788203+07:00  [INF] Removing 0 device flow codes (171ba47d)
2020-11-05T11:10:11.4061728+07:00  [INF] Removing 0 grants (62cd9308)
2020-11-05T11:10:11.4251164+07:00  [INF] Removing 0 device flow codes (171ba47d)
2020-11-05T11:10:45.2878268+07:00  [INF] Removing 0 grants (62cd9308)
2020-11-05T11:10:55.8853398+07:00  [INF] Removing 0 device flow codes (171ba47d)
2020-11-05T11:11:26.6357233+07:00  [INF] Removing 0 grants (62cd9308)
2020-11-05T11:11:26.6718255+07:00  [INF] Removing 0 device flow codes (171ba47d)
2020-11-05T11:11:56.8595515+07:00  [INF] Removing 0 grants (62cd9308)
2020-11-05T11:11:56.8690144+07:00  [INF] Removing 0 device flow codes (171ba47d)
2020-11-05T11:12:42.0224689+07:00  [INF] Removing 0 grants (62cd9308)
2020-11-05T11:12:42.0348694+07:00  [INF] Removing 0 device flow codes (171ba47d)
2020-11-05T11:13:12.5337644+07:00  [INF] Removing 0 grants (62cd9308)
2020-11-05T11:13:12.5605453+07:00  [INF] Removing 0 device flow codes (171ba47d)
2020-11-05T11:13:45.8303343+07:00  [INF] Removing 0 grants (62cd9308)
2020-11-05T11:13:45.8479118+07:00  [INF] Removing 0 device flow codes (171ba47d)
2020-11-05T11:14:17.4874180+07:00  [INF] Removing 0 grants (62cd9308)
2020-11-05T11:14:17.8168189+07:00  [INF] Removing 0 device flow codes (171ba47d)
2020-11-05T13:12:50.1273450+07:00  [INF] Starting IdentityServer4 version "3.1.3.0" (8add0571)
2020-11-05T13:12:50.1931831+07:00  [INF] Using the default authentication scheme "Identity.Application" for IdentityServer (4a54f457)
2020-11-05T13:12:50.6556144+07:00  [INF] Application started. Press Ctrl+C to shut down. (dcaefe54)
2020-11-05T13:12:50.6596813+07:00  [INF] Hosting environment: "Development" (c3307c92)
2020-11-05T13:12:50.6670996+07:00  [INF] Content root path: "D:\CmsApp\CmsApp" (b5d60022)
2020-11-05T13:13:20.2563085+07:00  [INF] Removing 0 grants (62cd9308)
2020-11-05T13:13:20.2986850+07:00  [INF] Removing 0 device flow codes (171ba47d)
2020-11-05T13:13:50.3884473+07:00  [INF] Removing 0 grants (62cd9308)
2020-11-05T13:13:50.4161444+07:00  [INF] Removing 0 device flow codes (171ba47d)
2020-11-05T13:14:07.7202164+07:00  [ERR] ERROR in src/app/components/controls/user-info.component.ts:213:7 - error TS2339: Property 'this' does not exist on type 'AccountService'.

213       this.accountService.updateUser(this.userEdit).subscribe(response => this.saveSuccessHelper(), error => this.saveFailedHelper(error));
          ~~~~

 (0c8167a1)
2020-11-05T13:14:20.4743025+07:00  [INF] Removing 0 grants (62cd9308)
2020-11-05T13:14:20.5076417+07:00  [INF] Removing 0 device flow codes (171ba47d)
2020-11-05T13:21:10.9622966+07:00  [INF] Starting IdentityServer4 version "3.1.3.0" (8add0571)
2020-11-05T13:21:11.0139865+07:00  [INF] Using the default authentication scheme "Identity.Application" for IdentityServer (4a54f457)
2020-11-05T13:21:11.3999641+07:00  [INF] Application started. Press Ctrl+C to shut down. (dcaefe54)
2020-11-05T13:21:11.4201825+07:00  [INF] Hosting environment: "Development" (c3307c92)
2020-11-05T13:21:11.4250791+07:00  [INF] Content root path: "D:\CmsApp\CmsApp" (b5d60022)
2020-11-05T13:21:41.4432916+07:00  [INF] Removing 0 grants (62cd9308)
2020-11-05T13:21:41.5574695+07:00  [INF] Removing 0 device flow codes (171ba47d)
2020-11-05T13:22:11.5905031+07:00  [INF] Removing 0 grants (62cd9308)
2020-11-05T13:22:11.5987906+07:00  [INF] Removing 0 device flow codes (171ba47d)
2020-11-05T13:22:41.6441635+07:00  [INF] Removing 0 grants (62cd9308)
2020-11-05T13:22:41.6638120+07:00  [INF] Removing 0 device flow codes (171ba47d)
2020-11-05T13:23:11.7004444+07:00  [INF] Removing 0 grants (62cd9308)
2020-11-05T13:23:11.7117688+07:00  [INF] Removing 0 device flow codes (171ba47d)
2020-11-05T13:23:41.7646025+07:00  [INF] Removing 0 grants (62cd9308)
2020-11-05T13:23:41.7924019+07:00  [INF] Removing 0 device flow codes (171ba47d)
2020-11-05T13:24:09.5157645+07:00 80000019-0000-f900-b63f-84710c7967bb [INF] Invoking IdentityServer endpoint: "IdentityServer4.Endpoints.DiscoveryEndpoint" for "/.well-known/openid-configuration" (f7642de5)
2020-11-05T13:24:11.4510885+07:00 8000001a-0000-f900-b63f-84710c7967bb [INF] Invoking IdentityServer endpoint: "IdentityServer4.Endpoints.DiscoveryKeyEndpoint" for "/.well-known/openid-configuration/jwks" (f7642de5)
2020-11-05T13:24:11.8044730+07:00  [INF] Removing 0 grants (62cd9308)
2020-11-05T13:24:11.8406743+07:00  [INF] Removing 0 device flow codes (171ba47d)
2020-11-05T13:24:12.1087927+07:00 80000013-0001-f300-b63f-84710c7967bb [INF] "Bearer" was not authenticated. Failure message: "IDX10223: Lifetime validation failed. The token is expired. ValidTo: '[PII is hidden. For more details, see https://aka.ms/IdentityModel/PII.]', Current time: '[PII is hidden. For more details, see https://aka.ms/IdentityModel/PII.]'." (48071232)
2020-11-05T13:24:12.1087926+07:00 80000054-0001-f500-b63f-84710c7967bb [INF] "Bearer" was not authenticated. Failure message: "IDX10223: Lifetime validation failed. The token is expired. ValidTo: '[PII is hidden. For more details, see https://aka.ms/IdentityModel/PII.]', Current time: '[PII is hidden. For more details, see https://aka.ms/IdentityModel/PII.]'." (48071232)
2020-11-05T13:24:12.1440863+07:00 80000013-0001-f300-b63f-84710c7967bb [INF] AuthenticationScheme: "Bearer" was challenged. (d45f1f38)
2020-11-05T13:24:12.1440898+07:00 80000054-0001-f500-b63f-84710c7967bb [INF] AuthenticationScheme: "Bearer" was challenged. (d45f1f38)
2020-11-05T13:24:12.3047921+07:00 8000007e-0002-f100-b63f-84710c7967bb [INF] Invoking IdentityServer endpoint: "IdentityServer4.Endpoints.DiscoveryEndpoint" for "/.well-known/openid-configuration" (f7642de5)
2020-11-05T13:24:12.5074249+07:00 80000040-0003-f800-b63f-84710c7967bb [INF] Invoking IdentityServer endpoint: "IdentityServer4.Endpoints.DiscoveryKeyEndpoint" for "/.well-known/openid-configuration/jwks" (f7642de5)
2020-11-05T13:24:12.8285545+07:00 80000036-0000-fb00-b63f-84710c7967bb [INF] Invoking IdentityServer endpoint: "IdentityServer4.Endpoints.TokenEndpoint" for "/connect/token" (f7642de5)
2020-11-05T13:24:15.4032384+07:00 80000036-0000-fb00-b63f-84710c7967bb [INF] Token request validation success, TokenRequestValidationLog { ClientId: "cmsapp_spa", ClientName: null, GrantType: "refresh_token", Scopes: null, AuthorizationCode: null, RefreshToken: "PMty4xXqSif4p467mLBlTCEjmGxBVfikOGowqCfG9YQ", UserName: null, AuthenticationContextReferenceClasses: null, Tenant: null, IdP: null, Raw: [("refresh_token": "***REDACTED***"), ("client_id": "cmsapp_spa"), ("grant_type": "refresh_token")] } (3a073258)
2020-11-05T13:24:41.8646534+07:00  [INF] Removing 0 grants (62cd9308)
2020-11-05T13:24:41.8826644+07:00  [INF] Removing 0 device flow codes (171ba47d)
2020-11-05T13:25:11.9239994+07:00  [INF] Removing 0 grants (62cd9308)
2020-11-05T13:25:11.9382614+07:00  [INF] Removing 0 device flow codes (171ba47d)
2020-11-05T13:25:41.9655343+07:00  [INF] Removing 0 grants (62cd9308)
2020-11-05T13:25:41.9873116+07:00  [INF] Removing 0 device flow codes (171ba47d)
2020-11-05T13:26:12.0174064+07:00  [INF] Removing 0 grants (62cd9308)
2020-11-05T13:26:12.0262011+07:00  [INF] Removing 0 device flow codes (171ba47d)
2020-11-05T13:26:42.1000707+07:00  [INF] Removing 0 grants (62cd9308)
2020-11-05T13:26:42.1264129+07:00  [INF] Removing 0 device flow codes (171ba47d)
2020-11-05T13:27:12.1580986+07:00  [INF] Removing 0 grants (62cd9308)
2020-11-05T13:27:12.1907285+07:00  [INF] Removing 0 device flow codes (171ba47d)
2020-11-05T13:27:42.2182764+07:00  [INF] Removing 0 grants (62cd9308)
2020-11-05T13:27:42.2618539+07:00  [INF] Removing 0 device flow codes (171ba47d)
2020-11-05T13:28:12.3077068+07:00  [INF] Removing 0 grants (62cd9308)
2020-11-05T13:28:12.3170422+07:00  [INF] Removing 0 device flow codes (171ba47d)
2020-11-05T13:28:44.9209942+07:00  [INF] Removing 0 grants (62cd9308)
2020-11-05T13:28:45.1364517+07:00  [INF] Removing 0 device flow codes (171ba47d)
2020-11-05T13:29:15.1958485+07:00  [INF] Removing 0 grants (62cd9308)
2020-11-05T13:29:15.2053978+07:00  [INF] Removing 0 device flow codes (171ba47d)
2020-11-05T13:29:45.2239132+07:00  [INF] Removing 0 grants (62cd9308)
2020-11-05T13:29:45.2353781+07:00  [INF] Removing 0 device flow codes (171ba47d)
2020-11-05T13:30:32.9866880+07:00  [INF] Starting IdentityServer4 version "3.1.3.0" (8add0571)
2020-11-05T13:30:33.0208288+07:00  [INF] Using the default authentication scheme "Identity.Application" for IdentityServer (4a54f457)
2020-11-05T13:30:33.6806372+07:00  [INF] Application started. Press Ctrl+C to shut down. (dcaefe54)
2020-11-05T13:30:33.7113742+07:00  [INF] Hosting environment: "Development" (c3307c92)
2020-11-05T13:30:33.7192663+07:00  [INF] Content root path: "D:\CmsApp\CmsApp" (b5d60022)
2020-11-05T13:31:03.1775794+07:00  [INF] Removing 0 grants (62cd9308)
2020-11-05T13:31:03.2033084+07:00  [INF] Removing 0 device flow codes (171ba47d)
2020-11-05T13:31:33.2656843+07:00  [INF] Removing 0 grants (62cd9308)
2020-11-05T13:31:33.2791008+07:00  [INF] Removing 0 device flow codes (171ba47d)
2020-11-05T13:32:03.3898113+07:00  [INF] Removing 0 grants (62cd9308)
2020-11-05T13:32:03.4551218+07:00  [INF] Removing 0 device flow codes (171ba47d)
2020-11-05T13:32:33.4892509+07:00  [INF] Removing 0 grants (62cd9308)
2020-11-05T13:32:33.5062649+07:00  [INF] Removing 0 device flow codes (171ba47d)
2020-11-05T13:51:06.5494345+07:00  [INF] Removing 0 grants (62cd9308)
2020-11-05T13:51:06.5616791+07:00  [INF] Removing 0 device flow codes (171ba47d)
2020-11-05T13:51:21.9620118+07:00 80000021-0000-f900-b63f-84710c7967bb [INF] Invoking IdentityServer endpoint: "IdentityServer4.Endpoints.DiscoveryEndpoint" for "/.well-known/openid-configuration" (f7642de5)
2020-11-05T13:51:24.5215342+07:00 80000022-0000-f900-b63f-84710c7967bb [INF] Invoking IdentityServer endpoint: "IdentityServer4.Endpoints.DiscoveryKeyEndpoint" for "/.well-known/openid-configuration/jwks" (f7642de5)
2020-11-05T13:51:37.3849833+07:00  [INF] Removing 0 grants (62cd9308)
2020-11-05T13:51:37.3982019+07:00  [INF] Removing 0 device flow codes (171ba47d)
2020-11-05T14:43:15.1033194+07:00  [INF] Removing 0 grants (62cd9308)
2020-11-05T14:43:15.1151472+07:00  [INF] Removing 0 device flow codes (171ba47d)
