2020-09-30T11:15:36.4412217+07:00  [INF] Starting IdentityServer4 version "3.1.3.0" (8add0571)
2020-09-30T11:15:36.5077551+07:00  [INF] Using the default authentication scheme "Identity.Application" for IdentityServer (4a54f457)
2020-09-30T11:15:37.3727141+07:00  [INF] Application started. Press Ctrl+C to shut down. (dcaefe54)
2020-09-30T11:15:37.3760361+07:00  [INF] Hosting environment: "Development" (c3307c92)
2020-09-30T11:15:37.3817857+07:00  [INF] Content root path: "D:\CmsApp\CmsApp" (b5d60022)
2020-09-30T11:16:06.7549591+07:00  [INF] Removing 2 grants (62cd9308)
2020-09-30T11:16:07.4425846+07:00  [INF] Removing 0 device flow codes (171ba47d)
2020-09-30T11:23:39.0097928+07:00  [INF] Starting IdentityServer4 version "3.1.3.0" (8add0571)
2020-09-30T11:23:39.0613338+07:00  [INF] Using the default authentication scheme "Identity.Application" for IdentityServer (4a54f457)
2020-09-30T11:23:39.3927239+07:00  [INF] Application started. Press Ctrl+C to shut down. (dcaefe54)
2020-09-30T11:23:39.4083329+07:00  [INF] Hosting environment: "Development" (c3307c92)
2020-09-30T11:23:39.4235862+07:00  [INF] Content root path: "D:\CmsApp\CmsApp" (b5d60022)
2020-09-30T11:24:09.3067625+07:00  [INF] Removing 0 grants (62cd9308)
2020-09-30T11:24:09.3512026+07:00  [INF] Removing 0 device flow codes (171ba47d)
2020-09-30T11:24:39.3879134+07:00  [INF] Removing 0 grants (62cd9308)
2020-09-30T11:24:39.4251449+07:00  [INF] Removing 0 device flow codes (171ba47d)
2020-09-30T11:25:09.4612058+07:00  [INF] Removing 0 grants (62cd9308)
2020-09-30T11:25:09.4757475+07:00  [INF] Removing 0 device flow codes (171ba47d)
2020-09-30T11:25:12.8037404+07:00 8000001a-0000-fc00-b63f-84710c7967bb [INF] Invoking IdentityServer endpoint: "IdentityServer4.Endpoints.DiscoveryEndpoint" for "/.well-known/openid-configuration" (f7642de5)
2020-09-30T11:25:13.8554527+07:00 8000000a-0002-f900-b63f-84710c7967bb [INF] Invoking IdentityServer endpoint: "IdentityServer4.Endpoints.DiscoveryKeyEndpoint" for "/.well-known/openid-configuration/jwks" (f7642de5)
2020-09-30T11:25:13.9177827+07:00 8000000c-0003-fb00-b63f-84710c7967bb [INF] Invoking IdentityServer endpoint: "IdentityServer4.Endpoints.TokenEndpoint" for "/connect/token" (f7642de5)
2020-09-30T11:25:14.9407446+07:00 8000000c-0003-fb00-b63f-84710c7967bb [INF] Credentials validated for username: "user" (cb811aa7)
2020-09-30T11:25:15.0380268+07:00 8000000c-0003-fb00-b63f-84710c7967bb [INF] Token request validation success, TokenRequestValidationLog { ClientId: "quickapp_spa", ClientName: null, GrantType: "password", Scopes: "email offline_access openid phone profile quickapp_api roles", AuthorizationCode: null, RefreshToken: null, UserName: "user", AuthenticationContextReferenceClasses: null, Tenant: null, IdP: null, Raw: [("username": "user"), ("password": "***REDACTED***"), ("client_id": "quickapp_spa"), ("grant_type": "password"), ("scope": "openid email phone profile offline_access roles quickapp_api")] } (3a073258)
2020-09-30T11:25:39.5040998+07:00  [INF] Removing 0 grants (62cd9308)
2020-09-30T11:25:39.5256246+07:00  [INF] Removing 0 device flow codes (171ba47d)
2020-09-30T11:26:09.5494636+07:00  [INF] Removing 0 grants (62cd9308)
2020-09-30T11:26:09.5635063+07:00  [INF] Removing 0 device flow codes (171ba47d)
2020-09-30T11:26:39.5912062+07:00  [INF] Removing 0 grants (62cd9308)
2020-09-30T11:26:39.6070316+07:00  [INF] Removing 0 device flow codes (171ba47d)
2020-09-30T11:27:09.6397921+07:00  [INF] Removing 0 grants (62cd9308)
2020-09-30T11:27:09.6636703+07:00  [INF] Removing 0 device flow codes (171ba47d)
2020-09-30T11:27:39.6756505+07:00  [INF] Removing 0 grants (62cd9308)
2020-09-30T11:27:39.6875380+07:00  [INF] Removing 0 device flow codes (171ba47d)
2020-09-30T11:28:09.7034352+07:00  [INF] Removing 0 grants (62cd9308)
2020-09-30T11:28:09.7153633+07:00  [INF] Removing 0 device flow codes (171ba47d)
2020-09-30T11:28:39.7420341+07:00  [INF] Removing 0 grants (62cd9308)
2020-09-30T11:28:39.7545873+07:00  [INF] Removing 0 device flow codes (171ba47d)
2020-09-30T11:29:09.7652323+07:00  [INF] Removing 0 grants (62cd9308)
2020-09-30T11:29:09.7975600+07:00  [INF] Removing 0 device flow codes (171ba47d)
2020-09-30T11:43:25.8335101+07:00  [INF] Starting IdentityServer4 version "3.1.3.0" (8add0571)
2020-09-30T11:43:25.8620433+07:00  [INF] Using the default authentication scheme "Identity.Application" for IdentityServer (4a54f457)
2020-09-30T11:43:26.2914939+07:00  [INF] Application started. Press Ctrl+C to shut down. (dcaefe54)
2020-09-30T11:43:26.2980075+07:00  [INF] Hosting environment: "Development" (c3307c92)
2020-09-30T11:43:26.3104797+07:00  [INF] Content root path: "D:\CmsApp\CmsApp" (b5d60022)
2020-09-30T11:43:56.0427010+07:00  [INF] Removing 0 grants (62cd9308)
2020-09-30T11:43:56.0805278+07:00  [INF] Removing 0 device flow codes (171ba47d)
2020-09-30T11:44:26.1183554+07:00  [INF] Removing 0 grants (62cd9308)
2020-09-30T11:44:26.1579834+07:00  [INF] Removing 0 device flow codes (171ba47d)
2020-09-30T11:44:56.1883062+07:00  [INF] Removing 0 grants (62cd9308)
2020-09-30T11:44:56.2094624+07:00  [INF] Removing 0 device flow codes (171ba47d)
2020-09-30T11:45:26.2474229+07:00  [INF] Removing 0 grants (62cd9308)
2020-09-30T11:45:26.2669206+07:00  [INF] Removing 0 device flow codes (171ba47d)
2020-09-30T11:45:31.3342649+07:00 80000020-0003-fb00-b63f-84710c7967bb [INF] Invoking IdentityServer endpoint: "IdentityServer4.Endpoints.DiscoveryEndpoint" for "/.well-known/openid-configuration" (f7642de5)
2020-09-30T11:45:32.5469482+07:00 80000022-0003-fb00-b63f-84710c7967bb [INF] Invoking IdentityServer endpoint: "IdentityServer4.Endpoints.DiscoveryKeyEndpoint" for "/.well-known/openid-configuration/jwks" (f7642de5)
2020-09-30T11:45:32.6298654+07:00 80000006-0001-ea00-b63f-84710c7967bb [INF] Invoking IdentityServer endpoint: "IdentityServer4.Endpoints.TokenEndpoint" for "/connect/token" (f7642de5)
2020-09-30T11:45:33.6887641+07:00 80000006-0001-ea00-b63f-84710c7967bb [INF] Credentials validated for username: "admin" (cb811aa7)
2020-09-30T11:45:33.7745450+07:00 80000006-0001-ea00-b63f-84710c7967bb [INF] Token request validation success, TokenRequestValidationLog { ClientId: "quickapp_spa", ClientName: null, GrantType: "password", Scopes: "email offline_access openid phone profile quickapp_api roles", AuthorizationCode: null, RefreshToken: null, UserName: "admin", AuthenticationContextReferenceClasses: null, Tenant: null, IdP: null, Raw: [("username": "admin"), ("password": "***REDACTED***"), ("client_id": "quickapp_spa"), ("grant_type": "password"), ("scope": "openid email phone profile offline_access roles quickapp_api")] } (3a073258)
2020-09-30T11:45:56.2957296+07:00  [INF] Removing 0 grants (62cd9308)
2020-09-30T11:45:56.3154377+07:00  [INF] Removing 0 device flow codes (171ba47d)
2020-09-30T11:46:28.3262079+07:00  [INF] Removing 0 grants (62cd9308)
2020-09-30T11:46:28.4420988+07:00  [INF] Removing 0 device flow codes (171ba47d)
2020-09-30T11:46:58.4545328+07:00  [INF] Removing 0 grants (62cd9308)
2020-09-30T11:46:58.4653070+07:00  [INF] Removing 0 device flow codes (171ba47d)
2020-09-30T11:47:28.4899046+07:00  [INF] Removing 0 grants (62cd9308)
2020-09-30T11:47:28.5205536+07:00  [INF] Removing 0 device flow codes (171ba47d)
2020-09-30T11:47:58.5676009+07:00  [INF] Removing 0 grants (62cd9308)
2020-09-30T11:47:58.5861877+07:00  [INF] Removing 0 device flow codes (171ba47d)
2020-09-30T11:48:28.6224550+07:00  [INF] Removing 0 grants (62cd9308)
2020-09-30T11:48:28.6421118+07:00  [INF] Removing 0 device flow codes (171ba47d)
2020-09-30T11:48:58.6608638+07:00  [INF] Removing 0 grants (62cd9308)
2020-09-30T11:48:58.6722678+07:00  [INF] Removing 0 device flow codes (171ba47d)
2020-09-30T11:49:29.3555418+07:00  [INF] Removing 0 grants (62cd9308)
2020-09-30T11:49:29.4277108+07:00  [INF] Removing 0 device flow codes (171ba47d)
2020-09-30T14:57:24.1561413+07:00  [INF] Starting IdentityServer4 version "3.1.3.0" (8add0571)
2020-09-30T14:57:24.2533783+07:00  [INF] Using the default authentication scheme "Identity.Application" for IdentityServer (4a54f457)
2020-09-30T14:57:24.6405157+07:00  [INF] Application started. Press Ctrl+C to shut down. (dcaefe54)
2020-09-30T14:57:24.6470414+07:00  [INF] Hosting environment: "Development" (c3307c92)
2020-09-30T14:57:24.6501866+07:00  [INF] Content root path: "D:\CmsApp\CmsApp" (b5d60022)
2020-09-30T14:57:54.4937967+07:00  [INF] Removing 0 grants (62cd9308)
2020-09-30T14:57:54.5628381+07:00  [INF] Removing 0 device flow codes (171ba47d)
2020-09-30T14:58:24.9071394+07:00  [INF] Removing 0 grants (62cd9308)
2020-09-30T14:58:24.9140594+07:00  [INF] Removing 0 device flow codes (171ba47d)
2020-09-30T14:58:55.1551740+07:00  [INF] Removing 0 grants (62cd9308)
2020-09-30T14:58:55.2523015+07:00  [INF] Removing 0 device flow codes (171ba47d)
2020-09-30T14:59:25.2850397+07:00  [INF] Removing 0 grants (62cd9308)
2020-09-30T14:59:25.2952823+07:00  [INF] Removing 0 device flow codes (171ba47d)
2020-09-30T14:59:55.3126779+07:00  [INF] Removing 0 grants (62cd9308)
2020-09-30T14:59:55.3276532+07:00  [INF] Removing 0 device flow codes (171ba47d)
2020-09-30T15:00:25.3814961+07:00  [INF] Removing 0 grants (62cd9308)
2020-09-30T15:00:25.4133913+07:00  [INF] Removing 0 device flow codes (171ba47d)
2020-09-30T15:00:55.4346372+07:00  [INF] Removing 0 grants (62cd9308)
2020-09-30T15:00:55.4652936+07:00  [INF] Removing 0 device flow codes (171ba47d)
2020-09-30T15:01:25.4805247+07:00  [INF] Removing 0 grants (62cd9308)
2020-09-30T15:01:25.5040989+07:00  [INF] Removing 0 device flow codes (171ba47d)
2020-09-30T15:01:55.5405518+07:00  [INF] Removing 0 grants (62cd9308)
2020-09-30T15:01:55.5932816+07:00  [INF] Removing 0 device flow codes (171ba47d)
2020-09-30T15:02:25.6401921+07:00  [INF] Removing 0 grants (62cd9308)
2020-09-30T15:02:25.6601927+07:00  [INF] Removing 0 device flow codes (171ba47d)
2020-09-30T15:02:55.6888844+07:00  [INF] Removing 0 grants (62cd9308)
2020-09-30T15:02:55.6986614+07:00  [INF] Removing 0 device flow codes (171ba47d)
2020-09-30T15:03:25.7607232+07:00  [INF] Removing 0 grants (62cd9308)
2020-09-30T15:03:25.7704068+07:00  [INF] Removing 0 device flow codes (171ba47d)
2020-09-30T15:03:55.8063548+07:00  [INF] Removing 0 grants (62cd9308)
2020-09-30T15:03:55.8222182+07:00  [INF] Removing 0 device flow codes (171ba47d)
2020-09-30T15:04:25.8508854+07:00  [INF] Removing 0 grants (62cd9308)
2020-09-30T15:04:25.8701913+07:00  [INF] Removing 0 device flow codes (171ba47d)
2020-09-30T15:04:55.8863921+07:00  [INF] Removing 0 grants (62cd9308)
2020-09-30T15:04:55.9172459+07:00  [INF] Removing 0 device flow codes (171ba47d)
2020-09-30T15:05:25.9308625+07:00  [INF] Removing 0 grants (62cd9308)
2020-09-30T15:05:25.9599626+07:00  [INF] Removing 0 device flow codes (171ba47d)
2020-09-30T15:05:55.9935957+07:00  [INF] Removing 0 grants (62cd9308)
2020-09-30T15:05:56.0153127+07:00  [INF] Removing 0 device flow codes (171ba47d)
2020-09-30T15:06:26.0578916+07:00  [INF] Removing 0 grants (62cd9308)
2020-09-30T15:06:26.0678484+07:00  [INF] Removing 0 device flow codes (171ba47d)
2020-09-30T15:06:56.0959183+07:00  [INF] Removing 0 grants (62cd9308)
2020-09-30T15:06:56.1144745+07:00  [INF] Removing 0 device flow codes (171ba47d)
2020-09-30T15:07:26.1345370+07:00  [INF] Removing 0 grants (62cd9308)
2020-09-30T15:07:26.1515556+07:00  [INF] Removing 0 device flow codes (171ba47d)
2020-09-30T15:07:56.1794146+07:00  [INF] Removing 0 grants (62cd9308)
2020-09-30T15:07:56.2008818+07:00  [INF] Removing 0 device flow codes (171ba47d)
2020-09-30T15:08:26.2344432+07:00  [INF] Removing 0 grants (62cd9308)
2020-09-30T15:08:26.2555044+07:00  [INF] Removing 0 device flow codes (171ba47d)
2020-09-30T15:08:56.2713230+07:00  [INF] Removing 0 grants (62cd9308)
2020-09-30T15:08:56.2814982+07:00  [INF] Removing 0 device flow codes (171ba47d)
2020-09-30T15:09:26.3154184+07:00  [INF] Removing 0 grants (62cd9308)
2020-09-30T15:09:26.3403866+07:00  [INF] Removing 0 device flow codes (171ba47d)
2020-09-30T15:09:56.3596176+07:00  [INF] Removing 0 grants (62cd9308)
2020-09-30T15:09:56.3876674+07:00  [INF] Removing 0 device flow codes (171ba47d)
2020-09-30T15:10:26.4137288+07:00  [INF] Removing 0 grants (62cd9308)
2020-09-30T15:10:26.4214945+07:00  [INF] Removing 0 device flow codes (171ba47d)
2020-09-30T15:10:56.4395571+07:00  [INF] Removing 0 grants (62cd9308)
2020-09-30T15:10:56.4704201+07:00  [INF] Removing 0 device flow codes (171ba47d)
2020-09-30T15:11:26.5143323+07:00  [INF] Removing 0 grants (62cd9308)
2020-09-30T15:11:26.5226114+07:00  [INF] Removing 0 device flow codes (171ba47d)
2020-09-30T15:11:56.5470154+07:00  [INF] Removing 0 grants (62cd9308)
2020-09-30T15:11:56.5550320+07:00  [INF] Removing 0 device flow codes (171ba47d)
2020-09-30T15:12:26.5722666+07:00  [INF] Removing 0 grants (62cd9308)
2020-09-30T15:12:26.5918990+07:00  [INF] Removing 0 device flow codes (171ba47d)
2020-09-30T15:12:56.6276724+07:00  [INF] Removing 0 grants (62cd9308)
2020-09-30T15:12:56.6369696+07:00  [INF] Removing 0 device flow codes (171ba47d)
2020-09-30T15:13:26.6678980+07:00  [INF] Removing 0 grants (62cd9308)
2020-09-30T15:13:26.6769938+07:00  [INF] Removing 0 device flow codes (171ba47d)
2020-09-30T15:13:56.7064578+07:00  [INF] Removing 0 grants (62cd9308)
2020-09-30T15:13:56.7147254+07:00  [INF] Removing 0 device flow codes (171ba47d)
2020-09-30T15:14:26.7379593+07:00  [INF] Removing 0 grants (62cd9308)
2020-09-30T15:14:26.7489703+07:00  [INF] Removing 0 device flow codes (171ba47d)
2020-09-30T15:14:56.7746708+07:00  [INF] Removing 0 grants (62cd9308)
2020-09-30T15:14:56.7910072+07:00  [INF] Removing 0 device flow codes (171ba47d)
2020-09-30T15:15:26.8098649+07:00  [INF] Removing 0 grants (62cd9308)
2020-09-30T15:15:26.8179579+07:00  [INF] Removing 0 device flow codes (171ba47d)
2020-09-30T15:15:56.8351294+07:00  [INF] Removing 0 grants (62cd9308)
2020-09-30T15:15:56.8516781+07:00  [INF] Removing 0 device flow codes (171ba47d)
2020-09-30T15:16:26.8828896+07:00  [INF] Removing 0 grants (62cd9308)
2020-09-30T15:16:26.9001664+07:00  [INF] Removing 0 device flow codes (171ba47d)
2020-09-30T15:16:56.9258694+07:00  [INF] Removing 0 grants (62cd9308)
2020-09-30T15:16:56.9473815+07:00  [INF] Removing 0 device flow codes (171ba47d)
2020-09-30T15:17:26.9708272+07:00  [INF] Removing 0 grants (62cd9308)
2020-09-30T15:17:26.9784046+07:00  [INF] Removing 0 device flow codes (171ba47d)
2020-09-30T15:17:57.0059980+07:00  [INF] Removing 0 grants (62cd9308)
2020-09-30T15:17:57.0148307+07:00  [INF] Removing 0 device flow codes (171ba47d)
2020-09-30T15:18:27.0508488+07:00  [INF] Removing 0 grants (62cd9308)
2020-09-30T15:18:27.0695701+07:00  [INF] Removing 0 device flow codes (171ba47d)
2020-09-30T15:18:57.0936928+07:00  [INF] Removing 0 grants (62cd9308)
2020-09-30T15:18:57.1164718+07:00  [INF] Removing 0 device flow codes (171ba47d)
2020-09-30T15:19:27.1392718+07:00  [INF] Removing 0 grants (62cd9308)
2020-09-30T15:19:27.1563003+07:00  [INF] Removing 0 device flow codes (171ba47d)
2020-09-30T15:19:57.1769317+07:00  [INF] Removing 0 grants (62cd9308)
2020-09-30T15:19:57.1954475+07:00  [INF] Removing 0 device flow codes (171ba47d)
2020-09-30T15:20:27.2097502+07:00  [INF] Removing 0 grants (62cd9308)
2020-09-30T15:20:27.2271343+07:00  [INF] Removing 0 device flow codes (171ba47d)
2020-09-30T15:20:57.2559303+07:00  [INF] Removing 0 grants (62cd9308)
2020-09-30T15:20:57.2638570+07:00  [INF] Removing 0 device flow codes (171ba47d)
2020-09-30T15:21:27.2970461+07:00  [INF] Removing 0 grants (62cd9308)
2020-09-30T15:21:27.3138249+07:00  [INF] Removing 0 device flow codes (171ba47d)
2020-09-30T15:21:57.3471713+07:00  [INF] Removing 0 grants (62cd9308)
2020-09-30T15:21:57.3565300+07:00  [INF] Removing 0 device flow codes (171ba47d)
2020-09-30T15:22:27.3680607+07:00  [INF] Removing 0 grants (62cd9308)
2020-09-30T15:22:27.4070698+07:00  [INF] Removing 0 device flow codes (171ba47d)
2020-09-30T15:22:57.4344023+07:00  [INF] Removing 0 grants (62cd9308)
2020-09-30T15:22:57.4525060+07:00  [INF] Removing 0 device flow codes (171ba47d)
2020-09-30T15:23:27.4710778+07:00  [INF] Removing 0 grants (62cd9308)
2020-09-30T15:23:27.4872872+07:00  [INF] Removing 0 device flow codes (171ba47d)
2020-09-30T15:23:57.5359318+07:00  [INF] Removing 0 grants (62cd9308)
2020-09-30T15:23:57.5560554+07:00  [INF] Removing 0 device flow codes (171ba47d)
2020-09-30T15:24:27.5929965+07:00  [INF] Removing 0 grants (62cd9308)
2020-09-30T15:24:27.6120732+07:00  [INF] Removing 0 device flow codes (171ba47d)
2020-09-30T15:24:57.6309998+07:00  [INF] Removing 0 grants (62cd9308)
2020-09-30T15:24:57.6393174+07:00  [INF] Removing 0 device flow codes (171ba47d)
2020-09-30T15:25:27.6790804+07:00  [INF] Removing 0 grants (62cd9308)
2020-09-30T15:25:27.6869190+07:00  [INF] Removing 0 device flow codes (171ba47d)
2020-09-30T15:25:57.7443414+07:00  [INF] Removing 0 grants (62cd9308)
2020-09-30T15:25:57.7721128+07:00  [INF] Removing 0 device flow codes (171ba47d)
2020-09-30T15:26:27.7902771+07:00  [INF] Removing 0 grants (62cd9308)
2020-09-30T15:26:27.8095997+07:00  [INF] Removing 0 device flow codes (171ba47d)
2020-09-30T15:26:57.8442536+07:00  [INF] Removing 0 grants (62cd9308)
2020-09-30T15:26:57.8629316+07:00  [INF] Removing 0 device flow codes (171ba47d)
2020-09-30T15:27:27.8887868+07:00  [INF] Removing 0 grants (62cd9308)
2020-09-30T15:27:27.9094746+07:00  [INF] Removing 0 device flow codes (171ba47d)
2020-09-30T15:27:57.9554836+07:00  [INF] Removing 0 grants (62cd9308)
2020-09-30T15:27:57.9857781+07:00  [INF] Removing 0 device flow codes (171ba47d)
2020-09-30T15:28:28.0160187+07:00  [INF] Removing 0 grants (62cd9308)
2020-09-30T15:28:28.0343669+07:00  [INF] Removing 0 device flow codes (171ba47d)
2020-09-30T15:28:58.0573421+07:00  [INF] Removing 0 grants (62cd9308)
2020-09-30T15:28:58.0666291+07:00  [INF] Removing 0 device flow codes (171ba47d)
2020-09-30T15:29:28.1510748+07:00  [INF] Removing 0 grants (62cd9308)
2020-09-30T15:29:28.1755928+07:00  [INF] Removing 0 device flow codes (171ba47d)
2020-09-30T15:29:58.1988382+07:00  [INF] Removing 0 grants (62cd9308)
2020-09-30T15:29:58.2083681+07:00  [INF] Removing 0 device flow codes (171ba47d)
2020-09-30T15:30:28.2331319+07:00  [INF] Removing 0 grants (62cd9308)
2020-09-30T15:30:28.2506979+07:00  [INF] Removing 0 device flow codes (171ba47d)
2020-09-30T15:30:58.2933727+07:00  [INF] Removing 0 grants (62cd9308)
2020-09-30T15:30:58.3068720+07:00  [INF] Removing 0 device flow codes (171ba47d)
2020-09-30T15:31:28.3420740+07:00  [INF] Removing 0 grants (62cd9308)
2020-09-30T15:31:28.3557722+07:00  [INF] Removing 0 device flow codes (171ba47d)
2020-09-30T15:31:58.4001931+07:00  [INF] Removing 0 grants (62cd9308)
2020-09-30T15:31:58.4227828+07:00  [INF] Removing 0 device flow codes (171ba47d)
2020-09-30T15:32:28.4536633+07:00  [INF] Removing 0 grants (62cd9308)
2020-09-30T15:32:28.4764125+07:00  [INF] Removing 0 device flow codes (171ba47d)
2020-09-30T15:32:58.5143870+07:00  [INF] Removing 0 grants (62cd9308)
2020-09-30T15:32:58.5261436+07:00  [INF] Removing 0 device flow codes (171ba47d)
2020-09-30T15:33:28.5511881+07:00  [INF] Removing 0 grants (62cd9308)
2020-09-30T15:33:28.5707725+07:00  [INF] Removing 0 device flow codes (171ba47d)
2020-09-30T15:33:58.5853005+07:00  [INF] Removing 0 grants (62cd9308)
2020-09-30T15:33:58.5929043+07:00  [INF] Removing 0 device flow codes (171ba47d)
2020-09-30T15:34:28.6268100+07:00  [INF] Removing 0 grants (62cd9308)
2020-09-30T15:34:28.6443941+07:00  [INF] Removing 0 device flow codes (171ba47d)
2020-09-30T15:34:58.6715569+07:00  [INF] Removing 0 grants (62cd9308)
2020-09-30T15:34:58.6906082+07:00  [INF] Removing 0 device flow codes (171ba47d)
2020-09-30T15:35:28.7272333+07:00  [INF] Removing 0 grants (62cd9308)
2020-09-30T15:35:28.7366038+07:00  [INF] Removing 0 device flow codes (171ba47d)
2020-09-30T15:35:58.7869477+07:00  [INF] Removing 0 grants (62cd9308)
2020-09-30T15:35:58.7956120+07:00  [INF] Removing 0 device flow codes (171ba47d)
2020-09-30T15:36:28.8190529+07:00  [INF] Removing 0 grants (62cd9308)
2020-09-30T15:36:28.8466336+07:00  [INF] Removing 0 device flow codes (171ba47d)
2020-09-30T15:36:58.8552699+07:00  [INF] Removing 0 grants (62cd9308)
2020-09-30T15:36:58.8763655+07:00  [INF] Removing 0 device flow codes (171ba47d)
2020-09-30T15:37:28.9073077+07:00  [INF] Removing 0 grants (62cd9308)
2020-09-30T15:37:28.9242751+07:00  [INF] Removing 0 device flow codes (171ba47d)
2020-09-30T15:37:58.9600927+07:00  [INF] Removing 0 grants (62cd9308)
2020-09-30T15:37:58.9833207+07:00  [INF] Removing 0 device flow codes (171ba47d)
2020-09-30T15:38:29.0187561+07:00  [INF] Removing 0 grants (62cd9308)
2020-09-30T15:38:29.0267970+07:00  [INF] Removing 0 device flow codes (171ba47d)
2020-09-30T15:38:59.0709608+07:00  [INF] Removing 0 grants (62cd9308)
2020-09-30T15:38:59.0974219+07:00  [INF] Removing 0 device flow codes (171ba47d)
2020-09-30T15:39:29.1266578+07:00  [INF] Removing 0 grants (62cd9308)
2020-09-30T15:39:29.1446828+07:00  [INF] Removing 0 device flow codes (171ba47d)
2020-09-30T15:39:59.1772288+07:00  [INF] Removing 0 grants (62cd9308)
2020-09-30T15:39:59.1934698+07:00  [INF] Removing 0 device flow codes (171ba47d)
2020-09-30T15:40:29.2340256+07:00  [INF] Removing 0 grants (62cd9308)
2020-09-30T15:40:29.2528238+07:00  [INF] Removing 0 device flow codes (171ba47d)
2020-09-30T15:40:59.2823669+07:00  [INF] Removing 0 grants (62cd9308)
2020-09-30T15:40:59.3007661+07:00  [INF] Removing 0 device flow codes (171ba47d)
2020-09-30T15:41:29.3219334+07:00  [INF] Removing 0 grants (62cd9308)
2020-09-30T15:41:29.3391466+07:00  [INF] Removing 0 device flow codes (171ba47d)
2020-09-30T15:41:59.3492953+07:00  [INF] Removing 0 grants (62cd9308)
2020-09-30T15:41:59.3707112+07:00  [INF] Removing 0 device flow codes (171ba47d)
2020-09-30T15:42:29.3976518+07:00  [INF] Removing 0 grants (62cd9308)
2020-09-30T15:42:29.4135271+07:00  [INF] Removing 0 device flow codes (171ba47d)
2020-09-30T15:42:59.4420831+07:00  [INF] Removing 0 grants (62cd9308)
2020-09-30T15:42:59.4594314+07:00  [INF] Removing 0 device flow codes (171ba47d)
2020-09-30T15:43:29.4882414+07:00  [INF] Removing 0 grants (62cd9308)
2020-09-30T15:43:29.5026517+07:00  [INF] Removing 0 device flow codes (171ba47d)
2020-09-30T15:43:59.5436522+07:00  [INF] Removing 0 grants (62cd9308)
2020-09-30T15:43:59.5528582+07:00  [INF] Removing 0 device flow codes (171ba47d)
2020-09-30T15:44:29.6002768+07:00  [INF] Removing 0 grants (62cd9308)
2020-09-30T15:44:29.6180419+07:00  [INF] Removing 0 device flow codes (171ba47d)
2020-09-30T15:44:59.6333722+07:00  [INF] Removing 0 grants (62cd9308)
2020-09-30T15:44:59.6512943+07:00  [INF] Removing 0 device flow codes (171ba47d)
2020-09-30T15:45:29.6856106+07:00  [INF] Removing 0 grants (62cd9308)
2020-09-30T15:45:29.6964248+07:00  [INF] Removing 0 device flow codes (171ba47d)
2020-09-30T15:45:59.7471623+07:00  [INF] Removing 0 grants (62cd9308)
2020-09-30T15:45:59.7571263+07:00  [INF] Removing 0 device flow codes (171ba47d)
2020-09-30T15:46:29.7725656+07:00  [INF] Removing 0 grants (62cd9308)
2020-09-30T15:46:29.7809974+07:00  [INF] Removing 0 device flow codes (171ba47d)
2020-09-30T15:46:59.8048238+07:00  [INF] Removing 0 grants (62cd9308)
2020-09-30T15:46:59.8228192+07:00  [INF] Removing 0 device flow codes (171ba47d)
2020-09-30T15:47:29.8561126+07:00  [INF] Removing 0 grants (62cd9308)
2020-09-30T15:47:29.8739901+07:00  [INF] Removing 0 device flow codes (171ba47d)
2020-09-30T15:47:59.9055878+07:00  [INF] Removing 0 grants (62cd9308)
2020-09-30T15:47:59.9215181+07:00  [INF] Removing 0 device flow codes (171ba47d)
2020-09-30T15:48:29.9385678+07:00  [INF] Removing 0 grants (62cd9308)
2020-09-30T15:48:29.9551924+07:00  [INF] Removing 0 device flow codes (171ba47d)
2020-09-30T15:49:00.0218220+07:00  [INF] Removing 0 grants (62cd9308)
2020-09-30T15:49:00.0313967+07:00  [INF] Removing 0 device flow codes (171ba47d)
2020-09-30T15:49:30.0629152+07:00  [INF] Removing 0 grants (62cd9308)
2020-09-30T15:49:30.0815180+07:00  [INF] Removing 0 device flow codes (171ba47d)
2020-09-30T15:50:00.1247957+07:00  [INF] Removing 0 grants (62cd9308)
2020-09-30T15:50:00.1538502+07:00  [INF] Removing 0 device flow codes (171ba47d)
2020-09-30T15:50:30.1762585+07:00  [INF] Removing 0 grants (62cd9308)
2020-09-30T15:50:30.2024752+07:00  [INF] Removing 0 device flow codes (171ba47d)
2020-09-30T15:51:00.2333352+07:00  [INF] Removing 0 grants (62cd9308)
2020-09-30T15:51:00.2526899+07:00  [INF] Removing 0 device flow codes (171ba47d)
2020-09-30T15:51:30.2782651+07:00  [INF] Removing 0 grants (62cd9308)
2020-09-30T15:51:30.2873012+07:00  [INF] Removing 0 device flow codes (171ba47d)
2020-09-30T15:52:00.3232271+07:00  [INF] Removing 0 grants (62cd9308)
2020-09-30T15:52:00.3400982+07:00  [INF] Removing 0 device flow codes (171ba47d)
2020-09-30T15:52:30.3542664+07:00  [INF] Removing 0 grants (62cd9308)
2020-09-30T15:52:30.3973004+07:00  [INF] Removing 0 device flow codes (171ba47d)
2020-09-30T15:53:00.4433625+07:00  [INF] Removing 0 grants (62cd9308)
2020-09-30T15:53:00.4935178+07:00  [INF] Removing 0 device flow codes (171ba47d)
2020-09-30T15:53:30.5532909+07:00  [INF] Removing 0 grants (62cd9308)
2020-09-30T15:53:30.5637871+07:00  [INF] Removing 0 device flow codes (171ba47d)
2020-09-30T15:54:00.5917869+07:00  [INF] Removing 0 grants (62cd9308)
2020-09-30T15:54:00.6099764+07:00  [INF] Removing 0 device flow codes (171ba47d)
2020-09-30T15:54:30.6347910+07:00  [INF] Removing 0 grants (62cd9308)
2020-09-30T15:54:30.6648537+07:00  [INF] Removing 0 device flow codes (171ba47d)
2020-09-30T15:55:00.6870268+07:00  [INF] Removing 0 grants (62cd9308)
2020-09-30T15:55:00.6965214+07:00  [INF] Removing 0 device flow codes (171ba47d)
2020-09-30T15:55:30.7399870+07:00  [INF] Removing 0 grants (62cd9308)
2020-09-30T15:55:30.7644928+07:00  [INF] Removing 0 device flow codes (171ba47d)
2020-09-30T15:56:00.8020596+07:00  [INF] Removing 0 grants (62cd9308)
2020-09-30T15:56:00.8113696+07:00  [INF] Removing 0 device flow codes (171ba47d)
2020-09-30T15:56:30.8283116+07:00  [INF] Removing 0 grants (62cd9308)
2020-09-30T15:56:30.8365711+07:00  [INF] Removing 0 device flow codes (171ba47d)
2020-09-30T15:57:00.8489495+07:00  [INF] Removing 0 grants (62cd9308)
2020-09-30T15:57:00.8700626+07:00  [INF] Removing 0 device flow codes (171ba47d)
2020-09-30T15:57:30.8967803+07:00  [INF] Removing 0 grants (62cd9308)
2020-09-30T15:57:30.9051729+07:00  [INF] Removing 0 device flow codes (171ba47d)
2020-09-30T15:58:00.9493724+07:00  [INF] Removing 0 grants (62cd9308)
2020-09-30T15:58:00.9583328+07:00  [INF] Removing 0 device flow codes (171ba47d)
2020-09-30T15:58:30.9891833+07:00  [INF] Removing 0 grants (62cd9308)
2020-09-30T15:58:31.0079139+07:00  [INF] Removing 0 device flow codes (171ba47d)
2020-09-30T15:59:01.0240099+07:00  [INF] Removing 0 grants (62cd9308)
2020-09-30T15:59:01.0490577+07:00  [INF] Removing 0 device flow codes (171ba47d)
2020-09-30T15:59:31.0751031+07:00  [INF] Removing 0 grants (62cd9308)
2020-09-30T15:59:31.0828977+07:00  [INF] Removing 0 device flow codes (171ba47d)
2020-09-30T16:00:01.1030911+07:00  [INF] Removing 0 grants (62cd9308)
2020-09-30T16:00:01.1362336+07:00  [INF] Removing 0 device flow codes (171ba47d)
2020-09-30T16:00:31.1483350+07:00  [INF] Removing 0 grants (62cd9308)
2020-09-30T16:00:31.1555490+07:00  [INF] Removing 0 device flow codes (171ba47d)
2020-09-30T16:01:01.1862098+07:00  [INF] Removing 0 grants (62cd9308)
2020-09-30T16:01:01.2043533+07:00  [INF] Removing 0 device flow codes (171ba47d)
2020-09-30T16:01:31.2218591+07:00  [INF] Removing 0 grants (62cd9308)
2020-09-30T16:01:31.2389461+07:00  [INF] Removing 0 device flow codes (171ba47d)
2020-09-30T16:02:01.2567200+07:00  [INF] Removing 0 grants (62cd9308)
2020-09-30T16:02:01.2654548+07:00  [INF] Removing 0 device flow codes (171ba47d)
2020-09-30T16:02:31.2933378+07:00  [INF] Removing 0 grants (62cd9308)
2020-09-30T16:02:31.3151869+07:00  [INF] Removing 0 device flow codes (171ba47d)
2020-09-30T16:03:01.3760856+07:00  [INF] Removing 0 grants (62cd9308)
2020-09-30T16:03:01.3851757+07:00  [INF] Removing 0 device flow codes (171ba47d)
2020-09-30T16:03:31.4146807+07:00  [INF] Removing 0 grants (62cd9308)
2020-09-30T16:03:31.4315014+07:00  [INF] Removing 0 device flow codes (171ba47d)
2020-09-30T16:04:01.4744799+07:00  [INF] Removing 0 grants (62cd9308)
2020-09-30T16:04:01.4981577+07:00  [INF] Removing 0 device flow codes (171ba47d)
2020-09-30T16:04:31.5539393+07:00  [INF] Removing 0 grants (62cd9308)
2020-09-30T16:04:31.6015495+07:00  [INF] Removing 0 device flow codes (171ba47d)
2020-09-30T16:05:01.6404071+07:00  [INF] Removing 0 grants (62cd9308)
2020-09-30T16:05:01.6564669+07:00  [INF] Removing 0 device flow codes (171ba47d)
2020-09-30T16:05:31.6860041+07:00  [INF] Removing 0 grants (62cd9308)
2020-09-30T16:05:31.7033357+07:00  [INF] Removing 0 device flow codes (171ba47d)
2020-09-30T16:06:01.7323226+07:00  [INF] Removing 0 grants (62cd9308)
2020-09-30T16:06:01.7417406+07:00  [INF] Removing 0 device flow codes (171ba47d)
2020-09-30T16:06:31.7695764+07:00  [INF] Removing 0 grants (62cd9308)
2020-09-30T16:06:31.7761508+07:00  [INF] Removing 0 device flow codes (171ba47d)
2020-09-30T16:07:01.7861390+07:00  [INF] Removing 0 grants (62cd9308)
2020-09-30T16:07:01.8115344+07:00  [INF] Removing 0 device flow codes (171ba47d)
2020-09-30T16:07:31.8197234+07:00  [INF] Removing 0 grants (62cd9308)
2020-09-30T16:07:31.8362814+07:00  [INF] Removing 0 device flow codes (171ba47d)
2020-09-30T16:08:01.8577928+07:00  [INF] Removing 0 grants (62cd9308)
2020-09-30T16:08:01.8805695+07:00  [INF] Removing 0 device flow codes (171ba47d)
2020-09-30T16:08:31.9118709+07:00  [INF] Removing 0 grants (62cd9308)
2020-09-30T16:08:31.9277552+07:00  [INF] Removing 0 device flow codes (171ba47d)
2020-09-30T16:09:01.9522408+07:00  [INF] Removing 0 grants (62cd9308)
2020-09-30T16:09:01.9671658+07:00  [INF] Removing 0 device flow codes (171ba47d)
2020-09-30T16:09:31.9994017+07:00  [INF] Removing 0 grants (62cd9308)
2020-09-30T16:09:32.0206263+07:00  [INF] Removing 0 device flow codes (171ba47d)
2020-09-30T16:10:02.0450629+07:00  [INF] Removing 0 grants (62cd9308)
2020-09-30T16:10:02.0631785+07:00  [INF] Removing 0 device flow codes (171ba47d)
2020-09-30T16:10:32.1017684+07:00  [INF] Removing 0 grants (62cd9308)
2020-09-30T16:10:32.1399934+07:00  [INF] Removing 0 device flow codes (171ba47d)
2020-09-30T16:11:02.1793785+07:00  [INF] Removing 0 grants (62cd9308)
2020-09-30T16:11:02.1872833+07:00  [INF] Removing 0 device flow codes (171ba47d)
2020-09-30T16:11:32.2201847+07:00  [INF] Removing 0 grants (62cd9308)
2020-09-30T16:11:32.2287421+07:00  [INF] Removing 0 device flow codes (171ba47d)
2020-09-30T16:12:02.2509394+07:00  [INF] Removing 0 grants (62cd9308)
2020-09-30T16:12:02.2685458+07:00  [INF] Removing 0 device flow codes (171ba47d)
2020-09-30T16:12:32.3135827+07:00  [INF] Removing 0 grants (62cd9308)
2020-09-30T16:12:32.3287692+07:00  [INF] Removing 0 device flow codes (171ba47d)
2020-09-30T16:13:02.3469424+07:00  [INF] Removing 0 grants (62cd9308)
2020-09-30T16:13:02.3731071+07:00  [INF] Removing 0 device flow codes (171ba47d)
2020-09-30T16:13:32.3938129+07:00  [INF] Removing 0 grants (62cd9308)
2020-09-30T16:13:32.4021188+07:00  [INF] Removing 0 device flow codes (171ba47d)
2020-09-30T16:14:02.4213428+07:00  [INF] Removing 0 grants (62cd9308)
2020-09-30T16:14:02.4305551+07:00  [INF] Removing 0 device flow codes (171ba47d)
2020-09-30T16:14:32.4688366+07:00  [INF] Removing 0 grants (62cd9308)
2020-09-30T16:14:32.4793754+07:00  [INF] Removing 0 device flow codes (171ba47d)
2020-09-30T16:15:02.5155949+07:00  [INF] Removing 0 grants (62cd9308)
2020-09-30T16:15:02.5448018+07:00  [INF] Removing 0 device flow codes (171ba47d)
2020-09-30T16:15:32.5821994+07:00  [INF] Removing 0 grants (62cd9308)
2020-09-30T16:15:32.6000741+07:00  [INF] Removing 0 device flow codes (171ba47d)
2020-09-30T16:16:02.6334093+07:00  [INF] Removing 0 grants (62cd9308)
2020-09-30T16:16:02.6493251+07:00  [INF] Removing 0 device flow codes (171ba47d)
2020-09-30T16:16:32.6800064+07:00  [INF] Removing 0 grants (62cd9308)
2020-09-30T16:16:32.6884390+07:00  [INF] Removing 0 device flow codes (171ba47d)
2020-09-30T16:17:02.7289389+07:00  [INF] Removing 0 grants (62cd9308)
2020-09-30T16:17:02.7375164+07:00  [INF] Removing 0 device flow codes (171ba47d)
2020-09-30T16:17:32.7736468+07:00  [INF] Removing 0 grants (62cd9308)
2020-09-30T16:17:32.7810187+07:00  [INF] Removing 0 device flow codes (171ba47d)
2020-09-30T16:18:02.7995777+07:00  [INF] Removing 0 grants (62cd9308)
2020-09-30T16:18:02.8088522+07:00  [INF] Removing 0 device flow codes (171ba47d)
2020-09-30T16:18:32.8193454+07:00  [INF] Removing 0 grants (62cd9308)
2020-09-30T16:18:32.8336750+07:00  [INF] Removing 0 device flow codes (171ba47d)
2020-09-30T16:19:02.8614974+07:00  [INF] Removing 0 grants (62cd9308)
2020-09-30T16:19:02.8798110+07:00  [INF] Removing 0 device flow codes (171ba47d)
2020-09-30T16:19:32.9065398+07:00  [INF] Removing 0 grants (62cd9308)
2020-09-30T16:19:32.9232087+07:00  [INF] Removing 0 device flow codes (171ba47d)
2020-09-30T16:20:02.9521987+07:00  [INF] Removing 0 grants (62cd9308)
2020-09-30T16:20:02.9610364+07:00  [INF] Removing 0 device flow codes (171ba47d)
2020-09-30T16:20:32.9986565+07:00  [INF] Removing 0 grants (62cd9308)
2020-09-30T16:20:33.0080564+07:00  [INF] Removing 0 device flow codes (171ba47d)
2020-09-30T16:21:03.0365444+07:00  [INF] Removing 0 grants (62cd9308)
2020-09-30T16:21:03.0455981+07:00  [INF] Removing 0 device flow codes (171ba47d)
2020-09-30T16:21:33.0645376+07:00  [INF] Removing 0 grants (62cd9308)
2020-09-30T16:21:33.0815633+07:00  [INF] Removing 0 device flow codes (171ba47d)
2020-09-30T16:22:03.0967325+07:00  [INF] Removing 0 grants (62cd9308)
2020-09-30T16:22:03.1348798+07:00  [INF] Removing 0 device flow codes (171ba47d)
2020-09-30T16:22:33.1487059+07:00  [INF] Removing 0 grants (62cd9308)
2020-09-30T16:22:33.1703399+07:00  [INF] Removing 0 device flow codes (171ba47d)
2020-09-30T16:23:03.1915590+07:00  [INF] Removing 0 grants (62cd9308)
2020-09-30T16:23:03.1993937+07:00  [INF] Removing 0 device flow codes (171ba47d)
2020-09-30T16:23:33.2271918+07:00  [INF] Removing 0 grants (62cd9308)
2020-09-30T16:23:33.2644406+07:00  [INF] Removing 0 device flow codes (171ba47d)
2020-09-30T16:24:03.2878986+07:00  [INF] Removing 0 grants (62cd9308)
2020-09-30T16:24:03.3234226+07:00  [INF] Removing 0 device flow codes (171ba47d)
2020-09-30T16:24:33.3375431+07:00  [INF] Removing 0 grants (62cd9308)
2020-09-30T16:24:33.3653288+07:00  [INF] Removing 0 device flow codes (171ba47d)
2020-09-30T16:25:03.4355305+07:00  [INF] Removing 0 grants (62cd9308)
2020-09-30T16:25:03.4553322+07:00  [INF] Removing 0 device flow codes (171ba47d)
2020-09-30T16:25:33.4704727+07:00  [INF] Removing 0 grants (62cd9308)
2020-09-30T16:25:33.4867377+07:00  [INF] Removing 0 device flow codes (171ba47d)
2020-09-30T16:26:03.5144951+07:00  [INF] Removing 0 grants (62cd9308)
2020-09-30T16:26:03.5338595+07:00  [INF] Removing 0 device flow codes (171ba47d)
2020-09-30T16:26:33.5600776+07:00  [INF] Removing 0 grants (62cd9308)
2020-09-30T16:26:33.5782864+07:00  [INF] Removing 0 device flow codes (171ba47d)
2020-09-30T16:27:03.6044992+07:00  [INF] Removing 0 grants (62cd9308)
2020-09-30T16:27:03.6216248+07:00  [INF] Removing 0 device flow codes (171ba47d)
2020-09-30T16:27:33.6362258+07:00  [INF] Removing 0 grants (62cd9308)
2020-09-30T16:27:33.6523550+07:00  [INF] Removing 0 device flow codes (171ba47d)
2020-09-30T16:28:03.6771740+07:00  [INF] Removing 0 grants (62cd9308)
2020-09-30T16:28:03.6842544+07:00  [INF] Removing 0 device flow codes (171ba47d)
2020-09-30T16:28:33.6998799+07:00  [INF] Removing 0 grants (62cd9308)
2020-09-30T16:28:33.7202638+07:00  [INF] Removing 0 device flow codes (171ba47d)
2020-09-30T16:29:03.7446400+07:00  [INF] Removing 0 grants (62cd9308)
2020-09-30T16:29:03.7581158+07:00  [INF] Removing 0 device flow codes (171ba47d)
2020-09-30T16:29:33.7795347+07:00  [INF] Removing 0 grants (62cd9308)
2020-09-30T16:29:33.8063510+07:00  [INF] Removing 0 device flow codes (171ba47d)
2020-09-30T16:30:03.8379081+07:00  [INF] Removing 0 grants (62cd9308)
2020-09-30T16:30:03.8549274+07:00  [INF] Removing 0 device flow codes (171ba47d)
2020-09-30T16:30:33.8723268+07:00  [INF] Removing 0 grants (62cd9308)
2020-09-30T16:30:33.8880941+07:00  [INF] Removing 0 device flow codes (171ba47d)
2020-09-30T16:31:03.9205018+07:00  [INF] Removing 0 grants (62cd9308)
2020-09-30T16:31:03.9282537+07:00  [INF] Removing 0 device flow codes (171ba47d)
2020-09-30T16:31:33.9558344+07:00  [INF] Removing 0 grants (62cd9308)
2020-09-30T16:31:33.9644342+07:00  [INF] Removing 0 device flow codes (171ba47d)
2020-09-30T16:32:04.0038647+07:00  [INF] Removing 0 grants (62cd9308)
2020-09-30T16:32:04.0270226+07:00  [INF] Removing 0 device flow codes (171ba47d)
2020-09-30T16:32:34.0455325+07:00  [INF] Removing 0 grants (62cd9308)
2020-09-30T16:32:34.0604466+07:00  [INF] Removing 0 device flow codes (171ba47d)
2020-09-30T16:33:04.1090035+07:00  [INF] Removing 0 grants (62cd9308)
2020-09-30T16:33:04.1269126+07:00  [INF] Removing 0 device flow codes (171ba47d)
2020-09-30T16:33:34.1776599+07:00  [INF] Removing 0 grants (62cd9308)
2020-09-30T16:33:34.1950042+07:00  [INF] Removing 0 device flow codes (171ba47d)
2020-09-30T16:34:04.2190882+07:00  [INF] Removing 0 grants (62cd9308)
2020-09-30T16:34:04.2259929+07:00  [INF] Removing 0 device flow codes (171ba47d)
2020-09-30T16:34:34.2430799+07:00  [INF] Removing 0 grants (62cd9308)
2020-09-30T16:34:34.2629170+07:00  [INF] Removing 0 device flow codes (171ba47d)
2020-09-30T16:35:04.2871869+07:00  [INF] Removing 0 grants (62cd9308)
2020-09-30T16:35:04.2939328+07:00  [INF] Removing 0 device flow codes (171ba47d)
2020-09-30T16:35:34.3537310+07:00  [INF] Removing 0 grants (62cd9308)
2020-09-30T16:35:34.3694256+07:00  [INF] Removing 0 device flow codes (171ba47d)
2020-09-30T16:36:04.3849433+07:00  [INF] Removing 0 grants (62cd9308)
2020-09-30T16:36:04.4113510+07:00  [INF] Removing 0 device flow codes (171ba47d)
2020-09-30T16:36:34.4300774+07:00  [INF] Removing 0 grants (62cd9308)
2020-09-30T16:36:34.4391872+07:00  [INF] Removing 0 device flow codes (171ba47d)
2020-09-30T16:37:04.4692061+07:00  [INF] Removing 0 grants (62cd9308)
2020-09-30T16:37:04.4793667+07:00  [INF] Removing 0 device flow codes (171ba47d)
2020-09-30T16:37:34.4931770+07:00  [INF] Removing 0 grants (62cd9308)
2020-09-30T16:37:34.5218985+07:00  [INF] Removing 0 device flow codes (171ba47d)
2020-09-30T16:38:04.5406587+07:00  [INF] Removing 0 grants (62cd9308)
2020-09-30T16:38:04.5552710+07:00  [INF] Removing 0 device flow codes (171ba47d)
2020-09-30T16:38:34.5788975+07:00  [INF] Removing 0 grants (62cd9308)
2020-09-30T16:38:34.5942618+07:00  [INF] Removing 0 device flow codes (171ba47d)
2020-09-30T16:39:04.6521890+07:00  [INF] Removing 0 grants (62cd9308)
2020-09-30T16:39:04.6584385+07:00  [INF] Removing 0 device flow codes (171ba47d)
2020-09-30T16:39:34.7026192+07:00  [INF] Removing 0 grants (62cd9308)
2020-09-30T16:39:34.7199664+07:00  [INF] Removing 0 device flow codes (171ba47d)
2020-09-30T16:40:04.7493233+07:00  [INF] Removing 0 grants (62cd9308)
2020-09-30T16:40:04.7677473+07:00  [INF] Removing 0 device flow codes (171ba47d)
2020-09-30T16:40:34.8038402+07:00  [INF] Removing 0 grants (62cd9308)
2020-09-30T16:40:34.8120616+07:00  [INF] Removing 0 device flow codes (171ba47d)
