2020-11-06T09:38:33.9616832+07:00  [INF] Starting IdentityServer4 version "3.1.3.0" (8add0571)
2020-11-06T09:38:34.0562034+07:00  [INF] Using the default authentication scheme "Identity.Application" for IdentityServer (4a54f457)
2020-11-06T09:38:35.2088343+07:00  [INF] Application started. Press Ctrl+C to shut down. (dcaefe54)
2020-11-06T09:38:35.2726483+07:00  [INF] Hosting environment: "Development" (c3307c92)
2020-11-06T09:38:35.3034323+07:00  [INF] Content root path: "D:\CmsApp\CmsApp" (b5d60022)
2020-11-06T09:39:04.5168714+07:00  [INF] Removing 4 grants (62cd9308)
2020-11-06T09:39:05.1041381+07:00  [INF] Removing 0 device flow codes (171ba47d)
2020-11-06T09:39:35.1514601+07:00  [INF] Removing 0 grants (62cd9308)
2020-11-06T09:39:35.1853327+07:00  [INF] Removing 0 device flow codes (171ba47d)
2020-11-06T09:40:05.2718545+07:00  [INF] Removing 0 grants (62cd9308)
2020-11-06T09:40:05.3052433+07:00  [INF] Removing 0 device flow codes (171ba47d)
2020-11-06T09:40:35.3818700+07:00  [INF] Removing 0 grants (62cd9308)
2020-11-06T09:40:35.4062932+07:00  [INF] Removing 0 device flow codes (171ba47d)
2020-11-06T09:41:05.7687234+07:00  [INF] Removing 0 grants (62cd9308)
2020-11-06T09:41:05.7825624+07:00  [INF] Removing 0 device flow codes (171ba47d)
2020-11-06T09:41:35.8135566+07:00  [INF] Removing 0 grants (62cd9308)
2020-11-06T09:41:35.8366562+07:00  [INF] Removing 0 device flow codes (171ba47d)
2020-11-06T09:42:05.8895486+07:00  [INF] Removing 0 grants (62cd9308)
2020-11-06T09:42:05.9137275+07:00  [INF] Removing 0 device flow codes (171ba47d)
2020-11-06T09:42:35.9442900+07:00  [INF] Removing 0 grants (62cd9308)
2020-11-06T09:42:35.9706081+07:00  [INF] Removing 0 device flow codes (171ba47d)
2020-11-06T09:43:06.0055852+07:00  [INF] Removing 0 grants (62cd9308)
2020-11-06T09:43:06.0316751+07:00  [INF] Removing 0 device flow codes (171ba47d)
2020-11-06T09:43:36.0474063+07:00  [INF] Removing 0 grants (62cd9308)
2020-11-06T09:43:36.0725380+07:00  [INF] Removing 0 device flow codes (171ba47d)
2020-11-06T09:44:06.0981121+07:00  [INF] Removing 0 grants (62cd9308)
2020-11-06T09:44:06.1307249+07:00  [INF] Removing 0 device flow codes (171ba47d)
2020-11-06T09:44:36.1756901+07:00  [INF] Removing 0 grants (62cd9308)
2020-11-06T09:44:36.2014219+07:00  [INF] Removing 0 device flow codes (171ba47d)
2020-11-06T09:45:06.2555769+07:00  [INF] Removing 0 grants (62cd9308)
2020-11-06T09:45:06.2725827+07:00  [INF] Removing 0 device flow codes (171ba47d)
2020-11-06T09:45:36.3052611+07:00  [INF] Removing 0 grants (62cd9308)
2020-11-06T09:45:36.3281632+07:00  [INF] Removing 0 device flow codes (171ba47d)
2020-11-06T09:46:06.3673459+07:00  [INF] Removing 0 grants (62cd9308)
2020-11-06T09:46:06.4031218+07:00  [INF] Removing 0 device flow codes (171ba47d)
2020-11-06T09:46:36.4481708+07:00  [INF] Removing 0 grants (62cd9308)
2020-11-06T09:46:36.4932663+07:00  [INF] Removing 0 device flow codes (171ba47d)
2020-11-06T09:47:06.5649642+07:00  [INF] Removing 0 grants (62cd9308)
2020-11-06T09:47:06.5744608+07:00  [INF] Removing 0 device flow codes (171ba47d)
2020-11-06T09:47:36.6072807+07:00  [INF] Removing 0 grants (62cd9308)
2020-11-06T09:47:36.6161236+07:00  [INF] Removing 0 device flow codes (171ba47d)
2020-11-06T09:48:06.6641286+07:00  [INF] Removing 0 grants (62cd9308)
2020-11-06T09:48:06.6726887+07:00  [INF] Removing 0 device flow codes (171ba47d)
2020-11-06T09:48:36.7274341+07:00  [INF] Removing 0 grants (62cd9308)
2020-11-06T09:48:36.7493432+07:00  [INF] Removing 0 device flow codes (171ba47d)
2020-11-06T09:49:06.7835924+07:00  [INF] Removing 0 grants (62cd9308)
2020-11-06T09:49:06.7923357+07:00  [INF] Removing 0 device flow codes (171ba47d)
2020-11-06T09:49:36.8047740+07:00  [INF] Removing 0 grants (62cd9308)
2020-11-06T09:49:36.8133482+07:00  [INF] Removing 0 device flow codes (171ba47d)
2020-11-06T09:50:06.8582462+07:00  [INF] Removing 0 grants (62cd9308)
2020-11-06T09:50:06.8820542+07:00  [INF] Removing 0 device flow codes (171ba47d)
2020-11-06T09:50:36.9139403+07:00  [INF] Removing 0 grants (62cd9308)
2020-11-06T09:50:36.9218352+07:00  [INF] Removing 0 device flow codes (171ba47d)
2020-11-06T09:51:06.9586198+07:00  [INF] Removing 0 grants (62cd9308)
2020-11-06T09:51:06.9826762+07:00  [INF] Removing 0 device flow codes (171ba47d)
2020-11-06T09:51:37.0162899+07:00  [INF] Removing 0 grants (62cd9308)
2020-11-06T09:51:37.0379955+07:00  [INF] Removing 0 device flow codes (171ba47d)
2020-11-06T09:52:07.0502551+07:00  [INF] Removing 0 grants (62cd9308)
2020-11-06T09:52:07.0627861+07:00  [INF] Removing 0 device flow codes (171ba47d)
2020-11-06T09:52:37.0924887+07:00  [INF] Removing 0 grants (62cd9308)
2020-11-06T09:52:37.1164075+07:00  [INF] Removing 0 device flow codes (171ba47d)
2020-11-06T09:53:07.3844490+07:00  [INF] Removing 0 grants (62cd9308)
2020-11-06T09:53:07.4489523+07:00  [INF] Removing 0 device flow codes (171ba47d)
2020-11-06T09:53:37.4681490+07:00  [INF] Removing 0 grants (62cd9308)
2020-11-06T09:53:37.5128452+07:00  [INF] Removing 0 device flow codes (171ba47d)
2020-11-06T09:58:53.0153635+07:00  [INF] Removing 0 grants (62cd9308)
2020-11-06T09:58:53.0570100+07:00  [INF] Removing 0 device flow codes (171ba47d)
2020-11-06T09:59:34.7365898+07:00  [INF] Removing 0 grants (62cd9308)
2020-11-06T09:59:34.7657483+07:00  [INF] Removing 0 device flow codes (171ba47d)
2020-11-06T10:00:20.3854558+07:00  [INF] Removing 0 grants (62cd9308)
2020-11-06T10:00:20.4342750+07:00  [INF] Removing 0 device flow codes (171ba47d)
2020-11-06T10:00:41.3261978+07:00 8000002b-0001-f300-b63f-84710c7967bb [INF] Invoking IdentityServer endpoint: "IdentityServer4.Endpoints.DiscoveryEndpoint" for "/.well-known/openid-configuration" (f7642de5)
2020-11-06T10:00:58.8225916+07:00  [INF] Removing 0 grants (62cd9308)
2020-11-06T10:00:58.8588584+07:00  [INF] Removing 0 device flow codes (171ba47d)
2020-11-06T10:01:02.3063992+07:00 8000002c-0001-f300-b63f-84710c7967bb [INF] Invoking IdentityServer endpoint: "IdentityServer4.Endpoints.DiscoveryKeyEndpoint" for "/.well-known/openid-configuration/jwks" (f7642de5)
2020-11-06T10:01:02.7278761+07:00 8000001b-0000-fa00-b63f-84710c7967bb [INF] "Bearer" was not authenticated. Failure message: "IDX10223: Lifetime validation failed. The token is expired. ValidTo: '[PII is hidden. For more details, see https://aka.ms/IdentityModel/PII.]', Current time: '[PII is hidden. For more details, see https://aka.ms/IdentityModel/PII.]'." (48071232)
2020-11-06T10:01:02.7682479+07:00 8000001b-0000-fa00-b63f-84710c7967bb [INF] AuthenticationScheme: "Bearer" was challenged. (d45f1f38)
2020-11-06T10:01:13.3186375+07:00 8000001d-0000-fa00-b63f-84710c7967bb [INF] "Bearer" was not authenticated. Failure message: "IDX10223: Lifetime validation failed. The token is expired. ValidTo: '[PII is hidden. For more details, see https://aka.ms/IdentityModel/PII.]', Current time: '[PII is hidden. For more details, see https://aka.ms/IdentityModel/PII.]'." (48071232)
2020-11-06T10:01:13.3224732+07:00 8000001d-0000-fa00-b63f-84710c7967bb [INF] AuthenticationScheme: "Bearer" was challenged. (d45f1f38)
2020-11-06T10:03:19.1715959+07:00  [INF] Removing 0 grants (62cd9308)
2020-11-06T10:03:19.1817246+07:00  [INF] Removing 0 device flow codes (171ba47d)
2020-11-06T10:03:50.8014417+07:00  [INF] Removing 0 grants (62cd9308)
2020-11-06T10:03:50.8663113+07:00  [INF] Removing 0 device flow codes (171ba47d)
2020-11-06T10:04:20.8970142+07:00  [INF] Removing 0 grants (62cd9308)
2020-11-06T10:04:20.9245240+07:00  [INF] Removing 0 device flow codes (171ba47d)
2020-11-06T10:04:51.4804531+07:00  [INF] Removing 0 grants (62cd9308)
2020-11-06T10:04:51.5080818+07:00  [INF] Removing 0 device flow codes (171ba47d)
2020-11-06T10:06:55.4327589+07:00  [INF] Removing 0 grants (62cd9308)
2020-11-06T10:06:55.4587262+07:00  [INF] Removing 0 device flow codes (171ba47d)
2020-11-06T10:12:09.0836279+07:00  [INF] Removing 0 grants (62cd9308)
2020-11-06T10:12:09.0940011+07:00  [INF] Removing 0 device flow codes (171ba47d)
2020-11-06T10:44:45.1310027+07:00  [INF] Removing 0 grants (62cd9308)
2020-11-06T10:44:45.1752499+07:00  [INF] Removing 0 device flow codes (171ba47d)
2020-11-06T10:44:52.5409351+07:00 8000001f-0003-fe00-b63f-84710c7967bb [INF] Invoking IdentityServer endpoint: "IdentityServer4.Endpoints.DiscoveryEndpoint" for "/.well-known/openid-configuration" (f7642de5)
2020-11-06T10:44:54.1663306+07:00 80000045-0002-fc00-b63f-84710c7967bb [INF] Invoking IdentityServer endpoint: "IdentityServer4.Endpoints.DiscoveryKeyEndpoint" for "/.well-known/openid-configuration/jwks" (f7642de5)
2020-11-06T10:44:54.4449888+07:00 80000010-0001-ee00-b63f-84710c7967bb [INF] Invoking IdentityServer endpoint: "IdentityServer4.Endpoints.TokenEndpoint" for "/connect/token" (f7642de5)
2020-11-06T10:44:56.2854705+07:00 80000010-0001-ee00-b63f-84710c7967bb [INF] Token request validation success, TokenRequestValidationLog { ClientId: "cmsapp_spa", ClientName: null, GrantType: "refresh_token", Scopes: null, AuthorizationCode: null, RefreshToken: "lzosjCua4bx3jQWmb1_KfTGB-gl8s5FuPMOIXkEgGLc", UserName: null, AuthenticationContextReferenceClasses: null, Tenant: null, IdP: null, Raw: [("refresh_token": "***REDACTED***"), ("client_id": "cmsapp_spa"), ("grant_type": "refresh_token")] } (3a073258)
2020-11-06T10:45:21.8815582+07:00  [INF] Removing 0 grants (62cd9308)
2020-11-06T10:45:21.9029069+07:00  [INF] Removing 0 device flow codes (171ba47d)
2020-11-06T11:01:02.5654313+07:00  [INF] Removing 0 grants (62cd9308)
2020-11-06T11:01:02.5769370+07:00  [INF] Removing 0 device flow codes (171ba47d)
2020-11-06T11:01:32.6161118+07:00  [INF] Removing 0 grants (62cd9308)
2020-11-06T11:01:32.6380404+07:00  [INF] Removing 0 device flow codes (171ba47d)
2020-11-06T11:02:02.6907561+07:00  [INF] Removing 0 grants (62cd9308)
2020-11-06T11:02:02.6992010+07:00  [INF] Removing 0 device flow codes (171ba47d)
2020-11-06T11:02:32.7417481+07:00  [INF] Removing 0 grants (62cd9308)
2020-11-06T11:02:32.7499200+07:00  [INF] Removing 0 device flow codes (171ba47d)
2020-11-06T11:03:02.8058508+07:00  [INF] Removing 0 grants (62cd9308)
2020-11-06T11:03:02.8278518+07:00  [INF] Removing 0 device flow codes (171ba47d)
2020-11-06T11:03:32.8494704+07:00  [INF] Removing 0 grants (62cd9308)
2020-11-06T11:03:32.8768903+07:00  [INF] Removing 0 device flow codes (171ba47d)
2020-11-06T11:04:02.9088657+07:00  [INF] Removing 0 grants (62cd9308)
2020-11-06T11:04:02.9297904+07:00  [INF] Removing 0 device flow codes (171ba47d)
2020-11-06T11:04:32.9892889+07:00  [INF] Removing 0 grants (62cd9308)
2020-11-06T11:04:33.0095524+07:00  [INF] Removing 0 device flow codes (171ba47d)
2020-11-06T11:05:03.0937866+07:00  [INF] Removing 0 grants (62cd9308)
2020-11-06T11:05:03.1007440+07:00  [INF] Removing 0 device flow codes (171ba47d)
2020-11-06T11:05:33.1340683+07:00  [INF] Removing 0 grants (62cd9308)
2020-11-06T11:05:33.1509884+07:00  [INF] Removing 0 device flow codes (171ba47d)
2020-11-06T11:06:03.2110105+07:00  [INF] Removing 0 grants (62cd9308)
2020-11-06T11:06:03.2170443+07:00  [INF] Removing 0 device flow codes (171ba47d)
2020-11-06T11:06:33.2568649+07:00  [INF] Removing 0 grants (62cd9308)
2020-11-06T11:06:33.2776575+07:00  [INF] Removing 0 device flow codes (171ba47d)
2020-11-06T11:07:03.3393986+07:00  [INF] Removing 0 grants (62cd9308)
2020-11-06T11:07:03.3488308+07:00  [INF] Removing 0 device flow codes (171ba47d)
2020-11-06T11:07:33.3988002+07:00  [INF] Removing 0 grants (62cd9308)
2020-11-06T11:07:33.4178703+07:00  [INF] Removing 0 device flow codes (171ba47d)
2020-11-06T11:08:03.4561334+07:00  [INF] Removing 0 grants (62cd9308)
2020-11-06T11:08:03.4634928+07:00  [INF] Removing 0 device flow codes (171ba47d)
2020-11-06T11:08:33.4967955+07:00  [INF] Removing 0 grants (62cd9308)
2020-11-06T11:08:33.5060057+07:00  [INF] Removing 0 device flow codes (171ba47d)
2020-11-06T11:09:03.5533329+07:00  [INF] Removing 0 grants (62cd9308)
2020-11-06T11:09:03.5984443+07:00  [INF] Removing 0 device flow codes (171ba47d)
2020-11-06T11:09:33.6301503+07:00  [INF] Removing 0 grants (62cd9308)
2020-11-06T11:09:33.6500536+07:00  [INF] Removing 0 device flow codes (171ba47d)
2020-11-06T11:10:03.6843937+07:00  [INF] Removing 0 grants (62cd9308)
2020-11-06T11:10:03.6919775+07:00  [INF] Removing 0 device flow codes (171ba47d)
2020-11-06T11:10:33.7369417+07:00  [INF] Removing 0 grants (62cd9308)
2020-11-06T11:10:33.7707511+07:00  [INF] Removing 0 device flow codes (171ba47d)
2020-11-06T11:11:03.7831985+07:00  [INF] Removing 0 grants (62cd9308)
2020-11-06T11:11:03.8038224+07:00  [INF] Removing 0 device flow codes (171ba47d)
2020-11-06T11:11:33.8365939+07:00  [INF] Removing 0 grants (62cd9308)
2020-11-06T11:11:33.8600397+07:00  [INF] Removing 0 device flow codes (171ba47d)
2020-11-06T11:12:03.9003230+07:00  [INF] Removing 0 grants (62cd9308)
2020-11-06T11:12:03.9339882+07:00  [INF] Removing 0 device flow codes (171ba47d)
2020-11-06T11:12:33.9885511+07:00  [INF] Removing 0 grants (62cd9308)
2020-11-06T11:12:33.9982781+07:00  [INF] Removing 0 device flow codes (171ba47d)
2020-11-06T11:13:04.0465764+07:00  [INF] Removing 0 grants (62cd9308)
2020-11-06T11:13:04.0812184+07:00  [INF] Removing 0 device flow codes (171ba47d)
2020-11-06T11:13:34.1218434+07:00  [INF] Removing 0 grants (62cd9308)
2020-11-06T11:13:34.1303430+07:00  [INF] Removing 0 device flow codes (171ba47d)
2020-11-06T11:14:04.1870931+07:00  [INF] Removing 0 grants (62cd9308)
2020-11-06T11:14:04.1950145+07:00  [INF] Removing 0 device flow codes (171ba47d)
2020-11-06T11:14:34.2268759+07:00  [INF] Removing 0 grants (62cd9308)
2020-11-06T11:14:34.2657354+07:00  [INF] Removing 0 device flow codes (171ba47d)
2020-11-06T15:14:17.6921414+07:00  [INF] Starting IdentityServer4 version "3.1.3.0" (8add0571)
2020-11-06T15:14:17.7496798+07:00  [INF] Using the default authentication scheme "Identity.Application" for IdentityServer (4a54f457)
2020-11-06T15:14:18.2778153+07:00  [INF] Application started. Press Ctrl+C to shut down. (dcaefe54)
2020-11-06T15:14:18.2822145+07:00  [INF] Hosting environment: "Development" (c3307c92)
2020-11-06T15:14:18.3109600+07:00  [INF] Content root path: "D:\CmsApp\CmsApp" (b5d60022)
2020-11-06T15:14:48.1971085+07:00  [INF] Removing 1 grants (62cd9308)
2020-11-06T15:14:48.5342211+07:00  [INF] Removing 0 device flow codes (171ba47d)
2020-11-06T15:15:18.6341108+07:00  [INF] Removing 0 grants (62cd9308)
2020-11-06T15:15:18.6525866+07:00  [INF] Removing 0 device flow codes (171ba47d)
2020-11-06T15:15:48.8525673+07:00  [INF] Removing 0 grants (62cd9308)
2020-11-06T15:15:48.9571330+07:00  [INF] Removing 0 device flow codes (171ba47d)
2020-11-06T15:16:18.9917441+07:00  [INF] Removing 0 grants (62cd9308)
2020-11-06T15:16:19.0094193+07:00  [INF] Removing 0 device flow codes (171ba47d)
2020-11-06T15:16:49.0598280+07:00  [INF] Removing 0 grants (62cd9308)
2020-11-06T15:16:49.0764593+07:00  [INF] Removing 0 device flow codes (171ba47d)
2020-11-06T15:17:19.1140461+07:00  [INF] Removing 0 grants (62cd9308)
2020-11-06T15:17:19.1258293+07:00  [INF] Removing 0 device flow codes (171ba47d)
2020-11-06T15:17:49.1496440+07:00  [INF] Removing 0 grants (62cd9308)
2020-11-06T15:17:49.1713963+07:00  [INF] Removing 0 device flow codes (171ba47d)
2020-11-06T15:18:19.2141924+07:00  [INF] Removing 0 grants (62cd9308)
2020-11-06T15:18:19.2424875+07:00  [INF] Removing 0 device flow codes (171ba47d)
2020-11-06T15:18:49.2836721+07:00  [INF] Removing 0 grants (62cd9308)
2020-11-06T15:18:49.3119668+07:00  [INF] Removing 0 device flow codes (171ba47d)
2020-11-06T15:19:19.3494299+07:00  [INF] Removing 0 grants (62cd9308)
2020-11-06T15:19:19.3704216+07:00  [INF] Removing 0 device flow codes (171ba47d)
2020-11-06T15:19:49.4149107+07:00  [INF] Removing 0 grants (62cd9308)
2020-11-06T15:19:49.4377836+07:00  [INF] Removing 0 device flow codes (171ba47d)
2020-11-06T15:20:19.5059647+07:00  [INF] Removing 0 grants (62cd9308)
2020-11-06T15:20:19.5289710+07:00  [INF] Removing 0 device flow codes (171ba47d)
2020-11-06T15:20:49.5813521+07:00  [INF] Removing 0 grants (62cd9308)
2020-11-06T15:20:49.6062515+07:00  [INF] Removing 0 device flow codes (171ba47d)
2020-11-06T15:21:19.6229529+07:00  [INF] Removing 0 grants (62cd9308)
2020-11-06T15:21:19.6558030+07:00  [INF] Removing 0 device flow codes (171ba47d)
2020-11-06T15:21:49.6916707+07:00  [INF] Removing 0 grants (62cd9308)
2020-11-06T15:21:49.7101640+07:00  [INF] Removing 0 device flow codes (171ba47d)
2020-11-06T15:22:19.8929009+07:00  [INF] Removing 0 grants (62cd9308)
2020-11-06T15:22:20.0045716+07:00  [INF] Removing 0 device flow codes (171ba47d)
2020-11-06T15:22:50.0400483+07:00  [INF] Removing 0 grants (62cd9308)
2020-11-06T15:22:50.0627399+07:00  [INF] Removing 0 device flow codes (171ba47d)
2020-11-06T15:23:20.0965531+07:00  [INF] Removing 0 grants (62cd9308)
2020-11-06T15:23:20.1166284+07:00  [INF] Removing 0 device flow codes (171ba47d)
2020-11-06T15:23:50.1431826+07:00  [INF] Removing 0 grants (62cd9308)
2020-11-06T15:23:50.1653194+07:00  [INF] Removing 0 device flow codes (171ba47d)
2020-11-06T15:24:20.1996683+07:00  [INF] Removing 0 grants (62cd9308)
2020-11-06T15:24:20.2235967+07:00  [INF] Removing 0 device flow codes (171ba47d)
2020-11-06T15:24:50.2539658+07:00  [INF] Removing 0 grants (62cd9308)
2020-11-06T15:24:50.2799295+07:00  [INF] Removing 0 device flow codes (171ba47d)
2020-11-06T15:25:20.2963101+07:00  [INF] Removing 0 grants (62cd9308)
2020-11-06T15:25:20.3206829+07:00  [INF] Removing 0 device flow codes (171ba47d)
2020-11-06T15:25:50.3603208+07:00  [INF] Removing 0 grants (62cd9308)
2020-11-06T15:25:50.3961444+07:00  [INF] Removing 0 device flow codes (171ba47d)
2020-11-06T15:26:20.4376217+07:00  [INF] Removing 0 grants (62cd9308)
2020-11-06T15:26:20.4614814+07:00  [INF] Removing 0 device flow codes (171ba47d)
2020-11-06T15:26:50.4872559+07:00  [INF] Removing 0 grants (62cd9308)
2020-11-06T15:26:50.5086264+07:00  [INF] Removing 0 device flow codes (171ba47d)
2020-11-06T15:27:20.5397563+07:00  [INF] Removing 0 grants (62cd9308)
2020-11-06T15:27:20.5614343+07:00  [INF] Removing 0 device flow codes (171ba47d)
2020-11-06T15:27:50.6025148+07:00  [INF] Removing 0 grants (62cd9308)
2020-11-06T15:27:50.6132347+07:00  [INF] Removing 0 device flow codes (171ba47d)
2020-11-06T15:28:20.6402461+07:00  [INF] Removing 0 grants (62cd9308)
2020-11-06T15:28:20.6578638+07:00  [INF] Removing 0 device flow codes (171ba47d)
2020-11-06T15:28:50.6836638+07:00  [INF] Removing 0 grants (62cd9308)
2020-11-06T15:28:50.7067521+07:00  [INF] Removing 0 device flow codes (171ba47d)
2020-11-06T15:29:20.7366410+07:00  [INF] Removing 0 grants (62cd9308)
2020-11-06T15:29:20.7589617+07:00  [INF] Removing 0 device flow codes (171ba47d)
2020-11-06T15:29:50.7822927+07:00  [INF] Removing 0 grants (62cd9308)
2020-11-06T15:29:50.8027560+07:00  [INF] Removing 0 device flow codes (171ba47d)
2020-11-06T15:30:20.8368846+07:00  [INF] Removing 0 grants (62cd9308)
2020-11-06T15:30:20.8571796+07:00  [INF] Removing 0 device flow codes (171ba47d)
2020-11-06T15:30:50.8972862+07:00  [INF] Removing 0 grants (62cd9308)
2020-11-06T15:30:50.9183441+07:00  [INF] Removing 0 device flow codes (171ba47d)
2020-11-06T15:31:20.9723883+07:00  [INF] Removing 0 grants (62cd9308)
2020-11-06T15:31:20.9823684+07:00  [INF] Removing 0 device flow codes (171ba47d)
2020-11-06T15:31:51.0204202+07:00  [INF] Removing 0 grants (62cd9308)
2020-11-06T15:31:51.0294909+07:00  [INF] Removing 0 device flow codes (171ba47d)
2020-11-06T15:32:21.0699152+07:00  [INF] Removing 0 grants (62cd9308)
2020-11-06T15:32:21.0924130+07:00  [INF] Removing 0 device flow codes (171ba47d)
2020-11-06T15:32:51.1376621+07:00  [INF] Removing 0 grants (62cd9308)
2020-11-06T15:32:51.1659599+07:00  [INF] Removing 0 device flow codes (171ba47d)
2020-11-06T15:33:21.2029621+07:00  [INF] Removing 0 grants (62cd9308)
2020-11-06T15:33:21.2115845+07:00  [INF] Removing 0 device flow codes (171ba47d)
2020-11-06T15:33:51.2448436+07:00  [INF] Removing 0 grants (62cd9308)
2020-11-06T15:33:51.2554832+07:00  [INF] Removing 0 device flow codes (171ba47d)
2020-11-06T15:34:21.2872929+07:00  [INF] Removing 0 grants (62cd9308)
2020-11-06T15:34:21.2953212+07:00  [INF] Removing 0 device flow codes (171ba47d)
2020-11-06T15:34:51.3211396+07:00  [INF] Removing 0 grants (62cd9308)
2020-11-06T15:34:51.3439902+07:00  [INF] Removing 0 device flow codes (171ba47d)
2020-11-06T15:35:21.5370030+07:00  [INF] Removing 0 grants (62cd9308)
2020-11-06T15:35:21.5833628+07:00  [INF] Removing 0 device flow codes (171ba47d)
2020-11-06T15:35:51.5964602+07:00  [INF] Removing 0 grants (62cd9308)
2020-11-06T15:35:51.6181151+07:00  [INF] Removing 0 device flow codes (171ba47d)
2020-11-06T15:36:21.6636533+07:00  [INF] Removing 0 grants (62cd9308)
2020-11-06T15:36:21.6719739+07:00  [INF] Removing 0 device flow codes (171ba47d)
2020-11-06T15:36:51.6917960+07:00  [INF] Removing 0 grants (62cd9308)
2020-11-06T15:36:51.7133009+07:00  [INF] Removing 0 device flow codes (171ba47d)
2020-11-06T15:37:21.7435911+07:00  [INF] Removing 0 grants (62cd9308)
2020-11-06T15:37:21.7523805+07:00  [INF] Removing 0 device flow codes (171ba47d)
2020-11-06T15:37:51.7651509+07:00  [INF] Removing 0 grants (62cd9308)
2020-11-06T15:37:51.7893013+07:00  [INF] Removing 0 device flow codes (171ba47d)
2020-11-06T15:38:21.8264346+07:00  [INF] Removing 0 grants (62cd9308)
2020-11-06T15:38:21.8487467+07:00  [INF] Removing 0 device flow codes (171ba47d)
2020-11-06T15:38:51.8796168+07:00  [INF] Removing 0 grants (62cd9308)
2020-11-06T15:38:51.9021158+07:00  [INF] Removing 0 device flow codes (171ba47d)
2020-11-06T15:39:21.9351072+07:00  [INF] Removing 0 grants (62cd9308)
2020-11-06T15:39:21.9418824+07:00  [INF] Removing 0 device flow codes (171ba47d)
2020-11-06T15:39:51.9748266+07:00  [INF] Removing 0 grants (62cd9308)
2020-11-06T15:39:51.9968675+07:00  [INF] Removing 0 device flow codes (171ba47d)
2020-11-06T15:40:22.0247044+07:00  [INF] Removing 0 grants (62cd9308)
2020-11-06T15:40:22.0447618+07:00  [INF] Removing 0 device flow codes (171ba47d)
2020-11-06T15:40:52.0952405+07:00  [INF] Removing 0 grants (62cd9308)
2020-11-06T15:40:52.1183098+07:00  [INF] Removing 0 device flow codes (171ba47d)
2020-11-06T15:41:22.1505239+07:00  [INF] Removing 0 grants (62cd9308)
2020-11-06T15:41:22.1671445+07:00  [INF] Removing 0 device flow codes (171ba47d)
2020-11-06T15:41:52.2010667+07:00  [INF] Removing 0 grants (62cd9308)
2020-11-06T15:41:52.2237597+07:00  [INF] Removing 0 device flow codes (171ba47d)
2020-11-06T15:42:22.2723203+07:00  [INF] Removing 0 grants (62cd9308)
2020-11-06T15:42:22.2811948+07:00  [INF] Removing 0 device flow codes (171ba47d)
2020-11-06T15:42:52.3176231+07:00  [INF] Removing 0 grants (62cd9308)
2020-11-06T15:42:52.3440314+07:00  [INF] Removing 0 device flow codes (171ba47d)
2020-11-06T15:43:22.3686618+07:00  [INF] Removing 0 grants (62cd9308)
2020-11-06T15:43:22.3896697+07:00  [INF] Removing 0 device flow codes (171ba47d)
2020-11-06T15:43:52.4125911+07:00  [INF] Removing 0 grants (62cd9308)
2020-11-06T15:43:52.4308209+07:00  [INF] Removing 0 device flow codes (171ba47d)
2020-11-06T15:44:22.4723067+07:00  [INF] Removing 0 grants (62cd9308)
2020-11-06T15:44:22.4803086+07:00  [INF] Removing 0 device flow codes (171ba47d)
2020-11-06T15:44:52.5054996+07:00  [INF] Removing 0 grants (62cd9308)
2020-11-06T15:44:52.5140418+07:00  [INF] Removing 0 device flow codes (171ba47d)
2020-11-06T15:45:22.5502939+07:00  [INF] Removing 0 grants (62cd9308)
2020-11-06T15:45:22.5758516+07:00  [INF] Removing 0 device flow codes (171ba47d)
2020-11-06T15:45:52.6265734+07:00  [INF] Removing 0 grants (62cd9308)
2020-11-06T15:45:52.6726744+07:00  [INF] Removing 0 device flow codes (171ba47d)
2020-11-06T15:46:22.7004668+07:00  [INF] Removing 0 grants (62cd9308)
2020-11-06T15:46:22.7214503+07:00  [INF] Removing 0 device flow codes (171ba47d)
2020-11-06T15:46:52.7411878+07:00  [INF] Removing 0 grants (62cd9308)
2020-11-06T15:46:52.7502663+07:00  [INF] Removing 0 device flow codes (171ba47d)
2020-11-06T15:47:22.7952405+07:00  [INF] Removing 0 grants (62cd9308)
2020-11-06T15:47:22.8036008+07:00  [INF] Removing 0 device flow codes (171ba47d)
2020-11-06T15:47:52.8623269+07:00  [INF] Removing 0 grants (62cd9308)
2020-11-06T15:47:52.8702359+07:00  [INF] Removing 0 device flow codes (171ba47d)
2020-11-06T15:48:22.8934263+07:00  [INF] Removing 0 grants (62cd9308)
2020-11-06T15:48:22.9110463+07:00  [INF] Removing 0 device flow codes (171ba47d)
2020-11-06T15:48:52.9480942+07:00  [INF] Removing 0 grants (62cd9308)
2020-11-06T15:48:52.9731241+07:00  [INF] Removing 0 device flow codes (171ba47d)
2020-11-06T15:49:22.9902154+07:00  [INF] Removing 0 grants (62cd9308)
2020-11-06T15:49:23.0004246+07:00  [INF] Removing 0 device flow codes (171ba47d)
2020-11-06T15:49:53.0355875+07:00  [INF] Removing 0 grants (62cd9308)
2020-11-06T15:49:53.0450209+07:00  [INF] Removing 0 device flow codes (171ba47d)
2020-11-06T15:50:23.0823861+07:00  [INF] Removing 0 grants (62cd9308)
2020-11-06T15:50:23.1047279+07:00  [INF] Removing 0 device flow codes (171ba47d)
2020-11-06T15:50:53.1361297+07:00  [INF] Removing 0 grants (62cd9308)
2020-11-06T15:50:53.1443302+07:00  [INF] Removing 0 device flow codes (171ba47d)
2020-11-06T15:51:23.1692565+07:00  [INF] Removing 0 grants (62cd9308)
2020-11-06T15:51:23.2016743+07:00  [INF] Removing 0 device flow codes (171ba47d)
2020-11-06T15:51:53.2439887+07:00  [INF] Removing 0 grants (62cd9308)
2020-11-06T15:51:53.2558226+07:00  [INF] Removing 0 device flow codes (171ba47d)
2020-11-06T15:52:23.2871364+07:00  [INF] Removing 0 grants (62cd9308)
2020-11-06T15:52:23.2972829+07:00  [INF] Removing 0 device flow codes (171ba47d)
2020-11-06T15:52:53.3268397+07:00  [INF] Removing 0 grants (62cd9308)
2020-11-06T15:52:53.3364505+07:00  [INF] Removing 0 device flow codes (171ba47d)
2020-11-06T15:53:23.3633651+07:00  [INF] Removing 0 grants (62cd9308)
2020-11-06T15:53:23.3842649+07:00  [INF] Removing 0 device flow codes (171ba47d)
2020-11-06T15:53:53.3989029+07:00  [INF] Removing 0 grants (62cd9308)
2020-11-06T15:53:53.4080469+07:00  [INF] Removing 0 device flow codes (171ba47d)
2020-11-06T15:54:23.4181382+07:00  [INF] Removing 0 grants (62cd9308)
2020-11-06T15:54:23.4270669+07:00  [INF] Removing 0 device flow codes (171ba47d)
2020-11-06T15:54:53.4489878+07:00  [INF] Removing 0 grants (62cd9308)
2020-11-06T15:54:53.4569916+07:00  [INF] Removing 0 device flow codes (171ba47d)
2020-11-06T15:55:23.4963545+07:00  [INF] Removing 0 grants (62cd9308)
2020-11-06T15:55:23.5180442+07:00  [INF] Removing 0 device flow codes (171ba47d)
2020-11-06T15:55:53.5371328+07:00  [INF] Removing 0 grants (62cd9308)
2020-11-06T15:55:53.5604641+07:00  [INF] Removing 0 device flow codes (171ba47d)
2020-11-06T15:56:23.6060843+07:00  [INF] Removing 0 grants (62cd9308)
2020-11-06T15:56:23.6294694+07:00  [INF] Removing 0 device flow codes (171ba47d)
2020-11-06T15:56:53.6910709+07:00  [INF] Removing 0 grants (62cd9308)
2020-11-06T15:56:53.6999501+07:00  [INF] Removing 0 device flow codes (171ba47d)
2020-11-06T15:57:23.8569880+07:00  [INF] Removing 0 grants (62cd9308)
2020-11-06T15:57:23.8866374+07:00  [INF] Removing 0 device flow codes (171ba47d)
2020-11-06T15:57:53.9278245+07:00  [INF] Removing 0 grants (62cd9308)
2020-11-06T15:57:53.9555134+07:00  [INF] Removing 0 device flow codes (171ba47d)
2020-11-06T15:58:24.0036264+07:00  [INF] Removing 0 grants (62cd9308)
2020-11-06T15:58:24.0176927+07:00  [INF] Removing 0 device flow codes (171ba47d)
2020-11-06T15:58:54.0407341+07:00  [INF] Removing 0 grants (62cd9308)
2020-11-06T15:58:54.0490089+07:00  [INF] Removing 0 device flow codes (171ba47d)
2020-11-06T15:59:24.0654167+07:00  [INF] Removing 0 grants (62cd9308)
2020-11-06T15:59:24.0714556+07:00  [INF] Removing 0 device flow codes (171ba47d)
2020-11-06T15:59:54.0828496+07:00  [INF] Removing 0 grants (62cd9308)
2020-11-06T15:59:54.0903425+07:00  [INF] Removing 0 device flow codes (171ba47d)
2020-11-06T16:00:24.1125033+07:00  [INF] Removing 0 grants (62cd9308)
2020-11-06T16:00:24.1534489+07:00  [INF] Removing 0 device flow codes (171ba47d)
2020-11-06T16:00:54.1850982+07:00  [INF] Removing 0 grants (62cd9308)
2020-11-06T16:00:54.1942549+07:00  [INF] Removing 0 device flow codes (171ba47d)
2020-11-06T16:01:24.2081224+07:00  [INF] Removing 0 grants (62cd9308)
2020-11-06T16:01:24.2157094+07:00  [INF] Removing 0 device flow codes (171ba47d)
2020-11-06T16:01:54.2502037+07:00  [INF] Removing 0 grants (62cd9308)
2020-11-06T16:01:54.2587054+07:00  [INF] Removing 0 device flow codes (171ba47d)
2020-11-06T16:02:24.2676504+07:00  [INF] Removing 0 grants (62cd9308)
2020-11-06T16:02:24.2776460+07:00  [INF] Removing 0 device flow codes (171ba47d)
2020-11-06T16:02:54.3084918+07:00  [INF] Removing 0 grants (62cd9308)
2020-11-06T16:02:54.3299744+07:00  [INF] Removing 0 device flow codes (171ba47d)
2020-11-06T16:03:24.3749262+07:00  [INF] Removing 0 grants (62cd9308)
2020-11-06T16:03:24.3827784+07:00  [INF] Removing 0 device flow codes (171ba47d)
2020-11-06T16:03:54.4044389+07:00  [INF] Removing 0 grants (62cd9308)
2020-11-06T16:03:54.4109915+07:00  [INF] Removing 0 device flow codes (171ba47d)
2020-11-06T16:04:24.4355804+07:00  [INF] Removing 0 grants (62cd9308)
2020-11-06T16:04:24.4484134+07:00  [INF] Removing 0 device flow codes (171ba47d)
2020-11-06T16:04:54.4645710+07:00  [INF] Removing 0 grants (62cd9308)
2020-11-06T16:04:54.4760002+07:00  [INF] Removing 0 device flow codes (171ba47d)
