2020-10-16T08:45:18.3478915+07:00  [INF] Starting IdentityServer4 version "3.1.3.0" (8add0571)
2020-10-16T08:45:18.3793278+07:00  [INF] Using the default authentication scheme "Identity.Application" for IdentityServer (4a54f457)
2020-10-16T08:45:19.3780672+07:00  [INF] Now listening on: "https://localhost:5001" (d826f4b8)
2020-10-16T08:45:19.3783252+07:00  [INF] Now listening on: "http://localhost:5000" (d826f4b8)
2020-10-16T08:45:19.3786834+07:00  [INF] Application started. Press Ctrl+C to shut down. (dcaefe54)
2020-10-16T08:45:19.3787695+07:00  [INF] Hosting environment: "Development" (c3307c92)
2020-10-16T08:45:19.3788374+07:00  [INF] Content root path: "D:\CmsApp\CmsApp" (b5d60022)
2020-10-16T08:45:48.3882944+07:00  [INF] Removing 0 grants (62cd9308)
2020-10-16T08:45:48.4443422+07:00  [INF] Removing 0 device flow codes (171ba47d)
2020-10-16T08:46:18.4667311+07:00  [INF] Removing 0 grants (62cd9308)
2020-10-16T08:46:18.4685969+07:00  [INF] Removing 0 device flow codes (171ba47d)
2020-10-16T08:46:48.4830689+07:00  [INF] Removing 0 grants (62cd9308)
2020-10-16T08:46:48.4853744+07:00  [INF] Removing 0 device flow codes (171ba47d)
2020-10-16T08:47:18.5171842+07:00  [INF] Removing 0 grants (62cd9308)
2020-10-16T08:47:18.5295791+07:00  [INF] Removing 0 device flow codes (171ba47d)
2020-10-16T08:47:48.5519773+07:00  [INF] Removing 0 grants (62cd9308)
2020-10-16T08:47:48.5629284+07:00  [INF] Removing 0 device flow codes (171ba47d)
2020-10-16T08:48:18.5671010+07:00  [INF] Removing 0 grants (62cd9308)
2020-10-16T08:48:18.5688650+07:00  [INF] Removing 0 device flow codes (171ba47d)
2020-10-16T08:48:48.5863905+07:00  [INF] Removing 0 grants (62cd9308)
2020-10-16T08:48:48.5901585+07:00  [INF] Removing 0 device flow codes (171ba47d)
2020-10-16T08:49:18.6163011+07:00  [INF] Removing 0 grants (62cd9308)
2020-10-16T08:49:18.6243003+07:00  [INF] Removing 0 device flow codes (171ba47d)
2020-10-16T08:49:48.6420948+07:00  [INF] Removing 0 grants (62cd9308)
2020-10-16T08:49:48.6521250+07:00  [INF] Removing 0 device flow codes (171ba47d)
2020-10-16T08:50:18.6768153+07:00  [INF] Removing 0 grants (62cd9308)
2020-10-16T08:50:18.6786979+07:00  [INF] Removing 0 device flow codes (171ba47d)
2020-10-16T08:50:48.7086242+07:00  [INF] Removing 0 grants (62cd9308)
2020-10-16T08:50:48.7115875+07:00  [INF] Removing 0 device flow codes (171ba47d)
2020-10-16T08:51:18.7286773+07:00  [INF] Removing 0 grants (62cd9308)
2020-10-16T08:51:18.7369283+07:00  [INF] Removing 0 device flow codes (171ba47d)
2020-10-16T08:51:48.7521000+07:00  [INF] Removing 0 grants (62cd9308)
2020-10-16T08:51:48.7601886+07:00  [INF] Removing 0 device flow codes (171ba47d)
2020-10-16T08:52:18.7654427+07:00  [INF] Removing 0 grants (62cd9308)
2020-10-16T08:52:18.7693011+07:00  [INF] Removing 0 device flow codes (171ba47d)
2020-10-16T08:52:48.7920411+07:00  [INF] Removing 0 grants (62cd9308)
2020-10-16T08:52:48.7990726+07:00  [INF] Removing 0 device flow codes (171ba47d)
2020-10-16T08:53:18.8338604+07:00  [INF] Removing 0 grants (62cd9308)
2020-10-16T08:53:18.8424756+07:00  [INF] Removing 0 device flow codes (171ba47d)
2020-10-16T08:53:48.8701284+07:00  [INF] Removing 0 grants (62cd9308)
2020-10-16T08:53:48.8749787+07:00  [INF] Removing 0 device flow codes (171ba47d)
2020-10-16T08:54:18.8828637+07:00  [INF] Removing 0 grants (62cd9308)
2020-10-16T08:54:18.8902641+07:00  [INF] Removing 0 device flow codes (171ba47d)
2020-10-16T08:54:48.9116813+07:00  [INF] Removing 0 grants (62cd9308)
2020-10-16T08:54:48.9166465+07:00  [INF] Removing 0 device flow codes (171ba47d)
2020-10-16T08:55:18.9277156+07:00  [INF] Removing 0 grants (62cd9308)
2020-10-16T08:55:18.9324204+07:00  [INF] Removing 0 device flow codes (171ba47d)
2020-10-16T08:55:48.9553377+07:00  [INF] Removing 0 grants (62cd9308)
2020-10-16T08:55:48.9564584+07:00  [INF] Removing 0 device flow codes (171ba47d)
2020-10-16T08:56:18.9680066+07:00  [INF] Removing 0 grants (62cd9308)
2020-10-16T08:56:18.9694284+07:00  [INF] Removing 0 device flow codes (171ba47d)
2020-10-16T08:56:48.9732718+07:00  [INF] Removing 0 grants (62cd9308)
2020-10-16T08:56:48.9746586+07:00  [INF] Removing 0 device flow codes (171ba47d)
2020-10-16T08:57:18.9892284+07:00  [INF] Removing 0 grants (62cd9308)
2020-10-16T08:57:18.9905751+07:00  [INF] Removing 0 device flow codes (171ba47d)
2020-10-16T08:57:48.9950630+07:00  [INF] Removing 0 grants (62cd9308)
2020-10-16T08:57:48.9964868+07:00  [INF] Removing 0 device flow codes (171ba47d)
2020-10-16T08:58:19.0107851+07:00  [INF] Removing 0 grants (62cd9308)
2020-10-16T08:58:19.0123492+07:00  [INF] Removing 0 device flow codes (171ba47d)
2020-10-16T08:58:49.0297848+07:00  [INF] Removing 0 grants (62cd9308)
2020-10-16T08:58:49.0313394+07:00  [INF] Removing 0 device flow codes (171ba47d)
2020-10-16T08:59:19.0449054+07:00  [INF] Removing 0 grants (62cd9308)
2020-10-16T08:59:19.0464137+07:00  [INF] Removing 0 device flow codes (171ba47d)
2020-10-16T08:59:49.0507881+07:00  [INF] Removing 0 grants (62cd9308)
2020-10-16T08:59:49.0522408+07:00  [INF] Removing 0 device flow codes (171ba47d)
2020-10-16T09:00:19.0571221+07:00  [INF] Removing 0 grants (62cd9308)
2020-10-16T09:00:19.0586647+07:00  [INF] Removing 0 device flow codes (171ba47d)
2020-10-16T09:00:49.0776493+07:00  [INF] Removing 0 grants (62cd9308)
2020-10-16T09:00:49.0790301+07:00  [INF] Removing 0 device flow codes (171ba47d)
2020-10-16T09:01:19.0969637+07:00  [INF] Removing 0 grants (62cd9308)
2020-10-16T09:01:19.0983155+07:00  [INF] Removing 0 device flow codes (171ba47d)
2020-10-16T09:01:49.1086484+07:00  [INF] Removing 0 grants (62cd9308)
2020-10-16T09:01:49.1099757+07:00  [INF] Removing 0 device flow codes (171ba47d)
2020-10-16T09:02:19.1168117+07:00  [INF] Removing 0 grants (62cd9308)
2020-10-16T09:02:19.1183999+07:00  [INF] Removing 0 device flow codes (171ba47d)
2020-10-16T09:02:49.1295127+07:00  [INF] Removing 0 grants (62cd9308)
2020-10-16T09:02:49.1308289+07:00  [INF] Removing 0 device flow codes (171ba47d)
2020-10-16T09:03:19.1517541+07:00  [INF] Removing 0 grants (62cd9308)
2020-10-16T09:03:19.1533115+07:00  [INF] Removing 0 device flow codes (171ba47d)
2020-10-16T09:03:49.1669482+07:00  [INF] Removing 0 grants (62cd9308)
2020-10-16T09:03:49.1682280+07:00  [INF] Removing 0 device flow codes (171ba47d)
2020-10-16T09:04:19.1872509+07:00  [INF] Removing 0 grants (62cd9308)
2020-10-16T09:04:19.1887396+07:00  [INF] Removing 0 device flow codes (171ba47d)
2020-10-16T09:04:49.1952065+07:00  [INF] Removing 0 grants (62cd9308)
2020-10-16T09:04:49.1965824+07:00  [INF] Removing 0 device flow codes (171ba47d)
2020-10-16T09:05:19.2179609+07:00  [INF] Removing 0 grants (62cd9308)
2020-10-16T09:05:19.2195589+07:00  [INF] Removing 0 device flow codes (171ba47d)
2020-10-16T09:05:49.2219277+07:00  [INF] Removing 0 grants (62cd9308)
2020-10-16T09:05:49.2233629+07:00  [INF] Removing 0 device flow codes (171ba47d)
2020-10-16T09:05:55.8479505+07:00  [INF] Application is shutting down... (90f52c38)
2020-10-16T09:18:02.1525565+07:00  [INF] Starting IdentityServer4 version "3.1.3.0" (8add0571)
2020-10-16T09:18:02.2290141+07:00  [INF] Using the default authentication scheme "Identity.Application" for IdentityServer (4a54f457)
2020-10-16T09:18:02.6175749+07:00  [INF] Application started. Press Ctrl+C to shut down. (dcaefe54)
2020-10-16T09:18:02.6199516+07:00  [INF] Hosting environment: "Development" (c3307c92)
2020-10-16T09:18:02.6225336+07:00  [INF] Content root path: "D:\CmsApp\CmsApp" (b5d60022)
2020-10-16T09:18:33.1198185+07:00  [INF] Removing 0 grants (62cd9308)
2020-10-16T09:18:33.1996497+07:00  [INF] Removing 0 device flow codes (171ba47d)
2020-10-16T09:19:03.2645291+07:00  [INF] Removing 0 grants (62cd9308)
2020-10-16T09:19:03.2948811+07:00  [INF] Removing 0 device flow codes (171ba47d)
2020-10-16T09:19:33.3337277+07:00  [INF] Removing 0 grants (62cd9308)
2020-10-16T09:19:33.3467321+07:00  [INF] Removing 0 device flow codes (171ba47d)
2020-10-16T09:20:03.4286255+07:00  [INF] Removing 0 grants (62cd9308)
2020-10-16T09:20:03.4480954+07:00  [INF] Removing 0 device flow codes (171ba47d)
2020-10-16T09:20:33.4663494+07:00  [INF] Removing 0 grants (62cd9308)
2020-10-16T09:20:33.4739152+07:00  [INF] Removing 0 device flow codes (171ba47d)
2020-10-16T09:21:03.5013696+07:00  [INF] Removing 0 grants (62cd9308)
2020-10-16T09:21:03.5250710+07:00  [INF] Removing 0 device flow codes (171ba47d)
2020-10-16T09:21:33.5617268+07:00  [INF] Removing 0 grants (62cd9308)
2020-10-16T09:21:33.5990566+07:00  [INF] Removing 0 device flow codes (171ba47d)
2020-10-16T09:22:03.6948762+07:00  [INF] Removing 0 grants (62cd9308)
2020-10-16T09:22:03.7256381+07:00  [INF] Removing 0 device flow codes (171ba47d)
2020-10-16T09:22:33.7949775+07:00  [INF] Removing 0 grants (62cd9308)
2020-10-16T09:22:33.8052311+07:00  [INF] Removing 0 device flow codes (171ba47d)
2020-10-16T09:22:47.6541159+07:00 80000012-0003-fd00-b63f-84710c7967bb [INF] Invoking IdentityServer endpoint: "IdentityServer4.Endpoints.DiscoveryEndpoint" for "/.well-known/openid-configuration" (f7642de5)
2020-10-16T09:22:49.2211307+07:00 80000014-0003-fd00-b63f-84710c7967bb [INF] Invoking IdentityServer endpoint: "IdentityServer4.Endpoints.DiscoveryKeyEndpoint" for "/.well-known/openid-configuration/jwks" (f7642de5)
2020-10-16T09:22:49.3016283+07:00 80000023-0002-fd00-b63f-84710c7967bb [INF] Invoking IdentityServer endpoint: "IdentityServer4.Endpoints.TokenEndpoint" for "/connect/token" (f7642de5)
2020-10-16T09:22:50.7349811+07:00 80000023-0002-fd00-b63f-84710c7967bb [INF] Credentials validated for username: "kreangkrai" (cb811aa7)
2020-10-16T09:22:50.7986727+07:00 80000023-0002-fd00-b63f-84710c7967bb [INF] Token request validation success, TokenRequestValidationLog { ClientId: "quickapp_spa", ClientName: null, GrantType: "password", Scopes: "email offline_access openid phone profile quickapp_api roles", AuthorizationCode: null, RefreshToken: null, UserName: "kreangkrai", AuthenticationContextReferenceClasses: null, Tenant: null, IdP: null, Raw: [("username": "kreangkrai"), ("password": "***REDACTED***"), ("client_id": "quickapp_spa"), ("grant_type": "password"), ("scope": "openid email phone profile offline_access roles quickapp_api")] } (3a073258)
2020-10-16T09:23:03.8410770+07:00  [INF] Removing 0 grants (62cd9308)
2020-10-16T09:23:03.8571373+07:00  [INF] Removing 0 device flow codes (171ba47d)
2020-10-16T09:23:15.4332465+07:00 80000006-0001-f000-b63f-84710c7967bb [INF] Invoking IdentityServer endpoint: "IdentityServer4.Endpoints.DiscoveryKeyEndpoint" for "/.well-known/openid-configuration/jwks" (f7642de5)
2020-10-16T09:23:33.8888708+07:00  [INF] Removing 0 grants (62cd9308)
2020-10-16T09:23:33.9186464+07:00  [INF] Removing 0 device flow codes (171ba47d)
2020-10-16T09:23:34.4412974+07:00 80000007-0000-f800-b63f-84710c7967bb [INF] Invoking IdentityServer endpoint: "IdentityServer4.Endpoints.DiscoveryKeyEndpoint" for "/.well-known/openid-configuration/jwks" (f7642de5)
2020-10-16T09:24:03.9437743+07:00  [INF] Removing 0 grants (62cd9308)
2020-10-16T09:24:03.9668909+07:00  [INF] Removing 0 device flow codes (171ba47d)
2020-10-16T09:24:34.0120617+07:00  [INF] Removing 0 grants (62cd9308)
2020-10-16T09:24:34.0355243+07:00  [INF] Removing 0 device flow codes (171ba47d)
2020-10-16T09:24:36.2404414+07:00 80000025-0002-fd00-b63f-84710c7967bb [INF] Invoking IdentityServer endpoint: "IdentityServer4.Endpoints.DiscoveryEndpoint" for "/.well-known/openid-configuration" (f7642de5)
2020-10-16T09:25:04.0877322+07:00  [INF] Removing 0 grants (62cd9308)
2020-10-16T09:25:04.1355585+07:00  [INF] Removing 0 device flow codes (171ba47d)
2020-10-16T09:25:34.1579514+07:00  [INF] Removing 0 grants (62cd9308)
2020-10-16T09:25:34.1762973+07:00  [INF] Removing 0 device flow codes (171ba47d)
2020-10-16T09:26:04.2453965+07:00  [INF] Removing 0 grants (62cd9308)
2020-10-16T09:26:04.2524604+07:00  [INF] Removing 0 device flow codes (171ba47d)
2020-10-16T09:26:10.4101610+07:00 80000009-0000-f800-b63f-84710c7967bb [INF] Invoking IdentityServer endpoint: "IdentityServer4.Endpoints.TokenEndpoint" for "/connect/token" (f7642de5)
2020-10-16T09:26:10.4132741+07:00 80000009-0000-f800-b63f-84710c7967bb [WRN] Invalid HTTP request for token endpoint (e4210d16)
2020-10-16T09:26:30.6139534+07:00 8000000e-0003-fc00-b63f-84710c7967bb [INF] Invoking IdentityServer endpoint: "IdentityServer4.Endpoints.TokenEndpoint" for "/connect/token" (f7642de5)
2020-10-16T09:26:30.8101682+07:00 8000000e-0003-fc00-b63f-84710c7967bb [INF] Credentials validated for username: "kreangkrai" (cb811aa7)
2020-10-16T09:26:30.8167470+07:00 8000000e-0003-fc00-b63f-84710c7967bb [INF] Token request validation success, TokenRequestValidationLog { ClientId: "quickapp_spa", ClientName: null, GrantType: "password", Scopes: "email offline_access openid phone profile quickapp_api roles", AuthorizationCode: null, RefreshToken: null, UserName: "kreangkrai", AuthenticationContextReferenceClasses: null, Tenant: null, IdP: null, Raw: [("username": "kreangkrai"), ("password": "***REDACTED***"), ("client_id": "quickapp_spa"), ("grant_type": "password"), ("scope": "openid email phone profile offline_access roles quickapp_api")] } (3a073258)
2020-10-16T09:26:34.2683114+07:00  [INF] Removing 0 grants (62cd9308)
2020-10-16T09:26:34.2760129+07:00  [INF] Removing 0 device flow codes (171ba47d)
2020-10-16T09:27:04.3008465+07:00  [INF] Removing 0 grants (62cd9308)
2020-10-16T09:27:04.3112836+07:00  [INF] Removing 0 device flow codes (171ba47d)
2020-10-16T09:27:34.3503793+07:00  [INF] Removing 0 grants (62cd9308)
2020-10-16T09:27:34.3709778+07:00  [INF] Removing 0 device flow codes (171ba47d)
2020-10-16T09:28:04.4371040+07:00  [INF] Removing 0 grants (62cd9308)
2020-10-16T09:28:04.4642672+07:00  [INF] Removing 0 device flow codes (171ba47d)
2020-10-16T09:28:34.5432581+07:00  [INF] Removing 0 grants (62cd9308)
2020-10-16T09:28:34.5508979+07:00  [INF] Removing 0 device flow codes (171ba47d)
2020-10-16T09:29:04.6015969+07:00  [INF] Removing 0 grants (62cd9308)
2020-10-16T09:29:04.6114006+07:00  [INF] Removing 0 device flow codes (171ba47d)
2020-10-16T09:29:34.6385359+07:00  [INF] Removing 0 grants (62cd9308)
2020-10-16T09:29:34.6474442+07:00  [INF] Removing 0 device flow codes (171ba47d)
2020-10-16T09:30:04.6728024+07:00  [INF] Removing 0 grants (62cd9308)
2020-10-16T09:30:04.6845210+07:00  [INF] Removing 0 device flow codes (171ba47d)
2020-10-16T09:30:34.8469500+07:00  [INF] Removing 0 grants (62cd9308)
2020-10-16T09:30:34.8546025+07:00  [INF] Removing 0 device flow codes (171ba47d)
2020-10-16T09:31:04.8839694+07:00  [INF] Removing 0 grants (62cd9308)
2020-10-16T09:31:04.9012283+07:00  [INF] Removing 0 device flow codes (171ba47d)
2020-10-16T09:31:34.9224438+07:00  [INF] Removing 0 grants (62cd9308)
2020-10-16T09:31:34.9325243+07:00  [INF] Removing 0 device flow codes (171ba47d)
2020-10-16T09:32:04.9612683+07:00  [INF] Removing 0 grants (62cd9308)
2020-10-16T09:32:04.9835325+07:00  [INF] Removing 0 device flow codes (171ba47d)
2020-10-16T09:32:35.0130583+07:00  [INF] Removing 0 grants (62cd9308)
2020-10-16T09:32:35.0315403+07:00  [INF] Removing 0 device flow codes (171ba47d)
2020-10-16T09:33:05.0906204+07:00  [INF] Removing 0 grants (62cd9308)
2020-10-16T09:33:05.1572558+07:00  [INF] Removing 0 device flow codes (171ba47d)
2020-10-16T09:33:35.2170132+07:00  [INF] Removing 0 grants (62cd9308)
2020-10-16T09:33:35.2437546+07:00  [INF] Removing 0 device flow codes (171ba47d)
2020-10-16T09:34:05.3093264+07:00  [INF] Removing 0 grants (62cd9308)
2020-10-16T09:34:05.3368351+07:00  [INF] Removing 0 device flow codes (171ba47d)
2020-10-16T09:34:35.3789924+07:00  [INF] Removing 0 grants (62cd9308)
2020-10-16T09:34:35.4113822+07:00  [INF] Removing 0 device flow codes (171ba47d)
2020-10-16T09:35:05.4503626+07:00  [INF] Removing 0 grants (62cd9308)
2020-10-16T09:35:05.4730632+07:00  [INF] Removing 0 device flow codes (171ba47d)
