2020-09-15T09:18:57.6355991+07:00  [INF] Starting IdentityServer4 version "3.1.3.0" (8add0571)
2020-09-15T09:18:57.7409473+07:00  [INF] Using the default authentication scheme "Identity.Application" for IdentityServer (4a54f457)
2020-09-15T09:18:58.5831155+07:00  [INF] Now listening on: "https://localhost:5001" (d826f4b8)
2020-09-15T09:18:58.5831588+07:00  [INF] Now listening on: "http://localhost:5000" (d826f4b8)
2020-09-15T09:18:58.5833874+07:00  [INF] Application started. Press Ctrl+C to shut down. (dcaefe54)
2020-09-15T09:18:58.5834354+07:00  [INF] Hosting environment: "Development" (c3307c92)
2020-09-15T09:18:58.5834870+07:00  [INF] Content root path: "D:\CmsApp\CmsApp" (b5d60022)
2020-09-15T09:19:28.0956422+07:00  [INF] Removing 0 grants (62cd9308)
2020-09-15T09:19:28.1194913+07:00  [INF] Removing 0 device flow codes (171ba47d)
2020-09-15T09:19:58.1390324+07:00  [INF] Removing 0 grants (62cd9308)
2020-09-15T09:19:58.1418258+07:00  [INF] Removing 0 device flow codes (171ba47d)
2020-09-15T09:20:28.1542361+07:00  [INF] Removing 0 grants (62cd9308)
2020-09-15T09:20:28.1612061+07:00  [INF] Removing 0 device flow codes (171ba47d)
2020-09-15T09:20:58.1848362+07:00  [INF] Removing 0 grants (62cd9308)
2020-09-15T09:20:58.1976929+07:00  [INF] Removing 0 device flow codes (171ba47d)
2020-09-15T09:21:14.2655370+07:00 0HM2P3MRHL4OC:0000001B [INF] Invoking IdentityServer endpoint: "IdentityServer4.Endpoints.DiscoveryEndpoint" for "/.well-known/openid-configuration" (f7642de5)
2020-09-15T09:21:15.5826722+07:00 0HM2P3MRHL4OC:0000001D [INF] Invoking IdentityServer endpoint: "IdentityServer4.Endpoints.DiscoveryKeyEndpoint" for "/.well-known/openid-configuration/jwks" (f7642de5)
2020-09-15T09:21:15.6609355+07:00 0HM2P3MRHL4OC:0000001F [INF] Invoking IdentityServer endpoint: "IdentityServer4.Endpoints.TokenEndpoint" for "/connect/token" (f7642de5)
2020-09-15T09:21:16.6166614+07:00 0HM2P3MRHL4OC:0000001F [WRN] Invalid password for user "4ffd6fd7-c697-4e34-afdb-ba839831eb08". (c2dce6c7)
2020-09-15T09:21:16.6177038+07:00 0HM2P3MRHL4OC:0000001F [WRN] User "4ffd6fd7-c697-4e34-afdb-ba839831eb08" failed to provide the correct password. (ec8d2479)
2020-09-15T09:21:17.0095799+07:00 0HM2P3MRHL4OC:0000001F [INF] Authentication failed for username: "user", reason: invalid credentials (61b6995a)
2020-09-15T09:21:17.0993302+07:00 0HM2P3MRHL4OC:0000001F [INF] User authentication failed: "invalid_username_or_password", details: TokenRequestValidationLog { ClientId: "quickapp_spa", ClientName: null, GrantType: "password", Scopes: "email offline_access openid phone profile quickapp_api roles", AuthorizationCode: null, RefreshToken: null, UserName: "user", AuthenticationContextReferenceClasses: null, Tenant: null, IdP: null, Raw: [("username": "user"), ("password": "***REDACTED***"), ("client_id": "quickapp_spa"), ("grant_type": "password"), ("scope": "openid email phone profile offline_access roles quickapp_api")] } (07b239aa)
2020-09-15T09:21:28.2047671+07:00  [INF] Removing 0 grants (62cd9308)
2020-09-15T09:21:28.2082354+07:00  [INF] Removing 0 device flow codes (171ba47d)
2020-09-15T09:21:43.5389894+07:00 0HM2P3MRHL4OC:00000021 [INF] Invoking IdentityServer endpoint: "IdentityServer4.Endpoints.DiscoveryEndpoint" for "/.well-known/openid-configuration" (f7642de5)
2020-09-15T09:21:43.5647224+07:00 0HM2P3MRHL4OC:00000023 [INF] Invoking IdentityServer endpoint: "IdentityServer4.Endpoints.DiscoveryKeyEndpoint" for "/.well-known/openid-configuration/jwks" (f7642de5)
2020-09-15T09:21:43.5776080+07:00 0HM2P3MRHL4OC:00000025 [INF] Invoking IdentityServer endpoint: "IdentityServer4.Endpoints.TokenEndpoint" for "/connect/token" (f7642de5)
2020-09-15T09:21:43.6653064+07:00 0HM2P3MRHL4OC:00000025 [WRN] Invalid password for user "4ffd6fd7-c697-4e34-afdb-ba839831eb08". (c2dce6c7)
2020-09-15T09:21:43.6654153+07:00 0HM2P3MRHL4OC:00000025 [WRN] User "4ffd6fd7-c697-4e34-afdb-ba839831eb08" failed to provide the correct password. (ec8d2479)
2020-09-15T09:21:43.6906380+07:00 0HM2P3MRHL4OC:00000025 [INF] Authentication failed for username: "user", reason: invalid credentials (61b6995a)
2020-09-15T09:21:43.6913577+07:00 0HM2P3MRHL4OC:00000025 [INF] User authentication failed: "invalid_username_or_password", details: TokenRequestValidationLog { ClientId: "quickapp_spa", ClientName: null, GrantType: "password", Scopes: "email offline_access openid phone profile quickapp_api roles", AuthorizationCode: null, RefreshToken: null, UserName: "user", AuthenticationContextReferenceClasses: null, Tenant: null, IdP: null, Raw: [("username": "user"), ("password": "***REDACTED***"), ("client_id": "quickapp_spa"), ("grant_type": "password"), ("scope": "openid email phone profile offline_access roles quickapp_api")] } (07b239aa)
2020-09-15T09:21:58.2201387+07:00  [INF] Removing 0 grants (62cd9308)
2020-09-15T09:21:58.2248995+07:00  [INF] Removing 0 device flow codes (171ba47d)
2020-09-15T09:22:28.2382261+07:00  [INF] Removing 0 grants (62cd9308)
2020-09-15T09:22:28.2473762+07:00  [INF] Removing 0 device flow codes (171ba47d)
2020-09-15T09:22:58.2612575+07:00  [INF] Removing 0 grants (62cd9308)
2020-09-15T09:22:58.2642190+07:00  [INF] Removing 0 device flow codes (171ba47d)
2020-09-15T09:23:28.2759051+07:00  [INF] Removing 0 grants (62cd9308)
2020-09-15T09:23:28.2784442+07:00  [INF] Removing 0 device flow codes (171ba47d)
2020-09-15T09:23:58.2958047+07:00  [INF] Removing 0 grants (62cd9308)
2020-09-15T09:23:58.3031345+07:00  [INF] Removing 0 device flow codes (171ba47d)
2020-09-15T09:24:11.3731174+07:00 0HM2P3MRHL4OG:00000001 [INF] Invoking IdentityServer endpoint: "IdentityServer4.Endpoints.TokenEndpoint" for "/connect/token" (f7642de5)
2020-09-15T09:24:11.3737115+07:00 0HM2P3MRHL4OG:00000001 [WRN] Invalid HTTP request for token endpoint (e4210d16)
2020-09-15T09:24:28.3097032+07:00  [INF] Removing 0 grants (62cd9308)
2020-09-15T09:24:28.3130834+07:00  [INF] Removing 0 device flow codes (171ba47d)
2020-09-15T09:24:58.3281011+07:00  [INF] Removing 0 grants (62cd9308)
2020-09-15T09:24:58.3344293+07:00  [INF] Removing 0 device flow codes (171ba47d)
2020-09-15T09:25:28.3517008+07:00  [INF] Removing 0 grants (62cd9308)
2020-09-15T09:25:28.3544753+07:00  [INF] Removing 0 device flow codes (171ba47d)
2020-09-15T09:25:58.3674824+07:00  [INF] Removing 0 grants (62cd9308)
2020-09-15T09:25:58.3695053+07:00  [INF] Removing 0 device flow codes (171ba47d)
2020-09-15T09:26:28.3811309+07:00  [INF] Removing 0 grants (62cd9308)
2020-09-15T09:26:28.3825261+07:00  [INF] Removing 0 device flow codes (171ba47d)
2020-09-15T09:26:58.3964793+07:00  [INF] Removing 0 grants (62cd9308)
2020-09-15T09:26:58.3981104+07:00  [INF] Removing 0 device flow codes (171ba47d)
2020-09-15T09:27:28.4161621+07:00  [INF] Removing 0 grants (62cd9308)
2020-09-15T09:27:28.4176479+07:00  [INF] Removing 0 device flow codes (171ba47d)
2020-09-15T09:27:58.4279374+07:00  [INF] Removing 0 grants (62cd9308)
2020-09-15T09:27:58.4292933+07:00  [INF] Removing 0 device flow codes (171ba47d)
2020-09-15T09:28:28.4426621+07:00  [INF] Removing 0 grants (62cd9308)
2020-09-15T09:28:28.4438655+07:00  [INF] Removing 0 device flow codes (171ba47d)
2020-09-15T09:28:45.5543700+07:00 0HM2P3MRHL4OI:00000001 [INF] Invoking IdentityServer endpoint: "IdentityServer4.Endpoints.TokenEndpoint" for "/connect/token" (f7642de5)
2020-09-15T09:28:45.5546278+07:00 0HM2P3MRHL4OI:00000001 [WRN] Invalid HTTP request for token endpoint (e4210d16)
2020-09-15T09:28:58.4584132+07:00  [INF] Removing 0 grants (62cd9308)
2020-09-15T09:28:58.4599988+07:00  [INF] Removing 0 device flow codes (171ba47d)
2020-09-15T09:29:12.6468106+07:00 0HM2P3MRHL4OJ:00000001 [INF] Invoking IdentityServer endpoint: "IdentityServer4.Endpoints.DiscoveryEndpoint" for "/.well-known/openid-configuration" (f7642de5)
2020-09-15T09:29:12.6740748+07:00 0HM2P3MRHL4OJ:00000003 [INF] Invoking IdentityServer endpoint: "IdentityServer4.Endpoints.DiscoveryKeyEndpoint" for "/.well-known/openid-configuration/jwks" (f7642de5)
2020-09-15T09:29:12.6854460+07:00 0HM2P3MRHL4OJ:00000005 [INF] Invoking IdentityServer endpoint: "IdentityServer4.Endpoints.TokenEndpoint" for "/connect/token" (f7642de5)
2020-09-15T09:29:12.7410780+07:00 0HM2P3MRHL4OJ:00000005 [INF] Credentials validated for username: "admin" (cb811aa7)
2020-09-15T09:29:12.7647189+07:00 0HM2P3MRHL4OJ:00000005 [INF] Token request validation success, TokenRequestValidationLog { ClientId: "quickapp_spa", ClientName: null, GrantType: "password", Scopes: "email offline_access openid phone profile quickapp_api roles", AuthorizationCode: null, RefreshToken: null, UserName: "admin", AuthenticationContextReferenceClasses: null, Tenant: null, IdP: null, Raw: [("username": "admin"), ("password": "***REDACTED***"), ("client_id": "quickapp_spa"), ("grant_type": "password"), ("scope": "openid email phone profile offline_access roles quickapp_api")] } (3a073258)
2020-09-15T09:29:28.4607850+07:00  [INF] Removing 0 grants (62cd9308)
2020-09-15T09:29:28.4621125+07:00  [INF] Removing 0 device flow codes (171ba47d)
2020-09-15T09:29:29.5720897+07:00 0HM2P3MRHL4OK:00000001 [INF] Invoking IdentityServer endpoint: "IdentityServer4.Endpoints.DiscoveryEndpoint" for "/.well-known/openid-configuration" (f7642de5)
2020-09-15T09:29:29.5994800+07:00 0HM2P3MRHL4OK:00000003 [INF] Invoking IdentityServer endpoint: "IdentityServer4.Endpoints.DiscoveryKeyEndpoint" for "/.well-known/openid-configuration/jwks" (f7642de5)
2020-09-15T09:29:29.6102272+07:00 0HM2P3MRHL4OK:00000005 [INF] Invoking IdentityServer endpoint: "IdentityServer4.Endpoints.TokenEndpoint" for "/connect/token" (f7642de5)
2020-09-15T09:29:29.6905241+07:00 0HM2P3MRHL4OK:00000005 [INF] Credentials validated for username: "user" (cb811aa7)
2020-09-15T09:29:29.6917237+07:00 0HM2P3MRHL4OK:00000005 [INF] Token request validation success, TokenRequestValidationLog { ClientId: "quickapp_spa", ClientName: null, GrantType: "password", Scopes: "email offline_access openid phone profile quickapp_api roles", AuthorizationCode: null, RefreshToken: null, UserName: "user", AuthenticationContextReferenceClasses: null, Tenant: null, IdP: null, Raw: [("username": "user"), ("password": "***REDACTED***"), ("client_id": "quickapp_spa"), ("grant_type": "password"), ("scope": "openid email phone profile offline_access roles quickapp_api")] } (3a073258)
2020-09-15T09:29:58.4769203+07:00  [INF] Removing 0 grants (62cd9308)
2020-09-15T09:29:58.4784369+07:00  [INF] Removing 0 device flow codes (171ba47d)
2020-09-15T09:30:28.4941160+07:00  [INF] Removing 0 grants (62cd9308)
2020-09-15T09:30:28.4954856+07:00  [INF] Removing 0 device flow codes (171ba47d)
2020-09-15T09:30:58.5077801+07:00  [INF] Removing 0 grants (62cd9308)
2020-09-15T09:30:58.5090712+07:00  [INF] Removing 0 device flow codes (171ba47d)
2020-09-15T09:31:28.5233185+07:00  [INF] Removing 0 grants (62cd9308)
2020-09-15T09:31:28.5255673+07:00  [INF] Removing 0 device flow codes (171ba47d)
2020-09-15T09:31:58.5394336+07:00  [INF] Removing 0 grants (62cd9308)
2020-09-15T09:31:58.5409686+07:00  [INF] Removing 0 device flow codes (171ba47d)
2020-09-15T09:32:28.5522551+07:00  [INF] Removing 0 grants (62cd9308)
2020-09-15T09:32:28.5533836+07:00  [INF] Removing 0 device flow codes (171ba47d)
2020-09-15T09:32:58.5686151+07:00  [INF] Removing 0 grants (62cd9308)
2020-09-15T09:32:58.5699322+07:00  [INF] Removing 0 device flow codes (171ba47d)
2020-09-15T09:33:28.5787172+07:00  [INF] Removing 0 grants (62cd9308)
2020-09-15T09:33:28.5799731+07:00  [INF] Removing 0 device flow codes (171ba47d)
2020-09-15T09:33:58.5883057+07:00  [INF] Removing 0 grants (62cd9308)
2020-09-15T09:33:58.5898448+07:00  [INF] Removing 0 device flow codes (171ba47d)
2020-09-15T09:34:28.6020574+07:00  [INF] Removing 0 grants (62cd9308)
2020-09-15T09:34:28.6049792+07:00  [INF] Removing 0 device flow codes (171ba47d)
2020-09-15T09:34:58.6142851+07:00  [INF] Removing 0 grants (62cd9308)
2020-09-15T09:34:58.6157874+07:00  [INF] Removing 0 device flow codes (171ba47d)
2020-09-15T09:35:28.6233440+07:00  [INF] Removing 0 grants (62cd9308)
2020-09-15T09:35:28.6247194+07:00  [INF] Removing 0 device flow codes (171ba47d)
2020-09-15T09:35:58.6361103+07:00  [INF] Removing 0 grants (62cd9308)
2020-09-15T09:35:58.6374269+07:00  [INF] Removing 0 device flow codes (171ba47d)
2020-09-15T09:36:28.6396454+07:00  [INF] Removing 0 grants (62cd9308)
2020-09-15T09:36:28.6408373+07:00  [INF] Removing 0 device flow codes (171ba47d)
2020-09-15T09:36:58.6481380+07:00  [INF] Removing 0 grants (62cd9308)
2020-09-15T09:36:58.6494429+07:00  [INF] Removing 0 device flow codes (171ba47d)
2020-09-15T09:37:28.6521609+07:00  [INF] Removing 0 grants (62cd9308)
2020-09-15T09:37:28.6534470+07:00  [INF] Removing 0 device flow codes (171ba47d)
2020-09-15T09:37:58.6623624+07:00  [INF] Removing 0 grants (62cd9308)
2020-09-15T09:37:58.6637030+07:00  [INF] Removing 0 device flow codes (171ba47d)
2020-09-15T09:38:28.6650719+07:00  [INF] Removing 0 grants (62cd9308)
2020-09-15T09:38:28.6664430+07:00  [INF] Removing 0 device flow codes (171ba47d)
2020-09-15T09:38:58.6782713+07:00  [INF] Removing 0 grants (62cd9308)
2020-09-15T09:38:58.6794427+07:00  [INF] Removing 0 device flow codes (171ba47d)
2020-09-15T09:39:28.6952980+07:00  [INF] Removing 0 grants (62cd9308)
2020-09-15T09:39:28.6988388+07:00  [INF] Removing 0 device flow codes (171ba47d)
2020-09-15T09:39:58.7090659+07:00  [INF] Removing 0 grants (62cd9308)
2020-09-15T09:39:58.7108915+07:00  [INF] Removing 0 device flow codes (171ba47d)
2020-09-15T09:40:28.7238590+07:00  [INF] Removing 0 grants (62cd9308)
2020-09-15T09:40:28.7250245+07:00  [INF] Removing 0 device flow codes (171ba47d)
2020-09-15T09:40:58.7396913+07:00  [INF] Removing 0 grants (62cd9308)
2020-09-15T09:40:58.7410227+07:00  [INF] Removing 0 device flow codes (171ba47d)
2020-09-15T09:41:28.7560604+07:00  [INF] Removing 0 grants (62cd9308)
2020-09-15T09:41:28.7574192+07:00  [INF] Removing 0 device flow codes (171ba47d)
2020-09-15T09:41:58.7647589+07:00  [INF] Removing 0 grants (62cd9308)
2020-09-15T09:41:58.7661815+07:00  [INF] Removing 0 device flow codes (171ba47d)
2020-09-15T09:42:28.7751091+07:00  [INF] Removing 0 grants (62cd9308)
2020-09-15T09:42:28.7768552+07:00  [INF] Removing 0 device flow codes (171ba47d)
2020-09-15T09:42:58.7871137+07:00  [INF] Removing 0 grants (62cd9308)
2020-09-15T09:42:58.7884765+07:00  [INF] Removing 0 device flow codes (171ba47d)
2020-09-15T09:43:28.7906613+07:00  [INF] Removing 0 grants (62cd9308)
2020-09-15T09:43:28.7920378+07:00  [INF] Removing 0 device flow codes (171ba47d)
2020-09-15T09:43:58.8046107+07:00  [INF] Removing 0 grants (62cd9308)
2020-09-15T09:43:58.8061331+07:00  [INF] Removing 0 device flow codes (171ba47d)
2020-09-15T09:44:28.8183764+07:00  [INF] Removing 0 grants (62cd9308)
2020-09-15T09:44:28.8202691+07:00  [INF] Removing 0 device flow codes (171ba47d)
2020-09-15T09:44:58.8224932+07:00  [INF] Removing 0 grants (62cd9308)
2020-09-15T09:44:58.8237176+07:00  [INF] Removing 0 device flow codes (171ba47d)
2020-09-15T09:45:28.8339420+07:00  [INF] Removing 0 grants (62cd9308)
2020-09-15T09:45:28.8352396+07:00  [INF] Removing 0 device flow codes (171ba47d)
2020-09-15T09:45:58.8373547+07:00  [INF] Removing 0 grants (62cd9308)
2020-09-15T09:45:58.8386364+07:00  [INF] Removing 0 device flow codes (171ba47d)
2020-09-15T09:46:28.8490859+07:00  [INF] Removing 0 grants (62cd9308)
2020-09-15T09:46:28.8501174+07:00  [INF] Removing 0 device flow codes (171ba47d)
2020-09-15T09:46:58.8644577+07:00  [INF] Removing 0 grants (62cd9308)
2020-09-15T09:46:58.8657592+07:00  [INF] Removing 0 device flow codes (171ba47d)
2020-09-15T09:47:28.8668006+07:00  [INF] Removing 0 grants (62cd9308)
2020-09-15T09:47:28.8681702+07:00  [INF] Removing 0 device flow codes (171ba47d)
2020-09-15T09:47:58.8712656+07:00  [INF] Removing 0 grants (62cd9308)
2020-09-15T09:47:58.8727266+07:00  [INF] Removing 0 device flow codes (171ba47d)
2020-09-15T09:48:28.8798845+07:00  [INF] Removing 0 grants (62cd9308)
2020-09-15T09:48:28.8814484+07:00  [INF] Removing 0 device flow codes (171ba47d)
2020-09-15T09:48:58.8963576+07:00  [INF] Removing 0 grants (62cd9308)
2020-09-15T09:48:58.8976510+07:00  [INF] Removing 0 device flow codes (171ba47d)
2020-09-15T09:49:28.9125740+07:00  [INF] Removing 0 grants (62cd9308)
2020-09-15T09:49:28.9139883+07:00  [INF] Removing 0 device flow codes (171ba47d)
2020-09-15T09:49:53.6485574+07:00  [INF] Application is shutting down... (90f52c38)
