2020-10-07T09:24:27.6075524+07:00  [INF] Starting IdentityServer4 version "3.1.3.0" (8add0571)
2020-10-07T09:24:28.1983503+07:00  [INF] Using the default authentication scheme "Identity.Application" for IdentityServer (4a54f457)
2020-10-07T09:24:30.1559615+07:00  [INF] Application started. Press Ctrl+C to shut down. (dcaefe54)
2020-10-07T09:24:30.1587862+07:00  [INF] Hosting environment: "Development" (c3307c92)
2020-10-07T09:24:30.1619080+07:00  [INF] Content root path: "D:\CmsApp\CmsApp" (b5d60022)
2020-10-07T09:24:58.8622847+07:00  [INF] Removing 0 grants (62cd9308)
2020-10-07T09:24:59.1002820+07:00  [INF] Removing 0 device flow codes (171ba47d)
2020-10-07T09:25:29.1528614+07:00  [INF] Removing 0 grants (62cd9308)
2020-10-07T09:25:29.1679415+07:00  [INF] Removing 0 device flow codes (171ba47d)
2020-10-07T09:25:59.2061349+07:00  [INF] Removing 0 grants (62cd9308)
2020-10-07T09:25:59.2271431+07:00  [INF] Removing 0 device flow codes (171ba47d)
2020-10-07T09:26:29.2887933+07:00  [INF] Removing 0 grants (62cd9308)
2020-10-07T09:26:29.3373918+07:00  [INF] Removing 0 device flow codes (171ba47d)
2020-10-07T09:26:59.3739933+07:00  [INF] Removing 0 grants (62cd9308)
2020-10-07T09:26:59.3865963+07:00  [INF] Removing 0 device flow codes (171ba47d)
2020-10-07T09:27:29.7066598+07:00  [INF] Removing 0 grants (62cd9308)
2020-10-07T09:27:30.0681011+07:00  [INF] Removing 0 device flow codes (171ba47d)
2020-10-07T09:28:00.1965882+07:00  [INF] Removing 0 grants (62cd9308)
2020-10-07T09:28:00.2955500+07:00  [INF] Removing 0 device flow codes (171ba47d)
2020-10-07T09:28:30.3366804+07:00  [INF] Removing 0 grants (62cd9308)
2020-10-07T09:28:30.3540777+07:00  [INF] Removing 0 device flow codes (171ba47d)
2020-10-07T09:29:00.3842488+07:00  [INF] Removing 0 grants (62cd9308)
2020-10-07T09:29:00.4023204+07:00  [INF] Removing 0 device flow codes (171ba47d)
2020-10-07T09:29:30.4301469+07:00  [INF] Removing 0 grants (62cd9308)
2020-10-07T09:29:30.4581694+07:00  [INF] Removing 0 device flow codes (171ba47d)
2020-10-07T09:30:00.5278131+07:00  [INF] Removing 0 grants (62cd9308)
2020-10-07T09:30:00.5791762+07:00  [INF] Removing 0 device flow codes (171ba47d)
2020-10-07T09:33:45.3261262+07:00  [INF] Starting IdentityServer4 version "3.1.3.0" (8add0571)
2020-10-07T09:33:45.5014019+07:00  [INF] Using the default authentication scheme "Identity.Application" for IdentityServer (4a54f457)
2020-10-07T09:33:47.1460932+07:00  [INF] Application started. Press Ctrl+C to shut down. (dcaefe54)
2020-10-07T09:33:47.1492437+07:00  [INF] Hosting environment: "Development" (c3307c92)
2020-10-07T09:33:47.1526344+07:00  [INF] Content root path: "D:\CmsApp\CmsApp" (b5d60022)
2020-10-07T09:34:15.4068690+07:00  [INF] Removing 0 grants (62cd9308)
2020-10-07T09:34:15.5914518+07:00  [INF] Removing 0 device flow codes (171ba47d)
2020-10-07T09:34:45.6369342+07:00  [INF] Removing 0 grants (62cd9308)
2020-10-07T09:34:45.6499250+07:00  [INF] Removing 0 device flow codes (171ba47d)
2020-10-07T09:35:15.6934540+07:00  [INF] Removing 0 grants (62cd9308)
2020-10-07T09:35:15.7234957+07:00  [INF] Removing 0 device flow codes (171ba47d)
2020-10-07T09:35:45.7922344+07:00  [INF] Removing 0 grants (62cd9308)
2020-10-07T09:35:45.8555424+07:00  [INF] Removing 0 device flow codes (171ba47d)
2020-10-07T09:36:15.9141937+07:00  [INF] Removing 0 grants (62cd9308)
2020-10-07T09:36:15.9460593+07:00  [INF] Removing 0 device flow codes (171ba47d)
2020-10-07T09:36:45.9915977+07:00  [INF] Removing 0 grants (62cd9308)
2020-10-07T09:36:46.0194190+07:00  [INF] Removing 0 device flow codes (171ba47d)
2020-10-07T09:47:10.6882126+07:00  [INF] Removing 0 grants (62cd9308)
2020-10-07T09:47:10.7293636+07:00  [INF] Removing 0 device flow codes (171ba47d)
2020-10-07T09:47:43.3811781+07:00  [INF] Removing 0 grants (62cd9308)
2020-10-07T09:47:43.4526503+07:00  [INF] Removing 0 device flow codes (171ba47d)
2020-10-07T09:48:13.8392525+07:00  [INF] Removing 0 grants (62cd9308)
2020-10-07T09:48:13.8644944+07:00  [INF] Removing 0 device flow codes (171ba47d)
2020-10-07T09:49:30.2058982+07:00  [INF] Removing 0 grants (62cd9308)
2020-10-07T09:49:30.9764018+07:00  [INF] Removing 0 device flow codes (171ba47d)
2020-10-07T09:50:01.6615425+07:00  [INF] Removing 0 grants (62cd9308)
2020-10-07T09:50:01.6824720+07:00  [INF] Removing 0 device flow codes (171ba47d)
2020-10-07T09:50:31.9811661+07:00  [INF] Removing 0 grants (62cd9308)
2020-10-07T09:50:31.9941563+07:00  [INF] Removing 0 device flow codes (171ba47d)
2020-10-07T09:51:06.7030826+07:00  [INF] Removing 0 grants (62cd9308)
2020-10-07T09:51:06.7568999+07:00  [INF] Removing 0 device flow codes (171ba47d)
2020-10-07T09:51:37.6587685+07:00  [INF] Removing 0 grants (62cd9308)
2020-10-07T09:51:37.6946509+07:00  [INF] Removing 0 device flow codes (171ba47d)
2020-10-07T09:52:09.7911229+07:00  [INF] Removing 0 grants (62cd9308)
2020-10-07T09:52:09.8197427+07:00  [INF] Removing 0 device flow codes (171ba47d)
2020-10-07T09:52:49.0070767+07:00  [INF] Removing 0 grants (62cd9308)
2020-10-07T09:52:49.8400063+07:00  [INF] Removing 0 device flow codes (171ba47d)
2020-10-07T09:53:21.3127029+07:00  [INF] Removing 0 grants (62cd9308)
2020-10-07T09:53:21.9309192+07:00  [INF] Removing 0 device flow codes (171ba47d)
2020-10-07T09:53:53.2613404+07:00  [INF] Removing 0 grants (62cd9308)
2020-10-07T09:53:53.3307036+07:00  [INF] Removing 0 device flow codes (171ba47d)
2020-10-07T09:54:26.5144978+07:00  [INF] Removing 0 grants (62cd9308)
2020-10-07T09:54:26.5877244+07:00  [INF] Removing 0 device flow codes (171ba47d)
2020-10-07T09:54:58.0923225+07:00  [INF] Removing 0 grants (62cd9308)
2020-10-07T09:54:58.1096144+07:00  [INF] Removing 0 device flow codes (171ba47d)
2020-10-07T09:55:41.3420722+07:00  [INF] Removing 0 grants (62cd9308)
2020-10-07T09:55:43.1236712+07:00  [INF] Removing 0 device flow codes (171ba47d)
2020-10-07T09:56:26.1731712+07:00  [INF] Removing 0 grants (62cd9308)
2020-10-07T09:56:26.2984544+07:00  [INF] Removing 0 device flow codes (171ba47d)
2020-10-07T09:56:59.7969373+07:00  [INF] Removing 0 grants (62cd9308)
2020-10-07T09:56:59.9136376+07:00  [INF] Removing 0 device flow codes (171ba47d)
2020-10-07T09:57:29.9388139+07:00  [INF] Removing 0 grants (62cd9308)
2020-10-07T09:57:29.9476511+07:00  [INF] Removing 0 device flow codes (171ba47d)
2020-10-07T09:57:40.8847977+07:00 80000006-0000-fb00-b63f-84710c7967bb [INF] Invoking IdentityServer endpoint: "IdentityServer4.Endpoints.DiscoveryEndpoint" for "/.well-known/openid-configuration" (f7642de5)
2020-10-07T09:57:43.5032677+07:00 80000002-0003-f900-b63f-84710c7967bb [INF] Invoking IdentityServer endpoint: "IdentityServer4.Endpoints.DiscoveryKeyEndpoint" for "/.well-known/openid-configuration/jwks" (f7642de5)
2020-10-07T09:57:43.6677854+07:00 80000008-0000-fb00-b63f-84710c7967bb [INF] Invoking IdentityServer endpoint: "IdentityServer4.Endpoints.TokenEndpoint" for "/connect/token" (f7642de5)
2020-10-07T09:57:45.8884791+07:00 80000008-0000-fb00-b63f-84710c7967bb [WRN] Invalid password for user "2a432ac8-139b-409b-88ac-450c23704bbf". (c2dce6c7)
2020-10-07T09:57:45.8936141+07:00 80000008-0000-fb00-b63f-84710c7967bb [WRN] User "2a432ac8-139b-409b-88ac-450c23704bbf" failed to provide the correct password. (ec8d2479)
2020-10-07T09:57:46.5753257+07:00 80000008-0000-fb00-b63f-84710c7967bb [INF] Authentication failed for username: "kreangkrai", reason: invalid credentials (61b6995a)
2020-10-07T09:57:46.6883122+07:00 80000008-0000-fb00-b63f-84710c7967bb [INF] User authentication failed: "invalid_username_or_password", details: TokenRequestValidationLog { ClientId: "quickapp_spa", ClientName: null, GrantType: "password", Scopes: "email offline_access openid phone profile quickapp_api roles", AuthorizationCode: null, RefreshToken: null, UserName: "kreangkrai", AuthenticationContextReferenceClasses: null, Tenant: null, IdP: null, Raw: [("username": "kreangkrai"), ("password": "***REDACTED***"), ("client_id": "quickapp_spa"), ("grant_type": "password"), ("scope": "openid email phone profile offline_access roles quickapp_api")] } (07b239aa)
2020-10-07T09:57:59.9688552+07:00  [INF] Removing 0 grants (62cd9308)
2020-10-07T09:57:59.9772084+07:00  [INF] Removing 0 device flow codes (171ba47d)
2020-10-07T09:58:06.2834266+07:00 8000000a-0000-fb00-b63f-84710c7967bb [INF] Invoking IdentityServer endpoint: "IdentityServer4.Endpoints.DiscoveryEndpoint" for "/.well-known/openid-configuration" (f7642de5)
2020-10-07T09:58:06.3975227+07:00 8000000c-0000-fb00-b63f-84710c7967bb [INF] Invoking IdentityServer endpoint: "IdentityServer4.Endpoints.DiscoveryKeyEndpoint" for "/.well-known/openid-configuration/jwks" (f7642de5)
2020-10-07T09:58:06.4144667+07:00 80000094-0001-fb00-b63f-84710c7967bb [INF] Invoking IdentityServer endpoint: "IdentityServer4.Endpoints.TokenEndpoint" for "/connect/token" (f7642de5)
2020-10-07T09:58:06.7648933+07:00 80000094-0001-fb00-b63f-84710c7967bb [INF] No user found matching username: "kreangkrai11" (cd7b29f8)
2020-10-07T09:58:06.7697292+07:00 80000094-0001-fb00-b63f-84710c7967bb [INF] User authentication failed: "invalid_username_or_password", details: TokenRequestValidationLog { ClientId: "quickapp_spa", ClientName: null, GrantType: "password", Scopes: "email offline_access openid phone profile quickapp_api roles", AuthorizationCode: null, RefreshToken: null, UserName: "kreangkrai11", AuthenticationContextReferenceClasses: null, Tenant: null, IdP: null, Raw: [("username": "kreangkrai11"), ("password": "***REDACTED***"), ("client_id": "quickapp_spa"), ("grant_type": "password"), ("scope": "openid email phone profile offline_access roles quickapp_api")] } (07b239aa)
2020-10-07T15:10:58.0942820+07:00  [INF] Starting IdentityServer4 version "3.1.3.0" (8add0571)
2020-10-07T15:10:58.1922946+07:00  [INF] Using the default authentication scheme "Identity.Application" for IdentityServer (4a54f457)
2020-10-07T15:10:59.5144290+07:00  [INF] Application started. Press Ctrl+C to shut down. (dcaefe54)
2020-10-07T15:10:59.5172848+07:00  [INF] Hosting environment: "Development" (c3307c92)
2020-10-07T15:10:59.5227305+07:00  [INF] Content root path: "D:\CmsApp\CmsApp" (b5d60022)
2020-10-07T15:11:27.4985874+07:00  [INF] Removing 0 grants (62cd9308)
2020-10-07T15:11:27.6418264+07:00  [INF] Removing 0 device flow codes (171ba47d)
2020-10-07T15:11:57.7016448+07:00  [INF] Removing 0 grants (62cd9308)
2020-10-07T15:11:57.7126155+07:00  [INF] Removing 0 device flow codes (171ba47d)
2020-10-07T15:12:27.7655199+07:00  [INF] Removing 0 grants (62cd9308)
2020-10-07T15:12:27.7741218+07:00  [INF] Removing 0 device flow codes (171ba47d)
2020-10-07T15:12:57.8095891+07:00  [INF] Removing 0 grants (62cd9308)
2020-10-07T15:12:57.8266488+07:00  [INF] Removing 0 device flow codes (171ba47d)
2020-10-07T15:13:27.8789183+07:00  [INF] Removing 0 grants (62cd9308)
2020-10-07T15:13:27.8895767+07:00  [INF] Removing 0 device flow codes (171ba47d)
2020-10-07T15:13:57.9320818+07:00  [INF] Removing 0 grants (62cd9308)
2020-10-07T15:13:57.9585120+07:00  [INF] Removing 0 device flow codes (171ba47d)
2020-10-07T15:14:27.9998041+07:00  [INF] Removing 0 grants (62cd9308)
2020-10-07T15:14:28.0588195+07:00  [INF] Removing 0 device flow codes (171ba47d)
2020-10-07T15:14:58.1104282+07:00  [INF] Removing 0 grants (62cd9308)
2020-10-07T15:14:58.1632293+07:00  [INF] Removing 0 device flow codes (171ba47d)
2020-10-07T15:15:28.2098687+07:00  [INF] Removing 0 grants (62cd9308)
2020-10-07T15:15:28.2231770+07:00  [INF] Removing 0 device flow codes (171ba47d)
2020-10-07T15:16:08.1919388+07:00  [INF] Removing 0 grants (62cd9308)
2020-10-07T15:16:08.2003486+07:00  [INF] Removing 0 device flow codes (171ba47d)
2020-10-07T15:16:38.2294352+07:00  [INF] Removing 0 grants (62cd9308)
2020-10-07T15:16:38.2375850+07:00  [INF] Removing 0 device flow codes (171ba47d)
2020-10-07T15:17:42.9798018+07:00  [INF] Starting IdentityServer4 version "3.1.3.0" (8add0571)
2020-10-07T15:17:43.0599070+07:00  [INF] Using the default authentication scheme "Identity.Application" for IdentityServer (4a54f457)
2020-10-07T15:17:43.8442264+07:00  [INF] Application started. Press Ctrl+C to shut down. (dcaefe54)
2020-10-07T15:17:43.8864144+07:00  [INF] Hosting environment: "Development" (c3307c92)
2020-10-07T15:17:43.9230398+07:00  [INF] Content root path: "D:\CmsApp\CmsApp" (b5d60022)
2020-10-07T15:18:13.3976414+07:00  [INF] Removing 0 grants (62cd9308)
2020-10-07T15:18:13.5716544+07:00  [INF] Removing 0 device flow codes (171ba47d)
2020-10-07T15:18:43.6134331+07:00  [INF] Removing 0 grants (62cd9308)
2020-10-07T15:18:43.6354201+07:00  [INF] Removing 0 device flow codes (171ba47d)
2020-10-07T15:19:13.7202940+07:00  [INF] Removing 0 grants (62cd9308)
2020-10-07T15:19:13.7301361+07:00  [INF] Removing 0 device flow codes (171ba47d)
2020-10-07T15:19:43.7773430+07:00  [INF] Removing 0 grants (62cd9308)
2020-10-07T15:19:43.7911135+07:00  [INF] Removing 0 device flow codes (171ba47d)
2020-10-07T15:20:13.8251269+07:00  [INF] Removing 0 grants (62cd9308)
2020-10-07T15:20:13.8632080+07:00  [INF] Removing 0 device flow codes (171ba47d)
2020-10-07T15:20:43.8967631+07:00  [INF] Removing 0 grants (62cd9308)
2020-10-07T15:20:43.9476345+07:00  [INF] Removing 0 device flow codes (171ba47d)
2020-10-07T15:21:13.9752659+07:00  [INF] Removing 0 grants (62cd9308)
2020-10-07T15:21:13.9856482+07:00  [INF] Removing 0 device flow codes (171ba47d)
2020-10-07T15:21:44.0108593+07:00  [INF] Removing 0 grants (62cd9308)
2020-10-07T15:21:44.0403520+07:00  [INF] Removing 0 device flow codes (171ba47d)
2020-10-07T15:22:14.0863713+07:00  [INF] Removing 0 grants (62cd9308)
2020-10-07T15:22:14.0961881+07:00  [INF] Removing 0 device flow codes (171ba47d)
2020-10-07T15:22:44.1341269+07:00  [INF] Removing 0 grants (62cd9308)
2020-10-07T15:22:44.1520547+07:00  [INF] Removing 0 device flow codes (171ba47d)
2020-10-07T15:23:14.1658458+07:00  [INF] Removing 0 grants (62cd9308)
2020-10-07T15:23:14.1910933+07:00  [INF] Removing 0 device flow codes (171ba47d)
2020-10-07T15:23:44.2504843+07:00  [INF] Removing 0 grants (62cd9308)
2020-10-07T15:23:44.2613946+07:00  [INF] Removing 0 device flow codes (171ba47d)
2020-10-07T15:24:14.2913656+07:00  [INF] Removing 0 grants (62cd9308)
2020-10-07T15:24:14.3321684+07:00  [INF] Removing 0 device flow codes (171ba47d)
2020-10-07T15:24:44.3800819+07:00  [INF] Removing 0 grants (62cd9308)
2020-10-07T15:24:44.3915493+07:00  [INF] Removing 0 device flow codes (171ba47d)
2020-10-07T15:25:14.4241459+07:00  [INF] Removing 0 grants (62cd9308)
2020-10-07T15:25:14.4707416+07:00  [INF] Removing 0 device flow codes (171ba47d)
2020-10-07T15:25:44.5296115+07:00  [INF] Removing 0 grants (62cd9308)
2020-10-07T15:25:44.5682308+07:00  [INF] Removing 0 device flow codes (171ba47d)
2020-10-07T15:26:14.6080965+07:00  [INF] Removing 0 grants (62cd9308)
2020-10-07T15:26:14.6186208+07:00  [INF] Removing 0 device flow codes (171ba47d)
2020-10-07T15:26:44.6487926+07:00  [INF] Removing 0 grants (62cd9308)
2020-10-07T15:26:44.7313347+07:00  [INF] Removing 0 device flow codes (171ba47d)
2020-10-07T15:27:14.7626840+07:00  [INF] Removing 0 grants (62cd9308)
2020-10-07T15:27:14.8055076+07:00  [INF] Removing 0 device flow codes (171ba47d)
2020-10-07T15:27:44.8353201+07:00  [INF] Removing 0 grants (62cd9308)
2020-10-07T15:27:44.8582303+07:00  [INF] Removing 0 device flow codes (171ba47d)
2020-10-07T15:27:46.1904543+07:00 80000006-0000-fb00-b63f-84710c7967bb [ERR] An unhandled exception has occurred while executing the request. (48a46595)
System.TimeoutException: The Angular CLI process did not start listening for requests within the timeout period of 0 seconds. Check the log output for error information.
   at Microsoft.AspNetCore.SpaServices.Extensions.Util.TaskTimeoutExtensions.WithTimeout[T](Task`1 task, TimeSpan timeoutDelay, String message)
   at Microsoft.AspNetCore.SpaServices.Extensions.Proxy.SpaProxy.PerformProxyRequest(HttpContext context, HttpClient httpClient, Task`1 baseUriTask, CancellationToken applicationStoppingToken, Boolean proxy404s)
   at Microsoft.AspNetCore.Builder.SpaProxyingExtensions.<>c__DisplayClass2_0.<<UseProxyToSpaDevelopmentServer>b__0>d.MoveNext()
--- End of stack trace from previous location where exception was thrown ---
   at Swashbuckle.AspNetCore.SwaggerUI.SwaggerUIMiddleware.Invoke(HttpContext httpContext)
   at Swashbuckle.AspNetCore.Swagger.SwaggerMiddleware.Invoke(HttpContext httpContext, ISwaggerProvider swaggerProvider)
   at Microsoft.AspNetCore.Authorization.AuthorizationMiddleware.Invoke(HttpContext context)
   at IdentityServer4.Hosting.IdentityServerMiddleware.Invoke(HttpContext context, IEndpointRouter router, IUserSession session, IEventService events)
   at IdentityServer4.Hosting.MutualTlsTokenEndpointMiddleware.Invoke(HttpContext context, IAuthenticationSchemeProvider schemes)
   at Microsoft.AspNetCore.Authentication.AuthenticationMiddleware.Invoke(HttpContext context)
   at IdentityServer4.Hosting.BaseUrlMiddleware.Invoke(HttpContext context)
   at Microsoft.AspNetCore.Diagnostics.DeveloperExceptionPageMiddleware.Invoke(HttpContext context)
2020-10-07T15:28:14.9023667+07:00  [INF] Removing 0 grants (62cd9308)
2020-10-07T15:28:14.9079899+07:00  [INF] Removing 0 device flow codes (171ba47d)
2020-10-07T15:28:44.9536274+07:00  [INF] Removing 0 grants (62cd9308)
2020-10-07T15:28:44.9750144+07:00  [INF] Removing 0 device flow codes (171ba47d)
2020-10-07T15:29:15.0322897+07:00  [INF] Removing 0 grants (62cd9308)
2020-10-07T15:29:15.0495724+07:00  [INF] Removing 0 device flow codes (171ba47d)
2020-10-07T15:29:45.1579036+07:00  [INF] Removing 0 grants (62cd9308)
2020-10-07T15:29:45.1791353+07:00  [INF] Removing 0 device flow codes (171ba47d)
2020-10-07T15:30:15.2124826+07:00  [INF] Removing 0 grants (62cd9308)
2020-10-07T15:30:15.2342215+07:00  [INF] Removing 0 device flow codes (171ba47d)
2020-10-07T15:30:45.2916451+07:00  [INF] Removing 0 grants (62cd9308)
2020-10-07T15:30:45.3082080+07:00  [INF] Removing 0 device flow codes (171ba47d)
2020-10-07T15:31:15.3559248+07:00  [INF] Removing 0 grants (62cd9308)
2020-10-07T15:31:15.4105533+07:00  [INF] Removing 0 device flow codes (171ba47d)
2020-10-07T15:31:45.4796854+07:00  [INF] Removing 0 grants (62cd9308)
2020-10-07T15:31:45.5012462+07:00  [INF] Removing 0 device flow codes (171ba47d)
2020-10-07T15:32:15.5192421+07:00  [INF] Removing 0 grants (62cd9308)
2020-10-07T15:32:15.5704891+07:00  [INF] Removing 0 device flow codes (171ba47d)
2020-10-07T15:32:45.6513757+07:00  [INF] Removing 0 grants (62cd9308)
2020-10-07T15:32:45.7144704+07:00  [INF] Removing 0 device flow codes (171ba47d)
2020-10-07T15:35:45.5814803+07:00  [INF] Starting IdentityServer4 version "3.1.3.0" (8add0571)
2020-10-07T15:35:45.6579166+07:00  [INF] Using the default authentication scheme "Identity.Application" for IdentityServer (4a54f457)
2020-10-07T15:35:46.9496755+07:00  [INF] Application started. Press Ctrl+C to shut down. (dcaefe54)
2020-10-07T15:35:46.9684157+07:00  [INF] Hosting environment: "Development" (c3307c92)
2020-10-07T15:35:46.9711581+07:00  [INF] Content root path: "D:\CmsApp\CmsApp" (b5d60022)
2020-10-07T15:36:15.7248597+07:00  [INF] Removing 0 grants (62cd9308)
2020-10-07T15:36:15.8062370+07:00  [INF] Removing 0 device flow codes (171ba47d)
2020-10-07T15:36:45.8466196+07:00  [INF] Removing 0 grants (62cd9308)
2020-10-07T15:36:45.8654827+07:00  [INF] Removing 0 device flow codes (171ba47d)
2020-10-07T15:37:15.9807846+07:00  [INF] Removing 0 grants (62cd9308)
2020-10-07T15:37:16.0188575+07:00  [INF] Removing 0 device flow codes (171ba47d)
2020-10-07T15:37:46.0502003+07:00  [INF] Removing 0 grants (62cd9308)
2020-10-07T15:37:46.0966726+07:00  [INF] Removing 0 device flow codes (171ba47d)
2020-10-07T15:38:16.1377446+07:00  [INF] Removing 0 grants (62cd9308)
2020-10-07T15:38:16.1683489+07:00  [INF] Removing 0 device flow codes (171ba47d)
2020-10-07T15:38:46.1987169+07:00  [INF] Removing 0 grants (62cd9308)
2020-10-07T15:38:46.2179348+07:00  [INF] Removing 0 device flow codes (171ba47d)
2020-10-07T15:44:29.1052076+07:00  [INF] Starting IdentityServer4 version "3.1.3.0" (8add0571)
2020-10-07T15:44:29.1284600+07:00  [INF] Using the default authentication scheme "Identity.Application" for IdentityServer (4a54f457)
2020-10-07T15:44:30.1652198+07:00  [INF] Now listening on: "https://localhost:5001" (d826f4b8)
2020-10-07T15:44:30.1655831+07:00  [INF] Now listening on: "http://localhost:5000" (d826f4b8)
2020-10-07T15:44:30.1661688+07:00  [INF] Application started. Press Ctrl+C to shut down. (dcaefe54)
2020-10-07T15:44:30.1662759+07:00  [INF] Hosting environment: "Development" (c3307c92)
2020-10-07T15:44:30.1664611+07:00  [INF] Content root path: "D:\CmsApp\CmsApp" (b5d60022)
2020-10-07T15:44:59.2561140+07:00  [INF] Removing 0 grants (62cd9308)
2020-10-07T15:44:59.2706188+07:00  [INF] Removing 0 device flow codes (171ba47d)
2020-10-07T15:45:29.3184482+07:00  [INF] Removing 0 grants (62cd9308)
2020-10-07T15:45:29.3221059+07:00  [INF] Removing 0 device flow codes (171ba47d)
2020-10-07T15:45:59.3562979+07:00  [INF] Removing 0 grants (62cd9308)
2020-10-07T15:45:59.3603569+07:00  [INF] Removing 0 device flow codes (171ba47d)
2020-10-07T15:46:29.3754990+07:00  [INF] Removing 0 grants (62cd9308)
2020-10-07T15:46:29.3807140+07:00  [INF] Removing 0 device flow codes (171ba47d)
2020-10-07T15:46:59.4150898+07:00  [INF] Removing 0 grants (62cd9308)
2020-10-07T15:46:59.4234721+07:00  [INF] Removing 0 device flow codes (171ba47d)
2020-10-07T15:47:29.4421984+07:00  [INF] Removing 0 grants (62cd9308)
2020-10-07T15:47:29.4479962+07:00  [INF] Removing 0 device flow codes (171ba47d)
2020-10-07T15:47:59.4734945+07:00  [INF] Removing 0 grants (62cd9308)
2020-10-07T15:47:59.4832199+07:00  [INF] Removing 0 device flow codes (171ba47d)
2020-10-07T15:48:29.5149491+07:00  [INF] Removing 0 grants (62cd9308)
2020-10-07T15:48:29.5233384+07:00  [INF] Removing 0 device flow codes (171ba47d)
2020-10-07T15:48:59.5496668+07:00  [INF] Removing 0 grants (62cd9308)
2020-10-07T15:48:59.5533327+07:00  [INF] Removing 0 device flow codes (171ba47d)
2020-10-07T15:49:29.5684989+07:00  [INF] Removing 0 grants (62cd9308)
2020-10-07T15:49:29.5703431+07:00  [INF] Removing 0 device flow codes (171ba47d)
2020-10-07T15:49:59.5931436+07:00  [INF] Removing 0 grants (62cd9308)
2020-10-07T15:49:59.6043765+07:00  [INF] Removing 0 device flow codes (171ba47d)
2020-10-07T15:50:29.6220266+07:00  [INF] Removing 0 grants (62cd9308)
2020-10-07T15:50:29.6260956+07:00  [INF] Removing 0 device flow codes (171ba47d)
2020-10-07T15:50:59.6401436+07:00  [INF] Removing 0 grants (62cd9308)
2020-10-07T15:50:59.6489764+07:00  [INF] Removing 0 device flow codes (171ba47d)
2020-10-07T15:51:29.6638320+07:00  [INF] Removing 0 grants (62cd9308)
2020-10-07T15:51:29.6689600+07:00  [INF] Removing 0 device flow codes (171ba47d)
2020-10-07T15:51:34.9920537+07:00  [INF] Application is shutting down... (90f52c38)
2020-10-07T15:53:03.2144979+07:00  [INF] Starting IdentityServer4 version "3.1.3.0" (8add0571)
2020-10-07T15:53:03.2817741+07:00  [INF] Using the default authentication scheme "Identity.Application" for IdentityServer (4a54f457)
2020-10-07T15:53:04.0599156+07:00  [INF] Application started. Press Ctrl+C to shut down. (dcaefe54)
2020-10-07T15:53:04.1435818+07:00  [INF] Hosting environment: "Development" (c3307c92)
2020-10-07T15:53:04.1494520+07:00  [INF] Content root path: "D:\CmsApp\CmsApp" (b5d60022)
2020-10-07T15:53:33.1471709+07:00  [INF] Removing 0 grants (62cd9308)
2020-10-07T15:53:33.1753703+07:00  [INF] Removing 0 device flow codes (171ba47d)
2020-10-07T15:54:03.2343126+07:00  [INF] Removing 0 grants (62cd9308)
2020-10-07T15:54:03.2445388+07:00  [INF] Removing 0 device flow codes (171ba47d)
2020-10-07T15:54:18.5847862+07:00 80000015-0002-f900-b63f-84710c7967bb [INF] Invoking IdentityServer endpoint: "IdentityServer4.Endpoints.DiscoveryEndpoint" for "/.well-known/openid-configuration" (f7642de5)
2020-10-07T15:54:22.0201191+07:00 80000031-0000-fa00-b63f-84710c7967bb [INF] Invoking IdentityServer endpoint: "IdentityServer4.Endpoints.DiscoveryKeyEndpoint" for "/.well-known/openid-configuration/jwks" (f7642de5)
2020-10-07T15:54:22.0734817+07:00 80000033-0000-fa00-b63f-84710c7967bb [INF] Invoking IdentityServer endpoint: "IdentityServer4.Endpoints.TokenEndpoint" for "/connect/token" (f7642de5)
2020-10-07T15:54:24.9389352+07:00 80000033-0000-fa00-b63f-84710c7967bb [INF] Credentials validated for username: "kreangkrai" (cb811aa7)
2020-10-07T15:54:25.1644711+07:00 80000033-0000-fa00-b63f-84710c7967bb [INF] Token request validation success, TokenRequestValidationLog { ClientId: "quickapp_spa", ClientName: null, GrantType: "password", Scopes: "email offline_access openid phone profile quickapp_api roles", AuthorizationCode: null, RefreshToken: null, UserName: "kreangkrai", AuthenticationContextReferenceClasses: null, Tenant: null, IdP: null, Raw: [("username": "kreangkrai"), ("password": "***REDACTED***"), ("client_id": "quickapp_spa"), ("grant_type": "password"), ("scope": "openid email phone profile offline_access roles quickapp_api")] } (3a073258)
2020-10-07T15:54:33.2751384+07:00  [INF] Removing 0 grants (62cd9308)
2020-10-07T15:54:33.2908417+07:00  [INF] Removing 0 device flow codes (171ba47d)
2020-10-07T15:55:03.3676724+07:00  [INF] Removing 0 grants (62cd9308)
2020-10-07T15:55:03.3925478+07:00  [INF] Removing 0 device flow codes (171ba47d)
2020-10-07T15:55:33.4377150+07:00  [INF] Removing 0 grants (62cd9308)
2020-10-07T15:55:33.4576589+07:00  [INF] Removing 0 device flow codes (171ba47d)
2020-10-07T15:56:03.4899559+07:00  [INF] Removing 0 grants (62cd9308)
2020-10-07T15:56:03.5007083+07:00  [INF] Removing 0 device flow codes (171ba47d)
2020-10-07T15:56:33.5599206+07:00  [INF] Removing 0 grants (62cd9308)
2020-10-07T15:56:33.5712649+07:00  [INF] Removing 0 device flow codes (171ba47d)
2020-10-07T15:57:03.2876740+07:00 80000007-0002-f800-b63f-84710c7967bb [INF] Invoking IdentityServer endpoint: "IdentityServer4.Endpoints.DiscoveryEndpoint" for "/.well-known/openid-configuration" (f7642de5)
2020-10-07T15:57:03.4257835+07:00 80000014-0003-fa00-b63f-84710c7967bb [INF] Invoking IdentityServer endpoint: "IdentityServer4.Endpoints.DiscoveryKeyEndpoint" for "/.well-known/openid-configuration/jwks" (f7642de5)
2020-10-07T15:57:03.4427555+07:00 80000016-0003-fa00-b63f-84710c7967bb [INF] Invoking IdentityServer endpoint: "IdentityServer4.Endpoints.TokenEndpoint" for "/connect/token" (f7642de5)
2020-10-07T15:57:03.5938435+07:00  [INF] Removing 0 grants (62cd9308)
2020-10-07T15:57:03.6060756+07:00  [INF] Removing 0 device flow codes (171ba47d)
2020-10-07T15:57:03.6603002+07:00 80000016-0003-fa00-b63f-84710c7967bb [INF] No user found matching username: "keawmoonmuk.k@gmail.com" (cd7b29f8)
2020-10-07T15:57:03.6767970+07:00 80000016-0003-fa00-b63f-84710c7967bb [INF] User authentication failed: "invalid_username_or_password", details: TokenRequestValidationLog { ClientId: "quickapp_spa", ClientName: null, GrantType: "password", Scopes: "email offline_access openid phone profile quickapp_api roles", AuthorizationCode: null, RefreshToken: null, UserName: "keawmoonmuk.k@gmail.com", AuthenticationContextReferenceClasses: null, Tenant: null, IdP: null, Raw: [("username": "keawmoonmuk.k@gmail.com"), ("password": "***REDACTED***"), ("client_id": "quickapp_spa"), ("grant_type": "password"), ("scope": "openid email phone profile offline_access roles quickapp_api")] } (07b239aa)
2020-10-07T16:08:07.5499171+07:00  [INF] Starting IdentityServer4 version "3.1.3.0" (8add0571)
2020-10-07T16:08:07.5867474+07:00  [INF] Using the default authentication scheme "Identity.Application" for IdentityServer (4a54f457)
2020-10-07T16:08:08.4585827+07:00  [INF] Application started. Press Ctrl+C to shut down. (dcaefe54)
2020-10-07T16:08:08.4626196+07:00  [INF] Hosting environment: "Development" (c3307c92)
2020-10-07T16:08:08.4660591+07:00  [INF] Content root path: "D:\CmsApp\CmsApp" (b5d60022)
2020-10-07T16:08:37.5353338+07:00  [INF] Removing 0 grants (62cd9308)
2020-10-07T16:08:37.5585708+07:00  [INF] Removing 0 device flow codes (171ba47d)
2020-10-07T16:09:07.6153234+07:00  [INF] Removing 0 grants (62cd9308)
2020-10-07T16:09:07.6391046+07:00  [INF] Removing 0 device flow codes (171ba47d)
2020-10-07T16:09:37.6698706+07:00  [INF] Removing 0 grants (62cd9308)
2020-10-07T16:09:37.7012978+07:00  [INF] Removing 0 device flow codes (171ba47d)
2020-10-07T16:10:07.7277247+07:00  [INF] Removing 0 grants (62cd9308)
2020-10-07T16:10:07.7372466+07:00  [INF] Removing 0 device flow codes (171ba47d)
2020-10-07T16:10:37.7847042+07:00  [INF] Removing 0 grants (62cd9308)
2020-10-07T16:10:37.7936632+07:00  [INF] Removing 0 device flow codes (171ba47d)
2020-10-07T16:11:07.8433195+07:00  [INF] Removing 0 grants (62cd9308)
2020-10-07T16:11:07.8575609+07:00  [INF] Removing 0 device flow codes (171ba47d)
2020-10-07T16:11:37.8777022+07:00  [INF] Removing 0 grants (62cd9308)
2020-10-07T16:11:37.8882370+07:00  [INF] Removing 0 device flow codes (171ba47d)
2020-10-07T16:12:07.9220749+07:00  [INF] Removing 0 grants (62cd9308)
2020-10-07T16:12:07.9557091+07:00  [INF] Removing 0 device flow codes (171ba47d)
2020-10-07T16:12:37.9995334+07:00  [INF] Removing 0 grants (62cd9308)
2020-10-07T16:12:38.0108382+07:00  [INF] Removing 0 device flow codes (171ba47d)
2020-10-07T16:13:08.0305092+07:00  [INF] Removing 0 grants (62cd9308)
2020-10-07T16:13:08.0408170+07:00  [INF] Removing 0 device flow codes (171ba47d)
2020-10-07T16:13:38.0734257+07:00  [INF] Removing 0 grants (62cd9308)
2020-10-07T16:13:38.0832298+07:00  [INF] Removing 0 device flow codes (171ba47d)
2020-10-07T16:14:08.1139374+07:00  [INF] Removing 0 grants (62cd9308)
2020-10-07T16:14:08.1294987+07:00  [INF] Removing 0 device flow codes (171ba47d)
2020-10-07T16:14:38.1471958+07:00  [INF] Removing 0 grants (62cd9308)
2020-10-07T16:14:38.1576453+07:00  [INF] Removing 0 device flow codes (171ba47d)
2020-10-07T16:15:08.1877448+07:00  [INF] Removing 0 grants (62cd9308)
2020-10-07T16:15:08.1967036+07:00  [INF] Removing 0 device flow codes (171ba47d)
2020-10-07T16:15:38.2121777+07:00  [INF] Removing 0 grants (62cd9308)
2020-10-07T16:15:38.2207713+07:00  [INF] Removing 0 device flow codes (171ba47d)
2020-10-07T16:16:08.2519969+07:00  [INF] Removing 0 grants (62cd9308)
2020-10-07T16:16:08.2726401+07:00  [INF] Removing 0 device flow codes (171ba47d)
2020-10-07T16:16:38.3108451+07:00  [INF] Removing 0 grants (62cd9308)
2020-10-07T16:16:38.3400851+07:00  [INF] Removing 0 device flow codes (171ba47d)
2020-10-07T16:17:08.3649172+07:00  [INF] Removing 0 grants (62cd9308)
2020-10-07T16:17:08.3906622+07:00  [INF] Removing 0 device flow codes (171ba47d)
2020-10-07T16:17:38.4314390+07:00  [INF] Removing 0 grants (62cd9308)
2020-10-07T16:17:38.4404422+07:00  [INF] Removing 0 device flow codes (171ba47d)
2020-10-07T16:18:08.4734434+07:00  [INF] Removing 0 grants (62cd9308)
2020-10-07T16:18:08.4855143+07:00  [INF] Removing 0 device flow codes (171ba47d)
2020-10-07T16:18:38.5165507+07:00  [INF] Removing 0 grants (62cd9308)
2020-10-07T16:18:38.5311815+07:00  [INF] Removing 0 device flow codes (171ba47d)
2020-10-07T16:19:08.5509937+07:00  [INF] Removing 0 grants (62cd9308)
2020-10-07T16:19:08.5608902+07:00  [INF] Removing 0 device flow codes (171ba47d)
2020-10-07T16:19:38.6490468+07:00  [INF] Removing 0 grants (62cd9308)
2020-10-07T16:19:38.6617160+07:00  [INF] Removing 0 device flow codes (171ba47d)
2020-10-07T16:20:08.7438503+07:00  [INF] Removing 0 grants (62cd9308)
2020-10-07T16:20:08.7564011+07:00  [INF] Removing 0 device flow codes (171ba47d)
2020-10-07T16:20:38.8035951+07:00  [INF] Removing 0 grants (62cd9308)
2020-10-07T16:20:38.8118841+07:00  [INF] Removing 0 device flow codes (171ba47d)
2020-10-07T16:21:08.8685537+07:00  [INF] Removing 0 grants (62cd9308)
2020-10-07T16:21:08.8830684+07:00  [INF] Removing 0 device flow codes (171ba47d)
2020-10-07T16:21:38.9002691+07:00  [INF] Removing 0 grants (62cd9308)
2020-10-07T16:21:38.9081681+07:00  [INF] Removing 0 device flow codes (171ba47d)
2020-10-07T16:22:08.9370689+07:00  [INF] Removing 0 grants (62cd9308)
2020-10-07T16:22:08.9459477+07:00  [INF] Removing 0 device flow codes (171ba47d)
2020-10-07T16:22:38.9734834+07:00  [INF] Removing 0 grants (62cd9308)
2020-10-07T16:22:38.9955658+07:00  [INF] Removing 0 device flow codes (171ba47d)
2020-10-07T16:23:09.0266634+07:00  [INF] Removing 0 grants (62cd9308)
2020-10-07T16:23:09.0350773+07:00  [INF] Removing 0 device flow codes (171ba47d)
2020-10-07T16:23:39.0788934+07:00  [INF] Removing 0 grants (62cd9308)
2020-10-07T16:23:39.0870359+07:00  [INF] Removing 0 device flow codes (171ba47d)
2020-10-07T16:24:09.1168713+07:00  [INF] Removing 0 grants (62cd9308)
2020-10-07T16:24:09.1249901+07:00  [INF] Removing 0 device flow codes (171ba47d)
2020-10-07T16:24:39.1590329+07:00  [INF] Removing 0 grants (62cd9308)
2020-10-07T16:24:39.1815783+07:00  [INF] Removing 0 device flow codes (171ba47d)
2020-10-07T16:25:09.2131942+07:00  [INF] Removing 0 grants (62cd9308)
2020-10-07T16:25:09.2220302+07:00  [INF] Removing 0 device flow codes (171ba47d)
2020-10-07T16:25:39.2461596+07:00  [INF] Removing 0 grants (62cd9308)
2020-10-07T16:25:39.2587030+07:00  [INF] Removing 0 device flow codes (171ba47d)
2020-10-07T16:26:09.2745233+07:00  [INF] Removing 0 grants (62cd9308)
2020-10-07T16:26:09.2846663+07:00  [INF] Removing 0 device flow codes (171ba47d)
2020-10-07T16:26:39.3129144+07:00  [INF] Removing 0 grants (62cd9308)
2020-10-07T16:26:39.3318973+07:00  [INF] Removing 0 device flow codes (171ba47d)
2020-10-07T16:27:09.3640855+07:00  [INF] Removing 0 grants (62cd9308)
2020-10-07T16:27:09.3819013+07:00  [INF] Removing 0 device flow codes (171ba47d)
2020-10-07T16:27:39.4540658+07:00  [INF] Removing 0 grants (62cd9308)
2020-10-07T16:27:39.4630008+07:00  [INF] Removing 0 device flow codes (171ba47d)
2020-10-07T16:28:09.4948783+07:00  [INF] Removing 0 grants (62cd9308)
2020-10-07T16:28:09.5070102+07:00  [INF] Removing 0 device flow codes (171ba47d)
2020-10-07T16:28:39.5250369+07:00  [INF] Removing 0 grants (62cd9308)
2020-10-07T16:28:39.5367893+07:00  [INF] Removing 0 device flow codes (171ba47d)
2020-10-07T16:29:09.5648937+07:00  [INF] Removing 0 grants (62cd9308)
2020-10-07T16:29:09.5783463+07:00  [INF] Removing 0 device flow codes (171ba47d)
2020-10-07T16:29:39.6221269+07:00  [INF] Removing 0 grants (62cd9308)
2020-10-07T16:29:39.6439592+07:00  [INF] Removing 0 device flow codes (171ba47d)
2020-10-07T16:30:09.6803051+07:00  [INF] Removing 0 grants (62cd9308)
2020-10-07T16:30:09.6999975+07:00  [INF] Removing 0 device flow codes (171ba47d)
2020-10-07T16:30:39.7468770+07:00  [INF] Removing 0 grants (62cd9308)
2020-10-07T16:30:39.7684996+07:00  [INF] Removing 0 device flow codes (171ba47d)
2020-10-07T16:31:09.7880311+07:00  [INF] Removing 0 grants (62cd9308)
2020-10-07T16:31:09.7979079+07:00  [INF] Removing 0 device flow codes (171ba47d)
2020-10-07T16:31:39.8241186+07:00  [INF] Removing 0 grants (62cd9308)
2020-10-07T16:31:39.8345044+07:00  [INF] Removing 0 device flow codes (171ba47d)
2020-10-07T16:32:09.8876852+07:00  [INF] Removing 0 grants (62cd9308)
2020-10-07T16:32:09.9030213+07:00  [INF] Removing 0 device flow codes (171ba47d)
2020-10-07T16:32:39.9466586+07:00  [INF] Removing 0 grants (62cd9308)
2020-10-07T16:32:39.9546722+07:00  [INF] Removing 0 device flow codes (171ba47d)
2020-10-07T16:33:09.9779145+07:00  [INF] Removing 0 grants (62cd9308)
2020-10-07T16:33:09.9864517+07:00  [INF] Removing 0 device flow codes (171ba47d)
2020-10-07T16:33:40.0083125+07:00  [INF] Removing 0 grants (62cd9308)
2020-10-07T16:33:40.0188100+07:00  [INF] Removing 0 device flow codes (171ba47d)
2020-10-07T16:34:10.0435319+07:00  [INF] Removing 0 grants (62cd9308)
2020-10-07T16:34:10.0574873+07:00  [INF] Removing 0 device flow codes (171ba47d)
2020-10-07T16:34:40.0994061+07:00  [INF] Removing 0 grants (62cd9308)
2020-10-07T16:34:40.1091419+07:00  [INF] Removing 0 device flow codes (171ba47d)
2020-10-07T16:35:10.1503379+07:00  [INF] Removing 0 grants (62cd9308)
2020-10-07T16:35:10.1747537+07:00  [INF] Removing 0 device flow codes (171ba47d)
2020-10-07T16:35:40.1976168+07:00  [INF] Removing 0 grants (62cd9308)
2020-10-07T16:35:40.2118408+07:00  [INF] Removing 0 device flow codes (171ba47d)
2020-10-07T16:36:10.2394015+07:00  [INF] Removing 0 grants (62cd9308)
2020-10-07T16:36:10.2504992+07:00  [INF] Removing 0 device flow codes (171ba47d)
2020-10-07T16:36:40.2787533+07:00  [INF] Removing 0 grants (62cd9308)
2020-10-07T16:36:40.2992715+07:00  [INF] Removing 0 device flow codes (171ba47d)
2020-10-07T16:37:10.3399196+07:00  [INF] Removing 0 grants (62cd9308)
2020-10-07T16:37:10.3496001+07:00  [INF] Removing 0 device flow codes (171ba47d)
2020-10-07T16:37:40.3916583+07:00  [INF] Removing 0 grants (62cd9308)
2020-10-07T16:37:40.4131510+07:00  [INF] Removing 0 device flow codes (171ba47d)
2020-10-07T16:38:10.4504523+07:00  [INF] Removing 0 grants (62cd9308)
2020-10-07T16:38:10.4711043+07:00  [INF] Removing 0 device flow codes (171ba47d)
2020-10-07T16:38:40.4965729+07:00  [INF] Removing 0 grants (62cd9308)
2020-10-07T16:38:40.5070182+07:00  [INF] Removing 0 device flow codes (171ba47d)
2020-10-07T16:39:10.5304442+07:00  [INF] Removing 0 grants (62cd9308)
2020-10-07T16:39:10.5404724+07:00  [INF] Removing 0 device flow codes (171ba47d)
