2020-09-11T11:17:09.3148648+07:00  [INF] Starting IdentityServer4 version "3.1.3.0" (8add0571)
2020-09-11T11:17:09.6363708+07:00  [INF] Using the default authentication scheme "Identity.Application" for IdentityServer (4a54f457)
2020-09-11T11:17:11.4506855+07:00  [INF] Now listening on: "https://localhost:5001" (d826f4b8)
2020-09-11T11:17:11.4545292+07:00  [INF] Now listening on: "http://localhost:5000" (d826f4b8)
2020-09-11T11:17:11.4581513+07:00  [INF] Application started. Press Ctrl+C to shut down. (dcaefe54)
2020-09-11T11:17:11.4631935+07:00  [INF] Hosting environment: "Development" (c3307c92)
2020-09-11T11:17:11.4673929+07:00  [INF] Content root path: "D:\CmsApp\CmsApp" (b5d60022)
2020-09-11T11:17:39.8163199+07:00  [INF] Removing 0 grants (62cd9308)
2020-09-11T11:17:39.9052834+07:00  [INF] Removing 0 device flow codes (171ba47d)
2020-09-11T11:18:10.0050428+07:00  [INF] Removing 0 grants (62cd9308)
2020-09-11T11:18:10.0120040+07:00  [INF] Removing 0 device flow codes (171ba47d)
2020-09-11T11:18:40.0771012+07:00  [INF] Removing 0 grants (62cd9308)
2020-09-11T11:18:40.0905640+07:00  [INF] Removing 0 device flow codes (171ba47d)
2020-09-11T11:19:10.1474454+07:00  [INF] Removing 0 grants (62cd9308)
2020-09-11T11:19:10.1646553+07:00  [INF] Removing 0 device flow codes (171ba47d)
2020-09-11T11:19:40.2019953+07:00  [INF] Removing 0 grants (62cd9308)
2020-09-11T11:19:40.2152639+07:00  [INF] Removing 0 device flow codes (171ba47d)
2020-09-11T11:19:49.0293744+07:00 0HM2M16791TVN:0000001F [INF] Invoking IdentityServer endpoint: "IdentityServer4.Endpoints.DiscoveryEndpoint" for "/.well-known/openid-configuration" (f7642de5)
2020-09-11T11:19:50.5375717+07:00 0HM2M16791TVN:00000021 [INF] Invoking IdentityServer endpoint: "IdentityServer4.Endpoints.DiscoveryKeyEndpoint" for "/.well-known/openid-configuration/jwks" (f7642de5)
2020-09-11T11:19:50.6130734+07:00 0HM2M16791TVN:00000023 [INF] Invoking IdentityServer endpoint: "IdentityServer4.Endpoints.TokenEndpoint" for "/connect/token" (f7642de5)
2020-09-11T11:19:51.6726244+07:00 0HM2M16791TVN:00000023 [INF] Credentials validated for username: "user" (cb811aa7)
2020-09-11T11:19:51.7683591+07:00 0HM2M16791TVN:00000023 [INF] Token request validation success, TokenRequestValidationLog { ClientId: "quickapp_spa", ClientName: null, GrantType: "password", Scopes: "email offline_access openid phone profile quickapp_api roles", AuthorizationCode: null, RefreshToken: null, UserName: "user", AuthenticationContextReferenceClasses: null, Tenant: null, IdP: null, Raw: [("username": "user"), ("password": "***REDACTED***"), ("client_id": "quickapp_spa"), ("grant_type": "password"), ("scope": "openid email phone profile offline_access roles quickapp_api")] } (3a073258)
2020-09-11T11:40:34.4099242+07:00  [INF] Starting IdentityServer4 version "3.1.3.0" (8add0571)
2020-09-11T11:40:34.4441628+07:00  [INF] Using the default authentication scheme "Identity.Application" for IdentityServer (4a54f457)
2020-09-11T11:40:34.9460201+07:00  [INF] Now listening on: "https://localhost:5001" (d826f4b8)
2020-09-11T11:40:34.9487062+07:00  [INF] Now listening on: "http://localhost:5000" (d826f4b8)
2020-09-11T11:40:34.9529146+07:00  [INF] Application started. Press Ctrl+C to shut down. (dcaefe54)
2020-09-11T11:40:34.9559817+07:00  [INF] Hosting environment: "Development" (c3307c92)
2020-09-11T11:40:34.9592050+07:00  [INF] Content root path: "D:\CmsApp\CmsApp" (b5d60022)
2020-09-11T11:41:04.6835258+07:00  [INF] Removing 0 grants (62cd9308)
2020-09-11T11:41:04.7290128+07:00  [INF] Removing 0 device flow codes (171ba47d)
2020-09-11T11:41:34.8056810+07:00  [INF] Removing 0 grants (62cd9308)
2020-09-11T11:41:34.8278432+07:00  [INF] Removing 0 device flow codes (171ba47d)
2020-09-11T11:41:52.5949752+07:00 0HM2M1J9FNJF7:0000001B [INF] Invoking IdentityServer endpoint: "IdentityServer4.Endpoints.DiscoveryEndpoint" for "/.well-known/openid-configuration" (f7642de5)
2020-09-11T11:41:53.5499649+07:00 0HM2M1J9FNJF7:0000001D [INF] Invoking IdentityServer endpoint: "IdentityServer4.Endpoints.DiscoveryKeyEndpoint" for "/.well-known/openid-configuration/jwks" (f7642de5)
2020-09-11T11:41:53.6110538+07:00 0HM2M1J9FNJF7:0000001F [INF] Invoking IdentityServer endpoint: "IdentityServer4.Endpoints.TokenEndpoint" for "/connect/token" (f7642de5)
2020-09-11T11:41:54.4785458+07:00 0HM2M1J9FNJF7:0000001F [INF] Credentials validated for username: "admin" (cb811aa7)
2020-09-11T11:41:54.5901196+07:00 0HM2M1J9FNJF7:0000001F [INF] Token request validation success, TokenRequestValidationLog { ClientId: "quickapp_spa", ClientName: null, GrantType: "password", Scopes: "email offline_access openid phone profile quickapp_api roles", AuthorizationCode: null, RefreshToken: null, UserName: "admin", AuthenticationContextReferenceClasses: null, Tenant: null, IdP: null, Raw: [("username": "admin"), ("password": "***REDACTED***"), ("client_id": "quickapp_spa"), ("grant_type": "password"), ("scope": "openid email phone profile offline_access roles quickapp_api")] } (3a073258)
2020-09-11T11:42:04.8608951+07:00  [INF] Removing 0 grants (62cd9308)
2020-09-11T11:42:04.8776226+07:00  [INF] Removing 0 device flow codes (171ba47d)
2020-09-11T11:42:34.9210895+07:00  [INF] Removing 0 grants (62cd9308)
2020-09-11T11:42:34.9433641+07:00  [INF] Removing 0 device flow codes (171ba47d)
2020-09-11T13:47:20.3923281+07:00  [INF] Starting IdentityServer4 version "3.1.3.0" (8add0571)
2020-09-11T13:47:20.5094466+07:00  [INF] Using the default authentication scheme "Identity.Application" for IdentityServer (4a54f457)
2020-09-11T13:47:21.3399200+07:00  [INF] Now listening on: "https://localhost:5001" (d826f4b8)
2020-09-11T13:47:21.3430503+07:00  [INF] Now listening on: "http://localhost:5000" (d826f4b8)
2020-09-11T13:47:21.3472496+07:00  [INF] Application started. Press Ctrl+C to shut down. (dcaefe54)
2020-09-11T13:47:21.3518383+07:00  [INF] Hosting environment: "Development" (c3307c92)
2020-09-11T13:47:21.3555096+07:00  [INF] Content root path: "D:\CmsApp\CmsApp" (b5d60022)
2020-09-11T13:47:50.5424324+07:00  [INF] Removing 0 grants (62cd9308)
2020-09-11T13:47:50.5627982+07:00  [INF] Removing 0 device flow codes (171ba47d)
2020-09-11T13:48:20.6042391+07:00  [INF] Removing 0 grants (62cd9308)
2020-09-11T13:48:20.6276912+07:00  [INF] Removing 0 device flow codes (171ba47d)
2020-09-11T13:48:50.7965138+07:00  [INF] Removing 0 grants (62cd9308)
2020-09-11T13:48:50.8544410+07:00  [INF] Removing 0 device flow codes (171ba47d)
2020-09-11T13:49:20.8771894+07:00  [INF] Removing 0 grants (62cd9308)
2020-09-11T13:49:20.8880189+07:00  [INF] Removing 0 device flow codes (171ba47d)
2020-09-11T13:49:50.9130904+07:00  [INF] Removing 0 grants (62cd9308)
2020-09-11T13:49:50.9382501+07:00  [INF] Removing 0 device flow codes (171ba47d)
2020-09-11T13:50:20.9733249+07:00  [INF] Removing 0 grants (62cd9308)
2020-09-11T13:50:20.9846446+07:00  [INF] Removing 0 device flow codes (171ba47d)
2020-09-11T13:50:51.0027864+07:00  [INF] Removing 0 grants (62cd9308)
2020-09-11T13:50:51.0165830+07:00  [INF] Removing 0 device flow codes (171ba47d)
2020-09-11T13:51:21.0295685+07:00  [INF] Removing 0 grants (62cd9308)
2020-09-11T13:51:21.0615799+07:00  [INF] Removing 0 device flow codes (171ba47d)
2020-09-11T13:51:46.8797240+07:00 0HM2M3Q4ALE9H:0000001B [INF] Invoking IdentityServer endpoint: "IdentityServer4.Endpoints.DiscoveryEndpoint" for "/.well-known/openid-configuration" (f7642de5)
2020-09-11T13:51:48.0270104+07:00 0HM2M3Q4ALE9H:0000001D [INF] Invoking IdentityServer endpoint: "IdentityServer4.Endpoints.DiscoveryKeyEndpoint" for "/.well-known/openid-configuration/jwks" (f7642de5)
2020-09-11T13:51:48.1028251+07:00 0HM2M3Q4ALE9H:0000001F [INF] Invoking IdentityServer endpoint: "IdentityServer4.Endpoints.TokenEndpoint" for "/connect/token" (f7642de5)
2020-09-11T13:51:49.0023355+07:00 0HM2M3Q4ALE9H:0000001F [INF] Credentials validated for username: "admin" (cb811aa7)
2020-09-11T13:51:49.0819423+07:00 0HM2M3Q4ALE9H:0000001F [INF] Token request validation success, TokenRequestValidationLog { ClientId: "quickapp_spa", ClientName: null, GrantType: "password", Scopes: "email offline_access openid phone profile quickapp_api roles", AuthorizationCode: null, RefreshToken: null, UserName: "admin", AuthenticationContextReferenceClasses: null, Tenant: null, IdP: null, Raw: [("username": "admin"), ("password": "***REDACTED***"), ("client_id": "quickapp_spa"), ("grant_type": "password"), ("scope": "openid email phone profile offline_access roles quickapp_api")] } (3a073258)
2020-09-11T13:51:51.0782014+07:00  [INF] Removing 0 grants (62cd9308)
2020-09-11T13:51:51.0891044+07:00  [INF] Removing 0 device flow codes (171ba47d)
2020-09-11T13:52:21.1422502+07:00  [INF] Removing 0 grants (62cd9308)
2020-09-11T13:52:21.1541474+07:00  [INF] Removing 0 device flow codes (171ba47d)
2020-09-11T13:52:51.1840091+07:00  [INF] Removing 0 grants (62cd9308)
2020-09-11T13:52:51.2060293+07:00  [INF] Removing 0 device flow codes (171ba47d)
2020-09-11T13:53:21.2478762+07:00  [INF] Removing 0 grants (62cd9308)
2020-09-11T13:53:21.2682678+07:00  [INF] Removing 0 device flow codes (171ba47d)
2020-09-11T13:53:51.3103262+07:00  [INF] Removing 0 grants (62cd9308)
2020-09-11T13:53:51.3336205+07:00  [INF] Removing 0 device flow codes (171ba47d)
2020-09-11T13:54:21.3550319+07:00  [INF] Removing 0 grants (62cd9308)
2020-09-11T13:54:21.3758778+07:00  [INF] Removing 0 device flow codes (171ba47d)
2020-09-11T13:54:51.4250846+07:00  [INF] Removing 0 grants (62cd9308)
2020-09-11T13:54:51.4459488+07:00  [INF] Removing 0 device flow codes (171ba47d)
2020-09-11T13:55:21.4908253+07:00  [INF] Removing 0 grants (62cd9308)
2020-09-11T13:55:21.5187400+07:00  [INF] Removing 0 device flow codes (171ba47d)
2020-09-11T13:55:51.5538280+07:00  [INF] Removing 0 grants (62cd9308)
2020-09-11T13:55:51.5641432+07:00  [INF] Removing 0 device flow codes (171ba47d)
2020-09-11T13:56:21.6005004+07:00  [INF] Removing 0 grants (62cd9308)
2020-09-11T13:56:21.6069009+07:00  [INF] Removing 0 device flow codes (171ba47d)
2020-09-11T13:56:51.6256120+07:00  [INF] Removing 0 grants (62cd9308)
2020-09-11T13:56:51.6343751+07:00  [INF] Removing 0 device flow codes (171ba47d)
2020-09-11T13:57:21.6658518+07:00  [INF] Removing 0 grants (62cd9308)
2020-09-11T13:57:21.6888187+07:00  [INF] Removing 0 device flow codes (171ba47d)
2020-09-11T13:57:51.7647379+07:00  [INF] Removing 0 grants (62cd9308)
2020-09-11T13:57:51.7805039+07:00  [INF] Removing 0 device flow codes (171ba47d)
2020-09-11T13:58:21.8224230+07:00  [INF] Removing 0 grants (62cd9308)
2020-09-11T13:58:21.8344533+07:00  [INF] Removing 0 device flow codes (171ba47d)
2020-09-11T13:58:51.8536160+07:00  [INF] Removing 0 grants (62cd9308)
2020-09-11T13:58:51.8614923+07:00  [INF] Removing 0 device flow codes (171ba47d)
2020-09-11T13:59:21.8973843+07:00  [INF] Removing 0 grants (62cd9308)
2020-09-11T13:59:21.9245284+07:00  [INF] Removing 0 device flow codes (171ba47d)
2020-09-11T13:59:51.9531870+07:00  [INF] Removing 0 grants (62cd9308)
2020-09-11T13:59:51.9705761+07:00  [INF] Removing 0 device flow codes (171ba47d)
2020-09-11T14:00:22.0055460+07:00  [INF] Removing 0 grants (62cd9308)
2020-09-11T14:00:22.0341877+07:00  [INF] Removing 0 device flow codes (171ba47d)
2020-09-11T14:00:52.0480100+07:00  [INF] Removing 0 grants (62cd9308)
2020-09-11T14:00:52.0601643+07:00  [INF] Removing 0 device flow codes (171ba47d)
2020-09-11T14:01:22.0843833+07:00  [INF] Removing 0 grants (62cd9308)
2020-09-11T14:01:22.1034820+07:00  [INF] Removing 0 device flow codes (171ba47d)
2020-09-11T14:01:52.1399209+07:00  [INF] Removing 0 grants (62cd9308)
2020-09-11T14:01:52.1483268+07:00  [INF] Removing 0 device flow codes (171ba47d)
2020-09-11T14:02:22.1876524+07:00  [INF] Removing 0 grants (62cd9308)
2020-09-11T14:02:22.2380252+07:00  [INF] Removing 0 device flow codes (171ba47d)
2020-09-11T14:02:52.2657989+07:00  [INF] Removing 0 grants (62cd9308)
2020-09-11T14:02:52.2850713+07:00  [INF] Removing 0 device flow codes (171ba47d)
2020-09-11T14:03:22.3159844+07:00  [INF] Removing 0 grants (62cd9308)
2020-09-11T14:03:22.3283965+07:00  [INF] Removing 0 device flow codes (171ba47d)
2020-09-11T14:03:52.3567450+07:00  [INF] Removing 0 grants (62cd9308)
2020-09-11T14:03:52.3635927+07:00  [INF] Removing 0 device flow codes (171ba47d)
2020-09-11T14:04:22.3823571+07:00  [INF] Removing 0 grants (62cd9308)
2020-09-11T14:04:22.4001565+07:00  [INF] Removing 0 device flow codes (171ba47d)
2020-09-11T14:04:52.4353370+07:00  [INF] Removing 0 grants (62cd9308)
2020-09-11T14:04:52.4459904+07:00  [INF] Removing 0 device flow codes (171ba47d)
2020-09-11T14:05:22.4882779+07:00  [INF] Removing 0 grants (62cd9308)
2020-09-11T14:05:22.5267155+07:00  [INF] Removing 0 device flow codes (171ba47d)
2020-09-11T14:05:52.5699367+07:00  [INF] Removing 0 grants (62cd9308)
2020-09-11T14:05:52.6003403+07:00  [INF] Removing 0 device flow codes (171ba47d)
2020-09-11T14:06:22.6356359+07:00  [INF] Removing 0 grants (62cd9308)
2020-09-11T14:06:22.6440985+07:00  [INF] Removing 0 device flow codes (171ba47d)
2020-09-11T14:06:52.6725392+07:00  [INF] Removing 0 grants (62cd9308)
2020-09-11T14:06:52.7019182+07:00  [INF] Removing 0 device flow codes (171ba47d)
2020-09-11T14:07:22.7381926+07:00  [INF] Removing 0 grants (62cd9308)
2020-09-11T14:07:22.7602141+07:00  [INF] Removing 0 device flow codes (171ba47d)
2020-09-11T14:07:52.7888512+07:00  [INF] Removing 0 grants (62cd9308)
2020-09-11T14:07:52.7976897+07:00  [INF] Removing 0 device flow codes (171ba47d)
2020-09-11T14:08:23.0466287+07:00  [INF] Removing 0 grants (62cd9308)
2020-09-11T14:08:23.9238120+07:00  [INF] Removing 0 device flow codes (171ba47d)
2020-09-11T14:08:53.9485228+07:00  [INF] Removing 0 grants (62cd9308)
2020-09-11T14:08:53.9674892+07:00  [INF] Removing 0 device flow codes (171ba47d)
2020-09-11T14:09:23.9971918+07:00  [INF] Removing 0 grants (62cd9308)
2020-09-11T14:09:24.0170647+07:00  [INF] Removing 0 device flow codes (171ba47d)
2020-09-11T14:09:54.0514742+07:00  [INF] Removing 0 grants (62cd9308)
2020-09-11T14:09:54.0714294+07:00  [INF] Removing 0 device flow codes (171ba47d)
2020-09-11T14:10:24.1115385+07:00  [INF] Removing 0 grants (62cd9308)
2020-09-11T14:10:24.1374311+07:00  [INF] Removing 0 device flow codes (171ba47d)
2020-09-11T14:10:54.1543752+07:00  [INF] Removing 0 grants (62cd9308)
2020-09-11T14:10:54.1732401+07:00  [INF] Removing 0 device flow codes (171ba47d)
2020-09-11T14:11:24.2100265+07:00  [INF] Removing 0 grants (62cd9308)
2020-09-11T14:11:24.2258779+07:00  [INF] Removing 0 device flow codes (171ba47d)
2020-09-11T14:11:54.2612488+07:00  [INF] Removing 0 grants (62cd9308)
2020-09-11T14:11:54.2840682+07:00  [INF] Removing 0 device flow codes (171ba47d)
2020-09-11T14:12:24.3088599+07:00  [INF] Removing 0 grants (62cd9308)
2020-09-11T14:12:24.3331054+07:00  [INF] Removing 0 device flow codes (171ba47d)
2020-09-11T14:12:54.3605407+07:00  [INF] Removing 0 grants (62cd9308)
2020-09-11T14:12:54.3779086+07:00  [INF] Removing 0 device flow codes (171ba47d)
2020-09-11T14:13:24.4027484+07:00  [INF] Removing 0 grants (62cd9308)
2020-09-11T14:13:24.4236690+07:00  [INF] Removing 0 device flow codes (171ba47d)
2020-09-11T14:13:54.4670758+07:00  [INF] Removing 0 grants (62cd9308)
2020-09-11T14:13:54.4872027+07:00  [INF] Removing 0 device flow codes (171ba47d)
2020-09-11T14:14:24.5150011+07:00  [INF] Removing 0 grants (62cd9308)
2020-09-11T14:14:24.5371070+07:00  [INF] Removing 0 device flow codes (171ba47d)
2020-09-11T14:14:54.5752211+07:00  [INF] Removing 0 grants (62cd9308)
2020-09-11T14:14:54.5983269+07:00  [INF] Removing 0 device flow codes (171ba47d)
2020-09-11T14:15:24.6302255+07:00  [INF] Removing 0 grants (62cd9308)
2020-09-11T14:15:24.6419205+07:00  [INF] Removing 0 device flow codes (171ba47d)
2020-09-11T14:15:54.6940452+07:00  [INF] Removing 0 grants (62cd9308)
2020-09-11T14:15:54.7485731+07:00  [INF] Removing 0 device flow codes (171ba47d)
2020-09-11T14:16:24.7707340+07:00  [INF] Removing 0 grants (62cd9308)
2020-09-11T14:16:24.8053420+07:00  [INF] Removing 0 device flow codes (171ba47d)
2020-09-11T14:16:54.8450404+07:00  [INF] Removing 0 grants (62cd9308)
2020-09-11T14:16:54.8637974+07:00  [INF] Removing 0 device flow codes (171ba47d)
2020-09-11T14:17:24.8860509+07:00  [INF] Removing 0 grants (62cd9308)
2020-09-11T14:17:24.9051385+07:00  [INF] Removing 0 device flow codes (171ba47d)
2020-09-11T14:17:54.9367375+07:00  [INF] Removing 0 grants (62cd9308)
2020-09-11T14:17:54.9462945+07:00  [INF] Removing 0 device flow codes (171ba47d)
2020-09-11T14:18:24.9759672+07:00  [INF] Removing 0 grants (62cd9308)
2020-09-11T14:18:24.9976437+07:00  [INF] Removing 0 device flow codes (171ba47d)
2020-09-11T14:18:55.0214010+07:00  [INF] Removing 0 grants (62cd9308)
2020-09-11T14:18:55.0434555+07:00  [INF] Removing 0 device flow codes (171ba47d)
2020-09-11T14:19:25.0974051+07:00  [INF] Removing 0 grants (62cd9308)
2020-09-11T14:19:25.1306203+07:00  [INF] Removing 0 device flow codes (171ba47d)
2020-09-11T14:19:55.1628884+07:00  [INF] Removing 0 grants (62cd9308)
2020-09-11T14:19:55.1798080+07:00  [INF] Removing 0 device flow codes (171ba47d)
2020-09-11T14:20:25.2212558+07:00  [INF] Removing 0 grants (62cd9308)
2020-09-11T14:20:25.2337409+07:00  [INF] Removing 0 device flow codes (171ba47d)
2020-09-11T14:20:55.2667088+07:00  [INF] Removing 0 grants (62cd9308)
2020-09-11T14:20:55.2865656+07:00  [INF] Removing 0 device flow codes (171ba47d)
2020-09-11T14:21:25.2977448+07:00  [INF] Removing 0 grants (62cd9308)
2020-09-11T14:21:25.3267101+07:00  [INF] Removing 0 device flow codes (171ba47d)
2020-09-11T14:21:55.3553653+07:00  [INF] Removing 0 grants (62cd9308)
2020-09-11T14:21:55.3741020+07:00  [INF] Removing 0 device flow codes (171ba47d)
2020-09-11T14:22:25.4131942+07:00  [INF] Removing 0 grants (62cd9308)
2020-09-11T14:22:25.4323675+07:00  [INF] Removing 0 device flow codes (171ba47d)
2020-09-11T14:22:55.4688094+07:00  [INF] Removing 0 grants (62cd9308)
2020-09-11T14:22:55.4932114+07:00  [INF] Removing 0 device flow codes (171ba47d)
2020-09-11T14:23:25.5139794+07:00  [INF] Removing 0 grants (62cd9308)
2020-09-11T14:23:25.5318426+07:00  [INF] Removing 0 device flow codes (171ba47d)
2020-09-11T14:23:55.5611780+07:00  [INF] Removing 0 grants (62cd9308)
2020-09-11T14:23:55.5841356+07:00  [INF] Removing 0 device flow codes (171ba47d)
2020-09-11T14:24:25.6219595+07:00  [INF] Removing 0 grants (62cd9308)
2020-09-11T14:24:25.6427300+07:00  [INF] Removing 0 device flow codes (171ba47d)
2020-09-11T14:24:55.6659745+07:00  [INF] Removing 0 grants (62cd9308)
2020-09-11T14:24:55.6873168+07:00  [INF] Removing 0 device flow codes (171ba47d)
2020-09-11T14:25:25.7217515+07:00  [INF] Removing 0 grants (62cd9308)
2020-09-11T14:25:25.7302443+07:00  [INF] Removing 0 device flow codes (171ba47d)
2020-09-11T14:25:55.7544577+07:00  [INF] Removing 0 grants (62cd9308)
2020-09-11T14:25:55.7727133+07:00  [INF] Removing 0 device flow codes (171ba47d)
2020-09-11T14:26:25.7996681+07:00  [INF] Removing 0 grants (62cd9308)
2020-09-11T14:26:25.8197253+07:00  [INF] Removing 0 device flow codes (171ba47d)
2020-09-11T14:26:55.8422569+07:00  [INF] Removing 0 grants (62cd9308)
2020-09-11T14:26:55.8789247+07:00  [INF] Removing 0 device flow codes (171ba47d)
2020-09-11T14:27:25.9060309+07:00  [INF] Removing 0 grants (62cd9308)
2020-09-11T14:27:25.9270991+07:00  [INF] Removing 0 device flow codes (171ba47d)
2020-09-11T14:27:55.9483964+07:00  [INF] Removing 0 grants (62cd9308)
2020-09-11T14:27:55.9776004+07:00  [INF] Removing 0 device flow codes (171ba47d)
2020-09-11T14:28:26.0020853+07:00  [INF] Removing 0 grants (62cd9308)
2020-09-11T14:28:26.0215641+07:00  [INF] Removing 0 device flow codes (171ba47d)
2020-09-11T14:28:56.0510880+07:00  [INF] Removing 0 grants (62cd9308)
2020-09-11T14:28:56.0736709+07:00  [INF] Removing 0 device flow codes (171ba47d)
2020-09-11T14:29:26.1077815+07:00  [INF] Removing 0 grants (62cd9308)
2020-09-11T14:29:26.1257481+07:00  [INF] Removing 0 device flow codes (171ba47d)
2020-09-11T14:29:56.1501950+07:00  [INF] Removing 0 grants (62cd9308)
2020-09-11T14:29:56.1671113+07:00  [INF] Removing 0 device flow codes (171ba47d)
2020-09-11T14:30:26.2005196+07:00  [INF] Removing 0 grants (62cd9308)
2020-09-11T14:30:26.2380384+07:00  [INF] Removing 0 device flow codes (171ba47d)
2020-09-11T14:30:56.2725632+07:00  [INF] Removing 0 grants (62cd9308)
2020-09-11T14:30:56.2920744+07:00  [INF] Removing 0 device flow codes (171ba47d)
2020-09-11T14:31:26.3108276+07:00  [INF] Removing 0 grants (62cd9308)
2020-09-11T14:31:26.3516642+07:00  [INF] Removing 0 device flow codes (171ba47d)
2020-09-11T14:31:56.3843226+07:00  [INF] Removing 0 grants (62cd9308)
2020-09-11T14:31:56.4262844+07:00  [INF] Removing 0 device flow codes (171ba47d)
2020-09-11T14:32:26.4647861+07:00  [INF] Removing 0 grants (62cd9308)
2020-09-11T14:32:26.4743765+07:00  [INF] Removing 0 device flow codes (171ba47d)
2020-09-11T14:32:56.4862999+07:00  [INF] Removing 0 grants (62cd9308)
2020-09-11T14:32:56.5226571+07:00  [INF] Removing 0 device flow codes (171ba47d)
2020-09-11T14:33:26.5728338+07:00  [INF] Removing 0 grants (62cd9308)
2020-09-11T14:33:26.5818519+07:00  [INF] Removing 0 device flow codes (171ba47d)
2020-09-11T14:33:56.5963421+07:00  [INF] Removing 0 grants (62cd9308)
2020-09-11T14:33:56.6183058+07:00  [INF] Removing 0 device flow codes (171ba47d)
2020-09-11T14:34:26.6546585+07:00  [INF] Removing 0 grants (62cd9308)
2020-09-11T14:34:26.6974719+07:00  [INF] Removing 0 device flow codes (171ba47d)
2020-09-11T14:34:56.7270489+07:00  [INF] Removing 0 grants (62cd9308)
2020-09-11T14:34:56.7447423+07:00  [INF] Removing 0 device flow codes (171ba47d)
2020-09-11T14:35:26.7781400+07:00  [INF] Removing 0 grants (62cd9308)
2020-09-11T14:35:26.7988891+07:00  [INF] Removing 0 device flow codes (171ba47d)
2020-09-11T14:35:56.8255490+07:00  [INF] Removing 0 grants (62cd9308)
2020-09-11T14:35:56.8452721+07:00  [INF] Removing 0 device flow codes (171ba47d)
2020-09-11T14:36:26.8749201+07:00  [INF] Removing 0 grants (62cd9308)
2020-09-11T14:36:26.8948122+07:00  [INF] Removing 0 device flow codes (171ba47d)
2020-09-11T14:36:56.9499510+07:00  [INF] Removing 1 grants (62cd9308)
2020-09-11T14:36:57.0741824+07:00  [INF] Removing 0 device flow codes (171ba47d)
2020-09-11T14:37:27.0975278+07:00  [INF] Removing 0 grants (62cd9308)
2020-09-11T14:37:27.1406034+07:00  [INF] Removing 0 device flow codes (171ba47d)
2020-09-11T14:37:57.1690615+07:00  [INF] Removing 0 grants (62cd9308)
2020-09-11T14:37:57.1907014+07:00  [INF] Removing 0 device flow codes (171ba47d)
2020-09-11T14:38:27.2216935+07:00  [INF] Removing 0 grants (62cd9308)
2020-09-11T14:38:27.2418551+07:00  [INF] Removing 0 device flow codes (171ba47d)
2020-09-11T14:38:57.2621022+07:00  [INF] Removing 0 grants (62cd9308)
2020-09-11T14:38:57.2911809+07:00  [INF] Removing 0 device flow codes (171ba47d)
2020-09-11T14:39:27.3341353+07:00  [INF] Removing 0 grants (62cd9308)
2020-09-11T14:39:27.3415330+07:00  [INF] Removing 0 device flow codes (171ba47d)
2020-09-11T14:39:57.3722353+07:00  [INF] Removing 0 grants (62cd9308)
2020-09-11T14:39:57.3815948+07:00  [INF] Removing 0 device flow codes (171ba47d)
2020-09-11T14:40:27.4003464+07:00  [INF] Removing 0 grants (62cd9308)
2020-09-11T14:40:27.4188151+07:00  [INF] Removing 0 device flow codes (171ba47d)
2020-09-11T14:40:57.4432410+07:00  [INF] Removing 0 grants (62cd9308)
2020-09-11T14:40:57.4625057+07:00  [INF] Removing 0 device flow codes (171ba47d)
2020-09-11T14:41:27.4841693+07:00  [INF] Removing 0 grants (62cd9308)
2020-09-11T14:41:27.5020899+07:00  [INF] Removing 0 device flow codes (171ba47d)
2020-09-11T14:41:57.5334665+07:00  [INF] Removing 0 grants (62cd9308)
2020-09-11T14:41:57.5535460+07:00  [INF] Removing 0 device flow codes (171ba47d)
2020-09-11T14:42:27.5892633+07:00  [INF] Removing 0 grants (62cd9308)
2020-09-11T14:42:27.5975049+07:00  [INF] Removing 0 device flow codes (171ba47d)
2020-09-11T14:42:57.6575959+07:00  [INF] Removing 0 grants (62cd9308)
2020-09-11T14:42:57.7162287+07:00  [INF] Removing 0 device flow codes (171ba47d)
2020-09-11T14:43:27.7517687+07:00  [INF] Removing 0 grants (62cd9308)
2020-09-11T14:43:27.7732231+07:00  [INF] Removing 0 device flow codes (171ba47d)
2020-09-11T14:43:57.8176103+07:00  [INF] Removing 0 grants (62cd9308)
2020-09-11T14:43:57.8385285+07:00  [INF] Removing 0 device flow codes (171ba47d)
2020-09-11T14:44:27.8683865+07:00  [INF] Removing 0 grants (62cd9308)
2020-09-11T14:44:27.8882619+07:00  [INF] Removing 0 device flow codes (171ba47d)
2020-09-11T14:44:57.9161792+07:00  [INF] Removing 0 grants (62cd9308)
2020-09-11T14:44:57.9245619+07:00  [INF] Removing 0 device flow codes (171ba47d)
2020-09-11T14:45:27.9471678+07:00  [INF] Removing 0 grants (62cd9308)
2020-09-11T14:45:27.9667005+07:00  [INF] Removing 0 device flow codes (171ba47d)
2020-09-11T14:45:57.9984139+07:00  [INF] Removing 0 grants (62cd9308)
2020-09-11T14:45:58.0172311+07:00  [INF] Removing 0 device flow codes (171ba47d)
2020-09-11T14:46:28.0601976+07:00  [INF] Removing 0 grants (62cd9308)
2020-09-11T14:46:28.0677954+07:00  [INF] Removing 0 device flow codes (171ba47d)
2020-09-11T14:46:58.0885328+07:00  [INF] Removing 0 grants (62cd9308)
2020-09-11T14:46:58.1090878+07:00  [INF] Removing 0 device flow codes (171ba47d)
2020-09-11T14:47:28.1434197+07:00  [INF] Removing 0 grants (62cd9308)
2020-09-11T14:47:28.1525916+07:00  [INF] Removing 0 device flow codes (171ba47d)
2020-09-11T14:47:58.1928671+07:00  [INF] Removing 0 grants (62cd9308)
2020-09-11T14:47:58.2016216+07:00  [INF] Removing 0 device flow codes (171ba47d)
2020-09-11T14:48:28.2175014+07:00  [INF] Removing 0 grants (62cd9308)
2020-09-11T14:48:28.2366977+07:00  [INF] Removing 0 device flow codes (171ba47d)
2020-09-11T14:48:58.2623636+07:00  [INF] Removing 0 grants (62cd9308)
2020-09-11T14:48:58.2805665+07:00  [INF] Removing 0 device flow codes (171ba47d)
2020-09-11T14:49:28.3070501+07:00  [INF] Removing 0 grants (62cd9308)
2020-09-11T14:49:28.3319034+07:00  [INF] Removing 0 device flow codes (171ba47d)
2020-09-11T14:49:58.3531667+07:00  [INF] Removing 0 grants (62cd9308)
2020-09-11T14:49:58.3830840+07:00  [INF] Removing 0 device flow codes (171ba47d)
2020-09-11T14:50:28.4163788+07:00  [INF] Removing 0 grants (62cd9308)
2020-09-11T14:50:28.4364173+07:00  [INF] Removing 0 device flow codes (171ba47d)
2020-09-11T14:50:58.4712264+07:00  [INF] Removing 0 grants (62cd9308)
2020-09-11T14:50:58.4915565+07:00  [INF] Removing 0 device flow codes (171ba47d)
2020-09-11T14:51:28.5169488+07:00  [INF] Removing 0 grants (62cd9308)
2020-09-11T14:51:28.5518529+07:00  [INF] Removing 0 device flow codes (171ba47d)
2020-09-11T14:51:58.5890304+07:00  [INF] Removing 0 grants (62cd9308)
2020-09-11T14:51:58.5983586+07:00  [INF] Removing 0 device flow codes (171ba47d)
2020-09-11T14:52:28.6343823+07:00  [INF] Removing 0 grants (62cd9308)
2020-09-11T14:52:28.6443644+07:00  [INF] Removing 0 device flow codes (171ba47d)
2020-09-11T14:52:58.6795800+07:00  [INF] Removing 0 grants (62cd9308)
2020-09-11T14:52:58.6925666+07:00  [INF] Removing 0 device flow codes (171ba47d)
2020-09-11T14:53:28.7201525+07:00  [INF] Removing 0 grants (62cd9308)
2020-09-11T14:53:28.7411717+07:00  [INF] Removing 0 device flow codes (171ba47d)
2020-09-11T14:53:58.7601809+07:00  [INF] Removing 0 grants (62cd9308)
2020-09-11T14:53:58.7808911+07:00  [INF] Removing 0 device flow codes (171ba47d)
2020-09-11T14:54:28.8029675+07:00  [INF] Removing 0 grants (62cd9308)
2020-09-11T14:54:28.8118728+07:00  [INF] Removing 0 device flow codes (171ba47d)
2020-09-11T14:54:58.8402258+07:00  [INF] Removing 0 grants (62cd9308)
2020-09-11T14:54:58.8587302+07:00  [INF] Removing 0 device flow codes (171ba47d)
2020-09-11T14:55:28.8845992+07:00  [INF] Removing 0 grants (62cd9308)
2020-09-11T14:55:28.9138365+07:00  [INF] Removing 0 device flow codes (171ba47d)
2020-09-11T14:55:58.9479248+07:00  [INF] Removing 0 grants (62cd9308)
2020-09-11T14:55:58.9807061+07:00  [INF] Removing 0 device flow codes (171ba47d)
2020-09-11T14:56:29.0068866+07:00  [INF] Removing 0 grants (62cd9308)
2020-09-11T14:56:29.0264576+07:00  [INF] Removing 0 device flow codes (171ba47d)
2020-09-11T14:56:59.0581517+07:00  [INF] Removing 0 grants (62cd9308)
2020-09-11T14:56:59.0781644+07:00  [INF] Removing 0 device flow codes (171ba47d)
2020-09-11T14:57:29.1002904+07:00  [INF] Removing 0 grants (62cd9308)
2020-09-11T14:57:29.1296338+07:00  [INF] Removing 0 device flow codes (171ba47d)
2020-09-11T14:57:59.1560892+07:00  [INF] Removing 0 grants (62cd9308)
2020-09-11T14:57:59.1762761+07:00  [INF] Removing 0 device flow codes (171ba47d)
2020-09-11T14:58:29.1955425+07:00  [INF] Removing 0 grants (62cd9308)
2020-09-11T14:58:29.2145061+07:00  [INF] Removing 0 device flow codes (171ba47d)
2020-09-11T14:58:59.2447005+07:00  [INF] Removing 0 grants (62cd9308)
2020-09-11T14:58:59.3407579+07:00  [INF] Removing 0 device flow codes (171ba47d)
2020-09-11T14:59:23.7729035+07:00  [INF] Application is shutting down... (90f52c38)
