2020-08-05T11:46:00.2154311+07:00  [INF] Generating inbuilt accounts (d5983574)
2020-08-05T11:46:01.5940288+07:00  [INF] Inbuilt account generation completed (a663d88d)
2020-08-05T11:46:01.6150687+07:00  [INF] Seeding initial data (13b66d8a)
2020-08-05T11:46:01.9124074+07:00  [INF] Seeding initial data completed (dcd778dd)
2020-08-05T11:46:07.3440265+07:00  [INF] Seeding IdentityServer Clients (9130548e)
2020-08-05T11:46:07.8881279+07:00  [INF] Seeding IdentityServer Identity Resources (57237597)
2020-08-05T11:46:08.1418990+07:00  [INF] Seeding IdentityServer API Resources (60581a80)
2020-08-05T11:46:08.8840490+07:00  [INF] Starting IdentityServer4 version "3.1.3.0" (8add0571)
2020-08-05T11:46:08.9162322+07:00  [INF] Using the default authentication scheme "Identity.Application" for IdentityServer (4a54f457)
2020-08-05T11:46:10.2062841+07:00  [INF] Now listening on: "https://localhost:5001" (d826f4b8)
2020-08-05T11:46:10.2095607+07:00  [INF] Now listening on: "http://localhost:5000" (d826f4b8)
2020-08-05T11:46:10.2138019+07:00  [INF] Application started. Press Ctrl+C to shut down. (dcaefe54)
2020-08-05T11:46:10.2170680+07:00  [INF] Hosting environment: "Development" (c3307c92)
2020-08-05T11:46:10.2202328+07:00  [INF] Content root path: "D:\QucikApp\CMSAPP\QuickApp.Standard\QuickApp" (b5d60022)
2020-08-05T11:46:38.8693542+07:00  [INF] Removing 0 grants (62cd9308)
2020-08-05T11:46:38.8932394+07:00  [INF] Removing 0 device flow codes (171ba47d)
2020-08-05T11:47:08.9394018+07:00  [INF] Removing 0 grants (62cd9308)
2020-08-05T11:47:08.9678362+07:00  [INF] Removing 0 device flow codes (171ba47d)
2020-08-05T11:47:39.0264474+07:00  [INF] Removing 0 grants (62cd9308)
2020-08-05T11:47:39.0606176+07:00  [INF] Removing 0 device flow codes (171ba47d)
2020-08-05T11:48:09.1440802+07:00  [INF] Removing 0 grants (62cd9308)
2020-08-05T11:48:09.1698732+07:00  [INF] Removing 0 device flow codes (171ba47d)
2020-08-05T11:48:39.1855020+07:00  [INF] Removing 0 grants (62cd9308)
2020-08-05T11:48:39.1976980+07:00  [INF] Removing 0 device flow codes (171ba47d)
2020-08-05T11:48:44.4625912+07:00 0HM1OV9SMCBU9:00000001 [INF] Invoking IdentityServer endpoint: "IdentityServer4.Endpoints.DiscoveryEndpoint" for "/.well-known/openid-configuration" (f7642de5)
2020-08-05T11:48:45.0951950+07:00 0HM1OV9SMCBU9:00000003 [INF] Invoking IdentityServer endpoint: "IdentityServer4.Endpoints.DiscoveryKeyEndpoint" for "/.well-known/openid-configuration/jwks" (f7642de5)
2020-08-05T11:48:45.1728730+07:00 0HM1OV9SMCBU9:00000005 [INF] Invoking IdentityServer endpoint: "IdentityServer4.Endpoints.TokenEndpoint" for "/connect/token" (f7642de5)
2020-08-05T11:48:46.0063028+07:00 0HM1OV9SMCBU9:00000005 [INF] Credentials validated for username: "user" (cb811aa7)
2020-08-05T11:48:46.1099150+07:00 0HM1OV9SMCBU9:00000005 [INF] Token request validation success, TokenRequestValidationLog { ClientId: "quickapp_spa", ClientName: null, GrantType: "password", Scopes: "email offline_access openid phone profile quickapp_api roles", AuthorizationCode: null, RefreshToken: null, UserName: "user", AuthenticationContextReferenceClasses: null, Tenant: null, IdP: null, Raw: [("username": "user"), ("password": "***REDACTED***"), ("client_id": "quickapp_spa"), ("grant_type": "password"), ("scope": "openid email phone profile offline_access roles quickapp_api")] } (3a073258)
2020-08-05T11:49:05.2401507+07:00 0HM1OV9SMCBUA:0000000D [INF] Invoking IdentityServer endpoint: "IdentityServer4.Endpoints.DiscoveryEndpoint" for "/.well-known/openid-configuration" (f7642de5)
2020-08-05T11:49:05.3058805+07:00 0HM1OV9SMCBUA:0000000F [INF] Invoking IdentityServer endpoint: "IdentityServer4.Endpoints.DiscoveryKeyEndpoint" for "/.well-known/openid-configuration/jwks" (f7642de5)
2020-08-05T11:49:05.3306956+07:00 0HM1OV9SMCBUA:00000011 [INF] Invoking IdentityServer endpoint: "IdentityServer4.Endpoints.TokenEndpoint" for "/connect/token" (f7642de5)
2020-08-05T11:49:05.5794525+07:00 0HM1OV9SMCBUA:00000011 [INF] Credentials validated for username: "user" (cb811aa7)
2020-08-05T11:49:05.5944583+07:00 0HM1OV9SMCBUA:00000011 [INF] Token request validation success, TokenRequestValidationLog { ClientId: "quickapp_spa", ClientName: null, GrantType: "password", Scopes: "email offline_access openid phone profile quickapp_api roles", AuthorizationCode: null, RefreshToken: null, UserName: "user", AuthenticationContextReferenceClasses: null, Tenant: null, IdP: null, Raw: [("username": "user"), ("password": "***REDACTED***"), ("client_id": "quickapp_spa"), ("grant_type": "password"), ("scope": "openid email phone profile offline_access roles quickapp_api")] } (3a073258)
2020-08-05T11:49:09.2186662+07:00  [INF] Removing 0 grants (62cd9308)
2020-08-05T11:49:09.2296513+07:00  [INF] Removing 0 device flow codes (171ba47d)
2020-08-05T11:49:39.2566577+07:00  [INF] Removing 0 grants (62cd9308)
2020-08-05T11:49:39.2699921+07:00  [INF] Removing 0 device flow codes (171ba47d)
2020-08-05T11:50:09.3046680+07:00  [INF] Removing 0 grants (62cd9308)
2020-08-05T11:50:09.3172361+07:00  [INF] Removing 0 device flow codes (171ba47d)
2020-08-05T11:50:39.3458223+07:00  [INF] Removing 0 grants (62cd9308)
2020-08-05T11:50:39.3611756+07:00  [INF] Removing 0 device flow codes (171ba47d)
2020-08-05T11:51:09.3953715+07:00  [INF] Removing 0 grants (62cd9308)
2020-08-05T11:51:09.4164041+07:00  [INF] Removing 0 device flow codes (171ba47d)
2020-08-05T11:51:39.4400737+07:00  [INF] Removing 0 grants (62cd9308)
2020-08-05T11:51:39.4513803+07:00  [INF] Removing 0 device flow codes (171ba47d)
2020-08-05T11:52:09.4965425+07:00  [INF] Removing 0 grants (62cd9308)
2020-08-05T11:52:09.5252613+07:00  [INF] Removing 0 device flow codes (171ba47d)
2020-08-05T11:52:17.8009924+07:00 0HM1OV9SMCBUR:00000001 [INF] Invoking IdentityServer endpoint: "IdentityServer4.Endpoints.DiscoveryEndpoint" for "/.well-known/openid-configuration" (f7642de5)
2020-08-05T11:52:17.8532494+07:00 0HM1OV9SMCBUR:00000003 [INF] Invoking IdentityServer endpoint: "IdentityServer4.Endpoints.DiscoveryKeyEndpoint" for "/.well-known/openid-configuration/jwks" (f7642de5)
2020-08-05T11:52:17.8969397+07:00 0HM1OV9SMCBUR:00000005 [INF] Invoking IdentityServer endpoint: "IdentityServer4.Endpoints.TokenEndpoint" for "/connect/token" (f7642de5)
2020-08-05T11:52:18.0027386+07:00 0HM1OV9SMCBUR:00000005 [INF] Credentials validated for username: "user" (cb811aa7)
2020-08-05T11:52:18.0082184+07:00 0HM1OV9SMCBUR:00000005 [INF] Token request validation success, TokenRequestValidationLog { ClientId: "quickapp_spa", ClientName: null, GrantType: "password", Scopes: "email offline_access openid phone profile quickapp_api roles", AuthorizationCode: null, RefreshToken: null, UserName: "user", AuthenticationContextReferenceClasses: null, Tenant: null, IdP: null, Raw: [("username": "user"), ("password": "***REDACTED***"), ("client_id": "quickapp_spa"), ("grant_type": "password"), ("scope": "openid email phone profile offline_access roles quickapp_api")] } (3a073258)
2020-08-05T11:52:31.0775209+07:00 0HM1OV9SMCBUR:0000000F [INF] Invoking IdentityServer endpoint: "IdentityServer4.Endpoints.DiscoveryEndpoint" for "/.well-known/openid-configuration" (f7642de5)
2020-08-05T11:52:31.1425935+07:00 0HM1OV9SMCBUR:00000011 [INF] Invoking IdentityServer endpoint: "IdentityServer4.Endpoints.DiscoveryKeyEndpoint" for "/.well-known/openid-configuration/jwks" (f7642de5)
2020-08-05T11:52:31.1643696+07:00 0HM1OV9SMCBUR:00000013 [INF] Invoking IdentityServer endpoint: "IdentityServer4.Endpoints.TokenEndpoint" for "/connect/token" (f7642de5)
2020-08-05T11:52:31.3162992+07:00 0HM1OV9SMCBUR:00000013 [INF] Credentials validated for username: "user" (cb811aa7)
2020-08-05T11:52:31.3231364+07:00 0HM1OV9SMCBUR:00000013 [INF] Token request validation success, TokenRequestValidationLog { ClientId: "quickapp_spa", ClientName: null, GrantType: "password", Scopes: "email offline_access openid phone profile quickapp_api roles", AuthorizationCode: null, RefreshToken: null, UserName: "user", AuthenticationContextReferenceClasses: null, Tenant: null, IdP: null, Raw: [("username": "user"), ("password": "***REDACTED***"), ("client_id": "quickapp_spa"), ("grant_type": "password"), ("scope": "openid email phone profile offline_access roles quickapp_api")] } (3a073258)
2020-08-05T11:52:39.5447321+07:00  [INF] Removing 0 grants (62cd9308)
2020-08-05T11:52:39.5532163+07:00  [INF] Removing 0 device flow codes (171ba47d)
2020-08-05T11:53:09.5766668+07:00  [INF] Removing 0 grants (62cd9308)
2020-08-05T11:53:09.5892518+07:00  [INF] Removing 0 device flow codes (171ba47d)
2020-08-05T11:53:19.1473090+07:00 0HM1OV9SMCBV0:00000001 [ERR] Connection id ""0HM1OV9SMCBV0"", Request id ""0HM1OV9SMCBV0:00000001"": An unhandled exception was thrown by the application. (560e7d32)
System.InvalidOperationException: Response Content-Length mismatch: too few bytes written (7827391 of 7927891).
2020-08-05T11:53:39.6116059+07:00  [INF] Removing 0 grants (62cd9308)
2020-08-05T11:53:39.6198576+07:00  [INF] Removing 0 device flow codes (171ba47d)
2020-08-05T11:54:09.6454768+07:00  [INF] Removing 0 grants (62cd9308)
2020-08-05T11:54:09.6654244+07:00  [INF] Removing 0 device flow codes (171ba47d)
2020-08-05T11:54:39.6891675+07:00  [INF] Removing 0 grants (62cd9308)
2020-08-05T11:54:39.7647631+07:00  [INF] Removing 0 device flow codes (171ba47d)
2020-08-05T11:55:09.8598731+07:00  [INF] Removing 0 grants (62cd9308)
2020-08-05T11:55:09.9792542+07:00  [INF] Removing 0 device flow codes (171ba47d)
2020-08-05T11:55:40.0285142+07:00  [INF] Removing 0 grants (62cd9308)
2020-08-05T11:55:40.0382570+07:00  [INF] Removing 0 device flow codes (171ba47d)
2020-08-05T11:56:10.0513425+07:00  [INF] Removing 0 grants (62cd9308)
2020-08-05T11:56:10.0928014+07:00  [INF] Removing 0 device flow codes (171ba47d)
2020-08-05T11:56:40.1208223+07:00  [INF] Removing 0 grants (62cd9308)
2020-08-05T11:56:40.1409808+07:00  [INF] Removing 0 device flow codes (171ba47d)
2020-08-05T11:57:10.1609077+07:00  [INF] Removing 0 grants (62cd9308)
2020-08-05T11:57:10.1796990+07:00  [INF] Removing 0 device flow codes (171ba47d)
2020-08-05T11:57:40.2104123+07:00  [INF] Removing 0 grants (62cd9308)
2020-08-05T11:57:40.2197160+07:00  [INF] Removing 0 device flow codes (171ba47d)
2020-08-05T11:58:10.2414207+07:00  [INF] Removing 0 grants (62cd9308)
2020-08-05T11:58:10.2637660+07:00  [INF] Removing 0 device flow codes (171ba47d)
2020-08-05T11:58:40.2954147+07:00  [INF] Removing 0 grants (62cd9308)
2020-08-05T11:58:40.3136413+07:00  [INF] Removing 0 device flow codes (171ba47d)
2020-08-05T11:59:10.3417891+07:00  [INF] Removing 0 grants (62cd9308)
2020-08-05T11:59:10.3542501+07:00  [INF] Removing 0 device flow codes (171ba47d)
2020-08-05T11:59:40.3914050+07:00  [INF] Removing 0 grants (62cd9308)
2020-08-05T11:59:40.4014460+07:00  [INF] Removing 0 device flow codes (171ba47d)
2020-08-05T12:00:10.4384663+07:00  [INF] Removing 0 grants (62cd9308)
2020-08-05T12:00:10.4653157+07:00  [INF] Removing 0 device flow codes (171ba47d)
2020-08-05T12:00:40.5115683+07:00  [INF] Removing 0 grants (62cd9308)
2020-08-05T12:00:40.5243266+07:00  [INF] Removing 0 device flow codes (171ba47d)
2020-08-05T12:01:10.5505770+07:00  [INF] Removing 0 grants (62cd9308)
2020-08-05T12:01:10.5624903+07:00  [INF] Removing 0 device flow codes (171ba47d)
2020-08-05T12:01:40.5951740+07:00  [INF] Removing 0 grants (62cd9308)
2020-08-05T12:01:40.6032884+07:00  [INF] Removing 0 device flow codes (171ba47d)
2020-08-05T12:02:10.6139354+07:00  [INF] Removing 0 grants (62cd9308)
2020-08-05T12:02:10.6231677+07:00  [INF] Removing 0 device flow codes (171ba47d)
2020-08-05T12:02:40.6436299+07:00  [INF] Removing 0 grants (62cd9308)
2020-08-05T12:02:40.6862436+07:00  [INF] Removing 0 device flow codes (171ba47d)
2020-08-05T12:03:10.7122012+07:00  [INF] Removing 0 grants (62cd9308)
2020-08-05T12:03:10.7367498+07:00  [INF] Removing 0 device flow codes (171ba47d)
2020-08-05T12:03:40.7462636+07:00  [INF] Removing 0 grants (62cd9308)
2020-08-05T12:03:40.7544719+07:00  [INF] Removing 0 device flow codes (171ba47d)
2020-08-05T12:04:10.7923513+07:00  [INF] Removing 0 grants (62cd9308)
2020-08-05T12:04:10.8019921+07:00  [INF] Removing 0 device flow codes (171ba47d)
2020-08-05T12:04:40.8195889+07:00  [INF] Removing 0 grants (62cd9308)
2020-08-05T12:04:40.8267950+07:00  [INF] Removing 0 device flow codes (171ba47d)
2020-08-05T12:05:10.8531343+07:00  [INF] Removing 0 grants (62cd9308)
2020-08-05T12:05:10.8750780+07:00  [INF] Removing 0 device flow codes (171ba47d)
2020-08-05T13:36:58.6253774+07:00  [INF] Starting IdentityServer4 version "3.1.3.0" (8add0571)
2020-08-05T13:36:58.6796015+07:00  [INF] Using the default authentication scheme "Identity.Application" for IdentityServer (4a54f457)
2020-08-05T13:36:59.1273673+07:00  [INF] Now listening on: "https://localhost:5001" (d826f4b8)
2020-08-05T13:36:59.1274127+07:00  [INF] Now listening on: "http://localhost:5000" (d826f4b8)
2020-08-05T13:36:59.1276202+07:00  [INF] Application started. Press Ctrl+C to shut down. (dcaefe54)
2020-08-05T13:36:59.1276579+07:00  [INF] Hosting environment: "Development" (c3307c92)
2020-08-05T13:36:59.1277094+07:00  [INF] Content root path: "D:\QucikApp\CMSAPP\CmsApp\CmsApp" (b5d60022)
2020-08-05T13:37:28.7573706+07:00  [INF] Removing 0 grants (62cd9308)
2020-08-05T13:37:28.7828522+07:00  [INF] Removing 0 device flow codes (171ba47d)
2020-08-05T13:37:58.8092753+07:00  [INF] Removing 0 grants (62cd9308)
2020-08-05T13:37:58.8112625+07:00  [INF] Removing 0 device flow codes (171ba47d)
2020-08-05T13:38:28.8307435+07:00  [INF] Removing 0 grants (62cd9308)
2020-08-05T13:38:28.8374362+07:00  [INF] Removing 0 device flow codes (171ba47d)
2020-08-05T13:38:57.5163647+07:00 0HM1P1828QUDL:0000001D [INF] Invoking IdentityServer endpoint: "IdentityServer4.Endpoints.DiscoveryEndpoint" for "/.well-known/openid-configuration" (f7642de5)
2020-08-05T13:38:58.2971522+07:00 0HM1P1828QUDL:0000001F [INF] Invoking IdentityServer endpoint: "IdentityServer4.Endpoints.DiscoveryKeyEndpoint" for "/.well-known/openid-configuration/jwks" (f7642de5)
2020-08-05T13:38:58.3452121+07:00 0HM1P1828QUDL:00000021 [INF] Invoking IdentityServer endpoint: "IdentityServer4.Endpoints.TokenEndpoint" for "/connect/token" (f7642de5)
2020-08-05T13:38:58.8535455+07:00  [INF] Removing 0 grants (62cd9308)
2020-08-05T13:38:58.8557638+07:00  [INF] Removing 0 device flow codes (171ba47d)
2020-08-05T13:38:59.0882699+07:00 0HM1P1828QUDL:00000021 [INF] Credentials validated for username: "admin" (cb811aa7)
2020-08-05T13:38:59.1207235+07:00 0HM1P1828QUDL:00000021 [INF] Token request validation success, TokenRequestValidationLog { ClientId: "quickapp_spa", ClientName: null, GrantType: "password", Scopes: "email offline_access openid phone profile quickapp_api roles", AuthorizationCode: null, RefreshToken: null, UserName: "admin", AuthenticationContextReferenceClasses: null, Tenant: null, IdP: null, Raw: [("username": "admin"), ("password": "***REDACTED***"), ("client_id": "quickapp_spa"), ("grant_type": "password"), ("scope": "openid email phone profile offline_access roles quickapp_api")] } (3a073258)
2020-08-05T13:39:28.8683279+07:00  [INF] Removing 0 grants (62cd9308)
2020-08-05T13:39:28.8704067+07:00  [INF] Removing 0 device flow codes (171ba47d)
2020-08-05T13:39:58.8785668+07:00  [INF] Removing 0 grants (62cd9308)
2020-08-05T13:39:58.8814124+07:00  [INF] Removing 0 device flow codes (171ba47d)
2020-08-05T13:40:28.8966227+07:00  [INF] Removing 0 grants (62cd9308)
2020-08-05T13:40:28.8998193+07:00  [INF] Removing 0 device flow codes (171ba47d)
2020-08-05T13:40:58.9182814+07:00  [INF] Removing 0 grants (62cd9308)
2020-08-05T13:40:58.9269297+07:00  [INF] Removing 0 device flow codes (171ba47d)
2020-08-05T13:41:28.9418497+07:00  [INF] Removing 0 grants (62cd9308)
2020-08-05T13:41:28.9446703+07:00  [INF] Removing 0 device flow codes (171ba47d)
2020-08-05T13:41:58.9627105+07:00  [INF] Removing 0 grants (62cd9308)
2020-08-05T13:41:58.9643394+07:00  [INF] Removing 0 device flow codes (171ba47d)
2020-08-05T13:42:28.9681725+07:00  [INF] Removing 0 grants (62cd9308)
2020-08-05T13:42:28.9711926+07:00  [INF] Removing 0 device flow codes (171ba47d)
2020-08-05T13:42:58.9750476+07:00  [INF] Removing 0 grants (62cd9308)
2020-08-05T13:42:58.9774536+07:00  [INF] Removing 0 device flow codes (171ba47d)
2020-08-05T13:43:28.9875404+07:00  [INF] Removing 0 grants (62cd9308)
2020-08-05T13:43:28.9896248+07:00  [INF] Removing 0 device flow codes (171ba47d)
2020-08-05T13:43:59.0076994+07:00  [INF] Removing 0 grants (62cd9308)
2020-08-05T13:43:59.0098109+07:00  [INF] Removing 0 device flow codes (171ba47d)
2020-08-05T13:44:29.0191156+07:00  [INF] Removing 0 grants (62cd9308)
2020-08-05T13:44:29.0208989+07:00  [INF] Removing 0 device flow codes (171ba47d)
2020-08-05T13:44:59.0341851+07:00  [INF] Removing 0 grants (62cd9308)
2020-08-05T13:44:59.0364886+07:00  [INF] Removing 0 device flow codes (171ba47d)
2020-08-05T13:45:29.0529060+07:00  [INF] Removing 0 grants (62cd9308)
2020-08-05T13:45:29.0549968+07:00  [INF] Removing 0 device flow codes (171ba47d)
2020-08-05T13:45:59.0710914+07:00  [INF] Removing 0 grants (62cd9308)
2020-08-05T13:45:59.0728046+07:00  [INF] Removing 0 device flow codes (171ba47d)
2020-08-05T13:46:29.0864964+07:00  [INF] Removing 0 grants (62cd9308)
2020-08-05T13:46:29.0913227+07:00  [INF] Removing 0 device flow codes (171ba47d)
2020-08-05T13:46:59.0992724+07:00  [INF] Removing 0 grants (62cd9308)
2020-08-05T13:46:59.1005186+07:00  [INF] Removing 0 device flow codes (171ba47d)
2020-08-05T13:47:29.1138959+07:00  [INF] Removing 0 grants (62cd9308)
2020-08-05T13:47:29.1153370+07:00  [INF] Removing 0 device flow codes (171ba47d)
2020-08-05T13:47:59.1697953+07:00  [INF] Removing 0 grants (62cd9308)
2020-08-05T13:47:59.1712791+07:00  [INF] Removing 0 device flow codes (171ba47d)
2020-08-05T13:48:29.1833499+07:00  [INF] Removing 0 grants (62cd9308)
2020-08-05T13:48:29.1880019+07:00  [INF] Removing 0 device flow codes (171ba47d)
2020-08-05T13:48:59.1993294+07:00  [INF] Removing 0 grants (62cd9308)
2020-08-05T13:48:59.2017122+07:00  [INF] Removing 0 device flow codes (171ba47d)
2020-08-05T13:49:29.2052992+07:00  [INF] Removing 0 grants (62cd9308)
2020-08-05T13:49:29.2066691+07:00  [INF] Removing 0 device flow codes (171ba47d)
2020-08-05T13:49:59.2095004+07:00  [INF] Removing 0 grants (62cd9308)
2020-08-05T13:49:59.2107373+07:00  [INF] Removing 0 device flow codes (171ba47d)
2020-08-05T13:50:29.2209477+07:00  [INF] Removing 0 grants (62cd9308)
2020-08-05T13:50:29.2224166+07:00  [INF] Removing 0 device flow codes (171ba47d)
2020-08-05T13:50:59.2371484+07:00  [INF] Removing 0 grants (62cd9308)
2020-08-05T13:50:59.2384168+07:00  [INF] Removing 0 device flow codes (171ba47d)
2020-08-05T13:51:29.2557091+07:00  [INF] Removing 0 grants (62cd9308)
2020-08-05T13:51:29.2593969+07:00  [INF] Removing 0 device flow codes (171ba47d)
2020-08-05T13:51:59.2697515+07:00  [INF] Removing 0 grants (62cd9308)
2020-08-05T13:51:59.2717014+07:00  [INF] Removing 0 device flow codes (171ba47d)
2020-08-05T13:52:29.2902865+07:00  [INF] Removing 0 grants (62cd9308)
2020-08-05T13:52:29.2915883+07:00  [INF] Removing 0 device flow codes (171ba47d)
2020-08-05T13:52:59.3033834+07:00  [INF] Removing 0 grants (62cd9308)
2020-08-05T13:52:59.3046640+07:00  [INF] Removing 0 device flow codes (171ba47d)
2020-08-05T13:53:04.4352027+07:00  [INF] Application is shutting down... (90f52c38)
2020-08-05T14:02:41.2784976+07:00  [INF] Starting IdentityServer4 version "3.1.3.0" (8add0571)
2020-08-05T14:02:41.3048092+07:00  [INF] Using the default authentication scheme "Identity.Application" for IdentityServer (4a54f457)
2020-08-05T14:02:41.5041534+07:00  [INF] Now listening on: "https://localhost:5001" (d826f4b8)
2020-08-05T14:02:41.5043228+07:00  [INF] Now listening on: "http://localhost:5000" (d826f4b8)
2020-08-05T14:02:41.5050698+07:00  [INF] Application started. Press Ctrl+C to shut down. (dcaefe54)
2020-08-05T14:02:41.5054962+07:00  [INF] Hosting environment: "Development" (c3307c92)
2020-08-05T14:02:41.5062900+07:00  [INF] Content root path: "D:\QucikApp\CMSAPP\CmsApp\CmsApp" (b5d60022)
2020-08-05T14:03:11.6602045+07:00  [INF] Removing 0 grants (62cd9308)
2020-08-05T14:03:11.6885328+07:00  [INF] Removing 0 device flow codes (171ba47d)
2020-08-05T14:03:41.7262048+07:00  [INF] Removing 0 grants (62cd9308)
2020-08-05T14:03:41.7287109+07:00  [INF] Removing 0 device flow codes (171ba47d)
2020-08-05T14:04:11.7454584+07:00  [INF] Removing 0 grants (62cd9308)
2020-08-05T14:04:11.7470287+07:00  [INF] Removing 0 device flow codes (171ba47d)
2020-08-05T14:04:41.7612007+07:00  [INF] Removing 0 grants (62cd9308)
2020-08-05T14:04:41.7652756+07:00  [INF] Removing 0 device flow codes (171ba47d)
2020-08-05T14:05:11.7769566+07:00  [INF] Removing 0 grants (62cd9308)
2020-08-05T14:05:11.7818443+07:00  [INF] Removing 0 device flow codes (171ba47d)
2020-08-05T14:05:41.7877382+07:00  [INF] Removing 0 grants (62cd9308)
2020-08-05T14:05:41.7899888+07:00  [INF] Removing 0 device flow codes (171ba47d)
2020-08-05T14:06:11.8032317+07:00  [INF] Removing 0 grants (62cd9308)
2020-08-05T14:06:11.8069514+07:00  [INF] Removing 0 device flow codes (171ba47d)
2020-08-05T14:06:41.8223221+07:00  [INF] Removing 0 grants (62cd9308)
2020-08-05T14:06:41.8259643+07:00  [INF] Removing 0 device flow codes (171ba47d)
2020-08-05T14:06:44.4188918+07:00  [INF] Application is shutting down... (90f52c38)
2020-08-05T14:22:49.6826882+07:00  [INF] Starting IdentityServer4 version "3.1.3.0" (8add0571)
2020-08-05T14:22:49.7003765+07:00  [INF] Using the default authentication scheme "Identity.Application" for IdentityServer (4a54f457)
2020-08-05T14:22:49.8727893+07:00  [INF] Now listening on: "https://localhost:5001" (d826f4b8)
2020-08-05T14:22:49.8728375+07:00  [INF] Now listening on: "http://localhost:5000" (d826f4b8)
2020-08-05T14:22:49.8730411+07:00  [INF] Application started. Press Ctrl+C to shut down. (dcaefe54)
2020-08-05T14:22:49.8731050+07:00  [INF] Hosting environment: "Development" (c3307c92)
2020-08-05T14:22:49.8731485+07:00  [INF] Content root path: "D:\QucikApp\CMSAPP\CmsApp\CmsApp" (b5d60022)
2020-08-05T14:23:20.0993133+07:00  [INF] Removing 0 grants (62cd9308)
2020-08-05T14:23:20.2091515+07:00  [INF] Removing 0 device flow codes (171ba47d)
2020-08-05T14:23:50.2409549+07:00  [INF] Removing 0 grants (62cd9308)
2020-08-05T14:23:50.2431296+07:00  [INF] Removing 0 device flow codes (171ba47d)
2020-08-05T14:24:20.2785939+07:00  [INF] Removing 0 grants (62cd9308)
2020-08-05T14:24:20.2856529+07:00  [INF] Removing 0 device flow codes (171ba47d)
2020-08-05T14:24:50.3033200+07:00  [INF] Removing 0 grants (62cd9308)
2020-08-05T14:24:50.3080267+07:00  [INF] Removing 0 device flow codes (171ba47d)
2020-08-05T14:25:20.3259044+07:00  [INF] Removing 0 grants (62cd9308)
2020-08-05T14:25:20.3387590+07:00  [INF] Removing 0 device flow codes (171ba47d)
2020-08-05T14:25:50.3552388+07:00  [INF] Removing 0 grants (62cd9308)
2020-08-05T14:25:50.3574349+07:00  [INF] Removing 0 device flow codes (171ba47d)
2020-08-05T14:26:20.3717471+07:00  [INF] Removing 0 grants (62cd9308)
2020-08-05T14:26:20.3795987+07:00  [INF] Removing 0 device flow codes (171ba47d)
2020-08-05T14:26:50.4007182+07:00  [INF] Removing 0 grants (62cd9308)
2020-08-05T14:26:50.4116500+07:00  [INF] Removing 0 device flow codes (171ba47d)
2020-08-05T14:27:20.4423767+07:00  [INF] Removing 0 grants (62cd9308)
2020-08-05T14:27:20.4515904+07:00  [INF] Removing 0 device flow codes (171ba47d)
2020-08-05T14:27:50.4676486+07:00  [INF] Removing 0 grants (62cd9308)
2020-08-05T14:27:50.4691187+07:00  [INF] Removing 0 device flow codes (171ba47d)
2020-08-05T14:28:02.7266376+07:00  [INF] Application is shutting down... (90f52c38)
2020-08-05T14:35:05.6354397+07:00  [INF] Starting IdentityServer4 version "3.1.3.0" (8add0571)
2020-08-05T14:35:05.6978970+07:00  [INF] Using the default authentication scheme "Identity.Application" for IdentityServer (4a54f457)
2020-08-05T14:35:06.0248525+07:00  [INF] Application started. Press Ctrl+C to shut down. (dcaefe54)
2020-08-05T14:35:06.0391305+07:00  [INF] Hosting environment: "Development" (c3307c92)
2020-08-05T14:35:06.0428411+07:00  [INF] Content root path: "D:\QucikApp\CMSAPP\CmsApp\CmsApp" (b5d60022)
2020-08-05T14:35:35.8532874+07:00  [INF] Removing 0 grants (62cd9308)
2020-08-05T14:35:35.8909935+07:00  [INF] Removing 0 device flow codes (171ba47d)
2020-08-05T14:36:05.9658488+07:00  [INF] Removing 0 grants (62cd9308)
2020-08-05T14:36:05.9833771+07:00  [INF] Removing 0 device flow codes (171ba47d)
2020-08-05T14:36:36.0491485+07:00  [INF] Removing 0 grants (62cd9308)
2020-08-05T14:36:36.0733712+07:00  [INF] Removing 0 device flow codes (171ba47d)
2020-08-05T14:37:06.0870857+07:00  [INF] Removing 0 grants (62cd9308)
2020-08-05T14:37:06.0973159+07:00  [INF] Removing 0 device flow codes (171ba47d)
2020-08-05T14:37:27.9494048+07:00 80000004-0001-f700-b63f-84710c7967bb [INF] Invoking IdentityServer endpoint: "IdentityServer4.Endpoints.DiscoveryEndpoint" for "/.well-known/openid-configuration" (f7642de5)
2020-08-05T14:37:29.0311281+07:00 80000006-0001-f700-b63f-84710c7967bb [INF] Invoking IdentityServer endpoint: "IdentityServer4.Endpoints.DiscoveryKeyEndpoint" for "/.well-known/openid-configuration/jwks" (f7642de5)
2020-08-05T14:37:29.1066825+07:00 80000010-0000-f800-b63f-84710c7967bb [INF] Invoking IdentityServer endpoint: "IdentityServer4.Endpoints.TokenEndpoint" for "/connect/token" (f7642de5)
2020-08-05T14:37:30.2159881+07:00 80000010-0000-f800-b63f-84710c7967bb [INF] Credentials validated for username: "admin" (cb811aa7)
2020-08-05T14:37:30.2930158+07:00 80000010-0000-f800-b63f-84710c7967bb [INF] Token request validation success, TokenRequestValidationLog { ClientId: "quickapp_spa", ClientName: null, GrantType: "password", Scopes: "email offline_access openid phone profile quickapp_api roles", AuthorizationCode: null, RefreshToken: null, UserName: "admin", AuthenticationContextReferenceClasses: null, Tenant: null, IdP: null, Raw: [("username": "admin"), ("password": "***REDACTED***"), ("client_id": "quickapp_spa"), ("grant_type": "password"), ("scope": "openid email phone profile offline_access roles quickapp_api")] } (3a073258)
2020-08-05T14:37:36.1217697+07:00  [INF] Removing 0 grants (62cd9308)
2020-08-05T14:37:36.1329490+07:00  [INF] Removing 0 device flow codes (171ba47d)
2020-08-05T14:38:06.1460088+07:00  [INF] Removing 0 grants (62cd9308)
2020-08-05T14:38:06.1726197+07:00  [INF] Removing 0 device flow codes (171ba47d)
2020-08-05T14:38:36.1948680+07:00  [INF] Removing 0 grants (62cd9308)
2020-08-05T14:38:36.2074635+07:00  [INF] Removing 0 device flow codes (171ba47d)
2020-08-05T14:39:06.2357242+07:00  [INF] Removing 0 grants (62cd9308)
2020-08-05T14:39:06.2579266+07:00  [INF] Removing 0 device flow codes (171ba47d)
2020-08-05T14:39:36.2909246+07:00  [INF] Removing 0 grants (62cd9308)
2020-08-05T14:39:36.3014178+07:00  [INF] Removing 0 device flow codes (171ba47d)
2020-08-05T15:24:40.6629809+07:00  [INF] Starting IdentityServer4 version "3.1.3.0" (8add0571)
2020-08-05T15:24:40.7140750+07:00  [INF] Using the default authentication scheme "Identity.Application" for IdentityServer (4a54f457)
2020-08-05T15:24:41.1635791+07:00  [INF] Now listening on: "https://localhost:5001" (d826f4b8)
2020-08-05T15:24:41.1636345+07:00  [INF] Now listening on: "http://localhost:5000" (d826f4b8)
2020-08-05T15:24:41.1638375+07:00  [INF] Application started. Press Ctrl+C to shut down. (dcaefe54)
2020-08-05T15:24:41.1638969+07:00  [INF] Hosting environment: "Development" (c3307c92)
2020-08-05T15:24:41.1639424+07:00  [INF] Content root path: "D:\CmsApp\CmsApp" (b5d60022)
2020-08-05T15:25:10.9271118+07:00  [INF] Removing 0 grants (62cd9308)
2020-08-05T15:25:10.9430426+07:00  [INF] Removing 0 device flow codes (171ba47d)
2020-08-05T15:25:40.9702894+07:00  [INF] Removing 0 grants (62cd9308)
2020-08-05T15:25:40.9723230+07:00  [INF] Removing 0 device flow codes (171ba47d)
2020-08-05T15:26:10.9862014+07:00  [INF] Removing 0 grants (62cd9308)
2020-08-05T15:26:10.9880110+07:00  [INF] Removing 0 device flow codes (171ba47d)
2020-08-05T15:26:33.4016552+07:00 0HM1P34C843DD:0000001D [INF] Invoking IdentityServer endpoint: "IdentityServer4.Endpoints.DiscoveryEndpoint" for "/.well-known/openid-configuration" (f7642de5)
2020-08-05T15:26:34.2302828+07:00 0HM1P34C843DD:0000001F [INF] Invoking IdentityServer endpoint: "IdentityServer4.Endpoints.DiscoveryKeyEndpoint" for "/.well-known/openid-configuration/jwks" (f7642de5)
2020-08-05T15:26:34.2844100+07:00 0HM1P34C843DD:00000021 [INF] Invoking IdentityServer endpoint: "IdentityServer4.Endpoints.TokenEndpoint" for "/connect/token" (f7642de5)
2020-08-05T15:26:34.9091967+07:00 0HM1P34C843DD:00000021 [WRN] Invalid password for user "3c9b7ed7-bf3a-4115-b842-77ee31b2cd9d". (c2dce6c7)
2020-08-05T15:26:34.9101892+07:00 0HM1P34C843DD:00000021 [WRN] User "3c9b7ed7-bf3a-4115-b842-77ee31b2cd9d" failed to provide the correct password. (ec8d2479)
2020-08-05T15:26:35.2520709+07:00 0HM1P34C843DD:00000021 [INF] Authentication failed for username: "user", reason: invalid credentials (61b6995a)
2020-08-05T15:26:35.2778813+07:00 0HM1P34C843DD:00000021 [INF] User authentication failed: "invalid_username_or_password", details: TokenRequestValidationLog { ClientId: "quickapp_spa", ClientName: null, GrantType: "password", Scopes: "email offline_access openid phone profile quickapp_api roles", AuthorizationCode: null, RefreshToken: null, UserName: "user", AuthenticationContextReferenceClasses: null, Tenant: null, IdP: null, Raw: [("username": "user"), ("password": "***REDACTED***"), ("client_id": "quickapp_spa"), ("grant_type": "password"), ("scope": "openid email phone profile offline_access roles quickapp_api")] } (07b239aa)
2020-08-05T15:26:40.9985545+07:00  [INF] Removing 0 grants (62cd9308)
2020-08-05T15:26:41.0009281+07:00  [INF] Removing 0 device flow codes (171ba47d)
2020-08-05T15:27:04.8935013+07:00 0HM1P34C843DD:00000023 [INF] Invoking IdentityServer endpoint: "IdentityServer4.Endpoints.DiscoveryEndpoint" for "/.well-known/openid-configuration" (f7642de5)
2020-08-05T15:27:04.9528403+07:00 0HM1P34C843DD:00000025 [INF] Invoking IdentityServer endpoint: "IdentityServer4.Endpoints.DiscoveryKeyEndpoint" for "/.well-known/openid-configuration/jwks" (f7642de5)
2020-08-05T15:27:04.9634292+07:00 0HM1P34C843DD:00000027 [INF] Invoking IdentityServer endpoint: "IdentityServer4.Endpoints.TokenEndpoint" for "/connect/token" (f7642de5)
2020-08-05T15:27:05.1312541+07:00 0HM1P34C843DD:00000027 [INF] Credentials validated for username: "user" (cb811aa7)
2020-08-05T15:27:05.1442103+07:00 0HM1P34C843DD:00000027 [INF] Token request validation success, TokenRequestValidationLog { ClientId: "quickapp_spa", ClientName: null, GrantType: "password", Scopes: "email offline_access openid phone profile quickapp_api roles", AuthorizationCode: null, RefreshToken: null, UserName: "user", AuthenticationContextReferenceClasses: null, Tenant: null, IdP: null, Raw: [("username": "user"), ("password": "***REDACTED***"), ("client_id": "quickapp_spa"), ("grant_type": "password"), ("scope": "openid email phone profile offline_access roles quickapp_api")] } (3a073258)
2020-08-05T15:27:11.0148254+07:00  [INF] Removing 0 grants (62cd9308)
2020-08-05T15:27:11.0165381+07:00  [INF] Removing 0 device flow codes (171ba47d)
2020-08-05T15:27:41.0353509+07:00  [INF] Removing 0 grants (62cd9308)
2020-08-05T15:27:41.0367961+07:00  [INF] Removing 0 device flow codes (171ba47d)
2020-08-05T15:28:11.0474645+07:00  [INF] Removing 0 grants (62cd9308)
2020-08-05T15:28:11.0509716+07:00  [INF] Removing 0 device flow codes (171ba47d)
2020-08-05T15:28:41.0602455+07:00  [INF] Removing 0 grants (62cd9308)
2020-08-05T15:28:41.0635950+07:00  [INF] Removing 0 device flow codes (171ba47d)
2020-08-05T15:29:11.0748057+07:00  [INF] Removing 0 grants (62cd9308)
2020-08-05T15:29:11.0768005+07:00  [INF] Removing 0 device flow codes (171ba47d)
2020-08-05T15:29:41.0808787+07:00  [INF] Removing 0 grants (62cd9308)
2020-08-05T15:29:41.0833258+07:00  [INF] Removing 0 device flow codes (171ba47d)
2020-08-05T15:30:11.0931910+07:00  [INF] Removing 0 grants (62cd9308)
2020-08-05T15:30:11.0959886+07:00  [INF] Removing 0 device flow codes (171ba47d)
2020-08-05T15:30:41.1063933+07:00  [INF] Removing 0 grants (62cd9308)
2020-08-05T15:30:41.1077069+07:00  [INF] Removing 0 device flow codes (171ba47d)
2020-08-05T15:31:11.1227147+07:00  [INF] Removing 0 grants (62cd9308)
2020-08-05T15:31:11.1254983+07:00  [INF] Removing 0 device flow codes (171ba47d)
2020-08-05T15:31:41.1376544+07:00  [INF] Removing 0 grants (62cd9308)
2020-08-05T15:31:41.1396166+07:00  [INF] Removing 0 device flow codes (171ba47d)
2020-08-05T15:32:11.1531048+07:00  [INF] Removing 0 grants (62cd9308)
2020-08-05T15:32:11.1547486+07:00  [INF] Removing 0 device flow codes (171ba47d)
2020-08-05T15:32:24.3417489+07:00  [INF] Application is shutting down... (90f52c38)
