2020-10-27T15:14:05.8242898+07:00  [INF] Starting IdentityServer4 version "3.1.3.0" (8add0571)
2020-10-27T15:14:06.0496411+07:00  [INF] Using the default authentication scheme "Identity.Application" for IdentityServer (4a54f457)
2020-10-27T15:14:07.3165507+07:00  [INF] Application started. Press Ctrl+C to shut down. (dcaefe54)
2020-10-27T15:14:07.3207983+07:00  [INF] Hosting environment: "Development" (c3307c92)
2020-10-27T15:14:07.3273845+07:00  [INF] Content root path: "D:\CmsApp\CmsApp" (b5d60022)
2020-10-27T15:14:36.6218447+07:00  [INF] Removing 10 grants (62cd9308)
2020-10-27T15:14:37.4581139+07:00  [INF] Removing 0 device flow codes (171ba47d)
2020-10-27T15:15:07.5201311+07:00  [INF] Removing 0 grants (62cd9308)
2020-10-27T15:15:07.5474610+07:00  [INF] Removing 0 device flow codes (171ba47d)
2020-10-27T15:15:37.6029748+07:00  [INF] Removing 0 grants (62cd9308)
2020-10-27T15:15:37.6944404+07:00  [INF] Removing 0 device flow codes (171ba47d)
2020-10-27T15:16:07.7422250+07:00  [INF] Removing 0 grants (62cd9308)
2020-10-27T15:16:07.7487724+07:00  [INF] Removing 0 device flow codes (171ba47d)
2020-10-27T15:16:37.7865132+07:00  [INF] Removing 0 grants (62cd9308)
2020-10-27T15:16:37.8035988+07:00  [INF] Removing 0 device flow codes (171ba47d)
2020-10-27T15:17:07.8452655+07:00  [INF] Removing 0 grants (62cd9308)
2020-10-27T15:17:07.8711603+07:00  [INF] Removing 0 device flow codes (171ba47d)
2020-10-27T15:17:37.8969879+07:00  [INF] Removing 0 grants (62cd9308)
2020-10-27T15:17:37.9127558+07:00  [INF] Removing 0 device flow codes (171ba47d)
2020-10-27T15:18:07.9528292+07:00  [INF] Removing 0 grants (62cd9308)
2020-10-27T15:18:07.9647270+07:00  [INF] Removing 0 device flow codes (171ba47d)
2020-10-27T15:18:38.0001056+07:00  [INF] Removing 0 grants (62cd9308)
2020-10-27T15:18:38.0218673+07:00  [INF] Removing 0 device flow codes (171ba47d)
2020-10-27T15:19:08.0494922+07:00  [INF] Removing 0 grants (62cd9308)
2020-10-27T15:19:08.0748632+07:00  [INF] Removing 0 device flow codes (171ba47d)
2020-10-27T15:19:38.1070195+07:00  [INF] Removing 0 grants (62cd9308)
2020-10-27T15:19:38.1334732+07:00  [INF] Removing 0 device flow codes (171ba47d)
2020-10-27T15:20:08.1710611+07:00  [INF] Removing 0 grants (62cd9308)
2020-10-27T15:20:08.1900795+07:00  [INF] Removing 0 device flow codes (171ba47d)
2020-10-27T15:20:38.2308440+07:00  [INF] Removing 0 grants (62cd9308)
2020-10-27T15:20:38.2551412+07:00  [INF] Removing 0 device flow codes (171ba47d)
2020-10-27T15:21:08.3137528+07:00  [INF] Removing 0 grants (62cd9308)
2020-10-27T15:21:08.3364134+07:00  [INF] Removing 0 device flow codes (171ba47d)
2020-10-27T15:21:38.3807187+07:00  [INF] Removing 0 grants (62cd9308)
2020-10-27T15:21:38.4033716+07:00  [INF] Removing 0 device flow codes (171ba47d)
2020-10-27T15:22:08.4315276+07:00  [INF] Removing 0 grants (62cd9308)
2020-10-27T15:22:08.4403569+07:00  [INF] Removing 0 device flow codes (171ba47d)
2020-10-27T15:22:38.4607260+07:00  [INF] Removing 0 grants (62cd9308)
2020-10-27T15:22:38.4687068+07:00  [INF] Removing 0 device flow codes (171ba47d)
2020-10-27T15:23:08.4836058+07:00  [INF] Removing 0 grants (62cd9308)
2020-10-27T15:23:08.4928977+07:00  [INF] Removing 0 device flow codes (171ba47d)
2020-10-27T15:23:38.5225454+07:00  [INF] Removing 0 grants (62cd9308)
2020-10-27T15:23:38.5428331+07:00  [INF] Removing 0 device flow codes (171ba47d)
2020-10-27T15:24:08.6063986+07:00  [INF] Removing 0 grants (62cd9308)
2020-10-27T15:24:08.6539570+07:00  [INF] Removing 0 device flow codes (171ba47d)
2020-10-27T15:24:38.6701989+07:00  [INF] Removing 0 grants (62cd9308)
2020-10-27T15:24:38.6797732+07:00  [INF] Removing 0 device flow codes (171ba47d)
2020-10-27T15:25:08.7333687+07:00  [INF] Removing 0 grants (62cd9308)
2020-10-27T15:25:08.7522652+07:00  [INF] Removing 0 device flow codes (171ba47d)
2020-10-27T15:25:38.7657156+07:00  [INF] Removing 0 grants (62cd9308)
2020-10-27T15:25:38.7749910+07:00  [INF] Removing 0 device flow codes (171ba47d)
2020-10-27T15:26:08.8219317+07:00  [INF] Removing 0 grants (62cd9308)
2020-10-27T15:26:08.8466923+07:00  [INF] Removing 0 device flow codes (171ba47d)
2020-10-27T16:29:25.2082717+07:00  [INF] Starting IdentityServer4 version "3.1.3.0" (8add0571)
2020-10-27T16:29:25.2337391+07:00  [INF] Using the default authentication scheme "Identity.Application" for IdentityServer (4a54f457)
2020-10-27T16:29:25.8034057+07:00  [INF] Application started. Press Ctrl+C to shut down. (dcaefe54)
2020-10-27T16:29:25.8309412+07:00  [INF] Hosting environment: "Development" (c3307c92)
2020-10-27T16:29:25.8345944+07:00  [INF] Content root path: "D:\CmsApp\CmsApp" (b5d60022)
2020-10-27T16:29:55.7792259+07:00  [INF] Removing 0 grants (62cd9308)
2020-10-27T16:29:55.8804595+07:00  [INF] Removing 0 device flow codes (171ba47d)
2020-10-27T16:30:25.9527736+07:00  [INF] Removing 0 grants (62cd9308)
2020-10-27T16:30:25.9737412+07:00  [INF] Removing 0 device flow codes (171ba47d)
2020-10-27T16:30:56.0088636+07:00  [INF] Removing 0 grants (62cd9308)
2020-10-27T16:30:56.0223328+07:00  [INF] Removing 0 device flow codes (171ba47d)
2020-10-27T16:31:26.0459670+07:00  [INF] Removing 0 grants (62cd9308)
2020-10-27T16:31:26.0587726+07:00  [INF] Removing 0 device flow codes (171ba47d)
2020-10-27T16:31:56.0829576+07:00  [INF] Removing 0 grants (62cd9308)
2020-10-27T16:31:56.0917312+07:00  [INF] Removing 0 device flow codes (171ba47d)
2020-10-27T16:32:26.1322665+07:00  [INF] Removing 0 grants (62cd9308)
2020-10-27T16:32:26.1445655+07:00  [INF] Removing 0 device flow codes (171ba47d)
2020-10-27T16:32:56.1768630+07:00  [INF] Removing 0 grants (62cd9308)
2020-10-27T16:32:56.2018412+07:00  [INF] Removing 0 device flow codes (171ba47d)
2020-10-27T16:33:26.2285167+07:00  [INF] Removing 0 grants (62cd9308)
2020-10-27T16:33:26.2392704+07:00  [INF] Removing 0 device flow codes (171ba47d)
2020-10-27T16:33:56.2586114+07:00  [INF] Removing 0 grants (62cd9308)
2020-10-27T16:33:56.2691541+07:00  [INF] Removing 0 device flow codes (171ba47d)
2020-10-27T16:34:26.3093278+07:00  [INF] Removing 0 grants (62cd9308)
2020-10-27T16:34:26.3341458+07:00  [INF] Removing 0 device flow codes (171ba47d)
2020-10-27T16:34:56.3504930+07:00  [INF] Removing 0 grants (62cd9308)
2020-10-27T16:34:56.3907750+07:00  [INF] Removing 0 device flow codes (171ba47d)
2020-10-27T16:35:26.4472967+07:00  [INF] Removing 0 grants (62cd9308)
2020-10-27T16:35:26.4583248+07:00  [INF] Removing 0 device flow codes (171ba47d)
2020-10-27T16:35:56.4702878+07:00  [INF] Removing 0 grants (62cd9308)
2020-10-27T16:35:56.4967307+07:00  [INF] Removing 0 device flow codes (171ba47d)
2020-10-27T16:36:26.5377159+07:00  [INF] Removing 0 grants (62cd9308)
2020-10-27T16:36:26.5458268+07:00  [INF] Removing 0 device flow codes (171ba47d)
2020-10-27T16:36:56.5850879+07:00  [INF] Removing 0 grants (62cd9308)
2020-10-27T16:36:56.5961551+07:00  [INF] Removing 0 device flow codes (171ba47d)
2020-10-27T16:37:26.6447234+07:00  [INF] Removing 0 grants (62cd9308)
2020-10-27T16:37:26.6540082+07:00  [INF] Removing 0 device flow codes (171ba47d)
2020-10-27T16:37:56.6678005+07:00  [INF] Removing 0 grants (62cd9308)
2020-10-27T16:37:56.6769744+07:00  [INF] Removing 0 device flow codes (171ba47d)
