2020-10-08T08:35:00.2902034+07:00  [INF] Starting IdentityServer4 version "3.1.3.0" (8add0571)
2020-10-08T08:35:00.4233604+07:00  [INF] Using the default authentication scheme "Identity.Application" for IdentityServer (4a54f457)
2020-10-08T08:35:01.4859126+07:00  [INF] Application started. Press Ctrl+C to shut down. (dcaefe54)
2020-10-08T08:35:01.4891960+07:00  [INF] Hosting environment: "Development" (c3307c92)
2020-10-08T08:35:01.4921560+07:00  [INF] Content root path: "D:\CmsApp\CmsApp" (b5d60022)
2020-10-08T08:35:30.7218087+07:00  [INF] Removing 0 grants (62cd9308)
2020-10-08T08:35:30.9151954+07:00  [INF] Removing 0 device flow codes (171ba47d)
2020-10-08T08:36:00.9835490+07:00  [INF] Removing 0 grants (62cd9308)
2020-10-08T08:36:01.0044252+07:00  [INF] Removing 0 device flow codes (171ba47d)
2020-10-08T08:36:31.0354336+07:00  [INF] Removing 0 grants (62cd9308)
2020-10-08T08:36:31.0601451+07:00  [INF] Removing 0 device flow codes (171ba47d)
2020-10-08T08:37:01.1109394+07:00  [INF] Removing 0 grants (62cd9308)
2020-10-08T08:37:01.1194223+07:00  [INF] Removing 0 device flow codes (171ba47d)
2020-10-08T08:37:31.1526383+07:00  [INF] Removing 0 grants (62cd9308)
2020-10-08T08:37:31.1623075+07:00  [INF] Removing 0 device flow codes (171ba47d)
2020-10-08T08:38:01.2194542+07:00  [INF] Removing 0 grants (62cd9308)
2020-10-08T08:38:01.2380018+07:00  [INF] Removing 0 device flow codes (171ba47d)
2020-10-08T08:38:31.2893388+07:00  [INF] Removing 0 grants (62cd9308)
2020-10-08T08:38:31.2976436+07:00  [INF] Removing 0 device flow codes (171ba47d)
2020-10-08T08:39:01.3483376+07:00  [INF] Removing 0 grants (62cd9308)
2020-10-08T08:39:01.3571613+07:00  [INF] Removing 0 device flow codes (171ba47d)
2020-10-08T08:39:31.3859181+07:00  [INF] Removing 0 grants (62cd9308)
2020-10-08T08:39:31.4227910+07:00  [INF] Removing 0 device flow codes (171ba47d)
2020-10-08T08:40:01.4393628+07:00  [INF] Removing 0 grants (62cd9308)
2020-10-08T08:40:01.4468397+07:00  [INF] Removing 0 device flow codes (171ba47d)
2020-10-08T08:40:31.4728369+07:00  [INF] Removing 0 grants (62cd9308)
2020-10-08T08:40:31.4923458+07:00  [INF] Removing 0 device flow codes (171ba47d)
2020-10-08T08:41:01.5427137+07:00  [INF] Removing 0 grants (62cd9308)
2020-10-08T08:41:01.5527695+07:00  [INF] Removing 0 device flow codes (171ba47d)
2020-10-08T08:41:31.6150752+07:00  [INF] Removing 0 grants (62cd9308)
2020-10-08T08:41:31.6429531+07:00  [INF] Removing 0 device flow codes (171ba47d)
2020-10-08T08:42:01.7037369+07:00  [INF] Removing 0 grants (62cd9308)
2020-10-08T08:42:01.7287384+07:00  [INF] Removing 0 device flow codes (171ba47d)
2020-10-08T08:42:31.7869174+07:00  [INF] Removing 0 grants (62cd9308)
2020-10-08T08:42:31.8088857+07:00  [INF] Removing 0 device flow codes (171ba47d)
2020-10-08T08:43:01.8660392+07:00  [INF] Removing 0 grants (62cd9308)
2020-10-08T08:43:01.8745892+07:00  [INF] Removing 0 device flow codes (171ba47d)
2020-10-08T08:43:31.9111453+07:00  [INF] Removing 0 grants (62cd9308)
2020-10-08T08:43:31.9322597+07:00  [INF] Removing 0 device flow codes (171ba47d)
2020-10-08T08:44:01.9922824+07:00  [INF] Removing 0 grants (62cd9308)
2020-10-08T08:44:02.0010695+07:00  [INF] Removing 0 device flow codes (171ba47d)
2020-10-08T08:44:32.0139289+07:00  [INF] Removing 0 grants (62cd9308)
2020-10-08T08:44:32.0225598+07:00  [INF] Removing 0 device flow codes (171ba47d)
2020-10-08T08:44:56.4307999+07:00 80000002-0003-f600-b63f-84710c7967bb [INF] Invoking IdentityServer endpoint: "IdentityServer4.Endpoints.DiscoveryEndpoint" for "/.well-known/openid-configuration" (f7642de5)
2020-10-08T08:44:58.1071904+07:00 8000000a-0001-f200-b63f-84710c7967bb [INF] Invoking IdentityServer endpoint: "IdentityServer4.Endpoints.DiscoveryKeyEndpoint" for "/.well-known/openid-configuration/jwks" (f7642de5)
2020-10-08T08:44:58.1700873+07:00 80000009-0000-f800-b63f-84710c7967bb [INF] Invoking IdentityServer endpoint: "IdentityServer4.Endpoints.TokenEndpoint" for "/connect/token" (f7642de5)
2020-10-08T08:44:59.3856456+07:00 80000009-0000-f800-b63f-84710c7967bb [INF] Credentials validated for username: "kreangkrai" (cb811aa7)
2020-10-08T08:44:59.4754956+07:00 80000009-0000-f800-b63f-84710c7967bb [INF] Token request validation success, TokenRequestValidationLog { ClientId: "quickapp_spa", ClientName: null, GrantType: "password", Scopes: "email offline_access openid phone profile quickapp_api roles", AuthorizationCode: null, RefreshToken: null, UserName: "kreangkrai", AuthenticationContextReferenceClasses: null, Tenant: null, IdP: null, Raw: [("username": "kreangkrai"), ("password": "***REDACTED***"), ("client_id": "quickapp_spa"), ("grant_type": "password"), ("scope": "openid email phone profile offline_access roles quickapp_api")] } (3a073258)
2020-10-08T08:45:02.0367276+07:00  [INF] Removing 0 grants (62cd9308)
2020-10-08T08:45:02.0461327+07:00  [INF] Removing 0 device flow codes (171ba47d)
2020-10-08T08:45:32.0791791+07:00  [INF] Removing 0 grants (62cd9308)
2020-10-08T08:45:32.0928490+07:00  [INF] Removing 0 device flow codes (171ba47d)
2020-10-08T08:45:38.6902747+07:00 80000004-0003-f600-b63f-84710c7967bb [INF] Invoking IdentityServer endpoint: "IdentityServer4.Endpoints.DiscoveryEndpoint" for "/.well-known/openid-configuration" (f7642de5)
2020-10-08T08:45:38.7996342+07:00 80000005-0003-f600-b63f-84710c7967bb [INF] Invoking IdentityServer endpoint: "IdentityServer4.Endpoints.DiscoveryKeyEndpoint" for "/.well-known/openid-configuration/jwks" (f7642de5)
2020-10-08T08:46:02.1282620+07:00  [INF] Removing 0 grants (62cd9308)
2020-10-08T08:46:02.1552292+07:00  [INF] Removing 0 device flow codes (171ba47d)
2020-10-08T08:46:32.1945131+07:00  [INF] Removing 0 grants (62cd9308)
2020-10-08T08:46:32.2149992+07:00  [INF] Removing 0 device flow codes (171ba47d)
2020-10-08T08:47:02.2638023+07:00  [INF] Removing 0 grants (62cd9308)
2020-10-08T08:47:02.3062560+07:00  [INF] Removing 0 device flow codes (171ba47d)
2020-10-08T08:47:32.3730714+07:00  [INF] Removing 0 grants (62cd9308)
2020-10-08T08:47:32.3823221+07:00  [INF] Removing 0 device flow codes (171ba47d)
2020-10-08T08:48:02.4128942+07:00  [INF] Removing 0 grants (62cd9308)
2020-10-08T08:48:02.4362927+07:00  [INF] Removing 0 device flow codes (171ba47d)
2020-10-08T08:48:32.5117796+07:00  [INF] Removing 0 grants (62cd9308)
2020-10-08T08:48:32.5347277+07:00  [INF] Removing 0 device flow codes (171ba47d)
2020-10-08T08:49:02.5956178+07:00  [INF] Removing 0 grants (62cd9308)
2020-10-08T08:49:02.6042860+07:00  [INF] Removing 0 device flow codes (171ba47d)
2020-10-08T08:49:32.6174243+07:00  [INF] Removing 0 grants (62cd9308)
2020-10-08T08:49:32.6261125+07:00  [INF] Removing 0 device flow codes (171ba47d)
2020-10-08T08:50:02.6758087+07:00  [INF] Removing 0 grants (62cd9308)
2020-10-08T08:50:02.6867582+07:00  [INF] Removing 0 device flow codes (171ba47d)
2020-10-08T08:50:32.7117389+07:00  [INF] Removing 0 grants (62cd9308)
2020-10-08T08:50:32.7263205+07:00  [INF] Removing 0 device flow codes (171ba47d)
2020-10-08T08:51:02.7656632+07:00  [INF] Removing 0 grants (62cd9308)
2020-10-08T08:51:02.8091717+07:00  [INF] Removing 0 device flow codes (171ba47d)
2020-10-08T08:51:32.8527778+07:00  [INF] Removing 0 grants (62cd9308)
2020-10-08T08:51:32.8724215+07:00  [INF] Removing 0 device flow codes (171ba47d)
2020-10-08T08:52:02.9286622+07:00  [INF] Removing 0 grants (62cd9308)
2020-10-08T08:52:02.9388628+07:00  [INF] Removing 0 device flow codes (171ba47d)
2020-10-08T08:52:32.9813256+07:00  [INF] Removing 0 grants (62cd9308)
2020-10-08T08:52:32.9980553+07:00  [INF] Removing 0 device flow codes (171ba47d)
2020-10-08T08:53:03.0182313+07:00  [INF] Removing 0 grants (62cd9308)
2020-10-08T08:53:03.0275831+07:00  [INF] Removing 0 device flow codes (171ba47d)
2020-10-08T08:53:33.0805747+07:00  [INF] Removing 0 grants (62cd9308)
2020-10-08T08:53:33.0889830+07:00  [INF] Removing 0 device flow codes (171ba47d)
2020-10-08T08:54:03.1367918+07:00  [INF] Removing 0 grants (62cd9308)
2020-10-08T08:54:03.1580678+07:00  [INF] Removing 0 device flow codes (171ba47d)
2020-10-08T08:54:33.1923036+07:00  [INF] Removing 0 grants (62cd9308)
2020-10-08T08:54:33.2037893+07:00  [INF] Removing 0 device flow codes (171ba47d)
2020-10-08T08:55:03.2918916+07:00  [INF] Removing 0 grants (62cd9308)
2020-10-08T08:55:03.2994474+07:00  [INF] Removing 0 device flow codes (171ba47d)
2020-10-08T08:55:33.3792661+07:00  [INF] Removing 0 grants (62cd9308)
2020-10-08T08:55:33.4128149+07:00  [INF] Removing 0 device flow codes (171ba47d)
2020-10-08T08:56:03.4519831+07:00  [INF] Removing 0 grants (62cd9308)
2020-10-08T08:56:03.4689252+07:00  [INF] Removing 0 device flow codes (171ba47d)
2020-10-08T08:56:33.4779735+07:00  [INF] Removing 0 grants (62cd9308)
2020-10-08T08:56:33.4901977+07:00  [INF] Removing 0 device flow codes (171ba47d)
2020-10-08T08:57:03.5079343+07:00  [INF] Removing 0 grants (62cd9308)
2020-10-08T08:57:03.5169933+07:00  [INF] Removing 0 device flow codes (171ba47d)
2020-10-08T08:57:33.5413729+07:00  [INF] Removing 0 grants (62cd9308)
2020-10-08T08:57:33.5477483+07:00  [INF] Removing 0 device flow codes (171ba47d)
2020-10-08T08:58:03.5972862+07:00  [INF] Removing 0 grants (62cd9308)
2020-10-08T08:58:03.6262420+07:00  [INF] Removing 0 device flow codes (171ba47d)
2020-10-08T08:58:33.6417718+07:00  [INF] Removing 0 grants (62cd9308)
2020-10-08T08:58:33.6505388+07:00  [INF] Removing 0 device flow codes (171ba47d)
2020-10-08T08:59:03.6706475+07:00  [INF] Removing 0 grants (62cd9308)
2020-10-08T08:59:03.6787326+07:00  [INF] Removing 0 device flow codes (171ba47d)
2020-10-08T08:59:33.7278579+07:00  [INF] Removing 0 grants (62cd9308)
2020-10-08T08:59:33.7891201+07:00  [INF] Removing 0 device flow codes (171ba47d)
2020-10-08T09:00:03.8240033+07:00  [INF] Removing 0 grants (62cd9308)
2020-10-08T09:00:03.8328715+07:00  [INF] Removing 0 device flow codes (171ba47d)
2020-10-08T09:00:33.8474441+07:00  [INF] Removing 0 grants (62cd9308)
2020-10-08T09:00:33.8559428+07:00  [INF] Removing 0 device flow codes (171ba47d)
2020-10-08T09:01:03.8691777+07:00  [INF] Removing 0 grants (62cd9308)
2020-10-08T09:01:03.8775400+07:00  [INF] Removing 0 device flow codes (171ba47d)
2020-10-08T09:01:33.9122195+07:00  [INF] Removing 0 grants (62cd9308)
2020-10-08T09:01:33.9224995+07:00  [INF] Removing 0 device flow codes (171ba47d)
2020-10-08T09:02:03.9553921+07:00  [INF] Removing 0 grants (62cd9308)
2020-10-08T09:02:03.9630989+07:00  [INF] Removing 0 device flow codes (171ba47d)
2020-10-08T09:02:33.9863215+07:00  [INF] Removing 0 grants (62cd9308)
2020-10-08T09:02:33.9980231+07:00  [INF] Removing 0 device flow codes (171ba47d)
2020-10-08T09:03:04.0136525+07:00  [INF] Removing 0 grants (62cd9308)
2020-10-08T09:03:04.0218549+07:00  [INF] Removing 0 device flow codes (171ba47d)
2020-10-08T09:03:34.0315616+07:00  [INF] Removing 0 grants (62cd9308)
2020-10-08T09:03:34.0390926+07:00  [INF] Removing 0 device flow codes (171ba47d)
2020-10-08T09:04:04.0894889+07:00  [INF] Removing 0 grants (62cd9308)
2020-10-08T09:04:04.0982649+07:00  [INF] Removing 0 device flow codes (171ba47d)
2020-10-08T09:04:34.1196763+07:00  [INF] Removing 0 grants (62cd9308)
2020-10-08T09:04:34.1304748+07:00  [INF] Removing 0 device flow codes (171ba47d)
2020-10-08T09:05:04.1696046+07:00  [INF] Removing 0 grants (62cd9308)
2020-10-08T09:05:04.1783400+07:00  [INF] Removing 0 device flow codes (171ba47d)
2020-10-08T09:05:34.2527484+07:00  [INF] Removing 0 grants (62cd9308)
2020-10-08T09:05:34.2710132+07:00  [INF] Removing 0 device flow codes (171ba47d)
2020-10-08T09:06:04.2861611+07:00  [INF] Removing 0 grants (62cd9308)
2020-10-08T09:06:04.2952012+07:00  [INF] Removing 0 device flow codes (171ba47d)
2020-10-08T09:06:34.3365879+07:00  [INF] Removing 0 grants (62cd9308)
2020-10-08T09:06:34.3449890+07:00  [INF] Removing 0 device flow codes (171ba47d)
2020-10-08T09:07:04.3874572+07:00  [INF] Removing 0 grants (62cd9308)
2020-10-08T09:07:04.3984110+07:00  [INF] Removing 0 device flow codes (171ba47d)
2020-10-08T09:07:34.4188940+07:00  [INF] Removing 0 grants (62cd9308)
2020-10-08T09:07:34.4271353+07:00  [INF] Removing 0 device flow codes (171ba47d)
2020-10-08T09:08:04.4386149+07:00  [INF] Removing 0 grants (62cd9308)
2020-10-08T09:08:04.4502657+07:00  [INF] Removing 0 device flow codes (171ba47d)
2020-10-08T09:08:34.4621297+07:00  [INF] Removing 0 grants (62cd9308)
2020-10-08T09:08:34.4728746+07:00  [INF] Removing 0 device flow codes (171ba47d)
2020-10-08T09:09:04.4878324+07:00  [INF] Removing 0 grants (62cd9308)
2020-10-08T09:09:04.5147928+07:00  [INF] Removing 0 device flow codes (171ba47d)
2020-10-08T09:09:22.6884915+07:00 80000015-0002-f500-b63f-84710c7967bb [INF] Invoking IdentityServer endpoint: "IdentityServer4.Endpoints.DiscoveryEndpoint" for "/.well-known/openid-configuration" (f7642de5)
2020-10-08T09:09:22.7520306+07:00 8000001e-0001-f200-b63f-84710c7967bb [INF] Invoking IdentityServer endpoint: "IdentityServer4.Endpoints.DiscoveryKeyEndpoint" for "/.well-known/openid-configuration/jwks" (f7642de5)
2020-10-08T09:09:22.7749633+07:00 80000017-0002-f500-b63f-84710c7967bb [INF] Invoking IdentityServer endpoint: "IdentityServer4.Endpoints.TokenEndpoint" for "/connect/token" (f7642de5)
2020-10-08T09:09:22.9463658+07:00 80000017-0002-f500-b63f-84710c7967bb [INF] Credentials validated for username: "kreangkrai" (cb811aa7)
2020-10-08T09:09:22.9580956+07:00 80000017-0002-f500-b63f-84710c7967bb [INF] Token request validation success, TokenRequestValidationLog { ClientId: "quickapp_spa", ClientName: null, GrantType: "password", Scopes: "email offline_access openid phone profile quickapp_api roles", AuthorizationCode: null, RefreshToken: null, UserName: "kreangkrai", AuthenticationContextReferenceClasses: null, Tenant: null, IdP: null, Raw: [("username": "kreangkrai"), ("password": "***REDACTED***"), ("client_id": "quickapp_spa"), ("grant_type": "password"), ("scope": "openid email phone profile offline_access roles quickapp_api")] } (3a073258)
2020-10-08T09:09:34.5390519+07:00  [INF] Removing 0 grants (62cd9308)
2020-10-08T09:09:34.5521328+07:00  [INF] Removing 0 device flow codes (171ba47d)
2020-10-08T09:10:04.5718286+07:00  [INF] Removing 0 grants (62cd9308)
2020-10-08T09:10:04.5800045+07:00  [INF] Removing 0 device flow codes (171ba47d)
2020-10-08T09:10:34.6036975+07:00  [INF] Removing 0 grants (62cd9308)
2020-10-08T09:10:34.6124108+07:00  [INF] Removing 0 device flow codes (171ba47d)
2020-10-08T09:11:04.6277935+07:00  [INF] Removing 0 grants (62cd9308)
2020-10-08T09:11:04.6514716+07:00  [INF] Removing 0 device flow codes (171ba47d)
2020-10-08T09:11:34.6767515+07:00  [INF] Removing 0 grants (62cd9308)
2020-10-08T09:11:34.6882773+07:00  [INF] Removing 0 device flow codes (171ba47d)
2020-10-08T09:12:04.7029582+07:00  [INF] Removing 0 grants (62cd9308)
2020-10-08T09:12:04.7125328+07:00  [INF] Removing 0 device flow codes (171ba47d)
2020-10-08T09:12:34.7520764+07:00  [INF] Removing 0 grants (62cd9308)
2020-10-08T09:12:34.7644845+07:00  [INF] Removing 0 device flow codes (171ba47d)
2020-10-08T09:13:04.7998214+07:00  [INF] Removing 0 grants (62cd9308)
2020-10-08T09:13:04.8102640+07:00  [INF] Removing 0 device flow codes (171ba47d)
2020-10-08T09:13:34.8463340+07:00  [INF] Removing 0 grants (62cd9308)
2020-10-08T09:13:34.8717129+07:00  [INF] Removing 0 device flow codes (171ba47d)
2020-10-08T09:14:04.8870618+07:00  [INF] Removing 0 grants (62cd9308)
2020-10-08T09:14:04.8965623+07:00  [INF] Removing 0 device flow codes (171ba47d)
2020-10-08T09:14:34.9348343+07:00  [INF] Removing 0 grants (62cd9308)
2020-10-08T09:14:34.9627822+07:00  [INF] Removing 0 device flow codes (171ba47d)
2020-10-08T09:15:04.9966961+07:00  [INF] Removing 0 grants (62cd9308)
2020-10-08T09:15:05.0082238+07:00  [INF] Removing 0 device flow codes (171ba47d)
2020-10-08T09:15:35.0393679+07:00  [INF] Removing 0 grants (62cd9308)
2020-10-08T09:15:35.0609779+07:00  [INF] Removing 0 device flow codes (171ba47d)
2020-10-08T09:16:05.0951793+07:00  [INF] Removing 0 grants (62cd9308)
2020-10-08T09:16:05.1070207+07:00  [INF] Removing 0 device flow codes (171ba47d)
2020-10-08T09:16:35.1243188+07:00  [INF] Removing 0 grants (62cd9308)
2020-10-08T09:16:35.1356795+07:00  [INF] Removing 0 device flow codes (171ba47d)
2020-10-08T09:17:05.1502147+07:00  [INF] Removing 0 grants (62cd9308)
2020-10-08T09:17:05.1608092+07:00  [INF] Removing 0 device flow codes (171ba47d)
2020-10-08T09:17:35.1807133+07:00  [INF] Removing 0 grants (62cd9308)
2020-10-08T09:17:35.1941201+07:00  [INF] Removing 0 device flow codes (171ba47d)
2020-10-08T09:18:05.2189778+07:00  [INF] Removing 0 grants (62cd9308)
2020-10-08T09:18:05.2414896+07:00  [INF] Removing 0 device flow codes (171ba47d)
2020-10-08T09:18:35.2646343+07:00  [INF] Removing 0 grants (62cd9308)
2020-10-08T09:18:35.2737211+07:00  [INF] Removing 0 device flow codes (171ba47d)
2020-10-08T09:19:05.2861439+07:00  [INF] Removing 0 grants (62cd9308)
2020-10-08T09:19:05.2948885+07:00  [INF] Removing 0 device flow codes (171ba47d)
2020-10-08T09:19:35.3033896+07:00  [INF] Removing 0 grants (62cd9308)
2020-10-08T09:19:35.3158755+07:00  [INF] Removing 0 device flow codes (171ba47d)
2020-10-08T09:20:05.3342486+07:00  [INF] Removing 0 grants (62cd9308)
2020-10-08T09:20:05.3450031+07:00  [INF] Removing 0 device flow codes (171ba47d)
2020-10-08T09:20:35.3833028+07:00  [INF] Removing 0 grants (62cd9308)
2020-10-08T09:20:35.4059353+07:00  [INF] Removing 0 device flow codes (171ba47d)
2020-10-08T09:21:05.4500074+07:00  [INF] Removing 0 grants (62cd9308)
2020-10-08T09:21:05.4610835+07:00  [INF] Removing 0 device flow codes (171ba47d)
2020-10-08T09:21:35.5116339+07:00  [INF] Removing 0 grants (62cd9308)
2020-10-08T09:21:35.5231919+07:00  [INF] Removing 0 device flow codes (171ba47d)
2020-10-08T09:22:05.5402972+07:00  [INF] Removing 0 grants (62cd9308)
2020-10-08T09:22:05.5518962+07:00  [INF] Removing 0 device flow codes (171ba47d)
2020-10-08T09:22:35.5785814+07:00  [INF] Removing 0 grants (62cd9308)
2020-10-08T09:22:35.5937938+07:00  [INF] Removing 0 device flow codes (171ba47d)
2020-10-08T09:23:05.6410736+07:00  [INF] Removing 0 grants (62cd9308)
2020-10-08T09:23:05.6519836+07:00  [INF] Removing 0 device flow codes (171ba47d)
2020-10-08T09:23:35.6674354+07:00  [INF] Removing 0 grants (62cd9308)
2020-10-08T09:23:35.6798130+07:00  [INF] Removing 0 device flow codes (171ba47d)
2020-10-08T09:24:05.6989320+07:00  [INF] Removing 0 grants (62cd9308)
2020-10-08T09:24:05.7098018+07:00  [INF] Removing 0 device flow codes (171ba47d)
2020-10-08T09:24:35.7276501+07:00  [INF] Removing 0 grants (62cd9308)
2020-10-08T09:24:35.7382520+07:00  [INF] Removing 0 device flow codes (171ba47d)
2020-10-08T09:25:05.7537574+07:00  [INF] Removing 0 grants (62cd9308)
2020-10-08T09:25:05.7659975+07:00  [INF] Removing 0 device flow codes (171ba47d)
2020-10-08T09:25:35.7956326+07:00  [INF] Removing 0 grants (62cd9308)
2020-10-08T09:25:35.8302994+07:00  [INF] Removing 0 device flow codes (171ba47d)
2020-10-08T09:26:05.8739958+07:00  [INF] Removing 0 grants (62cd9308)
2020-10-08T09:26:05.8992110+07:00  [INF] Removing 0 device flow codes (171ba47d)
2020-10-08T09:26:35.9185256+07:00  [INF] Removing 0 grants (62cd9308)
2020-10-08T09:26:35.9300567+07:00  [INF] Removing 0 device flow codes (171ba47d)
2020-10-08T09:27:05.9535835+07:00  [INF] Removing 0 grants (62cd9308)
2020-10-08T09:27:05.9631535+07:00  [INF] Removing 0 device flow codes (171ba47d)
2020-10-08T09:27:35.9930223+07:00  [INF] Removing 0 grants (62cd9308)
2020-10-08T09:27:36.0040050+07:00  [INF] Removing 0 device flow codes (171ba47d)
2020-10-08T09:28:06.0714903+07:00  [INF] Removing 0 grants (62cd9308)
2020-10-08T09:28:06.0973939+07:00  [INF] Removing 0 device flow codes (171ba47d)
2020-10-08T09:28:36.1348910+07:00  [INF] Removing 0 grants (62cd9308)
2020-10-08T09:28:36.1732240+07:00  [INF] Removing 0 device flow codes (171ba47d)
2020-10-08T09:29:06.1955256+07:00  [INF] Removing 0 grants (62cd9308)
2020-10-08T09:29:06.2045402+07:00  [INF] Removing 0 device flow codes (171ba47d)
2020-10-08T09:29:36.2325594+07:00  [INF] Removing 0 grants (62cd9308)
2020-10-08T09:29:36.2478770+07:00  [INF] Removing 0 device flow codes (171ba47d)
2020-10-08T09:30:06.2884230+07:00  [INF] Removing 0 grants (62cd9308)
2020-10-08T09:30:06.2971699+07:00  [INF] Removing 0 device flow codes (171ba47d)
2020-10-08T09:30:36.3425010+07:00  [INF] Removing 0 grants (62cd9308)
2020-10-08T09:30:36.3512642+07:00  [INF] Removing 0 device flow codes (171ba47d)
2020-10-08T09:31:06.4020154+07:00  [INF] Removing 0 grants (62cd9308)
2020-10-08T09:31:06.4111846+07:00  [INF] Removing 0 device flow codes (171ba47d)
2020-10-08T09:31:36.4488641+07:00  [INF] Removing 0 grants (62cd9308)
2020-10-08T09:31:36.4691122+07:00  [INF] Removing 0 device flow codes (171ba47d)
2020-10-08T09:32:06.5036345+07:00  [INF] Removing 0 grants (62cd9308)
2020-10-08T09:32:06.5118863+07:00  [INF] Removing 0 device flow codes (171ba47d)
2020-10-08T09:32:36.5423703+07:00  [INF] Removing 0 grants (62cd9308)
2020-10-08T09:32:36.5597726+07:00  [INF] Removing 0 device flow codes (171ba47d)
2020-10-08T09:33:06.5849603+07:00  [INF] Removing 0 grants (62cd9308)
2020-10-08T09:33:06.5941163+07:00  [INF] Removing 0 device flow codes (171ba47d)
2020-10-08T09:33:36.6199248+07:00  [INF] Removing 0 grants (62cd9308)
2020-10-08T09:33:36.6444886+07:00  [INF] Removing 0 device flow codes (171ba47d)
2020-10-08T09:34:06.6659172+07:00  [INF] Removing 0 grants (62cd9308)
2020-10-08T09:34:06.6752912+07:00  [INF] Removing 0 device flow codes (171ba47d)
2020-10-08T09:34:36.6960055+07:00  [INF] Removing 0 grants (62cd9308)
2020-10-08T09:34:36.7059620+07:00  [INF] Removing 0 device flow codes (171ba47d)
2020-10-08T09:35:06.7352127+07:00  [INF] Removing 0 grants (62cd9308)
2020-10-08T09:35:06.7557711+07:00  [INF] Removing 0 device flow codes (171ba47d)
2020-10-08T09:35:36.7920305+07:00  [INF] Removing 0 grants (62cd9308)
2020-10-08T09:35:36.8127463+07:00  [INF] Removing 0 device flow codes (171ba47d)
2020-10-08T09:36:06.8450247+07:00  [INF] Removing 0 grants (62cd9308)
2020-10-08T09:36:06.8527154+07:00  [INF] Removing 0 device flow codes (171ba47d)
2020-10-08T09:36:36.8729747+07:00  [INF] Removing 0 grants (62cd9308)
2020-10-08T09:36:36.8821055+07:00  [INF] Removing 0 device flow codes (171ba47d)
2020-10-08T09:37:06.9035685+07:00  [INF] Removing 0 grants (62cd9308)
2020-10-08T09:37:06.9117057+07:00  [INF] Removing 0 device flow codes (171ba47d)
2020-10-08T09:37:37.0917386+07:00  [INF] Removing 0 grants (62cd9308)
2020-10-08T09:37:37.1013620+07:00  [INF] Removing 0 device flow codes (171ba47d)
2020-10-08T09:38:07.7589228+07:00  [INF] Removing 0 grants (62cd9308)
2020-10-08T09:38:07.7914467+07:00  [INF] Removing 0 device flow codes (171ba47d)
2020-10-08T09:38:37.8335941+07:00  [INF] Removing 0 grants (62cd9308)
2020-10-08T09:38:37.8579885+07:00  [INF] Removing 0 device flow codes (171ba47d)
2020-10-08T09:39:07.8831795+07:00  [INF] Removing 0 grants (62cd9308)
2020-10-08T09:39:07.8919055+07:00  [INF] Removing 0 device flow codes (171ba47d)
2020-10-08T09:39:37.9303398+07:00  [INF] Removing 0 grants (62cd9308)
2020-10-08T09:39:37.9412840+07:00  [INF] Removing 0 device flow codes (171ba47d)
2020-10-08T09:40:07.9754865+07:00  [INF] Removing 0 grants (62cd9308)
2020-10-08T09:40:07.9992955+07:00  [INF] Removing 0 device flow codes (171ba47d)
2020-10-08T09:40:38.0408294+07:00  [INF] Removing 0 grants (62cd9308)
2020-10-08T09:40:38.0615232+07:00  [INF] Removing 0 device flow codes (171ba47d)
2020-10-08T09:41:08.0893892+07:00  [INF] Removing 0 grants (62cd9308)
2020-10-08T09:41:08.0980710+07:00  [INF] Removing 0 device flow codes (171ba47d)
2020-10-08T09:41:38.1249287+07:00  [INF] Removing 0 grants (62cd9308)
2020-10-08T09:41:38.1321094+07:00  [INF] Removing 0 device flow codes (171ba47d)
2020-10-08T09:42:08.1664182+07:00  [INF] Removing 0 grants (62cd9308)
2020-10-08T09:42:08.1899770+07:00  [INF] Removing 0 device flow codes (171ba47d)
2020-10-08T09:42:38.2234333+07:00  [INF] Removing 0 grants (62cd9308)
2020-10-08T09:42:38.2458645+07:00  [INF] Removing 0 device flow codes (171ba47d)
2020-10-08T09:43:08.2875617+07:00  [INF] Removing 0 grants (62cd9308)
2020-10-08T09:43:08.2991895+07:00  [INF] Removing 0 device flow codes (171ba47d)
2020-10-08T09:43:38.3276561+07:00  [INF] Removing 0 grants (62cd9308)
2020-10-08T09:43:38.3359005+07:00  [INF] Removing 0 device flow codes (171ba47d)
2020-10-08T09:44:08.3686044+07:00  [INF] Removing 0 grants (62cd9308)
2020-10-08T09:44:08.3894027+07:00  [INF] Removing 0 device flow codes (171ba47d)
2020-10-08T09:44:38.4165187+07:00  [INF] Removing 0 grants (62cd9308)
2020-10-08T09:44:38.4367199+07:00  [INF] Removing 0 device flow codes (171ba47d)
2020-10-08T09:45:08.4759638+07:00  [INF] Removing 0 grants (62cd9308)
2020-10-08T09:45:08.4996433+07:00  [INF] Removing 0 device flow codes (171ba47d)
2020-10-08T09:45:38.5470862+07:00  [INF] Removing 0 grants (62cd9308)
2020-10-08T09:45:38.5557711+07:00  [INF] Removing 0 device flow codes (171ba47d)
2020-10-08T09:46:08.5980886+07:00  [INF] Removing 0 grants (62cd9308)
2020-10-08T09:46:08.6085908+07:00  [INF] Removing 0 device flow codes (171ba47d)
2020-10-08T09:46:38.6378936+07:00  [INF] Removing 0 grants (62cd9308)
2020-10-08T09:46:38.6461144+07:00  [INF] Removing 0 device flow codes (171ba47d)
2020-10-08T09:47:08.6795086+07:00  [INF] Removing 0 grants (62cd9308)
2020-10-08T09:47:08.7588768+07:00  [INF] Removing 0 device flow codes (171ba47d)
2020-10-08T09:47:38.7908849+07:00  [INF] Removing 0 grants (62cd9308)
2020-10-08T09:47:38.8405683+07:00  [INF] Removing 0 device flow codes (171ba47d)
2020-10-08T09:48:08.8734628+07:00  [INF] Removing 0 grants (62cd9308)
2020-10-08T09:48:08.8950553+07:00  [INF] Removing 0 device flow codes (171ba47d)
2020-10-08T09:48:38.9462402+07:00  [INF] Removing 0 grants (62cd9308)
2020-10-08T09:48:38.9695249+07:00  [INF] Removing 0 device flow codes (171ba47d)
2020-10-08T09:49:09.0269875+07:00  [INF] Removing 0 grants (62cd9308)
2020-10-08T09:49:09.0341235+07:00  [INF] Removing 0 device flow codes (171ba47d)
2020-10-08T09:49:39.0572348+07:00  [INF] Removing 0 grants (62cd9308)
2020-10-08T09:49:39.0786334+07:00  [INF] Removing 0 device flow codes (171ba47d)
2020-10-08T09:50:09.2133986+07:00  [INF] Removing 0 grants (62cd9308)
2020-10-08T09:50:09.2209541+07:00  [INF] Removing 0 device flow codes (171ba47d)
2020-10-08T09:50:39.2384793+07:00  [INF] Removing 0 grants (62cd9308)
2020-10-08T09:50:39.2603235+07:00  [INF] Removing 0 device flow codes (171ba47d)
2020-10-08T09:51:09.2881680+07:00  [INF] Removing 0 grants (62cd9308)
2020-10-08T09:51:09.3042758+07:00  [INF] Removing 0 device flow codes (171ba47d)
2020-10-08T10:21:07.8364297+07:00  [INF] Starting IdentityServer4 version "3.1.3.0" (8add0571)
2020-10-08T10:21:07.8638494+07:00  [INF] Using the default authentication scheme "Identity.Application" for IdentityServer (4a54f457)
2020-10-08T10:21:08.4204014+07:00  [INF] Application started. Press Ctrl+C to shut down. (dcaefe54)
2020-10-08T10:21:08.4232883+07:00  [INF] Hosting environment: "Development" (c3307c92)
2020-10-08T10:21:08.4436955+07:00  [INF] Content root path: "D:\CmsApp\CmsApp" (b5d60022)
2020-10-08T10:21:37.9338448+07:00  [INF] Removing 0 grants (62cd9308)
2020-10-08T10:21:37.9700219+07:00  [INF] Removing 0 device flow codes (171ba47d)
2020-10-08T10:22:08.0258556+07:00  [INF] Removing 0 grants (62cd9308)
2020-10-08T10:22:08.0433241+07:00  [INF] Removing 0 device flow codes (171ba47d)
2020-10-08T10:22:38.0757527+07:00  [INF] Removing 0 grants (62cd9308)
2020-10-08T10:22:38.1083075+07:00  [INF] Removing 0 device flow codes (171ba47d)
2020-10-08T10:23:05.2544254+07:00 80000042-0001-f300-b63f-84710c7967bb [INF] Invoking IdentityServer endpoint: "IdentityServer4.Endpoints.DiscoveryEndpoint" for "/.well-known/openid-configuration" (f7642de5)
2020-10-08T10:23:06.1128180+07:00 8000001a-0000-f100-b63f-84710c7967bb [INF] Invoking IdentityServer endpoint: "IdentityServer4.Endpoints.DiscoveryKeyEndpoint" for "/.well-known/openid-configuration/jwks" (f7642de5)
2020-10-08T10:23:06.1634992+07:00 8000001c-0002-f300-b63f-84710c7967bb [INF] Invoking IdentityServer endpoint: "IdentityServer4.Endpoints.TokenEndpoint" for "/connect/token" (f7642de5)
2020-10-08T10:23:07.1586371+07:00 8000001c-0002-f300-b63f-84710c7967bb [INF] Credentials validated for username: "kreangkrai" (cb811aa7)
2020-10-08T10:23:07.2293005+07:00 8000001c-0002-f300-b63f-84710c7967bb [INF] Token request validation success, TokenRequestValidationLog { ClientId: "quickapp_spa", ClientName: null, GrantType: "password", Scopes: "email offline_access openid phone profile quickapp_api roles", AuthorizationCode: null, RefreshToken: null, UserName: "kreangkrai", AuthenticationContextReferenceClasses: null, Tenant: null, IdP: null, Raw: [("username": "kreangkrai"), ("password": "***REDACTED***"), ("client_id": "quickapp_spa"), ("grant_type": "password"), ("scope": "openid email phone profile offline_access roles quickapp_api")] } (3a073258)
2020-10-08T10:23:08.1338346+07:00  [INF] Removing 0 grants (62cd9308)
2020-10-08T10:23:08.1447656+07:00  [INF] Removing 0 device flow codes (171ba47d)
2020-10-08T10:23:17.6758499+07:00 8000001f-0001-f400-b63f-84710c7967bb [INF] Invoking IdentityServer endpoint: "IdentityServer4.Endpoints.DiscoveryEndpoint" for "/.well-known/openid-configuration" (f7642de5)
2020-10-08T10:23:17.7453440+07:00 80000020-0001-f400-b63f-84710c7967bb [INF] Invoking IdentityServer endpoint: "IdentityServer4.Endpoints.DiscoveryKeyEndpoint" for "/.well-known/openid-configuration/jwks" (f7642de5)
2020-10-08T10:23:38.1660988+07:00  [INF] Removing 0 grants (62cd9308)
2020-10-08T10:23:38.1909751+07:00  [INF] Removing 0 device flow codes (171ba47d)
2020-10-08T10:24:08.2281003+07:00  [INF] Removing 0 grants (62cd9308)
2020-10-08T10:24:08.2512838+07:00  [INF] Removing 0 device flow codes (171ba47d)
2020-10-08T10:24:38.2926697+07:00  [INF] Removing 0 grants (62cd9308)
2020-10-08T10:24:38.3249759+07:00  [INF] Removing 0 device flow codes (171ba47d)
2020-10-08T10:25:08.3618152+07:00  [INF] Removing 0 grants (62cd9308)
2020-10-08T10:25:08.3733222+07:00  [INF] Removing 0 device flow codes (171ba47d)
2020-10-08T10:25:38.4084699+07:00  [INF] Removing 0 grants (62cd9308)
2020-10-08T10:25:38.4321778+07:00  [INF] Removing 0 device flow codes (171ba47d)
2020-10-08T10:26:08.4660894+07:00  [INF] Removing 0 grants (62cd9308)
2020-10-08T10:26:08.4742560+07:00  [INF] Removing 0 device flow codes (171ba47d)
2020-10-08T10:26:38.4944440+07:00  [INF] Removing 0 grants (62cd9308)
2020-10-08T10:26:38.5207398+07:00  [INF] Removing 0 device flow codes (171ba47d)
2020-10-08T10:27:08.5477047+07:00  [INF] Removing 0 grants (62cd9308)
2020-10-08T10:27:08.5687334+07:00  [INF] Removing 0 device flow codes (171ba47d)
2020-10-08T10:27:38.6040998+07:00  [INF] Removing 0 grants (62cd9308)
2020-10-08T10:27:38.6156286+07:00  [INF] Removing 0 device flow codes (171ba47d)
2020-10-08T10:28:08.6999332+07:00  [INF] Removing 0 grants (62cd9308)
2020-10-08T10:28:08.7605814+07:00  [INF] Removing 0 device flow codes (171ba47d)
2020-10-08T10:28:38.7964066+07:00  [INF] Removing 0 grants (62cd9308)
2020-10-08T10:28:38.8171085+07:00  [INF] Removing 0 device flow codes (171ba47d)
2020-10-08T10:29:08.8548008+07:00  [INF] Removing 0 grants (62cd9308)
2020-10-08T10:29:08.8629201+07:00  [INF] Removing 0 device flow codes (171ba47d)
2020-10-08T10:29:38.8956693+07:00  [INF] Removing 0 grants (62cd9308)
2020-10-08T10:29:38.9176955+07:00  [INF] Removing 0 device flow codes (171ba47d)
2020-10-08T10:30:08.9717363+07:00  [INF] Removing 0 grants (62cd9308)
2020-10-08T10:30:08.9883604+07:00  [INF] Removing 0 device flow codes (171ba47d)
2020-10-08T10:30:39.0239095+07:00  [INF] Removing 0 grants (62cd9308)
2020-10-08T10:30:39.0445000+07:00  [INF] Removing 0 device flow codes (171ba47d)
2020-10-08T10:31:09.0653193+07:00  [INF] Removing 0 grants (62cd9308)
2020-10-08T10:31:09.0875297+07:00  [INF] Removing 0 device flow codes (171ba47d)
2020-10-08T10:31:39.1561902+07:00  [INF] Removing 0 grants (62cd9308)
2020-10-08T10:31:39.1676202+07:00  [INF] Removing 0 device flow codes (171ba47d)
2020-10-08T10:32:09.2192594+07:00  [INF] Removing 0 grants (62cd9308)
2020-10-08T10:32:09.2291383+07:00  [INF] Removing 0 device flow codes (171ba47d)
2020-10-08T10:32:39.2661792+07:00  [INF] Removing 0 grants (62cd9308)
2020-10-08T10:32:39.3008563+07:00  [INF] Removing 0 device flow codes (171ba47d)
2020-10-08T10:33:09.3836262+07:00  [INF] Removing 0 grants (62cd9308)
2020-10-08T10:33:09.4545828+07:00  [INF] Removing 0 device flow codes (171ba47d)
2020-10-08T10:33:39.4939626+07:00  [INF] Removing 0 grants (62cd9308)
2020-10-08T10:33:39.5188078+07:00  [INF] Removing 0 device flow codes (171ba47d)
2020-10-08T10:34:09.5634764+07:00  [INF] Removing 0 grants (62cd9308)
2020-10-08T10:34:09.5732210+07:00  [INF] Removing 0 device flow codes (171ba47d)
2020-10-08T10:50:31.1754951+07:00  [INF] Starting IdentityServer4 version "3.1.3.0" (8add0571)
2020-10-08T10:50:31.2330303+07:00  [INF] Using the default authentication scheme "Identity.Application" for IdentityServer (4a54f457)
2020-10-08T10:50:31.6699127+07:00  [INF] Application started. Press Ctrl+C to shut down. (dcaefe54)
2020-10-08T10:50:31.7008435+07:00  [INF] Hosting environment: "Development" (c3307c92)
2020-10-08T10:50:31.7083634+07:00  [INF] Content root path: "D:\CmsApp\CmsApp" (b5d60022)
2020-10-08T10:51:01.3880189+07:00  [INF] Removing 0 grants (62cd9308)
2020-10-08T10:51:01.4224785+07:00  [INF] Removing 0 device flow codes (171ba47d)
2020-10-08T10:51:31.4672249+07:00  [INF] Removing 0 grants (62cd9308)
2020-10-08T10:51:31.4916390+07:00  [INF] Removing 0 device flow codes (171ba47d)
2020-10-08T10:52:01.5097694+07:00  [INF] Removing 0 grants (62cd9308)
2020-10-08T10:52:01.5206123+07:00  [INF] Removing 0 device flow codes (171ba47d)
2020-10-08T10:52:31.5582695+07:00  [INF] Removing 0 grants (62cd9308)
2020-10-08T10:52:31.5827893+07:00  [INF] Removing 0 device flow codes (171ba47d)
2020-10-08T10:53:01.6205707+07:00  [INF] Removing 0 grants (62cd9308)
2020-10-08T10:53:01.6412551+07:00  [INF] Removing 0 device flow codes (171ba47d)
2020-10-08T10:53:23.5071593+07:00 8000005f-0002-f500-b63f-84710c7967bb [INF] Invoking IdentityServer endpoint: "IdentityServer4.Endpoints.DiscoveryEndpoint" for "/.well-known/openid-configuration" (f7642de5)
2020-10-08T10:53:24.5404290+07:00 8000003c-0001-f400-b63f-84710c7967bb [INF] Invoking IdentityServer endpoint: "IdentityServer4.Endpoints.DiscoveryKeyEndpoint" for "/.well-known/openid-configuration/jwks" (f7642de5)
2020-10-08T10:53:24.5977809+07:00 80000061-0002-f500-b63f-84710c7967bb [INF] Invoking IdentityServer endpoint: "IdentityServer4.Endpoints.TokenEndpoint" for "/connect/token" (f7642de5)
2020-10-08T10:53:25.5494756+07:00 80000061-0002-f500-b63f-84710c7967bb [INF] Credentials validated for username: "kreangkrai" (cb811aa7)
2020-10-08T10:53:25.6631552+07:00 80000061-0002-f500-b63f-84710c7967bb [INF] Token request validation success, TokenRequestValidationLog { ClientId: "quickapp_spa", ClientName: null, GrantType: "password", Scopes: "email offline_access openid phone profile quickapp_api roles", AuthorizationCode: null, RefreshToken: null, UserName: "kreangkrai", AuthenticationContextReferenceClasses: null, Tenant: null, IdP: null, Raw: [("username": "kreangkrai"), ("password": "***REDACTED***"), ("client_id": "quickapp_spa"), ("grant_type": "password"), ("scope": "openid email phone profile offline_access roles quickapp_api")] } (3a073258)
2020-10-08T10:53:31.6556758+07:00  [INF] Removing 0 grants (62cd9308)
2020-10-08T10:53:31.6695739+07:00  [INF] Removing 0 device flow codes (171ba47d)
2020-10-08T10:54:01.7026789+07:00  [INF] Removing 0 grants (62cd9308)
2020-10-08T10:54:01.7092478+07:00  [INF] Removing 0 device flow codes (171ba47d)
2020-10-08T10:54:31.7509462+07:00  [INF] Removing 0 grants (62cd9308)
2020-10-08T10:54:31.7707911+07:00  [INF] Removing 0 device flow codes (171ba47d)
2020-10-08T10:55:01.7983950+07:00  [INF] Removing 0 grants (62cd9308)
2020-10-08T10:55:01.8252329+07:00  [INF] Removing 0 device flow codes (171ba47d)
2020-10-08T10:55:31.8604033+07:00  [INF] Removing 0 grants (62cd9308)
2020-10-08T10:55:31.8762797+07:00  [INF] Removing 0 device flow codes (171ba47d)
2020-10-08T10:56:01.9032376+07:00  [INF] Removing 0 grants (62cd9308)
2020-10-08T10:56:01.9167716+07:00  [INF] Removing 0 device flow codes (171ba47d)
2020-10-08T10:56:31.9741590+07:00  [INF] Removing 0 grants (62cd9308)
2020-10-08T10:56:31.9994663+07:00  [INF] Removing 0 device flow codes (171ba47d)
2020-10-08T10:57:02.0403332+07:00  [INF] Removing 0 grants (62cd9308)
2020-10-08T10:57:02.0518624+07:00  [INF] Removing 0 device flow codes (171ba47d)
2020-10-08T10:57:32.0838430+07:00  [INF] Removing 0 grants (62cd9308)
2020-10-08T10:57:32.0964491+07:00  [INF] Removing 0 device flow codes (171ba47d)
2020-10-08T10:58:02.1424916+07:00  [INF] Removing 0 grants (62cd9308)
2020-10-08T10:58:02.1952082+07:00  [INF] Removing 0 device flow codes (171ba47d)
2020-10-08T10:58:32.2167717+07:00  [INF] Removing 0 grants (62cd9308)
2020-10-08T10:58:32.2529331+07:00  [INF] Removing 0 device flow codes (171ba47d)
2020-10-08T10:59:02.2753822+07:00  [INF] Removing 0 grants (62cd9308)
2020-10-08T10:59:02.2966229+07:00  [INF] Removing 0 device flow codes (171ba47d)
2020-10-08T10:59:32.3103395+07:00  [INF] Removing 0 grants (62cd9308)
2020-10-08T10:59:32.3509555+07:00  [INF] Removing 0 device flow codes (171ba47d)
2020-10-08T11:00:02.3806211+07:00  [INF] Removing 0 grants (62cd9308)
2020-10-08T11:00:02.3888799+07:00  [INF] Removing 0 device flow codes (171ba47d)
2020-10-08T11:00:32.4079475+07:00  [INF] Removing 0 grants (62cd9308)
2020-10-08T11:00:32.4163880+07:00  [INF] Removing 0 device flow codes (171ba47d)
2020-10-08T11:01:02.4515131+07:00  [INF] Removing 0 grants (62cd9308)
2020-10-08T11:01:02.4738998+07:00  [INF] Removing 0 device flow codes (171ba47d)
2020-10-08T11:01:32.5095052+07:00  [INF] Removing 0 grants (62cd9308)
2020-10-08T11:01:32.5188622+07:00  [INF] Removing 0 device flow codes (171ba47d)
2020-10-08T11:02:02.5357873+07:00  [INF] Removing 0 grants (62cd9308)
2020-10-08T11:02:02.5438997+07:00  [INF] Removing 0 device flow codes (171ba47d)
2020-10-08T11:02:32.5638241+07:00  [INF] Removing 0 grants (62cd9308)
2020-10-08T11:02:32.5748593+07:00  [INF] Removing 0 device flow codes (171ba47d)
2020-10-08T11:03:02.5946131+07:00  [INF] Removing 0 grants (62cd9308)
2020-10-08T11:03:02.6039777+07:00  [INF] Removing 0 device flow codes (171ba47d)
2020-10-08T11:03:32.6431466+07:00  [INF] Removing 0 grants (62cd9308)
2020-10-08T11:03:32.6652304+07:00  [INF] Removing 0 device flow codes (171ba47d)
2020-10-08T11:04:02.6885308+07:00  [INF] Removing 0 grants (62cd9308)
2020-10-08T11:04:02.7183109+07:00  [INF] Removing 0 device flow codes (171ba47d)
2020-10-08T11:04:32.7490597+07:00  [INF] Removing 0 grants (62cd9308)
2020-10-08T11:04:32.7721406+07:00  [INF] Removing 0 device flow codes (171ba47d)
2020-10-08T11:05:02.7951879+07:00  [INF] Removing 0 grants (62cd9308)
2020-10-08T11:05:02.8043705+07:00  [INF] Removing 0 device flow codes (171ba47d)
2020-10-08T11:05:32.8283887+07:00  [INF] Removing 0 grants (62cd9308)
2020-10-08T11:05:32.8493452+07:00  [INF] Removing 0 device flow codes (171ba47d)
2020-10-08T11:06:02.8633236+07:00  [INF] Removing 0 grants (62cd9308)
2020-10-08T11:06:02.8742426+07:00  [INF] Removing 0 device flow codes (171ba47d)
2020-10-08T11:06:32.9029536+07:00  [INF] Removing 0 grants (62cd9308)
2020-10-08T11:06:32.9116042+07:00  [INF] Removing 0 device flow codes (171ba47d)
2020-10-08T11:07:02.9543669+07:00  [INF] Removing 0 grants (62cd9308)
2020-10-08T11:07:02.9648838+07:00  [INF] Removing 0 device flow codes (171ba47d)
2020-10-08T11:07:32.9769820+07:00  [INF] Removing 0 grants (62cd9308)
2020-10-08T11:07:32.9826989+07:00  [INF] Removing 0 device flow codes (171ba47d)
2020-10-08T11:08:02.9922009+07:00  [INF] Removing 0 grants (62cd9308)
2020-10-08T11:08:03.0019136+07:00  [INF] Removing 0 device flow codes (171ba47d)
2020-10-08T11:08:33.0176640+07:00  [INF] Removing 0 grants (62cd9308)
2020-10-08T11:08:33.0597527+07:00  [INF] Removing 0 device flow codes (171ba47d)
2020-10-08T11:09:03.1103123+07:00  [INF] Removing 0 grants (62cd9308)
2020-10-08T11:09:03.1185650+07:00  [INF] Removing 0 device flow codes (171ba47d)
2020-10-08T11:09:33.1440865+07:00  [INF] Removing 0 grants (62cd9308)
2020-10-08T11:09:33.1624060+07:00  [INF] Removing 0 device flow codes (171ba47d)
2020-10-08T11:10:03.1812356+07:00  [INF] Removing 0 grants (62cd9308)
2020-10-08T11:10:03.1910654+07:00  [INF] Removing 0 device flow codes (171ba47d)
2020-10-08T11:10:33.2159201+07:00  [INF] Removing 0 grants (62cd9308)
2020-10-08T11:10:33.2373460+07:00  [INF] Removing 0 device flow codes (171ba47d)
2020-10-08T11:11:03.2589317+07:00  [INF] Removing 0 grants (62cd9308)
2020-10-08T11:11:03.2679219+07:00  [INF] Removing 0 device flow codes (171ba47d)
2020-10-08T11:11:33.3094286+07:00  [INF] Removing 0 grants (62cd9308)
2020-10-08T11:11:33.3204176+07:00  [INF] Removing 0 device flow codes (171ba47d)
2020-10-08T11:12:03.3655024+07:00  [INF] Removing 0 grants (62cd9308)
2020-10-08T11:12:03.4004933+07:00  [INF] Removing 0 device flow codes (171ba47d)
2020-10-08T11:12:33.4213914+07:00  [INF] Removing 0 grants (62cd9308)
2020-10-08T11:12:33.4310317+07:00  [INF] Removing 0 device flow codes (171ba47d)
2020-10-08T11:13:03.4456080+07:00  [INF] Removing 0 grants (62cd9308)
2020-10-08T11:13:03.4533346+07:00  [INF] Removing 0 device flow codes (171ba47d)
2020-10-08T11:13:33.4896330+07:00  [INF] Removing 0 grants (62cd9308)
2020-10-08T11:13:33.5117082+07:00  [INF] Removing 0 device flow codes (171ba47d)
2020-10-08T11:14:03.5207664+07:00  [INF] Removing 0 grants (62cd9308)
2020-10-08T11:14:03.5440595+07:00  [INF] Removing 0 device flow codes (171ba47d)
2020-10-08T11:14:33.5678881+07:00  [INF] Removing 0 grants (62cd9308)
2020-10-08T11:14:33.5907591+07:00  [INF] Removing 0 device flow codes (171ba47d)
2020-10-08T11:15:03.6122450+07:00  [INF] Removing 0 grants (62cd9308)
2020-10-08T11:15:03.6252722+07:00  [INF] Removing 0 device flow codes (171ba47d)
2020-10-08T11:15:33.7102620+07:00  [INF] Removing 0 grants (62cd9308)
2020-10-08T11:15:33.7386545+07:00  [INF] Removing 0 device flow codes (171ba47d)
2020-10-08T11:16:03.7511782+07:00  [INF] Removing 0 grants (62cd9308)
2020-10-08T11:16:03.7595635+07:00  [INF] Removing 0 device flow codes (171ba47d)
2020-10-08T11:16:33.8013125+07:00  [INF] Removing 0 grants (62cd9308)
2020-10-08T11:16:33.8331864+07:00  [INF] Removing 0 device flow codes (171ba47d)
2020-10-08T11:17:03.8656278+07:00  [INF] Removing 0 grants (62cd9308)
2020-10-08T11:17:03.8819653+07:00  [INF] Removing 0 device flow codes (171ba47d)
2020-10-08T11:17:33.9020014+07:00  [INF] Removing 0 grants (62cd9308)
2020-10-08T11:17:33.9113180+07:00  [INF] Removing 0 device flow codes (171ba47d)
2020-10-08T11:18:03.9243050+07:00  [INF] Removing 0 grants (62cd9308)
2020-10-08T11:18:03.9339759+07:00  [INF] Removing 0 device flow codes (171ba47d)
2020-10-08T11:18:33.9568291+07:00  [INF] Removing 0 grants (62cd9308)
2020-10-08T11:18:33.9808156+07:00  [INF] Removing 0 device flow codes (171ba47d)
2020-10-08T11:19:04.0192186+07:00  [INF] Removing 0 grants (62cd9308)
2020-10-08T11:19:04.0416359+07:00  [INF] Removing 0 device flow codes (171ba47d)
2020-10-08T11:19:34.0618281+07:00  [INF] Removing 0 grants (62cd9308)
2020-10-08T11:19:34.0705619+07:00  [INF] Removing 0 device flow codes (171ba47d)
2020-10-08T11:20:04.1101634+07:00  [INF] Removing 0 grants (62cd9308)
2020-10-08T11:20:04.1178466+07:00  [INF] Removing 0 device flow codes (171ba47d)
2020-10-08T11:20:34.1961744+07:00  [INF] Removing 0 grants (62cd9308)
2020-10-08T11:20:34.2648720+07:00  [INF] Removing 0 device flow codes (171ba47d)
2020-10-08T11:21:04.2970966+07:00  [INF] Removing 0 grants (62cd9308)
2020-10-08T11:21:04.3318046+07:00  [INF] Removing 0 device flow codes (171ba47d)
2020-10-08T11:21:34.4454286+07:00  [INF] Removing 0 grants (62cd9308)
2020-10-08T11:21:34.5499207+07:00  [INF] Removing 0 device flow codes (171ba47d)
2020-10-08T11:22:04.6107612+07:00  [INF] Removing 0 grants (62cd9308)
2020-10-08T11:22:04.6602550+07:00  [INF] Removing 0 device flow codes (171ba47d)
2020-10-08T11:22:34.6826256+07:00  [INF] Removing 0 grants (62cd9308)
2020-10-08T11:22:34.6936145+07:00  [INF] Removing 0 device flow codes (171ba47d)
2020-10-08T11:23:04.7292500+07:00  [INF] Removing 0 grants (62cd9308)
2020-10-08T11:23:04.7506733+07:00  [INF] Removing 0 device flow codes (171ba47d)
2020-10-08T11:23:34.7848486+07:00  [INF] Removing 0 grants (62cd9308)
2020-10-08T11:23:34.8059846+07:00  [INF] Removing 0 device flow codes (171ba47d)
2020-10-08T11:24:04.8207398+07:00  [INF] Removing 0 grants (62cd9308)
2020-10-08T11:24:04.8279161+07:00  [INF] Removing 0 device flow codes (171ba47d)
2020-10-08T11:24:34.8811859+07:00  [INF] Removing 0 grants (62cd9308)
2020-10-08T11:24:34.8937086+07:00  [INF] Removing 0 device flow codes (171ba47d)
2020-10-08T11:43:44.2742001+07:00  [INF] Starting IdentityServer4 version "3.1.3.0" (8add0571)
2020-10-08T11:43:44.3227585+07:00  [INF] Using the default authentication scheme "Identity.Application" for IdentityServer (4a54f457)
2020-10-08T11:43:44.6655274+07:00  [INF] Application started. Press Ctrl+C to shut down. (dcaefe54)
2020-10-08T11:43:44.6715301+07:00  [INF] Hosting environment: "Development" (c3307c92)
2020-10-08T11:43:44.6896870+07:00  [INF] Content root path: "D:\CmsApp\CmsApp" (b5d60022)
2020-10-08T11:44:14.5328487+07:00  [INF] Removing 0 grants (62cd9308)
2020-10-08T11:44:14.5948319+07:00  [INF] Removing 0 device flow codes (171ba47d)
2020-10-08T11:44:44.6368286+07:00  [INF] Removing 0 grants (62cd9308)
2020-10-08T11:44:44.6609907+07:00  [INF] Removing 0 device flow codes (171ba47d)
2020-10-08T11:45:14.6933458+07:00  [INF] Removing 0 grants (62cd9308)
2020-10-08T11:45:14.7065028+07:00  [INF] Removing 0 device flow codes (171ba47d)
2020-10-08T11:45:28.3371128+07:00 8000005d-0001-f100-b63f-84710c7967bb [INF] Invoking IdentityServer endpoint: "IdentityServer4.Endpoints.DiscoveryEndpoint" for "/.well-known/openid-configuration" (f7642de5)
2020-10-08T11:45:29.1840278+07:00 8000004a-0000-f200-b63f-84710c7967bb [INF] Invoking IdentityServer endpoint: "IdentityServer4.Endpoints.DiscoveryKeyEndpoint" for "/.well-known/openid-configuration/jwks" (f7642de5)
2020-10-08T11:45:29.2327387+07:00 80000069-0002-f400-b63f-84710c7967bb [INF] Invoking IdentityServer endpoint: "IdentityServer4.Endpoints.TokenEndpoint" for "/connect/token" (f7642de5)
2020-10-08T11:45:30.1605007+07:00 80000069-0002-f400-b63f-84710c7967bb [INF] Credentials validated for username: "kreangkrai" (cb811aa7)
2020-10-08T11:45:30.2385705+07:00 80000069-0002-f400-b63f-84710c7967bb [INF] Token request validation success, TokenRequestValidationLog { ClientId: "quickapp_spa", ClientName: null, GrantType: "password", Scopes: "email offline_access openid phone profile quickapp_api roles", AuthorizationCode: null, RefreshToken: null, UserName: "kreangkrai", AuthenticationContextReferenceClasses: null, Tenant: null, IdP: null, Raw: [("username": "kreangkrai"), ("password": "***REDACTED***"), ("client_id": "quickapp_spa"), ("grant_type": "password"), ("scope": "openid email phone profile offline_access roles quickapp_api")] } (3a073258)
2020-10-08T11:45:44.7448186+07:00  [INF] Removing 0 grants (62cd9308)
2020-10-08T11:45:44.7593572+07:00  [INF] Removing 0 device flow codes (171ba47d)
2020-10-08T11:46:14.7961758+07:00  [INF] Removing 0 grants (62cd9308)
2020-10-08T11:46:14.8057179+07:00  [INF] Removing 0 device flow codes (171ba47d)
2020-10-08T13:47:09.6819016+07:00  [INF] Starting IdentityServer4 version "3.1.3.0" (8add0571)
2020-10-08T13:47:09.7968779+07:00  [INF] Using the default authentication scheme "Identity.Application" for IdentityServer (4a54f457)
2020-10-08T13:47:10.4168670+07:00  [INF] Application started. Press Ctrl+C to shut down. (dcaefe54)
2020-10-08T13:47:10.4197094+07:00  [INF] Hosting environment: "Development" (c3307c92)
2020-10-08T13:47:10.4231035+07:00  [INF] Content root path: "D:\CmsApp\CmsApp" (b5d60022)
2020-10-08T13:47:40.1786767+07:00  [INF] Removing 0 grants (62cd9308)
2020-10-08T13:47:40.2908406+07:00  [INF] Removing 0 device flow codes (171ba47d)
2020-10-08T13:48:10.3239785+07:00  [INF] Removing 0 grants (62cd9308)
2020-10-08T13:48:10.3338723+07:00  [INF] Removing 0 device flow codes (171ba47d)
2020-10-08T13:48:40.3595872+07:00  [INF] Removing 0 grants (62cd9308)
2020-10-08T13:48:40.3755742+07:00  [INF] Removing 0 device flow codes (171ba47d)
2020-10-08T13:49:10.4041982+07:00  [INF] Removing 0 grants (62cd9308)
2020-10-08T13:49:10.4166515+07:00  [INF] Removing 0 device flow codes (171ba47d)
2020-10-08T13:49:20.5754443+07:00 80000031-0003-fb00-b63f-84710c7967bb [INF] Invoking IdentityServer endpoint: "IdentityServer4.Endpoints.DiscoveryEndpoint" for "/.well-known/openid-configuration" (f7642de5)
2020-10-08T13:49:21.6740576+07:00 80000063-0001-f100-b63f-84710c7967bb [INF] Invoking IdentityServer endpoint: "IdentityServer4.Endpoints.DiscoveryKeyEndpoint" for "/.well-known/openid-configuration/jwks" (f7642de5)
2020-10-08T13:49:21.7476314+07:00 8000016f-0002-fe00-b63f-84710c7967bb [INF] Invoking IdentityServer endpoint: "IdentityServer4.Endpoints.TokenEndpoint" for "/connect/token" (f7642de5)
2020-10-08T13:49:22.8860428+07:00 8000016f-0002-fe00-b63f-84710c7967bb [INF] Credentials validated for username: "kreangkrai" (cb811aa7)
2020-10-08T13:49:22.9620359+07:00 8000016f-0002-fe00-b63f-84710c7967bb [INF] Token request validation success, TokenRequestValidationLog { ClientId: "quickapp_spa", ClientName: null, GrantType: "password", Scopes: "email offline_access openid phone profile quickapp_api roles", AuthorizationCode: null, RefreshToken: null, UserName: "kreangkrai", AuthenticationContextReferenceClasses: null, Tenant: null, IdP: null, Raw: [("username": "kreangkrai"), ("password": "***REDACTED***"), ("client_id": "quickapp_spa"), ("grant_type": "password"), ("scope": "openid email phone profile offline_access roles quickapp_api")] } (3a073258)
2020-10-08T13:53:57.9396241+07:00  [INF] Removing 0 grants (62cd9308)
2020-10-08T13:53:57.9654111+07:00  [INF] Removing 0 device flow codes (171ba47d)
2020-10-08T13:54:28.5233813+07:00  [INF] Removing 0 grants (62cd9308)
2020-10-08T13:54:28.5549086+07:00  [INF] Removing 0 device flow codes (171ba47d)
2020-10-08T13:54:59.3987813+07:00  [INF] Removing 0 grants (62cd9308)
2020-10-08T13:54:59.4136463+07:00  [INF] Removing 0 device flow codes (171ba47d)
2020-10-08T13:55:29.5254207+07:00  [INF] Removing 0 grants (62cd9308)
2020-10-08T13:55:29.5706718+07:00  [INF] Removing 0 device flow codes (171ba47d)
2020-10-08T14:26:41.9135233+07:00  [INF] Starting IdentityServer4 version "3.1.3.0" (8add0571)
2020-10-08T14:26:41.9674849+07:00  [INF] Using the default authentication scheme "Identity.Application" for IdentityServer (4a54f457)
2020-10-08T14:26:42.3320456+07:00  [INF] Application started. Press Ctrl+C to shut down. (dcaefe54)
2020-10-08T14:26:42.3456870+07:00  [INF] Hosting environment: "Development" (c3307c92)
2020-10-08T14:26:42.3914855+07:00  [INF] Content root path: "D:\CmsApp\CmsApp" (b5d60022)
2020-10-08T14:27:12.1284282+07:00  [INF] Removing 0 grants (62cd9308)
2020-10-08T14:27:12.1690054+07:00  [INF] Removing 0 device flow codes (171ba47d)
2020-10-08T14:27:15.7889155+07:00  [ERR] ERROR in src/app/services/auth.service.ts:243:32 - error TS2304: Cannot find name 'pat'.

243     console.log("patinet =>" + pat)
                                   ~~~

 (d584f3ad)
2020-10-08T14:27:42.2204166+07:00  [INF] Removing 0 grants (62cd9308)
2020-10-08T14:27:42.2418988+07:00  [INF] Removing 0 device flow codes (171ba47d)
2020-10-08T14:28:12.2661871+07:00  [INF] Removing 0 grants (62cd9308)
2020-10-08T14:28:12.2759978+07:00  [INF] Removing 0 device flow codes (171ba47d)
2020-10-08T14:28:42.3077455+07:00  [INF] Removing 0 grants (62cd9308)
2020-10-08T14:28:42.3367695+07:00  [INF] Removing 0 device flow codes (171ba47d)
2020-10-08T14:28:49.9624647+07:00  [ERR]     ERROR in src/app/services/auth.service.ts:243:32 - error TS2304: Cannot find name 'pat'.
    
    243     console.log("patinet =>" + pat)
                                       ~~~
    
 (ffa643ad)
2020-10-08T14:29:12.3609754+07:00  [INF] Removing 0 grants (62cd9308)
2020-10-08T14:29:12.3763700+07:00  [INF] Removing 0 device flow codes (171ba47d)
2020-10-08T14:29:33.9806675+07:00  [INF] Starting IdentityServer4 version "3.1.3.0" (8add0571)
2020-10-08T14:29:34.0327547+07:00  [INF] Using the default authentication scheme "Identity.Application" for IdentityServer (4a54f457)
2020-10-08T14:29:34.4272853+07:00  [INF] Application started. Press Ctrl+C to shut down. (dcaefe54)
2020-10-08T14:29:34.4297671+07:00  [INF] Hosting environment: "Development" (c3307c92)
2020-10-08T14:29:34.4325213+07:00  [INF] Content root path: "D:\CmsApp\CmsApp" (b5d60022)
2020-10-08T14:30:04.4168513+07:00  [INF] Removing 0 grants (62cd9308)
2020-10-08T14:30:04.4751049+07:00  [INF] Removing 0 device flow codes (171ba47d)
2020-10-08T14:30:34.5015754+07:00  [INF] Removing 0 grants (62cd9308)
2020-10-08T14:30:34.5094776+07:00  [INF] Removing 0 device flow codes (171ba47d)
2020-10-08T14:31:07.7937469+07:00  [INF] Removing 0 grants (62cd9308)
2020-10-08T14:31:07.9058783+07:00  [INF] Removing 0 device flow codes (171ba47d)
2020-10-08T14:38:58.4003376+07:00  [INF] Removing 0 grants (62cd9308)
2020-10-08T14:39:00.7020307+07:00  [INF] Removing 0 device flow codes (171ba47d)
2020-10-08T14:40:09.0514706+07:00  [INF] Removing 0 grants (62cd9308)
2020-10-08T14:40:09.0645436+07:00  [INF] Removing 0 device flow codes (171ba47d)
2020-10-08T14:41:05.5632252+07:00  [INF] Removing 0 grants (62cd9308)
2020-10-08T14:41:05.5738104+07:00  [INF] Removing 0 device flow codes (171ba47d)
2020-10-08T14:42:01.2064334+07:00  [INF] Removing 0 grants (62cd9308)
2020-10-08T14:42:01.2621737+07:00  [INF] Removing 0 device flow codes (171ba47d)
2020-10-08T14:43:10.1622616+07:00  [INF] Removing 0 grants (62cd9308)
2020-10-08T14:43:10.1746947+07:00  [INF] Removing 0 device flow codes (171ba47d)
2020-10-08T14:43:58.2777896+07:00  [INF] Removing 0 grants (62cd9308)
2020-10-08T14:43:58.2913132+07:00  [INF] Removing 0 device flow codes (171ba47d)
2020-10-08T14:45:00.4379266+07:00  [INF] Removing 0 grants (62cd9308)
2020-10-08T14:45:00.4586743+07:00  [INF] Removing 0 device flow codes (171ba47d)
2020-10-08T14:45:30.7710043+07:00  [INF] Removing 0 grants (62cd9308)
2020-10-08T14:45:30.7905012+07:00  [INF] Removing 0 device flow codes (171ba47d)
2020-10-08T14:46:04.8823803+07:00  [INF] Removing 0 grants (62cd9308)
2020-10-08T14:46:04.9860969+07:00  [INF] Removing 0 device flow codes (171ba47d)
2020-10-08T14:47:24.1675449+07:00  [INF] Removing 0 grants (62cd9308)
2020-10-08T14:47:24.2259876+07:00  [INF] Removing 0 device flow codes (171ba47d)
2020-10-08T14:50:30.1971079+07:00  [INF] Removing 0 grants (62cd9308)
2020-10-08T14:50:30.2204053+07:00  [INF] Removing 0 device flow codes (171ba47d)
2020-10-08T14:51:02.8833012+07:00  [INF] Removing 0 grants (62cd9308)
2020-10-08T14:51:02.9048102+07:00  [INF] Removing 0 device flow codes (171ba47d)
2020-10-08T14:51:37.7751518+07:00  [INF] Removing 0 grants (62cd9308)
2020-10-08T14:51:37.8250291+07:00  [INF] Removing 0 device flow codes (171ba47d)
2020-10-08T14:52:08.1402267+07:00  [INF] Removing 0 grants (62cd9308)
2020-10-08T14:52:08.1556249+07:00  [INF] Removing 0 device flow codes (171ba47d)
2020-10-08T14:52:42.0788759+07:00  [INF] Removing 0 grants (62cd9308)
2020-10-08T14:52:42.2353040+07:00  [INF] Removing 0 device flow codes (171ba47d)
2020-10-08T14:53:15.1566896+07:00  [INF] Removing 0 grants (62cd9308)
2020-10-08T14:53:15.1742114+07:00  [INF] Removing 0 device flow codes (171ba47d)
2020-10-08T14:53:46.1361398+07:00  [INF] Removing 0 grants (62cd9308)
2020-10-08T14:53:46.1745196+07:00  [INF] Removing 0 device flow codes (171ba47d)
2020-10-08T14:54:16.4316928+07:00  [INF] Removing 0 grants (62cd9308)
2020-10-08T14:54:17.9644651+07:00  [INF] Removing 0 device flow codes (171ba47d)
2020-10-08T14:54:50.2421093+07:00  [INF] Removing 0 grants (62cd9308)
2020-10-08T14:54:59.2909078+07:00  [INF] Removing 0 device flow codes (171ba47d)
2020-10-08T14:55:31.7100604+07:00  [INF] Removing 0 grants (62cd9308)
2020-10-08T14:55:31.7175328+07:00  [INF] Removing 0 device flow codes (171ba47d)
2020-10-08T14:56:03.0041130+07:00  [INF] Removing 0 grants (62cd9308)
2020-10-08T14:56:03.0116319+07:00  [INF] Removing 0 device flow codes (171ba47d)
2020-10-08T14:56:33.4418475+07:00  [INF] Removing 0 grants (62cd9308)
2020-10-08T14:56:33.4530038+07:00  [INF] Removing 0 device flow codes (171ba47d)
2020-10-08T14:57:05.0084382+07:00  [INF] Removing 0 grants (62cd9308)
2020-10-08T14:57:05.5158886+07:00  [INF] Removing 0 device flow codes (171ba47d)
2020-10-08T14:57:35.5546450+07:00  [INF] Removing 0 grants (62cd9308)
2020-10-08T14:57:35.5621806+07:00  [INF] Removing 0 device flow codes (171ba47d)
2020-10-08T14:58:05.5920257+07:00  [INF] Removing 0 grants (62cd9308)
2020-10-08T14:58:05.6014796+07:00  [INF] Removing 0 device flow codes (171ba47d)
2020-10-08T14:58:36.8049859+07:00  [INF] Removing 0 grants (62cd9308)
2020-10-08T14:58:36.8158819+07:00  [INF] Removing 0 device flow codes (171ba47d)
2020-10-08T14:58:49.7261648+07:00 80000099-0000-f200-b63f-84710c7967bb [INF] Invoking IdentityServer endpoint: "IdentityServer4.Endpoints.DiscoveryEndpoint" for "/.well-known/openid-configuration" (f7642de5)
2020-10-08T14:59:23.1683148+07:00  [INF] Removing 0 grants (62cd9308)
2020-10-08T14:59:23.3745105+07:00  [INF] Removing 0 device flow codes (171ba47d)
2020-10-08T14:59:25.3531118+07:00 800001aa-0002-fe00-b63f-84710c7967bb [INF] Invoking IdentityServer endpoint: "IdentityServer4.Endpoints.DiscoveryKeyEndpoint" for "/.well-known/openid-configuration/jwks" (f7642de5)
2020-10-08T14:59:25.5725498+07:00 8000006f-0001-f500-b63f-84710c7967bb [INF] Invoking IdentityServer endpoint: "IdentityServer4.Endpoints.TokenEndpoint" for "/connect/token" (f7642de5)
2020-10-08T14:59:29.1997066+07:00 8000006f-0001-f500-b63f-84710c7967bb [INF] Credentials validated for username: "kreangkrai" (cb811aa7)
2020-10-08T14:59:29.5155260+07:00 8000006f-0001-f500-b63f-84710c7967bb [INF] Token request validation success, TokenRequestValidationLog { ClientId: "quickapp_spa", ClientName: null, GrantType: "password", Scopes: "email offline_access openid phone profile quickapp_api roles", AuthorizationCode: null, RefreshToken: null, UserName: "kreangkrai", AuthenticationContextReferenceClasses: null, Tenant: null, IdP: null, Raw: [("username": "kreangkrai"), ("password": "***REDACTED***"), ("client_id": "quickapp_spa"), ("grant_type": "password"), ("scope": "openid email phone profile offline_access roles quickapp_api")] } (3a073258)
2020-10-08T14:59:54.2631515+07:00  [INF] Removing 0 grants (62cd9308)
2020-10-08T14:59:54.2730247+07:00  [INF] Removing 0 device flow codes (171ba47d)
2020-10-08T15:00:43.1974998+07:00  [INF] Removing 0 grants (62cd9308)
2020-10-08T15:00:43.2212941+07:00  [INF] Removing 0 device flow codes (171ba47d)
2020-10-08T15:41:43.2237166+07:00  [INF] Starting IdentityServer4 version "3.1.3.0" (8add0571)
2020-10-08T15:41:43.2880038+07:00  [INF] Using the default authentication scheme "Identity.Application" for IdentityServer (4a54f457)
2020-10-08T15:41:43.7678158+07:00  [INF] Application started. Press Ctrl+C to shut down. (dcaefe54)
2020-10-08T15:41:43.7910460+07:00  [INF] Hosting environment: "Development" (c3307c92)
2020-10-08T15:41:43.8122796+07:00  [INF] Content root path: "D:\CmsApp\CmsApp" (b5d60022)
2020-10-08T15:42:13.4101274+07:00  [INF] Removing 0 grants (62cd9308)
2020-10-08T15:42:13.4629937+07:00  [INF] Removing 0 device flow codes (171ba47d)
2020-10-08T15:42:43.5349903+07:00  [INF] Removing 0 grants (62cd9308)
2020-10-08T15:42:43.5745009+07:00  [INF] Removing 0 device flow codes (171ba47d)
2020-10-08T15:43:13.6132381+07:00  [INF] Removing 0 grants (62cd9308)
2020-10-08T15:43:13.6285830+07:00  [INF] Removing 0 device flow codes (171ba47d)
2020-10-08T15:43:43.6648510+07:00  [INF] Removing 0 grants (62cd9308)
2020-10-08T15:43:43.6791223+07:00  [INF] Removing 0 device flow codes (171ba47d)
2020-10-08T15:44:13.7167590+07:00  [INF] Removing 0 grants (62cd9308)
2020-10-08T15:44:13.7625123+07:00  [INF] Removing 0 device flow codes (171ba47d)
2020-10-08T15:44:43.7960424+07:00  [INF] Removing 0 grants (62cd9308)
2020-10-08T15:44:43.8355181+07:00  [INF] Removing 0 device flow codes (171ba47d)
2020-10-08T15:45:13.8770686+07:00  [INF] Removing 0 grants (62cd9308)
2020-10-08T15:45:13.9039377+07:00  [INF] Removing 0 device flow codes (171ba47d)
2020-10-08T15:45:43.9172497+07:00  [INF] Removing 0 grants (62cd9308)
2020-10-08T15:45:43.9394075+07:00  [INF] Removing 0 device flow codes (171ba47d)
2020-10-08T15:46:13.9536828+07:00  [INF] Removing 0 grants (62cd9308)
2020-10-08T15:46:13.9651154+07:00  [INF] Removing 0 device flow codes (171ba47d)
2020-10-08T15:46:43.9859079+07:00  [INF] Removing 0 grants (62cd9308)
2020-10-08T15:46:43.9954923+07:00  [INF] Removing 0 device flow codes (171ba47d)
2020-10-08T15:47:14.3074363+07:00  [INF] Removing 0 grants (62cd9308)
2020-10-08T15:47:14.3720825+07:00  [INF] Removing 0 device flow codes (171ba47d)
2020-10-08T15:47:44.4287560+07:00  [INF] Removing 0 grants (62cd9308)
2020-10-08T15:47:44.4533102+07:00  [INF] Removing 0 device flow codes (171ba47d)
2020-10-08T15:48:14.4848518+07:00  [INF] Removing 0 grants (62cd9308)
2020-10-08T15:48:14.4977881+07:00  [INF] Removing 0 device flow codes (171ba47d)
2020-10-08T15:48:22.5021101+07:00 80000008-0000-f000-b63f-84710c7967bb [INF] Invoking IdentityServer endpoint: "IdentityServer4.Endpoints.DiscoveryEndpoint" for "/.well-known/openid-configuration" (f7642de5)
2020-10-08T15:48:25.7230704+07:00 80000176-0001-f100-b63f-84710c7967bb [INF] Invoking IdentityServer endpoint: "IdentityServer4.Endpoints.DiscoveryKeyEndpoint" for "/.well-known/openid-configuration/jwks" (f7642de5)
2020-10-08T15:48:25.8571937+07:00 8000000a-0000-f000-b63f-84710c7967bb [INF] Invoking IdentityServer endpoint: "IdentityServer4.Endpoints.TokenEndpoint" for "/connect/token" (f7642de5)
2020-10-08T15:48:28.3075934+07:00 8000000a-0000-f000-b63f-84710c7967bb [INF] Credentials validated for username: "kreangkrai" (cb811aa7)
2020-10-08T15:48:28.6427560+07:00 8000000a-0000-f000-b63f-84710c7967bb [INF] Token request validation success, TokenRequestValidationLog { ClientId: "quickapp_spa", ClientName: null, GrantType: "password", Scopes: "email offline_access openid phone profile quickapp_api roles", AuthorizationCode: null, RefreshToken: null, UserName: "kreangkrai", AuthenticationContextReferenceClasses: null, Tenant: null, IdP: null, Raw: [("username": "kreangkrai"), ("password": "***REDACTED***"), ("client_id": "quickapp_spa"), ("grant_type": "password"), ("scope": "openid email phone profile offline_access roles quickapp_api")] } (3a073258)
2020-10-08T15:48:42.7061431+07:00 80000056-0001-f300-b63f-84710c7967bb [INF] Invoking IdentityServer endpoint: "IdentityServer4.Endpoints.DiscoveryEndpoint" for "/.well-known/openid-configuration" (f7642de5)
2020-10-08T15:48:42.8825295+07:00 80000057-0001-f300-b63f-84710c7967bb [INF] Invoking IdentityServer endpoint: "IdentityServer4.Endpoints.DiscoveryKeyEndpoint" for "/.well-known/openid-configuration/jwks" (f7642de5)
2020-10-08T15:48:44.5316998+07:00  [INF] Removing 0 grants (62cd9308)
2020-10-08T15:48:44.5505071+07:00  [INF] Removing 0 device flow codes (171ba47d)
2020-10-08T15:49:14.5868090+07:00  [INF] Removing 0 grants (62cd9308)
2020-10-08T15:49:14.6122127+07:00  [INF] Removing 0 device flow codes (171ba47d)
2020-10-08T15:49:44.6502951+07:00  [INF] Removing 0 grants (62cd9308)
2020-10-08T15:49:44.6723194+07:00  [INF] Removing 0 device flow codes (171ba47d)
2020-10-08T15:50:14.7202954+07:00  [INF] Removing 0 grants (62cd9308)
2020-10-08T15:50:14.7297236+07:00  [INF] Removing 0 device flow codes (171ba47d)
2020-10-08T15:50:44.7727042+07:00  [INF] Removing 0 grants (62cd9308)
2020-10-08T15:50:44.7819354+07:00  [INF] Removing 0 device flow codes (171ba47d)
2020-10-08T15:51:14.7978522+07:00  [INF] Removing 0 grants (62cd9308)
2020-10-08T15:51:14.8188701+07:00  [INF] Removing 0 device flow codes (171ba47d)
2020-10-08T15:51:44.8549435+07:00  [INF] Removing 0 grants (62cd9308)
2020-10-08T15:51:44.8774043+07:00  [INF] Removing 0 device flow codes (171ba47d)
2020-10-08T15:52:14.9023900+07:00  [INF] Removing 0 grants (62cd9308)
2020-10-08T15:52:14.9152001+07:00  [INF] Removing 0 device flow codes (171ba47d)
2020-10-08T15:52:44.9513002+07:00  [INF] Removing 0 grants (62cd9308)
2020-10-08T15:52:44.9886507+07:00  [INF] Removing 0 device flow codes (171ba47d)
2020-10-08T15:53:15.0129028+07:00  [INF] Removing 0 grants (62cd9308)
2020-10-08T15:53:15.0201782+07:00  [INF] Removing 0 device flow codes (171ba47d)
2020-10-08T15:53:45.0398883+07:00  [INF] Removing 0 grants (62cd9308)
2020-10-08T15:53:45.0499911+07:00  [INF] Removing 0 device flow codes (171ba47d)
2020-10-08T15:54:15.0609721+07:00  [INF] Removing 0 grants (62cd9308)
2020-10-08T15:54:15.0693837+07:00  [INF] Removing 0 device flow codes (171ba47d)
2020-10-08T15:54:45.1048370+07:00  [INF] Removing 0 grants (62cd9308)
2020-10-08T15:54:45.1254781+07:00  [INF] Removing 0 device flow codes (171ba47d)
2020-10-08T15:55:15.1580348+07:00  [INF] Removing 0 grants (62cd9308)
2020-10-08T15:55:15.1780864+07:00  [INF] Removing 0 device flow codes (171ba47d)
2020-10-08T15:55:45.2252977+07:00  [INF] Removing 0 grants (62cd9308)
2020-10-08T15:55:45.2323839+07:00  [INF] Removing 0 device flow codes (171ba47d)
2020-10-08T15:56:15.2473261+07:00  [INF] Removing 0 grants (62cd9308)
2020-10-08T15:56:15.2561220+07:00  [INF] Removing 0 device flow codes (171ba47d)
2020-10-08T15:56:45.2716837+07:00  [INF] Removing 0 grants (62cd9308)
2020-10-08T15:56:45.2830201+07:00  [INF] Removing 0 device flow codes (171ba47d)
2020-10-08T15:57:15.3158994+07:00  [INF] Removing 0 grants (62cd9308)
2020-10-08T15:57:15.3255298+07:00  [INF] Removing 0 device flow codes (171ba47d)
2020-10-08T15:57:45.3629577+07:00  [INF] Removing 0 grants (62cd9308)
2020-10-08T15:57:45.3708043+07:00  [INF] Removing 0 device flow codes (171ba47d)
2020-10-08T15:58:15.3889742+07:00  [INF] Removing 0 grants (62cd9308)
2020-10-08T15:58:15.4245610+07:00  [INF] Removing 0 device flow codes (171ba47d)
2020-10-08T15:58:45.4708173+07:00  [INF] Removing 0 grants (62cd9308)
2020-10-08T15:58:45.4794544+07:00  [INF] Removing 0 device flow codes (171ba47d)
2020-10-08T15:59:15.4953414+07:00  [INF] Removing 0 grants (62cd9308)
2020-10-08T15:59:15.5029913+07:00  [INF] Removing 0 device flow codes (171ba47d)
2020-10-08T15:59:45.5226221+07:00  [INF] Removing 0 grants (62cd9308)
2020-10-08T15:59:45.5310644+07:00  [INF] Removing 0 device flow codes (171ba47d)
2020-10-08T16:00:15.5621614+07:00  [INF] Removing 0 grants (62cd9308)
2020-10-08T16:00:15.5696740+07:00  [INF] Removing 0 device flow codes (171ba47d)
2020-10-08T16:00:45.6085152+07:00  [INF] Removing 0 grants (62cd9308)
2020-10-08T16:00:45.6169997+07:00  [INF] Removing 0 device flow codes (171ba47d)
2020-10-08T16:01:15.6342792+07:00  [INF] Removing 0 grants (62cd9308)
2020-10-08T16:01:15.6416348+07:00  [INF] Removing 0 device flow codes (171ba47d)
2020-10-08T16:01:45.6631669+07:00  [INF] Removing 0 grants (62cd9308)
2020-10-08T16:01:45.6711169+07:00  [INF] Removing 0 device flow codes (171ba47d)
2020-10-08T16:02:15.6919859+07:00  [INF] Removing 0 grants (62cd9308)
2020-10-08T16:02:15.7007155+07:00  [INF] Removing 0 device flow codes (171ba47d)
2020-10-08T16:02:45.7611314+07:00  [INF] Removing 0 grants (62cd9308)
2020-10-08T16:02:45.7692323+07:00  [INF] Removing 0 device flow codes (171ba47d)
2020-10-08T16:03:15.7944671+07:00  [INF] Removing 0 grants (62cd9308)
2020-10-08T16:03:15.8188929+07:00  [INF] Removing 0 device flow codes (171ba47d)
2020-10-08T16:03:45.8709128+07:00  [INF] Removing 0 grants (62cd9308)
2020-10-08T16:03:45.8784319+07:00  [INF] Removing 0 device flow codes (171ba47d)
2020-10-08T16:04:15.8965569+07:00  [INF] Removing 0 grants (62cd9308)
2020-10-08T16:04:15.9175493+07:00  [INF] Removing 0 device flow codes (171ba47d)
2020-10-08T16:04:45.9718022+07:00  [INF] Removing 0 grants (62cd9308)
2020-10-08T16:04:45.9977418+07:00  [INF] Removing 0 device flow codes (171ba47d)
2020-10-08T16:05:16.0449649+07:00  [INF] Removing 0 grants (62cd9308)
2020-10-08T16:05:16.0692220+07:00  [INF] Removing 0 device flow codes (171ba47d)
2020-10-08T16:05:46.0943867+07:00  [INF] Removing 0 grants (62cd9308)
2020-10-08T16:05:46.1033371+07:00  [INF] Removing 0 device flow codes (171ba47d)
2020-10-08T16:06:16.1241517+07:00  [INF] Removing 0 grants (62cd9308)
2020-10-08T16:06:16.1330038+07:00  [INF] Removing 0 device flow codes (171ba47d)
2020-10-08T16:06:46.1944590+07:00  [INF] Removing 0 grants (62cd9308)
2020-10-08T16:06:46.2033048+07:00  [INF] Removing 0 device flow codes (171ba47d)
2020-10-08T16:07:16.2218009+07:00  [INF] Removing 0 grants (62cd9308)
2020-10-08T16:07:16.2317899+07:00  [INF] Removing 0 device flow codes (171ba47d)
2020-10-08T16:07:46.2812974+07:00  [INF] Removing 0 grants (62cd9308)
2020-10-08T16:07:46.3028563+07:00  [INF] Removing 0 device flow codes (171ba47d)
2020-10-08T16:08:16.3241386+07:00  [INF] Removing 0 grants (62cd9308)
2020-10-08T16:08:16.3324822+07:00  [INF] Removing 0 device flow codes (171ba47d)
2020-10-08T16:08:46.3449634+07:00  [INF] Removing 0 grants (62cd9308)
2020-10-08T16:08:46.3536908+07:00  [INF] Removing 0 device flow codes (171ba47d)
2020-10-08T16:09:16.3679218+07:00  [INF] Removing 0 grants (62cd9308)
2020-10-08T16:09:16.3775564+07:00  [INF] Removing 0 device flow codes (171ba47d)
2020-10-08T16:09:46.3994535+07:00  [INF] Removing 0 grants (62cd9308)
2020-10-08T16:09:46.4080866+07:00  [INF] Removing 0 device flow codes (171ba47d)
2020-10-08T16:10:16.4535811+07:00  [INF] Removing 0 grants (62cd9308)
2020-10-08T16:10:16.4626735+07:00  [INF] Removing 0 device flow codes (171ba47d)
2020-10-08T16:10:46.4843514+07:00  [INF] Removing 0 grants (62cd9308)
2020-10-08T16:10:46.4939515+07:00  [INF] Removing 0 device flow codes (171ba47d)
2020-10-08T16:11:16.5127222+07:00  [INF] Removing 0 grants (62cd9308)
2020-10-08T16:11:16.5248117+07:00  [INF] Removing 0 device flow codes (171ba47d)
2020-10-08T16:11:46.5434573+07:00  [INF] Removing 0 grants (62cd9308)
2020-10-08T16:11:46.5603312+07:00  [INF] Removing 0 device flow codes (171ba47d)
2020-10-08T16:12:16.6008674+07:00  [INF] Removing 0 grants (62cd9308)
2020-10-08T16:12:16.6136660+07:00  [INF] Removing 0 device flow codes (171ba47d)
2020-10-08T16:12:46.6366629+07:00  [INF] Removing 0 grants (62cd9308)
2020-10-08T16:12:46.6446113+07:00  [INF] Removing 0 device flow codes (171ba47d)
2020-10-08T16:13:16.6701449+07:00  [INF] Removing 0 grants (62cd9308)
2020-10-08T16:13:16.6778613+07:00  [INF] Removing 0 device flow codes (171ba47d)
2020-10-08T16:13:46.7576424+07:00  [INF] Removing 0 grants (62cd9308)
2020-10-08T16:13:46.7802636+07:00  [INF] Removing 0 device flow codes (171ba47d)
2020-10-08T16:14:16.8089692+07:00  [INF] Removing 0 grants (62cd9308)
2020-10-08T16:14:16.8299554+07:00  [INF] Removing 0 device flow codes (171ba47d)
2020-10-08T16:14:46.8468540+07:00  [INF] Removing 0 grants (62cd9308)
2020-10-08T16:14:46.8552700+07:00  [INF] Removing 0 device flow codes (171ba47d)
2020-10-08T16:15:16.8951292+07:00  [INF] Removing 0 grants (62cd9308)
2020-10-08T16:15:16.9032117+07:00  [INF] Removing 0 device flow codes (171ba47d)
2020-10-08T16:15:46.9224127+07:00  [INF] Removing 0 grants (62cd9308)
2020-10-08T16:15:46.9438300+07:00  [INF] Removing 0 device flow codes (171ba47d)
2020-10-08T16:16:16.9784937+07:00  [INF] Removing 0 grants (62cd9308)
2020-10-08T16:16:16.9865674+07:00  [INF] Removing 0 device flow codes (171ba47d)
2020-10-08T16:16:47.0191261+07:00  [INF] Removing 0 grants (62cd9308)
2020-10-08T16:16:47.0405286+07:00  [INF] Removing 0 device flow codes (171ba47d)
2020-10-08T16:17:17.0773675+07:00  [INF] Removing 0 grants (62cd9308)
2020-10-08T16:17:17.0877487+07:00  [INF] Removing 0 device flow codes (171ba47d)
2020-10-08T16:17:47.1256032+07:00  [INF] Removing 0 grants (62cd9308)
2020-10-08T16:17:47.1628441+07:00  [INF] Removing 0 device flow codes (171ba47d)
2020-10-08T16:18:17.1931168+07:00  [INF] Removing 0 grants (62cd9308)
2020-10-08T16:18:17.2148712+07:00  [INF] Removing 0 device flow codes (171ba47d)
2020-10-08T16:18:47.2317504+07:00  [INF] Removing 0 grants (62cd9308)
2020-10-08T16:18:47.2537379+07:00  [INF] Removing 0 device flow codes (171ba47d)
2020-10-08T16:19:17.2733782+07:00  [INF] Removing 0 grants (62cd9308)
2020-10-08T16:19:17.2810475+07:00  [INF] Removing 0 device flow codes (171ba47d)
2020-10-08T16:19:47.3221000+07:00  [INF] Removing 0 grants (62cd9308)
2020-10-08T16:19:47.3583919+07:00  [INF] Removing 0 device flow codes (171ba47d)
2020-10-08T16:20:17.3742153+07:00  [INF] Removing 0 grants (62cd9308)
2020-10-08T16:20:17.4031716+07:00  [INF] Removing 0 device flow codes (171ba47d)
2020-10-08T16:20:47.4415854+07:00  [INF] Removing 0 grants (62cd9308)
2020-10-08T16:20:47.4644958+07:00  [INF] Removing 0 device flow codes (171ba47d)
2020-10-08T16:21:17.4893457+07:00  [INF] Removing 0 grants (62cd9308)
2020-10-08T16:21:17.5112125+07:00  [INF] Removing 0 device flow codes (171ba47d)
2020-10-08T16:21:47.5621928+07:00  [INF] Removing 0 grants (62cd9308)
2020-10-08T16:21:47.5701803+07:00  [INF] Removing 0 device flow codes (171ba47d)
2020-10-08T16:22:17.5996727+07:00  [INF] Removing 0 grants (62cd9308)
2020-10-08T16:22:17.6092296+07:00  [INF] Removing 0 device flow codes (171ba47d)
2020-10-08T16:22:21.2000630+07:00  [ERR]     ERROR in src/app/components/controls/user-info.component.html:28:45 - error TS2551: Property 'username' does not exist on type 'User'. Did you mean 'userName'?
    
    28         <p class="form-control-plaintext">{user.username}</p>
                                                   ~~~~~~~~~~~~~
    
      src/app/components/controls/user-info.component.ts:17:16
        17   templateUrl: './user-info.component.html',
                          ~~~~~~~~~~~~~~~~~~~~~~~~~~~~
        Error occurs in the template of component UserInfoComponent.
    
    
 (eca68947)
2020-10-08T16:22:21.2069539+07:00  [ERR]     ERROR in src/app/components/controls/user-info.component.html:28:63 - error TS2339: Property 'patient' does not exist on type 'UserInfoComponent'.
    
    28         <p class="form-control-plaintext">{user.jobTitle} {patient.patientIDcard}</p>
                                                                     ~~~~~~~
    
      src/app/components/controls/user-info.component.ts:17:16
        17   templateUrl: './user-info.component.html',
                          ~~~~~~~~~~~~~~~~~~~~~~~~~~~~
        Error occurs in the template of component UserInfoComponent.
    
 (e6e16d85)
2020-10-08T16:22:47.6229140+07:00  [INF] Removing 0 grants (62cd9308)
2020-10-08T16:22:47.6286195+07:00  [INF] Removing 0 device flow codes (171ba47d)
2020-10-08T16:23:17.6603128+07:00  [INF] Removing 0 grants (62cd9308)
2020-10-08T16:23:17.6769356+07:00  [INF] Removing 0 device flow codes (171ba47d)
2020-10-08T16:24:55.8987126+07:00  [INF] Starting IdentityServer4 version "3.1.3.0" (8add0571)
2020-10-08T16:24:55.9436620+07:00  [INF] Using the default authentication scheme "Identity.Application" for IdentityServer (4a54f457)
2020-10-08T16:24:56.3106625+07:00  [INF] Application started. Press Ctrl+C to shut down. (dcaefe54)
2020-10-08T16:24:56.3363223+07:00  [INF] Hosting environment: "Development" (c3307c92)
2020-10-08T16:24:56.3418322+07:00  [INF] Content root path: "D:\CmsApp\CmsApp" (b5d60022)
2020-10-08T16:25:26.1530148+07:00  [INF] Removing 0 grants (62cd9308)
2020-10-08T16:25:26.2209196+07:00  [INF] Removing 0 device flow codes (171ba47d)
2020-10-08T16:25:56.2516560+07:00  [INF] Removing 0 grants (62cd9308)
2020-10-08T16:25:56.2900298+07:00  [INF] Removing 0 device flow codes (171ba47d)
2020-10-08T16:26:03.9216418+07:00 8000019f-0001-f100-b63f-84710c7967bb [INF] Invoking IdentityServer endpoint: "IdentityServer4.Endpoints.DiscoveryEndpoint" for "/.well-known/openid-configuration" (f7642de5)
2020-10-08T16:26:04.7331431+07:00 80000041-0003-fb00-b63f-84710c7967bb [INF] Invoking IdentityServer endpoint: "IdentityServer4.Endpoints.DiscoveryKeyEndpoint" for "/.well-known/openid-configuration/jwks" (f7642de5)
2020-10-08T16:26:04.8320231+07:00 8000003b-0002-f900-b63f-84710c7967bb [INF] Invoking IdentityServer endpoint: "IdentityServer4.Endpoints.TokenEndpoint" for "/connect/token" (f7642de5)
2020-10-08T16:26:05.7996604+07:00 8000003b-0002-f900-b63f-84710c7967bb [INF] Credentials validated for username: "kreangkrai" (cb811aa7)
2020-10-08T16:26:05.8745527+07:00 8000003b-0002-f900-b63f-84710c7967bb [INF] Token request validation success, TokenRequestValidationLog { ClientId: "quickapp_spa", ClientName: null, GrantType: "password", Scopes: "email offline_access openid phone profile quickapp_api roles", AuthorizationCode: null, RefreshToken: null, UserName: "kreangkrai", AuthenticationContextReferenceClasses: null, Tenant: null, IdP: null, Raw: [("username": "kreangkrai"), ("password": "***REDACTED***"), ("client_id": "quickapp_spa"), ("grant_type": "password"), ("scope": "openid email phone profile offline_access roles quickapp_api")] } (3a073258)
2020-10-08T16:26:20.4960990+07:00 8000008b-0001-f200-b63f-84710c7967bb [INF] Invoking IdentityServer endpoint: "IdentityServer4.Endpoints.DiscoveryEndpoint" for "/.well-known/openid-configuration" (f7642de5)
2020-10-08T16:26:20.5835159+07:00 8000008c-0001-f200-b63f-84710c7967bb [INF] Invoking IdentityServer endpoint: "IdentityServer4.Endpoints.DiscoveryKeyEndpoint" for "/.well-known/openid-configuration/jwks" (f7642de5)
2020-10-08T16:26:26.3253708+07:00  [INF] Removing 0 grants (62cd9308)
2020-10-08T16:26:26.3403023+07:00  [INF] Removing 0 device flow codes (171ba47d)
2020-10-08T16:26:56.3661657+07:00  [INF] Removing 0 grants (62cd9308)
2020-10-08T16:26:56.3781184+07:00  [INF] Removing 0 device flow codes (171ba47d)
2020-10-08T16:27:26.4124142+07:00  [INF] Removing 0 grants (62cd9308)
2020-10-08T16:27:26.4325422+07:00  [INF] Removing 0 device flow codes (171ba47d)
2020-10-08T16:27:56.4601072+07:00  [INF] Removing 0 grants (62cd9308)
2020-10-08T16:27:56.4875810+07:00  [INF] Removing 0 device flow codes (171ba47d)
2020-10-08T16:28:26.5047434+07:00  [INF] Removing 0 grants (62cd9308)
2020-10-08T16:28:26.5283322+07:00  [INF] Removing 0 device flow codes (171ba47d)
2020-10-08T16:28:56.5694597+07:00  [INF] Removing 0 grants (62cd9308)
2020-10-08T16:28:56.5813393+07:00  [INF] Removing 0 device flow codes (171ba47d)
2020-10-08T16:29:26.6087194+07:00  [INF] Removing 0 grants (62cd9308)
2020-10-08T16:29:26.6307209+07:00  [INF] Removing 0 device flow codes (171ba47d)
