2020-07-29T09:19:50.2213620+07:00  [INF] Starting IdentityServer4 version "3.1.3.0" (8add0571)
2020-07-29T09:19:50.2891714+07:00  [INF] Using the default authentication scheme "Identity.Application" for IdentityServer (4a54f457)
2020-07-29T09:19:50.9039271+07:00  [INF] Now listening on: "https://localhost:5001" (d826f4b8)
2020-07-29T09:19:50.9039836+07:00  [INF] Now listening on: "http://localhost:5000" (d826f4b8)
2020-07-29T09:19:50.9045223+07:00  [INF] Application started. Press Ctrl+C to shut down. (dcaefe54)
2020-07-29T09:19:50.9045659+07:00  [INF] Hosting environment: "Development" (c3307c92)
2020-07-29T09:19:50.9046260+07:00  [INF] Content root path: "D:\QucikApp\QuickApp.Standard\QuickApp" (b5d60022)
2020-07-29T09:20:21.3493985+07:00  [INF] Removing 0 grants (62cd9308)
2020-07-29T09:20:21.5965499+07:00  [INF] Removing 0 device flow codes (171ba47d)
2020-07-29T09:20:51.6340078+07:00  [INF] Removing 0 grants (62cd9308)
2020-07-29T09:20:51.6369368+07:00  [INF] Removing 0 device flow codes (171ba47d)
2020-07-29T09:21:21.6613861+07:00  [INF] Removing 0 grants (62cd9308)
2020-07-29T09:21:21.6703862+07:00  [INF] Removing 0 device flow codes (171ba47d)
2020-07-29T09:21:51.7207685+07:00  [INF] Removing 0 grants (62cd9308)
2020-07-29T09:21:51.7257421+07:00  [INF] Removing 0 device flow codes (171ba47d)
2020-07-29T09:22:21.7469715+07:00  [INF] Removing 0 grants (62cd9308)
2020-07-29T09:22:21.7496572+07:00  [INF] Removing 0 device flow codes (171ba47d)
2020-07-29T09:22:51.7909197+07:00  [INF] Removing 0 grants (62cd9308)
2020-07-29T09:22:51.7974544+07:00  [INF] Removing 0 device flow codes (171ba47d)
2020-07-29T09:23:21.8187123+07:00  [INF] Removing 0 grants (62cd9308)
2020-07-29T09:23:21.8230443+07:00  [INF] Removing 0 device flow codes (171ba47d)
2020-07-29T09:23:51.8450500+07:00  [INF] Removing 0 grants (62cd9308)
2020-07-29T09:23:51.8505182+07:00  [INF] Removing 0 device flow codes (171ba47d)
2020-07-29T09:24:21.8571979+07:00  [INF] Removing 0 grants (62cd9308)
2020-07-29T09:24:21.8604660+07:00  [INF] Removing 0 device flow codes (171ba47d)
2020-07-29T09:24:51.8730977+07:00  [INF] Removing 0 grants (62cd9308)
2020-07-29T09:24:51.8760654+07:00  [INF] Removing 0 device flow codes (171ba47d)
2020-07-29T09:25:21.8899561+07:00  [INF] Removing 0 grants (62cd9308)
2020-07-29T09:25:21.8937726+07:00  [INF] Removing 0 device flow codes (171ba47d)
2020-07-29T09:25:51.9070113+07:00  [INF] Removing 0 grants (62cd9308)
2020-07-29T09:25:51.9105399+07:00  [INF] Removing 0 device flow codes (171ba47d)
2020-07-29T09:26:21.9215198+07:00  [INF] Removing 0 grants (62cd9308)
2020-07-29T09:26:21.9246696+07:00  [INF] Removing 0 device flow codes (171ba47d)
2020-07-29T09:26:51.9384671+07:00  [INF] Removing 0 grants (62cd9308)
2020-07-29T09:26:51.9410039+07:00  [INF] Removing 0 device flow codes (171ba47d)
2020-07-29T09:27:21.9551995+07:00  [INF] Removing 0 grants (62cd9308)
2020-07-29T09:27:21.9581478+07:00  [INF] Removing 0 device flow codes (171ba47d)
2020-07-29T09:27:40.7372381+07:00 0HM1JCNVTC4ST:00000085 [INF] Invoking IdentityServer endpoint: "IdentityServer4.Endpoints.DiscoveryEndpoint" for "/.well-known/openid-configuration" (f7642de5)
2020-07-29T09:27:42.7178578+07:00 0HM1JCNVTC4ST:00000087 [INF] Invoking IdentityServer endpoint: "IdentityServer4.Endpoints.DiscoveryKeyEndpoint" for "/.well-known/openid-configuration/jwks" (f7642de5)
2020-07-29T09:27:42.8228298+07:00 0HM1JCNVTC4ST:00000089 [INF] Invoking IdentityServer endpoint: "IdentityServer4.Endpoints.TokenEndpoint" for "/connect/token" (f7642de5)
2020-07-29T09:27:44.5131154+07:00 0HM1JCNVTC4ST:00000089 [INF] Credentials validated for username: "demo" (cb811aa7)
2020-07-29T09:27:44.6195868+07:00 0HM1JCNVTC4ST:00000089 [INF] Token request validation success, TokenRequestValidationLog { ClientId: "quickapp_spa", ClientName: null, GrantType: "password", Scopes: "email offline_access openid phone profile quickapp_api roles", AuthorizationCode: null, RefreshToken: null, UserName: "demo", AuthenticationContextReferenceClasses: null, Tenant: null, IdP: null, Raw: [("username": "demo"), ("password": "***REDACTED***"), ("client_id": "quickapp_spa"), ("grant_type": "password"), ("scope": "openid email phone profile offline_access roles quickapp_api")] } (3a073258)
2020-07-29T09:27:51.9777009+07:00  [INF] Removing 0 grants (62cd9308)
2020-07-29T09:27:51.9803668+07:00  [INF] Removing 0 device flow codes (171ba47d)
2020-07-29T09:28:22.0000961+07:00  [INF] Removing 0 grants (62cd9308)
2020-07-29T09:28:22.0027542+07:00  [INF] Removing 0 device flow codes (171ba47d)
2020-07-29T09:28:52.0115907+07:00  [INF] Removing 0 grants (62cd9308)
2020-07-29T09:28:52.0143254+07:00  [INF] Removing 0 device flow codes (171ba47d)
2020-07-29T09:29:22.0276609+07:00  [INF] Removing 0 grants (62cd9308)
2020-07-29T09:29:22.0295298+07:00  [INF] Removing 0 device flow codes (171ba47d)
2020-07-29T09:29:52.0690386+07:00  [INF] Removing 0 grants (62cd9308)
2020-07-29T09:29:52.0713830+07:00  [INF] Removing 0 device flow codes (171ba47d)
2020-07-29T09:30:22.0750507+07:00  [INF] Removing 0 grants (62cd9308)
2020-07-29T09:30:22.0770735+07:00  [INF] Removing 0 device flow codes (171ba47d)
2020-07-29T09:30:52.0887396+07:00  [INF] Removing 0 grants (62cd9308)
2020-07-29T09:30:52.0900580+07:00  [INF] Removing 0 device flow codes (171ba47d)
2020-07-29T09:31:22.1040330+07:00  [INF] Removing 0 grants (62cd9308)
2020-07-29T09:31:22.1053963+07:00  [INF] Removing 0 device flow codes (171ba47d)
2020-07-29T09:31:52.1085965+07:00  [INF] Removing 0 grants (62cd9308)
2020-07-29T09:31:52.1103841+07:00  [INF] Removing 0 device flow codes (171ba47d)
2020-07-29T09:32:22.1188616+07:00  [INF] Removing 0 grants (62cd9308)
2020-07-29T09:32:22.1203185+07:00  [INF] Removing 0 device flow codes (171ba47d)
2020-07-29T09:32:52.1277618+07:00  [INF] Removing 0 grants (62cd9308)
2020-07-29T09:32:52.1294970+07:00  [INF] Removing 0 device flow codes (171ba47d)
2020-07-29T09:33:22.1455045+07:00  [INF] Removing 0 grants (62cd9308)
2020-07-29T09:33:22.1474345+07:00  [INF] Removing 0 device flow codes (171ba47d)
2020-07-29T09:33:52.1559282+07:00  [INF] Removing 0 grants (62cd9308)
2020-07-29T09:33:52.1578057+07:00  [INF] Removing 0 device flow codes (171ba47d)
2020-07-29T09:34:22.1672278+07:00  [INF] Removing 0 grants (62cd9308)
2020-07-29T09:34:22.1689675+07:00  [INF] Removing 0 device flow codes (171ba47d)
2020-07-29T09:34:52.1724160+07:00  [INF] Removing 0 grants (62cd9308)
2020-07-29T09:34:52.1741909+07:00  [INF] Removing 0 device flow codes (171ba47d)
2020-07-29T09:35:22.1870580+07:00  [INF] Removing 0 grants (62cd9308)
2020-07-29T09:35:22.1888910+07:00  [INF] Removing 0 device flow codes (171ba47d)
2020-07-29T09:35:52.2003670+07:00  [INF] Removing 0 grants (62cd9308)
2020-07-29T09:35:52.2022127+07:00  [INF] Removing 0 device flow codes (171ba47d)
2020-07-29T09:36:22.2161054+07:00  [INF] Removing 0 grants (62cd9308)
2020-07-29T09:36:22.2178512+07:00  [INF] Removing 0 device flow codes (171ba47d)
2020-07-29T09:36:52.2292216+07:00  [INF] Removing 0 grants (62cd9308)
2020-07-29T09:36:52.2309431+07:00  [INF] Removing 0 device flow codes (171ba47d)
2020-07-29T09:37:22.2471353+07:00  [INF] Removing 0 grants (62cd9308)
2020-07-29T09:37:22.2489177+07:00  [INF] Removing 0 device flow codes (171ba47d)
2020-07-29T09:37:52.2556416+07:00  [INF] Removing 0 grants (62cd9308)
2020-07-29T09:37:52.2568888+07:00  [INF] Removing 0 device flow codes (171ba47d)
2020-07-29T09:38:22.2675608+07:00  [INF] Removing 0 grants (62cd9308)
2020-07-29T09:38:22.2692842+07:00  [INF] Removing 0 device flow codes (171ba47d)
2020-07-29T09:38:52.2761047+07:00  [INF] Removing 0 grants (62cd9308)
2020-07-29T09:38:52.2774616+07:00  [INF] Removing 0 device flow codes (171ba47d)
2020-07-29T09:39:22.2913856+07:00  [INF] Removing 0 grants (62cd9308)
2020-07-29T09:39:22.2929741+07:00  [INF] Removing 0 device flow codes (171ba47d)
2020-07-29T09:39:52.3065473+07:00  [INF] Removing 0 grants (62cd9308)
2020-07-29T09:39:52.3082171+07:00  [INF] Removing 0 device flow codes (171ba47d)
2020-07-29T09:40:22.3232931+07:00  [INF] Removing 0 grants (62cd9308)
2020-07-29T09:40:22.3251075+07:00  [INF] Removing 0 device flow codes (171ba47d)
2020-07-29T09:40:52.3275499+07:00  [INF] Removing 0 grants (62cd9308)
2020-07-29T09:40:52.3288262+07:00  [INF] Removing 0 device flow codes (171ba47d)
2020-07-29T09:41:22.3387048+07:00  [INF] Removing 0 grants (62cd9308)
2020-07-29T09:41:22.3400049+07:00  [INF] Removing 0 device flow codes (171ba47d)
2020-07-29T09:41:52.3535165+07:00  [INF] Removing 0 grants (62cd9308)
2020-07-29T09:41:52.3552832+07:00  [INF] Removing 0 device flow codes (171ba47d)
2020-07-29T09:42:22.3582364+07:00  [INF] Removing 0 grants (62cd9308)
2020-07-29T09:42:22.3598993+07:00  [INF] Removing 0 device flow codes (171ba47d)
2020-07-29T09:42:52.3697025+07:00  [INF] Removing 0 grants (62cd9308)
2020-07-29T09:42:52.3714394+07:00  [INF] Removing 0 device flow codes (171ba47d)
2020-07-29T09:43:22.3847134+07:00  [INF] Removing 0 grants (62cd9308)
2020-07-29T09:43:22.3863953+07:00  [INF] Removing 0 device flow codes (171ba47d)
2020-07-29T09:43:52.3903646+07:00  [INF] Removing 0 grants (62cd9308)
2020-07-29T09:43:52.3920968+07:00  [INF] Removing 0 device flow codes (171ba47d)
2020-07-29T09:44:22.4002881+07:00  [INF] Removing 0 grants (62cd9308)
2020-07-29T09:44:22.4021413+07:00  [INF] Removing 0 device flow codes (171ba47d)
2020-07-29T09:44:52.4182209+07:00  [INF] Removing 0 grants (62cd9308)
2020-07-29T09:44:52.4200913+07:00  [INF] Removing 0 device flow codes (171ba47d)
2020-07-29T09:45:22.4235766+07:00  [INF] Removing 0 grants (62cd9308)
2020-07-29T09:45:22.4254362+07:00  [INF] Removing 0 device flow codes (171ba47d)
2020-07-29T09:45:52.4407693+07:00  [INF] Removing 0 grants (62cd9308)
2020-07-29T09:45:52.4424314+07:00  [INF] Removing 0 device flow codes (171ba47d)
2020-07-29T09:46:22.4517923+07:00  [INF] Removing 0 grants (62cd9308)
2020-07-29T09:46:22.4535341+07:00  [INF] Removing 0 device flow codes (171ba47d)
2020-07-29T09:46:52.4628524+07:00  [INF] Removing 0 grants (62cd9308)
2020-07-29T09:46:52.4643989+07:00  [INF] Removing 0 device flow codes (171ba47d)
2020-07-29T09:47:22.4713920+07:00  [INF] Removing 0 grants (62cd9308)
2020-07-29T09:47:22.4730565+07:00  [INF] Removing 0 device flow codes (171ba47d)
2020-07-29T09:47:52.4846112+07:00  [INF] Removing 0 grants (62cd9308)
2020-07-29T09:47:52.4863437+07:00  [INF] Removing 0 device flow codes (171ba47d)
2020-07-29T09:48:22.4952957+07:00  [INF] Removing 0 grants (62cd9308)
2020-07-29T09:48:22.4967273+07:00  [INF] Removing 0 device flow codes (171ba47d)
2020-07-29T09:48:52.4996036+07:00  [INF] Removing 0 grants (62cd9308)
2020-07-29T09:48:52.5010794+07:00  [INF] Removing 0 device flow codes (171ba47d)
2020-07-29T09:49:22.5087799+07:00  [INF] Removing 0 grants (62cd9308)
2020-07-29T09:49:22.5104105+07:00  [INF] Removing 0 device flow codes (171ba47d)
2020-07-29T09:49:52.5131793+07:00  [INF] Removing 0 grants (62cd9308)
2020-07-29T09:49:52.5146013+07:00  [INF] Removing 0 device flow codes (171ba47d)
2020-07-29T09:50:22.5177030+07:00  [INF] Removing 0 grants (62cd9308)
2020-07-29T09:50:22.5193619+07:00  [INF] Removing 0 device flow codes (171ba47d)
2020-07-29T09:50:52.5320054+07:00  [INF] Removing 0 grants (62cd9308)
2020-07-29T09:50:52.5337754+07:00  [INF] Removing 0 device flow codes (171ba47d)
2020-07-29T09:51:22.5369611+07:00  [INF] Removing 0 grants (62cd9308)
2020-07-29T09:51:22.5402850+07:00  [INF] Removing 0 device flow codes (171ba47d)
2020-07-29T09:51:52.5475332+07:00  [INF] Removing 0 grants (62cd9308)
2020-07-29T09:51:52.5493370+07:00  [INF] Removing 0 device flow codes (171ba47d)
2020-07-29T09:52:22.5580387+07:00  [INF] Removing 0 grants (62cd9308)
2020-07-29T09:52:22.5597602+07:00  [INF] Removing 0 device flow codes (171ba47d)
2020-07-29T09:52:52.5734703+07:00  [INF] Removing 0 grants (62cd9308)
2020-07-29T09:52:52.5752905+07:00  [INF] Removing 0 device flow codes (171ba47d)
2020-07-29T09:53:22.5810401+07:00  [INF] Removing 0 grants (62cd9308)
2020-07-29T09:53:22.5830784+07:00  [INF] Removing 0 device flow codes (171ba47d)
2020-07-29T09:53:30.7945740+07:00  [INF] Application is shutting down... (90f52c38)
2020-07-29T10:00:21.2190265+07:00  [INF] Starting IdentityServer4 version "3.1.3.0" (8add0571)
2020-07-29T10:00:21.3182452+07:00  [INF] Using the default authentication scheme "Identity.Application" for IdentityServer (4a54f457)
2020-07-29T10:00:22.6623794+07:00  [INF] Now listening on: "https://localhost:5001" (d826f4b8)
2020-07-29T10:00:22.6769604+07:00  [INF] Now listening on: "http://localhost:5000" (d826f4b8)
2020-07-29T10:00:22.6853040+07:00  [INF] Application started. Press Ctrl+C to shut down. (dcaefe54)
2020-07-29T10:00:22.6913667+07:00  [INF] Hosting environment: "Development" (c3307c92)
2020-07-29T10:00:22.6992127+07:00  [INF] Content root path: "D:\QucikApp\QuickApp.Standard\QuickApp" (b5d60022)
2020-07-29T10:00:51.7285777+07:00  [INF] Removing 0 grants (62cd9308)
2020-07-29T10:00:51.8742515+07:00  [INF] Removing 0 device flow codes (171ba47d)
2020-07-29T10:01:22.0206015+07:00  [INF] Removing 0 grants (62cd9308)
2020-07-29T10:01:22.0657744+07:00  [INF] Removing 0 device flow codes (171ba47d)
2020-07-29T10:01:52.1390463+07:00  [INF] Removing 0 grants (62cd9308)
2020-07-29T10:01:52.3142774+07:00  [INF] Removing 0 device flow codes (171ba47d)
2020-07-29T10:02:22.4056154+07:00  [INF] Removing 0 grants (62cd9308)
2020-07-29T10:02:22.6538954+07:00  [INF] Removing 0 device flow codes (171ba47d)
2020-07-29T10:02:52.6842775+07:00  [INF] Removing 0 grants (62cd9308)
2020-07-29T10:02:52.6970936+07:00  [INF] Removing 0 device flow codes (171ba47d)
2020-07-29T10:03:22.7339020+07:00  [INF] Removing 0 grants (62cd9308)
2020-07-29T10:03:22.8289110+07:00  [INF] Removing 0 device flow codes (171ba47d)
2020-07-29T10:03:30.3193958+07:00 0HM1JDE4FQQLD:00000001 [ERR] An unhandled exception has occurred while executing the request. (48a46595)
System.TimeoutException: The Angular CLI process did not start listening for requests within the timeout period of 0 seconds. Check the log output for error information.
   at Microsoft.AspNetCore.SpaServices.Extensions.Util.TaskTimeoutExtensions.WithTimeout[T](Task`1 task, TimeSpan timeoutDelay, String message)
   at Microsoft.AspNetCore.SpaServices.Extensions.Proxy.SpaProxy.PerformProxyRequest(HttpContext context, HttpClient httpClient, Task`1 baseUriTask, CancellationToken applicationStoppingToken, Boolean proxy404s)
   at Microsoft.AspNetCore.Builder.SpaProxyingExtensions.<>c__DisplayClass2_0.<<UseProxyToSpaDevelopmentServer>b__0>d.MoveNext()
--- End of stack trace from previous location where exception was thrown ---
   at Swashbuckle.AspNetCore.SwaggerUI.SwaggerUIMiddleware.Invoke(HttpContext httpContext)
   at Swashbuckle.AspNetCore.Swagger.SwaggerMiddleware.Invoke(HttpContext httpContext, ISwaggerProvider swaggerProvider)
   at Microsoft.AspNetCore.Authorization.AuthorizationMiddleware.Invoke(HttpContext context)
   at IdentityServer4.Hosting.IdentityServerMiddleware.Invoke(HttpContext context, IEndpointRouter router, IUserSession session, IEventService events)
   at IdentityServer4.Hosting.MutualTlsTokenEndpointMiddleware.Invoke(HttpContext context, IAuthenticationSchemeProvider schemes)
   at Microsoft.AspNetCore.Authentication.AuthenticationMiddleware.Invoke(HttpContext context)
   at IdentityServer4.Hosting.BaseUrlMiddleware.Invoke(HttpContext context)
   at Microsoft.AspNetCore.Diagnostics.DeveloperExceptionPageMiddleware.Invoke(HttpContext context)
2020-07-29T10:03:52.8759812+07:00  [INF] Removing 0 grants (62cd9308)
2020-07-29T10:03:52.8914509+07:00  [INF] Removing 0 device flow codes (171ba47d)
2020-07-29T10:04:22.9135269+07:00  [INF] Removing 0 grants (62cd9308)
2020-07-29T10:04:22.9278532+07:00  [INF] Removing 0 device flow codes (171ba47d)
2020-07-29T10:04:53.0034909+07:00  [INF] Removing 0 grants (62cd9308)
2020-07-29T10:04:53.0298910+07:00  [INF] Removing 0 device flow codes (171ba47d)
2020-07-29T10:14:25.1789768+07:00  [INF] Starting IdentityServer4 version "3.1.3.0" (8add0571)
2020-07-29T10:14:25.2453698+07:00  [INF] Using the default authentication scheme "Identity.Application" for IdentityServer (4a54f457)
2020-07-29T10:14:26.2342794+07:00  [INF] Now listening on: "https://localhost:5001" (d826f4b8)
2020-07-29T10:14:26.2618118+07:00  [INF] Now listening on: "http://localhost:5000" (d826f4b8)
2020-07-29T10:14:26.2743550+07:00  [INF] Application started. Press Ctrl+C to shut down. (dcaefe54)
2020-07-29T10:14:26.2941900+07:00  [INF] Hosting environment: "Development" (c3307c92)
2020-07-29T10:14:26.3051646+07:00  [INF] Content root path: "D:\QucikApp\QuickApp.Standard\QuickApp" (b5d60022)
2020-07-29T10:14:55.9002176+07:00  [INF] Removing 0 grants (62cd9308)
2020-07-29T10:14:56.0724003+07:00  [INF] Removing 0 device flow codes (171ba47d)
2020-07-29T10:15:26.1505094+07:00  [INF] Removing 0 grants (62cd9308)
2020-07-29T10:15:26.1908273+07:00  [INF] Removing 0 device flow codes (171ba47d)
2020-07-29T10:15:56.2751432+07:00  [INF] Removing 0 grants (62cd9308)
2020-07-29T10:15:56.3608278+07:00  [INF] Removing 0 device flow codes (171ba47d)
2020-07-29T10:16:26.4442814+07:00  [INF] Removing 0 grants (62cd9308)
2020-07-29T10:16:26.4720332+07:00  [INF] Removing 0 device flow codes (171ba47d)
2020-07-29T10:16:56.5121040+07:00  [INF] Removing 0 grants (62cd9308)
2020-07-29T10:16:56.5262223+07:00  [INF] Removing 0 device flow codes (171ba47d)
2020-07-29T10:17:26.5878432+07:00  [INF] Removing 0 grants (62cd9308)
2020-07-29T10:17:26.6112826+07:00  [INF] Removing 0 device flow codes (171ba47d)
2020-07-29T10:17:56.8715210+07:00  [INF] Removing 0 grants (62cd9308)
2020-07-29T10:17:56.8936568+07:00  [INF] Removing 0 device flow codes (171ba47d)
2020-07-29T10:18:26.9418475+07:00  [INF] Removing 0 grants (62cd9308)
2020-07-29T10:18:26.9748152+07:00  [INF] Removing 0 device flow codes (171ba47d)
2020-07-29T10:19:04.4605899+07:00  [INF] Removing 0 grants (62cd9308)
2020-07-29T10:19:04.4871435+07:00  [INF] Removing 0 device flow codes (171ba47d)
2020-07-29T10:19:07.5163055+07:00 0HM1JDLVVS8MF:0000001B [INF] Invoking IdentityServer endpoint: "IdentityServer4.Endpoints.DiscoveryEndpoint" for "/.well-known/openid-configuration" (f7642de5)
2020-07-29T10:19:37.5349113+07:00  [INF] Removing 0 grants (62cd9308)
2020-07-29T10:19:37.6312507+07:00  [INF] Removing 0 device flow codes (171ba47d)
2020-07-29T10:20:10.4785633+07:00  [INF] Removing 0 grants (62cd9308)
2020-07-29T10:23:05.5464339+07:00  [INF] Starting IdentityServer4 version "3.1.3.0" (8add0571)
2020-07-29T10:23:05.6073183+07:00  [INF] Using the default authentication scheme "Identity.Application" for IdentityServer (4a54f457)
2020-07-29T10:23:06.1136995+07:00  [INF] Now listening on: "https://localhost:5001" (d826f4b8)
2020-07-29T10:23:06.2137249+07:00  [INF] Now listening on: "http://localhost:5000" (d826f4b8)
2020-07-29T10:23:06.5268331+07:00  [INF] Application started. Press Ctrl+C to shut down. (dcaefe54)
2020-07-29T10:23:06.5611305+07:00  [INF] Hosting environment: "Development" (c3307c92)
2020-07-29T10:23:06.5918276+07:00  [INF] Content root path: "D:\QucikApp\QuickApp.Standard\QuickApp" (b5d60022)
2020-07-29T10:23:36.3194180+07:00  [INF] Removing 0 grants (62cd9308)
2020-07-29T10:23:36.5878357+07:00  [INF] Removing 0 device flow codes (171ba47d)
2020-07-29T10:24:07.1923885+07:00  [INF] Removing 0 grants (62cd9308)
2020-07-29T10:24:07.4626434+07:00  [INF] Removing 0 device flow codes (171ba47d)
2020-07-29T10:24:37.7005509+07:00  [INF] Removing 0 grants (62cd9308)
2020-07-29T10:24:37.7602484+07:00  [INF] Removing 0 device flow codes (171ba47d)
2020-07-29T10:25:07.8680231+07:00  [INF] Removing 0 grants (62cd9308)
2020-07-29T10:25:07.9919567+07:00  [INF] Removing 0 device flow codes (171ba47d)
2020-07-29T10:25:38.0186904+07:00  [INF] Removing 0 grants (62cd9308)
2020-07-29T10:25:38.0609344+07:00  [INF] Removing 0 device flow codes (171ba47d)
2020-07-29T10:26:08.4180864+07:00  [INF] Removing 0 grants (62cd9308)
2020-07-29T10:26:08.4825466+07:00  [INF] Removing 0 device flow codes (171ba47d)
2020-07-29T10:26:11.3275182+07:00 0HM1JDQQSFVP7:00000001 [ERR] An unhandled exception has occurred while executing the request. (48a46595)
System.TimeoutException: The Angular CLI process did not start listening for requests within the timeout period of 0 seconds. Check the log output for error information.
   at Microsoft.AspNetCore.SpaServices.Extensions.Util.TaskTimeoutExtensions.WithTimeout[T](Task`1 task, TimeSpan timeoutDelay, String message)
   at Microsoft.AspNetCore.SpaServices.Extensions.Proxy.SpaProxy.PerformProxyRequest(HttpContext context, HttpClient httpClient, Task`1 baseUriTask, CancellationToken applicationStoppingToken, Boolean proxy404s)
   at Microsoft.AspNetCore.Builder.SpaProxyingExtensions.<>c__DisplayClass2_0.<<UseProxyToSpaDevelopmentServer>b__0>d.MoveNext()
--- End of stack trace from previous location where exception was thrown ---
   at Swashbuckle.AspNetCore.SwaggerUI.SwaggerUIMiddleware.Invoke(HttpContext httpContext)
   at Swashbuckle.AspNetCore.Swagger.SwaggerMiddleware.Invoke(HttpContext httpContext, ISwaggerProvider swaggerProvider)
   at Microsoft.AspNetCore.Authorization.AuthorizationMiddleware.Invoke(HttpContext context)
   at IdentityServer4.Hosting.IdentityServerMiddleware.Invoke(HttpContext context, IEndpointRouter router, IUserSession session, IEventService events)
   at IdentityServer4.Hosting.MutualTlsTokenEndpointMiddleware.Invoke(HttpContext context, IAuthenticationSchemeProvider schemes)
   at Microsoft.AspNetCore.Authentication.AuthenticationMiddleware.Invoke(HttpContext context)
   at IdentityServer4.Hosting.BaseUrlMiddleware.Invoke(HttpContext context)
   at Microsoft.AspNetCore.Diagnostics.DeveloperExceptionPageMiddleware.Invoke(HttpContext context)
2020-07-29T10:26:29.5915246+07:00 0HM1JDQQSFVP8:00000001 [ERR] An unhandled exception has occurred while executing the request. (48a46595)
System.TimeoutException: The Angular CLI process did not start listening for requests within the timeout period of 0 seconds. Check the log output for error information.
   at Microsoft.AspNetCore.SpaServices.Extensions.Util.TaskTimeoutExtensions.WithTimeout[T](Task`1 task, TimeSpan timeoutDelay, String message)
   at Microsoft.AspNetCore.SpaServices.Extensions.Proxy.SpaProxy.PerformProxyRequest(HttpContext context, HttpClient httpClient, Task`1 baseUriTask, CancellationToken applicationStoppingToken, Boolean proxy404s)
   at Microsoft.AspNetCore.Builder.SpaProxyingExtensions.<>c__DisplayClass2_0.<<UseProxyToSpaDevelopmentServer>b__0>d.MoveNext()
--- End of stack trace from previous location where exception was thrown ---
   at Swashbuckle.AspNetCore.SwaggerUI.SwaggerUIMiddleware.Invoke(HttpContext httpContext)
   at Swashbuckle.AspNetCore.Swagger.SwaggerMiddleware.Invoke(HttpContext httpContext, ISwaggerProvider swaggerProvider)
   at Microsoft.AspNetCore.Authorization.AuthorizationMiddleware.Invoke(HttpContext context)
   at IdentityServer4.Hosting.IdentityServerMiddleware.Invoke(HttpContext context, IEndpointRouter router, IUserSession session, IEventService events)
   at IdentityServer4.Hosting.MutualTlsTokenEndpointMiddleware.Invoke(HttpContext context, IAuthenticationSchemeProvider schemes)
   at Microsoft.AspNetCore.Authentication.AuthenticationMiddleware.Invoke(HttpContext context)
   at IdentityServer4.Hosting.BaseUrlMiddleware.Invoke(HttpContext context)
   at Microsoft.AspNetCore.Diagnostics.DeveloperExceptionPageMiddleware.Invoke(HttpContext context)
2020-07-29T10:26:38.5264247+07:00  [INF] Removing 0 grants (62cd9308)
2020-07-29T10:26:38.5395690+07:00  [INF] Removing 0 device flow codes (171ba47d)
2020-07-29T10:31:55.0213511+07:00  [INF] Starting IdentityServer4 version "3.1.3.0" (8add0571)
2020-07-29T10:31:55.1115515+07:00  [INF] Using the default authentication scheme "Identity.Application" for IdentityServer (4a54f457)
2020-07-29T10:31:56.0176520+07:00  [INF] Now listening on: "https://localhost:5001" (d826f4b8)
2020-07-29T10:31:56.0476889+07:00  [INF] Now listening on: "http://localhost:5000" (d826f4b8)
2020-07-29T10:31:56.0836396+07:00  [INF] Application started. Press Ctrl+C to shut down. (dcaefe54)
2020-07-29T10:31:56.1512167+07:00  [INF] Hosting environment: "Development" (c3307c92)
2020-07-29T10:31:56.1881974+07:00  [INF] Content root path: "D:\QucikApp\QuickApp.Standard\QuickApp" (b5d60022)
2020-07-29T10:32:25.9102267+07:00  [INF] Removing 0 grants (62cd9308)
2020-07-29T10:32:26.1196629+07:00  [INF] Removing 0 device flow codes (171ba47d)
2020-07-29T10:32:56.2266176+07:00  [INF] Removing 0 grants (62cd9308)
2020-07-29T10:32:56.3402650+07:00  [INF] Removing 0 device flow codes (171ba47d)
2020-07-29T10:33:26.4173576+07:00  [INF] Removing 0 grants (62cd9308)
2020-07-29T10:33:26.5016098+07:00  [INF] Removing 0 device flow codes (171ba47d)
2020-07-29T10:33:56.5589173+07:00  [INF] Removing 0 grants (62cd9308)
2020-07-29T10:33:56.6555134+07:00  [INF] Removing 0 device flow codes (171ba47d)
2020-07-29T10:34:26.7078907+07:00  [INF] Removing 0 grants (62cd9308)
2020-07-29T10:34:26.7258919+07:00  [INF] Removing 0 device flow codes (171ba47d)
2020-07-29T10:34:56.7531487+07:00  [INF] Removing 0 grants (62cd9308)
2020-07-29T10:34:56.7845906+07:00  [INF] Removing 0 device flow codes (171ba47d)
2020-07-29T10:35:26.8573689+07:00  [INF] Removing 0 grants (62cd9308)
2020-07-29T10:35:26.9055449+07:00  [INF] Removing 0 device flow codes (171ba47d)
2020-07-29T10:35:57.0117978+07:00  [INF] Removing 0 grants (62cd9308)
2020-07-29T10:35:57.1205922+07:00  [INF] Removing 0 device flow codes (171ba47d)
2020-07-29T10:36:27.1509500+07:00  [INF] Removing 0 grants (62cd9308)
2020-07-29T10:36:27.1636917+07:00  [INF] Removing 0 device flow codes (171ba47d)
2020-07-29T10:36:57.1965199+07:00  [INF] Removing 0 grants (62cd9308)
2020-07-29T10:36:57.2087033+07:00  [INF] Removing 0 device flow codes (171ba47d)
2020-07-29T10:37:27.3378878+07:00  [INF] Removing 0 grants (62cd9308)
2020-07-29T10:37:27.4905154+07:00  [INF] Removing 0 device flow codes (171ba47d)
2020-07-29T10:38:18.7369569+07:00  [INF] Removing 0 grants (62cd9308)
2020-07-29T10:38:27.8300229+07:00  [INF] Removing 0 device flow codes (171ba47d)
2020-07-29T10:38:27.8009087+07:00 0HM1JDVOSR3OR:0000001F [INF] Invoking IdentityServer endpoint: "IdentityServer4.Endpoints.DiscoveryEndpoint" for "/.well-known/openid-configuration" (f7642de5)
2020-07-29T10:40:25.2570970+07:00  [INF] Starting IdentityServer4 version "3.1.3.0" (8add0571)
2020-07-29T10:40:25.3098645+07:00  [INF] Using the default authentication scheme "Identity.Application" for IdentityServer (4a54f457)
2020-07-29T10:40:25.7079493+07:00  [INF] Now listening on: "https://localhost:5001" (d826f4b8)
2020-07-29T10:40:25.7080186+07:00  [INF] Now listening on: "http://localhost:5000" (d826f4b8)
2020-07-29T10:40:25.7083013+07:00  [INF] Application started. Press Ctrl+C to shut down. (dcaefe54)
2020-07-29T10:40:25.7083769+07:00  [INF] Hosting environment: "Development" (c3307c92)
2020-07-29T10:40:25.7084230+07:00  [INF] Content root path: "D:\QucikApp\QuickApp.Standard\QuickApp" (b5d60022)
2020-07-29T10:40:55.7927604+07:00  [INF] Removing 0 grants (62cd9308)
2020-07-29T10:40:55.8418076+07:00  [INF] Removing 0 device flow codes (171ba47d)
2020-07-29T10:41:25.8973285+07:00  [INF] Removing 0 grants (62cd9308)
2020-07-29T10:41:25.9006737+07:00  [INF] Removing 0 device flow codes (171ba47d)
2020-07-29T10:41:55.9335368+07:00  [INF] Removing 0 grants (62cd9308)
2020-07-29T10:41:55.9379597+07:00  [INF] Removing 0 device flow codes (171ba47d)
2020-07-29T10:42:25.9559316+07:00  [INF] Removing 0 grants (62cd9308)
2020-07-29T10:42:25.9623934+07:00  [INF] Removing 0 device flow codes (171ba47d)
2020-07-29T10:42:55.9778390+07:00  [INF] Removing 0 grants (62cd9308)
2020-07-29T10:42:55.9799727+07:00  [INF] Removing 0 device flow codes (171ba47d)
2020-07-29T10:43:25.9914122+07:00  [INF] Removing 0 grants (62cd9308)
2020-07-29T10:43:25.9959313+07:00  [INF] Removing 0 device flow codes (171ba47d)
2020-07-29T10:43:56.0102669+07:00  [INF] Removing 0 grants (62cd9308)
2020-07-29T10:43:56.0125786+07:00  [INF] Removing 0 device flow codes (171ba47d)
2020-07-29T10:44:26.0591497+07:00  [INF] Removing 0 grants (62cd9308)
2020-07-29T10:44:26.0637460+07:00  [INF] Removing 0 device flow codes (171ba47d)
2020-07-29T10:44:56.0819268+07:00  [INF] Removing 0 grants (62cd9308)
2020-07-29T10:44:56.0862026+07:00  [INF] Removing 0 device flow codes (171ba47d)
2020-07-29T10:45:26.0962156+07:00  [INF] Removing 0 grants (62cd9308)
2020-07-29T10:45:26.0983851+07:00  [INF] Removing 0 device flow codes (171ba47d)
2020-07-29T10:45:56.1101796+07:00  [INF] Removing 0 grants (62cd9308)
2020-07-29T10:45:56.1142836+07:00  [INF] Removing 0 device flow codes (171ba47d)
2020-07-29T10:46:26.1306907+07:00  [INF] Removing 0 grants (62cd9308)
2020-07-29T10:46:26.1341746+07:00  [INF] Removing 0 device flow codes (171ba47d)
2020-07-29T10:46:56.1515495+07:00  [INF] Removing 0 grants (62cd9308)
2020-07-29T10:46:56.1538443+07:00  [INF] Removing 0 device flow codes (171ba47d)
2020-07-29T10:47:26.1742586+07:00  [INF] Removing 0 grants (62cd9308)
2020-07-29T10:47:26.1772217+07:00  [INF] Removing 0 device flow codes (171ba47d)
2020-07-29T10:47:56.1868090+07:00  [INF] Removing 0 grants (62cd9308)
2020-07-29T10:47:56.1898178+07:00  [INF] Removing 0 device flow codes (171ba47d)
2020-07-29T10:48:26.2006487+07:00  [INF] Removing 0 grants (62cd9308)
2020-07-29T10:48:26.2040517+07:00  [INF] Removing 0 device flow codes (171ba47d)
2020-07-29T10:48:56.2139615+07:00  [INF] Removing 0 grants (62cd9308)
2020-07-29T10:48:56.2167121+07:00  [INF] Removing 0 device flow codes (171ba47d)
2020-07-29T10:49:26.2328713+07:00  [INF] Removing 0 grants (62cd9308)
2020-07-29T10:49:26.2350116+07:00  [INF] Removing 0 device flow codes (171ba47d)
2020-07-29T10:49:56.2476107+07:00  [INF] Removing 0 grants (62cd9308)
2020-07-29T10:49:56.2497269+07:00  [INF] Removing 0 device flow codes (171ba47d)
2020-07-29T10:50:26.2649816+07:00  [INF] Removing 0 grants (62cd9308)
2020-07-29T10:50:26.2678796+07:00  [INF] Removing 0 device flow codes (171ba47d)
2020-07-29T10:50:56.2770905+07:00  [INF] Removing 0 grants (62cd9308)
2020-07-29T10:50:56.2792519+07:00  [INF] Removing 0 device flow codes (171ba47d)
2020-07-29T10:51:26.2979210+07:00  [INF] Removing 0 grants (62cd9308)
2020-07-29T10:51:26.2997754+07:00  [INF] Removing 0 device flow codes (171ba47d)
2020-07-29T10:51:56.3276196+07:00  [INF] Removing 0 grants (62cd9308)
2020-07-29T10:51:56.3292808+07:00  [INF] Removing 0 device flow codes (171ba47d)
2020-07-29T10:52:26.3375509+07:00  [INF] Removing 0 grants (62cd9308)
2020-07-29T10:52:26.3389714+07:00  [INF] Removing 0 device flow codes (171ba47d)
2020-07-29T10:52:56.3544733+07:00  [INF] Removing 0 grants (62cd9308)
2020-07-29T10:52:56.3562606+07:00  [INF] Removing 0 device flow codes (171ba47d)
2020-07-29T10:53:26.3736723+07:00  [INF] Removing 0 grants (62cd9308)
2020-07-29T10:53:26.3754963+07:00  [INF] Removing 0 device flow codes (171ba47d)
2020-07-29T10:53:56.3899751+07:00  [INF] Removing 0 grants (62cd9308)
2020-07-29T10:53:56.3914601+07:00  [INF] Removing 0 device flow codes (171ba47d)
2020-07-29T10:54:26.4005261+07:00  [INF] Removing 0 grants (62cd9308)
2020-07-29T10:54:26.4024452+07:00  [INF] Removing 0 device flow codes (171ba47d)
2020-07-29T10:54:56.4128068+07:00  [INF] Removing 0 grants (62cd9308)
2020-07-29T10:54:56.4149479+07:00  [INF] Removing 0 device flow codes (171ba47d)
2020-07-29T10:55:26.4264049+07:00  [INF] Removing 0 grants (62cd9308)
2020-07-29T10:55:26.4281063+07:00  [INF] Removing 0 device flow codes (171ba47d)
2020-07-29T10:55:33.2767650+07:00 0HM1JE4PUB6B7:000001AB [INF] Invoking IdentityServer endpoint: "IdentityServer4.Endpoints.DiscoveryEndpoint" for "/.well-known/openid-configuration" (f7642de5)
2020-07-29T10:55:35.1012490+07:00 0HM1JE4PUB6B7:000001AD [INF] Invoking IdentityServer endpoint: "IdentityServer4.Endpoints.DiscoveryKeyEndpoint" for "/.well-known/openid-configuration/jwks" (f7642de5)
2020-07-29T10:55:35.2241094+07:00 0HM1JE4PUB6B7:000001AF [INF] Invoking IdentityServer endpoint: "IdentityServer4.Endpoints.TokenEndpoint" for "/connect/token" (f7642de5)
2020-07-29T10:55:36.6874398+07:00 0HM1JE4PUB6B7:000001AF [INF] Credentials validated for username: "demo" (cb811aa7)
2020-07-29T10:55:36.7812962+07:00 0HM1JE4PUB6B7:000001AF [INF] Token request validation success, TokenRequestValidationLog { ClientId: "quickapp_spa", ClientName: null, GrantType: "password", Scopes: "email offline_access openid phone profile quickapp_api roles", AuthorizationCode: null, RefreshToken: null, UserName: "demo", AuthenticationContextReferenceClasses: null, Tenant: null, IdP: null, Raw: [("username": "demo"), ("password": "***REDACTED***"), ("client_id": "quickapp_spa"), ("grant_type": "password"), ("scope": "openid email phone profile offline_access roles quickapp_api")] } (3a073258)
2020-07-29T10:55:56.4358907+07:00  [INF] Removing 0 grants (62cd9308)
2020-07-29T10:55:56.4376703+07:00  [INF] Removing 0 device flow codes (171ba47d)
2020-07-29T10:56:26.4543569+07:00  [INF] Removing 0 grants (62cd9308)
2020-07-29T10:56:26.4562226+07:00  [INF] Removing 0 device flow codes (171ba47d)
2020-07-29T10:56:56.4638654+07:00  [INF] Removing 0 grants (62cd9308)
2020-07-29T10:56:56.4655700+07:00  [INF] Removing 0 device flow codes (171ba47d)
2020-07-29T10:57:26.4799552+07:00  [INF] Removing 0 grants (62cd9308)
2020-07-29T10:57:26.4817414+07:00  [INF] Removing 0 device flow codes (171ba47d)
2020-07-29T10:57:56.4947983+07:00  [INF] Removing 0 grants (62cd9308)
2020-07-29T10:57:56.4966051+07:00  [INF] Removing 0 device flow codes (171ba47d)
2020-07-29T10:58:26.5133032+07:00  [INF] Removing 0 grants (62cd9308)
2020-07-29T10:58:26.5151379+07:00  [INF] Removing 0 device flow codes (171ba47d)
2020-07-29T10:58:56.5262338+07:00  [INF] Removing 0 grants (62cd9308)
2020-07-29T10:58:56.5281413+07:00  [INF] Removing 0 device flow codes (171ba47d)
2020-07-29T10:59:26.5409005+07:00  [INF] Removing 0 grants (62cd9308)
2020-07-29T10:59:26.5426448+07:00  [INF] Removing 0 device flow codes (171ba47d)
2020-07-29T10:59:56.5577584+07:00  [INF] Removing 0 grants (62cd9308)
2020-07-29T10:59:56.5596197+07:00  [INF] Removing 0 device flow codes (171ba47d)
2020-07-29T11:00:26.5725212+07:00  [INF] Removing 0 grants (62cd9308)
2020-07-29T11:00:26.5741736+07:00  [INF] Removing 0 device flow codes (171ba47d)
2020-07-29T11:00:56.5877069+07:00  [INF] Removing 0 grants (62cd9308)
2020-07-29T11:00:56.5894179+07:00  [INF] Removing 0 device flow codes (171ba47d)
2020-07-29T11:01:26.6057290+07:00  [INF] Removing 0 grants (62cd9308)
2020-07-29T11:01:26.6075602+07:00  [INF] Removing 0 device flow codes (171ba47d)
2020-07-29T11:01:56.6203024+07:00  [INF] Removing 0 grants (62cd9308)
2020-07-29T11:01:56.6220695+07:00  [INF] Removing 0 device flow codes (171ba47d)
2020-07-29T11:02:26.6357656+07:00  [INF] Removing 0 grants (62cd9308)
2020-07-29T11:02:26.6374444+07:00  [INF] Removing 0 device flow codes (171ba47d)
2020-07-29T11:02:56.6517856+07:00  [INF] Removing 0 grants (62cd9308)
2020-07-29T11:02:56.6536532+07:00  [INF] Removing 0 device flow codes (171ba47d)
2020-07-29T11:03:26.6669818+07:00  [INF] Removing 0 grants (62cd9308)
2020-07-29T11:03:26.6686193+07:00  [INF] Removing 0 device flow codes (171ba47d)
2020-07-29T11:03:56.6727553+07:00  [INF] Removing 0 grants (62cd9308)
2020-07-29T11:03:56.6743879+07:00  [INF] Removing 0 device flow codes (171ba47d)
2020-07-29T11:04:26.6811162+07:00  [INF] Removing 0 grants (62cd9308)
2020-07-29T11:04:26.6824140+07:00  [INF] Removing 0 device flow codes (171ba47d)
2020-07-29T11:04:56.7140061+07:00  [INF] Removing 0 grants (62cd9308)
2020-07-29T11:04:56.7193537+07:00  [INF] Removing 0 device flow codes (171ba47d)
2020-07-29T11:05:26.7308087+07:00  [INF] Removing 0 grants (62cd9308)
2020-07-29T11:05:26.7321775+07:00  [INF] Removing 0 device flow codes (171ba47d)
2020-07-29T11:05:56.7341358+07:00  [INF] Removing 0 grants (62cd9308)
2020-07-29T11:05:56.7362025+07:00  [INF] Removing 0 device flow codes (171ba47d)
2020-07-29T11:06:26.7499289+07:00  [INF] Removing 0 grants (62cd9308)
2020-07-29T11:06:26.7512242+07:00  [INF] Removing 0 device flow codes (171ba47d)
2020-07-29T11:06:56.7598847+07:00  [INF] Removing 0 grants (62cd9308)
2020-07-29T11:06:56.7611968+07:00  [INF] Removing 0 device flow codes (171ba47d)
2020-07-29T11:07:26.7773839+07:00  [INF] Removing 0 grants (62cd9308)
2020-07-29T11:07:26.7793403+07:00  [INF] Removing 0 device flow codes (171ba47d)
2020-07-29T11:07:56.7930809+07:00  [INF] Removing 0 grants (62cd9308)
2020-07-29T11:07:56.7953659+07:00  [INF] Removing 0 device flow codes (171ba47d)
2020-07-29T11:08:26.8058590+07:00  [INF] Removing 0 grants (62cd9308)
2020-07-29T11:08:26.8072087+07:00  [INF] Removing 0 device flow codes (171ba47d)
2020-07-29T11:08:56.8240734+07:00  [INF] Removing 0 grants (62cd9308)
2020-07-29T11:08:56.8257600+07:00  [INF] Removing 0 device flow codes (171ba47d)
2020-07-29T11:09:26.8395841+07:00  [INF] Removing 0 grants (62cd9308)
2020-07-29T11:09:26.8414460+07:00  [INF] Removing 0 device flow codes (171ba47d)
2020-07-29T11:09:56.8541893+07:00  [INF] Removing 0 grants (62cd9308)
2020-07-29T11:09:56.8560558+07:00  [INF] Removing 0 device flow codes (171ba47d)
2020-07-29T11:10:26.8711785+07:00  [INF] Removing 0 grants (62cd9308)
2020-07-29T11:10:26.8730047+07:00  [INF] Removing 0 device flow codes (171ba47d)
2020-07-29T11:10:56.8851686+07:00  [INF] Removing 0 grants (62cd9308)
2020-07-29T11:10:56.8870574+07:00  [INF] Removing 0 device flow codes (171ba47d)
2020-07-29T11:11:26.9017124+07:00  [INF] Removing 0 grants (62cd9308)
2020-07-29T11:11:26.9034509+07:00  [INF] Removing 0 device flow codes (171ba47d)
2020-07-29T11:11:56.9156361+07:00  [INF] Removing 0 grants (62cd9308)
2020-07-29T11:11:56.9173348+07:00  [INF] Removing 0 device flow codes (171ba47d)
2020-07-29T11:12:26.9327475+07:00  [INF] Removing 0 grants (62cd9308)
2020-07-29T11:12:26.9347563+07:00  [INF] Removing 0 device flow codes (171ba47d)
2020-07-29T11:12:56.9479428+07:00  [INF] Removing 0 grants (62cd9308)
2020-07-29T11:12:56.9498340+07:00  [INF] Removing 0 device flow codes (171ba47d)
2020-07-29T11:13:26.9634087+07:00  [INF] Removing 0 grants (62cd9308)
2020-07-29T11:13:26.9651632+07:00  [INF] Removing 0 device flow codes (171ba47d)
2020-07-29T11:13:56.9799009+07:00  [INF] Removing 0 grants (62cd9308)
2020-07-29T11:13:56.9811917+07:00  [INF] Removing 0 device flow codes (171ba47d)
2020-07-29T11:14:26.9890268+07:00  [INF] Removing 0 grants (62cd9308)
2020-07-29T11:14:26.9907184+07:00  [INF] Removing 0 device flow codes (171ba47d)
2020-07-29T11:14:56.9989365+07:00  [INF] Removing 0 grants (62cd9308)
2020-07-29T11:14:57.0008309+07:00  [INF] Removing 0 device flow codes (171ba47d)
2020-07-29T11:15:27.0103673+07:00  [INF] Removing 0 grants (62cd9308)
2020-07-29T11:15:27.0122348+07:00  [INF] Removing 0 device flow codes (171ba47d)
2020-07-29T11:15:57.0269419+07:00  [INF] Removing 0 grants (62cd9308)
2020-07-29T11:15:57.0287087+07:00  [INF] Removing 0 device flow codes (171ba47d)
2020-07-29T11:16:27.0420130+07:00  [INF] Removing 0 grants (62cd9308)
2020-07-29T11:16:27.0437786+07:00  [INF] Removing 0 device flow codes (171ba47d)
2020-07-29T11:16:29.4155362+07:00  [INF] Application is shutting down... (90f52c38)
2020-07-29T13:07:05.4421281+07:00  [INF] Starting IdentityServer4 version "3.1.3.0" (8add0571)
2020-07-29T13:07:05.4960554+07:00  [INF] Using the default authentication scheme "Identity.Application" for IdentityServer (4a54f457)
2020-07-29T13:07:06.1639538+07:00  [INF] Now listening on: "https://localhost:5001" (d826f4b8)
2020-07-29T13:07:06.1641621+07:00  [INF] Now listening on: "http://localhost:5000" (d826f4b8)
2020-07-29T13:07:06.1645684+07:00  [INF] Application started. Press Ctrl+C to shut down. (dcaefe54)
2020-07-29T13:07:06.1646212+07:00  [INF] Hosting environment: "Development" (c3307c92)
2020-07-29T13:07:06.1646596+07:00  [INF] Content root path: "D:\QucikApp\QuickApp.Standard\QuickApp" (b5d60022)
2020-07-29T13:07:35.8374713+07:00  [INF] Removing 0 grants (62cd9308)
2020-07-29T13:07:35.8632795+07:00  [INF] Removing 0 device flow codes (171ba47d)
2020-07-29T13:08:05.8947346+07:00  [INF] Removing 0 grants (62cd9308)
2020-07-29T13:08:05.8975292+07:00  [INF] Removing 0 device flow codes (171ba47d)
2020-07-29T13:08:35.9318876+07:00  [INF] Removing 0 grants (62cd9308)
2020-07-29T13:08:35.9419519+07:00  [INF] Removing 0 device flow codes (171ba47d)
2020-07-29T13:09:05.9987204+07:00  [INF] Removing 0 grants (62cd9308)
2020-07-29T13:09:06.0017066+07:00  [INF] Removing 0 device flow codes (171ba47d)
2020-07-29T13:09:36.0508423+07:00  [INF] Removing 0 grants (62cd9308)
2020-07-29T13:09:36.0574961+07:00  [INF] Removing 0 device flow codes (171ba47d)
2020-07-29T13:10:06.0701206+07:00  [INF] Removing 0 grants (62cd9308)
2020-07-29T13:10:06.0720505+07:00  [INF] Removing 0 device flow codes (171ba47d)
2020-07-29T13:10:36.0929110+07:00  [INF] Removing 0 grants (62cd9308)
2020-07-29T13:10:36.0966335+07:00  [INF] Removing 0 device flow codes (171ba47d)
2020-07-29T13:10:40.3534778+07:00 0HM1JGMKOEU4C:0000000D [INF] Invoking IdentityServer endpoint: "IdentityServer4.Endpoints.DiscoveryEndpoint" for "/.well-known/openid-configuration" (f7642de5)
2020-07-29T13:10:41.2689441+07:00 0HM1JGMKOEU4C:0000000F [INF] Invoking IdentityServer endpoint: "IdentityServer4.Endpoints.DiscoveryKeyEndpoint" for "/.well-known/openid-configuration/jwks" (f7642de5)
2020-07-29T13:10:41.3329857+07:00 0HM1JGMKOEU4C:00000011 [INF] Invoking IdentityServer endpoint: "IdentityServer4.Endpoints.TokenEndpoint" for "/connect/token" (f7642de5)
2020-07-29T13:10:42.2520541+07:00 0HM1JGMKOEU4C:00000011 [INF] Credentials validated for username: "demo" (cb811aa7)
2020-07-29T13:10:42.3634614+07:00 0HM1JGMKOEU4C:00000011 [INF] Token request validation success, TokenRequestValidationLog { ClientId: "quickapp_spa", ClientName: null, GrantType: "password", Scopes: "email offline_access openid phone profile quickapp_api roles", AuthorizationCode: null, RefreshToken: null, UserName: "demo", AuthenticationContextReferenceClasses: null, Tenant: null, IdP: null, Raw: [("username": "demo"), ("password": "***REDACTED***"), ("client_id": "quickapp_spa"), ("grant_type": "password"), ("scope": "openid email phone profile offline_access roles quickapp_api")] } (3a073258)
2020-07-29T13:11:06.1236561+07:00  [INF] Removing 0 grants (62cd9308)
2020-07-29T13:11:06.1290005+07:00  [INF] Removing 0 device flow codes (171ba47d)
2020-07-29T13:11:23.9059816+07:00  [INF] Application is shutting down... (90f52c38)
2020-07-29T13:53:51.8566616+07:00  [INF] Starting IdentityServer4 version "3.1.3.0" (8add0571)
2020-07-29T13:53:51.9005386+07:00  [INF] Using the default authentication scheme "Identity.Application" for IdentityServer (4a54f457)
2020-07-29T13:53:52.2668527+07:00  [INF] Now listening on: "https://localhost:5001" (d826f4b8)
2020-07-29T13:53:52.2669765+07:00  [INF] Now listening on: "http://localhost:5000" (d826f4b8)
2020-07-29T13:53:52.2672257+07:00  [INF] Application started. Press Ctrl+C to shut down. (dcaefe54)
2020-07-29T13:53:52.2672849+07:00  [INF] Hosting environment: "Development" (c3307c92)
2020-07-29T13:53:52.2673287+07:00  [INF] Content root path: "D:\QucikApp\QuickApp.Standard\QuickApp" (b5d60022)
2020-07-29T13:54:22.1644023+07:00  [INF] Removing 0 grants (62cd9308)
2020-07-29T13:54:22.1903200+07:00  [INF] Removing 0 device flow codes (171ba47d)
2020-07-29T13:54:52.2288290+07:00  [INF] Removing 0 grants (62cd9308)
2020-07-29T13:54:52.2315694+07:00  [INF] Removing 0 device flow codes (171ba47d)
2020-07-29T13:55:22.2663015+07:00  [INF] Removing 0 grants (62cd9308)
2020-07-29T13:55:22.2753583+07:00  [INF] Removing 0 device flow codes (171ba47d)
2020-07-29T13:55:52.2994138+07:00  [INF] Removing 0 grants (62cd9308)
2020-07-29T13:55:52.3050368+07:00  [INF] Removing 0 device flow codes (171ba47d)
2020-07-29T13:56:22.3189127+07:00  [INF] Removing 0 grants (62cd9308)
2020-07-29T13:56:22.3212348+07:00  [INF] Removing 0 device flow codes (171ba47d)
2020-07-29T13:56:52.3272683+07:00  [INF] Removing 0 grants (62cd9308)
2020-07-29T13:56:52.3315119+07:00  [INF] Removing 0 device flow codes (171ba47d)
2020-07-29T13:57:22.3450591+07:00  [INF] Removing 0 grants (62cd9308)
2020-07-29T13:57:22.3496714+07:00  [INF] Removing 0 device flow codes (171ba47d)
2020-07-29T13:57:52.3583487+07:00  [INF] Removing 0 grants (62cd9308)
2020-07-29T13:57:52.3621760+07:00  [INF] Removing 0 device flow codes (171ba47d)
2020-07-29T13:58:22.3711820+07:00  [INF] Removing 0 grants (62cd9308)
2020-07-29T13:58:22.3746398+07:00  [INF] Removing 0 device flow codes (171ba47d)
2020-07-29T13:58:52.3818599+07:00  [INF] Removing 0 grants (62cd9308)
2020-07-29T13:58:52.3839274+07:00  [INF] Removing 0 device flow codes (171ba47d)
2020-07-29T13:59:22.4001630+07:00  [INF] Removing 0 grants (62cd9308)
2020-07-29T13:59:22.4028215+07:00  [INF] Removing 0 device flow codes (171ba47d)
2020-07-29T13:59:52.4112196+07:00  [INF] Removing 0 grants (62cd9308)
2020-07-29T13:59:52.4140284+07:00  [INF] Removing 0 device flow codes (171ba47d)
2020-07-29T14:00:09.5585171+07:00 0HM1JHGQONF7U:00000057 [INF] Invoking IdentityServer endpoint: "IdentityServer4.Endpoints.DiscoveryEndpoint" for "/.well-known/openid-configuration" (f7642de5)
2020-07-29T14:00:10.8239201+07:00 0HM1JHGQONF7U:00000059 [INF] Invoking IdentityServer endpoint: "IdentityServer4.Endpoints.DiscoveryKeyEndpoint" for "/.well-known/openid-configuration/jwks" (f7642de5)
2020-07-29T14:00:10.9210374+07:00 0HM1JHGQONF7U:0000005B [INF] Invoking IdentityServer endpoint: "IdentityServer4.Endpoints.TokenEndpoint" for "/connect/token" (f7642de5)
2020-07-29T14:00:12.2088967+07:00 0HM1JHGQONF7U:0000005B [INF] Credentials validated for username: "demo" (cb811aa7)
2020-07-29T14:00:12.2901735+07:00 0HM1JHGQONF7U:0000005B [INF] Token request validation success, TokenRequestValidationLog { ClientId: "quickapp_spa", ClientName: null, GrantType: "password", Scopes: "email offline_access openid phone profile quickapp_api roles", AuthorizationCode: null, RefreshToken: null, UserName: "demo", AuthenticationContextReferenceClasses: null, Tenant: null, IdP: null, Raw: [("username": "demo"), ("password": "***REDACTED***"), ("client_id": "quickapp_spa"), ("grant_type": "password"), ("scope": "openid email phone profile offline_access roles quickapp_api")] } (3a073258)
2020-07-29T14:00:22.4218599+07:00  [INF] Removing 0 grants (62cd9308)
2020-07-29T14:00:22.4251043+07:00  [INF] Removing 0 device flow codes (171ba47d)
2020-07-29T14:00:38.5255644+07:00 0HM1JHGQONF7U:00000067 [INF] Invoking IdentityServer endpoint: "IdentityServer4.Endpoints.DiscoveryEndpoint" for "/.well-known/openid-configuration" (f7642de5)
2020-07-29T14:00:38.5834075+07:00 0HM1JHGQONF7U:00000069 [INF] Invoking IdentityServer endpoint: "IdentityServer4.Endpoints.DiscoveryKeyEndpoint" for "/.well-known/openid-configuration/jwks" (f7642de5)
2020-07-29T14:00:38.6041819+07:00 0HM1JHGQONF7U:0000006B [INF] Invoking IdentityServer endpoint: "IdentityServer4.Endpoints.TokenEndpoint" for "/connect/token" (f7642de5)
2020-07-29T14:00:38.7962532+07:00 0HM1JHGQONF7U:0000006B [INF] Credentials validated for username: "demo" (cb811aa7)
2020-07-29T14:00:38.7995425+07:00 0HM1JHGQONF7U:0000006B [INF] Token request validation success, TokenRequestValidationLog { ClientId: "quickapp_spa", ClientName: null, GrantType: "password", Scopes: "email offline_access openid phone profile quickapp_api roles", AuthorizationCode: null, RefreshToken: null, UserName: "demo", AuthenticationContextReferenceClasses: null, Tenant: null, IdP: null, Raw: [("username": "demo"), ("password": "***REDACTED***"), ("client_id": "quickapp_spa"), ("grant_type": "password"), ("scope": "openid email phone profile offline_access roles quickapp_api")] } (3a073258)
2020-07-29T14:00:49.1106640+07:00 0HM1JHGQONF7U:0000006D [INF] Invoking IdentityServer endpoint: "IdentityServer4.Endpoints.DiscoveryEndpoint" for "/.well-known/openid-configuration" (f7642de5)
2020-07-29T14:00:49.1346832+07:00 0HM1JHGQONF7U:0000006F [INF] Invoking IdentityServer endpoint: "IdentityServer4.Endpoints.DiscoveryKeyEndpoint" for "/.well-known/openid-configuration/jwks" (f7642de5)
2020-07-29T14:00:49.1581001+07:00 0HM1JHGQONF7U:00000071 [INF] Invoking IdentityServer endpoint: "IdentityServer4.Endpoints.TokenEndpoint" for "/connect/token" (f7642de5)
2020-07-29T14:00:49.2127907+07:00 0HM1JHGQONF7U:00000071 [INF] Credentials validated for username: "demo" (cb811aa7)
2020-07-29T14:00:49.2142198+07:00 0HM1JHGQONF7U:00000071 [INF] Token request validation success, TokenRequestValidationLog { ClientId: "quickapp_spa", ClientName: null, GrantType: "password", Scopes: "email offline_access openid phone profile quickapp_api roles", AuthorizationCode: null, RefreshToken: null, UserName: "demo", AuthenticationContextReferenceClasses: null, Tenant: null, IdP: null, Raw: [("username": "demo"), ("password": "***REDACTED***"), ("client_id": "quickapp_spa"), ("grant_type": "password"), ("scope": "openid email phone profile offline_access roles quickapp_api")] } (3a073258)
2020-07-29T14:00:52.4380152+07:00  [INF] Removing 0 grants (62cd9308)
2020-07-29T14:00:52.4403896+07:00  [INF] Removing 0 device flow codes (171ba47d)
2020-07-29T14:01:22.4640776+07:00  [INF] Removing 0 grants (62cd9308)
2020-07-29T14:01:22.4665766+07:00  [INF] Removing 0 device flow codes (171ba47d)
2020-07-29T14:01:52.4757843+07:00  [INF] Removing 0 grants (62cd9308)
2020-07-29T14:01:52.4778989+07:00  [INF] Removing 0 device flow codes (171ba47d)
2020-07-29T14:02:22.4868331+07:00  [INF] Removing 0 grants (62cd9308)
2020-07-29T14:02:22.4884258+07:00  [INF] Removing 0 device flow codes (171ba47d)
2020-07-29T14:02:52.5028167+07:00  [INF] Removing 0 grants (62cd9308)
2020-07-29T14:02:52.5053535+07:00  [INF] Removing 0 device flow codes (171ba47d)
2020-07-29T14:03:22.5108521+07:00  [INF] Removing 0 grants (62cd9308)
2020-07-29T14:03:22.5123805+07:00  [INF] Removing 0 device flow codes (171ba47d)
2020-07-29T14:03:52.5169563+07:00  [INF] Removing 0 grants (62cd9308)
2020-07-29T14:03:52.5184764+07:00  [INF] Removing 0 device flow codes (171ba47d)
2020-07-29T14:04:22.5264421+07:00  [INF] Removing 0 grants (62cd9308)
2020-07-29T14:04:22.5280134+07:00  [INF] Removing 0 device flow codes (171ba47d)
2020-07-29T14:04:52.5422643+07:00  [INF] Removing 0 grants (62cd9308)
2020-07-29T14:04:52.5441162+07:00  [INF] Removing 0 device flow codes (171ba47d)
2020-07-29T14:05:22.5472937+07:00  [INF] Removing 0 grants (62cd9308)
2020-07-29T14:05:22.5486813+07:00  [INF] Removing 0 device flow codes (171ba47d)
2020-07-29T14:05:52.5570636+07:00  [INF] Removing 0 grants (62cd9308)
2020-07-29T14:05:52.5584669+07:00  [INF] Removing 0 device flow codes (171ba47d)
2020-07-29T14:06:22.5722098+07:00  [INF] Removing 0 grants (62cd9308)
2020-07-29T14:06:22.5735788+07:00  [INF] Removing 0 device flow codes (171ba47d)
2020-07-29T14:06:52.5886810+07:00  [INF] Removing 0 grants (62cd9308)
2020-07-29T14:06:52.5906167+07:00  [INF] Removing 0 device flow codes (171ba47d)
2020-07-29T14:07:22.6043806+07:00  [INF] Removing 0 grants (62cd9308)
2020-07-29T14:07:22.6059367+07:00  [INF] Removing 0 device flow codes (171ba47d)
2020-07-29T14:07:52.6199158+07:00  [INF] Removing 0 grants (62cd9308)
2020-07-29T14:07:52.6213734+07:00  [INF] Removing 0 device flow codes (171ba47d)
2020-07-29T14:08:22.6371515+07:00  [INF] Removing 0 grants (62cd9308)
2020-07-29T14:08:22.6391943+07:00  [INF] Removing 0 device flow codes (171ba47d)
2020-07-29T14:08:52.6522203+07:00  [INF] Removing 0 grants (62cd9308)
2020-07-29T14:08:52.6543213+07:00  [INF] Removing 0 device flow codes (171ba47d)
2020-07-29T14:09:22.6682199+07:00  [INF] Removing 0 grants (62cd9308)
2020-07-29T14:09:22.6699350+07:00  [INF] Removing 0 device flow codes (171ba47d)
2020-07-29T14:09:52.6821970+07:00  [INF] Removing 0 grants (62cd9308)
2020-07-29T14:09:52.6837592+07:00  [INF] Removing 0 device flow codes (171ba47d)
2020-07-29T14:10:22.6876491+07:00  [INF] Removing 0 grants (62cd9308)
2020-07-29T14:10:22.6889711+07:00  [INF] Removing 0 device flow codes (171ba47d)
2020-07-29T14:10:52.6960568+07:00  [INF] Removing 0 grants (62cd9308)
2020-07-29T14:10:52.6974571+07:00  [INF] Removing 0 device flow codes (171ba47d)
2020-07-29T14:11:14.5029185+07:00 0HM1JHGQONF7U:00000073 [INF] Invoking IdentityServer endpoint: "IdentityServer4.Endpoints.DiscoveryEndpoint" for "/.well-known/openid-configuration" (f7642de5)
2020-07-29T14:11:14.5331752+07:00 0HM1JHGQONF7U:00000075 [INF] Invoking IdentityServer endpoint: "IdentityServer4.Endpoints.DiscoveryKeyEndpoint" for "/.well-known/openid-configuration/jwks" (f7642de5)
2020-07-29T14:11:14.5516222+07:00 0HM1JHGQONF7U:00000077 [INF] Invoking IdentityServer endpoint: "IdentityServer4.Endpoints.TokenEndpoint" for "/connect/token" (f7642de5)
2020-07-29T14:11:14.6319502+07:00 0HM1JHGQONF7U:00000077 [INF] Credentials validated for username: "demo" (cb811aa7)
2020-07-29T14:11:14.6334917+07:00 0HM1JHGQONF7U:00000077 [INF] Token request validation success, TokenRequestValidationLog { ClientId: "quickapp_spa", ClientName: null, GrantType: "password", Scopes: "email offline_access openid phone profile quickapp_api roles", AuthorizationCode: null, RefreshToken: null, UserName: "demo", AuthenticationContextReferenceClasses: null, Tenant: null, IdP: null, Raw: [("username": "demo"), ("password": "***REDACTED***"), ("client_id": "quickapp_spa"), ("grant_type": "password"), ("scope": "openid email phone profile offline_access roles quickapp_api")] } (3a073258)
2020-07-29T14:11:22.6990053+07:00  [INF] Removing 0 grants (62cd9308)
2020-07-29T14:11:22.7008561+07:00  [INF] Removing 0 device flow codes (171ba47d)
2020-07-29T14:11:52.7163458+07:00  [INF] Removing 0 grants (62cd9308)
2020-07-29T14:11:52.7177677+07:00  [INF] Removing 0 device flow codes (171ba47d)
2020-07-29T14:12:22.7328952+07:00  [INF] Removing 0 grants (62cd9308)
2020-07-29T14:12:22.7344782+07:00  [INF] Removing 0 device flow codes (171ba47d)
2020-07-29T14:12:52.7457328+07:00  [INF] Removing 0 grants (62cd9308)
2020-07-29T14:12:52.7475455+07:00  [INF] Removing 0 device flow codes (171ba47d)
2020-07-29T14:13:22.7598301+07:00  [INF] Removing 0 grants (62cd9308)
2020-07-29T14:13:22.7616965+07:00  [INF] Removing 0 device flow codes (171ba47d)
2020-07-29T14:13:52.7760332+07:00  [INF] Removing 0 grants (62cd9308)
2020-07-29T14:13:52.7779201+07:00  [INF] Removing 0 device flow codes (171ba47d)
2020-07-29T14:14:22.7835752+07:00  [INF] Removing 0 grants (62cd9308)
2020-07-29T14:14:22.7853693+07:00  [INF] Removing 0 device flow codes (171ba47d)
2020-07-29T14:14:52.7926384+07:00  [INF] Removing 0 grants (62cd9308)
2020-07-29T14:14:52.7945845+07:00  [INF] Removing 0 device flow codes (171ba47d)
2020-07-29T14:15:22.7981847+07:00  [INF] Removing 0 grants (62cd9308)
2020-07-29T14:15:22.8014729+07:00  [INF] Removing 0 device flow codes (171ba47d)
2020-07-29T14:15:52.8118538+07:00  [INF] Removing 0 grants (62cd9308)
2020-07-29T14:15:52.8146732+07:00  [INF] Removing 0 device flow codes (171ba47d)
2020-07-29T14:16:22.8257831+07:00  [INF] Removing 0 grants (62cd9308)
2020-07-29T14:16:22.8279294+07:00  [INF] Removing 0 device flow codes (171ba47d)
2020-07-29T14:16:52.8312156+07:00  [INF] Removing 0 grants (62cd9308)
2020-07-29T14:16:52.8326166+07:00  [INF] Removing 0 device flow codes (171ba47d)
2020-07-29T14:17:22.8414340+07:00  [INF] Removing 0 grants (62cd9308)
2020-07-29T14:17:22.8428898+07:00  [INF] Removing 0 device flow codes (171ba47d)
2020-07-29T14:17:52.8561792+07:00  [INF] Removing 0 grants (62cd9308)
2020-07-29T14:17:52.8577471+07:00  [INF] Removing 0 device flow codes (171ba47d)
2020-07-29T14:18:22.8735285+07:00  [INF] Removing 0 grants (62cd9308)
2020-07-29T14:18:22.8755218+07:00  [INF] Removing 0 device flow codes (171ba47d)
2020-07-29T14:18:52.8858678+07:00  [INF] Removing 0 grants (62cd9308)
2020-07-29T14:18:52.8878083+07:00  [INF] Removing 0 device flow codes (171ba47d)
2020-07-29T14:19:22.9033081+07:00  [INF] Removing 0 grants (62cd9308)
2020-07-29T14:19:22.9062397+07:00  [INF] Removing 0 device flow codes (171ba47d)
2020-07-29T14:19:52.9166935+07:00  [INF] Removing 0 grants (62cd9308)
2020-07-29T14:19:52.9181681+07:00  [INF] Removing 0 device flow codes (171ba47d)
2020-07-29T14:20:22.9311141+07:00  [INF] Removing 0 grants (62cd9308)
2020-07-29T14:20:22.9326079+07:00  [INF] Removing 0 device flow codes (171ba47d)
2020-07-29T14:20:52.9422358+07:00  [INF] Removing 0 grants (62cd9308)
2020-07-29T14:20:52.9446723+07:00  [INF] Removing 0 device flow codes (171ba47d)
2020-07-29T14:21:22.9556821+07:00  [INF] Removing 0 grants (62cd9308)
2020-07-29T14:21:22.9571671+07:00  [INF] Removing 0 device flow codes (171ba47d)
2020-07-29T14:21:52.9738565+07:00  [INF] Removing 0 grants (62cd9308)
2020-07-29T14:21:52.9764128+07:00  [INF] Removing 0 device flow codes (171ba47d)
2020-07-29T14:22:22.9831760+07:00  [INF] Removing 0 grants (62cd9308)
2020-07-29T14:22:22.9850888+07:00  [INF] Removing 0 device flow codes (171ba47d)
2020-07-29T14:22:28.6505166+07:00  [INF] Application is shutting down... (90f52c38)
2020-07-29T14:59:06.1504442+07:00  [INF] Starting IdentityServer4 version "3.1.3.0" (8add0571)
2020-07-29T14:59:06.2075991+07:00  [INF] Using the default authentication scheme "Identity.Application" for IdentityServer (4a54f457)
2020-07-29T14:59:06.8199975+07:00  [INF] Now listening on: "https://localhost:5001" (d826f4b8)
2020-07-29T14:59:06.8200841+07:00  [INF] Now listening on: "http://localhost:5000" (d826f4b8)
2020-07-29T14:59:06.8203423+07:00  [INF] Application started. Press Ctrl+C to shut down. (dcaefe54)
2020-07-29T14:59:06.8203950+07:00  [INF] Hosting environment: "Development" (c3307c92)
2020-07-29T14:59:06.8204419+07:00  [INF] Content root path: "D:\QucikApp\QuickApp.Standard\QuickApp" (b5d60022)
2020-07-29T14:59:36.7632539+07:00  [INF] Removing 0 grants (62cd9308)
2020-07-29T14:59:36.8128954+07:00  [INF] Removing 0 device flow codes (171ba47d)
2020-07-29T15:00:06.8591155+07:00  [INF] Removing 0 grants (62cd9308)
2020-07-29T15:00:06.8626477+07:00  [INF] Removing 0 device flow codes (171ba47d)
2020-07-29T15:00:36.9198454+07:00  [INF] Removing 0 grants (62cd9308)
2020-07-29T15:00:36.9282177+07:00  [INF] Removing 0 device flow codes (171ba47d)
2020-07-29T15:01:06.9670319+07:00  [INF] Removing 0 grants (62cd9308)
2020-07-29T15:01:06.9697022+07:00  [INF] Removing 0 device flow codes (171ba47d)
2020-07-29T15:01:36.9847683+07:00  [INF] Removing 0 grants (62cd9308)
2020-07-29T15:01:36.9924232+07:00  [INF] Removing 0 device flow codes (171ba47d)
2020-07-29T15:02:07.0007479+07:00  [INF] Removing 0 grants (62cd9308)
2020-07-29T15:02:07.0032982+07:00  [INF] Removing 0 device flow codes (171ba47d)
2020-07-29T15:02:22.4729461+07:00 0HM1JIL59RMVC:00000017 [INF] Invoking IdentityServer endpoint: "IdentityServer4.Endpoints.DiscoveryEndpoint" for "/.well-known/openid-configuration" (f7642de5)
2020-07-29T15:02:23.8630563+07:00 0HM1JIL59RMVC:00000019 [INF] Invoking IdentityServer endpoint: "IdentityServer4.Endpoints.DiscoveryKeyEndpoint" for "/.well-known/openid-configuration/jwks" (f7642de5)
2020-07-29T15:02:23.9860322+07:00 0HM1JIL59RMVC:0000001B [INF] Invoking IdentityServer endpoint: "IdentityServer4.Endpoints.TokenEndpoint" for "/connect/token" (f7642de5)
2020-07-29T15:02:25.3078276+07:00 0HM1JIL59RMVC:0000001B [INF] Credentials validated for username: "demo" (cb811aa7)
2020-07-29T15:02:25.3920949+07:00 0HM1JIL59RMVC:0000001B [INF] Token request validation success, TokenRequestValidationLog { ClientId: "quickapp_spa", ClientName: null, GrantType: "password", Scopes: "email offline_access openid phone profile quickapp_api roles", AuthorizationCode: null, RefreshToken: null, UserName: "demo", AuthenticationContextReferenceClasses: null, Tenant: null, IdP: null, Raw: [("username": "demo"), ("password": "***REDACTED***"), ("client_id": "quickapp_spa"), ("grant_type": "password"), ("scope": "openid email phone profile offline_access roles quickapp_api")] } (3a073258)
2020-07-29T15:02:37.0156468+07:00  [INF] Removing 0 grants (62cd9308)
2020-07-29T15:02:37.0200105+07:00  [INF] Removing 0 device flow codes (171ba47d)
2020-07-29T15:03:07.0295971+07:00  [INF] Removing 0 grants (62cd9308)
2020-07-29T15:03:07.0338095+07:00  [INF] Removing 0 device flow codes (171ba47d)
2020-07-29T15:03:37.0490430+07:00  [INF] Removing 0 grants (62cd9308)
2020-07-29T15:03:37.0527121+07:00  [INF] Removing 0 device flow codes (171ba47d)
2020-07-29T15:04:07.0605715+07:00  [INF] Removing 0 grants (62cd9308)
2020-07-29T15:04:07.0623250+07:00  [INF] Removing 0 device flow codes (171ba47d)
2020-07-29T15:04:37.0757366+07:00  [INF] Removing 0 grants (62cd9308)
2020-07-29T15:04:37.0794686+07:00  [INF] Removing 0 device flow codes (171ba47d)
2020-07-29T15:05:07.0930182+07:00  [INF] Removing 0 grants (62cd9308)
2020-07-29T15:05:07.0955823+07:00  [INF] Removing 0 device flow codes (171ba47d)
2020-07-29T15:05:37.1096826+07:00  [INF] Removing 0 grants (62cd9308)
2020-07-29T15:05:37.1126468+07:00  [INF] Removing 0 device flow codes (171ba47d)
2020-07-29T15:06:07.1216356+07:00  [INF] Removing 0 grants (62cd9308)
2020-07-29T15:06:07.1247209+07:00  [INF] Removing 0 device flow codes (171ba47d)
2020-07-29T15:06:37.1527191+07:00  [INF] Removing 0 grants (62cd9308)
2020-07-29T15:06:37.1606985+07:00  [INF] Removing 0 device flow codes (171ba47d)
2020-07-29T15:07:07.1865488+07:00  [INF] Removing 0 grants (62cd9308)
2020-07-29T15:07:07.1896099+07:00  [INF] Removing 0 device flow codes (171ba47d)
2020-07-29T15:07:37.1952331+07:00  [INF] Removing 0 grants (62cd9308)
2020-07-29T15:07:37.1969079+07:00  [INF] Removing 0 device flow codes (171ba47d)
2020-07-29T15:08:07.2060191+07:00  [INF] Removing 0 grants (62cd9308)
2020-07-29T15:08:07.2082706+07:00  [INF] Removing 0 device flow codes (171ba47d)
2020-07-29T15:08:37.2164501+07:00  [INF] Removing 0 grants (62cd9308)
2020-07-29T15:08:37.2185300+07:00  [INF] Removing 0 device flow codes (171ba47d)
2020-07-29T15:09:07.2275724+07:00  [INF] Removing 0 grants (62cd9308)
2020-07-29T15:09:07.2292584+07:00  [INF] Removing 0 device flow codes (171ba47d)
2020-07-29T15:09:37.2362244+07:00  [INF] Removing 0 grants (62cd9308)
2020-07-29T15:09:37.2382001+07:00  [INF] Removing 0 device flow codes (171ba47d)
2020-07-29T15:10:07.2470369+07:00  [INF] Removing 0 grants (62cd9308)
2020-07-29T15:10:07.2488076+07:00  [INF] Removing 0 device flow codes (171ba47d)
2020-07-29T15:10:37.2520447+07:00  [INF] Removing 0 grants (62cd9308)
2020-07-29T15:10:37.2536469+07:00  [INF] Removing 0 device flow codes (171ba47d)
2020-07-29T15:11:07.2629924+07:00  [INF] Removing 0 grants (62cd9308)
2020-07-29T15:11:07.2645621+07:00  [INF] Removing 0 device flow codes (171ba47d)
2020-07-29T15:11:37.2793066+07:00  [INF] Removing 0 grants (62cd9308)
2020-07-29T15:11:37.2815820+07:00  [INF] Removing 0 device flow codes (171ba47d)
2020-07-29T15:12:07.2950750+07:00  [INF] Removing 0 grants (62cd9308)
2020-07-29T15:12:07.2968123+07:00  [INF] Removing 0 device flow codes (171ba47d)
2020-07-29T15:12:37.3081033+07:00  [INF] Removing 0 grants (62cd9308)
2020-07-29T15:12:37.3096050+07:00  [INF] Removing 0 device flow codes (171ba47d)
2020-07-29T15:13:07.3165381+07:00  [INF] Removing 0 grants (62cd9308)
2020-07-29T15:13:07.3181127+07:00  [INF] Removing 0 device flow codes (171ba47d)
2020-07-29T15:13:37.3250165+07:00  [INF] Removing 0 grants (62cd9308)
2020-07-29T15:13:37.3264190+07:00  [INF] Removing 0 device flow codes (171ba47d)
2020-07-29T15:14:07.3290798+07:00  [INF] Removing 0 grants (62cd9308)
2020-07-29T15:14:07.3305863+07:00  [INF] Removing 0 device flow codes (171ba47d)
2020-07-29T15:14:37.3408741+07:00  [INF] Removing 0 grants (62cd9308)
2020-07-29T15:14:37.3434649+07:00  [INF] Removing 0 device flow codes (171ba47d)
2020-07-29T15:15:07.3565901+07:00  [INF] Removing 0 grants (62cd9308)
2020-07-29T15:15:07.3580762+07:00  [INF] Removing 0 device flow codes (171ba47d)
2020-07-29T15:15:37.3698650+07:00  [INF] Removing 0 grants (62cd9308)
2020-07-29T15:15:37.3716659+07:00  [INF] Removing 0 device flow codes (171ba47d)
2020-07-29T15:16:07.3850877+07:00  [INF] Removing 0 grants (62cd9308)
2020-07-29T15:16:07.3867336+07:00  [INF] Removing 0 device flow codes (171ba47d)
2020-07-29T15:16:37.3957353+07:00  [INF] Removing 0 grants (62cd9308)
2020-07-29T15:16:37.3971645+07:00  [INF] Removing 0 device flow codes (171ba47d)
2020-07-29T15:17:07.4076136+07:00  [INF] Removing 0 grants (62cd9308)
2020-07-29T15:17:07.4102798+07:00  [INF] Removing 0 device flow codes (171ba47d)
2020-07-29T15:17:37.4169625+07:00  [INF] Removing 0 grants (62cd9308)
2020-07-29T15:17:37.4185252+07:00  [INF] Removing 0 device flow codes (171ba47d)
2020-07-29T15:18:07.4335171+07:00  [INF] Removing 0 grants (62cd9308)
2020-07-29T15:18:07.4356012+07:00  [INF] Removing 0 device flow codes (171ba47d)
2020-07-29T15:18:37.5300612+07:00  [INF] Removing 0 grants (62cd9308)
2020-07-29T15:18:37.5353553+07:00  [INF] Removing 0 device flow codes (171ba47d)
2020-07-29T15:19:07.5419863+07:00  [INF] Removing 0 grants (62cd9308)
2020-07-29T15:19:07.5434043+07:00  [INF] Removing 0 device flow codes (171ba47d)
2020-07-29T15:19:37.5470059+07:00  [INF] Removing 0 grants (62cd9308)
2020-07-29T15:19:37.5488632+07:00  [INF] Removing 0 device flow codes (171ba47d)
2020-07-29T15:20:07.5594658+07:00  [INF] Removing 0 grants (62cd9308)
2020-07-29T15:20:07.5612502+07:00  [INF] Removing 0 device flow codes (171ba47d)
2020-07-29T15:20:37.5738759+07:00  [INF] Removing 0 grants (62cd9308)
2020-07-29T15:20:37.5753254+07:00  [INF] Removing 0 device flow codes (171ba47d)
2020-07-29T15:21:07.5786155+07:00  [INF] Removing 0 grants (62cd9308)
2020-07-29T15:21:07.5800763+07:00  [INF] Removing 0 device flow codes (171ba47d)
2020-07-29T15:21:37.5884989+07:00  [INF] Removing 0 grants (62cd9308)
2020-07-29T15:21:37.5904324+07:00  [INF] Removing 0 device flow codes (171ba47d)
2020-07-29T15:22:07.6039905+07:00  [INF] Removing 0 grants (62cd9308)
2020-07-29T15:22:07.6053095+07:00  [INF] Removing 0 device flow codes (171ba47d)
2020-07-29T15:22:37.6193443+07:00  [INF] Removing 0 grants (62cd9308)
2020-07-29T15:22:37.6211708+07:00  [INF] Removing 0 device flow codes (171ba47d)
2020-07-29T15:23:07.6367652+07:00  [INF] Removing 0 grants (62cd9308)
2020-07-29T15:23:07.6382850+07:00  [INF] Removing 0 device flow codes (171ba47d)
2020-07-29T15:23:37.6497032+07:00  [INF] Removing 0 grants (62cd9308)
2020-07-29T15:23:37.6515067+07:00  [INF] Removing 0 device flow codes (171ba47d)
2020-07-29T15:24:07.6579279+07:00  [INF] Removing 0 grants (62cd9308)
2020-07-29T15:24:07.6598315+07:00  [INF] Removing 0 device flow codes (171ba47d)
2020-07-29T15:24:37.6662144+07:00  [INF] Removing 0 grants (62cd9308)
2020-07-29T15:24:37.6825840+07:00  [INF] Removing 0 device flow codes (171ba47d)
2020-07-29T15:25:07.6996543+07:00  [INF] Removing 0 grants (62cd9308)
2020-07-29T15:25:07.7015969+07:00  [INF] Removing 0 device flow codes (171ba47d)
2020-07-29T15:25:37.7047708+07:00  [INF] Removing 0 grants (62cd9308)
2020-07-29T15:25:37.7066385+07:00  [INF] Removing 0 device flow codes (171ba47d)
2020-07-29T15:26:07.7237845+07:00  [INF] Removing 0 grants (62cd9308)
2020-07-29T15:26:07.7253431+07:00  [INF] Removing 0 device flow codes (171ba47d)
2020-07-29T15:26:37.7408202+07:00  [INF] Removing 0 grants (62cd9308)
2020-07-29T15:26:37.7429313+07:00  [INF] Removing 0 device flow codes (171ba47d)
2020-07-29T15:27:07.7478548+07:00  [INF] Removing 0 grants (62cd9308)
2020-07-29T15:27:07.7495995+07:00  [INF] Removing 0 device flow codes (171ba47d)
2020-07-29T15:27:37.7593848+07:00  [INF] Removing 0 grants (62cd9308)
2020-07-29T15:27:37.7610871+07:00  [INF] Removing 0 device flow codes (171ba47d)
2020-07-29T15:28:06.3880990+07:00  [INF] Application is shutting down... (90f52c38)
2020-07-29T16:10:53.1237246+07:00  [INF] Starting IdentityServer4 version "3.1.3.0" (8add0571)
2020-07-29T16:10:53.1849130+07:00  [INF] Using the default authentication scheme "Identity.Application" for IdentityServer (4a54f457)
2020-07-29T16:10:53.6515408+07:00  [INF] Now listening on: "https://localhost:5001" (d826f4b8)
2020-07-29T16:10:53.6516135+07:00  [INF] Now listening on: "http://localhost:5000" (d826f4b8)
2020-07-29T16:10:53.6519648+07:00  [INF] Application started. Press Ctrl+C to shut down. (dcaefe54)
2020-07-29T16:10:53.6520226+07:00  [INF] Hosting environment: "Development" (c3307c92)
2020-07-29T16:10:53.6521229+07:00  [INF] Content root path: "D:\QucikApp\QuickApp.Standard\QuickApp" (b5d60022)
2020-07-29T16:11:23.8575985+07:00  [INF] Removing 0 grants (62cd9308)
2020-07-29T16:11:23.9542225+07:00  [INF] Removing 0 device flow codes (171ba47d)
2020-07-29T16:11:53.9845066+07:00  [INF] Removing 0 grants (62cd9308)
2020-07-29T16:11:53.9872440+07:00  [INF] Removing 0 device flow codes (171ba47d)
2020-07-29T16:12:24.1146881+07:00  [INF] Removing 0 grants (62cd9308)
2020-07-29T16:12:24.1263440+07:00  [INF] Removing 0 device flow codes (171ba47d)
2020-07-29T16:12:54.1504693+07:00  [INF] Removing 0 grants (62cd9308)
2020-07-29T16:12:54.1536964+07:00  [INF] Removing 0 device flow codes (171ba47d)
2020-07-29T16:13:24.2365984+07:00  [INF] Removing 0 grants (62cd9308)
2020-07-29T16:13:24.2409384+07:00  [INF] Removing 0 device flow codes (171ba47d)
2020-07-29T16:13:54.2666557+07:00  [INF] Removing 0 grants (62cd9308)
2020-07-29T16:13:54.2692392+07:00  [INF] Removing 0 device flow codes (171ba47d)
2020-07-29T16:14:24.3008749+07:00  [INF] Removing 0 grants (62cd9308)
2020-07-29T16:14:24.3070599+07:00  [INF] Removing 0 device flow codes (171ba47d)
2020-07-29T16:14:54.3760071+07:00  [INF] Removing 0 grants (62cd9308)
2020-07-29T16:14:54.3810292+07:00  [INF] Removing 0 device flow codes (171ba47d)
2020-07-29T16:15:24.3966705+07:00  [INF] Removing 0 grants (62cd9308)
2020-07-29T16:15:24.4014772+07:00  [INF] Removing 0 device flow codes (171ba47d)
2020-07-29T16:15:54.4593153+07:00  [INF] Removing 0 grants (62cd9308)
2020-07-29T16:15:54.4616935+07:00  [INF] Removing 0 device flow codes (171ba47d)
2020-07-29T16:16:24.5163965+07:00  [INF] Removing 0 grants (62cd9308)
2020-07-29T16:16:24.5203541+07:00  [INF] Removing 0 device flow codes (171ba47d)
2020-07-29T16:16:42.9023094+07:00  [INF] Application is shutting down... (90f52c38)
