2020-09-10T15:10:45.1057997+07:00  [INF] Starting IdentityServer4 version "3.1.3.0" (8add0571)
2020-09-10T15:10:45.2576775+07:00  [INF] Using the default authentication scheme "Identity.Application" for IdentityServer (4a54f457)
2020-09-10T15:10:46.6345875+07:00  [INF] Now listening on: "https://localhost:5001" (d826f4b8)
2020-09-10T15:10:46.6376959+07:00  [INF] Now listening on: "http://localhost:5000" (d826f4b8)
2020-09-10T15:10:46.6417820+07:00  [INF] Application started. Press Ctrl+C to shut down. (dcaefe54)
2020-09-10T15:10:46.6469338+07:00  [INF] Hosting environment: "Development" (c3307c92)
2020-09-10T15:10:46.6516310+07:00  [INF] Content root path: "D:\CmsApp\CmsApp" (b5d60022)
2020-09-10T15:11:16.3420800+07:00  [INF] Removing 0 grants (62cd9308)
2020-09-10T15:11:16.5188444+07:00  [INF] Removing 0 device flow codes (171ba47d)
2020-09-10T15:11:46.5778529+07:00  [INF] Removing 0 grants (62cd9308)
2020-09-10T15:11:46.6046135+07:00  [INF] Removing 0 device flow codes (171ba47d)
2020-09-10T15:12:16.8090369+07:00  [INF] Removing 0 grants (62cd9308)
2020-09-10T15:12:16.8362481+07:00  [INF] Removing 0 device flow codes (171ba47d)
2020-09-10T15:12:46.8691038+07:00  [INF] Removing 0 grants (62cd9308)
2020-09-10T15:12:46.9029724+07:00  [INF] Removing 0 device flow codes (171ba47d)
2020-09-10T15:13:16.9268478+07:00  [INF] Removing 0 grants (62cd9308)
2020-09-10T15:13:16.9621053+07:00  [INF] Removing 0 device flow codes (171ba47d)
2020-09-10T15:13:47.0065721+07:00  [INF] Removing 0 grants (62cd9308)
2020-09-10T15:13:47.0254033+07:00  [INF] Removing 0 device flow codes (171ba47d)
2020-09-10T15:29:16.5171898+07:00  [INF] Removing 0 grants (62cd9308)
2020-09-10T15:29:16.5560954+07:00  [INF] Removing 0 device flow codes (171ba47d)
2020-09-10T15:29:46.5776866+07:00  [INF] Removing 0 grants (62cd9308)
2020-09-10T15:29:46.5891996+07:00  [INF] Removing 0 device flow codes (171ba47d)
2020-09-10T15:30:23.4550780+07:00  [INF] Removing 0 grants (62cd9308)
2020-09-10T15:30:23.4787052+07:00  [INF] Removing 0 device flow codes (171ba47d)
2020-09-10T15:30:59.3154699+07:00  [INF] Removing 0 grants (62cd9308)
2020-09-10T15:31:00.0580977+07:00  [INF] Removing 0 device flow codes (171ba47d)
2020-09-10T15:31:48.0721192+07:00  [INF] Removing 0 grants (62cd9308)
2020-09-10T15:31:48.0804422+07:00  [INF] Removing 0 device flow codes (171ba47d)
2020-09-10T15:31:48.8533314+07:00 0HM2LC42P4PC0:00000001 [INF] Invoking IdentityServer endpoint: "IdentityServer4.Endpoints.DiscoveryEndpoint" for "/.well-known/openid-configuration" (f7642de5)
2020-09-10T15:32:18.2007026+07:00  [INF] Removing 0 grants (62cd9308)
2020-09-10T15:32:18.3328208+07:00  [INF] Removing 0 device flow codes (171ba47d)
2020-09-10T15:32:49.5094694+07:00  [INF] Removing 0 grants (62cd9308)
2020-09-10T15:32:51.6211535+07:00  [INF] Removing 0 device flow codes (171ba47d)
2020-09-10T15:32:53.1213724+07:00 0HM2LC42P4PC1:00000001 [INF] Invoking IdentityServer endpoint: "IdentityServer4.Endpoints.DiscoveryKeyEndpoint" for "/.well-known/openid-configuration/jwks" (f7642de5)
2020-09-10T15:33:13.6631118+07:00 0HM2LC42P4PC2:00000001 [INF] Invoking IdentityServer endpoint: "IdentityServer4.Endpoints.TokenEndpoint" for "/connect/token" (f7642de5)
2020-09-10T15:33:21.9616110+07:00  [INF] Removing 0 grants (62cd9308)
2020-09-10T15:33:21.9742587+07:00  [INF] Removing 0 device flow codes (171ba47d)
2020-09-10T15:33:30.4049451+07:00 0HM2LC42P4PC2:00000001 [INF] Credentials validated for username: "user" (cb811aa7)
2020-09-10T15:33:30.5159401+07:00 0HM2LC42P4PC2:00000001 [INF] Token request validation success, TokenRequestValidationLog { ClientId: "quickapp_spa", ClientName: null, GrantType: "password", Scopes: "email offline_access openid phone profile quickapp_api roles", AuthorizationCode: null, RefreshToken: null, UserName: "user", AuthenticationContextReferenceClasses: null, Tenant: null, IdP: null, Raw: [("username": "user"), ("password": "***REDACTED***"), ("client_id": "quickapp_spa"), ("grant_type": "password"), ("scope": "openid email phone profile offline_access roles quickapp_api")] } (3a073258)
2020-09-10T15:33:54.2360417+07:00  [INF] Removing 0 grants (62cd9308)
2020-09-10T15:33:54.2509255+07:00  [INF] Removing 0 device flow codes (171ba47d)
2020-09-10T15:34:26.7622887+07:00  [INF] Removing 0 grants (62cd9308)
2020-09-10T15:34:26.7731069+07:00  [INF] Removing 0 device flow codes (171ba47d)
2020-09-10T15:34:56.9752750+07:00  [INF] Removing 0 grants (62cd9308)
2020-09-10T15:34:56.9957880+07:00  [INF] Removing 0 device flow codes (171ba47d)
2020-09-10T15:35:27.5102384+07:00  [INF] Removing 0 grants (62cd9308)
2020-09-10T15:35:27.5482644+07:00  [INF] Removing 0 device flow codes (171ba47d)
2020-09-10T15:36:41.2777186+07:00  [INF] Removing 0 grants (62cd9308)
2020-09-10T15:36:41.3154360+07:00  [INF] Removing 0 device flow codes (171ba47d)
2020-09-10T15:37:22.2096137+07:00  [INF] Removing 0 grants (62cd9308)
2020-09-10T15:37:22.2328268+07:00  [INF] Removing 0 device flow codes (171ba47d)
2020-09-10T15:38:18.5747243+07:00  [INF] Removing 0 grants (62cd9308)
2020-09-10T15:38:19.1168763+07:00  [INF] Removing 0 device flow codes (171ba47d)
2020-09-10T15:38:55.9649029+07:00  [INF] Removing 0 grants (62cd9308)
2020-09-10T15:38:55.9930969+07:00  [INF] Removing 0 device flow codes (171ba47d)
2020-09-10T15:39:26.0081975+07:00  [INF] Removing 0 grants (62cd9308)
2020-09-10T15:39:26.0185118+07:00  [INF] Removing 0 device flow codes (171ba47d)
2020-09-10T15:39:56.0425734+07:00  [INF] Removing 0 grants (62cd9308)
2020-09-10T15:39:56.0497999+07:00  [INF] Removing 0 device flow codes (171ba47d)
2020-09-10T15:40:26.0989189+07:00  [INF] Removing 0 grants (62cd9308)
2020-09-10T15:40:26.1271307+07:00  [INF] Removing 0 device flow codes (171ba47d)
2020-09-10T15:40:56.1696148+07:00  [INF] Removing 0 grants (62cd9308)
2020-09-10T15:40:56.1819811+07:00  [INF] Removing 0 device flow codes (171ba47d)
2020-09-10T15:41:26.2163409+07:00  [INF] Removing 0 grants (62cd9308)
2020-09-10T15:41:26.2248652+07:00  [INF] Removing 0 device flow codes (171ba47d)
2020-09-10T15:41:56.2528216+07:00  [INF] Removing 0 grants (62cd9308)
2020-09-10T15:41:56.2754792+07:00  [INF] Removing 0 device flow codes (171ba47d)
2020-09-10T15:42:26.3047536+07:00  [INF] Removing 0 grants (62cd9308)
2020-09-10T15:42:26.3265406+07:00  [INF] Removing 0 device flow codes (171ba47d)
2020-09-10T15:42:56.3365994+07:00  [INF] Removing 0 grants (62cd9308)
2020-09-10T15:42:56.3470120+07:00  [INF] Removing 0 device flow codes (171ba47d)
2020-09-10T15:43:26.3720905+07:00  [INF] Removing 0 grants (62cd9308)
2020-09-10T15:43:26.4083150+07:00  [INF] Removing 0 device flow codes (171ba47d)
2020-09-10T15:43:56.4285210+07:00  [INF] Removing 0 grants (62cd9308)
2020-09-10T15:43:56.4494971+07:00  [INF] Removing 0 device flow codes (171ba47d)
2020-09-10T15:44:26.4816523+07:00  [INF] Removing 0 grants (62cd9308)
2020-09-10T15:44:26.5015251+07:00  [INF] Removing 0 device flow codes (171ba47d)
2020-09-10T15:44:56.5244177+07:00  [INF] Removing 0 grants (62cd9308)
2020-09-10T15:44:56.5330953+07:00  [INF] Removing 0 device flow codes (171ba47d)
2020-09-10T15:45:26.5541922+07:00  [INF] Removing 0 grants (62cd9308)
2020-09-10T15:45:26.5635690+07:00  [INF] Removing 0 device flow codes (171ba47d)
2020-09-10T15:45:56.6092059+07:00  [INF] Removing 0 grants (62cd9308)
2020-09-10T15:45:56.6196671+07:00  [INF] Removing 0 device flow codes (171ba47d)
2020-09-10T15:46:26.6321785+07:00  [INF] Removing 0 grants (62cd9308)
2020-09-10T15:46:26.6396984+07:00  [INF] Removing 0 device flow codes (171ba47d)
2020-09-10T15:46:56.6472532+07:00  [INF] Removing 0 grants (62cd9308)
2020-09-10T15:46:56.6537232+07:00  [INF] Removing 0 device flow codes (171ba47d)
2020-09-10T15:47:26.6709555+07:00  [INF] Removing 0 grants (62cd9308)
2020-09-10T15:47:26.6826229+07:00  [INF] Removing 0 device flow codes (171ba47d)
2020-09-10T15:47:56.7293920+07:00  [INF] Removing 0 grants (62cd9308)
2020-09-10T15:47:56.7606147+07:00  [INF] Removing 0 device flow codes (171ba47d)
2020-09-10T15:48:21.7968904+07:00 0HM2LC42P4PCT:00000001 [INF] Invoking IdentityServer endpoint: "IdentityServer4.Endpoints.DiscoveryEndpoint" for "/.well-known/openid-configuration" (f7642de5)
2020-09-10T15:48:21.8469630+07:00 0HM2LC42P4PCT:00000003 [INF] Invoking IdentityServer endpoint: "IdentityServer4.Endpoints.DiscoveryKeyEndpoint" for "/.well-known/openid-configuration/jwks" (f7642de5)
2020-09-10T15:48:21.8747129+07:00 0HM2LC42P4PCT:00000005 [INF] Invoking IdentityServer endpoint: "IdentityServer4.Endpoints.TokenEndpoint" for "/connect/token" (f7642de5)
2020-09-10T15:48:22.0288099+07:00 0HM2LC42P4PCT:00000005 [INF] Credentials validated for username: "user" (cb811aa7)
2020-09-10T15:48:22.0348663+07:00 0HM2LC42P4PCT:00000005 [INF] Token request validation success, TokenRequestValidationLog { ClientId: "quickapp_spa", ClientName: null, GrantType: "password", Scopes: "email offline_access openid phone profile quickapp_api roles", AuthorizationCode: null, RefreshToken: null, UserName: "user", AuthenticationContextReferenceClasses: null, Tenant: null, IdP: null, Raw: [("username": "user"), ("password": "***REDACTED***"), ("client_id": "quickapp_spa"), ("grant_type": "password"), ("scope": "openid email phone profile offline_access roles quickapp_api")] } (3a073258)
2020-09-10T15:48:26.7736137+07:00  [INF] Removing 0 grants (62cd9308)
2020-09-10T15:48:26.7834551+07:00  [INF] Removing 0 device flow codes (171ba47d)
2020-09-10T15:48:56.7947357+07:00  [INF] Removing 0 grants (62cd9308)
2020-09-10T15:48:56.8103855+07:00  [INF] Removing 0 device flow codes (171ba47d)
2020-09-10T15:49:26.8305368+07:00  [INF] Removing 0 grants (62cd9308)
2020-09-10T15:49:26.8395836+07:00  [INF] Removing 0 device flow codes (171ba47d)
2020-09-10T15:49:56.8800205+07:00  [INF] Removing 0 grants (62cd9308)
2020-09-10T15:49:56.9005198+07:00  [INF] Removing 0 device flow codes (171ba47d)
2020-09-10T15:50:26.9181712+07:00  [INF] Removing 0 grants (62cd9308)
2020-09-10T15:50:26.9276144+07:00  [INF] Removing 0 device flow codes (171ba47d)
2020-09-10T15:50:56.9476724+07:00  [INF] Removing 0 grants (62cd9308)
2020-09-10T15:50:56.9552792+07:00  [INF] Removing 0 device flow codes (171ba47d)
2020-09-10T15:51:26.9782104+07:00  [INF] Removing 0 grants (62cd9308)
2020-09-10T15:51:26.9887398+07:00  [INF] Removing 0 device flow codes (171ba47d)
2020-09-10T15:51:57.0369693+07:00  [INF] Removing 0 grants (62cd9308)
2020-09-10T15:51:57.1154310+07:00  [INF] Removing 0 device flow codes (171ba47d)
2020-09-10T15:52:27.1267158+07:00  [INF] Removing 0 grants (62cd9308)
2020-09-10T15:52:27.1352501+07:00  [INF] Removing 0 device flow codes (171ba47d)
2020-09-10T15:52:57.2019760+07:00  [INF] Removing 0 grants (62cd9308)
2020-09-10T15:52:57.2254684+07:00  [INF] Removing 0 device flow codes (171ba47d)
2020-09-10T15:53:27.2587093+07:00  [INF] Removing 0 grants (62cd9308)
2020-09-10T15:53:27.2784530+07:00  [INF] Removing 0 device flow codes (171ba47d)
