2020-09-29T13:54:28.4010170+07:00  [INF] Starting IdentityServer4 version "3.1.3.0" (8add0571)
2020-09-29T13:54:28.7945066+07:00  [INF] Using the default authentication scheme "Identity.Application" for IdentityServer (4a54f457)
2020-09-29T13:54:32.1920848+07:00  [INF] Application started. Press Ctrl+C to shut down. (dcaefe54)
2020-09-29T13:54:32.1964068+07:00  [INF] Hosting environment: "Development" (c3307c92)
2020-09-29T13:54:32.1991463+07:00  [INF] Content root path: "D:\CmsApp\CmsApp" (b5d60022)
2020-09-29T13:55:03.5045751+07:00  [INF] Removing 6 grants (62cd9308)
2020-09-29T13:55:05.9768805+07:00  [INF] Removing 0 device flow codes (171ba47d)
2020-09-29T13:55:36.0527189+07:00  [INF] Removing 0 grants (62cd9308)
2020-09-29T13:55:36.1019789+07:00  [INF] Removing 0 device flow codes (171ba47d)
2020-09-29T13:56:06.1263059+07:00  [INF] Removing 0 grants (62cd9308)
2020-09-29T13:56:06.1495767+07:00  [INF] Removing 0 device flow codes (171ba47d)
2020-09-29T13:56:36.2021292+07:00  [INF] Removing 0 grants (62cd9308)
2020-09-29T13:56:36.2293172+07:00  [INF] Removing 0 device flow codes (171ba47d)
2020-09-29T13:57:06.2505446+07:00  [INF] Removing 0 grants (62cd9308)
2020-09-29T13:57:06.2601491+07:00  [INF] Removing 0 device flow codes (171ba47d)
2020-09-29T13:57:36.3015112+07:00  [INF] Removing 0 grants (62cd9308)
2020-09-29T13:57:36.3180790+07:00  [INF] Removing 0 device flow codes (171ba47d)
2020-09-29T13:58:06.3357923+07:00  [INF] Removing 0 grants (62cd9308)
2020-09-29T13:58:06.3654886+07:00  [INF] Removing 0 device flow codes (171ba47d)
2020-09-29T13:58:36.4125328+07:00  [INF] Removing 0 grants (62cd9308)
2020-09-29T13:58:36.4244717+07:00  [INF] Removing 0 device flow codes (171ba47d)
2020-09-29T13:59:06.6927872+07:00  [INF] Removing 0 grants (62cd9308)
2020-09-29T13:59:06.7209042+07:00  [INF] Removing 0 device flow codes (171ba47d)
2020-09-29T13:59:36.7557741+07:00  [INF] Removing 0 grants (62cd9308)
2020-09-29T13:59:36.7817641+07:00  [INF] Removing 0 device flow codes (171ba47d)
2020-09-29T14:00:06.8894953+07:00  [INF] Removing 0 grants (62cd9308)
2020-09-29T14:00:06.9633554+07:00  [INF] Removing 0 device flow codes (171ba47d)
2020-09-29T14:00:20.5124648+07:00 80000020-0002-ed00-b63f-84710c7967bb [ERR] An unhandled exception has occurred while executing the request. (48a46595)
System.TimeoutException: The Angular CLI process did not start listening for requests within the timeout period of 0 seconds. Check the log output for error information.
   at Microsoft.AspNetCore.SpaServices.Extensions.Util.TaskTimeoutExtensions.WithTimeout[T](Task`1 task, TimeSpan timeoutDelay, String message)
   at Microsoft.AspNetCore.SpaServices.Extensions.Proxy.SpaProxy.PerformProxyRequest(HttpContext context, HttpClient httpClient, Task`1 baseUriTask, CancellationToken applicationStoppingToken, Boolean proxy404s)
   at Microsoft.AspNetCore.Builder.SpaProxyingExtensions.<>c__DisplayClass2_0.<<UseProxyToSpaDevelopmentServer>b__0>d.MoveNext()
--- End of stack trace from previous location where exception was thrown ---
   at Swashbuckle.AspNetCore.SwaggerUI.SwaggerUIMiddleware.Invoke(HttpContext httpContext)
   at Swashbuckle.AspNetCore.Swagger.SwaggerMiddleware.Invoke(HttpContext httpContext, ISwaggerProvider swaggerProvider)
   at Microsoft.AspNetCore.Authorization.AuthorizationMiddleware.Invoke(HttpContext context)
   at IdentityServer4.Hosting.IdentityServerMiddleware.Invoke(HttpContext context, IEndpointRouter router, IUserSession session, IEventService events)
   at IdentityServer4.Hosting.MutualTlsTokenEndpointMiddleware.Invoke(HttpContext context, IAuthenticationSchemeProvider schemes)
   at Microsoft.AspNetCore.Authentication.AuthenticationMiddleware.Invoke(HttpContext context)
   at IdentityServer4.Hosting.BaseUrlMiddleware.Invoke(HttpContext context)
   at Microsoft.AspNetCore.Diagnostics.DeveloperExceptionPageMiddleware.Invoke(HttpContext context)
2020-09-29T14:00:37.1208050+07:00  [INF] Removing 0 grants (62cd9308)
2020-09-29T14:00:37.1383731+07:00  [INF] Removing 0 device flow codes (171ba47d)
2020-09-29T14:01:07.1669658+07:00  [INF] Removing 0 grants (62cd9308)
2020-09-29T14:01:07.2800691+07:00  [INF] Removing 0 device flow codes (171ba47d)
2020-09-29T14:04:38.4484423+07:00  [INF] Starting IdentityServer4 version "3.1.3.0" (8add0571)
2020-09-29T14:04:38.9449546+07:00  [INF] Using the default authentication scheme "Identity.Application" for IdentityServer (4a54f457)
2020-09-29T14:04:42.5884247+07:00  [INF] Now listening on: "https://localhost:5001" (d826f4b8)
2020-09-29T14:04:42.5886503+07:00  [INF] Now listening on: "http://localhost:5000" (d826f4b8)
2020-09-29T14:04:42.5889671+07:00  [INF] Application started. Press Ctrl+C to shut down. (dcaefe54)
2020-09-29T14:04:42.5890206+07:00  [INF] Hosting environment: "Development" (c3307c92)
2020-09-29T14:04:42.5890647+07:00  [INF] Content root path: "D:\CmsApp\CmsApp" (b5d60022)
2020-09-29T14:05:08.7052558+07:00  [INF] Removing 0 grants (62cd9308)
2020-09-29T14:05:08.8083159+07:00  [INF] Removing 0 device flow codes (171ba47d)
2020-09-29T14:05:38.8312472+07:00  [INF] Removing 0 grants (62cd9308)
2020-09-29T14:05:38.8332156+07:00  [INF] Removing 0 device flow codes (171ba47d)
2020-09-29T14:06:08.8488583+07:00  [INF] Removing 0 grants (62cd9308)
2020-09-29T14:06:08.8529300+07:00  [INF] Removing 0 device flow codes (171ba47d)
2020-09-29T14:06:38.8740257+07:00  [INF] Removing 0 grants (62cd9308)
2020-09-29T14:06:38.8785567+07:00  [INF] Removing 0 device flow codes (171ba47d)
2020-09-29T14:07:08.9387869+07:00  [INF] Removing 0 grants (62cd9308)
2020-09-29T14:07:08.9468388+07:00  [INF] Removing 0 device flow codes (171ba47d)
2020-09-29T14:07:38.9534121+07:00  [INF] Removing 0 grants (62cd9308)
2020-09-29T14:07:38.9573257+07:00  [INF] Removing 0 device flow codes (171ba47d)
2020-09-29T14:08:08.9704171+07:00  [INF] Removing 0 grants (62cd9308)
2020-09-29T14:08:08.9730261+07:00  [INF] Removing 0 device flow codes (171ba47d)
2020-09-29T14:08:38.9914553+07:00  [INF] Removing 0 grants (62cd9308)
2020-09-29T14:08:38.9992037+07:00  [INF] Removing 0 device flow codes (171ba47d)
2020-09-29T14:08:44.3300720+07:00 0HM348OCKRPK2:00000001 [INF] Invoking IdentityServer endpoint: "IdentityServer4.Endpoints.DiscoveryEndpoint" for "/.well-known/openid-configuration" (f7642de5)
2020-09-29T14:08:47.8682011+07:00 0HM348OCKRPK2:00000003 [INF] Invoking IdentityServer endpoint: "IdentityServer4.Endpoints.DiscoveryKeyEndpoint" for "/.well-known/openid-configuration/jwks" (f7642de5)
2020-09-29T14:08:48.0323081+07:00 0HM348OCKRPK2:00000005 [INF] Invoking IdentityServer endpoint: "IdentityServer4.Endpoints.TokenEndpoint" for "/connect/token" (f7642de5)
2020-09-29T14:08:50.6871313+07:00 0HM348OCKRPK2:00000005 [INF] Credentials validated for username: "user" (cb811aa7)
2020-09-29T14:08:50.8062192+07:00 0HM348OCKRPK2:00000005 [INF] Token request validation success, TokenRequestValidationLog { ClientId: "quickapp_spa", ClientName: null, GrantType: "password", Scopes: "email offline_access openid phone profile quickapp_api roles", AuthorizationCode: null, RefreshToken: null, UserName: "user", AuthenticationContextReferenceClasses: null, Tenant: null, IdP: null, Raw: [("username": "user"), ("password": "***REDACTED***"), ("client_id": "quickapp_spa"), ("grant_type": "password"), ("scope": "openid email phone profile offline_access roles quickapp_api")] } (3a073258)
2020-09-29T14:09:09.0591383+07:00  [INF] Removing 0 grants (62cd9308)
2020-09-29T14:09:09.0643095+07:00  [INF] Removing 0 device flow codes (171ba47d)
2020-09-29T14:09:39.0721361+07:00  [INF] Removing 0 grants (62cd9308)
2020-09-29T14:09:39.0737663+07:00  [INF] Removing 0 device flow codes (171ba47d)
2020-09-29T14:10:09.0870934+07:00  [INF] Removing 0 grants (62cd9308)
2020-09-29T14:10:09.0894731+07:00  [INF] Removing 0 device flow codes (171ba47d)
2020-09-29T14:10:39.1029172+07:00  [INF] Removing 0 grants (62cd9308)
2020-09-29T14:10:39.1051347+07:00  [INF] Removing 0 device flow codes (171ba47d)
2020-09-29T14:11:09.1229503+07:00  [INF] Removing 0 grants (62cd9308)
2020-09-29T14:11:09.1247441+07:00  [INF] Removing 0 device flow codes (171ba47d)
2020-09-29T14:11:39.1383416+07:00  [INF] Removing 0 grants (62cd9308)
2020-09-29T14:11:39.1445701+07:00  [INF] Removing 0 device flow codes (171ba47d)
2020-09-29T14:12:09.1510979+07:00  [INF] Removing 0 grants (62cd9308)
2020-09-29T14:12:09.1527897+07:00  [INF] Removing 0 device flow codes (171ba47d)
2020-09-29T14:12:39.1652986+07:00  [INF] Removing 0 grants (62cd9308)
2020-09-29T14:12:39.1672045+07:00  [INF] Removing 0 device flow codes (171ba47d)
2020-09-29T14:13:09.1834796+07:00  [INF] Removing 0 grants (62cd9308)
2020-09-29T14:13:09.1852205+07:00  [INF] Removing 0 device flow codes (171ba47d)
2020-09-29T14:13:39.1968608+07:00  [INF] Removing 0 grants (62cd9308)
2020-09-29T14:13:39.1982084+07:00  [INF] Removing 0 device flow codes (171ba47d)
2020-09-29T14:14:09.2118228+07:00  [INF] Removing 0 grants (62cd9308)
2020-09-29T14:14:09.2136669+07:00  [INF] Removing 0 device flow codes (171ba47d)
2020-09-29T14:14:39.2302620+07:00  [INF] Removing 0 grants (62cd9308)
2020-09-29T14:14:39.2318329+07:00  [INF] Removing 0 device flow codes (171ba47d)
2020-09-29T14:15:09.2428063+07:00  [INF] Removing 0 grants (62cd9308)
2020-09-29T14:15:09.2441539+07:00  [INF] Removing 0 device flow codes (171ba47d)
2020-09-29T14:15:39.2589911+07:00  [INF] Removing 0 grants (62cd9308)
2020-09-29T14:15:39.2605599+07:00  [INF] Removing 0 device flow codes (171ba47d)
2020-09-29T14:16:09.2751233+07:00  [INF] Removing 0 grants (62cd9308)
2020-09-29T14:16:09.2765764+07:00  [INF] Removing 0 device flow codes (171ba47d)
2020-09-29T14:16:19.8120154+07:00  [INF] Application is shutting down... (90f52c38)
2020-09-29T15:32:03.7779996+07:00  [INF] Starting IdentityServer4 version "3.1.3.0" (8add0571)
2020-09-29T15:32:03.9316205+07:00  [INF] Using the default authentication scheme "Identity.Application" for IdentityServer (4a54f457)
2020-09-29T15:32:05.0713973+07:00  [INF] Application started. Press Ctrl+C to shut down. (dcaefe54)
2020-09-29T15:32:05.0740371+07:00  [INF] Hosting environment: "Development" (c3307c92)
2020-09-29T15:32:05.0771249+07:00  [INF] Content root path: "D:\CmsApp\CmsApp" (b5d60022)
2020-09-29T15:32:33.9602022+07:00  [INF] Removing 0 grants (62cd9308)
2020-09-29T15:32:34.0993154+07:00  [INF] Removing 0 device flow codes (171ba47d)
2020-09-29T15:33:04.1363870+07:00  [INF] Removing 0 grants (62cd9308)
2020-09-29T15:33:04.1729729+07:00  [INF] Removing 0 device flow codes (171ba47d)
2020-09-29T15:33:34.2070781+07:00  [INF] Removing 0 grants (62cd9308)
2020-09-29T15:33:34.2792552+07:00  [INF] Removing 0 device flow codes (171ba47d)
2020-09-29T15:34:04.3543728+07:00  [INF] Removing 0 grants (62cd9308)
2020-09-29T15:34:04.3914415+07:00  [INF] Removing 0 device flow codes (171ba47d)
2020-09-29T15:34:34.5131467+07:00  [INF] Removing 0 grants (62cd9308)
2020-09-29T15:34:34.6547154+07:00  [INF] Removing 0 device flow codes (171ba47d)
2020-09-29T15:35:04.6949119+07:00  [INF] Removing 0 grants (62cd9308)
2020-09-29T15:35:04.7150041+07:00  [INF] Removing 0 device flow codes (171ba47d)
2020-09-29T15:35:34.7628564+07:00  [INF] Removing 0 grants (62cd9308)
2020-09-29T15:35:34.7715039+07:00  [INF] Removing 0 device flow codes (171ba47d)
2020-09-29T15:36:04.7870248+07:00  [INF] Removing 0 grants (62cd9308)
2020-09-29T15:36:04.7967270+07:00  [INF] Removing 0 device flow codes (171ba47d)
2020-09-29T15:36:34.8369498+07:00  [INF] Removing 0 grants (62cd9308)
2020-09-29T15:36:34.8736122+07:00  [INF] Removing 0 device flow codes (171ba47d)
2020-09-29T15:37:04.9156211+07:00  [INF] Removing 0 grants (62cd9308)
2020-09-29T15:37:04.9353326+07:00  [INF] Removing 0 device flow codes (171ba47d)
2020-09-29T15:37:06.7429590+07:00 80000023-0001-f000-b63f-84710c7967bb [ERR] An unhandled exception has occurred while executing the request. (48a46595)
System.TimeoutException: The Angular CLI process did not start listening for requests within the timeout period of 0 seconds. Check the log output for error information.
   at Microsoft.AspNetCore.SpaServices.Extensions.Util.TaskTimeoutExtensions.WithTimeout[T](Task`1 task, TimeSpan timeoutDelay, String message)
   at Microsoft.AspNetCore.SpaServices.Extensions.Proxy.SpaProxy.PerformProxyRequest(HttpContext context, HttpClient httpClient, Task`1 baseUriTask, CancellationToken applicationStoppingToken, Boolean proxy404s)
   at Microsoft.AspNetCore.Builder.SpaProxyingExtensions.<>c__DisplayClass2_0.<<UseProxyToSpaDevelopmentServer>b__0>d.MoveNext()
--- End of stack trace from previous location where exception was thrown ---
   at Swashbuckle.AspNetCore.SwaggerUI.SwaggerUIMiddleware.Invoke(HttpContext httpContext)
   at Swashbuckle.AspNetCore.Swagger.SwaggerMiddleware.Invoke(HttpContext httpContext, ISwaggerProvider swaggerProvider)
   at Microsoft.AspNetCore.Authorization.AuthorizationMiddleware.Invoke(HttpContext context)
   at IdentityServer4.Hosting.IdentityServerMiddleware.Invoke(HttpContext context, IEndpointRouter router, IUserSession session, IEventService events)
   at IdentityServer4.Hosting.MutualTlsTokenEndpointMiddleware.Invoke(HttpContext context, IAuthenticationSchemeProvider schemes)
   at Microsoft.AspNetCore.Authentication.AuthenticationMiddleware.Invoke(HttpContext context)
   at IdentityServer4.Hosting.BaseUrlMiddleware.Invoke(HttpContext context)
   at Microsoft.AspNetCore.Diagnostics.DeveloperExceptionPageMiddleware.Invoke(HttpContext context)
2020-09-29T15:38:55.3646219+07:00  [INF] Starting IdentityServer4 version "3.1.3.0" (8add0571)
2020-09-29T15:38:55.6827164+07:00  [INF] Using the default authentication scheme "Identity.Application" for IdentityServer (4a54f457)
2020-09-29T15:38:57.3501972+07:00  [INF] Application started. Press Ctrl+C to shut down. (dcaefe54)
2020-09-29T15:38:57.3545269+07:00  [INF] Hosting environment: "Development" (c3307c92)
2020-09-29T15:38:57.3575435+07:00  [INF] Content root path: "D:\CmsApp\CmsApp" (b5d60022)
2020-09-29T15:39:24.9628394+07:00  [INF] Removing 0 grants (62cd9308)
2020-09-29T15:39:25.0932125+07:00  [INF] Removing 0 device flow codes (171ba47d)
2020-09-29T15:39:55.1357494+07:00  [INF] Removing 0 grants (62cd9308)
2020-09-29T15:39:55.1536869+07:00  [INF] Removing 0 device flow codes (171ba47d)
2020-09-29T15:40:25.1966397+07:00  [INF] Removing 0 grants (62cd9308)
2020-09-29T15:40:25.2154058+07:00  [INF] Removing 0 device flow codes (171ba47d)
2020-09-29T15:40:55.3503771+07:00  [INF] Removing 0 grants (62cd9308)
2020-09-29T15:40:55.5881781+07:00  [INF] Removing 0 device flow codes (171ba47d)
2020-09-29T15:41:25.7324285+07:00  [INF] Removing 0 grants (62cd9308)
2020-09-29T15:41:25.7650821+07:00  [INF] Removing 0 device flow codes (171ba47d)
2020-09-29T15:41:55.7912092+07:00  [INF] Removing 0 grants (62cd9308)
2020-09-29T15:41:55.8091386+07:00  [INF] Removing 0 device flow codes (171ba47d)
2020-09-29T15:42:25.8253277+07:00  [INF] Removing 0 grants (62cd9308)
2020-09-29T15:42:25.8472961+07:00  [INF] Removing 0 device flow codes (171ba47d)
2020-09-29T16:07:51.5333447+07:00  [INF] Starting IdentityServer4 version "3.1.3.0" (8add0571)
2020-09-29T16:07:51.6058122+07:00  [INF] Using the default authentication scheme "Identity.Application" for IdentityServer (4a54f457)
2020-09-29T16:07:52.1928747+07:00  [INF] Application started. Press Ctrl+C to shut down. (dcaefe54)
2020-09-29T16:07:52.1960484+07:00  [INF] Hosting environment: "Development" (c3307c92)
2020-09-29T16:07:52.2163095+07:00  [INF] Content root path: "D:\CmsApp\CmsApp" (b5d60022)
2020-09-29T16:08:21.6533106+07:00  [INF] Removing 0 grants (62cd9308)
2020-09-29T16:08:21.6818222+07:00  [INF] Removing 0 device flow codes (171ba47d)
2020-09-29T16:08:51.7028790+07:00  [INF] Removing 0 grants (62cd9308)
2020-09-29T16:08:51.7214316+07:00  [INF] Removing 0 device flow codes (171ba47d)
2020-09-29T16:09:21.7597284+07:00  [INF] Removing 0 grants (62cd9308)
2020-09-29T16:09:21.7813276+07:00  [INF] Removing 0 device flow codes (171ba47d)
2020-09-29T16:09:51.8287044+07:00  [INF] Removing 0 grants (62cd9308)
2020-09-29T16:09:51.8568787+07:00  [INF] Removing 0 device flow codes (171ba47d)
2020-09-29T16:10:21.9454376+07:00  [INF] Removing 0 grants (62cd9308)
2020-09-29T16:10:21.9646032+07:00  [INF] Removing 0 device flow codes (171ba47d)
2020-09-29T16:10:52.0312366+07:00  [INF] Removing 0 grants (62cd9308)
2020-09-29T16:10:52.0381184+07:00  [INF] Removing 0 device flow codes (171ba47d)
2020-09-29T16:11:22.0611840+07:00  [INF] Removing 0 grants (62cd9308)
2020-09-29T16:11:22.0953215+07:00  [INF] Removing 0 device flow codes (171ba47d)
2020-09-29T16:11:52.1919090+07:00  [INF] Removing 0 grants (62cd9308)
2020-09-29T16:11:52.2054627+07:00  [INF] Removing 0 device flow codes (171ba47d)
2020-09-29T16:12:22.2419605+07:00  [INF] Removing 0 grants (62cd9308)
2020-09-29T16:12:22.2636932+07:00  [INF] Removing 0 device flow codes (171ba47d)
2020-09-29T16:12:52.3132864+07:00  [INF] Removing 0 grants (62cd9308)
2020-09-29T16:12:52.3237423+07:00  [INF] Removing 0 device flow codes (171ba47d)
2020-09-29T16:13:22.3553996+07:00  [INF] Removing 0 grants (62cd9308)
2020-09-29T16:13:22.3707148+07:00  [INF] Removing 0 device flow codes (171ba47d)
2020-09-29T16:13:52.4423388+07:00  [INF] Removing 0 grants (62cd9308)
2020-09-29T16:13:52.4842837+07:00  [INF] Removing 0 device flow codes (171ba47d)
2020-09-29T16:14:22.5382604+07:00  [INF] Removing 0 grants (62cd9308)
2020-09-29T16:14:22.5644648+07:00  [INF] Removing 0 device flow codes (171ba47d)
2020-09-29T16:14:52.6079693+07:00  [INF] Removing 0 grants (62cd9308)
2020-09-29T16:14:52.6672029+07:00  [INF] Removing 0 device flow codes (171ba47d)
2020-09-29T16:15:22.6913820+07:00  [INF] Removing 0 grants (62cd9308)
2020-09-29T16:15:22.7090944+07:00  [INF] Removing 0 device flow codes (171ba47d)
2020-09-29T16:15:52.7411366+07:00  [INF] Removing 0 grants (62cd9308)
2020-09-29T16:15:52.7490229+07:00  [INF] Removing 0 device flow codes (171ba47d)
2020-09-29T16:16:22.7776904+07:00  [INF] Removing 0 grants (62cd9308)
2020-09-29T16:16:22.8052527+07:00  [INF] Removing 0 device flow codes (171ba47d)
2020-09-29T16:16:52.8413175+07:00  [INF] Removing 0 grants (62cd9308)
2020-09-29T16:16:52.8607425+07:00  [INF] Removing 0 device flow codes (171ba47d)
2020-09-29T16:17:23.0031450+07:00  [INF] Removing 0 grants (62cd9308)
2020-09-29T16:17:23.0173473+07:00  [INF] Removing 0 device flow codes (171ba47d)
2020-09-29T16:17:53.0458002+07:00  [INF] Removing 0 grants (62cd9308)
2020-09-29T16:17:53.0670610+07:00  [INF] Removing 0 device flow codes (171ba47d)
2020-09-29T16:18:23.0757127+07:00  [INF] Removing 0 grants (62cd9308)
2020-09-29T16:18:23.0944504+07:00  [INF] Removing 0 device flow codes (171ba47d)
2020-09-29T16:18:53.1319542+07:00  [INF] Removing 0 grants (62cd9308)
2020-09-29T16:18:53.1545742+07:00  [INF] Removing 0 device flow codes (171ba47d)
2020-09-29T16:19:23.1875654+07:00  [INF] Removing 0 grants (62cd9308)
2020-09-29T16:19:23.2028092+07:00  [INF] Removing 0 device flow codes (171ba47d)
2020-09-29T16:19:53.2334842+07:00  [INF] Removing 0 grants (62cd9308)
2020-09-29T16:19:53.2544379+07:00  [INF] Removing 0 device flow codes (171ba47d)
