2020-09-18T14:43:58.6334048+07:00  [INF] Starting IdentityServer4 version "3.1.3.0" (8add0571)
2020-09-18T14:43:58.7677313+07:00  [INF] Using the default authentication scheme "Identity.Application" for IdentityServer (4a54f457)
2020-09-18T14:43:59.5435782+07:00  [INF] Now listening on: "https://localhost:5001" (d826f4b8)
2020-09-18T14:43:59.5436343+07:00  [INF] Now listening on: "http://localhost:5000" (d826f4b8)
2020-09-18T14:43:59.5438348+07:00  [INF] Application started. Press Ctrl+C to shut down. (dcaefe54)
2020-09-18T14:43:59.5438768+07:00  [INF] Hosting environment: "Development" (c3307c92)
2020-09-18T14:43:59.5439243+07:00  [INF] Content root path: "D:\CmsApp\CmsApp" (b5d60022)
2020-09-18T14:44:28.9674236+07:00  [INF] Removing 0 grants (62cd9308)
2020-09-18T14:44:29.0531640+07:00  [INF] Removing 0 device flow codes (171ba47d)
2020-09-18T14:44:59.0732873+07:00  [INF] Removing 0 grants (62cd9308)
2020-09-18T14:44:59.0752979+07:00  [INF] Removing 0 device flow codes (171ba47d)
2020-09-18T14:45:29.0994252+07:00  [INF] Removing 0 grants (62cd9308)
2020-09-18T14:45:29.1015755+07:00  [INF] Removing 0 device flow codes (171ba47d)
2020-09-18T14:45:59.1254257+07:00  [INF] Removing 0 grants (62cd9308)
2020-09-18T14:45:59.1344794+07:00  [INF] Removing 0 device flow codes (171ba47d)
2020-09-18T14:46:29.1509214+07:00  [INF] Removing 0 grants (62cd9308)
2020-09-18T14:46:29.1538427+07:00  [INF] Removing 0 device flow codes (171ba47d)
2020-09-18T14:46:59.1775764+07:00  [INF] Removing 0 grants (62cd9308)
2020-09-18T14:46:59.1827710+07:00  [INF] Removing 0 device flow codes (171ba47d)
2020-09-18T14:47:29.1944547+07:00  [INF] Removing 0 grants (62cd9308)
2020-09-18T14:47:29.1994142+07:00  [INF] Removing 0 device flow codes (171ba47d)
2020-09-18T14:47:59.2129442+07:00  [INF] Removing 0 grants (62cd9308)
2020-09-18T14:47:59.2198815+07:00  [INF] Removing 0 device flow codes (171ba47d)
2020-09-18T14:48:29.2319270+07:00  [INF] Removing 0 grants (62cd9308)
2020-09-18T14:48:29.2408852+07:00  [INF] Removing 0 device flow codes (171ba47d)
2020-09-18T14:48:59.2552191+07:00  [INF] Removing 0 grants (62cd9308)
2020-09-18T14:48:59.2619530+07:00  [INF] Removing 0 device flow codes (171ba47d)
2020-09-18T14:49:07.8098770+07:00 0HM2RKQOT5H6P:0000001B [INF] Invoking IdentityServer endpoint: "IdentityServer4.Endpoints.DiscoveryEndpoint" for "/.well-known/openid-configuration" (f7642de5)
2020-09-18T14:49:09.0205265+07:00 0HM2RKQOT5H6P:0000001D [INF] Invoking IdentityServer endpoint: "IdentityServer4.Endpoints.DiscoveryKeyEndpoint" for "/.well-known/openid-configuration/jwks" (f7642de5)
2020-09-18T14:49:09.0724423+07:00 0HM2RKQOT5H6P:0000001F [INF] Invoking IdentityServer endpoint: "IdentityServer4.Endpoints.TokenEndpoint" for "/connect/token" (f7642de5)
2020-09-18T14:49:09.6674235+07:00 0HM2RKQOT5H6P:0000001F [INF] No user found matching username: "test" (cd7b29f8)
2020-09-18T14:49:09.7181885+07:00 0HM2RKQOT5H6P:0000001F [INF] User authentication failed: "invalid_username_or_password", details: TokenRequestValidationLog { ClientId: "quickapp_spa", ClientName: null, GrantType: "password", Scopes: "email offline_access openid phone profile quickapp_api roles", AuthorizationCode: null, RefreshToken: null, UserName: "test", AuthenticationContextReferenceClasses: null, Tenant: null, IdP: null, Raw: [("username": "test"), ("password": "***REDACTED***"), ("client_id": "quickapp_spa"), ("grant_type": "password"), ("scope": "openid email phone profile offline_access roles quickapp_api")] } (07b239aa)
2020-09-18T14:49:29.2780910+07:00  [INF] Removing 0 grants (62cd9308)
2020-09-18T14:49:29.2814420+07:00  [INF] Removing 0 device flow codes (171ba47d)
2020-09-18T14:49:59.2981315+07:00  [INF] Removing 0 grants (62cd9308)
2020-09-18T14:49:59.3057133+07:00  [INF] Removing 0 device flow codes (171ba47d)
2020-09-18T14:50:29.3142773+07:00  [INF] Removing 0 grants (62cd9308)
2020-09-18T14:50:29.3205955+07:00  [INF] Removing 0 device flow codes (171ba47d)
2020-09-18T14:50:59.3320908+07:00  [INF] Removing 0 grants (62cd9308)
2020-09-18T14:50:59.3390669+07:00  [INF] Removing 0 device flow codes (171ba47d)
2020-09-18T14:51:29.3552511+07:00  [INF] Removing 0 grants (62cd9308)
2020-09-18T14:51:29.3582417+07:00  [INF] Removing 0 device flow codes (171ba47d)
2020-09-18T14:51:59.3756499+07:00  [INF] Removing 0 grants (62cd9308)
2020-09-18T14:51:59.3827302+07:00  [INF] Removing 0 device flow codes (171ba47d)
2020-09-18T14:52:29.4054173+07:00  [INF] Removing 0 grants (62cd9308)
2020-09-18T14:52:29.4099144+07:00  [INF] Removing 0 device flow codes (171ba47d)
2020-09-18T14:52:59.4200011+07:00  [INF] Removing 0 grants (62cd9308)
2020-09-18T14:52:59.4244456+07:00  [INF] Removing 0 device flow codes (171ba47d)
2020-09-18T14:53:29.4320475+07:00  [INF] Removing 0 grants (62cd9308)
2020-09-18T14:53:29.4334499+07:00  [INF] Removing 0 device flow codes (171ba47d)
2020-09-18T14:53:59.4355092+07:00  [INF] Removing 0 grants (62cd9308)
2020-09-18T14:53:59.4380113+07:00  [INF] Removing 0 device flow codes (171ba47d)
2020-09-18T14:54:29.4518948+07:00  [INF] Removing 0 grants (62cd9308)
2020-09-18T14:54:29.4535266+07:00  [INF] Removing 0 device flow codes (171ba47d)
2020-09-18T14:54:59.4687601+07:00  [INF] Removing 0 grants (62cd9308)
2020-09-18T14:54:59.4733993+07:00  [INF] Removing 0 device flow codes (171ba47d)
2020-09-18T14:55:29.4852911+07:00  [INF] Removing 0 grants (62cd9308)
2020-09-18T14:55:29.4894397+07:00  [INF] Removing 0 device flow codes (171ba47d)
2020-09-18T14:55:59.5043539+07:00  [INF] Removing 0 grants (62cd9308)
2020-09-18T14:55:59.5088448+07:00  [INF] Removing 0 device flow codes (171ba47d)
2020-09-18T14:56:29.5298308+07:00  [INF] Removing 0 grants (62cd9308)
2020-09-18T14:56:29.5343823+07:00  [INF] Removing 0 device flow codes (171ba47d)
2020-09-18T14:56:59.5466139+07:00  [INF] Removing 0 grants (62cd9308)
2020-09-18T14:56:59.5507924+07:00  [INF] Removing 0 device flow codes (171ba47d)
2020-09-18T14:57:29.5609301+07:00  [INF] Removing 0 grants (62cd9308)
2020-09-18T14:57:29.5649352+07:00  [INF] Removing 0 device flow codes (171ba47d)
2020-09-18T14:57:59.5769154+07:00  [INF] Removing 0 grants (62cd9308)
2020-09-18T14:57:59.5810383+07:00  [INF] Removing 0 device flow codes (171ba47d)
2020-09-18T14:58:29.5991413+07:00  [INF] Removing 0 grants (62cd9308)
2020-09-18T14:58:29.6013172+07:00  [INF] Removing 0 device flow codes (171ba47d)
2020-09-18T14:58:59.6066474+07:00  [INF] Removing 0 grants (62cd9308)
2020-09-18T14:58:59.6098868+07:00  [INF] Removing 0 device flow codes (171ba47d)
2020-09-18T14:59:29.6219169+07:00  [INF] Removing 0 grants (62cd9308)
2020-09-18T14:59:29.6261455+07:00  [INF] Removing 0 device flow codes (171ba47d)
2020-09-18T14:59:59.6400280+07:00  [INF] Removing 0 grants (62cd9308)
2020-09-18T14:59:59.6448097+07:00  [INF] Removing 0 device flow codes (171ba47d)
2020-09-18T15:00:29.6497330+07:00  [INF] Removing 0 grants (62cd9308)
2020-09-18T15:00:29.6509764+07:00  [INF] Removing 0 device flow codes (171ba47d)
2020-09-18T15:00:59.6574318+07:00  [INF] Removing 0 grants (62cd9308)
2020-09-18T15:00:59.6619822+07:00  [INF] Removing 0 device flow codes (171ba47d)
2020-09-18T15:01:29.6659728+07:00  [INF] Removing 0 grants (62cd9308)
2020-09-18T15:01:29.6673280+07:00  [INF] Removing 0 device flow codes (171ba47d)
2020-09-18T15:01:59.6816827+07:00  [INF] Removing 0 grants (62cd9308)
2020-09-18T15:01:59.6858468+07:00  [INF] Removing 0 device flow codes (171ba47d)
2020-09-18T15:02:29.7027539+07:00  [INF] Removing 0 grants (62cd9308)
2020-09-18T15:02:29.7065879+07:00  [INF] Removing 0 device flow codes (171ba47d)
2020-09-18T15:02:59.7174074+07:00  [INF] Removing 0 grants (62cd9308)
2020-09-18T15:02:59.7213533+07:00  [INF] Removing 0 device flow codes (171ba47d)
2020-09-18T15:03:30.0383034+07:00  [INF] Removing 0 grants (62cd9308)
2020-09-18T15:03:30.0481509+07:00  [INF] Removing 0 device flow codes (171ba47d)
2020-09-18T15:03:43.6299868+07:00 0HM2RKQOT5H6P:00000021 [INF] Invoking IdentityServer endpoint: "IdentityServer4.Endpoints.DiscoveryEndpoint" for "/.well-known/openid-configuration" (f7642de5)
2020-09-18T15:03:44.3436993+07:00 0HM2RKQOT5H6P:00000023 [INF] Invoking IdentityServer endpoint: "IdentityServer4.Endpoints.DiscoveryKeyEndpoint" for "/.well-known/openid-configuration/jwks" (f7642de5)
2020-09-18T15:03:44.3789346+07:00 0HM2RKQOT5H6P:00000025 [INF] Invoking IdentityServer endpoint: "IdentityServer4.Endpoints.TokenEndpoint" for "/connect/token" (f7642de5)
2020-09-18T15:03:44.6510388+07:00 0HM2RKQOT5H6P:00000025 [WRN] Invalid password for user "411586d3-b1dc-450c-8b92-5e51a6f9712c". (c2dce6c7)
2020-09-18T15:03:44.6523492+07:00 0HM2RKQOT5H6P:00000025 [WRN] User "411586d3-b1dc-450c-8b92-5e51a6f9712c" failed to provide the correct password. (ec8d2479)
2020-09-18T15:03:45.4119977+07:00 0HM2RKQOT5H6P:00000025 [INF] Authentication failed for username: "admin", reason: invalid credentials (61b6995a)
2020-09-18T15:03:45.4131808+07:00 0HM2RKQOT5H6P:00000025 [INF] User authentication failed: "invalid_username_or_password", details: TokenRequestValidationLog { ClientId: "quickapp_spa", ClientName: null, GrantType: "password", Scopes: "email offline_access openid phone profile quickapp_api roles", AuthorizationCode: null, RefreshToken: null, UserName: "admin", AuthenticationContextReferenceClasses: null, Tenant: null, IdP: null, Raw: [("username": "admin"), ("password": "***REDACTED***"), ("client_id": "quickapp_spa"), ("grant_type": "password"), ("scope": "openid email phone profile offline_access roles quickapp_api")] } (07b239aa)
2020-09-18T15:04:00.0629643+07:00  [INF] Removing 0 grants (62cd9308)
2020-09-18T15:04:00.0659009+07:00  [INF] Removing 0 device flow codes (171ba47d)
2020-09-18T15:04:30.0739579+07:00  [INF] Removing 0 grants (62cd9308)
2020-09-18T15:04:30.0753236+07:00  [INF] Removing 0 device flow codes (171ba47d)
2020-09-18T15:04:41.6242329+07:00 0HM2RKQOT5H6P:00000027 [INF] Invoking IdentityServer endpoint: "IdentityServer4.Endpoints.DiscoveryEndpoint" for "/.well-known/openid-configuration" (f7642de5)
2020-09-18T15:04:41.6647415+07:00 0HM2RKQOT5H6P:00000029 [INF] Invoking IdentityServer endpoint: "IdentityServer4.Endpoints.DiscoveryKeyEndpoint" for "/.well-known/openid-configuration/jwks" (f7642de5)
2020-09-18T15:04:41.6873668+07:00 0HM2RKQOT5H6P:0000002B [INF] Invoking IdentityServer endpoint: "IdentityServer4.Endpoints.TokenEndpoint" for "/connect/token" (f7642de5)
2020-09-18T15:04:41.7584728+07:00 0HM2RKQOT5H6P:0000002B [WRN] Invalid password for user "4ffd6fd7-c697-4e34-afdb-ba839831eb08". (c2dce6c7)
2020-09-18T15:04:41.7585687+07:00 0HM2RKQOT5H6P:0000002B [WRN] User "4ffd6fd7-c697-4e34-afdb-ba839831eb08" failed to provide the correct password. (ec8d2479)
2020-09-18T15:04:41.7994205+07:00 0HM2RKQOT5H6P:0000002B [INF] Authentication failed for username: "user", reason: invalid credentials (61b6995a)
2020-09-18T15:04:41.7998956+07:00 0HM2RKQOT5H6P:0000002B [INF] User authentication failed: "invalid_username_or_password", details: TokenRequestValidationLog { ClientId: "quickapp_spa", ClientName: null, GrantType: "password", Scopes: "email offline_access openid phone profile quickapp_api roles", AuthorizationCode: null, RefreshToken: null, UserName: "user", AuthenticationContextReferenceClasses: null, Tenant: null, IdP: null, Raw: [("username": "user"), ("password": "***REDACTED***"), ("client_id": "quickapp_spa"), ("grant_type": "password"), ("scope": "openid email phone profile offline_access roles quickapp_api")] } (07b239aa)
2020-09-18T15:05:00.0888434+07:00  [INF] Removing 0 grants (62cd9308)
2020-09-18T15:05:00.0901755+07:00  [INF] Removing 0 device flow codes (171ba47d)
2020-09-18T15:05:30.1045753+07:00  [INF] Removing 0 grants (62cd9308)
2020-09-18T15:05:30.1058936+07:00  [INF] Removing 0 device flow codes (171ba47d)
2020-09-18T15:06:00.1458939+07:00  [INF] Removing 0 grants (62cd9308)
2020-09-18T15:06:00.4134474+07:00  [INF] Removing 0 device flow codes (171ba47d)
2020-09-18T15:06:30.4176834+07:00  [INF] Removing 0 grants (62cd9308)
2020-09-18T15:06:30.4189714+07:00  [INF] Removing 0 device flow codes (171ba47d)
2020-09-18T15:07:00.4252370+07:00  [INF] Removing 0 grants (62cd9308)
2020-09-18T15:07:00.4292914+07:00  [INF] Removing 0 device flow codes (171ba47d)
2020-09-18T15:07:29.7412973+07:00 0HM2RKQOT5H6P:0000002D [INF] Invoking IdentityServer endpoint: "IdentityServer4.Endpoints.DiscoveryEndpoint" for "/.well-known/openid-configuration" (f7642de5)
2020-09-18T15:07:29.7763977+07:00 0HM2RKQOT5H6P:0000002F [INF] Invoking IdentityServer endpoint: "IdentityServer4.Endpoints.DiscoveryKeyEndpoint" for "/.well-known/openid-configuration/jwks" (f7642de5)
2020-09-18T15:07:29.7941614+07:00 0HM2RKQOT5H6P:00000031 [INF] Invoking IdentityServer endpoint: "IdentityServer4.Endpoints.TokenEndpoint" for "/connect/token" (f7642de5)
2020-09-18T15:07:29.9141955+07:00 0HM2RKQOT5H6P:00000031 [INF] Credentials validated for username: "admin" (cb811aa7)
2020-09-18T15:07:29.9263821+07:00 0HM2RKQOT5H6P:00000031 [INF] Token request validation success, TokenRequestValidationLog { ClientId: "quickapp_spa", ClientName: null, GrantType: "password", Scopes: "email offline_access openid phone profile quickapp_api roles", AuthorizationCode: null, RefreshToken: null, UserName: "admin", AuthenticationContextReferenceClasses: null, Tenant: null, IdP: null, Raw: [("username": "admin"), ("password": "***REDACTED***"), ("client_id": "quickapp_spa"), ("grant_type": "password"), ("scope": "openid email phone profile offline_access roles quickapp_api")] } (3a073258)
2020-09-18T15:07:30.4438054+07:00  [INF] Removing 0 grants (62cd9308)
2020-09-18T15:07:30.4453377+07:00  [INF] Removing 0 device flow codes (171ba47d)
2020-09-18T15:08:00.4537307+07:00  [INF] Removing 0 grants (62cd9308)
2020-09-18T15:08:00.4590123+07:00  [INF] Removing 0 device flow codes (171ba47d)
2020-09-18T15:08:30.4628151+07:00  [INF] Removing 0 grants (62cd9308)
2020-09-18T15:08:30.4644651+07:00  [INF] Removing 0 device flow codes (171ba47d)
2020-09-18T15:09:00.4660141+07:00  [INF] Removing 0 grants (62cd9308)
2020-09-18T15:09:00.4672830+07:00  [INF] Removing 0 device flow codes (171ba47d)
2020-09-18T15:09:30.4818514+07:00  [INF] Removing 0 grants (62cd9308)
2020-09-18T15:09:30.4867611+07:00  [INF] Removing 0 device flow codes (171ba47d)
2020-09-18T15:10:00.4946503+07:00  [INF] Removing 0 grants (62cd9308)
2020-09-18T15:10:00.4960141+07:00  [INF] Removing 0 device flow codes (171ba47d)
2020-09-18T15:10:30.5131727+07:00  [INF] Removing 0 grants (62cd9308)
2020-09-18T15:10:30.5170473+07:00  [INF] Removing 0 device flow codes (171ba47d)
2020-09-18T15:11:00.5284023+07:00  [INF] Removing 0 grants (62cd9308)
2020-09-18T15:11:00.5309696+07:00  [INF] Removing 0 device flow codes (171ba47d)
2020-09-18T15:11:30.5443992+07:00  [INF] Removing 0 grants (62cd9308)
2020-09-18T15:11:30.5470442+07:00  [INF] Removing 0 device flow codes (171ba47d)
2020-09-18T15:12:00.5527932+07:00  [INF] Removing 0 grants (62cd9308)
2020-09-18T15:12:00.5564255+07:00  [INF] Removing 0 device flow codes (171ba47d)
2020-09-18T15:12:30.5620811+07:00  [INF] Removing 0 grants (62cd9308)
2020-09-18T15:12:30.5665528+07:00  [INF] Removing 0 device flow codes (171ba47d)
2020-09-18T15:13:00.5779514+07:00  [INF] Removing 0 grants (62cd9308)
2020-09-18T15:13:00.5817712+07:00  [INF] Removing 0 device flow codes (171ba47d)
2020-09-18T15:13:30.5906361+07:00  [INF] Removing 0 grants (62cd9308)
2020-09-18T15:13:30.5943846+07:00  [INF] Removing 0 device flow codes (171ba47d)
2020-09-18T15:14:00.6095373+07:00  [INF] Removing 0 grants (62cd9308)
2020-09-18T15:14:00.6109350+07:00  [INF] Removing 0 device flow codes (171ba47d)
2020-09-18T15:14:30.6270038+07:00  [INF] Removing 0 grants (62cd9308)
2020-09-18T15:14:30.6311382+07:00  [INF] Removing 0 device flow codes (171ba47d)
2020-09-18T15:15:00.6414659+07:00  [INF] Removing 0 grants (62cd9308)
2020-09-18T15:15:00.6448927+07:00  [INF] Removing 0 device flow codes (171ba47d)
2020-09-18T15:15:30.6530638+07:00  [INF] Removing 0 grants (62cd9308)
2020-09-18T15:15:30.6568803+07:00  [INF] Removing 0 device flow codes (171ba47d)
2020-09-18T15:16:00.6685224+07:00  [INF] Removing 0 grants (62cd9308)
2020-09-18T15:16:00.6697656+07:00  [INF] Removing 0 device flow codes (171ba47d)
2020-09-18T15:16:30.6818134+07:00  [INF] Removing 0 grants (62cd9308)
2020-09-18T15:16:30.6829505+07:00  [INF] Removing 0 device flow codes (171ba47d)
2020-09-18T15:17:00.6994413+07:00  [INF] Removing 0 grants (62cd9308)
2020-09-18T15:17:00.7030990+07:00  [INF] Removing 0 device flow codes (171ba47d)
2020-09-18T15:17:30.7171114+07:00  [INF] Removing 0 grants (62cd9308)
2020-09-18T15:17:30.7209766+07:00  [INF] Removing 0 device flow codes (171ba47d)
2020-09-18T15:18:00.7284187+07:00  [INF] Removing 0 grants (62cd9308)
2020-09-18T15:18:00.7298258+07:00  [INF] Removing 0 device flow codes (171ba47d)
2020-09-18T15:18:30.7391800+07:00  [INF] Removing 0 grants (62cd9308)
2020-09-18T15:18:30.7431381+07:00  [INF] Removing 0 device flow codes (171ba47d)
2020-09-18T15:19:00.7473901+07:00  [INF] Removing 0 grants (62cd9308)
2020-09-18T15:19:00.7485296+07:00  [INF] Removing 0 device flow codes (171ba47d)
2020-09-18T15:19:30.7648575+07:00  [INF] Removing 0 grants (62cd9308)
2020-09-18T15:19:30.7689346+07:00  [INF] Removing 0 device flow codes (171ba47d)
2020-09-18T15:20:00.7755004+07:00  [INF] Removing 0 grants (62cd9308)
2020-09-18T15:20:00.7775877+07:00  [INF] Removing 0 device flow codes (171ba47d)
2020-09-18T15:20:30.7935798+07:00  [INF] Removing 0 grants (62cd9308)
2020-09-18T15:20:30.7977505+07:00  [INF] Removing 0 device flow codes (171ba47d)
2020-09-18T15:21:00.8107061+07:00  [INF] Removing 0 grants (62cd9308)
2020-09-18T15:21:00.8120346+07:00  [INF] Removing 0 device flow codes (171ba47d)
2020-09-18T15:21:30.8155677+07:00  [INF] Removing 0 grants (62cd9308)
2020-09-18T15:21:30.8168155+07:00  [INF] Removing 0 device flow codes (171ba47d)
2020-09-18T15:22:00.8219637+07:00  [INF] Removing 0 grants (62cd9308)
2020-09-18T15:22:00.8234210+07:00  [INF] Removing 0 device flow codes (171ba47d)
2020-09-18T15:22:30.8420945+07:00  [INF] Removing 0 grants (62cd9308)
2020-09-18T15:22:30.8475662+07:00  [INF] Removing 0 device flow codes (171ba47d)
2020-09-18T15:23:00.8533142+07:00  [INF] Removing 0 grants (62cd9308)
2020-09-18T15:23:00.8546856+07:00  [INF] Removing 0 device flow codes (171ba47d)
2020-09-18T15:23:30.8656438+07:00  [INF] Removing 0 grants (62cd9308)
2020-09-18T15:23:30.8700489+07:00  [INF] Removing 0 device flow codes (171ba47d)
2020-09-18T15:24:00.8756364+07:00  [INF] Removing 0 grants (62cd9308)
2020-09-18T15:24:00.8796227+07:00  [INF] Removing 0 device flow codes (171ba47d)
2020-09-18T15:24:30.8876996+07:00  [INF] Removing 0 grants (62cd9308)
2020-09-18T15:24:30.8916661+07:00  [INF] Removing 0 device flow codes (171ba47d)
2020-09-18T15:25:00.9054812+07:00  [INF] Removing 0 grants (62cd9308)
2020-09-18T15:25:00.9102874+07:00  [INF] Removing 0 device flow codes (171ba47d)
2020-09-18T15:25:30.9184267+07:00  [INF] Removing 0 grants (62cd9308)
2020-09-18T15:25:30.9225719+07:00  [INF] Removing 0 device flow codes (171ba47d)
2020-09-18T15:26:00.9351833+07:00  [INF] Removing 0 grants (62cd9308)
2020-09-18T15:26:00.9394107+07:00  [INF] Removing 0 device flow codes (171ba47d)
2020-09-18T15:26:30.9532153+07:00  [INF] Removing 0 grants (62cd9308)
2020-09-18T15:26:30.9592507+07:00  [INF] Removing 0 device flow codes (171ba47d)
2020-09-18T15:27:00.9684501+07:00  [INF] Removing 0 grants (62cd9308)
2020-09-18T15:27:00.9716282+07:00  [INF] Removing 0 device flow codes (171ba47d)
2020-09-18T15:27:30.9778783+07:00  [INF] Removing 0 grants (62cd9308)
2020-09-18T15:27:30.9794738+07:00  [INF] Removing 0 device flow codes (171ba47d)
2020-09-18T15:28:00.9827802+07:00  [INF] Removing 0 grants (62cd9308)
2020-09-18T15:28:00.9841106+07:00  [INF] Removing 0 device flow codes (171ba47d)
2020-09-18T15:28:31.0000308+07:00  [INF] Removing 0 grants (62cd9308)
2020-09-18T15:28:31.0038836+07:00  [INF] Removing 0 device flow codes (171ba47d)
2020-09-18T15:29:01.0119299+07:00  [INF] Removing 0 grants (62cd9308)
2020-09-18T15:29:01.0135558+07:00  [INF] Removing 0 device flow codes (171ba47d)
2020-09-18T15:29:31.0257331+07:00  [INF] Removing 0 grants (62cd9308)
2020-09-18T15:29:31.0272348+07:00  [INF] Removing 0 device flow codes (171ba47d)
2020-09-18T15:30:01.0445420+07:00  [INF] Removing 0 grants (62cd9308)
2020-09-18T15:30:01.0482251+07:00  [INF] Removing 0 device flow codes (171ba47d)
2020-09-18T15:30:31.0598213+07:00  [INF] Removing 0 grants (62cd9308)
2020-09-18T15:30:31.0623749+07:00  [INF] Removing 0 device flow codes (171ba47d)
2020-09-18T15:31:01.0748000+07:00  [INF] Removing 0 grants (62cd9308)
2020-09-18T15:31:01.0774074+07:00  [INF] Removing 0 device flow codes (171ba47d)
2020-09-18T15:31:31.0847123+07:00  [INF] Removing 0 grants (62cd9308)
2020-09-18T15:31:31.0878480+07:00  [INF] Removing 0 device flow codes (171ba47d)
2020-09-18T15:32:01.1031683+07:00  [INF] Removing 0 grants (62cd9308)
2020-09-18T15:32:01.1044017+07:00  [INF] Removing 0 device flow codes (171ba47d)
2020-09-18T15:32:31.1197225+07:00  [INF] Removing 0 grants (62cd9308)
2020-09-18T15:32:31.1211731+07:00  [INF] Removing 0 device flow codes (171ba47d)
2020-09-18T15:33:01.1395521+07:00  [INF] Removing 0 grants (62cd9308)
2020-09-18T15:33:01.1423535+07:00  [INF] Removing 0 device flow codes (171ba47d)
2020-09-18T15:33:31.1507892+07:00  [INF] Removing 0 grants (62cd9308)
2020-09-18T15:33:31.1527627+07:00  [INF] Removing 0 device flow codes (171ba47d)
2020-09-18T15:34:01.1548657+07:00  [INF] Removing 0 grants (62cd9308)
2020-09-18T15:34:01.1565035+07:00  [INF] Removing 0 device flow codes (171ba47d)
2020-09-18T15:34:31.1668595+07:00  [INF] Removing 0 grants (62cd9308)
2020-09-18T15:34:31.1681347+07:00  [INF] Removing 0 device flow codes (171ba47d)
2020-09-18T15:35:01.1832080+07:00  [INF] Removing 0 grants (62cd9308)
2020-09-18T15:35:01.1855998+07:00  [INF] Removing 0 device flow codes (171ba47d)
2020-09-18T15:35:31.1981241+07:00  [INF] Removing 0 grants (62cd9308)
2020-09-18T15:35:31.1993993+07:00  [INF] Removing 0 device flow codes (171ba47d)
2020-09-18T15:36:01.2046268+07:00  [INF] Removing 0 grants (62cd9308)
2020-09-18T15:36:01.2094354+07:00  [INF] Removing 0 device flow codes (171ba47d)
2020-09-18T15:36:31.2169545+07:00  [INF] Removing 0 grants (62cd9308)
2020-09-18T15:36:31.2189784+07:00  [INF] Removing 0 device flow codes (171ba47d)
2020-09-18T15:37:01.2328302+07:00  [INF] Removing 0 grants (62cd9308)
2020-09-18T15:37:01.2366050+07:00  [INF] Removing 0 device flow codes (171ba47d)
2020-09-18T15:37:31.2462818+07:00  [INF] Removing 0 grants (62cd9308)
2020-09-18T15:37:31.2503044+07:00  [INF] Removing 0 device flow codes (171ba47d)
2020-09-18T15:38:01.2552347+07:00  [INF] Removing 0 grants (62cd9308)
2020-09-18T15:38:01.2588183+07:00  [INF] Removing 0 device flow codes (171ba47d)
2020-09-18T15:38:31.2689174+07:00  [INF] Removing 0 grants (62cd9308)
2020-09-18T15:38:31.2723874+07:00  [INF] Removing 0 device flow codes (171ba47d)
2020-09-18T15:39:01.2785488+07:00  [INF] Removing 0 grants (62cd9308)
2020-09-18T15:39:01.2821639+07:00  [INF] Removing 0 device flow codes (171ba47d)
2020-09-18T15:39:31.2940021+07:00  [INF] Removing 0 grants (62cd9308)
2020-09-18T15:39:31.2964751+07:00  [INF] Removing 0 device flow codes (171ba47d)
2020-09-18T15:40:01.3128424+07:00  [INF] Removing 0 grants (62cd9308)
2020-09-18T15:40:01.3168793+07:00  [INF] Removing 0 device flow codes (171ba47d)
2020-09-18T15:40:31.3276732+07:00  [INF] Removing 0 grants (62cd9308)
2020-09-18T15:40:31.3317872+07:00  [INF] Removing 0 device flow codes (171ba47d)
2020-09-18T15:41:01.3425650+07:00  [INF] Removing 0 grants (62cd9308)
2020-09-18T15:41:01.3465775+07:00  [INF] Removing 0 device flow codes (171ba47d)
2020-09-18T15:41:31.3563704+07:00  [INF] Removing 0 grants (62cd9308)
2020-09-18T15:41:31.3606451+07:00  [INF] Removing 0 device flow codes (171ba47d)
2020-09-18T15:42:01.3690486+07:00  [INF] Removing 0 grants (62cd9308)
2020-09-18T15:42:01.3703714+07:00  [INF] Removing 0 device flow codes (171ba47d)
2020-09-18T15:42:31.3825809+07:00  [INF] Removing 0 grants (62cd9308)
2020-09-18T15:42:31.3866636+07:00  [INF] Removing 0 device flow codes (171ba47d)
2020-09-18T15:43:01.4028527+07:00  [INF] Removing 0 grants (62cd9308)
2020-09-18T15:43:01.4072529+07:00  [INF] Removing 0 device flow codes (171ba47d)
2020-09-18T15:43:31.4179231+07:00  [INF] Removing 0 grants (62cd9308)
2020-09-18T15:43:31.4216302+07:00  [INF] Removing 0 device flow codes (171ba47d)
2020-09-18T15:44:01.4317761+07:00  [INF] Removing 0 grants (62cd9308)
2020-09-18T15:44:01.4330092+07:00  [INF] Removing 0 device flow codes (171ba47d)
2020-09-18T15:44:31.4517899+07:00  [INF] Removing 0 grants (62cd9308)
2020-09-18T15:44:31.4555821+07:00  [INF] Removing 0 device flow codes (171ba47d)
2020-09-18T15:45:01.4643138+07:00  [INF] Removing 0 grants (62cd9308)
2020-09-18T15:45:01.4671370+07:00  [INF] Removing 0 device flow codes (171ba47d)
2020-09-18T15:45:31.4791035+07:00  [INF] Removing 0 grants (62cd9308)
2020-09-18T15:45:31.4802367+07:00  [INF] Removing 0 device flow codes (171ba47d)
2020-09-18T15:46:01.4907195+07:00  [INF] Removing 0 grants (62cd9308)
2020-09-18T15:46:01.4944543+07:00  [INF] Removing 0 device flow codes (171ba47d)
2020-09-18T15:46:31.5130073+07:00  [INF] Removing 0 grants (62cd9308)
2020-09-18T15:46:31.5168971+07:00  [INF] Removing 0 device flow codes (171ba47d)
2020-09-18T15:47:01.5311853+07:00  [INF] Removing 0 grants (62cd9308)
2020-09-18T15:47:01.5347081+07:00  [INF] Removing 0 device flow codes (171ba47d)
2020-09-18T15:47:31.5435450+07:00  [INF] Removing 0 grants (62cd9308)
2020-09-18T15:47:31.5472558+07:00  [INF] Removing 0 device flow codes (171ba47d)
2020-09-18T15:48:01.5621000+07:00  [INF] Removing 0 grants (62cd9308)
2020-09-18T15:48:01.5656204+07:00  [INF] Removing 0 device flow codes (171ba47d)
2020-09-18T15:48:31.5721959+07:00  [INF] Removing 0 grants (62cd9308)
2020-09-18T15:48:31.5733359+07:00  [INF] Removing 0 device flow codes (171ba47d)
2020-09-18T15:49:01.5842906+07:00  [INF] Removing 0 grants (62cd9308)
2020-09-18T15:49:01.5855677+07:00  [INF] Removing 0 device flow codes (171ba47d)
2020-09-18T15:49:31.6062360+07:00  [INF] Removing 0 grants (62cd9308)
2020-09-18T15:49:31.6101042+07:00  [INF] Removing 0 device flow codes (171ba47d)
2020-09-18T15:50:01.6195157+07:00  [INF] Removing 0 grants (62cd9308)
2020-09-18T15:50:01.6207258+07:00  [INF] Removing 0 device flow codes (171ba47d)
2020-09-18T15:50:31.6338008+07:00  [INF] Removing 0 grants (62cd9308)
2020-09-18T15:50:31.6380084+07:00  [INF] Removing 0 device flow codes (171ba47d)
2020-09-18T15:51:01.6509290+07:00  [INF] Removing 0 grants (62cd9308)
2020-09-18T15:51:01.6521809+07:00  [INF] Removing 0 device flow codes (171ba47d)
2020-09-18T15:51:31.6600024+07:00  [INF] Removing 0 grants (62cd9308)
2020-09-18T15:51:31.6634563+07:00  [INF] Removing 0 device flow codes (171ba47d)
2020-09-18T15:52:01.6688828+07:00  [INF] Removing 0 grants (62cd9308)
2020-09-18T15:52:01.6711741+07:00  [INF] Removing 0 device flow codes (171ba47d)
2020-09-18T15:52:31.6723423+07:00  [INF] Removing 0 grants (62cd9308)
2020-09-18T15:52:31.6735856+07:00  [INF] Removing 0 device flow codes (171ba47d)
2020-09-18T15:53:01.6812284+07:00  [INF] Removing 0 grants (62cd9308)
2020-09-18T15:53:01.6825667+07:00  [INF] Removing 0 device flow codes (171ba47d)
2020-09-18T15:53:31.6871459+07:00  [INF] Removing 0 grants (62cd9308)
2020-09-18T15:53:31.6882978+07:00  [INF] Removing 0 device flow codes (171ba47d)
2020-09-18T15:54:01.6965525+07:00  [INF] Removing 0 grants (62cd9308)
2020-09-18T15:54:01.6978400+07:00  [INF] Removing 0 device flow codes (171ba47d)
2020-09-18T15:54:31.7168092+07:00  [INF] Removing 0 grants (62cd9308)
2020-09-18T15:54:31.7204467+07:00  [INF] Removing 0 device flow codes (171ba47d)
2020-09-18T15:55:01.7295481+07:00  [INF] Removing 0 grants (62cd9308)
2020-09-18T15:55:01.7309224+07:00  [INF] Removing 0 device flow codes (171ba47d)
2020-09-18T15:55:31.7467970+07:00  [INF] Removing 0 grants (62cd9308)
2020-09-18T15:55:31.7495045+07:00  [INF] Removing 0 device flow codes (171ba47d)
2020-09-18T15:56:01.7641207+07:00  [INF] Removing 0 grants (62cd9308)
2020-09-18T15:56:01.7701577+07:00  [INF] Removing 0 device flow codes (171ba47d)
2020-09-18T15:56:31.7757624+07:00  [INF] Removing 0 grants (62cd9308)
2020-09-18T15:56:31.7789738+07:00  [INF] Removing 0 device flow codes (171ba47d)
2020-09-18T15:57:01.7818663+07:00  [INF] Removing 0 grants (62cd9308)
2020-09-18T15:57:01.7831102+07:00  [INF] Removing 0 device flow codes (171ba47d)
2020-09-18T15:57:31.7879242+07:00  [INF] Removing 0 grants (62cd9308)
2020-09-18T15:57:31.7922419+07:00  [INF] Removing 0 device flow codes (171ba47d)
2020-09-18T15:58:01.8047126+07:00  [INF] Removing 0 grants (62cd9308)
2020-09-18T15:58:01.8091543+07:00  [INF] Removing 0 device flow codes (171ba47d)
2020-09-18T15:58:31.8256556+07:00  [INF] Removing 0 grants (62cd9308)
2020-09-18T15:58:31.8296637+07:00  [INF] Removing 0 device flow codes (171ba47d)
2020-09-18T15:59:01.8440633+07:00  [INF] Removing 0 grants (62cd9308)
2020-09-18T15:59:01.8495536+07:00  [INF] Removing 0 device flow codes (171ba47d)
2020-09-18T15:59:31.8605593+07:00  [INF] Removing 0 grants (62cd9308)
2020-09-18T15:59:31.8620210+07:00  [INF] Removing 0 device flow codes (171ba47d)
2020-09-18T16:00:01.8645583+07:00  [INF] Removing 0 grants (62cd9308)
2020-09-18T16:00:01.8658696+07:00  [INF] Removing 0 device flow codes (171ba47d)
2020-09-18T16:00:31.8700358+07:00  [INF] Removing 0 grants (62cd9308)
2020-09-18T16:00:31.8711404+07:00  [INF] Removing 0 device flow codes (171ba47d)
2020-09-18T16:01:01.8868165+07:00  [INF] Removing 0 grants (62cd9308)
2020-09-18T16:01:01.8906495+07:00  [INF] Removing 0 device flow codes (171ba47d)
2020-09-18T16:01:31.8989506+07:00  [INF] Removing 0 grants (62cd9308)
2020-09-18T16:01:31.9026934+07:00  [INF] Removing 0 device flow codes (171ba47d)
2020-09-18T16:02:01.9079550+07:00  [INF] Removing 0 grants (62cd9308)
2020-09-18T16:02:01.9124266+07:00  [INF] Removing 0 device flow codes (171ba47d)
2020-09-18T16:02:15.4615843+07:00  [INF] Application is shutting down... (90f52c38)
