2020-07-30T08:41:09.5444661+07:00  [INF] Starting IdentityServer4 version "3.1.3.0" (8add0571)
2020-07-30T08:41:09.5750631+07:00  [INF] Using the default authentication scheme "Identity.Application" for IdentityServer (4a54f457)
2020-07-30T08:41:09.8706744+07:00  [INF] Now listening on: "https://localhost:5001" (d826f4b8)
2020-07-30T08:41:09.8710959+07:00  [INF] Now listening on: "http://localhost:5000" (d826f4b8)
2020-07-30T08:41:09.8713632+07:00  [INF] Application started. Press Ctrl+C to shut down. (dcaefe54)
2020-07-30T08:41:09.8716947+07:00  [INF] Hosting environment: "Development" (c3307c92)
2020-07-30T08:41:09.8717346+07:00  [INF] Content root path: "D:\QucikApp\QuickApp.Standard\QuickApp" (b5d60022)
2020-07-30T08:41:39.9746861+07:00  [INF] Removing 0 grants (62cd9308)
2020-07-30T08:41:40.0397344+07:00  [INF] Removing 0 device flow codes (171ba47d)
2020-07-30T08:42:10.0714573+07:00  [INF] Removing 0 grants (62cd9308)
2020-07-30T08:42:10.0745277+07:00  [INF] Removing 0 device flow codes (171ba47d)
2020-07-30T08:42:40.1163966+07:00  [INF] Removing 0 grants (62cd9308)
2020-07-30T08:42:40.1256897+07:00  [INF] Removing 0 device flow codes (171ba47d)
2020-07-30T08:43:10.1419584+07:00  [INF] Removing 0 grants (62cd9308)
2020-07-30T08:43:10.1444237+07:00  [INF] Removing 0 device flow codes (171ba47d)
2020-07-30T08:43:40.1603114+07:00  [INF] Removing 0 grants (62cd9308)
2020-07-30T08:43:40.1653352+07:00  [INF] Removing 0 device flow codes (171ba47d)
2020-07-30T08:44:10.2012777+07:00  [INF] Removing 0 grants (62cd9308)
2020-07-30T08:44:10.2030724+07:00  [INF] Removing 0 device flow codes (171ba47d)
2020-07-30T08:44:40.2194855+07:00  [INF] Removing 0 grants (62cd9308)
2020-07-30T08:44:40.2240778+07:00  [INF] Removing 0 device flow codes (171ba47d)
2020-07-30T08:45:10.2312766+07:00  [INF] Removing 0 grants (62cd9308)
2020-07-30T08:45:10.2330192+07:00  [INF] Removing 0 device flow codes (171ba47d)
2020-07-30T08:45:40.2480506+07:00  [INF] Removing 0 grants (62cd9308)
2020-07-30T08:45:40.2521386+07:00  [INF] Removing 0 device flow codes (171ba47d)
2020-07-30T08:46:10.2643330+07:00  [INF] Removing 0 grants (62cd9308)
2020-07-30T08:46:10.2677857+07:00  [INF] Removing 0 device flow codes (171ba47d)
2020-07-30T08:46:40.2773093+07:00  [INF] Removing 0 grants (62cd9308)
2020-07-30T08:46:40.2806510+07:00  [INF] Removing 0 device flow codes (171ba47d)
2020-07-30T08:47:10.2929725+07:00  [INF] Removing 0 grants (62cd9308)
2020-07-30T08:47:10.2946146+07:00  [INF] Removing 0 device flow codes (171ba47d)
2020-07-30T08:47:40.3110406+07:00  [INF] Removing 0 grants (62cd9308)
2020-07-30T08:47:40.3144404+07:00  [INF] Removing 0 device flow codes (171ba47d)
2020-07-30T08:48:10.3283799+07:00  [INF] Removing 0 grants (62cd9308)
2020-07-30T08:48:10.3307524+07:00  [INF] Removing 0 device flow codes (171ba47d)
2020-07-30T08:48:40.3412708+07:00  [INF] Removing 0 grants (62cd9308)
2020-07-30T08:48:40.3446849+07:00  [INF] Removing 0 device flow codes (171ba47d)
2020-07-30T08:49:10.3550238+07:00  [INF] Removing 0 grants (62cd9308)
2020-07-30T08:49:10.3575151+07:00  [INF] Removing 0 device flow codes (171ba47d)
2020-07-30T08:49:40.3767258+07:00  [INF] Removing 0 grants (62cd9308)
2020-07-30T08:49:40.3796783+07:00  [INF] Removing 0 device flow codes (171ba47d)
2020-07-30T08:50:10.3867235+07:00  [INF] Removing 0 grants (62cd9308)
2020-07-30T08:50:10.3899901+07:00  [INF] Removing 0 device flow codes (171ba47d)
2020-07-30T08:50:40.4035187+07:00  [INF] Removing 0 grants (62cd9308)
2020-07-30T08:50:40.4051566+07:00  [INF] Removing 0 device flow codes (171ba47d)
2020-07-30T08:51:10.4167411+07:00  [INF] Removing 0 grants (62cd9308)
2020-07-30T08:51:10.4180953+07:00  [INF] Removing 0 device flow codes (171ba47d)
2020-07-30T08:51:40.4311063+07:00  [INF] Removing 0 grants (62cd9308)
2020-07-30T08:51:40.4326303+07:00  [INF] Removing 0 device flow codes (171ba47d)
2020-07-30T08:52:10.4483188+07:00  [INF] Removing 0 grants (62cd9308)
2020-07-30T08:52:10.4496507+07:00  [INF] Removing 0 device flow codes (171ba47d)
2020-07-30T08:52:40.4637333+07:00  [INF] Removing 0 grants (62cd9308)
2020-07-30T08:52:40.4651135+07:00  [INF] Removing 0 device flow codes (171ba47d)
2020-07-30T08:53:10.4776941+07:00  [INF] Removing 0 grants (62cd9308)
2020-07-30T08:53:10.4790692+07:00  [INF] Removing 0 device flow codes (171ba47d)
2020-07-30T08:53:40.4935357+07:00  [INF] Removing 0 grants (62cd9308)
2020-07-30T08:53:40.4949219+07:00  [INF] Removing 0 device flow codes (171ba47d)
2020-07-30T08:54:10.5092982+07:00  [INF] Removing 0 grants (62cd9308)
2020-07-30T08:54:10.5111683+07:00  [INF] Removing 0 device flow codes (171ba47d)
2020-07-30T08:54:40.5242333+07:00  [INF] Removing 0 grants (62cd9308)
2020-07-30T08:54:40.5255974+07:00  [INF] Removing 0 device flow codes (171ba47d)
2020-07-30T08:55:10.5400608+07:00  [INF] Removing 0 grants (62cd9308)
2020-07-30T08:55:10.5414467+07:00  [INF] Removing 0 device flow codes (171ba47d)
2020-07-30T08:55:40.5435229+07:00  [INF] Removing 0 grants (62cd9308)
2020-07-30T08:55:40.5448318+07:00  [INF] Removing 0 device flow codes (171ba47d)
2020-07-30T08:56:10.5581073+07:00  [INF] Removing 0 grants (62cd9308)
2020-07-30T08:56:10.5593897+07:00  [INF] Removing 0 device flow codes (171ba47d)
2020-07-30T08:56:40.5727464+07:00  [INF] Removing 0 grants (62cd9308)
2020-07-30T08:56:40.5740995+07:00  [INF] Removing 0 device flow codes (171ba47d)
2020-07-30T08:57:10.5890476+07:00  [INF] Removing 0 grants (62cd9308)
2020-07-30T08:57:10.5905892+07:00  [INF] Removing 0 device flow codes (171ba47d)
2020-07-30T08:57:40.6037326+07:00  [INF] Removing 0 grants (62cd9308)
2020-07-30T08:57:40.6049099+07:00  [INF] Removing 0 device flow codes (171ba47d)
2020-07-30T08:58:10.6177505+07:00  [INF] Removing 0 grants (62cd9308)
2020-07-30T08:58:10.6191721+07:00  [INF] Removing 0 device flow codes (171ba47d)
2020-07-30T08:58:40.6334470+07:00  [INF] Removing 0 grants (62cd9308)
2020-07-30T08:58:40.6346393+07:00  [INF] Removing 0 device flow codes (171ba47d)
2020-07-30T08:59:10.6570219+07:00  [INF] Removing 0 grants (62cd9308)
2020-07-30T08:59:10.6590858+07:00  [INF] Removing 0 device flow codes (171ba47d)
2020-07-30T08:59:40.6644472+07:00  [INF] Removing 0 grants (62cd9308)
2020-07-30T08:59:40.6657818+07:00  [INF] Removing 0 device flow codes (171ba47d)
2020-07-30T09:00:10.6758258+07:00  [INF] Removing 0 grants (62cd9308)
2020-07-30T09:00:10.6770514+07:00  [INF] Removing 0 device flow codes (171ba47d)
2020-07-30T09:00:40.6890673+07:00  [INF] Removing 0 grants (62cd9308)
2020-07-30T09:00:40.6903375+07:00  [INF] Removing 0 device flow codes (171ba47d)
2020-07-30T09:01:10.6984062+07:00  [INF] Removing 0 grants (62cd9308)
2020-07-30T09:01:10.6997181+07:00  [INF] Removing 0 device flow codes (171ba47d)
2020-07-30T09:01:40.7123033+07:00  [INF] Removing 0 grants (62cd9308)
2020-07-30T09:01:40.7136024+07:00  [INF] Removing 0 device flow codes (171ba47d)
2020-07-30T09:02:10.7283344+07:00  [INF] Removing 0 grants (62cd9308)
2020-07-30T09:02:10.7297290+07:00  [INF] Removing 0 device flow codes (171ba47d)
2020-07-30T09:02:40.7427212+07:00  [INF] Removing 0 grants (62cd9308)
2020-07-30T09:02:40.7439543+07:00  [INF] Removing 0 device flow codes (171ba47d)
2020-07-30T09:03:10.7800829+07:00  [INF] Removing 0 grants (62cd9308)
2020-07-30T09:03:10.7831349+07:00  [INF] Removing 0 device flow codes (171ba47d)
2020-07-30T09:03:40.8023983+07:00  [INF] Removing 0 grants (62cd9308)
2020-07-30T09:03:40.8062928+07:00  [INF] Removing 0 device flow codes (171ba47d)
2020-07-30T09:04:10.8167050+07:00  [INF] Removing 0 grants (62cd9308)
2020-07-30T09:04:10.8179121+07:00  [INF] Removing 0 device flow codes (171ba47d)
2020-07-30T09:04:40.8555775+07:00  [INF] Removing 0 grants (62cd9308)
2020-07-30T09:04:40.8578299+07:00  [INF] Removing 0 device flow codes (171ba47d)
2020-07-30T09:05:10.8776784+07:00  [INF] Removing 0 grants (62cd9308)
2020-07-30T09:05:10.8819373+07:00  [INF] Removing 0 device flow codes (171ba47d)
2020-07-30T09:05:40.8864129+07:00  [INF] Removing 0 grants (62cd9308)
2020-07-30T09:05:40.8879215+07:00  [INF] Removing 0 device flow codes (171ba47d)
2020-07-30T09:06:10.9004682+07:00  [INF] Removing 0 grants (62cd9308)
2020-07-30T09:06:10.9021840+07:00  [INF] Removing 0 device flow codes (171ba47d)
2020-07-30T09:06:40.9167441+07:00  [INF] Removing 0 grants (62cd9308)
2020-07-30T09:06:40.9179387+07:00  [INF] Removing 0 device flow codes (171ba47d)
2020-07-30T09:07:10.9332263+07:00  [INF] Removing 0 grants (62cd9308)
2020-07-30T09:07:10.9363356+07:00  [INF] Removing 0 device flow codes (171ba47d)
2020-07-30T09:07:40.9488540+07:00  [INF] Removing 0 grants (62cd9308)
2020-07-30T09:07:40.9501416+07:00  [INF] Removing 0 device flow codes (171ba47d)
2020-07-30T09:08:10.9654540+07:00  [INF] Removing 0 grants (62cd9308)
2020-07-30T09:08:10.9697925+07:00  [INF] Removing 0 device flow codes (171ba47d)
2020-07-30T09:08:40.9779956+07:00  [INF] Removing 0 grants (62cd9308)
2020-07-30T09:08:40.9791701+07:00  [INF] Removing 0 device flow codes (171ba47d)
2020-07-30T09:09:10.9866872+07:00  [INF] Removing 0 grants (62cd9308)
2020-07-30T09:09:10.9907242+07:00  [INF] Removing 0 device flow codes (171ba47d)
2020-07-30T09:09:40.9971079+07:00  [INF] Removing 0 grants (62cd9308)
2020-07-30T09:09:40.9984928+07:00  [INF] Removing 0 device flow codes (171ba47d)
2020-07-30T09:10:11.0113603+07:00  [INF] Removing 0 grants (62cd9308)
2020-07-30T09:10:11.0136458+07:00  [INF] Removing 0 device flow codes (171ba47d)
2020-07-30T09:10:41.0295958+07:00  [INF] Removing 0 grants (62cd9308)
2020-07-30T09:10:41.0331497+07:00  [INF] Removing 0 device flow codes (171ba47d)
2020-07-30T09:11:11.0419851+07:00  [INF] Removing 0 grants (62cd9308)
2020-07-30T09:11:11.0432216+07:00  [INF] Removing 0 device flow codes (171ba47d)
2020-07-30T09:11:41.0588211+07:00  [INF] Removing 0 grants (62cd9308)
2020-07-30T09:11:41.0620632+07:00  [INF] Removing 0 device flow codes (171ba47d)
2020-07-30T09:12:11.0743913+07:00  [INF] Removing 0 grants (62cd9308)
2020-07-30T09:12:11.0774902+07:00  [INF] Removing 0 device flow codes (171ba47d)
2020-07-30T09:12:41.0909585+07:00  [INF] Removing 0 grants (62cd9308)
2020-07-30T09:12:41.0933808+07:00  [INF] Removing 0 device flow codes (171ba47d)
2020-07-30T09:13:11.1072949+07:00  [INF] Removing 0 grants (62cd9308)
2020-07-30T09:13:11.1096250+07:00  [INF] Removing 0 device flow codes (171ba47d)
2020-07-30T09:13:41.1262212+07:00  [INF] Removing 0 grants (62cd9308)
2020-07-30T09:13:41.1292218+07:00  [INF] Removing 0 device flow codes (171ba47d)
2020-07-30T09:14:11.1357968+07:00  [INF] Removing 0 grants (62cd9308)
2020-07-30T09:14:11.1394556+07:00  [INF] Removing 0 device flow codes (171ba47d)
2020-07-30T09:14:41.1543011+07:00  [INF] Removing 0 grants (62cd9308)
2020-07-30T09:14:41.1566106+07:00  [INF] Removing 0 device flow codes (171ba47d)
2020-07-30T09:15:11.1682249+07:00  [INF] Removing 0 grants (62cd9308)
2020-07-30T09:15:11.1705753+07:00  [INF] Removing 0 device flow codes (171ba47d)
2020-07-30T09:15:41.1894413+07:00  [INF] Removing 0 grants (62cd9308)
2020-07-30T09:15:41.1935271+07:00  [INF] Removing 0 device flow codes (171ba47d)
2020-07-30T09:16:11.2021980+07:00  [INF] Removing 0 grants (62cd9308)
2020-07-30T09:16:11.2050874+07:00  [INF] Removing 0 device flow codes (171ba47d)
2020-07-30T09:16:41.2184550+07:00  [INF] Removing 0 grants (62cd9308)
2020-07-30T09:16:41.2217917+07:00  [INF] Removing 0 device flow codes (171ba47d)
2020-07-30T09:17:11.2317234+07:00  [INF] Removing 0 grants (62cd9308)
2020-07-30T09:17:11.2350120+07:00  [INF] Removing 0 device flow codes (171ba47d)
2020-07-30T09:17:41.2451212+07:00  [INF] Removing 0 grants (62cd9308)
2020-07-30T09:17:41.2481647+07:00  [INF] Removing 0 device flow codes (171ba47d)
2020-07-30T09:18:11.2623841+07:00  [INF] Removing 0 grants (62cd9308)
2020-07-30T09:18:11.2662673+07:00  [INF] Removing 0 device flow codes (171ba47d)
2020-07-30T09:18:41.2798219+07:00  [INF] Removing 0 grants (62cd9308)
2020-07-30T09:18:41.2836630+07:00  [INF] Removing 0 device flow codes (171ba47d)
2020-07-30T09:19:11.2940164+07:00  [INF] Removing 0 grants (62cd9308)
2020-07-30T09:19:11.2972065+07:00  [INF] Removing 0 device flow codes (171ba47d)
2020-07-30T09:19:41.3063408+07:00  [INF] Removing 0 grants (62cd9308)
2020-07-30T09:19:41.3075072+07:00  [INF] Removing 0 device flow codes (171ba47d)
2020-07-30T09:20:11.3255905+07:00  [INF] Removing 0 grants (62cd9308)
2020-07-30T09:20:11.3295694+07:00  [INF] Removing 0 device flow codes (171ba47d)
2020-07-30T09:20:41.3481105+07:00  [INF] Removing 0 grants (62cd9308)
2020-07-30T09:20:41.3525555+07:00  [INF] Removing 0 device flow codes (171ba47d)
2020-07-30T09:21:11.3613184+07:00  [INF] Removing 0 grants (62cd9308)
2020-07-30T09:21:11.3624591+07:00  [INF] Removing 0 device flow codes (171ba47d)
2020-07-30T09:21:41.3720506+07:00  [INF] Removing 0 grants (62cd9308)
2020-07-30T09:21:41.3732148+07:00  [INF] Removing 0 device flow codes (171ba47d)
2020-07-30T09:22:11.3884545+07:00  [INF] Removing 0 grants (62cd9308)
2020-07-30T09:22:11.3906350+07:00  [INF] Removing 0 device flow codes (171ba47d)
2020-07-30T09:22:41.4046818+07:00  [INF] Removing 0 grants (62cd9308)
2020-07-30T09:22:41.4057854+07:00  [INF] Removing 0 device flow codes (171ba47d)
2020-07-30T09:23:11.4219173+07:00  [INF] Removing 0 grants (62cd9308)
2020-07-30T09:23:11.4235958+07:00  [INF] Removing 0 device flow codes (171ba47d)
2020-07-30T09:23:41.4359224+07:00  [INF] Removing 0 grants (62cd9308)
2020-07-30T09:23:41.4391490+07:00  [INF] Removing 0 device flow codes (171ba47d)
2020-07-30T09:24:11.4527970+07:00  [INF] Removing 0 grants (62cd9308)
2020-07-30T09:24:11.4568222+07:00  [INF] Removing 0 device flow codes (171ba47d)
2020-07-30T09:24:41.4660914+07:00  [INF] Removing 0 grants (62cd9308)
2020-07-30T09:24:41.4690048+07:00  [INF] Removing 0 device flow codes (171ba47d)
2020-07-30T09:25:11.4876476+07:00  [INF] Removing 0 grants (62cd9308)
2020-07-30T09:25:11.4890575+07:00  [INF] Removing 0 device flow codes (171ba47d)
2020-07-30T09:25:41.5000860+07:00  [INF] Removing 0 grants (62cd9308)
2020-07-30T09:25:41.5013641+07:00  [INF] Removing 0 device flow codes (171ba47d)
2020-07-30T09:26:11.5113435+07:00  [INF] Removing 0 grants (62cd9308)
2020-07-30T09:26:11.5142215+07:00  [INF] Removing 0 device flow codes (171ba47d)
2020-07-30T09:26:41.5269224+07:00  [INF] Removing 0 grants (62cd9308)
2020-07-30T09:26:41.5282362+07:00  [INF] Removing 0 device flow codes (171ba47d)
2020-07-30T09:27:11.5405169+07:00  [INF] Removing 0 grants (62cd9308)
2020-07-30T09:27:11.5417025+07:00  [INF] Removing 0 device flow codes (171ba47d)
2020-07-30T09:27:41.5554720+07:00  [INF] Removing 0 grants (62cd9308)
2020-07-30T09:27:41.5568962+07:00  [INF] Removing 0 device flow codes (171ba47d)
2020-07-30T09:28:11.5723224+07:00  [INF] Removing 0 grants (62cd9308)
2020-07-30T09:28:11.5739112+07:00  [INF] Removing 0 device flow codes (171ba47d)
2020-07-30T09:28:41.5909080+07:00  [INF] Removing 0 grants (62cd9308)
2020-07-30T09:28:41.5926325+07:00  [INF] Removing 0 device flow codes (171ba47d)
2020-07-30T09:29:11.6075278+07:00  [INF] Removing 0 grants (62cd9308)
2020-07-30T09:29:11.6087164+07:00  [INF] Removing 0 device flow codes (171ba47d)
2020-07-30T09:29:41.6193515+07:00  [INF] Removing 0 grants (62cd9308)
2020-07-30T09:29:41.6205133+07:00  [INF] Removing 0 device flow codes (171ba47d)
2020-07-30T09:30:11.6340438+07:00  [INF] Removing 0 grants (62cd9308)
2020-07-30T09:30:11.6351466+07:00  [INF] Removing 0 device flow codes (171ba47d)
2020-07-30T09:30:41.6501203+07:00  [INF] Removing 0 grants (62cd9308)
2020-07-30T09:30:41.6514434+07:00  [INF] Removing 0 device flow codes (171ba47d)
2020-07-30T09:31:11.6667596+07:00  [INF] Removing 0 grants (62cd9308)
2020-07-30T09:31:11.6681596+07:00  [INF] Removing 0 device flow codes (171ba47d)
2020-07-30T09:31:41.6818341+07:00  [INF] Removing 0 grants (62cd9308)
2020-07-30T09:31:41.6830377+07:00  [INF] Removing 0 device flow codes (171ba47d)
2020-07-30T09:32:11.6966037+07:00  [INF] Removing 0 grants (62cd9308)
2020-07-30T09:32:11.6978050+07:00  [INF] Removing 0 device flow codes (171ba47d)
2020-07-30T09:32:41.7139529+07:00  [INF] Removing 0 grants (62cd9308)
2020-07-30T09:32:41.7151110+07:00  [INF] Removing 0 device flow codes (171ba47d)
2020-07-30T09:33:11.7288672+07:00  [INF] Removing 0 grants (62cd9308)
2020-07-30T09:33:11.7302362+07:00  [INF] Removing 0 device flow codes (171ba47d)
2020-07-30T09:33:41.7430562+07:00  [INF] Removing 0 grants (62cd9308)
2020-07-30T09:33:41.7443456+07:00  [INF] Removing 0 device flow codes (171ba47d)
2020-07-30T09:34:11.7600796+07:00  [INF] Removing 0 grants (62cd9308)
2020-07-30T09:34:11.7619102+07:00  [INF] Removing 0 device flow codes (171ba47d)
2020-07-30T09:34:41.7738162+07:00  [INF] Removing 0 grants (62cd9308)
2020-07-30T09:34:41.7750872+07:00  [INF] Removing 0 device flow codes (171ba47d)
2020-07-30T09:35:11.7914536+07:00  [INF] Removing 0 grants (62cd9308)
2020-07-30T09:35:11.7928564+07:00  [INF] Removing 0 device flow codes (171ba47d)
2020-07-30T09:35:41.8055505+07:00  [INF] Removing 0 grants (62cd9308)
2020-07-30T09:35:41.8071399+07:00  [INF] Removing 0 device flow codes (171ba47d)
2020-07-30T09:36:11.8226639+07:00  [INF] Removing 0 grants (62cd9308)
2020-07-30T09:36:11.8238776+07:00  [INF] Removing 0 device flow codes (171ba47d)
2020-07-30T09:36:41.8433801+07:00  [INF] Removing 0 grants (62cd9308)
2020-07-30T09:36:41.8515662+07:00  [INF] Removing 0 device flow codes (171ba47d)
2020-07-30T09:37:11.8685929+07:00  [INF] Removing 0 grants (62cd9308)
2020-07-30T09:37:11.8697308+07:00  [INF] Removing 0 device flow codes (171ba47d)
2020-07-30T09:37:41.8858593+07:00  [INF] Removing 0 grants (62cd9308)
2020-07-30T09:37:41.8874393+07:00  [INF] Removing 0 device flow codes (171ba47d)
2020-07-30T09:38:11.9002613+07:00  [INF] Removing 0 grants (62cd9308)
2020-07-30T09:38:11.9016303+07:00  [INF] Removing 0 device flow codes (171ba47d)
2020-07-30T09:38:41.9173673+07:00  [INF] Removing 0 grants (62cd9308)
2020-07-30T09:38:41.9185528+07:00  [INF] Removing 0 device flow codes (171ba47d)
2020-07-30T09:39:11.9320744+07:00  [INF] Removing 0 grants (62cd9308)
2020-07-30T09:39:11.9332160+07:00  [INF] Removing 0 device flow codes (171ba47d)
2020-07-30T09:39:41.9493846+07:00  [INF] Removing 0 grants (62cd9308)
2020-07-30T09:39:41.9513442+07:00  [INF] Removing 0 device flow codes (171ba47d)
2020-07-30T09:40:11.9614206+07:00  [INF] Removing 0 grants (62cd9308)
2020-07-30T09:40:11.9627357+07:00  [INF] Removing 0 device flow codes (171ba47d)
2020-07-30T09:40:41.9782538+07:00  [INF] Removing 0 grants (62cd9308)
2020-07-30T09:40:41.9801397+07:00  [INF] Removing 0 device flow codes (171ba47d)
2020-07-30T09:40:49.0358196+07:00 0HM1K572Q7I4R:0000001B [INF] Invoking IdentityServer endpoint: "IdentityServer4.Endpoints.DiscoveryEndpoint" for "/.well-known/openid-configuration" (f7642de5)
2020-07-30T09:40:51.7217417+07:00 0HM1K572Q7I4R:0000001D [INF] Invoking IdentityServer endpoint: "IdentityServer4.Endpoints.DiscoveryKeyEndpoint" for "/.well-known/openid-configuration/jwks" (f7642de5)
2020-07-30T09:40:51.8558278+07:00 0HM1K572Q7I4R:0000001F [INF] Invoking IdentityServer endpoint: "IdentityServer4.Endpoints.TokenEndpoint" for "/connect/token" (f7642de5)
2020-07-30T09:40:53.7677716+07:00 0HM1K572Q7I4R:0000001F [INF] Credentials validated for username: "demo" (cb811aa7)
2020-07-30T09:40:53.8557541+07:00 0HM1K572Q7I4R:0000001F [INF] Token request validation success, TokenRequestValidationLog { ClientId: "quickapp_spa", ClientName: null, GrantType: "password", Scopes: "email offline_access openid phone profile quickapp_api roles", AuthorizationCode: null, RefreshToken: null, UserName: "demo", AuthenticationContextReferenceClasses: null, Tenant: null, IdP: null, Raw: [("username": "demo"), ("password": "***REDACTED***"), ("client_id": "quickapp_spa"), ("grant_type": "password"), ("scope": "openid email phone profile offline_access roles quickapp_api")] } (3a073258)
2020-07-30T09:41:11.9942880+07:00  [INF] Removing 0 grants (62cd9308)
2020-07-30T09:41:11.9961989+07:00  [INF] Removing 0 device flow codes (171ba47d)
2020-07-30T09:41:42.0087340+07:00  [INF] Removing 0 grants (62cd9308)
2020-07-30T09:41:42.0099341+07:00  [INF] Removing 0 device flow codes (171ba47d)
2020-07-30T09:42:12.0255612+07:00  [INF] Removing 0 grants (62cd9308)
2020-07-30T09:42:12.0277931+07:00  [INF] Removing 0 device flow codes (171ba47d)
2020-07-30T09:42:42.0440340+07:00  [INF] Removing 0 grants (62cd9308)
2020-07-30T09:42:42.0456103+07:00  [INF] Removing 0 device flow codes (171ba47d)
2020-07-30T09:43:12.0578890+07:00  [INF] Removing 0 grants (62cd9308)
2020-07-30T09:43:12.0599721+07:00  [INF] Removing 0 device flow codes (171ba47d)
2020-07-30T09:43:42.0942579+07:00  [INF] Removing 0 grants (62cd9308)
2020-07-30T09:43:42.0968500+07:00  [INF] Removing 0 device flow codes (171ba47d)
2020-07-30T09:44:12.1038852+07:00  [INF] Removing 0 grants (62cd9308)
2020-07-30T09:44:12.1051462+07:00  [INF] Removing 0 device flow codes (171ba47d)
2020-07-30T09:44:42.1187239+07:00  [INF] Removing 0 grants (62cd9308)
2020-07-30T09:44:42.1199337+07:00  [INF] Removing 0 device flow codes (171ba47d)
2020-07-30T09:45:12.1337295+07:00  [INF] Removing 0 grants (62cd9308)
2020-07-30T09:45:12.1349584+07:00  [INF] Removing 0 device flow codes (171ba47d)
2020-07-30T09:45:42.1364920+07:00  [INF] Removing 0 grants (62cd9308)
2020-07-30T09:45:42.1375904+07:00  [INF] Removing 0 device flow codes (171ba47d)
2020-07-30T09:46:12.1494853+07:00  [INF] Removing 0 grants (62cd9308)
2020-07-30T09:46:12.1509288+07:00  [INF] Removing 0 device flow codes (171ba47d)
2020-07-30T09:46:42.1660664+07:00  [INF] Removing 0 grants (62cd9308)
2020-07-30T09:46:42.1670399+07:00  [INF] Removing 0 device flow codes (171ba47d)
2020-07-30T09:47:12.1826761+07:00  [INF] Removing 0 grants (62cd9308)
2020-07-30T09:47:12.1836678+07:00  [INF] Removing 0 device flow codes (171ba47d)
2020-07-30T09:47:42.1967199+07:00  [INF] Removing 0 grants (62cd9308)
2020-07-30T09:47:42.1976962+07:00  [INF] Removing 0 device flow codes (171ba47d)
2020-07-30T09:48:12.2152637+07:00  [INF] Removing 0 grants (62cd9308)
2020-07-30T09:48:12.2176651+07:00  [INF] Removing 0 device flow codes (171ba47d)
2020-07-30T09:48:42.2191313+07:00  [INF] Removing 0 grants (62cd9308)
2020-07-30T09:48:42.2203205+07:00  [INF] Removing 0 device flow codes (171ba47d)
2020-07-30T09:49:12.2295852+07:00  [INF] Removing 0 grants (62cd9308)
2020-07-30T09:49:12.2307351+07:00  [INF] Removing 0 device flow codes (171ba47d)
2020-07-30T09:49:42.2442623+07:00  [INF] Removing 0 grants (62cd9308)
2020-07-30T09:49:42.2464648+07:00  [INF] Removing 0 device flow codes (171ba47d)
2020-07-30T09:50:12.2582858+07:00  [INF] Removing 0 grants (62cd9308)
2020-07-30T09:50:12.2594987+07:00  [INF] Removing 0 device flow codes (171ba47d)
2020-07-30T09:50:42.2746312+07:00  [INF] Removing 0 grants (62cd9308)
2020-07-30T09:50:42.2758483+07:00  [INF] Removing 0 device flow codes (171ba47d)
2020-07-30T09:51:12.2916585+07:00  [INF] Removing 0 grants (62cd9308)
2020-07-30T09:51:12.2928712+07:00  [INF] Removing 0 device flow codes (171ba47d)
2020-07-30T09:51:42.3055440+07:00  [INF] Removing 0 grants (62cd9308)
2020-07-30T09:51:42.3066577+07:00  [INF] Removing 0 device flow codes (171ba47d)
2020-07-30T09:52:12.3162986+07:00  [INF] Removing 0 grants (62cd9308)
2020-07-30T09:52:12.3177713+07:00  [INF] Removing 0 device flow codes (171ba47d)
2020-07-30T09:52:42.3258227+07:00  [INF] Removing 0 grants (62cd9308)
2020-07-30T09:52:42.3270484+07:00  [INF] Removing 0 device flow codes (171ba47d)
2020-07-30T09:53:12.3376642+07:00  [INF] Removing 0 grants (62cd9308)
2020-07-30T09:53:12.3387707+07:00  [INF] Removing 0 device flow codes (171ba47d)
2020-07-30T09:53:42.3396155+07:00  [INF] Removing 0 grants (62cd9308)
2020-07-30T09:53:42.3405093+07:00  [INF] Removing 0 device flow codes (171ba47d)
2020-07-30T09:54:12.3523586+07:00  [INF] Removing 0 grants (62cd9308)
2020-07-30T09:54:12.3535485+07:00  [INF] Removing 0 device flow codes (171ba47d)
2020-07-30T09:54:42.3680940+07:00  [INF] Removing 0 grants (62cd9308)
2020-07-30T09:54:42.3691946+07:00  [INF] Removing 0 device flow codes (171ba47d)
2020-07-30T09:55:12.3734351+07:00  [INF] Removing 0 grants (62cd9308)
2020-07-30T09:55:12.3744489+07:00  [INF] Removing 0 device flow codes (171ba47d)
2020-07-30T09:55:42.3862710+07:00  [INF] Removing 0 grants (62cd9308)
2020-07-30T09:55:42.3876882+07:00  [INF] Removing 0 device flow codes (171ba47d)
2020-07-30T09:56:12.4011870+07:00  [INF] Removing 0 grants (62cd9308)
2020-07-30T09:56:12.4024922+07:00  [INF] Removing 0 device flow codes (171ba47d)
2020-07-30T09:56:42.4157789+07:00  [INF] Removing 0 grants (62cd9308)
2020-07-30T09:56:42.4169471+07:00  [INF] Removing 0 device flow codes (171ba47d)
2020-07-30T09:57:12.4332109+07:00  [INF] Removing 0 grants (62cd9308)
2020-07-30T09:57:12.4347022+07:00  [INF] Removing 0 device flow codes (171ba47d)
2020-07-30T09:57:42.4464559+07:00  [INF] Removing 0 grants (62cd9308)
2020-07-30T09:57:42.4480865+07:00  [INF] Removing 0 device flow codes (171ba47d)
2020-07-30T09:58:12.4644284+07:00  [INF] Removing 0 grants (62cd9308)
2020-07-30T09:58:12.4661908+07:00  [INF] Removing 0 device flow codes (171ba47d)
2020-07-30T09:58:42.4768254+07:00  [INF] Removing 0 grants (62cd9308)
2020-07-30T09:58:42.4780666+07:00  [INF] Removing 0 device flow codes (171ba47d)
2020-07-30T09:59:12.4950563+07:00  [INF] Removing 0 grants (62cd9308)
2020-07-30T09:59:12.4962421+07:00  [INF] Removing 0 device flow codes (171ba47d)
2020-07-30T09:59:42.5105670+07:00  [INF] Removing 0 grants (62cd9308)
2020-07-30T09:59:42.5119115+07:00  [INF] Removing 0 device flow codes (171ba47d)
2020-07-30T10:00:12.5238679+07:00  [INF] Removing 0 grants (62cd9308)
2020-07-30T10:00:12.5249767+07:00  [INF] Removing 0 device flow codes (171ba47d)
2020-07-30T10:00:42.5412708+07:00  [INF] Removing 0 grants (62cd9308)
2020-07-30T10:00:42.5429602+07:00  [INF] Removing 0 device flow codes (171ba47d)
2020-07-30T10:01:12.5556763+07:00  [INF] Removing 0 grants (62cd9308)
2020-07-30T10:01:12.5569620+07:00  [INF] Removing 0 device flow codes (171ba47d)
2020-07-30T10:01:42.5596039+07:00  [INF] Removing 0 grants (62cd9308)
2020-07-30T10:01:42.5614946+07:00  [INF] Removing 0 device flow codes (171ba47d)
2020-07-30T10:02:12.5716281+07:00  [INF] Removing 0 grants (62cd9308)
2020-07-30T10:02:12.5725761+07:00  [INF] Removing 0 device flow codes (171ba47d)
2020-07-30T10:02:42.5869385+07:00  [INF] Removing 0 grants (62cd9308)
2020-07-30T10:02:42.5883526+07:00  [INF] Removing 0 device flow codes (171ba47d)
2020-07-30T10:03:12.6033000+07:00  [INF] Removing 0 grants (62cd9308)
2020-07-30T10:03:12.6043702+07:00  [INF] Removing 0 device flow codes (171ba47d)
2020-07-30T10:03:42.6191310+07:00  [INF] Removing 0 grants (62cd9308)
2020-07-30T10:03:42.6202796+07:00  [INF] Removing 0 device flow codes (171ba47d)
2020-07-30T10:04:12.6331479+07:00  [INF] Removing 0 grants (62cd9308)
2020-07-30T10:04:12.6344835+07:00  [INF] Removing 0 device flow codes (171ba47d)
2020-07-30T10:04:42.6507147+07:00  [INF] Removing 0 grants (62cd9308)
2020-07-30T10:04:42.6518776+07:00  [INF] Removing 0 device flow codes (171ba47d)
2020-07-30T10:05:12.6664824+07:00  [INF] Removing 0 grants (62cd9308)
2020-07-30T10:05:12.6675520+07:00  [INF] Removing 0 device flow codes (171ba47d)
2020-07-30T10:05:42.6877197+07:00  [INF] Removing 0 grants (62cd9308)
2020-07-30T10:05:42.6893448+07:00  [INF] Removing 0 device flow codes (171ba47d)
2020-07-30T10:06:12.6972639+07:00  [INF] Removing 0 grants (62cd9308)
2020-07-30T10:06:12.6984330+07:00  [INF] Removing 0 device flow codes (171ba47d)
2020-07-30T10:06:42.7061696+07:00  [INF] Removing 0 grants (62cd9308)
2020-07-30T10:06:42.7073328+07:00  [INF] Removing 0 device flow codes (171ba47d)
2020-07-30T10:07:12.7164689+07:00  [INF] Removing 0 grants (62cd9308)
2020-07-30T10:07:12.7175538+07:00  [INF] Removing 0 device flow codes (171ba47d)
2020-07-30T10:07:42.7327653+07:00  [INF] Removing 0 grants (62cd9308)
2020-07-30T10:07:42.7348784+07:00  [INF] Removing 0 device flow codes (171ba47d)
2020-07-30T10:08:12.7448306+07:00  [INF] Removing 0 grants (62cd9308)
2020-07-30T10:08:12.7463230+07:00  [INF] Removing 0 device flow codes (171ba47d)
2020-07-30T10:08:42.7618433+07:00  [INF] Removing 0 grants (62cd9308)
2020-07-30T10:08:42.7629503+07:00  [INF] Removing 0 device flow codes (171ba47d)
2020-07-30T10:09:12.7737652+07:00  [INF] Removing 0 grants (62cd9308)
2020-07-30T10:09:12.7747925+07:00  [INF] Removing 0 device flow codes (171ba47d)
2020-07-30T10:09:42.7773752+07:00  [INF] Removing 0 grants (62cd9308)
2020-07-30T10:09:42.7782390+07:00  [INF] Removing 0 device flow codes (171ba47d)
2020-07-30T10:10:12.7928502+07:00  [INF] Removing 0 grants (62cd9308)
2020-07-30T10:10:12.7950584+07:00  [INF] Removing 0 device flow codes (171ba47d)
2020-07-30T10:10:42.8080857+07:00  [INF] Removing 0 grants (62cd9308)
2020-07-30T10:10:42.8092411+07:00  [INF] Removing 0 device flow codes (171ba47d)
2020-07-30T10:11:12.8206361+07:00  [INF] Removing 0 grants (62cd9308)
2020-07-30T10:11:12.8217901+07:00  [INF] Removing 0 device flow codes (171ba47d)
2020-07-30T10:11:42.8372919+07:00  [INF] Removing 0 grants (62cd9308)
2020-07-30T10:11:42.8384760+07:00  [INF] Removing 0 device flow codes (171ba47d)
2020-07-30T10:12:12.8527731+07:00  [INF] Removing 0 grants (62cd9308)
2020-07-30T10:12:12.8538251+07:00  [INF] Removing 0 device flow codes (171ba47d)
2020-07-30T10:12:42.8694094+07:00  [INF] Removing 0 grants (62cd9308)
2020-07-30T10:12:42.8704218+07:00  [INF] Removing 0 device flow codes (171ba47d)
2020-07-30T10:13:12.8847290+07:00  [INF] Removing 0 grants (62cd9308)
2020-07-30T10:13:12.8857221+07:00  [INF] Removing 0 device flow codes (171ba47d)
2020-07-30T10:13:42.8883924+07:00  [INF] Removing 0 grants (62cd9308)
2020-07-30T10:13:42.8901724+07:00  [INF] Removing 0 device flow codes (171ba47d)
2020-07-30T10:14:12.9048820+07:00  [INF] Removing 0 grants (62cd9308)
2020-07-30T10:14:12.9060325+07:00  [INF] Removing 0 device flow codes (171ba47d)
2020-07-30T10:14:42.9149536+07:00  [INF] Removing 0 grants (62cd9308)
2020-07-30T10:14:42.9160387+07:00  [INF] Removing 0 device flow codes (171ba47d)
2020-07-30T10:14:48.8478211+07:00  [ERR] ^C^C^CAssertion failed: handle->pending_signum == 0, file c:\ws\deps\uv\src\win\signal.c, line 272
 (d5a4f243)
2020-07-30T10:14:48.8946876+07:00  [INF] Application is shutting down... (90f52c38)
2020-07-30T10:14:50.7521136+07:00 0HM1K572Q7I4S:00000001 [ERR] An unhandled exception has occurred while executing the request. (48a46595)
System.AggregateException: One or more errors occurred. (The remote party closed the WebSocket connection without completing the close handshake.)
 ---> System.Net.WebSockets.WebSocketException (0x80004005): The remote party closed the WebSocket connection without completing the close handshake.
 ---> System.IO.IOException: Unable to read data from the transport connection: An existing connection was forcibly closed by the remote host..
 ---> System.Net.Sockets.SocketException (10054): An existing connection was forcibly closed by the remote host.
   --- End of inner exception stack trace ---
   at System.Net.Sockets.Socket.AwaitableSocketAsyncEventArgs.ThrowException(SocketError error, CancellationToken cancellationToken)
   at System.Net.Sockets.Socket.AwaitableSocketAsyncEventArgs.GetResult(Int16 token)
   at System.Net.Http.HttpConnection.ReadBufferedAsyncCore(Memory`1 destination)
   at System.Net.Http.HttpConnection.RawConnectionStream.ReadAsync(Memory`1 buffer, CancellationToken cancellationToken)
   at System.Net.WebSockets.ManagedWebSocket.EnsureBufferContainsAsync(Int32 minimumRequiredBytes, CancellationToken cancellationToken, Boolean throwOnPrematureClosure)
   at System.Net.WebSockets.ManagedWebSocket.ReceiveAsyncPrivate[TWebSocketReceiveResultGetter,TWebSocketReceiveResult](Memory`1 payloadBuffer, CancellationToken cancellationToken, TWebSocketReceiveResultGetter resultGetter)
   at System.Net.WebSockets.ManagedWebSocket.ReceiveAsyncPrivate[TWebSocketReceiveResultGetter,TWebSocketReceiveResult](Memory`1 payloadBuffer, CancellationToken cancellationToken, TWebSocketReceiveResultGetter resultGetter)
   --- End of inner exception stack trace ---
   at System.Threading.Tasks.Task.ThrowIfExceptional(Boolean includeTaskCanceledExceptions)
   at System.Threading.Tasks.Task`1.GetResultCore(Boolean waitCompletionNotification)
   at Microsoft.AspNetCore.SpaServices.Extensions.Proxy.SpaProxy.PumpWebSocket(WebSocket source, WebSocket destination, Int32 bufferSize, CancellationToken cancellationToken)
   at Microsoft.AspNetCore.SpaServices.Extensions.Proxy.SpaProxy.AcceptProxyWebSocketRequest(HttpContext context, Uri destinationUri, CancellationToken cancellationToken)
   at Microsoft.AspNetCore.SpaServices.Extensions.Proxy.SpaProxy.PerformProxyRequest(HttpContext context, HttpClient httpClient, Task`1 baseUriTask, CancellationToken applicationStoppingToken, Boolean proxy404s)
   at Microsoft.AspNetCore.Builder.SpaProxyingExtensions.<>c__DisplayClass2_0.<<UseProxyToSpaDevelopmentServer>b__0>d.MoveNext()
--- End of stack trace from previous location where exception was thrown ---
   at Swashbuckle.AspNetCore.SwaggerUI.SwaggerUIMiddleware.Invoke(HttpContext httpContext)
   at Swashbuckle.AspNetCore.Swagger.SwaggerMiddleware.Invoke(HttpContext httpContext, ISwaggerProvider swaggerProvider)
   at Microsoft.AspNetCore.Authorization.AuthorizationMiddleware.Invoke(HttpContext context)
   at IdentityServer4.Hosting.IdentityServerMiddleware.Invoke(HttpContext context, IEndpointRouter router, IUserSession session, IEventService events)
   at IdentityServer4.Hosting.MutualTlsTokenEndpointMiddleware.Invoke(HttpContext context, IAuthenticationSchemeProvider schemes)
   at Microsoft.AspNetCore.Authentication.AuthenticationMiddleware.Invoke(HttpContext context)
   at IdentityServer4.Hosting.BaseUrlMiddleware.Invoke(HttpContext context)
   at Microsoft.AspNetCore.Diagnostics.DeveloperExceptionPageMiddleware.Invoke(HttpContext context)
   at Microsoft.AspNetCore.Diagnostics.DeveloperExceptionPageMiddleware.Invoke(HttpContext context)
   at Microsoft.AspNetCore.Server.Kestrel.Core.Internal.Http.HttpProtocol.ProcessRequests[TContext](IHttpApplication`1 application)
2020-07-30T10:14:50.7523743+07:00 0HM1K572Q7I4S:00000001 [WRN] The response has already started, the error page middleware will not be executed. (e1dd4c0d)
2020-07-30T10:14:50.8305091+07:00 0HM1K572Q7I4S:00000001 [ERR] Connection id ""0HM1K572Q7I4S"", Request id ""0HM1K572Q7I4S:00000001"": An unhandled exception was thrown by the application. (560e7d32)
System.AggregateException: One or more errors occurred. (The remote party closed the WebSocket connection without completing the close handshake.)
 ---> System.Net.WebSockets.WebSocketException (0x80004005): The remote party closed the WebSocket connection without completing the close handshake.
 ---> System.IO.IOException: Unable to read data from the transport connection: An existing connection was forcibly closed by the remote host..
 ---> System.Net.Sockets.SocketException (10054): An existing connection was forcibly closed by the remote host.
   --- End of inner exception stack trace ---
   at System.Net.Sockets.Socket.AwaitableSocketAsyncEventArgs.ThrowException(SocketError error, CancellationToken cancellationToken)
   at System.Net.Sockets.Socket.AwaitableSocketAsyncEventArgs.GetResult(Int16 token)
   at System.Net.Http.HttpConnection.ReadBufferedAsyncCore(Memory`1 destination)
   at System.Net.Http.HttpConnection.RawConnectionStream.ReadAsync(Memory`1 buffer, CancellationToken cancellationToken)
   at System.Net.WebSockets.ManagedWebSocket.EnsureBufferContainsAsync(Int32 minimumRequiredBytes, CancellationToken cancellationToken, Boolean throwOnPrematureClosure)
   at System.Net.WebSockets.ManagedWebSocket.ReceiveAsyncPrivate[TWebSocketReceiveResultGetter,TWebSocketReceiveResult](Memory`1 payloadBuffer, CancellationToken cancellationToken, TWebSocketReceiveResultGetter resultGetter)
   at System.Net.WebSockets.ManagedWebSocket.ReceiveAsyncPrivate[TWebSocketReceiveResultGetter,TWebSocketReceiveResult](Memory`1 payloadBuffer, CancellationToken cancellationToken, TWebSocketReceiveResultGetter resultGetter)
   --- End of inner exception stack trace ---
   at System.Threading.Tasks.Task.ThrowIfExceptional(Boolean includeTaskCanceledExceptions)
   at System.Threading.Tasks.Task`1.GetResultCore(Boolean waitCompletionNotification)
   at Microsoft.AspNetCore.SpaServices.Extensions.Proxy.SpaProxy.PumpWebSocket(WebSocket source, WebSocket destination, Int32 bufferSize, CancellationToken cancellationToken)
   at Microsoft.AspNetCore.SpaServices.Extensions.Proxy.SpaProxy.AcceptProxyWebSocketRequest(HttpContext context, Uri destinationUri, CancellationToken cancellationToken)
   at Microsoft.AspNetCore.SpaServices.Extensions.Proxy.SpaProxy.PerformProxyRequest(HttpContext context, HttpClient httpClient, Task`1 baseUriTask, CancellationToken applicationStoppingToken, Boolean proxy404s)
   at Microsoft.AspNetCore.Builder.SpaProxyingExtensions.<>c__DisplayClass2_0.<<UseProxyToSpaDevelopmentServer>b__0>d.MoveNext()
--- End of stack trace from previous location where exception was thrown ---
   at Swashbuckle.AspNetCore.SwaggerUI.SwaggerUIMiddleware.Invoke(HttpContext httpContext)
   at Swashbuckle.AspNetCore.Swagger.SwaggerMiddleware.Invoke(HttpContext httpContext, ISwaggerProvider swaggerProvider)
   at Microsoft.AspNetCore.Authorization.AuthorizationMiddleware.Invoke(HttpContext context)
   at IdentityServer4.Hosting.IdentityServerMiddleware.Invoke(HttpContext context, IEndpointRouter router, IUserSession session, IEventService events)
   at IdentityServer4.Hosting.MutualTlsTokenEndpointMiddleware.Invoke(HttpContext context, IAuthenticationSchemeProvider schemes)
   at Microsoft.AspNetCore.Authentication.AuthenticationMiddleware.Invoke(HttpContext context)
   at IdentityServer4.Hosting.BaseUrlMiddleware.Invoke(HttpContext context)
   at Microsoft.AspNetCore.Diagnostics.DeveloperExceptionPageMiddleware.Invoke(HttpContext context)
   at Microsoft.AspNetCore.Diagnostics.DeveloperExceptionPageMiddleware.Invoke(HttpContext context)
   at Microsoft.AspNetCore.Server.Kestrel.Core.Internal.Http.HttpProtocol.ProcessRequests[TContext](IHttpApplication`1 application)
2020-07-30T10:21:28.3167948+07:00  [INF] Starting IdentityServer4 version "3.1.3.0" (8add0571)
2020-07-30T10:21:28.3416144+07:00  [INF] Using the default authentication scheme "Identity.Application" for IdentityServer (4a54f457)
2020-07-30T10:21:28.8246809+07:00  [INF] Now listening on: "https://localhost:5001" (d826f4b8)
2020-07-30T10:21:28.8254851+07:00  [INF] Now listening on: "http://localhost:5000" (d826f4b8)
2020-07-30T10:21:28.8258057+07:00  [INF] Application started. Press Ctrl+C to shut down. (dcaefe54)
2020-07-30T10:21:28.8258655+07:00  [INF] Hosting environment: "Development" (c3307c92)
2020-07-30T10:21:28.8259170+07:00  [INF] Content root path: "D:\QucikApp\QuickApp.Standard\QuickApp" (b5d60022)
2020-07-30T10:21:58.6559364+07:00  [INF] Removing 0 grants (62cd9308)
2020-07-30T10:21:58.6820391+07:00  [INF] Removing 0 device flow codes (171ba47d)
2020-07-30T10:22:28.7399240+07:00  [INF] Removing 0 grants (62cd9308)
2020-07-30T10:22:28.7425127+07:00  [INF] Removing 0 device flow codes (171ba47d)
2020-07-30T10:22:58.7800769+07:00  [INF] Removing 0 grants (62cd9308)
2020-07-30T10:22:58.7886261+07:00  [INF] Removing 0 device flow codes (171ba47d)
2020-07-30T10:23:11.2344257+07:00 0HM1K6UL9H2GQ:00000003 [INF] Invoking IdentityServer endpoint: "IdentityServer4.Endpoints.DiscoveryEndpoint" for "/.well-known/openid-configuration" (f7642de5)
2020-07-30T10:23:13.0984587+07:00 0HM1K6UL9H2GQ:00000005 [INF] Invoking IdentityServer endpoint: "IdentityServer4.Endpoints.DiscoveryKeyEndpoint" for "/.well-known/openid-configuration/jwks" (f7642de5)
2020-07-30T10:23:13.2782015+07:00 0HM1K6UL9H2GQ:00000007 [INF] Invoking IdentityServer endpoint: "IdentityServer4.Endpoints.TokenEndpoint" for "/connect/token" (f7642de5)
2020-07-30T10:23:14.9059465+07:00 0HM1K6UL9H2GQ:00000007 [INF] Credentials validated for username: "demo" (cb811aa7)
2020-07-30T10:23:14.9723003+07:00 0HM1K6UL9H2GQ:00000007 [INF] Token request validation success, TokenRequestValidationLog { ClientId: "quickapp_spa", ClientName: null, GrantType: "password", Scopes: "email offline_access openid phone profile quickapp_api roles", AuthorizationCode: null, RefreshToken: null, UserName: "demo", AuthenticationContextReferenceClasses: null, Tenant: null, IdP: null, Raw: [("username": "demo"), ("password": "***REDACTED***"), ("client_id": "quickapp_spa"), ("grant_type": "password"), ("scope": "openid email phone profile offline_access roles quickapp_api")] } (3a073258)
2020-07-30T10:23:28.8269130+07:00  [INF] Removing 0 grants (62cd9308)
2020-07-30T10:23:28.8299463+07:00  [INF] Removing 0 device flow codes (171ba47d)
2020-07-30T10:23:58.9082728+07:00  [INF] Removing 0 grants (62cd9308)
2020-07-30T10:23:58.9118896+07:00  [INF] Removing 0 device flow codes (171ba47d)
2020-07-30T10:24:04.4790412+07:00  [INF] Application is shutting down... (90f52c38)
2020-07-30T13:26:42.3402132+07:00  [INF] Starting IdentityServer4 version "3.1.3.0" (8add0571)
2020-07-30T13:26:42.3634616+07:00  [INF] Using the default authentication scheme "Identity.Application" for IdentityServer (4a54f457)
2020-07-30T13:26:42.7023843+07:00  [INF] Now listening on: "https://localhost:5001" (d826f4b8)
2020-07-30T13:26:42.7025354+07:00  [INF] Now listening on: "http://localhost:5000" (d826f4b8)
2020-07-30T13:26:42.7027711+07:00  [INF] Application started. Press Ctrl+C to shut down. (dcaefe54)
2020-07-30T13:26:42.7028162+07:00  [INF] Hosting environment: "Development" (c3307c92)
2020-07-30T13:26:42.7028646+07:00  [INF] Content root path: "D:\QucikApp\QuickApp.Standard\QuickApp" (b5d60022)
2020-07-30T13:27:12.6591579+07:00  [INF] Removing 0 grants (62cd9308)
2020-07-30T13:27:12.7227925+07:00  [INF] Removing 0 device flow codes (171ba47d)
2020-07-30T13:27:42.7532507+07:00  [INF] Removing 0 grants (62cd9308)
2020-07-30T13:27:42.7554407+07:00  [INF] Removing 0 device flow codes (171ba47d)
2020-07-30T13:28:12.8278680+07:00  [INF] Removing 0 grants (62cd9308)
2020-07-30T13:28:12.8370997+07:00  [INF] Removing 0 device flow codes (171ba47d)
2020-07-30T13:28:42.8616875+07:00  [INF] Removing 0 grants (62cd9308)
2020-07-30T13:28:42.8655218+07:00  [INF] Removing 0 device flow codes (171ba47d)
2020-07-30T13:29:12.8709228+07:00  [INF] Removing 0 grants (62cd9308)
2020-07-30T13:29:12.8725320+07:00  [INF] Removing 0 device flow codes (171ba47d)
2020-07-30T13:29:42.8923266+07:00  [INF] Removing 0 grants (62cd9308)
2020-07-30T13:29:42.8975358+07:00  [INF] Removing 0 device flow codes (171ba47d)
2020-07-30T13:29:45.1768367+07:00 0HM1KA6QDBIVD:0000001B [INF] Invoking IdentityServer endpoint: "IdentityServer4.Endpoints.DiscoveryEndpoint" for "/.well-known/openid-configuration" (f7642de5)
2020-07-30T13:29:45.9798573+07:00 0HM1KA6QDBIVD:0000001D [INF] Invoking IdentityServer endpoint: "IdentityServer4.Endpoints.DiscoveryKeyEndpoint" for "/.well-known/openid-configuration/jwks" (f7642de5)
2020-07-30T13:29:46.0568699+07:00 0HM1KA6QDBIVD:0000001F [INF] Invoking IdentityServer endpoint: "IdentityServer4.Endpoints.TokenEndpoint" for "/connect/token" (f7642de5)
2020-07-30T13:29:46.7169132+07:00 0HM1KA6QDBIVD:0000001F [INF] Credentials validated for username: "admin" (cb811aa7)
2020-07-30T13:29:46.7524258+07:00 0HM1KA6QDBIVD:0000001F [INF] Token request validation success, TokenRequestValidationLog { ClientId: "quickapp_spa", ClientName: null, GrantType: "password", Scopes: "email offline_access openid phone profile quickapp_api roles", AuthorizationCode: null, RefreshToken: null, UserName: "admin", AuthenticationContextReferenceClasses: null, Tenant: null, IdP: null, Raw: [("username": "admin"), ("password": "***REDACTED***"), ("client_id": "quickapp_spa"), ("grant_type": "password"), ("scope": "openid email phone profile offline_access roles quickapp_api")] } (3a073258)
2020-07-30T13:29:58.0517157+07:00 0HM1KA6QDBIVD:00000029 [INF] Invoking IdentityServer endpoint: "IdentityServer4.Endpoints.DiscoveryEndpoint" for "/.well-known/openid-configuration" (f7642de5)
2020-07-30T13:29:58.0770778+07:00 0HM1KA6QDBIVD:0000002B [INF] Invoking IdentityServer endpoint: "IdentityServer4.Endpoints.DiscoveryKeyEndpoint" for "/.well-known/openid-configuration/jwks" (f7642de5)
2020-07-30T13:29:58.0836731+07:00 0HM1KA6QDBIVD:0000002D [INF] Invoking IdentityServer endpoint: "IdentityServer4.Endpoints.TokenEndpoint" for "/connect/token" (f7642de5)
2020-07-30T13:29:58.1690787+07:00 0HM1KA6QDBIVD:0000002D [INF] Credentials validated for username: "admin" (cb811aa7)
2020-07-30T13:29:58.1703482+07:00 0HM1KA6QDBIVD:0000002D [INF] Token request validation success, TokenRequestValidationLog { ClientId: "quickapp_spa", ClientName: null, GrantType: "password", Scopes: "email offline_access openid phone profile quickapp_api roles", AuthorizationCode: null, RefreshToken: null, UserName: "admin", AuthenticationContextReferenceClasses: null, Tenant: null, IdP: null, Raw: [("username": "admin"), ("password": "***REDACTED***"), ("client_id": "quickapp_spa"), ("grant_type": "password"), ("scope": "openid email phone profile offline_access roles quickapp_api")] } (3a073258)
2020-07-30T13:30:12.9060816+07:00  [INF] Removing 0 grants (62cd9308)
2020-07-30T13:30:12.9119676+07:00  [INF] Removing 0 device flow codes (171ba47d)
2020-07-30T13:30:42.9363681+07:00  [INF] Removing 0 grants (62cd9308)
2020-07-30T13:30:42.9407873+07:00  [INF] Removing 0 device flow codes (171ba47d)
2020-07-30T13:31:12.9650766+07:00  [INF] Removing 0 grants (62cd9308)
2020-07-30T13:31:12.9719335+07:00  [INF] Removing 0 device flow codes (171ba47d)
2020-07-30T13:31:42.9879501+07:00  [INF] Removing 0 grants (62cd9308)
2020-07-30T13:31:42.9918705+07:00  [INF] Removing 0 device flow codes (171ba47d)
2020-07-30T13:32:13.0061717+07:00  [INF] Removing 0 grants (62cd9308)
2020-07-30T13:32:13.0089832+07:00  [INF] Removing 0 device flow codes (171ba47d)
2020-07-30T13:32:43.0286696+07:00  [INF] Removing 0 grants (62cd9308)
2020-07-30T13:32:43.0324946+07:00  [INF] Removing 0 device flow codes (171ba47d)
2020-07-30T13:33:13.0437228+07:00  [INF] Removing 0 grants (62cd9308)
2020-07-30T13:33:13.0508608+07:00  [INF] Removing 0 device flow codes (171ba47d)
2020-07-30T13:33:43.0683289+07:00  [INF] Removing 0 grants (62cd9308)
2020-07-30T13:33:43.0704233+07:00  [INF] Removing 0 device flow codes (171ba47d)
2020-07-30T13:34:13.0824250+07:00  [INF] Removing 0 grants (62cd9308)
2020-07-30T13:34:13.0847285+07:00  [INF] Removing 0 device flow codes (171ba47d)
2020-07-30T13:34:43.0972289+07:00  [INF] Removing 0 grants (62cd9308)
2020-07-30T13:34:43.1009084+07:00  [INF] Removing 0 device flow codes (171ba47d)
2020-07-30T13:35:13.1179810+07:00  [INF] Removing 0 grants (62cd9308)
2020-07-30T13:35:13.1191705+07:00  [INF] Removing 0 device flow codes (171ba47d)
2020-07-30T13:35:43.1387824+07:00  [INF] Removing 0 grants (62cd9308)
2020-07-30T13:35:43.1432284+07:00  [INF] Removing 0 device flow codes (171ba47d)
2020-07-30T13:36:13.1600246+07:00  [INF] Removing 0 grants (62cd9308)
2020-07-30T13:36:13.1614130+07:00  [INF] Removing 0 device flow codes (171ba47d)
2020-07-30T13:36:43.1650371+07:00  [INF] Removing 0 grants (62cd9308)
2020-07-30T13:36:43.1665502+07:00  [INF] Removing 0 device flow codes (171ba47d)
2020-07-30T13:37:13.1784903+07:00  [INF] Removing 0 grants (62cd9308)
2020-07-30T13:37:13.1802013+07:00  [INF] Removing 0 device flow codes (171ba47d)
2020-07-30T13:37:43.1943057+07:00  [INF] Removing 0 grants (62cd9308)
2020-07-30T13:37:43.1956699+07:00  [INF] Removing 0 device flow codes (171ba47d)
2020-07-30T13:38:13.2135308+07:00  [INF] Removing 0 grants (62cd9308)
2020-07-30T13:38:13.2147734+07:00  [INF] Removing 0 device flow codes (171ba47d)
2020-07-30T13:38:43.2269488+07:00  [INF] Removing 0 grants (62cd9308)
2020-07-30T13:38:43.2313616+07:00  [INF] Removing 0 device flow codes (171ba47d)
2020-07-30T13:39:13.2412418+07:00  [INF] Removing 0 grants (62cd9308)
2020-07-30T13:39:13.2428459+07:00  [INF] Removing 0 device flow codes (171ba47d)
2020-07-30T13:39:43.2468890+07:00  [INF] Removing 0 grants (62cd9308)
2020-07-30T13:39:43.2497459+07:00  [INF] Removing 0 device flow codes (171ba47d)
2020-07-30T13:40:13.2565591+07:00  [INF] Removing 0 grants (62cd9308)
2020-07-30T13:40:13.2582280+07:00  [INF] Removing 0 device flow codes (171ba47d)
2020-07-30T13:40:43.2623727+07:00  [INF] Removing 0 grants (62cd9308)
2020-07-30T13:40:43.2636581+07:00  [INF] Removing 0 device flow codes (171ba47d)
2020-07-30T13:41:13.2687506+07:00  [INF] Removing 0 grants (62cd9308)
2020-07-30T13:41:13.2700272+07:00  [INF] Removing 0 device flow codes (171ba47d)
2020-07-30T13:41:43.2756717+07:00  [INF] Removing 0 grants (62cd9308)
2020-07-30T13:41:43.2801615+07:00  [INF] Removing 0 device flow codes (171ba47d)
2020-07-30T13:42:13.2880901+07:00  [INF] Removing 0 grants (62cd9308)
2020-07-30T13:42:13.2895785+07:00  [INF] Removing 0 device flow codes (171ba47d)
2020-07-30T13:42:43.3005195+07:00  [INF] Removing 0 grants (62cd9308)
2020-07-30T13:42:43.3018587+07:00  [INF] Removing 0 device flow codes (171ba47d)
2020-07-30T13:43:13.3164615+07:00  [INF] Removing 0 grants (62cd9308)
2020-07-30T13:43:13.3176537+07:00  [INF] Removing 0 device flow codes (171ba47d)
2020-07-30T13:43:43.3307433+07:00  [INF] Removing 0 grants (62cd9308)
2020-07-30T13:43:43.3320132+07:00  [INF] Removing 0 device flow codes (171ba47d)
2020-07-30T13:44:13.3470773+07:00  [INF] Removing 0 grants (62cd9308)
2020-07-30T13:44:13.3482923+07:00  [INF] Removing 0 device flow codes (171ba47d)
2020-07-30T13:44:43.3585074+07:00  [INF] Removing 0 grants (62cd9308)
2020-07-30T13:44:43.3626229+07:00  [INF] Removing 0 device flow codes (171ba47d)
2020-07-30T13:45:13.3809574+07:00  [INF] Removing 0 grants (62cd9308)
2020-07-30T13:45:13.3847227+07:00  [INF] Removing 0 device flow codes (171ba47d)
2020-07-30T13:45:43.3968473+07:00  [INF] Removing 0 grants (62cd9308)
2020-07-30T13:45:43.3999949+07:00  [INF] Removing 0 device flow codes (171ba47d)
2020-07-30T13:46:13.4122539+07:00  [INF] Removing 0 grants (62cd9308)
2020-07-30T13:46:13.4157856+07:00  [INF] Removing 0 device flow codes (171ba47d)
2020-07-30T13:46:43.4294337+07:00  [INF] Removing 0 grants (62cd9308)
2020-07-30T13:46:43.4331972+07:00  [INF] Removing 0 device flow codes (171ba47d)
2020-07-30T13:47:13.4449537+07:00  [INF] Removing 0 grants (62cd9308)
2020-07-30T13:47:13.4486674+07:00  [INF] Removing 0 device flow codes (171ba47d)
2020-07-30T13:47:43.4609751+07:00  [INF] Removing 0 grants (62cd9308)
2020-07-30T13:47:43.4646901+07:00  [INF] Removing 0 device flow codes (171ba47d)
2020-07-30T13:48:13.4775816+07:00  [INF] Removing 0 grants (62cd9308)
2020-07-30T13:48:13.4820105+07:00  [INF] Removing 0 device flow codes (171ba47d)
2020-07-30T13:48:43.4936217+07:00  [INF] Removing 0 grants (62cd9308)
2020-07-30T13:48:43.4976157+07:00  [INF] Removing 0 device flow codes (171ba47d)
2020-07-30T13:49:13.5109657+07:00  [INF] Removing 0 grants (62cd9308)
2020-07-30T13:49:13.5135014+07:00  [INF] Removing 0 device flow codes (171ba47d)
2020-07-30T13:49:43.5226603+07:00  [INF] Removing 0 grants (62cd9308)
2020-07-30T13:49:43.5264984+07:00  [INF] Removing 0 device flow codes (171ba47d)
2020-07-30T13:50:13.5397529+07:00  [INF] Removing 0 grants (62cd9308)
2020-07-30T13:50:13.5425762+07:00  [INF] Removing 0 device flow codes (171ba47d)
2020-07-30T13:50:43.5538448+07:00  [INF] Removing 0 grants (62cd9308)
2020-07-30T13:50:43.5561366+07:00  [INF] Removing 0 device flow codes (171ba47d)
2020-07-30T13:51:13.5650190+07:00  [INF] Removing 0 grants (62cd9308)
2020-07-30T13:51:13.5664151+07:00  [INF] Removing 0 device flow codes (171ba47d)
2020-07-30T13:51:43.5820603+07:00  [INF] Removing 0 grants (62cd9308)
2020-07-30T13:51:43.5833857+07:00  [INF] Removing 0 device flow codes (171ba47d)
2020-07-30T13:52:13.6018779+07:00  [INF] Removing 0 grants (62cd9308)
2020-07-30T13:52:13.6056852+07:00  [INF] Removing 0 device flow codes (171ba47d)
2020-07-30T13:52:43.6134655+07:00  [INF] Removing 0 grants (62cd9308)
2020-07-30T13:52:43.6147294+07:00  [INF] Removing 0 device flow codes (171ba47d)
2020-07-30T13:53:13.6307049+07:00  [INF] Removing 0 grants (62cd9308)
2020-07-30T13:53:13.6343399+07:00  [INF] Removing 0 device flow codes (171ba47d)
2020-07-30T13:53:43.6438995+07:00  [INF] Removing 0 grants (62cd9308)
2020-07-30T13:53:43.6454693+07:00  [INF] Removing 0 device flow codes (171ba47d)
2020-07-30T13:54:13.6601871+07:00  [INF] Removing 0 grants (62cd9308)
2020-07-30T13:54:13.6613829+07:00  [INF] Removing 0 device flow codes (171ba47d)
2020-07-30T13:54:43.6641151+07:00  [INF] Removing 0 grants (62cd9308)
2020-07-30T13:54:43.6653896+07:00  [INF] Removing 0 device flow codes (171ba47d)
2020-07-30T13:55:13.6785346+07:00  [INF] Removing 0 grants (62cd9308)
2020-07-30T13:55:13.6796568+07:00  [INF] Removing 0 device flow codes (171ba47d)
2020-07-30T13:55:43.6937670+07:00  [INF] Removing 0 grants (62cd9308)
2020-07-30T13:55:43.6965268+07:00  [INF] Removing 0 device flow codes (171ba47d)
2020-07-30T13:56:13.7117799+07:00  [INF] Removing 0 grants (62cd9308)
2020-07-30T13:56:13.7156648+07:00  [INF] Removing 0 device flow codes (171ba47d)
2020-07-30T13:56:43.7267756+07:00  [INF] Removing 0 grants (62cd9308)
2020-07-30T13:56:43.7280727+07:00  [INF] Removing 0 device flow codes (171ba47d)
2020-07-30T13:57:13.7399968+07:00  [INF] Removing 0 grants (62cd9308)
2020-07-30T13:57:13.7413573+07:00  [INF] Removing 0 device flow codes (171ba47d)
2020-07-30T13:57:43.7536794+07:00  [INF] Removing 0 grants (62cd9308)
2020-07-30T13:57:43.7548613+07:00  [INF] Removing 0 device flow codes (171ba47d)
2020-07-30T13:58:13.7628496+07:00  [INF] Removing 0 grants (62cd9308)
2020-07-30T13:58:13.7655595+07:00  [INF] Removing 0 device flow codes (171ba47d)
2020-07-30T13:58:43.7730819+07:00  [INF] Removing 0 grants (62cd9308)
2020-07-30T13:58:43.7771196+07:00  [INF] Removing 0 device flow codes (171ba47d)
2020-07-30T13:59:13.7878653+07:00  [INF] Removing 0 grants (62cd9308)
2020-07-30T13:59:13.7921392+07:00  [INF] Removing 0 device flow codes (171ba47d)
2020-07-30T13:59:43.8012097+07:00  [INF] Removing 0 grants (62cd9308)
2020-07-30T13:59:43.8029024+07:00  [INF] Removing 0 device flow codes (171ba47d)
2020-07-30T14:00:13.8175223+07:00  [INF] Removing 0 grants (62cd9308)
2020-07-30T14:00:13.8189433+07:00  [INF] Removing 0 device flow codes (171ba47d)
2020-07-30T14:00:43.8333586+07:00  [INF] Removing 0 grants (62cd9308)
2020-07-30T14:00:43.8346426+07:00  [INF] Removing 0 device flow codes (171ba47d)
2020-07-30T14:01:13.8499616+07:00  [INF] Removing 0 grants (62cd9308)
2020-07-30T14:01:13.8514273+07:00  [INF] Removing 0 device flow codes (171ba47d)
2020-07-30T14:01:43.8621126+07:00  [INF] Removing 0 grants (62cd9308)
2020-07-30T14:01:43.8633574+07:00  [INF] Removing 0 device flow codes (171ba47d)
2020-07-30T14:02:13.8793867+07:00  [INF] Removing 0 grants (62cd9308)
2020-07-30T14:02:13.8811338+07:00  [INF] Removing 0 device flow codes (171ba47d)
2020-07-30T14:02:43.8832756+07:00  [INF] Removing 0 grants (62cd9308)
2020-07-30T14:02:43.8846726+07:00  [INF] Removing 0 device flow codes (171ba47d)
2020-07-30T14:03:13.8996703+07:00  [INF] Removing 0 grants (62cd9308)
2020-07-30T14:03:13.9007321+07:00  [INF] Removing 0 device flow codes (171ba47d)
2020-07-30T14:03:43.9138234+07:00  [INF] Removing 0 grants (62cd9308)
2020-07-30T14:03:43.9151916+07:00  [INF] Removing 0 device flow codes (171ba47d)
2020-07-30T14:04:13.9282991+07:00  [INF] Removing 0 grants (62cd9308)
2020-07-30T14:04:13.9295761+07:00  [INF] Removing 0 device flow codes (171ba47d)
2020-07-30T14:04:43.9347440+07:00  [INF] Removing 0 grants (62cd9308)
2020-07-30T14:04:43.9371696+07:00  [INF] Removing 0 device flow codes (171ba47d)
2020-07-30T14:05:13.9410098+07:00  [INF] Removing 0 grants (62cd9308)
2020-07-30T14:05:13.9421140+07:00  [INF] Removing 0 device flow codes (171ba47d)
2020-07-30T14:05:43.9455418+07:00  [INF] Removing 0 grants (62cd9308)
2020-07-30T14:05:43.9469197+07:00  [INF] Removing 0 device flow codes (171ba47d)
2020-07-30T14:06:13.9588235+07:00  [INF] Removing 0 grants (62cd9308)
2020-07-30T14:06:13.9602980+07:00  [INF] Removing 0 device flow codes (171ba47d)
2020-07-30T14:06:43.9777194+07:00  [INF] Removing 0 grants (62cd9308)
2020-07-30T14:06:43.9801509+07:00  [INF] Removing 0 device flow codes (171ba47d)
2020-07-30T14:07:13.9869060+07:00  [INF] Removing 0 grants (62cd9308)
2020-07-30T14:07:13.9881094+07:00  [INF] Removing 0 device flow codes (171ba47d)
2020-07-30T14:07:44.0054849+07:00  [INF] Removing 0 grants (62cd9308)
2020-07-30T14:07:44.0070734+07:00  [INF] Removing 0 device flow codes (171ba47d)
2020-07-30T14:08:14.0198440+07:00  [INF] Removing 0 grants (62cd9308)
2020-07-30T14:08:14.0212143+07:00  [INF] Removing 0 device flow codes (171ba47d)
2020-07-30T14:08:44.0415083+07:00  [INF] Removing 0 grants (62cd9308)
2020-07-30T14:08:44.0432406+07:00  [INF] Removing 0 device flow codes (171ba47d)
2020-07-30T14:09:14.0570903+07:00  [INF] Removing 0 grants (62cd9308)
2020-07-30T14:09:14.0601841+07:00  [INF] Removing 0 device flow codes (171ba47d)
2020-07-30T14:09:44.0661355+07:00  [INF] Removing 0 grants (62cd9308)
2020-07-30T14:09:44.0676546+07:00  [INF] Removing 0 device flow codes (171ba47d)
2020-07-30T14:10:14.0717953+07:00  [INF] Removing 0 grants (62cd9308)
2020-07-30T14:10:14.0730899+07:00  [INF] Removing 0 device flow codes (171ba47d)
2020-07-30T14:10:44.0844269+07:00  [INF] Removing 0 grants (62cd9308)
2020-07-30T14:10:44.0860001+07:00  [INF] Removing 0 device flow codes (171ba47d)
2020-07-30T14:11:14.0967066+07:00  [INF] Removing 0 grants (62cd9308)
2020-07-30T14:11:14.0981099+07:00  [INF] Removing 0 device flow codes (171ba47d)
2020-07-30T14:11:44.1037888+07:00  [INF] Removing 0 grants (62cd9308)
2020-07-30T14:11:44.1051853+07:00  [INF] Removing 0 device flow codes (171ba47d)
2020-07-30T14:12:14.1142217+07:00  [INF] Removing 0 grants (62cd9308)
2020-07-30T14:12:14.1157096+07:00  [INF] Removing 0 device flow codes (171ba47d)
2020-07-30T14:12:44.1179633+07:00  [INF] Removing 0 grants (62cd9308)
2020-07-30T14:12:44.1199721+07:00  [INF] Removing 0 device flow codes (171ba47d)
2020-07-30T14:13:14.1285071+07:00  [INF] Removing 0 grants (62cd9308)
2020-07-30T14:13:14.1302660+07:00  [INF] Removing 0 device flow codes (171ba47d)
2020-07-30T14:13:44.1445261+07:00  [INF] Removing 0 grants (62cd9308)
2020-07-30T14:13:44.1462125+07:00  [INF] Removing 0 device flow codes (171ba47d)
2020-07-30T14:14:14.1586311+07:00  [INF] Removing 0 grants (62cd9308)
2020-07-30T14:14:14.1598115+07:00  [INF] Removing 0 device flow codes (171ba47d)
2020-07-30T14:14:44.1829871+07:00  [INF] Removing 0 grants (62cd9308)
2020-07-30T14:14:44.1845608+07:00  [INF] Removing 0 device flow codes (171ba47d)
2020-07-30T14:15:14.1923115+07:00  [INF] Removing 0 grants (62cd9308)
2020-07-30T14:15:14.1944226+07:00  [INF] Removing 0 device flow codes (171ba47d)
2020-07-30T14:15:44.2092875+07:00  [INF] Removing 0 grants (62cd9308)
2020-07-30T14:15:44.2105633+07:00  [INF] Removing 0 device flow codes (171ba47d)
2020-07-30T14:16:14.2235645+07:00  [INF] Removing 0 grants (62cd9308)
2020-07-30T14:16:14.2250318+07:00  [INF] Removing 0 device flow codes (171ba47d)
2020-07-30T14:16:44.2288149+07:00  [INF] Removing 0 grants (62cd9308)
2020-07-30T14:16:44.2300370+07:00  [INF] Removing 0 device flow codes (171ba47d)
2020-07-30T14:17:14.2386110+07:00  [INF] Removing 0 grants (62cd9308)
2020-07-30T14:17:14.2398849+07:00  [INF] Removing 0 device flow codes (171ba47d)
2020-07-30T14:17:44.2416539+07:00  [INF] Removing 0 grants (62cd9308)
2020-07-30T14:17:44.2428260+07:00  [INF] Removing 0 device flow codes (171ba47d)
2020-07-30T14:18:14.2596476+07:00  [INF] Removing 0 grants (62cd9308)
2020-07-30T14:18:14.2634430+07:00  [INF] Removing 0 device flow codes (171ba47d)
2020-07-30T14:18:44.2694770+07:00  [INF] Removing 0 grants (62cd9308)
2020-07-30T14:18:44.2710208+07:00  [INF] Removing 0 device flow codes (171ba47d)
2020-07-30T14:19:14.2734320+07:00  [INF] Removing 0 grants (62cd9308)
2020-07-30T14:19:14.2747921+07:00  [INF] Removing 0 device flow codes (171ba47d)
2020-07-30T14:19:44.2850297+07:00  [INF] Removing 0 grants (62cd9308)
2020-07-30T14:19:44.2864784+07:00  [INF] Removing 0 device flow codes (171ba47d)
2020-07-30T14:20:14.2882332+07:00  [INF] Removing 0 grants (62cd9308)
2020-07-30T14:20:14.2894107+07:00  [INF] Removing 0 device flow codes (171ba47d)
2020-07-30T14:20:44.2975760+07:00  [INF] Removing 0 grants (62cd9308)
2020-07-30T14:20:44.2989669+07:00  [INF] Removing 0 device flow codes (171ba47d)
2020-07-30T14:21:14.3071180+07:00  [INF] Removing 0 grants (62cd9308)
2020-07-30T14:21:14.3084347+07:00  [INF] Removing 0 device flow codes (171ba47d)
2020-07-30T14:21:44.3186733+07:00  [INF] Removing 0 grants (62cd9308)
2020-07-30T14:21:44.3207169+07:00  [INF] Removing 0 device flow codes (171ba47d)
2020-07-30T14:22:14.3315919+07:00  [INF] Removing 0 grants (62cd9308)
2020-07-30T14:22:14.3331471+07:00  [INF] Removing 0 device flow codes (171ba47d)
2020-07-30T14:22:44.3469509+07:00  [INF] Removing 0 grants (62cd9308)
2020-07-30T14:22:44.3482879+07:00  [INF] Removing 0 device flow codes (171ba47d)
2020-07-30T14:23:14.3633191+07:00  [INF] Removing 0 grants (62cd9308)
2020-07-30T14:23:14.3648189+07:00  [INF] Removing 0 device flow codes (171ba47d)
2020-07-30T14:23:44.3784541+07:00  [INF] Removing 0 grants (62cd9308)
2020-07-30T14:23:44.3798705+07:00  [INF] Removing 0 device flow codes (171ba47d)
2020-07-30T14:24:14.3946439+07:00  [INF] Removing 0 grants (62cd9308)
2020-07-30T14:24:14.3967197+07:00  [INF] Removing 0 device flow codes (171ba47d)
2020-07-30T14:24:44.4008580+07:00  [INF] Removing 0 grants (62cd9308)
2020-07-30T14:24:44.4022078+07:00  [INF] Removing 0 device flow codes (171ba47d)
2020-07-30T14:25:14.4105466+07:00  [INF] Removing 0 grants (62cd9308)
2020-07-30T14:25:14.4117982+07:00  [INF] Removing 0 device flow codes (171ba47d)
2020-07-30T14:25:44.4241537+07:00  [INF] Removing 0 grants (62cd9308)
2020-07-30T14:25:44.4260858+07:00  [INF] Removing 0 device flow codes (171ba47d)
2020-07-30T14:26:14.4293789+07:00  [INF] Removing 0 grants (62cd9308)
2020-07-30T14:26:14.4306384+07:00  [INF] Removing 0 device flow codes (171ba47d)
2020-07-30T14:26:44.4438091+07:00  [INF] Removing 0 grants (62cd9308)
2020-07-30T14:26:44.4452430+07:00  [INF] Removing 0 device flow codes (171ba47d)
2020-07-30T14:27:14.4468967+07:00  [INF] Removing 0 grants (62cd9308)
2020-07-30T14:27:14.4480672+07:00  [INF] Removing 0 device flow codes (171ba47d)
2020-07-30T14:27:44.4583202+07:00  [INF] Removing 0 grants (62cd9308)
2020-07-30T14:27:44.4596460+07:00  [INF] Removing 0 device flow codes (171ba47d)
2020-07-30T14:28:14.4623902+07:00  [INF] Removing 0 grants (62cd9308)
2020-07-30T14:28:14.4637659+07:00  [INF] Removing 0 device flow codes (171ba47d)
2020-07-30T14:28:44.4722276+07:00  [INF] Removing 0 grants (62cd9308)
2020-07-30T14:28:44.4733649+07:00  [INF] Removing 0 device flow codes (171ba47d)
2020-07-30T14:29:14.4763365+07:00  [INF] Removing 0 grants (62cd9308)
2020-07-30T14:29:14.4774620+07:00  [INF] Removing 0 device flow codes (171ba47d)
2020-07-30T14:29:44.4905888+07:00  [INF] Removing 0 grants (62cd9308)
2020-07-30T14:29:44.4928520+07:00  [INF] Removing 0 device flow codes (171ba47d)
2020-07-30T14:30:14.5043889+07:00  [INF] Removing 0 grants (62cd9308)
2020-07-30T14:30:14.5057617+07:00  [INF] Removing 0 device flow codes (171ba47d)
2020-07-30T14:30:44.5082709+07:00  [INF] Removing 0 grants (62cd9308)
2020-07-30T14:30:44.5096245+07:00  [INF] Removing 0 device flow codes (171ba47d)
2020-07-30T14:31:14.5125785+07:00  [INF] Removing 0 grants (62cd9308)
2020-07-30T14:31:14.5143767+07:00  [INF] Removing 0 device flow codes (171ba47d)
2020-07-30T14:31:44.5304628+07:00  [INF] Removing 0 grants (62cd9308)
2020-07-30T14:31:44.5376762+07:00  [INF] Removing 0 device flow codes (171ba47d)
2020-07-30T14:32:14.5514825+07:00  [INF] Removing 0 grants (62cd9308)
2020-07-30T14:32:14.5529794+07:00  [INF] Removing 0 device flow codes (171ba47d)
2020-07-30T14:32:44.5670460+07:00  [INF] Removing 0 grants (62cd9308)
2020-07-30T14:32:44.5684589+07:00  [INF] Removing 0 device flow codes (171ba47d)
2020-07-30T14:33:14.5819410+07:00  [INF] Removing 0 grants (62cd9308)
2020-07-30T14:33:14.5835463+07:00  [INF] Removing 0 device flow codes (171ba47d)
2020-07-30T14:33:44.5970296+07:00  [INF] Removing 0 grants (62cd9308)
2020-07-30T14:33:44.5981878+07:00  [INF] Removing 0 device flow codes (171ba47d)
2020-07-30T14:34:14.5998185+07:00  [INF] Removing 0 grants (62cd9308)
2020-07-30T14:34:14.6009570+07:00  [INF] Removing 0 device flow codes (171ba47d)
2020-07-30T14:34:44.6530500+07:00  [INF] Removing 0 grants (62cd9308)
2020-07-30T14:34:44.6544243+07:00  [INF] Removing 0 device flow codes (171ba47d)
2020-07-30T14:35:14.6646221+07:00  [INF] Removing 0 grants (62cd9308)
2020-07-30T14:35:14.6679829+07:00  [INF] Removing 0 device flow codes (171ba47d)
2020-07-30T14:35:44.6742459+07:00  [INF] Removing 0 grants (62cd9308)
2020-07-30T14:35:44.6755735+07:00  [INF] Removing 0 device flow codes (171ba47d)
2020-07-30T14:36:14.6947447+07:00  [INF] Removing 0 grants (62cd9308)
2020-07-30T14:36:14.6975589+07:00  [INF] Removing 0 device flow codes (171ba47d)
2020-07-30T14:36:44.7075549+07:00  [INF] Removing 0 grants (62cd9308)
2020-07-30T14:36:44.7088076+07:00  [INF] Removing 0 device flow codes (171ba47d)
2020-07-30T14:37:14.7128641+07:00  [INF] Removing 0 grants (62cd9308)
2020-07-30T14:37:14.7143484+07:00  [INF] Removing 0 device flow codes (171ba47d)
2020-07-30T14:37:44.7243274+07:00  [INF] Removing 0 grants (62cd9308)
2020-07-30T14:37:44.7256383+07:00  [INF] Removing 0 device flow codes (171ba47d)
2020-07-30T14:38:14.7416427+07:00  [INF] Removing 0 grants (62cd9308)
2020-07-30T14:38:14.7452594+07:00  [INF] Removing 0 device flow codes (171ba47d)
2020-07-30T14:38:44.7557522+07:00  [INF] Removing 0 grants (62cd9308)
2020-07-30T14:38:44.7573221+07:00  [INF] Removing 0 device flow codes (171ba47d)
2020-07-30T14:39:14.7602900+07:00  [INF] Removing 0 grants (62cd9308)
2020-07-30T14:39:14.7616841+07:00  [INF] Removing 0 device flow codes (171ba47d)
2020-07-30T14:39:44.7702101+07:00  [INF] Removing 0 grants (62cd9308)
2020-07-30T14:39:44.7720202+07:00  [INF] Removing 0 device flow codes (171ba47d)
2020-07-30T14:40:14.7852549+07:00  [INF] Removing 0 grants (62cd9308)
2020-07-30T14:40:14.7869631+07:00  [INF] Removing 0 device flow codes (171ba47d)
2020-07-30T14:40:44.7998794+07:00  [INF] Removing 0 grants (62cd9308)
2020-07-30T14:40:44.8011826+07:00  [INF] Removing 0 device flow codes (171ba47d)
2020-07-30T14:41:14.8092345+07:00  [INF] Removing 0 grants (62cd9308)
2020-07-30T14:41:14.8132469+07:00  [INF] Removing 0 device flow codes (171ba47d)
2020-07-30T14:41:44.8157499+07:00  [INF] Removing 0 grants (62cd9308)
2020-07-30T14:41:44.8170195+07:00  [INF] Removing 0 device flow codes (171ba47d)
2020-07-30T14:42:14.8193960+07:00  [INF] Removing 0 grants (62cd9308)
2020-07-30T14:42:14.8207089+07:00  [INF] Removing 0 device flow codes (171ba47d)
2020-07-30T14:42:44.8317023+07:00  [INF] Removing 0 grants (62cd9308)
2020-07-30T14:42:44.8330844+07:00  [INF] Removing 0 device flow codes (171ba47d)
2020-07-30T14:43:14.8480312+07:00  [INF] Removing 0 grants (62cd9308)
2020-07-30T14:43:14.8493666+07:00  [INF] Removing 0 device flow codes (171ba47d)
2020-07-30T14:43:44.8622429+07:00  [INF] Removing 0 grants (62cd9308)
2020-07-30T14:43:44.8634499+07:00  [INF] Removing 0 device flow codes (171ba47d)
2020-07-30T14:44:14.8676973+07:00  [INF] Removing 0 grants (62cd9308)
2020-07-30T14:44:14.8689297+07:00  [INF] Removing 0 device flow codes (171ba47d)
2020-07-30T14:44:44.8786090+07:00  [INF] Removing 0 grants (62cd9308)
2020-07-30T14:44:44.8797301+07:00  [INF] Removing 0 device flow codes (171ba47d)
2020-07-30T14:45:14.8935392+07:00  [INF] Removing 0 grants (62cd9308)
2020-07-30T14:45:14.8947672+07:00  [INF] Removing 0 device flow codes (171ba47d)
2020-07-30T14:45:44.9108574+07:00  [INF] Removing 0 grants (62cd9308)
2020-07-30T14:45:44.9119899+07:00  [INF] Removing 0 device flow codes (171ba47d)
2020-07-30T14:46:14.9196805+07:00  [INF] Removing 0 grants (62cd9308)
2020-07-30T14:46:14.9233853+07:00  [INF] Removing 0 device flow codes (171ba47d)
2020-07-30T14:46:44.9342838+07:00  [INF] Removing 0 grants (62cd9308)
2020-07-30T14:46:44.9398153+07:00  [INF] Removing 0 device flow codes (171ba47d)
2020-07-30T14:47:14.9558084+07:00  [INF] Removing 0 grants (62cd9308)
2020-07-30T14:47:14.9569379+07:00  [INF] Removing 0 device flow codes (171ba47d)
2020-07-30T14:47:44.9751792+07:00  [INF] Removing 0 grants (62cd9308)
2020-07-30T14:47:44.9766671+07:00  [INF] Removing 0 device flow codes (171ba47d)
2020-07-30T14:48:14.9897249+07:00  [INF] Removing 0 grants (62cd9308)
2020-07-30T14:48:14.9929986+07:00  [INF] Removing 0 device flow codes (171ba47d)
2020-07-30T14:48:45.0036833+07:00  [INF] Removing 0 grants (62cd9308)
2020-07-30T14:48:45.0049942+07:00  [INF] Removing 0 device flow codes (171ba47d)
2020-07-30T14:49:15.0204728+07:00  [INF] Removing 0 grants (62cd9308)
2020-07-30T14:49:15.0228709+07:00  [INF] Removing 0 device flow codes (171ba47d)
2020-07-30T14:49:45.0376182+07:00  [INF] Removing 0 grants (62cd9308)
2020-07-30T14:49:45.0393288+07:00  [INF] Removing 0 device flow codes (171ba47d)
2020-07-30T14:50:15.0456657+07:00  [INF] Removing 0 grants (62cd9308)
2020-07-30T14:50:15.0470447+07:00  [INF] Removing 0 device flow codes (171ba47d)
2020-07-30T14:50:45.0497795+07:00  [INF] Removing 0 grants (62cd9308)
2020-07-30T14:50:45.0508855+07:00  [INF] Removing 0 device flow codes (171ba47d)
2020-07-30T14:51:15.0538174+07:00  [INF] Removing 0 grants (62cd9308)
2020-07-30T14:51:15.0551932+07:00  [INF] Removing 0 device flow codes (171ba47d)
2020-07-30T14:51:45.0693660+07:00  [INF] Removing 0 grants (62cd9308)
2020-07-30T14:51:45.0706044+07:00  [INF] Removing 0 device flow codes (171ba47d)
2020-07-30T14:52:15.0809266+07:00  [INF] Removing 0 grants (62cd9308)
2020-07-30T14:52:15.0820696+07:00  [INF] Removing 0 device flow codes (171ba47d)
2020-07-30T14:52:45.0994443+07:00  [INF] Removing 0 grants (62cd9308)
2020-07-30T14:52:45.1008125+07:00  [INF] Removing 0 device flow codes (171ba47d)
2020-07-30T14:53:15.1046484+07:00  [INF] Removing 0 grants (62cd9308)
2020-07-30T14:53:15.1059076+07:00  [INF] Removing 0 device flow codes (171ba47d)
2020-07-30T14:53:45.1117373+07:00  [INF] Removing 0 grants (62cd9308)
2020-07-30T14:53:45.1128245+07:00  [INF] Removing 0 device flow codes (171ba47d)
2020-07-30T14:54:15.1151709+07:00  [INF] Removing 0 grants (62cd9308)
2020-07-30T14:54:15.1165503+07:00  [INF] Removing 0 device flow codes (171ba47d)
2020-07-30T14:54:45.1273258+07:00  [INF] Removing 0 grants (62cd9308)
2020-07-30T14:54:45.1286596+07:00  [INF] Removing 0 device flow codes (171ba47d)
2020-07-30T14:55:15.1348389+07:00  [INF] Removing 0 grants (62cd9308)
2020-07-30T14:55:15.1371307+07:00  [INF] Removing 0 device flow codes (171ba47d)
2020-07-30T14:55:45.1437243+07:00  [INF] Removing 0 grants (62cd9308)
2020-07-30T14:55:45.1455361+07:00  [INF] Removing 0 device flow codes (171ba47d)
2020-07-30T14:56:15.1600118+07:00  [INF] Removing 0 grants (62cd9308)
2020-07-30T14:56:15.1614180+07:00  [INF] Removing 0 device flow codes (171ba47d)
2020-07-30T14:56:45.1753664+07:00  [INF] Removing 0 grants (62cd9308)
2020-07-30T14:56:45.1768595+07:00  [INF] Removing 0 device flow codes (171ba47d)
2020-07-30T14:57:15.1794216+07:00  [INF] Removing 0 grants (62cd9308)
2020-07-30T14:57:15.1810323+07:00  [INF] Removing 0 device flow codes (171ba47d)
2020-07-30T14:57:45.1939915+07:00  [INF] Removing 0 grants (62cd9308)
2020-07-30T14:57:45.1953465+07:00  [INF] Removing 0 device flow codes (171ba47d)
2020-07-30T14:58:15.2066076+07:00  [INF] Removing 0 grants (62cd9308)
2020-07-30T14:58:15.2077895+07:00  [INF] Removing 0 device flow codes (171ba47d)
2020-07-30T14:58:45.2212708+07:00  [INF] Removing 0 grants (62cd9308)
2020-07-30T14:58:45.2223172+07:00  [INF] Removing 0 device flow codes (171ba47d)
2020-07-30T14:59:15.2294222+07:00  [INF] Removing 0 grants (62cd9308)
2020-07-30T14:59:15.2307610+07:00  [INF] Removing 0 device flow codes (171ba47d)
2020-07-30T14:59:45.2412442+07:00  [INF] Removing 0 grants (62cd9308)
2020-07-30T14:59:45.2452144+07:00  [INF] Removing 0 device flow codes (171ba47d)
2020-07-30T15:00:15.2582500+07:00  [INF] Removing 0 grants (62cd9308)
2020-07-30T15:00:15.2624976+07:00  [INF] Removing 0 device flow codes (171ba47d)
2020-07-30T15:00:45.2714927+07:00  [INF] Removing 0 grants (62cd9308)
2020-07-30T15:00:45.2729318+07:00  [INF] Removing 0 device flow codes (171ba47d)
2020-07-30T15:01:15.2849444+07:00  [INF] Removing 0 grants (62cd9308)
2020-07-30T15:01:15.2864074+07:00  [INF] Removing 0 device flow codes (171ba47d)
2020-07-30T15:01:45.3033185+07:00  [INF] Removing 0 grants (62cd9308)
2020-07-30T15:01:45.3074024+07:00  [INF] Removing 0 device flow codes (171ba47d)
2020-07-30T15:02:15.3158990+07:00  [INF] Removing 0 grants (62cd9308)
2020-07-30T15:02:15.3172082+07:00  [INF] Removing 0 device flow codes (171ba47d)
2020-07-30T15:02:45.3195770+07:00  [INF] Removing 0 grants (62cd9308)
2020-07-30T15:02:45.3208927+07:00  [INF] Removing 0 device flow codes (171ba47d)
2020-07-30T15:03:15.3349064+07:00  [INF] Removing 0 grants (62cd9308)
2020-07-30T15:03:15.3364118+07:00  [INF] Removing 0 device flow codes (171ba47d)
2020-07-30T15:03:45.3481563+07:00  [INF] Removing 0 grants (62cd9308)
2020-07-30T15:03:45.3493575+07:00  [INF] Removing 0 device flow codes (171ba47d)
2020-07-30T15:04:15.3672751+07:00  [INF] Removing 0 grants (62cd9308)
2020-07-30T15:04:15.3716302+07:00  [INF] Removing 0 device flow codes (171ba47d)
2020-07-30T15:04:45.3811216+07:00  [INF] Removing 0 grants (62cd9308)
2020-07-30T15:04:45.3823790+07:00  [INF] Removing 0 device flow codes (171ba47d)
2020-07-30T15:05:15.3965159+07:00  [INF] Removing 0 grants (62cd9308)
2020-07-30T15:05:15.3985569+07:00  [INF] Removing 0 device flow codes (171ba47d)
2020-07-30T15:05:45.4130054+07:00  [INF] Removing 0 grants (62cd9308)
2020-07-30T15:05:45.4171954+07:00  [INF] Removing 0 device flow codes (171ba47d)
2020-07-30T15:06:15.4262875+07:00  [INF] Removing 0 grants (62cd9308)
2020-07-30T15:06:15.4274656+07:00  [INF] Removing 0 device flow codes (171ba47d)
2020-07-30T15:06:45.4363652+07:00  [INF] Removing 0 grants (62cd9308)
2020-07-30T15:06:45.4375226+07:00  [INF] Removing 0 device flow codes (171ba47d)
2020-07-30T15:06:46.8436735+07:00  [INF] Application is shutting down... (90f52c38)
2020-07-30T15:32:47.0194807+07:00  [INF] Starting IdentityServer4 version "3.1.3.0" (8add0571)
2020-07-30T15:32:47.0488123+07:00  [INF] Using the default authentication scheme "Identity.Application" for IdentityServer (4a54f457)
2020-07-30T15:32:47.2304826+07:00  [INF] Now listening on: "https://localhost:5001" (d826f4b8)
2020-07-30T15:32:47.2305722+07:00  [INF] Now listening on: "http://localhost:5000" (d826f4b8)
2020-07-30T15:32:47.2308710+07:00  [INF] Application started. Press Ctrl+C to shut down. (dcaefe54)
2020-07-30T15:32:47.2309161+07:00  [INF] Hosting environment: "Development" (c3307c92)
2020-07-30T15:32:47.2309612+07:00  [INF] Content root path: "D:\QucikApp\QuickApp.Standard\QuickApp" (b5d60022)
2020-07-30T15:33:17.2721700+07:00  [INF] Removing 0 grants (62cd9308)
2020-07-30T15:33:17.3159968+07:00  [INF] Removing 0 device flow codes (171ba47d)
2020-07-30T15:33:47.3488463+07:00  [INF] Removing 0 grants (62cd9308)
2020-07-30T15:33:47.3510404+07:00  [INF] Removing 0 device flow codes (171ba47d)
2020-07-30T15:34:17.3694525+07:00  [INF] Removing 0 grants (62cd9308)
2020-07-30T15:34:17.3713589+07:00  [INF] Removing 0 device flow codes (171ba47d)
2020-07-30T15:34:47.4020263+07:00  [INF] Removing 0 grants (62cd9308)
2020-07-30T15:34:47.4113614+07:00  [INF] Removing 0 device flow codes (171ba47d)
2020-07-30T15:35:17.4343569+07:00  [INF] Removing 0 grants (62cd9308)
2020-07-30T15:35:17.4476043+07:00  [INF] Removing 0 device flow codes (171ba47d)
2020-07-30T15:35:47.4659048+07:00  [INF] Removing 0 grants (62cd9308)
2020-07-30T15:35:47.4680883+07:00  [INF] Removing 0 device flow codes (171ba47d)
2020-07-30T15:36:17.4845658+07:00  [INF] Removing 0 grants (62cd9308)
2020-07-30T15:36:17.4884885+07:00  [INF] Removing 0 device flow codes (171ba47d)
2020-07-30T15:36:47.5031439+07:00  [INF] Removing 0 grants (62cd9308)
2020-07-30T15:36:47.5078624+07:00  [INF] Removing 0 device flow codes (171ba47d)
2020-07-30T15:37:17.5385913+07:00  [INF] Removing 0 grants (62cd9308)
2020-07-30T15:37:17.5426555+07:00  [INF] Removing 0 device flow codes (171ba47d)
2020-07-30T15:37:47.5531599+07:00  [INF] Removing 0 grants (62cd9308)
2020-07-30T15:37:47.5546353+07:00  [INF] Removing 0 device flow codes (171ba47d)
2020-07-30T15:38:17.5622029+07:00  [INF] Removing 0 grants (62cd9308)
2020-07-30T15:38:17.5651588+07:00  [INF] Removing 0 device flow codes (171ba47d)
2020-07-30T15:38:47.5784785+07:00  [INF] Removing 0 grants (62cd9308)
2020-07-30T15:38:47.5815153+07:00  [INF] Removing 0 device flow codes (171ba47d)
2020-07-30T15:39:17.5911978+07:00  [INF] Removing 0 grants (62cd9308)
2020-07-30T15:39:17.5939159+07:00  [INF] Removing 0 device flow codes (171ba47d)
2020-07-30T15:39:47.6194016+07:00  [INF] Removing 0 grants (62cd9308)
2020-07-30T15:39:47.6273721+07:00  [INF] Removing 0 device flow codes (171ba47d)
2020-07-30T15:40:17.6390449+07:00  [INF] Removing 0 grants (62cd9308)
2020-07-30T15:40:17.6431103+07:00  [INF] Removing 0 device flow codes (171ba47d)
2020-07-30T15:40:47.6510434+07:00  [INF] Removing 0 grants (62cd9308)
2020-07-30T15:40:47.6533420+07:00  [INF] Removing 0 device flow codes (171ba47d)
2020-07-30T15:41:17.6690728+07:00  [INF] Removing 0 grants (62cd9308)
2020-07-30T15:41:17.6731889+07:00  [INF] Removing 0 device flow codes (171ba47d)
2020-07-30T15:41:47.6843362+07:00  [INF] Removing 0 grants (62cd9308)
2020-07-30T15:41:47.6856758+07:00  [INF] Removing 0 device flow codes (171ba47d)
2020-07-30T15:42:17.6974065+07:00  [INF] Removing 0 grants (62cd9308)
2020-07-30T15:42:17.6992650+07:00  [INF] Removing 0 device flow codes (171ba47d)
2020-07-30T15:42:47.7157429+07:00  [INF] Removing 0 grants (62cd9308)
2020-07-30T15:42:47.7179866+07:00  [INF] Removing 0 device flow codes (171ba47d)
2020-07-30T15:43:17.7298368+07:00  [INF] Removing 0 grants (62cd9308)
2020-07-30T15:43:17.7310282+07:00  [INF] Removing 0 device flow codes (171ba47d)
2020-07-30T15:43:47.7592744+07:00  [INF] Removing 0 grants (62cd9308)
2020-07-30T15:43:47.7632591+07:00  [INF] Removing 0 device flow codes (171ba47d)
2020-07-30T15:44:17.7608881+07:00  [INF] Removing 0 grants (62cd9308)
2020-07-30T15:44:17.7645583+07:00  [INF] Removing 0 device flow codes (171ba47d)
2020-07-30T15:44:47.7738086+07:00  [INF] Removing 0 grants (62cd9308)
2020-07-30T15:44:47.7749583+07:00  [INF] Removing 0 device flow codes (171ba47d)
2020-07-30T15:45:17.7757412+07:00  [INF] Removing 0 grants (62cd9308)
2020-07-30T15:45:17.7771824+07:00  [INF] Removing 0 device flow codes (171ba47d)
2020-07-30T15:45:47.7907813+07:00  [INF] Removing 0 grants (62cd9308)
2020-07-30T15:45:47.7919961+07:00  [INF] Removing 0 device flow codes (171ba47d)
2020-07-30T15:46:13.8175934+07:00 0HM1KCD0V7HVJ:00000021 [WRN] User "7bbc158b-7601-4a7d-acdc-86db138302c4" password validation failed: "PasswordRequiresNonAlphanumeric". (2f223212)
2020-07-30T15:46:17.7951102+07:00  [INF] Removing 0 grants (62cd9308)
2020-07-30T15:46:17.7968013+07:00  [INF] Removing 0 device flow codes (171ba47d)
2020-07-30T15:46:47.8095935+07:00  [INF] Removing 0 grants (62cd9308)
2020-07-30T15:46:47.8114165+07:00  [INF] Removing 0 device flow codes (171ba47d)
2020-07-30T15:46:57.3504583+07:00 0HM1KCD0V7HVJ:00000023 [WRN] User "e6b1c078-76a3-49fa-86d2-ccd2c1444203" password validation failed: "PasswordRequiresNonAlphanumeric". (2f223212)
2020-07-30T15:47:01.6297027+07:00 0HM1KCD0V7HVJ:00000025 [WRN] User "7d5d7b91-5707-4a54-b1d7-003498ce2b25" password validation failed: "PasswordRequiresNonAlphanumeric". (2f223212)
2020-07-30T15:47:17.8262694+07:00  [INF] Removing 0 grants (62cd9308)
2020-07-30T15:47:17.8307791+07:00  [INF] Removing 0 device flow codes (171ba47d)
2020-07-30T15:47:47.8454867+07:00  [INF] Removing 0 grants (62cd9308)
2020-07-30T15:47:47.8500953+07:00  [INF] Removing 0 device flow codes (171ba47d)
2020-07-30T15:47:56.4501870+07:00 0HM1KCD0V7HVJ:00000027 [WRN] User "2a417800-f100-492f-825b-2e72984a2c09" validation failed: "InvalidUserName". (5dc28e15)
2020-07-30T15:48:17.8569042+07:00  [INF] Removing 0 grants (62cd9308)
2020-07-30T15:48:17.8592960+07:00  [INF] Removing 0 device flow codes (171ba47d)
2020-07-30T15:48:31.1201987+07:00 0HM1KCD0V7HVJ:00000029 [WRN] User "c1e744b9-9ad2-4d2a-963a-2765320852d9" validation failed: "InvalidUserName". (5dc28e15)
2020-07-30T15:48:47.8684591+07:00  [INF] Removing 0 grants (62cd9308)
2020-07-30T15:48:47.8699897+07:00  [INF] Removing 0 device flow codes (171ba47d)
2020-07-30T15:49:17.8799304+07:00  [INF] Removing 0 grants (62cd9308)
2020-07-30T15:49:17.8835543+07:00  [INF] Removing 0 device flow codes (171ba47d)
2020-07-30T15:49:29.4857876+07:00 0HM1KCD0V7HVJ:0000002B [ERR] An unhandled exception has occurred while executing the request. (48a46595)
MimeKit.ParseException: Invalid local-part at offset 0
   at MimeKit.InternetAddress.TryParseLocalPart(Byte[] text, Int32& index, Int32 endIndex, Boolean skipTrailingCfws, Boolean throwOnError, String& localpart)
   at MimeKit.InternetAddress.TryParseAddrspec(Byte[] text, Int32& index, Int32 endIndex, Byte[] sentinels, Boolean throwOnError, String& addrspec, Int32& at)
   at MimeKit.MailboxAddress.set_Address(String value)
   at MimeKit.MailboxAddress..ctor(Encoding encoding, String name, String address)
   at MimeKit.MailboxAddress..ctor(String name, String address)
   at QuickApp.Helpers.EmailSender.SendEmailAsync(String recepientName, String recepientEmail, String subject, String body, SmtpConfig config, Boolean isHtml) in D:\QucikApp\QuickApp.Standard\QuickApp\Helpers\EmailSender.cs:line 48
   at QuickApp.Controllers.AccountController.SendVerificationEmail(ApplicationUser appUser) in D:\QucikApp\QuickApp.Standard\QuickApp\Controllers\AccountController.cs:line 735
   at QuickApp.Controllers.AccountController.PublicRegister(UserPublicRegisterViewModel user) in D:\QucikApp\QuickApp.Standard\QuickApp\Controllers\AccountController.cs:line 344
   at Microsoft.AspNetCore.Mvc.Infrastructure.ActionMethodExecutor.TaskOfIActionResultExecutor.Execute(IActionResultTypeMapper mapper, ObjectMethodExecutor executor, Object controller, Object[] arguments)
   at Microsoft.AspNetCore.Mvc.Infrastructure.ControllerActionInvoker.<InvokeActionMethodAsync>g__Awaited|12_0(ControllerActionInvoker invoker, ValueTask`1 actionResultValueTask)
   at Microsoft.AspNetCore.Mvc.Infrastructure.ControllerActionInvoker.<InvokeNextActionFilterAsync>g__Awaited|10_0(ControllerActionInvoker invoker, Task lastTask, State next, Scope scope, Object state, Boolean isCompleted)
   at Microsoft.AspNetCore.Mvc.Infrastructure.ControllerActionInvoker.Rethrow(ActionExecutedContextSealed context)
   at Microsoft.AspNetCore.Mvc.Infrastructure.ControllerActionInvoker.Next(State& next, Scope& scope, Object& state, Boolean& isCompleted)
   at Microsoft.AspNetCore.Mvc.Infrastructure.ControllerActionInvoker.<InvokeInnerFilterAsync>g__Awaited|13_0(ControllerActionInvoker invoker, Task lastTask, State next, Scope scope, Object state, Boolean isCompleted)
   at Microsoft.AspNetCore.Mvc.Infrastructure.ResourceInvoker.<InvokeNextResourceFilter>g__Awaited|24_0(ResourceInvoker invoker, Task lastTask, State next, Scope scope, Object state, Boolean isCompleted)
   at Microsoft.AspNetCore.Mvc.Infrastructure.ResourceInvoker.Rethrow(ResourceExecutedContextSealed context)
   at Microsoft.AspNetCore.Mvc.Infrastructure.ResourceInvoker.Next(State& next, Scope& scope, Object& state, Boolean& isCompleted)
   at Microsoft.AspNetCore.Mvc.Infrastructure.ResourceInvoker.<InvokeFilterPipelineAsync>g__Awaited|19_0(ResourceInvoker invoker, Task lastTask, State next, Scope scope, Object state, Boolean isCompleted)
   at Microsoft.AspNetCore.Mvc.Infrastructure.ResourceInvoker.<InvokeAsync>g__Awaited|17_0(ResourceInvoker invoker, Task task, IDisposable scope)
   at Microsoft.AspNetCore.Routing.EndpointMiddleware.<Invoke>g__AwaitRequestTask|6_0(Endpoint endpoint, Task requestTask, ILogger logger)
   at Swashbuckle.AspNetCore.SwaggerUI.SwaggerUIMiddleware.Invoke(HttpContext httpContext)
   at Swashbuckle.AspNetCore.Swagger.SwaggerMiddleware.Invoke(HttpContext httpContext, ISwaggerProvider swaggerProvider)
   at Microsoft.AspNetCore.Authorization.AuthorizationMiddleware.Invoke(HttpContext context)
   at IdentityServer4.Hosting.IdentityServerMiddleware.Invoke(HttpContext context, IEndpointRouter router, IUserSession session, IEventService events)
   at IdentityServer4.Hosting.MutualTlsTokenEndpointMiddleware.Invoke(HttpContext context, IAuthenticationSchemeProvider schemes)
   at Microsoft.AspNetCore.Authentication.AuthenticationMiddleware.Invoke(HttpContext context)
   at IdentityServer4.Hosting.BaseUrlMiddleware.Invoke(HttpContext context)
   at Microsoft.AspNetCore.Diagnostics.DeveloperExceptionPageMiddleware.Invoke(HttpContext context)
2020-07-30T15:49:47.9013990+07:00  [INF] Removing 0 grants (62cd9308)
2020-07-30T15:49:47.9038175+07:00  [INF] Removing 0 device flow codes (171ba47d)
2020-07-30T15:50:17.9174171+07:00  [INF] Removing 0 grants (62cd9308)
2020-07-30T15:50:17.9208102+07:00  [INF] Removing 0 device flow codes (171ba47d)
2020-07-30T15:50:27.8676642+07:00 0HM1KCD0V7HVJ:0000002D [INF] Invoking IdentityServer endpoint: "IdentityServer4.Endpoints.DiscoveryEndpoint" for "/.well-known/openid-configuration" (f7642de5)
2020-07-30T15:50:28.2874987+07:00 0HM1KCD0V7HVJ:0000002F [INF] Invoking IdentityServer endpoint: "IdentityServer4.Endpoints.DiscoveryKeyEndpoint" for "/.well-known/openid-configuration/jwks" (f7642de5)
2020-07-30T15:50:28.3420014+07:00 0HM1KCD0V7HVJ:00000031 [INF] Invoking IdentityServer endpoint: "IdentityServer4.Endpoints.TokenEndpoint" for "/connect/token" (f7642de5)
2020-07-30T15:50:28.9520289+07:00 0HM1KCD0V7HVJ:00000031 [INF] Credentials validated for username: "admin" (cb811aa7)
2020-07-30T15:50:28.9950778+07:00 0HM1KCD0V7HVJ:00000031 [INF] Token request validation success, TokenRequestValidationLog { ClientId: "quickapp_spa", ClientName: null, GrantType: "password", Scopes: "email offline_access openid phone profile quickapp_api roles", AuthorizationCode: null, RefreshToken: null, UserName: "admin", AuthenticationContextReferenceClasses: null, Tenant: null, IdP: null, Raw: [("username": "admin"), ("password": "***REDACTED***"), ("client_id": "quickapp_spa"), ("grant_type": "password"), ("scope": "openid email phone profile offline_access roles quickapp_api")] } (3a073258)
2020-07-30T15:50:47.9320250+07:00  [INF] Removing 0 grants (62cd9308)
2020-07-30T15:50:47.9350168+07:00  [INF] Removing 0 device flow codes (171ba47d)
2020-07-30T15:51:17.9495170+07:00  [INF] Removing 0 grants (62cd9308)
2020-07-30T15:51:17.9530361+07:00  [INF] Removing 0 device flow codes (171ba47d)
2020-07-30T15:51:47.9646759+07:00  [INF] Removing 0 grants (62cd9308)
2020-07-30T15:51:47.9682870+07:00  [INF] Removing 0 device flow codes (171ba47d)
2020-07-30T15:52:17.9777744+07:00  [INF] Removing 0 grants (62cd9308)
2020-07-30T15:52:17.9791549+07:00  [INF] Removing 0 device flow codes (171ba47d)
2020-07-30T15:52:47.9920855+07:00  [INF] Removing 0 grants (62cd9308)
2020-07-30T15:52:47.9934673+07:00  [INF] Removing 0 device flow codes (171ba47d)
2020-07-30T15:53:18.0138145+07:00  [INF] Removing 0 grants (62cd9308)
2020-07-30T15:53:18.0173561+07:00  [INF] Removing 0 device flow codes (171ba47d)
2020-07-30T15:53:48.0251795+07:00  [INF] Removing 0 grants (62cd9308)
2020-07-30T15:53:48.0265318+07:00  [INF] Removing 0 device flow codes (171ba47d)
2020-07-30T15:54:18.0445093+07:00  [INF] Removing 0 grants (62cd9308)
2020-07-30T15:54:18.0480263+07:00  [INF] Removing 0 device flow codes (171ba47d)
2020-07-30T15:54:48.0570953+07:00  [INF] Removing 0 grants (62cd9308)
2020-07-30T15:54:48.0588471+07:00  [INF] Removing 0 device flow codes (171ba47d)
2020-07-30T15:55:18.0705629+07:00  [INF] Removing 0 grants (62cd9308)
2020-07-30T15:55:18.0716155+07:00  [INF] Removing 0 device flow codes (171ba47d)
2020-07-30T15:55:48.0873511+07:00  [INF] Removing 0 grants (62cd9308)
2020-07-30T15:55:48.0886040+07:00  [INF] Removing 0 device flow codes (171ba47d)
2020-07-30T15:56:18.0957649+07:00  [INF] Removing 0 grants (62cd9308)
2020-07-30T15:56:18.0979246+07:00  [INF] Removing 0 device flow codes (171ba47d)
2020-07-30T15:56:48.1082779+07:00  [INF] Removing 0 grants (62cd9308)
2020-07-30T15:56:48.1125235+07:00  [INF] Removing 0 device flow codes (171ba47d)
2020-07-30T15:57:18.1223021+07:00  [INF] Removing 0 grants (62cd9308)
2020-07-30T15:57:18.1265182+07:00  [INF] Removing 0 device flow codes (171ba47d)
2020-07-30T15:57:48.1367320+07:00  [INF] Removing 0 grants (62cd9308)
2020-07-30T15:57:48.1379877+07:00  [INF] Removing 0 device flow codes (171ba47d)
2020-07-30T15:57:57.3512202+07:00  [INF] Application is shutting down... (90f52c38)
