2020-09-21T08:59:28.5189387+07:00  [INF] Starting IdentityServer4 version "3.1.3.0" (8add0571)
2020-09-21T08:59:28.7289218+07:00  [INF] Using the default authentication scheme "Identity.Application" for IdentityServer (4a54f457)
2020-09-21T08:59:30.2051915+07:00  [INF] Now listening on: "https://localhost:5001" (d826f4b8)
2020-09-21T08:59:30.2355092+07:00  [INF] Now listening on: "http://localhost:5000" (d826f4b8)
2020-09-21T08:59:30.2418002+07:00  [INF] Application started. Press Ctrl+C to shut down. (dcaefe54)
2020-09-21T08:59:30.2472123+07:00  [INF] Hosting environment: "Development" (c3307c92)
2020-09-21T08:59:30.2513673+07:00  [INF] Content root path: "D:\CmsApp\CmsApp" (b5d60022)
2020-09-21T08:59:59.7517957+07:00  [INF] Removing 0 grants (62cd9308)
2020-09-21T08:59:59.8732899+07:00  [INF] Removing 0 device flow codes (171ba47d)
2020-09-21T09:00:29.9268082+07:00  [INF] Removing 0 grants (62cd9308)
2020-09-21T09:00:29.9771904+07:00  [INF] Removing 0 device flow codes (171ba47d)
2020-09-21T09:01:00.0245427+07:00  [INF] Removing 0 grants (62cd9308)
2020-09-21T09:01:00.0353325+07:00  [INF] Removing 0 device flow codes (171ba47d)
2020-09-21T09:01:30.1845166+07:00  [INF] Removing 0 grants (62cd9308)
2020-09-21T09:01:30.2249321+07:00  [INF] Removing 0 device flow codes (171ba47d)
2020-09-21T09:02:00.2467197+07:00  [INF] Removing 0 grants (62cd9308)
2020-09-21T09:02:00.2771455+07:00  [INF] Removing 0 device flow codes (171ba47d)
2020-09-21T09:02:30.3398525+07:00  [INF] Removing 0 grants (62cd9308)
2020-09-21T09:02:30.3764016+07:00  [INF] Removing 0 device flow codes (171ba47d)
2020-09-21T09:03:00.4161633+07:00  [INF] Removing 0 grants (62cd9308)
2020-09-21T09:03:00.4532321+07:00  [INF] Removing 0 device flow codes (171ba47d)
2020-09-21T09:03:11.1974951+07:00 0HM2TQ7T9CDML:00000001 [ERR] An unhandled exception has occurred while executing the request. (48a46595)
System.TimeoutException: The Angular CLI process did not start listening for requests within the timeout period of 20 seconds. Check the log output for error information.
   at Microsoft.AspNetCore.SpaServices.Extensions.Util.TaskTimeoutExtensions.WithTimeout[T](Task`1 task, TimeSpan timeoutDelay, String message)
   at Microsoft.AspNetCore.SpaServices.Extensions.Proxy.SpaProxy.PerformProxyRequest(HttpContext context, HttpClient httpClient, Task`1 baseUriTask, CancellationToken applicationStoppingToken, Boolean proxy404s)
   at Microsoft.AspNetCore.Builder.SpaProxyingExtensions.<>c__DisplayClass2_0.<<UseProxyToSpaDevelopmentServer>b__0>d.MoveNext()
--- End of stack trace from previous location where exception was thrown ---
   at Swashbuckle.AspNetCore.SwaggerUI.SwaggerUIMiddleware.Invoke(HttpContext httpContext)
   at Swashbuckle.AspNetCore.Swagger.SwaggerMiddleware.Invoke(HttpContext httpContext, ISwaggerProvider swaggerProvider)
   at Microsoft.AspNetCore.Authorization.AuthorizationMiddleware.Invoke(HttpContext context)
   at IdentityServer4.Hosting.IdentityServerMiddleware.Invoke(HttpContext context, IEndpointRouter router, IUserSession session, IEventService events)
   at IdentityServer4.Hosting.MutualTlsTokenEndpointMiddleware.Invoke(HttpContext context, IAuthenticationSchemeProvider schemes)
   at Microsoft.AspNetCore.Authentication.AuthenticationMiddleware.Invoke(HttpContext context)
   at IdentityServer4.Hosting.BaseUrlMiddleware.Invoke(HttpContext context)
   at Microsoft.AspNetCore.Diagnostics.DeveloperExceptionPageMiddleware.Invoke(HttpContext context)
2020-09-21T09:03:30.5077605+07:00  [INF] Removing 0 grants (62cd9308)
2020-09-21T09:03:30.5323951+07:00  [INF] Removing 0 device flow codes (171ba47d)
2020-09-21T09:04:00.5807644+07:00  [INF] Removing 0 grants (62cd9308)
2020-09-21T09:04:00.6085176+07:00  [INF] Removing 0 device flow codes (171ba47d)
2020-09-21T09:04:30.6343106+07:00  [INF] Removing 0 grants (62cd9308)
2020-09-21T09:04:30.6667074+07:00  [INF] Removing 0 device flow codes (171ba47d)
2020-09-21T09:05:00.7229450+07:00  [INF] Removing 0 grants (62cd9308)
2020-09-21T09:05:00.7649346+07:00  [INF] Removing 0 device flow codes (171ba47d)
2020-09-21T09:05:30.7867115+07:00  [INF] Removing 0 grants (62cd9308)
2020-09-21T09:05:30.8136134+07:00  [INF] Removing 0 device flow codes (171ba47d)
2020-09-21T09:06:00.8930737+07:00  [INF] Removing 0 grants (62cd9308)
2020-09-21T09:06:00.9184393+07:00  [INF] Removing 0 device flow codes (171ba47d)
2020-09-21T09:06:30.9376944+07:00  [INF] Removing 0 grants (62cd9308)
2020-09-21T09:06:30.9706640+07:00  [INF] Removing 0 device flow codes (171ba47d)
2020-09-21T09:07:01.0105708+07:00  [INF] Removing 0 grants (62cd9308)
2020-09-21T09:07:01.0322709+07:00  [INF] Removing 0 device flow codes (171ba47d)
2020-09-21T09:07:31.0710478+07:00  [INF] Removing 0 grants (62cd9308)
2020-09-21T09:07:31.1086567+07:00  [INF] Removing 0 device flow codes (171ba47d)
2020-09-21T09:08:01.1585779+07:00  [INF] Removing 0 grants (62cd9308)
2020-09-21T09:08:01.1948415+07:00  [INF] Removing 0 device flow codes (171ba47d)
2020-09-21T09:08:31.2288503+07:00  [INF] Removing 0 grants (62cd9308)
2020-09-21T09:08:31.2496751+07:00  [INF] Removing 0 device flow codes (171ba47d)
2020-09-21T09:09:01.3111950+07:00  [INF] Removing 0 grants (62cd9308)
2020-09-21T09:09:01.3397070+07:00  [INF] Removing 0 device flow codes (171ba47d)
2020-09-21T09:09:34.2873202+07:00  [INF] Removing 0 grants (62cd9308)
2020-09-21T09:09:34.2975494+07:00  [INF] Removing 0 device flow codes (171ba47d)
2020-09-21T09:10:04.3306376+07:00  [INF] Removing 0 grants (62cd9308)
2020-09-21T09:10:04.3738302+07:00  [INF] Removing 0 device flow codes (171ba47d)
2020-09-21T09:10:34.4006396+07:00  [INF] Removing 0 grants (62cd9308)
2020-09-21T09:10:34.4106968+07:00  [INF] Removing 0 device flow codes (171ba47d)
2020-09-21T09:11:04.4500889+07:00  [INF] Removing 0 grants (62cd9308)
2020-09-21T09:11:04.4755507+07:00  [INF] Removing 0 device flow codes (171ba47d)
2020-09-21T09:11:34.4962373+07:00  [INF] Removing 0 grants (62cd9308)
2020-09-21T09:11:34.5147919+07:00  [INF] Removing 0 device flow codes (171ba47d)
2020-09-21T09:12:04.5518251+07:00  [INF] Removing 0 grants (62cd9308)
2020-09-21T09:12:04.5942475+07:00  [INF] Removing 0 device flow codes (171ba47d)
2020-09-21T09:12:34.6173982+07:00  [INF] Removing 0 grants (62cd9308)
2020-09-21T09:12:34.6374619+07:00  [INF] Removing 0 device flow codes (171ba47d)
2020-09-21T09:13:04.6947461+07:00  [INF] Removing 0 grants (62cd9308)
2020-09-21T09:13:04.7175532+07:00  [INF] Removing 0 device flow codes (171ba47d)
2020-09-21T09:13:34.7488713+07:00  [INF] Removing 0 grants (62cd9308)
2020-09-21T09:13:34.7638278+07:00  [INF] Removing 0 device flow codes (171ba47d)
2020-09-21T09:14:04.8063702+07:00  [INF] Removing 0 grants (62cd9308)
2020-09-21T09:14:04.8320016+07:00  [INF] Removing 0 device flow codes (171ba47d)
2020-09-21T09:14:34.8831256+07:00  [INF] Removing 0 grants (62cd9308)
2020-09-21T09:14:34.9269730+07:00  [INF] Removing 0 device flow codes (171ba47d)
2020-09-21T09:15:04.9564447+07:00  [INF] Removing 0 grants (62cd9308)
2020-09-21T09:15:04.9930781+07:00  [INF] Removing 0 device flow codes (171ba47d)
2020-09-21T09:29:53.2907616+07:00  [INF] Starting IdentityServer4 version "3.1.3.0" (8add0571)
2020-09-21T09:29:53.3531733+07:00  [INF] Using the default authentication scheme "Identity.Application" for IdentityServer (4a54f457)
2020-09-21T09:29:53.9364818+07:00  [INF] Now listening on: "https://localhost:5001" (d826f4b8)
2020-09-21T09:29:53.9365391+07:00  [INF] Now listening on: "http://localhost:5000" (d826f4b8)
2020-09-21T09:29:53.9368238+07:00  [INF] Application started. Press Ctrl+C to shut down. (dcaefe54)
2020-09-21T09:29:53.9368660+07:00  [INF] Hosting environment: "Development" (c3307c92)
2020-09-21T09:29:53.9369142+07:00  [INF] Content root path: "D:\CmsApp\CmsApp" (b5d60022)
2020-09-21T09:30:23.6748192+07:00  [INF] Removing 0 grants (62cd9308)
2020-09-21T09:30:23.6991129+07:00  [INF] Removing 0 device flow codes (171ba47d)
2020-09-21T09:30:53.7582152+07:00  [INF] Removing 0 grants (62cd9308)
2020-09-21T09:30:53.7611622+07:00  [INF] Removing 0 device flow codes (171ba47d)
2020-09-21T09:31:23.7822704+07:00  [INF] Removing 0 grants (62cd9308)
2020-09-21T09:31:23.7841339+07:00  [INF] Removing 0 device flow codes (171ba47d)
2020-09-21T09:31:53.7979479+07:00  [INF] Removing 0 grants (62cd9308)
2020-09-21T09:31:53.8038040+07:00  [INF] Removing 0 device flow codes (171ba47d)
2020-09-21T09:32:23.8330445+07:00  [INF] Removing 0 grants (62cd9308)
2020-09-21T09:32:23.8356998+07:00  [INF] Removing 0 device flow codes (171ba47d)
2020-09-21T09:32:53.8472708+07:00  [INF] Removing 0 grants (62cd9308)
2020-09-21T09:32:53.8488219+07:00  [INF] Removing 0 device flow codes (171ba47d)
2020-09-21T09:33:23.8696722+07:00  [INF] Removing 0 grants (62cd9308)
2020-09-21T09:33:23.8733927+07:00  [INF] Removing 0 device flow codes (171ba47d)
2020-09-21T09:33:53.8943034+07:00  [INF] Removing 0 grants (62cd9308)
2020-09-21T09:33:53.8984263+07:00  [INF] Removing 0 device flow codes (171ba47d)
2020-09-21T09:34:23.9094781+07:00  [INF] Removing 0 grants (62cd9308)
2020-09-21T09:34:23.9142560+07:00  [INF] Removing 0 device flow codes (171ba47d)
2020-09-21T09:34:53.9334644+07:00  [INF] Removing 0 grants (62cd9308)
2020-09-21T09:34:53.9349902+07:00  [INF] Removing 0 device flow codes (171ba47d)
2020-09-21T09:35:23.9512179+07:00  [INF] Removing 0 grants (62cd9308)
2020-09-21T09:35:23.9548939+07:00  [INF] Removing 0 device flow codes (171ba47d)
2020-09-21T09:35:53.9653214+07:00  [INF] Removing 0 grants (62cd9308)
2020-09-21T09:35:53.9681612+07:00  [INF] Removing 0 device flow codes (171ba47d)
2020-09-21T09:36:23.9762298+07:00  [INF] Removing 0 grants (62cd9308)
2020-09-21T09:36:23.9785852+07:00  [INF] Removing 0 device flow codes (171ba47d)
2020-09-21T09:36:53.9825428+07:00  [INF] Removing 0 grants (62cd9308)
2020-09-21T09:36:53.9852412+07:00  [INF] Removing 0 device flow codes (171ba47d)
2020-09-21T09:37:23.9959172+07:00  [INF] Removing 0 grants (62cd9308)
2020-09-21T09:37:24.0003870+07:00  [INF] Removing 0 device flow codes (171ba47d)
2020-09-21T09:37:54.0116540+07:00  [INF] Removing 0 grants (62cd9308)
2020-09-21T09:37:54.0141450+07:00  [INF] Removing 0 device flow codes (171ba47d)
2020-09-21T09:38:24.0253846+07:00  [INF] Removing 0 grants (62cd9308)
2020-09-21T09:38:24.0280860+07:00  [INF] Removing 0 device flow codes (171ba47d)
2020-09-21T09:38:54.0394094+07:00  [INF] Removing 0 grants (62cd9308)
2020-09-21T09:38:54.0412813+07:00  [INF] Removing 0 device flow codes (171ba47d)
2020-09-21T09:39:24.0564787+07:00  [INF] Removing 0 grants (62cd9308)
2020-09-21T09:39:24.0582229+07:00  [INF] Removing 0 device flow codes (171ba47d)
2020-09-21T09:39:54.0721247+07:00  [INF] Removing 0 grants (62cd9308)
2020-09-21T09:39:54.0751756+07:00  [INF] Removing 0 device flow codes (171ba47d)
2020-09-21T09:40:24.0848478+07:00  [INF] Removing 0 grants (62cd9308)
2020-09-21T09:40:24.0863627+07:00  [INF] Removing 0 device flow codes (171ba47d)
2020-09-21T09:40:54.1017483+07:00  [INF] Removing 0 grants (62cd9308)
2020-09-21T09:40:54.1033183+07:00  [INF] Removing 0 device flow codes (171ba47d)
2020-09-21T09:41:24.1079685+07:00  [INF] Removing 0 grants (62cd9308)
2020-09-21T09:41:24.1102109+07:00  [INF] Removing 0 device flow codes (171ba47d)
2020-09-21T09:41:54.1213464+07:00  [INF] Removing 0 grants (62cd9308)
2020-09-21T09:41:54.1229116+07:00  [INF] Removing 0 device flow codes (171ba47d)
2020-09-21T09:42:24.1340152+07:00  [INF] Removing 0 grants (62cd9308)
2020-09-21T09:42:24.1354843+07:00  [INF] Removing 0 device flow codes (171ba47d)
2020-09-21T09:42:54.1482264+07:00  [INF] Removing 0 grants (62cd9308)
2020-09-21T09:42:54.1496213+07:00  [INF] Removing 0 device flow codes (171ba47d)
2020-09-21T09:43:24.1522613+07:00  [INF] Removing 0 grants (62cd9308)
2020-09-21T09:43:24.1544140+07:00  [INF] Removing 0 device flow codes (171ba47d)
2020-09-21T09:43:54.1669290+07:00  [INF] Removing 0 grants (62cd9308)
2020-09-21T09:43:54.1681783+07:00  [INF] Removing 0 device flow codes (171ba47d)
2020-09-21T09:43:58.5266317+07:00  [INF] Application is shutting down... (90f52c38)
2020-09-21T09:49:54.0111466+07:00  [INF] Starting IdentityServer4 version "3.1.3.0" (8add0571)
2020-09-21T09:49:54.0686954+07:00  [INF] Using the default authentication scheme "Identity.Application" for IdentityServer (4a54f457)
2020-09-21T09:49:54.5332735+07:00  [INF] Now listening on: "https://localhost:5001" (d826f4b8)
2020-09-21T09:49:54.5371567+07:00  [INF] Now listening on: "http://localhost:5000" (d826f4b8)
2020-09-21T09:49:54.5455798+07:00  [INF] Application started. Press Ctrl+C to shut down. (dcaefe54)
2020-09-21T09:49:54.5506820+07:00  [INF] Hosting environment: "Development" (c3307c92)
2020-09-21T09:49:54.5579827+07:00  [INF] Content root path: "D:\CmsApp\CmsApp" (b5d60022)
2020-09-21T09:50:24.3326851+07:00  [INF] Removing 0 grants (62cd9308)
2020-09-21T09:50:24.3771906+07:00  [INF] Removing 0 device flow codes (171ba47d)
2020-09-21T09:50:54.5405320+07:00  [INF] Removing 0 grants (62cd9308)
2020-09-21T09:50:54.5619528+07:00  [INF] Removing 0 device flow codes (171ba47d)
2020-09-21T09:51:24.6142097+07:00  [INF] Removing 0 grants (62cd9308)
2020-09-21T09:51:24.6275851+07:00  [INF] Removing 0 device flow codes (171ba47d)
2020-09-21T09:51:54.6571782+07:00  [INF] Removing 0 grants (62cd9308)
2020-09-21T09:51:54.6722482+07:00  [INF] Removing 0 device flow codes (171ba47d)
2020-09-21T09:52:09.7259194+07:00 0HM2TR42FT4ON:00000001 [INF] Invoking IdentityServer endpoint: "IdentityServer4.Endpoints.DiscoveryEndpoint" for "/.well-known/openid-configuration" (f7642de5)
2020-09-21T09:52:11.1233813+07:00 0HM2TR42FT4ON:00000003 [INF] Invoking IdentityServer endpoint: "IdentityServer4.Endpoints.DiscoveryKeyEndpoint" for "/.well-known/openid-configuration/jwks" (f7642de5)
2020-09-21T09:52:11.2526462+07:00 0HM2TR42FT4ON:00000005 [INF] Invoking IdentityServer endpoint: "IdentityServer4.Endpoints.TokenEndpoint" for "/connect/token" (f7642de5)
2020-09-21T09:52:12.4171075+07:00 0HM2TR42FT4ON:00000005 [INF] No user found matching username: "ttttt" (cd7b29f8)
2020-09-21T09:52:12.5124383+07:00 0HM2TR42FT4ON:00000005 [INF] User authentication failed: "invalid_username_or_password", details: TokenRequestValidationLog { ClientId: "quickapp_spa", ClientName: null, GrantType: "password", Scopes: "email offline_access openid phone profile quickapp_api roles", AuthorizationCode: null, RefreshToken: null, UserName: "ttttt", AuthenticationContextReferenceClasses: null, Tenant: null, IdP: null, Raw: [("username": "ttttt"), ("password": "***REDACTED***"), ("client_id": "quickapp_spa"), ("grant_type": "password"), ("scope": "openid email phone profile offline_access roles quickapp_api")] } (07b239aa)
2020-09-21T09:52:24.6916548+07:00  [INF] Removing 0 grants (62cd9308)
2020-09-21T09:52:24.7027243+07:00  [INF] Removing 0 device flow codes (171ba47d)
2020-09-21T09:52:54.7438805+07:00  [INF] Removing 0 grants (62cd9308)
2020-09-21T09:52:54.7531352+07:00  [INF] Removing 0 device flow codes (171ba47d)
2020-09-21T09:53:11.1609653+07:00 0HM2TR42FT4OQ:00000001 [INF] Invoking IdentityServer endpoint: "IdentityServer4.Endpoints.TokenEndpoint" for "/connect/token" (f7642de5)
2020-09-21T09:53:11.1788000+07:00 0HM2TR42FT4OQ:00000001 [WRN] Invalid HTTP request for token endpoint (e4210d16)
2020-09-21T09:53:24.7752233+07:00  [INF] Removing 0 grants (62cd9308)
2020-09-21T09:53:24.7913992+07:00  [INF] Removing 0 device flow codes (171ba47d)
2020-09-21T09:53:54.8299510+07:00  [INF] Removing 0 grants (62cd9308)
2020-09-21T09:53:54.8424168+07:00  [INF] Removing 0 device flow codes (171ba47d)
2020-09-21T09:54:05.5740148+07:00 0HM2TR42FT4OQ:00000002 [INF] Invoking IdentityServer endpoint: "IdentityServer4.Endpoints.TokenEndpoint" for "/connect/token" (f7642de5)
2020-09-21T09:54:05.5797603+07:00 0HM2TR42FT4OQ:00000002 [WRN] Invalid HTTP request for token endpoint (e4210d16)
2020-09-21T09:54:24.8940913+07:00  [INF] Removing 0 grants (62cd9308)
2020-09-21T09:54:24.9193499+07:00  [INF] Removing 0 device flow codes (171ba47d)
2020-09-21T09:54:54.9474694+07:00  [INF] Removing 0 grants (62cd9308)
2020-09-21T09:54:54.9683102+07:00  [INF] Removing 0 device flow codes (171ba47d)
2020-09-21T09:55:24.9973735+07:00  [INF] Removing 0 grants (62cd9308)
2020-09-21T09:55:25.0202239+07:00  [INF] Removing 0 device flow codes (171ba47d)
2020-09-21T09:55:55.0576749+07:00  [INF] Removing 0 grants (62cd9308)
2020-09-21T09:55:55.0779891+07:00  [INF] Removing 0 device flow codes (171ba47d)
2020-09-21T09:56:25.0958662+07:00  [INF] Removing 0 grants (62cd9308)
2020-09-21T09:56:25.1067161+07:00  [INF] Removing 0 device flow codes (171ba47d)
2020-09-21T09:56:55.1301986+07:00  [INF] Removing 0 grants (62cd9308)
2020-09-21T09:56:55.1432571+07:00  [INF] Removing 0 device flow codes (171ba47d)
2020-09-21T09:57:25.1731021+07:00  [INF] Removing 0 grants (62cd9308)
2020-09-21T09:57:25.1946194+07:00  [INF] Removing 0 device flow codes (171ba47d)
2020-09-21T09:57:55.2418231+07:00  [INF] Removing 0 grants (62cd9308)
2020-09-21T09:57:55.2527290+07:00  [INF] Removing 0 device flow codes (171ba47d)
2020-09-21T09:58:25.2777930+07:00  [INF] Removing 0 grants (62cd9308)
2020-09-21T09:58:25.2890876+07:00  [INF] Removing 0 device flow codes (171ba47d)
2020-09-21T09:58:55.3105077+07:00  [INF] Removing 0 grants (62cd9308)
2020-09-21T09:58:55.3289607+07:00  [INF] Removing 0 device flow codes (171ba47d)
2020-09-21T09:59:25.3622250+07:00  [INF] Removing 0 grants (62cd9308)
2020-09-21T09:59:25.3888358+07:00  [INF] Removing 0 device flow codes (171ba47d)
2020-09-21T09:59:55.4132678+07:00  [INF] Removing 0 grants (62cd9308)
2020-09-21T09:59:55.4381525+07:00  [INF] Removing 0 device flow codes (171ba47d)
2020-09-21T10:00:25.4765217+07:00  [INF] Removing 0 grants (62cd9308)
2020-09-21T10:00:25.4976116+07:00  [INF] Removing 0 device flow codes (171ba47d)
2020-09-21T10:00:55.5219648+07:00  [INF] Removing 0 grants (62cd9308)
2020-09-21T10:00:55.5540099+07:00  [INF] Removing 0 device flow codes (171ba47d)
2020-09-21T10:01:25.6119247+07:00  [INF] Removing 0 grants (62cd9308)
2020-09-21T10:01:25.6293351+07:00  [INF] Removing 0 device flow codes (171ba47d)
2020-09-21T10:01:55.6453681+07:00  [INF] Removing 0 grants (62cd9308)
2020-09-21T10:01:55.6692595+07:00  [INF] Removing 0 device flow codes (171ba47d)
2020-09-21T10:02:25.7051659+07:00  [INF] Removing 0 grants (62cd9308)
2020-09-21T10:02:25.7147056+07:00  [INF] Removing 0 device flow codes (171ba47d)
2020-09-21T10:02:55.7332675+07:00  [INF] Removing 0 grants (62cd9308)
2020-09-21T10:02:55.7499058+07:00  [INF] Removing 0 device flow codes (171ba47d)
2020-09-21T10:03:25.7991873+07:00  [INF] Removing 0 grants (62cd9308)
2020-09-21T10:03:25.8214398+07:00  [INF] Removing 0 device flow codes (171ba47d)
2020-09-21T10:03:55.8486101+07:00  [INF] Removing 0 grants (62cd9308)
2020-09-21T10:03:55.8618247+07:00  [INF] Removing 0 device flow codes (171ba47d)
2020-09-21T10:04:25.8981417+07:00  [INF] Removing 0 grants (62cd9308)
2020-09-21T10:04:25.9274550+07:00  [INF] Removing 0 device flow codes (171ba47d)
2020-09-21T10:04:55.9411270+07:00  [INF] Removing 0 grants (62cd9308)
2020-09-21T10:04:55.9546366+07:00  [INF] Removing 0 device flow codes (171ba47d)
2020-09-21T10:05:25.9794498+07:00  [INF] Removing 0 grants (62cd9308)
2020-09-21T10:05:26.0028684+07:00  [INF] Removing 0 device flow codes (171ba47d)
2020-09-21T10:05:56.0202204+07:00  [INF] Removing 0 grants (62cd9308)
2020-09-21T10:05:56.0289647+07:00  [INF] Removing 0 device flow codes (171ba47d)
2020-09-21T10:06:26.0652570+07:00  [INF] Removing 0 grants (62cd9308)
2020-09-21T10:06:26.0894887+07:00  [INF] Removing 0 device flow codes (171ba47d)
2020-09-21T10:06:56.1320445+07:00  [INF] Removing 0 grants (62cd9308)
2020-09-21T10:06:56.1443181+07:00  [INF] Removing 0 device flow codes (171ba47d)
2020-09-21T10:07:26.1754861+07:00  [INF] Removing 0 grants (62cd9308)
2020-09-21T10:07:26.2037089+07:00  [INF] Removing 0 device flow codes (171ba47d)
2020-09-21T10:07:56.2631519+07:00  [INF] Removing 0 grants (62cd9308)
2020-09-21T10:07:56.3067850+07:00  [INF] Removing 0 device flow codes (171ba47d)
2020-09-21T10:08:26.3319481+07:00  [INF] Removing 0 grants (62cd9308)
2020-09-21T10:08:26.3632132+07:00  [INF] Removing 0 device flow codes (171ba47d)
2020-09-21T10:08:56.3940948+07:00  [INF] Removing 0 grants (62cd9308)
2020-09-21T10:08:56.4138120+07:00  [INF] Removing 0 device flow codes (171ba47d)
2020-09-21T10:09:26.4574481+07:00  [INF] Removing 0 grants (62cd9308)
2020-09-21T10:09:26.4736106+07:00  [INF] Removing 0 device flow codes (171ba47d)
2020-09-21T10:09:56.5123337+07:00  [INF] Removing 0 grants (62cd9308)
2020-09-21T10:09:56.5481780+07:00  [INF] Removing 0 device flow codes (171ba47d)
2020-09-21T10:10:26.5803805+07:00  [INF] Removing 0 grants (62cd9308)
2020-09-21T10:10:26.5988237+07:00  [INF] Removing 0 device flow codes (171ba47d)
2020-09-21T10:10:56.6424091+07:00  [INF] Removing 0 grants (62cd9308)
2020-09-21T10:10:56.6520932+07:00  [INF] Removing 0 device flow codes (171ba47d)
2020-09-21T10:11:26.6711306+07:00  [INF] Removing 0 grants (62cd9308)
2020-09-21T10:11:26.6843604+07:00  [INF] Removing 0 device flow codes (171ba47d)
2020-09-21T10:11:56.7233750+07:00  [INF] Removing 0 grants (62cd9308)
2020-09-21T10:11:56.7475952+07:00  [INF] Removing 0 device flow codes (171ba47d)
2020-09-21T10:12:26.7840676+07:00  [INF] Removing 0 grants (62cd9308)
2020-09-21T10:12:26.7934436+07:00  [INF] Removing 0 device flow codes (171ba47d)
2020-09-21T10:12:56.8406584+07:00  [INF] Removing 0 grants (62cd9308)
2020-09-21T10:12:56.8587057+07:00  [INF] Removing 0 device flow codes (171ba47d)
2020-09-21T10:13:26.8929010+07:00  [INF] Removing 0 grants (62cd9308)
2020-09-21T10:13:26.9189230+07:00  [INF] Removing 0 device flow codes (171ba47d)
2020-09-21T10:13:56.9783742+07:00  [INF] Removing 0 grants (62cd9308)
2020-09-21T10:13:57.0011581+07:00  [INF] Removing 0 device flow codes (171ba47d)
2020-09-21T10:14:27.0302840+07:00  [INF] Removing 0 grants (62cd9308)
2020-09-21T10:14:27.0512819+07:00  [INF] Removing 0 device flow codes (171ba47d)
2020-09-21T10:14:57.0675882+07:00  [INF] Removing 0 grants (62cd9308)
2020-09-21T10:14:57.0955668+07:00  [INF] Removing 0 device flow codes (171ba47d)
2020-09-21T10:15:27.1125953+07:00  [INF] Removing 0 grants (62cd9308)
2020-09-21T10:15:27.1290291+07:00  [INF] Removing 0 device flow codes (171ba47d)
2020-09-21T10:15:57.1656889+07:00  [INF] Removing 0 grants (62cd9308)
2020-09-21T10:15:57.1745195+07:00  [INF] Removing 0 device flow codes (171ba47d)
2020-09-21T10:16:27.2086319+07:00  [INF] Removing 0 grants (62cd9308)
2020-09-21T10:16:27.2320649+07:00  [INF] Removing 0 device flow codes (171ba47d)
2020-09-21T10:16:57.2644865+07:00  [INF] Removing 0 grants (62cd9308)
2020-09-21T10:16:57.2808734+07:00  [INF] Removing 0 device flow codes (171ba47d)
2020-09-21T10:17:27.2904496+07:00  [INF] Removing 0 grants (62cd9308)
2020-09-21T10:17:27.2994712+07:00  [INF] Removing 0 device flow codes (171ba47d)
2020-09-21T10:50:44.3569905+07:00  [INF] Starting IdentityServer4 version "3.1.3.0" (8add0571)
2020-09-21T10:50:44.5281736+07:00  [INF] Using the default authentication scheme "Identity.Application" for IdentityServer (4a54f457)
2020-09-21T10:50:46.0053051+07:00  [INF] Now listening on: "https://localhost:5001" (d826f4b8)
2020-09-21T10:50:46.0090978+07:00  [INF] Now listening on: "http://localhost:5000" (d826f4b8)
2020-09-21T10:50:46.0158170+07:00  [INF] Application started. Press Ctrl+C to shut down. (dcaefe54)
2020-09-21T10:50:46.0192363+07:00  [INF] Hosting environment: "Development" (c3307c92)
2020-09-21T10:50:46.0236058+07:00  [INF] Content root path: "D:\CmsApp\CmsApp" (b5d60022)
2020-09-21T10:51:15.0454753+07:00  [INF] Removing 0 grants (62cd9308)
2020-09-21T10:51:15.1152082+07:00  [INF] Removing 0 device flow codes (171ba47d)
2020-09-21T10:51:45.1820835+07:00  [INF] Removing 0 grants (62cd9308)
2020-09-21T10:51:45.2049986+07:00  [INF] Removing 0 device flow codes (171ba47d)
2020-09-21T10:52:15.2316553+07:00  [INF] Removing 0 grants (62cd9308)
2020-09-21T10:52:15.2798673+07:00  [INF] Removing 0 device flow codes (171ba47d)
2020-09-21T10:52:45.3173443+07:00  [INF] Removing 0 grants (62cd9308)
2020-09-21T10:52:45.3325568+07:00  [INF] Removing 0 device flow codes (171ba47d)
2020-09-21T10:53:15.3650345+07:00  [INF] Removing 0 grants (62cd9308)
2020-09-21T10:53:15.4024856+07:00  [INF] Removing 0 device flow codes (171ba47d)
2020-09-21T10:53:45.4238914+07:00  [INF] Removing 0 grants (62cd9308)
2020-09-21T10:53:45.4375156+07:00  [INF] Removing 0 device flow codes (171ba47d)
2020-09-21T10:54:15.4582366+07:00  [INF] Removing 0 grants (62cd9308)
2020-09-21T10:54:15.5088361+07:00  [INF] Removing 0 device flow codes (171ba47d)
2020-09-21T10:54:22.4527532+07:00 0HM2TS62NOKA7:00000001 [ERR] An unhandled exception has occurred while executing the request. (48a46595)
System.TimeoutException: The Angular CLI process did not start listening for requests within the timeout period of 20 seconds. Check the log output for error information.
   at Microsoft.AspNetCore.SpaServices.Extensions.Util.TaskTimeoutExtensions.WithTimeout[T](Task`1 task, TimeSpan timeoutDelay, String message)
   at Microsoft.AspNetCore.SpaServices.Extensions.Proxy.SpaProxy.PerformProxyRequest(HttpContext context, HttpClient httpClient, Task`1 baseUriTask, CancellationToken applicationStoppingToken, Boolean proxy404s)
   at Microsoft.AspNetCore.Builder.SpaProxyingExtensions.<>c__DisplayClass2_0.<<UseProxyToSpaDevelopmentServer>b__0>d.MoveNext()
--- End of stack trace from previous location where exception was thrown ---
   at Swashbuckle.AspNetCore.SwaggerUI.SwaggerUIMiddleware.Invoke(HttpContext httpContext)
   at Swashbuckle.AspNetCore.Swagger.SwaggerMiddleware.Invoke(HttpContext httpContext, ISwaggerProvider swaggerProvider)
   at Microsoft.AspNetCore.Authorization.AuthorizationMiddleware.Invoke(HttpContext context)
   at IdentityServer4.Hosting.IdentityServerMiddleware.Invoke(HttpContext context, IEndpointRouter router, IUserSession session, IEventService events)
   at IdentityServer4.Hosting.MutualTlsTokenEndpointMiddleware.Invoke(HttpContext context, IAuthenticationSchemeProvider schemes)
   at Microsoft.AspNetCore.Authentication.AuthenticationMiddleware.Invoke(HttpContext context)
   at IdentityServer4.Hosting.BaseUrlMiddleware.Invoke(HttpContext context)
   at Microsoft.AspNetCore.Diagnostics.DeveloperExceptionPageMiddleware.Invoke(HttpContext context)
2020-09-21T10:54:45.5466293+07:00  [INF] Removing 0 grants (62cd9308)
2020-09-21T10:54:45.5935658+07:00  [INF] Removing 0 device flow codes (171ba47d)
2020-09-21T10:55:15.6053744+07:00  [INF] Removing 0 grants (62cd9308)
2020-09-21T10:55:15.6333237+07:00  [INF] Removing 0 device flow codes (171ba47d)
2020-09-21T10:55:45.6923028+07:00  [INF] Removing 0 grants (62cd9308)
2020-09-21T10:55:45.7219369+07:00  [INF] Removing 0 device flow codes (171ba47d)
2020-09-21T11:00:41.9318222+07:00  [INF] Starting IdentityServer4 version "3.1.3.0" (8add0571)
2020-09-21T11:00:41.9733518+07:00  [INF] Using the default authentication scheme "Identity.Application" for IdentityServer (4a54f457)
2020-09-21T11:00:42.5566664+07:00  [INF] Now listening on: "https://localhost:5001" (d826f4b8)
2020-09-21T11:00:42.5625225+07:00  [INF] Now listening on: "http://localhost:5000" (d826f4b8)
2020-09-21T11:00:42.5669912+07:00  [INF] Application started. Press Ctrl+C to shut down. (dcaefe54)
2020-09-21T11:00:42.5702800+07:00  [INF] Hosting environment: "Development" (c3307c92)
2020-09-21T11:00:42.5755492+07:00  [INF] Content root path: "D:\CmsApp\CmsApp" (b5d60022)
2020-09-21T11:01:12.3434471+07:00  [INF] Removing 0 grants (62cd9308)
2020-09-21T11:01:12.3826563+07:00  [INF] Removing 0 device flow codes (171ba47d)
2020-09-21T11:01:42.5204250+07:00  [INF] Removing 0 grants (62cd9308)
2020-09-21T11:01:42.5481886+07:00  [INF] Removing 0 device flow codes (171ba47d)
2020-09-21T11:04:11.5507949+07:00  [INF] Removing 0 grants (62cd9308)
2020-09-21T11:04:11.5709197+07:00  [INF] Removing 0 device flow codes (171ba47d)
2020-09-21T11:30:31.9894432+07:00  [INF] Starting IdentityServer4 version "3.1.3.0" (8add0571)
2020-09-21T11:30:32.0362603+07:00  [INF] Using the default authentication scheme "Identity.Application" for IdentityServer (4a54f457)
2020-09-21T11:30:32.5654059+07:00  [INF] Application started. Press Ctrl+C to shut down. (dcaefe54)
2020-09-21T11:30:32.5694199+07:00  [INF] Hosting environment: "Development" (c3307c92)
2020-09-21T11:30:32.5746909+07:00  [INF] Content root path: "D:\CmsApp\CmsApp" (b5d60022)
2020-09-21T11:31:02.1432225+07:00  [INF] Removing 0 grants (62cd9308)
2020-09-21T11:31:02.1950317+07:00  [INF] Removing 0 device flow codes (171ba47d)
2020-09-21T11:31:32.2827495+07:00  [INF] Removing 0 grants (62cd9308)
2020-09-21T11:31:32.2947119+07:00  [INF] Removing 0 device flow codes (171ba47d)
2020-09-21T11:32:20.7962871+07:00  [INF] Removing 0 grants (62cd9308)
2020-09-21T11:32:21.7335582+07:00  [INF] Removing 0 device flow codes (171ba47d)
2020-09-21T11:32:52.4002462+07:00  [INF] Removing 0 grants (62cd9308)
2020-09-21T11:32:52.4172251+07:00  [INF] Removing 0 device flow codes (171ba47d)
2020-09-21T11:33:38.6258856+07:00  [INF] Removing 0 grants (62cd9308)
2020-09-21T11:33:38.6447496+07:00  [INF] Removing 0 device flow codes (171ba47d)
2020-09-21T11:34:11.7315459+07:00  [INF] Removing 0 grants (62cd9308)
2020-09-21T11:34:11.7479677+07:00  [INF] Removing 0 device flow codes (171ba47d)
2020-09-21T11:34:45.9242375+07:00  [INF] Removing 0 grants (62cd9308)
2020-09-21T11:34:45.9623809+07:00  [INF] Removing 0 device flow codes (171ba47d)
2020-09-21T11:35:17.0607607+07:00  [INF] Removing 0 grants (62cd9308)
2020-09-21T11:35:17.0808594+07:00  [INF] Removing 0 device flow codes (171ba47d)
2020-09-21T11:35:54.3216391+07:00  [INF] Removing 0 grants (62cd9308)
2020-09-21T11:35:54.3467829+07:00  [INF] Removing 0 device flow codes (171ba47d)
2020-09-21T11:36:24.8092243+07:00  [INF] Removing 0 grants (62cd9308)
2020-09-21T11:36:24.8532883+07:00  [INF] Removing 0 device flow codes (171ba47d)
2020-09-21T11:37:25.1436203+07:00  [INF] Removing 0 grants (62cd9308)
2020-09-21T11:37:25.1551397+07:00  [INF] Removing 0 device flow codes (171ba47d)
2020-09-21T11:37:55.1795722+07:00  [INF] Removing 0 grants (62cd9308)
2020-09-21T11:37:55.1896060+07:00  [INF] Removing 0 device flow codes (171ba47d)
2020-09-21T11:38:41.7669058+07:00  [INF] Removing 0 grants (62cd9308)
2020-09-21T11:38:41.7783364+07:00  [INF] Removing 0 device flow codes (171ba47d)
2020-09-21T11:39:14.7266421+07:00  [INF] Removing 0 grants (62cd9308)
2020-09-21T11:39:14.7610949+07:00  [INF] Removing 0 device flow codes (171ba47d)
2020-09-21T11:39:44.7878284+07:00  [INF] Removing 0 grants (62cd9308)
2020-09-21T11:39:44.7973497+07:00  [INF] Removing 0 device flow codes (171ba47d)
2020-09-21T11:41:00.4732476+07:00  [INF] Starting IdentityServer4 version "3.1.3.0" (8add0571)
2020-09-21T11:41:00.5070941+07:00  [INF] Using the default authentication scheme "Identity.Application" for IdentityServer (4a54f457)
2020-09-21T11:41:00.9581842+07:00  [INF] Now listening on: "https://localhost:5001" (d826f4b8)
2020-09-21T11:41:00.9582418+07:00  [INF] Now listening on: "http://localhost:5000" (d826f4b8)
2020-09-21T11:41:00.9584487+07:00  [INF] Application started. Press Ctrl+C to shut down. (dcaefe54)
2020-09-21T11:41:00.9585016+07:00  [INF] Hosting environment: "Development" (c3307c92)
2020-09-21T11:41:00.9585386+07:00  [INF] Content root path: "D:\CmsApp\CmsApp" (b5d60022)
2020-09-21T11:41:30.8382525+07:00  [INF] Removing 0 grants (62cd9308)
2020-09-21T11:41:30.8662289+07:00  [INF] Removing 0 device flow codes (171ba47d)
2020-09-21T11:42:00.8979655+07:00  [INF] Removing 0 grants (62cd9308)
2020-09-21T11:42:00.9001652+07:00  [INF] Removing 0 device flow codes (171ba47d)
2020-09-21T11:42:30.9247075+07:00  [INF] Removing 0 grants (62cd9308)
2020-09-21T11:42:30.9263588+07:00  [INF] Removing 0 device flow codes (171ba47d)
2020-09-21T11:42:37.6717752+07:00 0HM2TT2KVFU4H:0000001B [INF] Invoking IdentityServer endpoint: "IdentityServer4.Endpoints.DiscoveryEndpoint" for "/.well-known/openid-configuration" (f7642de5)
2020-09-21T11:42:38.7135284+07:00 0HM2TT2KVFU4H:0000001D [INF] Invoking IdentityServer endpoint: "IdentityServer4.Endpoints.DiscoveryKeyEndpoint" for "/.well-known/openid-configuration/jwks" (f7642de5)
2020-09-21T11:42:38.7753631+07:00 0HM2TT2KVFU4H:0000001F [INF] Invoking IdentityServer endpoint: "IdentityServer4.Endpoints.TokenEndpoint" for "/connect/token" (f7642de5)
2020-09-21T11:42:39.9716220+07:00 0HM2TT2KVFU4H:0000001F [INF] Credentials validated for username: "user" (cb811aa7)
2020-09-21T11:42:40.0359881+07:00 0HM2TT2KVFU4H:0000001F [INF] Token request validation success, TokenRequestValidationLog { ClientId: "quickapp_spa", ClientName: null, GrantType: "password", Scopes: "email offline_access openid phone profile quickapp_api roles", AuthorizationCode: null, RefreshToken: null, UserName: "user", AuthenticationContextReferenceClasses: null, Tenant: null, IdP: null, Raw: [("username": "user"), ("password": "***REDACTED***"), ("client_id": "quickapp_spa"), ("grant_type": "password"), ("scope": "openid email phone profile offline_access roles quickapp_api")] } (3a073258)
2020-09-21T11:43:00.9415044+07:00  [INF] Removing 0 grants (62cd9308)
2020-09-21T11:43:00.9456885+07:00  [INF] Removing 0 device flow codes (171ba47d)
2020-09-21T11:43:11.4657886+07:00 0HM2TT2KVFU4H:0000003B [INF] Invoking IdentityServer endpoint: "IdentityServer4.Endpoints.DiscoveryEndpoint" for "/.well-known/openid-configuration" (f7642de5)
2020-09-21T11:43:11.5365913+07:00 0HM2TT2KVFU4H:0000003D [INF] Invoking IdentityServer endpoint: "IdentityServer4.Endpoints.DiscoveryKeyEndpoint" for "/.well-known/openid-configuration/jwks" (f7642de5)
2020-09-21T11:43:11.5602832+07:00 0HM2TT2KVFU4H:0000003F [INF] Invoking IdentityServer endpoint: "IdentityServer4.Endpoints.TokenEndpoint" for "/connect/token" (f7642de5)
2020-09-21T11:43:11.7163545+07:00 0HM2TT2KVFU4H:0000003F [INF] Credentials validated for username: "admin" (cb811aa7)
2020-09-21T11:43:11.7186090+07:00 0HM2TT2KVFU4H:0000003F [INF] Token request validation success, TokenRequestValidationLog { ClientId: "quickapp_spa", ClientName: null, GrantType: "password", Scopes: "email offline_access openid phone profile quickapp_api roles", AuthorizationCode: null, RefreshToken: null, UserName: "admin", AuthenticationContextReferenceClasses: null, Tenant: null, IdP: null, Raw: [("username": "admin"), ("password": "***REDACTED***"), ("client_id": "quickapp_spa"), ("grant_type": "password"), ("scope": "openid email phone profile offline_access roles quickapp_api")] } (3a073258)
2020-09-21T11:43:30.9562182+07:00  [INF] Removing 0 grants (62cd9308)
2020-09-21T11:43:30.9598846+07:00  [INF] Removing 0 device flow codes (171ba47d)
2020-09-21T11:44:00.9731018+07:00  [INF] Removing 0 grants (62cd9308)
2020-09-21T11:44:00.9763231+07:00  [INF] Removing 0 device flow codes (171ba47d)
2020-09-21T11:44:30.9856612+07:00  [INF] Removing 0 grants (62cd9308)
2020-09-21T11:44:30.9890245+07:00  [INF] Removing 0 device flow codes (171ba47d)
2020-09-21T11:45:01.0014730+07:00  [INF] Removing 0 grants (62cd9308)
2020-09-21T11:45:01.0032016+07:00  [INF] Removing 0 device flow codes (171ba47d)
2020-09-21T11:45:31.0159369+07:00  [INF] Removing 0 grants (62cd9308)
2020-09-21T11:45:31.0188283+07:00  [INF] Removing 0 device flow codes (171ba47d)
2020-09-21T11:46:01.0300639+07:00  [INF] Removing 0 grants (62cd9308)
2020-09-21T11:46:01.0326078+07:00  [INF] Removing 0 device flow codes (171ba47d)
2020-09-21T11:46:31.0548085+07:00  [INF] Removing 0 grants (62cd9308)
2020-09-21T11:46:31.0613208+07:00  [INF] Removing 0 device flow codes (171ba47d)
2020-09-21T11:47:01.0771290+07:00  [INF] Removing 0 grants (62cd9308)
2020-09-21T11:47:01.0795616+07:00  [INF] Removing 0 device flow codes (171ba47d)
2020-09-21T11:47:31.0960438+07:00  [INF] Removing 0 grants (62cd9308)
2020-09-21T11:47:31.0986347+07:00  [INF] Removing 0 device flow codes (171ba47d)
2020-09-21T11:48:01.1141348+07:00  [INF] Removing 0 grants (62cd9308)
2020-09-21T11:48:01.1201207+07:00  [INF] Removing 0 device flow codes (171ba47d)
2020-09-21T11:48:31.1265537+07:00  [INF] Removing 0 grants (62cd9308)
2020-09-21T11:48:31.1313341+07:00  [INF] Removing 0 device flow codes (171ba47d)
2020-09-21T11:49:01.1405633+07:00  [INF] Removing 0 grants (62cd9308)
2020-09-21T11:49:01.1424287+07:00  [INF] Removing 0 device flow codes (171ba47d)
2020-09-21T11:49:31.1551544+07:00  [INF] Removing 0 grants (62cd9308)
2020-09-21T11:49:31.1564702+07:00  [INF] Removing 0 device flow codes (171ba47d)
2020-09-21T11:50:01.1740612+07:00  [INF] Removing 0 grants (62cd9308)
2020-09-21T11:50:01.1785879+07:00  [INF] Removing 0 device flow codes (171ba47d)
2020-09-21T11:50:31.1873841+07:00  [INF] Removing 0 grants (62cd9308)
2020-09-21T11:50:31.1888795+07:00  [INF] Removing 0 device flow codes (171ba47d)
2020-09-21T11:51:01.2030208+07:00  [INF] Removing 0 grants (62cd9308)
2020-09-21T11:51:01.2045257+07:00  [INF] Removing 0 device flow codes (171ba47d)
2020-09-21T11:51:31.2175510+07:00  [INF] Removing 0 grants (62cd9308)
2020-09-21T11:51:31.2191317+07:00  [INF] Removing 0 device flow codes (171ba47d)
2020-09-21T11:51:34.9852965+07:00  [INF] Application is shutting down... (90f52c38)
2020-09-21T13:12:30.5771002+07:00  [INF] Starting IdentityServer4 version "3.1.3.0" (8add0571)
2020-09-21T13:12:30.6086493+07:00  [INF] Using the default authentication scheme "Identity.Application" for IdentityServer (4a54f457)
2020-09-21T13:12:31.2751477+07:00  [INF] Application started. Press Ctrl+C to shut down. (dcaefe54)
2020-09-21T13:12:31.2853283+07:00  [INF] Hosting environment: "Development" (c3307c92)
2020-09-21T13:12:31.2888515+07:00  [INF] Content root path: "D:\CmsApp\CmsApp" (b5d60022)
2020-09-21T13:13:00.8201839+07:00  [INF] Removing 0 grants (62cd9308)
2020-09-21T13:13:00.8582328+07:00  [INF] Removing 0 device flow codes (171ba47d)
2020-09-21T13:13:30.9875745+07:00  [INF] Removing 0 grants (62cd9308)
2020-09-21T13:13:31.0189171+07:00  [INF] Removing 0 device flow codes (171ba47d)
2020-09-21T13:18:48.2613741+07:00  [INF] Starting IdentityServer4 version "3.1.3.0" (8add0571)
2020-09-21T13:18:48.3172475+07:00  [INF] Using the default authentication scheme "Identity.Application" for IdentityServer (4a54f457)
2020-09-21T13:18:48.7813076+07:00  [INF] Application started. Press Ctrl+C to shut down. (dcaefe54)
2020-09-21T13:18:48.7983445+07:00  [INF] Hosting environment: "Development" (c3307c92)
2020-09-21T13:18:48.8005784+07:00  [INF] Content root path: "D:\CmsApp\CmsApp" (b5d60022)
2020-09-21T13:19:18.5517396+07:00  [INF] Removing 0 grants (62cd9308)
2020-09-21T13:19:18.6332925+07:00  [INF] Removing 0 device flow codes (171ba47d)
2020-09-21T13:19:48.7418661+07:00  [INF] Removing 0 grants (62cd9308)
2020-09-21T13:19:49.1546030+07:00  [INF] Removing 0 device flow codes (171ba47d)
2020-09-21T13:20:19.1815152+07:00  [INF] Removing 0 grants (62cd9308)
2020-09-21T13:20:19.1949185+07:00  [INF] Removing 0 device flow codes (171ba47d)
2020-09-21T13:20:49.2281992+07:00  [INF] Removing 0 grants (62cd9308)
2020-09-21T13:20:49.2373848+07:00  [INF] Removing 0 device flow codes (171ba47d)
2020-09-21T13:21:19.2694874+07:00  [INF] Removing 0 grants (62cd9308)
2020-09-21T13:21:19.2889889+07:00  [INF] Removing 0 device flow codes (171ba47d)
2020-09-21T13:21:49.3272162+07:00  [INF] Removing 0 grants (62cd9308)
2020-09-21T13:21:49.3460915+07:00  [INF] Removing 0 device flow codes (171ba47d)
2020-09-21T13:22:19.3759781+07:00  [INF] Removing 0 grants (62cd9308)
2020-09-21T13:22:19.3951040+07:00  [INF] Removing 0 device flow codes (171ba47d)
2020-09-21T13:22:49.4334798+07:00  [INF] Removing 0 grants (62cd9308)
2020-09-21T13:22:49.4543962+07:00  [INF] Removing 0 device flow codes (171ba47d)
2020-09-21T13:23:19.4966975+07:00  [INF] Removing 0 grants (62cd9308)
2020-09-21T13:23:19.5363360+07:00  [INF] Removing 0 device flow codes (171ba47d)
2020-09-21T13:23:49.3531041+07:00 80000010-0000-f700-b63f-84710c7967bb [ERR] An unhandled exception has occurred while executing the request. (48a46595)
System.TimeoutException: The Angular CLI process did not start listening for requests within the timeout period of 0 seconds. Check the log output for error information.
   at Microsoft.AspNetCore.SpaServices.Extensions.Util.TaskTimeoutExtensions.WithTimeout[T](Task`1 task, TimeSpan timeoutDelay, String message)
   at Microsoft.AspNetCore.SpaServices.Extensions.Proxy.SpaProxy.PerformProxyRequest(HttpContext context, HttpClient httpClient, Task`1 baseUriTask, CancellationToken applicationStoppingToken, Boolean proxy404s)
   at Microsoft.AspNetCore.Builder.SpaProxyingExtensions.<>c__DisplayClass2_0.<<UseProxyToSpaDevelopmentServer>b__0>d.MoveNext()
--- End of stack trace from previous location where exception was thrown ---
   at Swashbuckle.AspNetCore.SwaggerUI.SwaggerUIMiddleware.Invoke(HttpContext httpContext)
   at Swashbuckle.AspNetCore.Swagger.SwaggerMiddleware.Invoke(HttpContext httpContext, ISwaggerProvider swaggerProvider)
   at Microsoft.AspNetCore.Authorization.AuthorizationMiddleware.Invoke(HttpContext context)
   at IdentityServer4.Hosting.IdentityServerMiddleware.Invoke(HttpContext context, IEndpointRouter router, IUserSession session, IEventService events)
   at IdentityServer4.Hosting.MutualTlsTokenEndpointMiddleware.Invoke(HttpContext context, IAuthenticationSchemeProvider schemes)
   at Microsoft.AspNetCore.Authentication.AuthenticationMiddleware.Invoke(HttpContext context)
   at IdentityServer4.Hosting.BaseUrlMiddleware.Invoke(HttpContext context)
   at Microsoft.AspNetCore.Diagnostics.DeveloperExceptionPageMiddleware.Invoke(HttpContext context)
2020-09-21T13:23:49.5992847+07:00  [INF] Removing 0 grants (62cd9308)
2020-09-21T13:23:49.6173235+07:00  [INF] Removing 0 device flow codes (171ba47d)
2020-09-21T13:24:19.6506530+07:00  [INF] Removing 0 grants (62cd9308)
2020-09-21T13:24:19.6728739+07:00  [INF] Removing 0 device flow codes (171ba47d)
2020-09-21T13:25:21.3994660+07:00  [INF] Starting IdentityServer4 version "3.1.3.0" (8add0571)
2020-09-21T13:25:21.4330382+07:00  [INF] Using the default authentication scheme "Identity.Application" for IdentityServer (4a54f457)
2020-09-21T13:25:21.6593398+07:00  [INF] Now listening on: "https://localhost:5001" (d826f4b8)
2020-09-21T13:25:21.6593980+07:00  [INF] Now listening on: "http://localhost:5000" (d826f4b8)
2020-09-21T13:25:21.6596277+07:00  [INF] Application started. Press Ctrl+C to shut down. (dcaefe54)
2020-09-21T13:25:21.6596793+07:00  [INF] Hosting environment: "Development" (c3307c92)
2020-09-21T13:25:21.6597256+07:00  [INF] Content root path: "D:\CmsApp\CmsApp" (b5d60022)
2020-09-21T13:25:51.7577347+07:00  [INF] Removing 0 grants (62cd9308)
2020-09-21T13:25:51.7762950+07:00  [INF] Removing 0 device flow codes (171ba47d)
2020-09-21T13:26:21.8110759+07:00  [INF] Removing 0 grants (62cd9308)
2020-09-21T13:26:21.8131160+07:00  [INF] Removing 0 device flow codes (171ba47d)
2020-09-21T13:26:51.8542045+07:00  [INF] Removing 0 grants (62cd9308)
2020-09-21T13:26:51.8579570+07:00  [INF] Removing 0 device flow codes (171ba47d)
2020-09-21T13:27:21.8787155+07:00  [INF] Removing 0 grants (62cd9308)
2020-09-21T13:27:21.8805706+07:00  [INF] Removing 0 device flow codes (171ba47d)
2020-09-21T13:27:51.8969394+07:00  [INF] Removing 0 grants (62cd9308)
2020-09-21T13:27:51.8988154+07:00  [INF] Removing 0 device flow codes (171ba47d)
2020-09-21T13:28:21.9260980+07:00  [INF] Removing 0 grants (62cd9308)
2020-09-21T13:28:21.9368690+07:00  [INF] Removing 0 device flow codes (171ba47d)
2020-09-21T13:28:51.9489194+07:00  [INF] Removing 0 grants (62cd9308)
2020-09-21T13:28:51.9532594+07:00  [INF] Removing 0 device flow codes (171ba47d)
2020-09-21T13:29:21.9790579+07:00  [INF] Removing 0 grants (62cd9308)
2020-09-21T13:29:21.9843265+07:00  [INF] Removing 0 device flow codes (171ba47d)
2020-09-21T13:29:52.0063627+07:00  [INF] Removing 0 grants (62cd9308)
2020-09-21T13:29:52.0101331+07:00  [INF] Removing 0 device flow codes (171ba47d)
2020-09-21T13:30:22.0172165+07:00  [INF] Removing 0 grants (62cd9308)
2020-09-21T13:30:22.0210304+07:00  [INF] Removing 0 device flow codes (171ba47d)
2020-09-21T13:30:52.0376381+07:00  [INF] Removing 0 grants (62cd9308)
2020-09-21T13:30:52.0407594+07:00  [INF] Removing 0 device flow codes (171ba47d)
2020-09-21T13:31:22.0841180+07:00  [INF] Removing 0 grants (62cd9308)
2020-09-21T13:31:22.0861865+07:00  [INF] Removing 0 device flow codes (171ba47d)
2020-09-21T13:31:52.1028701+07:00  [INF] Removing 0 grants (62cd9308)
2020-09-21T13:31:52.1117868+07:00  [INF] Removing 0 device flow codes (171ba47d)
2020-09-21T13:32:22.1305184+07:00  [INF] Removing 0 grants (62cd9308)
2020-09-21T13:32:22.1328327+07:00  [INF] Removing 0 device flow codes (171ba47d)
2020-09-21T13:32:52.1424847+07:00  [INF] Removing 0 grants (62cd9308)
2020-09-21T13:32:52.1442289+07:00  [INF] Removing 0 device flow codes (171ba47d)
2020-09-21T13:33:22.1567723+07:00  [INF] Removing 0 grants (62cd9308)
2020-09-21T13:33:22.1592735+07:00  [INF] Removing 0 device flow codes (171ba47d)
2020-09-21T13:33:52.1783351+07:00  [INF] Removing 0 grants (62cd9308)
2020-09-21T13:33:52.1828019+07:00  [INF] Removing 0 device flow codes (171ba47d)
2020-09-21T13:34:22.1908269+07:00  [INF] Removing 0 grants (62cd9308)
2020-09-21T13:34:22.1926501+07:00  [INF] Removing 0 device flow codes (171ba47d)
2020-09-21T13:34:52.2054516+07:00  [INF] Removing 0 grants (62cd9308)
2020-09-21T13:34:52.2081487+07:00  [INF] Removing 0 device flow codes (171ba47d)
2020-09-21T13:35:22.2228183+07:00  [INF] Removing 0 grants (62cd9308)
2020-09-21T13:35:22.2245362+07:00  [INF] Removing 0 device flow codes (171ba47d)
2020-09-21T13:35:52.2346233+07:00  [INF] Removing 0 grants (62cd9308)
2020-09-21T13:35:52.2361914+07:00  [INF] Removing 0 device flow codes (171ba47d)
2020-09-21T13:36:22.2560877+07:00  [INF] Removing 0 grants (62cd9308)
2020-09-21T13:36:22.2608093+07:00  [INF] Removing 0 device flow codes (171ba47d)
2020-09-21T13:36:52.2665676+07:00  [INF] Removing 0 grants (62cd9308)
2020-09-21T13:36:52.2680695+07:00  [INF] Removing 0 device flow codes (171ba47d)
2020-09-21T13:37:15.8214605+07:00  [INF] Starting IdentityServer4 version "3.1.3.0" (8add0571)
2020-09-21T13:37:15.9148785+07:00  [INF] Using the default authentication scheme "Identity.Application" for IdentityServer (4a54f457)
2020-09-21T13:37:16.8728936+07:00  [INF] Application started. Press Ctrl+C to shut down. (dcaefe54)
2020-09-21T13:37:16.9330541+07:00  [INF] Hosting environment: "Development" (c3307c92)
2020-09-21T13:37:16.9594994+07:00  [INF] Content root path: "D:\CmsApp\CmsApp" (b5d60022)
2020-09-21T13:37:22.3455248+07:00  [INF] Removing 0 grants (62cd9308)
2020-09-21T13:37:22.3472882+07:00  [INF] Removing 0 device flow codes (171ba47d)
2020-09-21T13:37:46.1080712+07:00  [INF] Removing 0 grants (62cd9308)
2020-09-21T13:37:46.1458317+07:00  [INF] Removing 0 device flow codes (171ba47d)
2020-09-21T13:37:52.3713521+07:00  [INF] Removing 0 grants (62cd9308)
2020-09-21T13:37:52.3734507+07:00  [INF] Removing 0 device flow codes (171ba47d)
2020-09-21T13:38:16.2450821+07:00  [INF] Removing 0 grants (62cd9308)
2020-09-21T13:38:16.2591474+07:00  [INF] Removing 0 device flow codes (171ba47d)
2020-09-21T13:38:22.3925952+07:00  [INF] Removing 0 grants (62cd9308)
2020-09-21T13:38:22.3947210+07:00  [INF] Removing 0 device flow codes (171ba47d)
2020-09-21T13:38:46.3051985+07:00  [INF] Removing 0 grants (62cd9308)
2020-09-21T13:38:46.3360636+07:00  [INF] Removing 0 device flow codes (171ba47d)
2020-09-21T13:38:52.4088440+07:00  [INF] Removing 0 grants (62cd9308)
2020-09-21T13:38:52.4102367+07:00  [INF] Removing 0 device flow codes (171ba47d)
2020-09-21T13:39:16.3685615+07:00  [INF] Removing 0 grants (62cd9308)
2020-09-21T13:39:16.3826470+07:00  [INF] Removing 0 device flow codes (171ba47d)
2020-09-21T13:39:22.4218933+07:00  [INF] Removing 0 grants (62cd9308)
2020-09-21T13:39:22.4235774+07:00  [INF] Removing 0 device flow codes (171ba47d)
2020-09-21T13:39:46.4183416+07:00  [INF] Removing 0 grants (62cd9308)
2020-09-21T13:39:46.4495517+07:00  [INF] Removing 0 device flow codes (171ba47d)
2020-09-21T13:39:52.4360259+07:00  [INF] Removing 0 grants (62cd9308)
2020-09-21T13:39:52.4379490+07:00  [INF] Removing 0 device flow codes (171ba47d)
2020-09-21T13:40:16.4763463+07:00  [INF] Removing 0 grants (62cd9308)
2020-09-21T13:40:16.4847417+07:00  [INF] Removing 0 device flow codes (171ba47d)
2020-09-21T13:40:22.2028190+07:00 80000074-0002-f500-b63f-84710c7967bb [INF] Invoking IdentityServer endpoint: "IdentityServer4.Endpoints.DiscoveryEndpoint" for "/.well-known/openid-configuration" (f7642de5)
2020-09-21T13:40:22.4565976+07:00  [INF] Removing 0 grants (62cd9308)
2020-09-21T13:40:22.4580637+07:00  [INF] Removing 0 device flow codes (171ba47d)
2020-09-21T13:40:23.2260798+07:00 80000054-0001-f400-b63f-84710c7967bb [INF] Invoking IdentityServer endpoint: "IdentityServer4.Endpoints.DiscoveryKeyEndpoint" for "/.well-known/openid-configuration/jwks" (f7642de5)
2020-09-21T13:40:23.3371248+07:00 80000006-0003-f500-b63f-84710c7967bb [INF] Invoking IdentityServer endpoint: "IdentityServer4.Endpoints.TokenEndpoint" for "/connect/token" (f7642de5)
2020-09-21T13:40:24.4892482+07:00 80000006-0003-f500-b63f-84710c7967bb [INF] Credentials validated for username: "user" (cb811aa7)
2020-09-21T13:40:24.6049194+07:00 80000006-0003-f500-b63f-84710c7967bb [INF] Token request validation success, TokenRequestValidationLog { ClientId: "quickapp_spa", ClientName: null, GrantType: "password", Scopes: "email offline_access openid phone profile quickapp_api roles", AuthorizationCode: null, RefreshToken: null, UserName: "user", AuthenticationContextReferenceClasses: null, Tenant: null, IdP: null, Raw: [("username": "user"), ("password": "***REDACTED***"), ("client_id": "quickapp_spa"), ("grant_type": "password"), ("scope": "openid email phone profile offline_access roles quickapp_api")] } (3a073258)
2020-09-21T13:40:46.5092246+07:00  [INF] Removing 0 grants (62cd9308)
2020-09-21T13:40:46.5201044+07:00  [INF] Removing 0 device flow codes (171ba47d)
2020-09-21T13:40:52.4715641+07:00  [INF] Removing 0 grants (62cd9308)
2020-09-21T13:40:52.4731424+07:00  [INF] Removing 0 device flow codes (171ba47d)
2020-09-21T13:41:16.5614935+07:00  [INF] Removing 0 grants (62cd9308)
2020-09-21T13:41:16.5692530+07:00  [INF] Removing 0 device flow codes (171ba47d)
2020-09-21T13:41:22.4848772+07:00  [INF] Removing 0 grants (62cd9308)
2020-09-21T13:41:22.4866571+07:00  [INF] Removing 0 device flow codes (171ba47d)
2020-09-21T13:41:46.6070342+07:00  [INF] Removing 0 grants (62cd9308)
2020-09-21T13:41:46.6248477+07:00  [INF] Removing 0 device flow codes (171ba47d)
2020-09-21T13:41:52.4983397+07:00  [INF] Removing 0 grants (62cd9308)
2020-09-21T13:41:52.4998321+07:00  [INF] Removing 0 device flow codes (171ba47d)
2020-09-21T13:42:16.6493378+07:00  [INF] Removing 0 grants (62cd9308)
2020-09-21T13:42:16.6654396+07:00  [INF] Removing 0 device flow codes (171ba47d)
2020-09-21T13:42:22.5168370+07:00  [INF] Removing 0 grants (62cd9308)
2020-09-21T13:42:22.5183096+07:00  [INF] Removing 0 device flow codes (171ba47d)
2020-09-21T13:42:46.6992319+07:00  [INF] Removing 0 grants (62cd9308)
2020-09-21T13:42:46.7210960+07:00  [INF] Removing 0 device flow codes (171ba47d)
2020-09-21T13:42:52.5284125+07:00  [INF] Removing 0 grants (62cd9308)
2020-09-21T13:42:52.5340587+07:00  [INF] Removing 0 device flow codes (171ba47d)
2020-09-21T13:43:16.7750753+07:00  [INF] Removing 0 grants (62cd9308)
2020-09-21T13:43:16.8451348+07:00  [INF] Removing 0 device flow codes (171ba47d)
2020-09-21T13:43:22.5846130+07:00  [INF] Removing 0 grants (62cd9308)
2020-09-21T13:43:22.5859998+07:00  [INF] Removing 0 device flow codes (171ba47d)
2020-09-21T13:43:46.8717027+07:00  [INF] Removing 0 grants (62cd9308)
2020-09-21T13:43:46.8846783+07:00  [INF] Removing 0 device flow codes (171ba47d)
2020-09-21T13:43:52.5963487+07:00  [INF] Removing 0 grants (62cd9308)
2020-09-21T13:43:52.5977772+07:00  [INF] Removing 0 device flow codes (171ba47d)
2020-09-21T13:44:16.9460990+07:00  [INF] Removing 0 grants (62cd9308)
2020-09-21T13:44:16.9568997+07:00  [INF] Removing 0 device flow codes (171ba47d)
2020-09-21T13:44:22.6166480+07:00  [INF] Removing 0 grants (62cd9308)
2020-09-21T13:44:22.6192565+07:00  [INF] Removing 0 device flow codes (171ba47d)
2020-09-21T13:44:46.9765029+07:00  [INF] Removing 0 grants (62cd9308)
2020-09-21T13:44:46.9877779+07:00  [INF] Removing 0 device flow codes (171ba47d)
2020-09-21T13:44:52.6258892+07:00  [INF] Removing 0 grants (62cd9308)
2020-09-21T13:44:52.6275543+07:00  [INF] Removing 0 device flow codes (171ba47d)
2020-09-21T13:45:17.0221477+07:00  [INF] Removing 0 grants (62cd9308)
2020-09-21T13:45:17.0307760+07:00  [INF] Removing 0 device flow codes (171ba47d)
2020-09-21T13:45:22.6387452+07:00  [INF] Removing 0 grants (62cd9308)
2020-09-21T13:45:22.6400218+07:00  [INF] Removing 0 device flow codes (171ba47d)
2020-09-21T13:45:47.0725544+07:00  [INF] Removing 0 grants (62cd9308)
2020-09-21T13:45:47.0888611+07:00  [INF] Removing 0 device flow codes (171ba47d)
2020-09-21T13:45:52.6569602+07:00  [INF] Removing 0 grants (62cd9308)
2020-09-21T13:45:52.6581565+07:00  [INF] Removing 0 device flow codes (171ba47d)
2020-09-21T13:46:17.1009224+07:00  [INF] Removing 0 grants (62cd9308)
2020-09-21T13:46:17.1092324+07:00  [INF] Removing 0 device flow codes (171ba47d)
2020-09-21T13:46:22.6646254+07:00  [INF] Removing 0 grants (62cd9308)
2020-09-21T13:46:22.6659417+07:00  [INF] Removing 0 device flow codes (171ba47d)
2020-09-21T13:46:47.1367611+07:00  [INF] Removing 0 grants (62cd9308)
2020-09-21T13:46:47.1494824+07:00  [INF] Removing 0 device flow codes (171ba47d)
2020-09-21T13:46:52.6800422+07:00  [INF] Removing 0 grants (62cd9308)
2020-09-21T13:46:52.6813436+07:00  [INF] Removing 0 device flow codes (171ba47d)
2020-09-21T13:47:22.6950907+07:00  [INF] Removing 0 grants (62cd9308)
2020-09-21T13:47:22.6970390+07:00  [INF] Removing 0 device flow codes (171ba47d)
2020-09-21T13:47:52.7034615+07:00  [INF] Removing 0 grants (62cd9308)
2020-09-21T13:47:52.7053785+07:00  [INF] Removing 0 device flow codes (171ba47d)
2020-09-21T13:48:22.7192715+07:00  [INF] Removing 0 grants (62cd9308)
2020-09-21T13:48:22.7206160+07:00  [INF] Removing 0 device flow codes (171ba47d)
2020-09-21T13:48:52.7326499+07:00  [INF] Removing 0 grants (62cd9308)
2020-09-21T13:48:52.7344733+07:00  [INF] Removing 0 device flow codes (171ba47d)
2020-09-21T13:49:22.7481846+07:00  [INF] Removing 0 grants (62cd9308)
2020-09-21T13:49:22.7495041+07:00  [INF] Removing 0 device flow codes (171ba47d)
2020-09-21T13:49:52.7652124+07:00  [INF] Removing 0 grants (62cd9308)
2020-09-21T13:49:52.7668156+07:00  [INF] Removing 0 device flow codes (171ba47d)
2020-09-21T13:50:22.7791732+07:00  [INF] Removing 0 grants (62cd9308)
2020-09-21T13:50:22.7804017+07:00  [INF] Removing 0 device flow codes (171ba47d)
2020-09-21T13:50:52.7974175+07:00  [INF] Removing 0 grants (62cd9308)
2020-09-21T13:50:52.7989006+07:00  [INF] Removing 0 device flow codes (171ba47d)
2020-09-21T13:51:22.8124128+07:00  [INF] Removing 0 grants (62cd9308)
2020-09-21T13:51:22.8137643+07:00  [INF] Removing 0 device flow codes (171ba47d)
2020-09-21T13:51:52.8260965+07:00  [INF] Removing 0 grants (62cd9308)
2020-09-21T13:51:52.8273179+07:00  [INF] Removing 0 device flow codes (171ba47d)
2020-09-21T13:52:22.8445713+07:00  [INF] Removing 0 grants (62cd9308)
2020-09-21T13:52:22.8460872+07:00  [INF] Removing 0 device flow codes (171ba47d)
2020-09-21T13:52:52.8652780+07:00  [INF] Removing 0 grants (62cd9308)
2020-09-21T13:52:52.8689033+07:00  [INF] Removing 0 device flow codes (171ba47d)
2020-09-21T13:53:22.8749034+07:00  [INF] Removing 0 grants (62cd9308)
2020-09-21T13:53:22.8761030+07:00  [INF] Removing 0 device flow codes (171ba47d)
2020-09-21T13:53:52.8924715+07:00  [INF] Removing 0 grants (62cd9308)
2020-09-21T13:53:52.8966583+07:00  [INF] Removing 0 device flow codes (171ba47d)
2020-09-21T13:54:22.9079017+07:00  [INF] Removing 0 grants (62cd9308)
2020-09-21T13:54:22.9104079+07:00  [INF] Removing 0 device flow codes (171ba47d)
2020-09-21T13:54:52.9209854+07:00  [INF] Removing 0 grants (62cd9308)
2020-09-21T13:54:52.9223478+07:00  [INF] Removing 0 device flow codes (171ba47d)
2020-09-21T13:55:22.9390912+07:00  [INF] Removing 0 grants (62cd9308)
2020-09-21T13:55:22.9405736+07:00  [INF] Removing 0 device flow codes (171ba47d)
2020-09-21T13:55:52.9533885+07:00  [INF] Removing 0 grants (62cd9308)
2020-09-21T13:55:52.9577222+07:00  [INF] Removing 0 device flow codes (171ba47d)
2020-09-21T13:56:22.9866244+07:00  [INF] Removing 0 grants (62cd9308)
2020-09-21T13:56:22.9891776+07:00  [INF] Removing 0 device flow codes (171ba47d)
2020-09-21T13:56:53.0004579+07:00  [INF] Removing 0 grants (62cd9308)
2020-09-21T13:56:53.0017236+07:00  [INF] Removing 0 device flow codes (171ba47d)
2020-09-21T13:57:23.0034659+07:00  [INF] Removing 0 grants (62cd9308)
2020-09-21T13:57:23.0048072+07:00  [INF] Removing 0 device flow codes (171ba47d)
2020-09-21T13:57:53.0134163+07:00  [INF] Removing 0 grants (62cd9308)
2020-09-21T13:57:53.0146912+07:00  [INF] Removing 0 device flow codes (171ba47d)
2020-09-21T13:58:23.0293520+07:00  [INF] Removing 0 grants (62cd9308)
2020-09-21T13:58:23.0307864+07:00  [INF] Removing 0 device flow codes (171ba47d)
2020-09-21T13:58:53.0469804+07:00  [INF] Removing 0 grants (62cd9308)
2020-09-21T13:58:53.0480991+07:00  [INF] Removing 0 device flow codes (171ba47d)
2020-09-21T13:59:23.0541962+07:00  [INF] Removing 0 grants (62cd9308)
2020-09-21T13:59:23.0557074+07:00  [INF] Removing 0 device flow codes (171ba47d)
2020-09-21T13:59:53.0732014+07:00  [INF] Removing 0 grants (62cd9308)
2020-09-21T13:59:53.0757914+07:00  [INF] Removing 0 device flow codes (171ba47d)
2020-09-21T14:00:23.0896529+07:00  [INF] Removing 0 grants (62cd9308)
2020-09-21T14:00:23.0937475+07:00  [INF] Removing 0 device flow codes (171ba47d)
2020-09-21T14:00:53.0999338+07:00  [INF] Removing 0 grants (62cd9308)
2020-09-21T14:00:53.1029200+07:00  [INF] Removing 0 device flow codes (171ba47d)
2020-09-21T14:01:23.1118902+07:00  [INF] Removing 0 grants (62cd9308)
2020-09-21T14:01:23.1158394+07:00  [INF] Removing 0 device flow codes (171ba47d)
2020-09-21T14:01:53.1246003+07:00  [INF] Removing 0 grants (62cd9308)
2020-09-21T14:01:53.1262404+07:00  [INF] Removing 0 device flow codes (171ba47d)
2020-09-21T14:01:53.8945678+07:00  [INF] Application is shutting down... (90f52c38)
