2020-10-28T09:00:44.2071056+07:00  [INF] Starting IdentityServer4 version "3.1.3.0" (8add0571)
2020-10-28T09:00:44.3104839+07:00  [INF] Using the default authentication scheme "Identity.Application" for IdentityServer (4a54f457)
2020-10-28T09:00:45.0123768+07:00  [INF] Now listening on: "https://localhost:5001" (d826f4b8)
2020-10-28T09:00:45.0124279+07:00  [INF] Now listening on: "http://localhost:5000" (d826f4b8)
2020-10-28T09:00:45.0126613+07:00  [INF] Application started. Press Ctrl+C to shut down. (dcaefe54)
2020-10-28T09:00:45.0127196+07:00  [INF] Hosting environment: "Development" (c3307c92)
2020-10-28T09:00:45.0127717+07:00  [INF] Content root path: "D:\CmsApp\CmsApp" (b5d60022)
2020-10-28T09:01:15.0351548+07:00  [INF] Removing 0 grants (62cd9308)
2020-10-28T09:01:15.0854404+07:00  [INF] Removing 0 device flow codes (171ba47d)
2020-10-28T09:01:45.1039098+07:00  [INF] Removing 0 grants (62cd9308)
2020-10-28T09:01:45.1072658+07:00  [INF] Removing 0 device flow codes (171ba47d)
2020-10-28T09:02:15.1153094+07:00  [INF] Removing 0 grants (62cd9308)
2020-10-28T09:02:15.1172597+07:00  [INF] Removing 0 device flow codes (171ba47d)
2020-10-28T09:02:45.1403515+07:00  [INF] Removing 0 grants (62cd9308)
2020-10-28T09:02:45.1456853+07:00  [INF] Removing 0 device flow codes (171ba47d)
2020-10-28T09:03:15.1765707+07:00  [INF] Removing 0 grants (62cd9308)
2020-10-28T09:03:15.1805968+07:00  [INF] Removing 0 device flow codes (171ba47d)
2020-10-28T09:03:45.2206657+07:00  [INF] Removing 0 grants (62cd9308)
2020-10-28T09:03:45.2261182+07:00  [INF] Removing 0 device flow codes (171ba47d)
2020-10-28T09:04:15.2551809+07:00  [INF] Removing 0 grants (62cd9308)
2020-10-28T09:04:15.2595153+07:00  [INF] Removing 0 device flow codes (171ba47d)
2020-10-28T09:04:45.2853912+07:00  [INF] Removing 0 grants (62cd9308)
2020-10-28T09:04:45.2886984+07:00  [INF] Removing 0 device flow codes (171ba47d)
2020-10-28T09:05:15.3198443+07:00  [INF] Removing 0 grants (62cd9308)
2020-10-28T09:05:15.3244916+07:00  [INF] Removing 0 device flow codes (171ba47d)
2020-10-28T09:05:45.3416959+07:00  [INF] Removing 0 grants (62cd9308)
2020-10-28T09:05:45.3444115+07:00  [INF] Removing 0 device flow codes (171ba47d)
2020-10-28T09:06:15.3508613+07:00  [INF] Removing 0 grants (62cd9308)
2020-10-28T09:06:15.3563291+07:00  [INF] Removing 0 device flow codes (171ba47d)
2020-10-28T09:06:45.3658837+07:00  [INF] Removing 0 grants (62cd9308)
2020-10-28T09:06:45.3694650+07:00  [INF] Removing 0 device flow codes (171ba47d)
2020-10-28T09:07:15.3788020+07:00  [INF] Removing 0 grants (62cd9308)
2020-10-28T09:07:15.3819823+07:00  [INF] Removing 0 device flow codes (171ba47d)
2020-10-28T09:07:45.3892909+07:00  [INF] Removing 0 grants (62cd9308)
2020-10-28T09:07:45.3914865+07:00  [INF] Removing 0 device flow codes (171ba47d)
2020-10-28T09:08:15.3951495+07:00  [INF] Removing 0 grants (62cd9308)
2020-10-28T09:08:15.3973710+07:00  [INF] Removing 0 device flow codes (171ba47d)
2020-10-28T09:08:45.4176468+07:00  [INF] Removing 0 grants (62cd9308)
2020-10-28T09:08:45.4203091+07:00  [INF] Removing 0 device flow codes (171ba47d)
2020-10-28T09:09:15.4421413+07:00  [INF] Removing 0 grants (62cd9308)
2020-10-28T09:09:15.4463511+07:00  [INF] Removing 0 device flow codes (171ba47d)
2020-10-28T09:09:45.4499598+07:00  [INF] Removing 0 grants (62cd9308)
2020-10-28T09:09:45.4513882+07:00  [INF] Removing 0 device flow codes (171ba47d)
2020-10-28T09:10:15.4700288+07:00  [INF] Removing 0 grants (62cd9308)
2020-10-28T09:10:15.4715705+07:00  [INF] Removing 0 device flow codes (171ba47d)
2020-10-28T09:10:45.4823955+07:00  [INF] Removing 0 grants (62cd9308)
2020-10-28T09:10:45.4838109+07:00  [INF] Removing 0 device flow codes (171ba47d)
2020-10-28T09:11:15.5030914+07:00  [INF] Removing 0 grants (62cd9308)
2020-10-28T09:11:15.5045161+07:00  [INF] Removing 0 device flow codes (171ba47d)
2020-10-28T09:11:45.5117197+07:00  [INF] Removing 0 grants (62cd9308)
2020-10-28T09:11:45.5130904+07:00  [INF] Removing 0 device flow codes (171ba47d)
2020-10-28T09:12:15.5276810+07:00  [INF] Removing 0 grants (62cd9308)
2020-10-28T09:12:15.5288942+07:00  [INF] Removing 0 device flow codes (171ba47d)
2020-10-28T09:12:45.5393171+07:00  [INF] Removing 0 grants (62cd9308)
2020-10-28T09:12:45.5413251+07:00  [INF] Removing 0 device flow codes (171ba47d)
2020-10-28T09:13:15.5607629+07:00  [INF] Removing 0 grants (62cd9308)
2020-10-28T09:13:15.5622816+07:00  [INF] Removing 0 device flow codes (171ba47d)
2020-10-28T09:13:45.5717965+07:00  [INF] Removing 0 grants (62cd9308)
2020-10-28T09:13:45.5730078+07:00  [INF] Removing 0 device flow codes (171ba47d)
2020-10-28T09:14:15.5971942+07:00  [INF] Removing 0 grants (62cd9308)
2020-10-28T09:14:15.5984141+07:00  [INF] Removing 0 device flow codes (171ba47d)
2020-10-28T09:14:45.6068016+07:00  [INF] Removing 0 grants (62cd9308)
2020-10-28T09:14:45.6081434+07:00  [INF] Removing 0 device flow codes (171ba47d)
2020-10-28T09:15:15.6249069+07:00  [INF] Removing 0 grants (62cd9308)
2020-10-28T09:15:15.6287465+07:00  [INF] Removing 0 device flow codes (171ba47d)
2020-10-28T09:15:45.6402914+07:00  [INF] Removing 0 grants (62cd9308)
2020-10-28T09:15:45.6445856+07:00  [INF] Removing 0 device flow codes (171ba47d)
2020-10-28T09:16:15.6511184+07:00  [INF] Removing 0 grants (62cd9308)
2020-10-28T09:16:15.6554894+07:00  [INF] Removing 0 device flow codes (171ba47d)
2020-10-28T09:16:45.6674447+07:00  [INF] Removing 0 grants (62cd9308)
2020-10-28T09:16:45.6686704+07:00  [INF] Removing 0 device flow codes (171ba47d)
2020-10-28T09:17:15.6715885+07:00  [INF] Removing 0 grants (62cd9308)
2020-10-28T09:17:15.6729931+07:00  [INF] Removing 0 device flow codes (171ba47d)
2020-10-28T09:17:45.6878003+07:00  [INF] Removing 0 grants (62cd9308)
2020-10-28T09:17:45.6898877+07:00  [INF] Removing 0 device flow codes (171ba47d)
2020-10-28T09:18:15.7098628+07:00  [INF] Removing 0 grants (62cd9308)
2020-10-28T09:18:15.7135573+07:00  [INF] Removing 0 device flow codes (171ba47d)
2020-10-28T09:18:45.7290900+07:00  [INF] Removing 0 grants (62cd9308)
2020-10-28T09:18:45.7303807+07:00  [INF] Removing 0 device flow codes (171ba47d)
2020-10-28T09:19:15.7442065+07:00  [INF] Removing 0 grants (62cd9308)
2020-10-28T09:19:15.7459461+07:00  [INF] Removing 0 device flow codes (171ba47d)
2020-10-28T09:19:45.7690681+07:00  [INF] Removing 0 grants (62cd9308)
2020-10-28T09:19:45.7703383+07:00  [INF] Removing 0 device flow codes (171ba47d)
2020-10-28T09:20:15.7716151+07:00  [INF] Removing 0 grants (62cd9308)
2020-10-28T09:20:15.7727262+07:00  [INF] Removing 0 device flow codes (171ba47d)
2020-10-28T09:20:45.7940015+07:00  [INF] Removing 0 grants (62cd9308)
2020-10-28T09:20:45.7989038+07:00  [INF] Removing 0 device flow codes (171ba47d)
2020-10-28T09:21:15.8117225+07:00  [INF] Removing 0 grants (62cd9308)
2020-10-28T09:21:15.8129791+07:00  [INF] Removing 0 device flow codes (171ba47d)
2020-10-28T09:21:45.8307886+07:00  [INF] Removing 0 grants (62cd9308)
2020-10-28T09:21:45.8321495+07:00  [INF] Removing 0 device flow codes (171ba47d)
2020-10-28T09:22:15.8428041+07:00  [INF] Removing 0 grants (62cd9308)
2020-10-28T09:22:15.8465264+07:00  [INF] Removing 0 device flow codes (171ba47d)
2020-10-28T09:22:45.8524574+07:00  [INF] Removing 0 grants (62cd9308)
2020-10-28T09:22:45.8536531+07:00  [INF] Removing 0 device flow codes (171ba47d)
2020-10-28T09:23:15.8602116+07:00  [INF] Removing 0 grants (62cd9308)
2020-10-28T09:23:15.8613672+07:00  [INF] Removing 0 device flow codes (171ba47d)
2020-10-28T09:23:45.8692002+07:00  [INF] Removing 0 grants (62cd9308)
2020-10-28T09:23:45.8725955+07:00  [INF] Removing 0 device flow codes (171ba47d)
2020-10-28T09:24:15.8934447+07:00  [INF] Removing 0 grants (62cd9308)
2020-10-28T09:24:15.8948619+07:00  [INF] Removing 0 device flow codes (171ba47d)
2020-10-28T09:24:45.9139997+07:00  [INF] Removing 0 grants (62cd9308)
2020-10-28T09:24:45.9168093+07:00  [INF] Removing 0 device flow codes (171ba47d)
2020-10-28T09:25:15.9261148+07:00  [INF] Removing 0 grants (62cd9308)
2020-10-28T09:25:15.9273436+07:00  [INF] Removing 0 device flow codes (171ba47d)
2020-10-28T09:25:45.9414690+07:00  [INF] Removing 0 grants (62cd9308)
2020-10-28T09:25:45.9428534+07:00  [INF] Removing 0 device flow codes (171ba47d)
2020-10-28T09:26:15.9524135+07:00  [INF] Removing 0 grants (62cd9308)
2020-10-28T09:26:15.9554331+07:00  [INF] Removing 0 device flow codes (171ba47d)
2020-10-28T09:26:45.9691044+07:00  [INF] Removing 0 grants (62cd9308)
2020-10-28T09:26:45.9716481+07:00  [INF] Removing 0 device flow codes (171ba47d)
2020-10-28T09:27:15.9787272+07:00  [INF] Removing 0 grants (62cd9308)
2020-10-28T09:27:15.9799440+07:00  [INF] Removing 0 device flow codes (171ba47d)
2020-10-28T09:27:45.9887625+07:00  [INF] Removing 0 grants (62cd9308)
2020-10-28T09:27:45.9921647+07:00  [INF] Removing 0 device flow codes (171ba47d)
2020-10-28T09:28:15.9989981+07:00  [INF] Removing 0 grants (62cd9308)
2020-10-28T09:28:16.0001932+07:00  [INF] Removing 0 device flow codes (171ba47d)
2020-10-28T09:28:46.0216704+07:00  [INF] Removing 0 grants (62cd9308)
2020-10-28T09:28:46.0257572+07:00  [INF] Removing 0 device flow codes (171ba47d)
2020-10-28T09:29:16.0376189+07:00  [INF] Removing 0 grants (62cd9308)
2020-10-28T09:29:16.0389389+07:00  [INF] Removing 0 device flow codes (171ba47d)
2020-10-28T09:29:46.0511247+07:00  [INF] Removing 0 grants (62cd9308)
2020-10-28T09:29:46.0523547+07:00  [INF] Removing 0 device flow codes (171ba47d)
2020-10-28T09:30:16.0566962+07:00  [INF] Removing 0 grants (62cd9308)
2020-10-28T09:30:16.0587346+07:00  [INF] Removing 0 device flow codes (171ba47d)
2020-10-28T09:30:46.0716603+07:00  [INF] Removing 0 grants (62cd9308)
2020-10-28T09:30:46.0738987+07:00  [INF] Removing 0 device flow codes (171ba47d)
2020-10-28T09:31:16.0879984+07:00  [INF] Removing 0 grants (62cd9308)
2020-10-28T09:31:16.0961389+07:00  [INF] Removing 0 device flow codes (171ba47d)
2020-10-28T09:31:41.3957736+07:00  [INF] Application is shutting down... (90f52c38)
2020-10-28T09:34:52.8002830+07:00  [INF] Starting IdentityServer4 version "3.1.3.0" (8add0571)
2020-10-28T09:34:52.8540598+07:00  [INF] Using the default authentication scheme "Identity.Application" for IdentityServer (4a54f457)
2020-10-28T09:34:53.2248628+07:00  [INF] Application started. Press Ctrl+C to shut down. (dcaefe54)
2020-10-28T09:34:53.2556950+07:00  [INF] Hosting environment: "Development" (c3307c92)
2020-10-28T09:34:53.2689422+07:00  [INF] Content root path: "D:\CmsApp\CmsApp" (b5d60022)
2020-10-28T09:35:22.9644785+07:00  [INF] Removing 0 grants (62cd9308)
2020-10-28T09:35:22.9870733+07:00  [INF] Removing 0 device flow codes (171ba47d)
2020-10-28T09:35:53.0631797+07:00  [INF] Removing 0 grants (62cd9308)
2020-10-28T09:35:53.0724055+07:00  [INF] Removing 0 device flow codes (171ba47d)
2020-10-28T09:36:23.1056353+07:00  [INF] Removing 0 grants (62cd9308)
2020-10-28T09:36:23.1147649+07:00  [INF] Removing 0 device flow codes (171ba47d)
2020-10-28T09:36:42.1009683+07:00 80000046-0002-fe00-b63f-84710c7967bb [INF] Invoking IdentityServer endpoint: "IdentityServer4.Endpoints.DiscoveryEndpoint" for "/.well-known/openid-configuration" (f7642de5)
2020-10-28T09:36:44.0870561+07:00 80000004-0000-f700-b63f-84710c7967bb [INF] Invoking IdentityServer endpoint: "IdentityServer4.Endpoints.DiscoveryKeyEndpoint" for "/.well-known/openid-configuration/jwks" (f7642de5)
2020-10-28T09:36:44.1663002+07:00 80000006-0001-e900-b63f-84710c7967bb [INF] Invoking IdentityServer endpoint: "IdentityServer4.Endpoints.TokenEndpoint" for "/connect/token" (f7642de5)
2020-10-28T09:36:45.7613737+07:00 80000006-0001-e900-b63f-84710c7967bb [INF] Credentials validated for username: "kreangkrai" (cb811aa7)
2020-10-28T09:36:45.8460477+07:00 80000006-0001-e900-b63f-84710c7967bb [INF] Token request validation success, TokenRequestValidationLog { ClientId: "cmsapp_spa", ClientName: null, GrantType: "password", Scopes: "cmsapp_api email offline_access openid phone profile roles", AuthorizationCode: null, RefreshToken: null, UserName: "kreangkrai", AuthenticationContextReferenceClasses: null, Tenant: null, IdP: null, Raw: [("username": "kreangkrai"), ("password": "***REDACTED***"), ("client_id": "cmsapp_spa"), ("grant_type": "password"), ("scope": "openid email phone profile offline_access roles cmsapp_api")] } (3a073258)
2020-10-28T09:36:53.4058312+07:00  [INF] Removing 0 grants (62cd9308)
2020-10-28T09:36:53.5956356+07:00  [INF] Removing 0 device flow codes (171ba47d)
2020-10-28T09:37:23.7089874+07:00  [INF] Removing 0 grants (62cd9308)
2020-10-28T09:37:23.7857684+07:00  [INF] Removing 0 device flow codes (171ba47d)
2020-10-28T09:37:53.8259277+07:00  [INF] Removing 0 grants (62cd9308)
2020-10-28T09:37:53.8587566+07:00  [INF] Removing 0 device flow codes (171ba47d)
2020-10-28T09:38:23.8914048+07:00  [INF] Removing 0 grants (62cd9308)
2020-10-28T09:38:23.9183785+07:00  [INF] Removing 0 device flow codes (171ba47d)
2020-10-28T09:38:53.9668898+07:00  [INF] Removing 0 grants (62cd9308)
2020-10-28T09:38:53.9794507+07:00  [INF] Removing 0 device flow codes (171ba47d)
2020-10-28T09:39:23.9985369+07:00  [INF] Removing 0 grants (62cd9308)
2020-10-28T09:39:24.0127295+07:00  [INF] Removing 0 device flow codes (171ba47d)
2020-10-28T09:39:54.1448829+07:00  [INF] Removing 0 grants (62cd9308)
2020-10-28T09:39:54.1702973+07:00  [INF] Removing 0 device flow codes (171ba47d)
2020-10-28T09:40:24.2042632+07:00  [INF] Removing 0 grants (62cd9308)
2020-10-28T09:40:24.2410757+07:00  [INF] Removing 0 device flow codes (171ba47d)
2020-10-28T09:40:54.2775580+07:00  [INF] Removing 0 grants (62cd9308)
2020-10-28T09:40:54.2905490+07:00  [INF] Removing 0 device flow codes (171ba47d)
2020-10-28T09:41:24.3329973+07:00  [INF] Removing 0 grants (62cd9308)
2020-10-28T09:41:24.3473631+07:00  [INF] Removing 0 device flow codes (171ba47d)
2020-10-28T09:41:54.3660421+07:00  [INF] Removing 0 grants (62cd9308)
2020-10-28T09:41:54.3753402+07:00  [INF] Removing 0 device flow codes (171ba47d)
2020-10-28T09:42:24.3983658+07:00  [INF] Removing 0 grants (62cd9308)
2020-10-28T09:42:24.4091907+07:00  [INF] Removing 0 device flow codes (171ba47d)
2020-10-28T09:42:46.3074131+07:00 8000000b-0003-fc00-b63f-84710c7967bb [INF] Invoking IdentityServer endpoint: "IdentityServer4.Endpoints.DiscoveryEndpoint" for "/.well-known/openid-configuration" (f7642de5)
2020-10-28T09:42:46.3603615+07:00 8000000d-0003-fc00-b63f-84710c7967bb [INF] Invoking IdentityServer endpoint: "IdentityServer4.Endpoints.DiscoveryKeyEndpoint" for "/.well-known/openid-configuration/jwks" (f7642de5)
2020-10-28T09:42:46.3774109+07:00 80000008-0001-e800-b63f-84710c7967bb [INF] Invoking IdentityServer endpoint: "IdentityServer4.Endpoints.TokenEndpoint" for "/connect/token" (f7642de5)
2020-10-28T09:42:46.5641858+07:00 80000008-0001-e800-b63f-84710c7967bb [INF] Credentials validated for username: "user" (cb811aa7)
2020-10-28T09:42:46.5690152+07:00 80000008-0001-e800-b63f-84710c7967bb [INF] Token request validation success, TokenRequestValidationLog { ClientId: "cmsapp_spa", ClientName: null, GrantType: "password", Scopes: "cmsapp_api email offline_access openid phone profile roles", AuthorizationCode: null, RefreshToken: null, UserName: "user", AuthenticationContextReferenceClasses: null, Tenant: null, IdP: null, Raw: [("username": "user"), ("password": "***REDACTED***"), ("client_id": "cmsapp_spa"), ("grant_type": "password"), ("scope": "openid email phone profile offline_access roles cmsapp_api")] } (3a073258)
2020-10-28T09:42:54.4341232+07:00  [INF] Removing 0 grants (62cd9308)
2020-10-28T09:42:54.4444940+07:00  [INF] Removing 0 device flow codes (171ba47d)
2020-10-28T09:43:24.4602948+07:00  [INF] Removing 0 grants (62cd9308)
2020-10-28T09:43:24.4695235+07:00  [INF] Removing 0 device flow codes (171ba47d)
2020-10-28T09:43:54.4992510+07:00  [INF] Removing 0 grants (62cd9308)
2020-10-28T09:43:54.5082267+07:00  [INF] Removing 0 device flow codes (171ba47d)
2020-10-28T09:44:24.5251304+07:00  [INF] Removing 0 grants (62cd9308)
2020-10-28T09:44:24.5331643+07:00  [INF] Removing 0 device flow codes (171ba47d)
2020-10-28T09:44:54.5727299+07:00  [INF] Removing 0 grants (62cd9308)
2020-10-28T09:44:54.5833027+07:00  [INF] Removing 0 device flow codes (171ba47d)
2020-10-28T09:45:24.6079240+07:00  [INF] Removing 0 grants (62cd9308)
2020-10-28T09:45:24.6173094+07:00  [INF] Removing 0 device flow codes (171ba47d)
2020-10-28T09:45:54.6301296+07:00  [INF] Removing 0 grants (62cd9308)
2020-10-28T09:45:54.6405605+07:00  [INF] Removing 0 device flow codes (171ba47d)
2020-10-28T09:45:59.2058306+07:00 8000000c-0001-e800-b63f-84710c7967bb [INF] Invoking IdentityServer endpoint: "IdentityServer4.Endpoints.DiscoveryEndpoint" for "/.well-known/openid-configuration" (f7642de5)
2020-10-28T09:45:59.2685466+07:00 80000053-0002-fe00-b63f-84710c7967bb [INF] Invoking IdentityServer endpoint: "IdentityServer4.Endpoints.DiscoveryKeyEndpoint" for "/.well-known/openid-configuration/jwks" (f7642de5)
2020-10-28T09:45:59.3165805+07:00 80000024-0000-f900-b63f-84710c7967bb [INF] Invoking IdentityServer endpoint: "IdentityServer4.Endpoints.TokenEndpoint" for "/connect/token" (f7642de5)
2020-10-28T09:45:59.5119361+07:00 80000024-0000-f900-b63f-84710c7967bb [INF] Credentials validated for username: "admin" (cb811aa7)
2020-10-28T09:45:59.5223804+07:00 80000024-0000-f900-b63f-84710c7967bb [INF] Token request validation success, TokenRequestValidationLog { ClientId: "cmsapp_spa", ClientName: null, GrantType: "password", Scopes: "cmsapp_api email offline_access openid phone profile roles", AuthorizationCode: null, RefreshToken: null, UserName: "admin", AuthenticationContextReferenceClasses: null, Tenant: null, IdP: null, Raw: [("username": "admin"), ("password": "***REDACTED***"), ("client_id": "cmsapp_spa"), ("grant_type": "password"), ("scope": "openid email phone profile offline_access roles cmsapp_api")] } (3a073258)
2020-10-28T09:46:24.6537964+07:00  [INF] Removing 0 grants (62cd9308)
2020-10-28T09:46:24.6700008+07:00  [INF] Removing 0 device flow codes (171ba47d)
2020-10-28T09:46:54.7006775+07:00  [INF] Removing 0 grants (62cd9308)
2020-10-28T09:46:54.7098633+07:00  [INF] Removing 0 device flow codes (171ba47d)
2020-10-28T09:47:24.7177076+07:00  [INF] Removing 0 grants (62cd9308)
2020-10-28T09:47:24.7256621+07:00  [INF] Removing 0 device flow codes (171ba47d)
2020-10-28T09:47:54.7542332+07:00  [INF] Removing 0 grants (62cd9308)
2020-10-28T09:47:54.7609125+07:00  [INF] Removing 0 device flow codes (171ba47d)
2020-10-28T09:48:24.7758753+07:00  [INF] Removing 0 grants (62cd9308)
2020-10-28T09:48:24.7859633+07:00  [INF] Removing 0 device flow codes (171ba47d)
2020-10-28T09:48:54.7990577+07:00  [INF] Removing 0 grants (62cd9308)
2020-10-28T09:48:54.8075625+07:00  [INF] Removing 0 device flow codes (171ba47d)
2020-10-28T09:49:24.8522144+07:00  [INF] Removing 0 grants (62cd9308)
2020-10-28T09:49:24.8729831+07:00  [INF] Removing 0 device flow codes (171ba47d)
2020-10-28T09:49:54.8938593+07:00  [INF] Removing 0 grants (62cd9308)
2020-10-28T09:49:54.9021753+07:00  [INF] Removing 0 device flow codes (171ba47d)
2020-10-28T09:50:24.9489485+07:00  [INF] Removing 0 grants (62cd9308)
2020-10-28T09:50:24.9558005+07:00  [INF] Removing 0 device flow codes (171ba47d)
2020-10-28T09:50:54.9736603+07:00  [INF] Removing 0 grants (62cd9308)
2020-10-28T09:50:54.9825191+07:00  [INF] Removing 0 device flow codes (171ba47d)
2020-10-28T10:06:07.4975567+07:00  [INF] Starting IdentityServer4 version "3.1.3.0" (8add0571)
2020-10-28T10:06:07.5586068+07:00  [INF] Using the default authentication scheme "Identity.Application" for IdentityServer (4a54f457)
2020-10-28T10:06:08.0470693+07:00  [INF] Application started. Press Ctrl+C to shut down. (dcaefe54)
2020-10-28T10:06:08.0510706+07:00  [INF] Hosting environment: "Development" (c3307c92)
2020-10-28T10:06:08.0896778+07:00  [INF] Content root path: "D:\CmsApp\CmsApp" (b5d60022)
2020-10-28T10:06:37.8310783+07:00  [INF] Removing 0 grants (62cd9308)
2020-10-28T10:06:37.8766746+07:00  [INF] Removing 0 device flow codes (171ba47d)
2020-10-28T10:07:07.9394933+07:00  [INF] Removing 0 grants (62cd9308)
2020-10-28T10:07:07.9471789+07:00  [INF] Removing 0 device flow codes (171ba47d)
2020-10-28T10:07:38.0381763+07:00  [INF] Removing 0 grants (62cd9308)
2020-10-28T10:07:38.0607452+07:00  [INF] Removing 0 device flow codes (171ba47d)
2020-10-28T10:08:08.0983780+07:00  [INF] Removing 0 grants (62cd9308)
2020-10-28T10:08:08.1311371+07:00  [INF] Removing 0 device flow codes (171ba47d)
2020-10-28T10:08:31.1364630+07:00 80000008-0002-f800-b63f-84710c7967bb [INF] Invoking IdentityServer endpoint: "IdentityServer4.Endpoints.DiscoveryEndpoint" for "/.well-known/openid-configuration" (f7642de5)
2020-10-28T10:08:32.3694194+07:00 8000000f-0001-ea00-b63f-84710c7967bb [INF] Invoking IdentityServer endpoint: "IdentityServer4.Endpoints.DiscoveryKeyEndpoint" for "/.well-known/openid-configuration/jwks" (f7642de5)
2020-10-28T10:08:32.4830353+07:00 80000018-0003-fc00-b63f-84710c7967bb [INF] Invoking IdentityServer endpoint: "IdentityServer4.Endpoints.TokenEndpoint" for "/connect/token" (f7642de5)
2020-10-28T10:08:33.3203011+07:00 80000018-0003-fc00-b63f-84710c7967bb [INF] Credentials validated for username: "kreangkrai" (cb811aa7)
2020-10-28T10:08:33.5229280+07:00 80000018-0003-fc00-b63f-84710c7967bb [INF] Token request validation success, TokenRequestValidationLog { ClientId: "cmsapp_spa", ClientName: null, GrantType: "password", Scopes: "cmsapp_api email offline_access openid phone profile roles", AuthorizationCode: null, RefreshToken: null, UserName: "kreangkrai", AuthenticationContextReferenceClasses: null, Tenant: null, IdP: null, Raw: [("username": "kreangkrai"), ("password": "***REDACTED***"), ("client_id": "cmsapp_spa"), ("grant_type": "password"), ("scope": "openid email phone profile offline_access roles cmsapp_api")] } (3a073258)
2020-10-28T10:08:38.1687633+07:00  [INF] Removing 0 grants (62cd9308)
2020-10-28T10:08:38.1824045+07:00  [INF] Removing 0 device flow codes (171ba47d)
2020-10-28T10:09:08.2254901+07:00  [INF] Removing 0 grants (62cd9308)
2020-10-28T10:09:08.2507585+07:00  [INF] Removing 0 device flow codes (171ba47d)
2020-10-28T10:09:38.3304066+07:00  [INF] Removing 0 grants (62cd9308)
2020-10-28T10:09:38.3793385+07:00  [INF] Removing 0 device flow codes (171ba47d)
2020-10-28T10:10:08.3986414+07:00  [INF] Removing 0 grants (62cd9308)
2020-10-28T10:10:08.4248996+07:00  [INF] Removing 0 device flow codes (171ba47d)
2020-10-28T10:10:38.4709078+07:00  [INF] Removing 0 grants (62cd9308)
2020-10-28T10:10:38.4828093+07:00  [INF] Removing 0 device flow codes (171ba47d)
2020-10-28T10:11:08.4964819+07:00  [INF] Removing 0 grants (62cd9308)
2020-10-28T10:11:08.5225658+07:00  [INF] Removing 0 device flow codes (171ba47d)
2020-10-28T10:11:38.5498618+07:00  [INF] Removing 0 grants (62cd9308)
2020-10-28T10:11:38.5727216+07:00  [INF] Removing 0 device flow codes (171ba47d)
2020-10-28T10:12:08.6125531+07:00  [INF] Removing 0 grants (62cd9308)
2020-10-28T10:12:08.6225549+07:00  [INF] Removing 0 device flow codes (171ba47d)
2020-10-28T10:12:38.6429516+07:00  [INF] Removing 0 grants (62cd9308)
2020-10-28T10:12:38.6537010+07:00  [INF] Removing 0 device flow codes (171ba47d)
2020-10-28T10:13:08.6826353+07:00  [INF] Removing 0 grants (62cd9308)
2020-10-28T10:13:08.7035041+07:00  [INF] Removing 0 device flow codes (171ba47d)
2020-10-28T10:14:17.0951723+07:00  [INF] Starting IdentityServer4 version "3.1.3.0" (8add0571)
2020-10-28T10:14:17.1457614+07:00  [INF] Using the default authentication scheme "Identity.Application" for IdentityServer (4a54f457)
2020-10-28T10:14:17.5877878+07:00  [INF] Application started. Press Ctrl+C to shut down. (dcaefe54)
2020-10-28T10:14:17.6320379+07:00  [INF] Hosting environment: "Development" (c3307c92)
2020-10-28T10:14:17.6425520+07:00  [INF] Content root path: "D:\CmsApp\CmsApp" (b5d60022)
2020-10-28T10:14:47.3902987+07:00  [INF] Removing 0 grants (62cd9308)
2020-10-28T10:14:47.4200795+07:00  [INF] Removing 0 device flow codes (171ba47d)
2020-10-28T13:39:29.9991247+07:00  [INF] Starting IdentityServer4 version "3.1.3.0" (8add0571)
2020-10-28T13:39:30.1849459+07:00  [INF] Using the default authentication scheme "Identity.Application" for IdentityServer (4a54f457)
2020-10-28T13:39:31.2592741+07:00  [INF] Application started. Press Ctrl+C to shut down. (dcaefe54)
2020-10-28T13:39:31.2636120+07:00  [INF] Hosting environment: "Development" (c3307c92)
2020-10-28T13:39:31.2682212+07:00  [INF] Content root path: "D:\CmsApp\CmsApp" (b5d60022)
2020-10-28T13:40:00.4304623+07:00  [INF] Removing 0 grants (62cd9308)
2020-10-28T13:40:00.5128695+07:00  [INF] Removing 0 device flow codes (171ba47d)
2020-10-28T13:40:30.5692295+07:00  [INF] Removing 0 grants (62cd9308)
2020-10-28T13:40:30.6005923+07:00  [INF] Removing 0 device flow codes (171ba47d)
2020-10-28T13:41:00.6510488+07:00  [INF] Removing 0 grants (62cd9308)
2020-10-28T13:41:00.6767383+07:00  [INF] Removing 0 device flow codes (171ba47d)
2020-10-28T13:41:30.6986651+07:00  [INF] Removing 0 grants (62cd9308)
2020-10-28T13:41:30.7112379+07:00  [INF] Removing 0 device flow codes (171ba47d)
2020-10-28T13:42:00.7540297+07:00  [INF] Removing 0 grants (62cd9308)
2020-10-28T13:42:00.7798315+07:00  [INF] Removing 0 device flow codes (171ba47d)
2020-10-28T13:42:30.8038829+07:00  [INF] Removing 0 grants (62cd9308)
2020-10-28T13:42:30.8393330+07:00  [INF] Removing 0 device flow codes (171ba47d)
2020-10-28T13:43:00.8779032+07:00  [INF] Removing 0 grants (62cd9308)
2020-10-28T13:43:00.9054345+07:00  [INF] Removing 0 device flow codes (171ba47d)
2020-10-28T13:43:10.2063146+07:00 80000034-0003-fc00-b63f-84710c7967bb [INF] Invoking IdentityServer endpoint: "IdentityServer4.Endpoints.DiscoveryEndpoint" for "/.well-known/openid-configuration" (f7642de5)
2020-10-28T13:43:11.4869033+07:00 8000000d-0002-fd00-b63f-84710c7967bb [INF] Invoking IdentityServer endpoint: "IdentityServer4.Endpoints.DiscoveryKeyEndpoint" for "/.well-known/openid-configuration/jwks" (f7642de5)
2020-10-28T13:43:11.5800753+07:00 80000006-0001-e600-b63f-84710c7967bb [INF] Invoking IdentityServer endpoint: "IdentityServer4.Endpoints.TokenEndpoint" for "/connect/token" (f7642de5)
2020-10-28T13:43:12.6144045+07:00 80000006-0001-e600-b63f-84710c7967bb [INF] Credentials validated for username: "kreangkrai" (cb811aa7)
2020-10-28T13:43:12.6982256+07:00 80000006-0001-e600-b63f-84710c7967bb [INF] Token request validation success, TokenRequestValidationLog { ClientId: "cmsapp_spa", ClientName: null, GrantType: "password", Scopes: "cmsapp_api email offline_access openid phone profile roles", AuthorizationCode: null, RefreshToken: null, UserName: "kreangkrai", AuthenticationContextReferenceClasses: null, Tenant: null, IdP: null, Raw: [("username": "kreangkrai"), ("password": "***REDACTED***"), ("client_id": "cmsapp_spa"), ("grant_type": "password"), ("scope": "openid email phone profile offline_access roles cmsapp_api")] } (3a073258)
2020-10-28T13:43:30.9797792+07:00  [INF] Removing 0 grants (62cd9308)
2020-10-28T13:43:31.0327307+07:00  [INF] Removing 0 device flow codes (171ba47d)
2020-10-28T13:44:01.0762486+07:00  [INF] Removing 0 grants (62cd9308)
2020-10-28T13:44:01.0993015+07:00  [INF] Removing 0 device flow codes (171ba47d)
2020-10-28T13:44:31.1189308+07:00  [INF] Removing 0 grants (62cd9308)
2020-10-28T13:44:31.1275179+07:00  [INF] Removing 0 device flow codes (171ba47d)
2020-10-28T13:44:48.2670336+07:00 80000019-0003-fe00-b63f-84710c7967bb [INF] Invoking IdentityServer endpoint: "IdentityServer4.Endpoints.DiscoveryEndpoint" for "/.well-known/openid-configuration" (f7642de5)
2020-10-28T13:44:48.3750140+07:00 8000001a-0003-fe00-b63f-84710c7967bb [INF] Invoking IdentityServer endpoint: "IdentityServer4.Endpoints.DiscoveryKeyEndpoint" for "/.well-known/openid-configuration/jwks" (f7642de5)
2020-10-28T13:45:01.7374016+07:00  [INF] Removing 0 grants (62cd9308)
2020-10-28T13:45:01.7801121+07:00  [INF] Removing 0 device flow codes (171ba47d)
2020-10-28T13:45:31.8068320+07:00  [INF] Removing 0 grants (62cd9308)
2020-10-28T13:45:31.8179482+07:00  [INF] Removing 0 device flow codes (171ba47d)
2020-10-28T13:46:01.8539420+07:00  [INF] Removing 0 grants (62cd9308)
2020-10-28T13:46:01.8773260+07:00  [INF] Removing 0 device flow codes (171ba47d)
