2020-10-20T08:55:20.6120507+07:00  [INF] Starting IdentityServer4 version "3.1.3.0" (8add0571)
2020-10-20T08:55:20.9389538+07:00  [INF] Using the default authentication scheme "Identity.Application" for IdentityServer (4a54f457)
2020-10-20T08:55:23.1670105+07:00  [INF] Application started. Press Ctrl+C to shut down. (dcaefe54)
2020-10-20T08:55:23.1704736+07:00  [INF] Hosting environment: "Development" (c3307c92)
2020-10-20T08:55:23.1733494+07:00  [INF] Content root path: "D:\CmsApp\CmsApp" (b5d60022)
2020-10-20T08:55:51.1000297+07:00  [INF] Removing 0 grants (62cd9308)
2020-10-20T08:55:51.1668552+07:00  [INF] Removing 0 device flow codes (171ba47d)
2020-10-20T08:56:21.2311930+07:00  [INF] Removing 0 grants (62cd9308)
2020-10-20T08:56:21.2524903+07:00  [INF] Removing 0 device flow codes (171ba47d)
2020-10-20T08:56:51.2905837+07:00  [INF] Removing 0 grants (62cd9308)
2020-10-20T08:56:51.3150622+07:00  [INF] Removing 0 device flow codes (171ba47d)
2020-10-20T08:57:21.3397938+07:00  [INF] Removing 0 grants (62cd9308)
2020-10-20T08:57:21.3514107+07:00  [INF] Removing 0 device flow codes (171ba47d)
2020-10-20T08:57:51.4179463+07:00  [INF] Removing 0 grants (62cd9308)
2020-10-20T08:57:51.4426487+07:00  [INF] Removing 0 device flow codes (171ba47d)
2020-10-20T08:58:21.5124871+07:00  [INF] Removing 0 grants (62cd9308)
2020-10-20T08:58:21.5246163+07:00  [INF] Removing 0 device flow codes (171ba47d)
2020-10-20T08:58:51.5982611+07:00  [INF] Removing 0 grants (62cd9308)
2020-10-20T08:58:51.6236631+07:00  [INF] Removing 0 device flow codes (171ba47d)
2020-10-20T08:59:21.6449148+07:00  [INF] Removing 0 grants (62cd9308)
2020-10-20T08:59:21.6544486+07:00  [INF] Removing 0 device flow codes (171ba47d)
2020-10-20T08:59:51.6746986+07:00  [INF] Removing 0 grants (62cd9308)
2020-10-20T08:59:51.6842187+07:00  [INF] Removing 0 device flow codes (171ba47d)
2020-10-20T09:00:49.8296778+07:00  [INF] Removing 0 grants (62cd9308)
2020-10-20T09:00:49.8899310+07:00  [INF] Removing 0 device flow codes (171ba47d)
2020-10-20T09:01:19.9560014+07:00  [INF] Removing 0 grants (62cd9308)
2020-10-20T09:01:19.9677159+07:00  [INF] Removing 0 device flow codes (171ba47d)
2020-10-20T09:01:49.9973366+07:00  [INF] Removing 0 grants (62cd9308)
2020-10-20T09:01:50.0181404+07:00  [INF] Removing 0 device flow codes (171ba47d)
2020-10-20T09:02:20.0499164+07:00  [INF] Removing 0 grants (62cd9308)
2020-10-20T09:02:20.0751764+07:00  [INF] Removing 0 device flow codes (171ba47d)
2020-10-20T09:02:50.1125508+07:00  [INF] Removing 0 grants (62cd9308)
2020-10-20T09:02:50.2318427+07:00  [INF] Removing 0 device flow codes (171ba47d)
2020-10-20T09:03:20.2489499+07:00  [INF] Removing 0 grants (62cd9308)
2020-10-20T09:03:20.2855802+07:00  [INF] Removing 0 device flow codes (171ba47d)
2020-10-20T09:03:50.3367944+07:00  [INF] Removing 0 grants (62cd9308)
2020-10-20T09:03:50.3603878+07:00  [INF] Removing 0 device flow codes (171ba47d)
2020-10-20T09:04:20.3998649+07:00  [INF] Removing 0 grants (62cd9308)
2020-10-20T09:04:20.4090562+07:00  [INF] Removing 0 device flow codes (171ba47d)
2020-10-20T09:04:50.4531626+07:00  [INF] Removing 0 grants (62cd9308)
2020-10-20T09:04:50.4615395+07:00  [INF] Removing 0 device flow codes (171ba47d)
2020-10-20T09:16:46.0961911+07:00  [INF] Starting IdentityServer4 version "3.1.3.0" (8add0571)
2020-10-20T09:16:46.2931805+07:00  [INF] Using the default authentication scheme "Identity.Application" for IdentityServer (4a54f457)
2020-10-20T09:16:46.7389584+07:00  [INF] Application started. Press Ctrl+C to shut down. (dcaefe54)
2020-10-20T09:16:46.7420129+07:00  [INF] Hosting environment: "Development" (c3307c92)
2020-10-20T09:16:46.7465514+07:00  [INF] Content root path: "D:\CmsApp\CmsApp" (b5d60022)
2020-10-20T09:17:16.4162152+07:00  [INF] Removing 0 grants (62cd9308)
2020-10-20T09:17:16.4833357+07:00  [INF] Removing 0 device flow codes (171ba47d)
2020-10-20T09:17:46.5740924+07:00  [INF] Removing 0 grants (62cd9308)
2020-10-20T09:17:46.6166392+07:00  [INF] Removing 0 device flow codes (171ba47d)
2020-10-20T09:18:16.6491435+07:00  [INF] Removing 0 grants (62cd9308)
2020-10-20T09:18:16.6746574+07:00  [INF] Removing 0 device flow codes (171ba47d)
2020-10-20T09:18:46.7376144+07:00  [INF] Removing 0 grants (62cd9308)
2020-10-20T09:18:46.7510123+07:00  [INF] Removing 0 device flow codes (171ba47d)
2020-10-20T09:19:16.7813144+07:00  [INF] Removing 0 grants (62cd9308)
2020-10-20T09:19:16.8075559+07:00  [INF] Removing 0 device flow codes (171ba47d)
2020-10-20T09:19:46.8332369+07:00  [INF] Removing 0 grants (62cd9308)
2020-10-20T09:19:46.8459941+07:00  [INF] Removing 0 device flow codes (171ba47d)
2020-10-20T09:20:16.8755732+07:00  [INF] Removing 0 grants (62cd9308)
2020-10-20T09:20:16.8849750+07:00  [INF] Removing 0 device flow codes (171ba47d)
2020-10-20T09:20:46.9038270+07:00  [INF] Removing 0 grants (62cd9308)
2020-10-20T09:20:46.9146488+07:00  [INF] Removing 0 device flow codes (171ba47d)
2020-10-20T09:22:01.5240734+07:00  [INF] Removing 0 grants (62cd9308)
2020-10-20T09:22:01.5892837+07:00  [INF] Removing 0 device flow codes (171ba47d)
2020-10-20T09:25:43.4086363+07:00  [INF] Starting IdentityServer4 version "3.1.3.0" (8add0571)
2020-10-20T09:25:43.4558525+07:00  [INF] Using the default authentication scheme "Identity.Application" for IdentityServer (4a54f457)
2020-10-20T09:25:43.8088630+07:00  [INF] Application started. Press Ctrl+C to shut down. (dcaefe54)
2020-10-20T09:25:43.8125178+07:00  [INF] Hosting environment: "Development" (c3307c92)
2020-10-20T09:25:43.8338138+07:00  [INF] Content root path: "D:\CmsApp\CmsApp" (b5d60022)
2020-10-20T09:26:13.5809151+07:00  [INF] Removing 0 grants (62cd9308)
2020-10-20T09:26:13.6117671+07:00  [INF] Removing 0 device flow codes (171ba47d)
2020-10-20T09:26:43.6502770+07:00  [INF] Removing 0 grants (62cd9308)
2020-10-20T09:26:43.6592600+07:00  [INF] Removing 0 device flow codes (171ba47d)
2020-10-20T09:27:13.7331507+07:00  [INF] Removing 0 grants (62cd9308)
2020-10-20T09:27:13.7499893+07:00  [INF] Removing 0 device flow codes (171ba47d)
2020-10-20T09:27:43.7825630+07:00  [INF] Removing 0 grants (62cd9308)
2020-10-20T09:27:43.8066794+07:00  [INF] Removing 0 device flow codes (171ba47d)
2020-10-20T09:28:13.8209851+07:00  [INF] Removing 0 grants (62cd9308)
2020-10-20T09:28:13.8309023+07:00  [INF] Removing 0 device flow codes (171ba47d)
2020-10-20T09:28:43.8755351+07:00  [INF] Removing 0 grants (62cd9308)
2020-10-20T09:28:43.8986894+07:00  [INF] Removing 0 device flow codes (171ba47d)
2020-10-20T09:29:13.9210431+07:00  [INF] Removing 0 grants (62cd9308)
2020-10-20T09:29:13.9465690+07:00  [INF] Removing 0 device flow codes (171ba47d)
