2020-09-03T14:32:42.6021121+07:00  [INF] Starting IdentityServer4 version "3.1.3.0" (8add0571)
2020-09-03T14:32:42.8458893+07:00  [INF] Using the default authentication scheme "Identity.Application" for IdentityServer (4a54f457)
2020-09-03T14:32:44.4419366+07:00  [INF] Now listening on: "https://localhost:5001" (d826f4b8)
2020-09-03T14:32:44.4536472+07:00  [INF] Now listening on: "http://localhost:5000" (d826f4b8)
2020-09-03T14:32:44.4595320+07:00  [INF] Application started. Press Ctrl+C to shut down. (dcaefe54)
2020-09-03T14:32:44.4630656+07:00  [INF] Hosting environment: "Development" (c3307c92)
2020-09-03T14:32:44.4667016+07:00  [INF] Content root path: "D:\CmsApp\CmsApp" (b5d60022)
2020-09-03T14:33:13.6392966+07:00  [INF] Removing 7 grants (62cd9308)
2020-09-03T14:33:15.0251409+07:00  [INF] Removing 0 device flow codes (171ba47d)
2020-09-03T14:33:45.0895466+07:00  [INF] Removing 0 grants (62cd9308)
2020-09-03T14:33:45.1205671+07:00  [INF] Removing 0 device flow codes (171ba47d)
2020-09-03T14:34:15.1510218+07:00  [INF] Removing 0 grants (62cd9308)
2020-09-03T14:34:15.1768115+07:00  [INF] Removing 0 device flow codes (171ba47d)
2020-09-03T14:34:45.1946766+07:00  [INF] Removing 0 grants (62cd9308)
2020-09-03T14:34:45.2091030+07:00  [INF] Removing 0 device flow codes (171ba47d)
2020-09-03T14:35:15.2429633+07:00  [INF] Removing 0 grants (62cd9308)
2020-09-03T14:35:15.2823605+07:00  [INF] Removing 0 device flow codes (171ba47d)
2020-09-03T14:35:45.3187761+07:00  [INF] Removing 0 grants (62cd9308)
2020-09-03T14:35:45.3283247+07:00  [INF] Removing 0 device flow codes (171ba47d)
2020-09-03T14:36:15.3577498+07:00  [INF] Removing 0 grants (62cd9308)
2020-09-03T14:36:15.3896287+07:00  [INF] Removing 0 device flow codes (171ba47d)
2020-09-03T14:51:37.6416560+07:00  [INF] Starting IdentityServer4 version "3.1.3.0" (8add0571)
2020-09-03T14:51:37.6932214+07:00  [INF] Using the default authentication scheme "Identity.Application" for IdentityServer (4a54f457)
2020-09-03T14:51:38.9629937+07:00  [INF] Now listening on: "https://localhost:5001" (d826f4b8)
2020-09-03T14:51:38.9672106+07:00  [INF] Now listening on: "http://localhost:5000" (d826f4b8)
2020-09-03T14:51:38.9724485+07:00  [INF] Application started. Press Ctrl+C to shut down. (dcaefe54)
2020-09-03T14:51:38.9766222+07:00  [INF] Hosting environment: "Development" (c3307c92)
2020-09-03T14:51:38.9810709+07:00  [INF] Content root path: "D:\CmsApp\CmsApp" (b5d60022)
2020-09-03T14:52:07.9426461+07:00  [INF] Removing 0 grants (62cd9308)
2020-09-03T14:52:07.9857019+07:00  [INF] Removing 0 device flow codes (171ba47d)
