2020-10-06T08:45:44.7618922+07:00  [INF] Starting IdentityServer4 version "3.1.3.0" (8add0571)
2020-10-06T08:45:44.7877263+07:00  [INF] Using the default authentication scheme "Identity.Application" for IdentityServer (4a54f457)
2020-10-06T08:45:45.2203124+07:00  [INF] Application started. Press Ctrl+C to shut down. (dcaefe54)
2020-10-06T08:45:45.2250595+07:00  [INF] Hosting environment: "Development" (c3307c92)
2020-10-06T08:45:45.2350742+07:00  [INF] Content root path: "D:\CmsApp\CmsApp" (b5d60022)
2020-10-06T08:46:15.0491222+07:00  [INF] Removing 0 grants (62cd9308)
2020-10-06T08:46:15.1371568+07:00  [INF] Removing 0 device flow codes (171ba47d)
2020-10-06T08:46:45.3094152+07:00  [INF] Removing 0 grants (62cd9308)
2020-10-06T08:46:45.3476458+07:00  [INF] Removing 0 device flow codes (171ba47d)
2020-10-06T08:47:15.4628807+07:00  [INF] Removing 0 grants (62cd9308)
2020-10-06T08:47:15.4745312+07:00  [INF] Removing 0 device flow codes (171ba47d)
2020-10-06T08:47:45.5087026+07:00  [INF] Removing 0 grants (62cd9308)
2020-10-06T08:47:45.5357533+07:00  [INF] Removing 0 device flow codes (171ba47d)
2020-10-06T08:48:15.5815844+07:00  [INF] Removing 0 grants (62cd9308)
2020-10-06T08:48:15.5951472+07:00  [INF] Removing 0 device flow codes (171ba47d)
2020-10-06T08:48:45.6225348+07:00  [INF] Removing 0 grants (62cd9308)
2020-10-06T08:48:45.6411936+07:00  [INF] Removing 0 device flow codes (171ba47d)
2020-10-06T08:49:15.6661295+07:00  [INF] Removing 0 grants (62cd9308)
2020-10-06T08:49:15.6778988+07:00  [INF] Removing 0 device flow codes (171ba47d)
2020-10-06T08:49:41.5452588+07:00 80000008-0001-fa00-b63f-84710c7967bb [INF] Invoking IdentityServer endpoint: "IdentityServer4.Endpoints.DiscoveryEndpoint" for "/.well-known/openid-configuration" (f7642de5)
2020-10-06T08:49:43.1104512+07:00 8000000a-0001-fa00-b63f-84710c7967bb [INF] Invoking IdentityServer endpoint: "IdentityServer4.Endpoints.DiscoveryKeyEndpoint" for "/.well-known/openid-configuration/jwks" (f7642de5)
2020-10-06T08:49:43.1927061+07:00 80000002-0003-f800-b63f-84710c7967bb [INF] Invoking IdentityServer endpoint: "IdentityServer4.Endpoints.TokenEndpoint" for "/connect/token" (f7642de5)
2020-10-06T08:49:44.4510317+07:00 80000002-0003-f800-b63f-84710c7967bb [INF] Credentials validated for username: "kreangkrai" (cb811aa7)
2020-10-06T08:49:44.5199816+07:00 80000002-0003-f800-b63f-84710c7967bb [INF] Token request validation success, TokenRequestValidationLog { ClientId: "quickapp_spa", ClientName: null, GrantType: "password", Scopes: "email offline_access openid phone profile quickapp_api roles", AuthorizationCode: null, RefreshToken: null, UserName: "kreangkrai", AuthenticationContextReferenceClasses: null, Tenant: null, IdP: null, Raw: [("username": "kreangkrai"), ("password": "***REDACTED***"), ("client_id": "quickapp_spa"), ("grant_type": "password"), ("scope": "openid email phone profile offline_access roles quickapp_api")] } (3a073258)
2020-10-06T08:49:45.7107418+07:00  [INF] Removing 0 grants (62cd9308)
2020-10-06T08:49:45.7227963+07:00  [INF] Removing 0 device flow codes (171ba47d)
2020-10-06T08:50:14.9219821+07:00 80000004-0003-f800-b63f-84710c7967bb [INF] Invoking IdentityServer endpoint: "IdentityServer4.Endpoints.DiscoveryEndpoint" for "/.well-known/openid-configuration" (f7642de5)
2020-10-06T08:50:14.9802700+07:00 8000000c-0001-fa00-b63f-84710c7967bb [INF] Invoking IdentityServer endpoint: "IdentityServer4.Endpoints.DiscoveryKeyEndpoint" for "/.well-known/openid-configuration/jwks" (f7642de5)
2020-10-06T08:50:14.9997470+07:00 8000000e-0001-fa00-b63f-84710c7967bb [INF] Invoking IdentityServer endpoint: "IdentityServer4.Endpoints.TokenEndpoint" for "/connect/token" (f7642de5)
2020-10-06T08:50:15.2082158+07:00 8000000e-0001-fa00-b63f-84710c7967bb [INF] Credentials validated for username: "kreangkrai" (cb811aa7)
2020-10-06T08:50:15.2164419+07:00 8000000e-0001-fa00-b63f-84710c7967bb [INF] Token request validation success, TokenRequestValidationLog { ClientId: "quickapp_spa", ClientName: null, GrantType: "password", Scopes: "email offline_access openid phone profile quickapp_api roles", AuthorizationCode: null, RefreshToken: null, UserName: "kreangkrai", AuthenticationContextReferenceClasses: null, Tenant: null, IdP: null, Raw: [("username": "kreangkrai"), ("password": "***REDACTED***"), ("client_id": "quickapp_spa"), ("grant_type": "password"), ("scope": "openid email phone profile offline_access roles quickapp_api")] } (3a073258)
2020-10-06T08:50:15.7529969+07:00  [INF] Removing 0 grants (62cd9308)
2020-10-06T08:50:15.7672955+07:00  [INF] Removing 0 device flow codes (171ba47d)
2020-10-06T08:50:45.7953382+07:00  [INF] Removing 0 grants (62cd9308)
2020-10-06T08:50:45.8250683+07:00  [INF] Removing 0 device flow codes (171ba47d)
2020-10-06T08:51:15.8557185+07:00  [INF] Removing 0 grants (62cd9308)
2020-10-06T08:51:15.8683958+07:00  [INF] Removing 0 device flow codes (171ba47d)
2020-10-06T08:51:45.9166022+07:00  [INF] Removing 0 grants (62cd9308)
2020-10-06T08:51:45.9285594+07:00  [INF] Removing 0 device flow codes (171ba47d)
2020-10-06T08:52:15.9588265+07:00  [INF] Removing 0 grants (62cd9308)
2020-10-06T08:52:15.9734712+07:00  [INF] Removing 0 device flow codes (171ba47d)
2020-10-06T08:52:46.0025909+07:00  [INF] Removing 0 grants (62cd9308)
2020-10-06T08:52:46.0258743+07:00  [INF] Removing 0 device flow codes (171ba47d)
2020-10-06T08:55:21.5453486+07:00  [INF] Starting IdentityServer4 version "3.1.3.0" (8add0571)
2020-10-06T08:55:21.5685414+07:00  [INF] Using the default authentication scheme "Identity.Application" for IdentityServer (4a54f457)
2020-10-06T08:55:21.7966052+07:00  [INF] Now listening on: "https://localhost:5001" (d826f4b8)
2020-10-06T08:55:21.7966548+07:00  [INF] Now listening on: "http://localhost:5000" (d826f4b8)
2020-10-06T08:55:21.7968520+07:00  [INF] Application started. Press Ctrl+C to shut down. (dcaefe54)
2020-10-06T08:55:21.7969035+07:00  [INF] Hosting environment: "Development" (c3307c92)
2020-10-06T08:55:21.7969360+07:00  [INF] Content root path: "D:\CmsApp\CmsApp" (b5d60022)
2020-10-06T08:55:51.8008515+07:00  [INF] Removing 0 grants (62cd9308)
2020-10-06T08:55:51.8200862+07:00  [INF] Removing 0 device flow codes (171ba47d)
2020-10-06T08:56:21.8471766+07:00  [INF] Removing 0 grants (62cd9308)
2020-10-06T08:56:21.8489593+07:00  [INF] Removing 0 device flow codes (171ba47d)
2020-10-06T08:56:51.8709594+07:00  [INF] Removing 0 grants (62cd9308)
2020-10-06T08:56:51.8726500+07:00  [INF] Removing 0 device flow codes (171ba47d)
2020-10-06T08:57:21.9052993+07:00  [INF] Removing 0 grants (62cd9308)
2020-10-06T08:57:21.9233478+07:00  [INF] Removing 0 device flow codes (171ba47d)
2020-10-06T08:57:51.9407585+07:00  [INF] Removing 0 grants (62cd9308)
2020-10-06T08:57:51.9454442+07:00  [INF] Removing 0 device flow codes (171ba47d)
2020-10-06T08:58:21.9554721+07:00  [INF] Removing 0 grants (62cd9308)
2020-10-06T08:58:21.9576001+07:00  [INF] Removing 0 device flow codes (171ba47d)
2020-10-06T08:58:51.9761660+07:00  [INF] Removing 0 grants (62cd9308)
2020-10-06T08:58:51.9824135+07:00  [INF] Removing 0 device flow codes (171ba47d)
2020-10-06T08:59:22.0065660+07:00  [INF] Removing 0 grants (62cd9308)
2020-10-06T08:59:22.0137428+07:00  [INF] Removing 0 device flow codes (171ba47d)
2020-10-06T08:59:52.0281140+07:00  [INF] Removing 0 grants (62cd9308)
2020-10-06T08:59:52.0398142+07:00  [INF] Removing 0 device flow codes (171ba47d)
2020-10-06T09:00:11.6936202+07:00  [INF] Application is shutting down... (90f52c38)
