2020-08-04T09:05:38.7998718+07:00  [INF] Starting IdentityServer4 version "3.1.3.0" (8add0571)
2020-08-04T09:05:39.0116868+07:00  [INF] Using the default authentication scheme "Identity.Application" for IdentityServer (4a54f457)
2020-08-04T09:05:41.5205576+07:00  [INF] Now listening on: "https://localhost:5001" (d826f4b8)
2020-08-04T09:05:41.5235112+07:00  [INF] Now listening on: "http://localhost:5000" (d826f4b8)
2020-08-04T09:05:41.5277063+07:00  [INF] Application started. Press Ctrl+C to shut down. (dcaefe54)
2020-08-04T09:05:41.5314166+07:00  [INF] Hosting environment: "Development" (c3307c92)
2020-08-04T09:05:41.5400937+07:00  [INF] Content root path: "D:\QucikApp\QuickApp.Standard\QuickApp" (b5d60022)
2020-08-04T09:06:09.0901339+07:00  [INF] Removing 0 grants (62cd9308)
2020-08-04T09:06:09.1505211+07:00  [INF] Removing 0 device flow codes (171ba47d)
2020-08-04T09:06:39.1847254+07:00  [INF] Removing 0 grants (62cd9308)
2020-08-04T09:06:39.2054557+07:00  [INF] Removing 0 device flow codes (171ba47d)
2020-08-04T09:07:09.2332995+07:00  [INF] Removing 0 grants (62cd9308)
2020-08-04T09:07:09.2574801+07:00  [INF] Removing 0 device flow codes (171ba47d)
2020-08-04T09:07:39.2834225+07:00  [INF] Removing 0 grants (62cd9308)
2020-08-04T09:07:39.2929018+07:00  [INF] Removing 0 device flow codes (171ba47d)
2020-08-04T09:08:09.3287121+07:00  [INF] Removing 0 grants (62cd9308)
2020-08-04T09:08:09.3402683+07:00  [INF] Removing 0 device flow codes (171ba47d)
2020-08-04T09:08:39.3530177+07:00  [INF] Removing 0 grants (62cd9308)
2020-08-04T09:08:39.3836228+07:00  [INF] Removing 0 device flow codes (171ba47d)
2020-08-04T09:09:09.4088246+07:00  [INF] Removing 0 grants (62cd9308)
2020-08-04T09:09:09.4312199+07:00  [INF] Removing 0 device flow codes (171ba47d)
2020-08-04T09:09:13.2788672+07:00 0HM1O3BHUEA26:00000001 [ERR] An unhandled exception has occurred while executing the request. (48a46595)
System.TimeoutException: The Angular CLI process did not start listening for requests within the timeout period of 20 seconds. Check the log output for error information.
   at Microsoft.AspNetCore.SpaServices.Extensions.Util.TaskTimeoutExtensions.WithTimeout[T](Task`1 task, TimeSpan timeoutDelay, String message)
   at Microsoft.AspNetCore.SpaServices.Extensions.Proxy.SpaProxy.PerformProxyRequest(HttpContext context, HttpClient httpClient, Task`1 baseUriTask, CancellationToken applicationStoppingToken, Boolean proxy404s)
   at Microsoft.AspNetCore.Builder.SpaProxyingExtensions.<>c__DisplayClass2_0.<<UseProxyToSpaDevelopmentServer>b__0>d.MoveNext()
--- End of stack trace from previous location where exception was thrown ---
   at Swashbuckle.AspNetCore.SwaggerUI.SwaggerUIMiddleware.Invoke(HttpContext httpContext)
   at Swashbuckle.AspNetCore.Swagger.SwaggerMiddleware.Invoke(HttpContext httpContext, ISwaggerProvider swaggerProvider)
   at Microsoft.AspNetCore.Authorization.AuthorizationMiddleware.Invoke(HttpContext context)
   at IdentityServer4.Hosting.IdentityServerMiddleware.Invoke(HttpContext context, IEndpointRouter router, IUserSession session, IEventService events)
   at IdentityServer4.Hosting.MutualTlsTokenEndpointMiddleware.Invoke(HttpContext context, IAuthenticationSchemeProvider schemes)
   at Microsoft.AspNetCore.Authentication.AuthenticationMiddleware.Invoke(HttpContext context)
   at IdentityServer4.Hosting.BaseUrlMiddleware.Invoke(HttpContext context)
   at Microsoft.AspNetCore.Diagnostics.DeveloperExceptionPageMiddleware.Invoke(HttpContext context)
2020-08-04T09:09:39.4501676+07:00  [INF] Removing 0 grants (62cd9308)
2020-08-04T09:09:39.4619109+07:00  [INF] Removing 0 device flow codes (171ba47d)
2020-08-04T09:10:09.4861628+07:00  [INF] Removing 0 grants (62cd9308)
2020-08-04T09:10:09.5147066+07:00  [INF] Removing 0 device flow codes (171ba47d)
2020-08-04T09:10:39.5450486+07:00  [INF] Removing 0 grants (62cd9308)
2020-08-04T09:10:39.5657091+07:00  [INF] Removing 0 device flow codes (171ba47d)
2020-08-04T09:11:09.5927954+07:00  [INF] Removing 0 grants (62cd9308)
2020-08-04T09:11:09.6041753+07:00  [INF] Removing 0 device flow codes (171ba47d)
2020-08-04T09:11:39.6406671+07:00  [INF] Removing 0 grants (62cd9308)
2020-08-04T09:11:39.6590980+07:00  [INF] Removing 0 device flow codes (171ba47d)
2020-08-04T09:13:44.2170675+07:00  [INF] Starting IdentityServer4 version "3.1.3.0" (8add0571)
2020-08-04T09:13:44.2437822+07:00  [INF] Using the default authentication scheme "Identity.Application" for IdentityServer (4a54f457)
2020-08-04T09:13:44.4520391+07:00  [INF] Now listening on: "https://localhost:5001" (d826f4b8)
2020-08-04T09:13:44.4521188+07:00  [INF] Now listening on: "http://localhost:5000" (d826f4b8)
2020-08-04T09:13:44.4523777+07:00  [INF] Application started. Press Ctrl+C to shut down. (dcaefe54)
2020-08-04T09:13:44.4524067+07:00  [INF] Hosting environment: "Development" (c3307c92)
2020-08-04T09:13:44.4524233+07:00  [INF] Content root path: "D:\QucikApp\QuickApp.Standard\QuickApp" (b5d60022)
2020-08-04T09:14:15.5588076+07:00  [INF] Removing 0 grants (62cd9308)
2020-08-04T09:14:15.6041540+07:00  [INF] Removing 0 device flow codes (171ba47d)
2020-08-04T09:14:45.6283683+07:00  [INF] Removing 0 grants (62cd9308)
2020-08-04T09:14:45.6303512+07:00  [INF] Removing 0 device flow codes (171ba47d)
2020-08-04T09:15:15.6460992+07:00  [INF] Removing 0 grants (62cd9308)
2020-08-04T09:15:15.6490543+07:00  [INF] Removing 0 device flow codes (171ba47d)
2020-08-04T09:15:45.6648353+07:00  [INF] Removing 0 grants (62cd9308)
2020-08-04T09:15:45.6700104+07:00  [INF] Removing 0 device flow codes (171ba47d)
2020-08-04T09:16:15.6852106+07:00  [INF] Removing 0 grants (62cd9308)
2020-08-04T09:16:15.6893777+07:00  [INF] Removing 0 device flow codes (171ba47d)
2020-08-04T09:16:45.6986207+07:00  [INF] Removing 0 grants (62cd9308)
2020-08-04T09:16:45.7003271+07:00  [INF] Removing 0 device flow codes (171ba47d)
2020-08-04T09:17:15.7204989+07:00  [INF] Removing 0 grants (62cd9308)
2020-08-04T09:17:15.7254756+07:00  [INF] Removing 0 device flow codes (171ba47d)
2020-08-04T09:17:45.7338066+07:00  [INF] Removing 0 grants (62cd9308)
2020-08-04T09:17:45.7370961+07:00  [INF] Removing 0 device flow codes (171ba47d)
2020-08-04T09:18:15.7507189+07:00  [INF] Removing 0 grants (62cd9308)
2020-08-04T09:18:15.7539258+07:00  [INF] Removing 0 device flow codes (171ba47d)
2020-08-04T09:18:45.7636188+07:00  [INF] Removing 0 grants (62cd9308)
2020-08-04T09:18:45.7653178+07:00  [INF] Removing 0 device flow codes (171ba47d)
2020-08-04T09:19:15.7854081+07:00  [INF] Removing 0 grants (62cd9308)
2020-08-04T09:19:15.7910760+07:00  [INF] Removing 0 device flow codes (171ba47d)
2020-08-04T09:19:45.8312922+07:00  [INF] Removing 0 grants (62cd9308)
2020-08-04T09:19:45.8337504+07:00  [INF] Removing 0 device flow codes (171ba47d)
2020-08-04T09:20:15.8423175+07:00  [INF] Removing 0 grants (62cd9308)
2020-08-04T09:20:15.8466395+07:00  [INF] Removing 0 device flow codes (171ba47d)
2020-08-04T09:20:45.8540480+07:00  [INF] Removing 0 grants (62cd9308)
2020-08-04T09:20:45.8562712+07:00  [INF] Removing 0 device flow codes (171ba47d)
2020-08-04T09:20:47.3306890+07:00 0HM1O3GADMMEL:00000037 [INF] Invoking IdentityServer endpoint: "IdentityServer4.Endpoints.DiscoveryEndpoint" for "/.well-known/openid-configuration" (f7642de5)
2020-08-04T09:20:49.2715713+07:00 0HM1O3GADMMEL:00000039 [INF] Invoking IdentityServer endpoint: "IdentityServer4.Endpoints.DiscoveryKeyEndpoint" for "/.well-known/openid-configuration/jwks" (f7642de5)
2020-08-04T09:20:49.3391777+07:00 0HM1O3GADMMEL:0000003B [INF] Invoking IdentityServer endpoint: "IdentityServer4.Endpoints.TokenEndpoint" for "/connect/token" (f7642de5)
2020-08-04T09:20:50.5781402+07:00 0HM1O3GADMMEL:0000003B [WRN] Invalid password for user "3b6398de-f11f-4c7d-a833-61706d05e96c". (c2dce6c7)
2020-08-04T09:20:50.5805706+07:00 0HM1O3GADMMEL:0000003B [WRN] User "3b6398de-f11f-4c7d-a833-61706d05e96c" failed to provide the correct password. (ec8d2479)
2020-08-04T09:20:51.3154056+07:00 0HM1O3GADMMEL:0000003B [INF] Authentication failed for username: "demo", reason: invalid credentials (61b6995a)
2020-08-04T09:20:51.3415586+07:00 0HM1O3GADMMEL:0000003B [INF] User authentication failed: "invalid_username_or_password", details: TokenRequestValidationLog { ClientId: "quickapp_spa", ClientName: null, GrantType: "password", Scopes: "email offline_access openid phone profile quickapp_api roles", AuthorizationCode: null, RefreshToken: null, UserName: "demo", AuthenticationContextReferenceClasses: null, Tenant: null, IdP: null, Raw: [("username": "demo"), ("password": "***REDACTED***"), ("client_id": "quickapp_spa"), ("grant_type": "password"), ("scope": "openid email phone profile offline_access roles quickapp_api")] } (07b239aa)
2020-08-04T09:20:59.2792589+07:00 0HM1O3GADMMEL:0000003D [INF] Invoking IdentityServer endpoint: "IdentityServer4.Endpoints.DiscoveryEndpoint" for "/.well-known/openid-configuration" (f7642de5)
2020-08-04T09:20:59.2998463+07:00 0HM1O3GADMMEL:0000003F [INF] Invoking IdentityServer endpoint: "IdentityServer4.Endpoints.DiscoveryKeyEndpoint" for "/.well-known/openid-configuration/jwks" (f7642de5)
2020-08-04T09:20:59.3074575+07:00 0HM1O3GADMMEL:00000041 [INF] Invoking IdentityServer endpoint: "IdentityServer4.Endpoints.TokenEndpoint" for "/connect/token" (f7642de5)
2020-08-04T09:20:59.3905782+07:00 0HM1O3GADMMEL:00000041 [WRN] Invalid password for user "3b6398de-f11f-4c7d-a833-61706d05e96c". (c2dce6c7)
2020-08-04T09:20:59.3906482+07:00 0HM1O3GADMMEL:00000041 [WRN] User "3b6398de-f11f-4c7d-a833-61706d05e96c" failed to provide the correct password. (ec8d2479)
2020-08-04T09:20:59.6298739+07:00 0HM1O3GADMMEL:00000041 [INF] Authentication failed for username: "demo", reason: invalid credentials (61b6995a)
2020-08-04T09:20:59.6312812+07:00 0HM1O3GADMMEL:00000041 [INF] User authentication failed: "invalid_username_or_password", details: TokenRequestValidationLog { ClientId: "quickapp_spa", ClientName: null, GrantType: "password", Scopes: "email offline_access openid phone profile quickapp_api roles", AuthorizationCode: null, RefreshToken: null, UserName: "demo", AuthenticationContextReferenceClasses: null, Tenant: null, IdP: null, Raw: [("username": "demo"), ("password": "***REDACTED***"), ("client_id": "quickapp_spa"), ("grant_type": "password"), ("scope": "openid email phone profile offline_access roles quickapp_api")] } (07b239aa)
2020-08-04T09:21:15.8718954+07:00  [INF] Removing 0 grants (62cd9308)
2020-08-04T09:21:15.8737278+07:00  [INF] Removing 0 device flow codes (171ba47d)
2020-08-04T09:21:19.4624006+07:00 0HM1O3GADMMEL:00000043 [INF] Invoking IdentityServer endpoint: "IdentityServer4.Endpoints.DiscoveryEndpoint" for "/.well-known/openid-configuration" (f7642de5)
2020-08-04T09:21:19.4889856+07:00 0HM1O3GADMMEL:00000045 [INF] Invoking IdentityServer endpoint: "IdentityServer4.Endpoints.DiscoveryKeyEndpoint" for "/.well-known/openid-configuration/jwks" (f7642de5)
2020-08-04T09:21:19.5098903+07:00 0HM1O3GADMMEL:00000047 [INF] Invoking IdentityServer endpoint: "IdentityServer4.Endpoints.TokenEndpoint" for "/connect/token" (f7642de5)
2020-08-04T09:21:19.5671846+07:00 0HM1O3GADMMEL:00000047 [WRN] Invalid password for user "3b6398de-f11f-4c7d-a833-61706d05e96c". (c2dce6c7)
2020-08-04T09:21:19.5673341+07:00 0HM1O3GADMMEL:00000047 [WRN] User "3b6398de-f11f-4c7d-a833-61706d05e96c" failed to provide the correct password. (ec8d2479)
2020-08-04T09:21:19.7189904+07:00 0HM1O3GADMMEL:00000047 [INF] Authentication failed for username: "demo", reason: invalid credentials (61b6995a)
2020-08-04T09:21:19.7201263+07:00 0HM1O3GADMMEL:00000047 [INF] User authentication failed: "invalid_username_or_password", details: TokenRequestValidationLog { ClientId: "quickapp_spa", ClientName: null, GrantType: "password", Scopes: "email offline_access openid phone profile quickapp_api roles", AuthorizationCode: null, RefreshToken: null, UserName: "demo", AuthenticationContextReferenceClasses: null, Tenant: null, IdP: null, Raw: [("username": "demo"), ("password": "***REDACTED***"), ("client_id": "quickapp_spa"), ("grant_type": "password"), ("scope": "openid email phone profile offline_access roles quickapp_api")] } (07b239aa)
2020-08-04T09:21:45.8888924+07:00  [INF] Removing 0 grants (62cd9308)
2020-08-04T09:21:45.8904222+07:00  [INF] Removing 0 device flow codes (171ba47d)
2020-08-04T09:22:00.0610307+07:00 0HM1O3GADMMEL:00000049 [INF] Invoking IdentityServer endpoint: "IdentityServer4.Endpoints.DiscoveryEndpoint" for "/.well-known/openid-configuration" (f7642de5)
2020-08-04T09:22:00.0810189+07:00 0HM1O3GADMMEL:0000004B [INF] Invoking IdentityServer endpoint: "IdentityServer4.Endpoints.DiscoveryKeyEndpoint" for "/.well-known/openid-configuration/jwks" (f7642de5)
2020-08-04T09:22:00.0956635+07:00 0HM1O3GADMMEL:0000004D [INF] Invoking IdentityServer endpoint: "IdentityServer4.Endpoints.TokenEndpoint" for "/connect/token" (f7642de5)
2020-08-04T09:22:00.1505504+07:00 0HM1O3GADMMEL:0000004D [WRN] Invalid password for user "751713e3-9a16-4785-8247-60dcd4273fdb". (c2dce6c7)
2020-08-04T09:22:00.1506986+07:00 0HM1O3GADMMEL:0000004D [WRN] User "751713e3-9a16-4785-8247-60dcd4273fdb" failed to provide the correct password. (ec8d2479)
2020-08-04T09:22:00.2560085+07:00 0HM1O3GADMMEL:0000004D [INF] Authentication failed for username: "admin", reason: invalid credentials (61b6995a)
2020-08-04T09:22:00.2567366+07:00 0HM1O3GADMMEL:0000004D [INF] User authentication failed: "invalid_username_or_password", details: TokenRequestValidationLog { ClientId: "quickapp_spa", ClientName: null, GrantType: "password", Scopes: "email offline_access openid phone profile quickapp_api roles", AuthorizationCode: null, RefreshToken: null, UserName: "admin", AuthenticationContextReferenceClasses: null, Tenant: null, IdP: null, Raw: [("username": "admin"), ("password": "***REDACTED***"), ("client_id": "quickapp_spa"), ("grant_type": "password"), ("scope": "openid email phone profile offline_access roles quickapp_api")] } (07b239aa)
2020-08-04T09:22:15.8955486+07:00  [INF] Removing 0 grants (62cd9308)
2020-08-04T09:22:15.8968873+07:00  [INF] Removing 0 device flow codes (171ba47d)
2020-08-04T09:22:45.9075510+07:00  [INF] Removing 0 grants (62cd9308)
2020-08-04T09:22:45.9090063+07:00  [INF] Removing 0 device flow codes (171ba47d)
2020-08-04T09:23:15.9168873+07:00  [INF] Removing 0 grants (62cd9308)
2020-08-04T09:23:15.9183864+07:00  [INF] Removing 0 device flow codes (171ba47d)
2020-08-04T09:23:29.3057390+07:00 0HM1O3GADMMEL:0000004F [INF] Invoking IdentityServer endpoint: "IdentityServer4.Endpoints.DiscoveryEndpoint" for "/.well-known/openid-configuration" (f7642de5)
2020-08-04T09:23:29.3260331+07:00 0HM1O3GADMMEL:00000051 [INF] Invoking IdentityServer endpoint: "IdentityServer4.Endpoints.DiscoveryKeyEndpoint" for "/.well-known/openid-configuration/jwks" (f7642de5)
2020-08-04T09:23:29.3341539+07:00 0HM1O3GADMMEL:00000053 [INF] Invoking IdentityServer endpoint: "IdentityServer4.Endpoints.TokenEndpoint" for "/connect/token" (f7642de5)
2020-08-04T09:23:29.3852296+07:00 0HM1O3GADMMEL:00000053 [WRN] Invalid password for user "751713e3-9a16-4785-8247-60dcd4273fdb". (c2dce6c7)
2020-08-04T09:23:29.3853136+07:00 0HM1O3GADMMEL:00000053 [WRN] User "751713e3-9a16-4785-8247-60dcd4273fdb" failed to provide the correct password. (ec8d2479)
2020-08-04T09:23:29.4727408+07:00 0HM1O3GADMMEL:00000053 [INF] Authentication failed for username: "admin", reason: invalid credentials (61b6995a)
2020-08-04T09:23:29.4735321+07:00 0HM1O3GADMMEL:00000053 [INF] User authentication failed: "invalid_username_or_password", details: TokenRequestValidationLog { ClientId: "quickapp_spa", ClientName: null, GrantType: "password", Scopes: "email offline_access openid phone profile quickapp_api roles", AuthorizationCode: null, RefreshToken: null, UserName: "admin", AuthenticationContextReferenceClasses: null, Tenant: null, IdP: null, Raw: [("username": "admin"), ("password": "***REDACTED***"), ("client_id": "quickapp_spa"), ("grant_type": "password"), ("scope": "openid email phone profile offline_access roles quickapp_api")] } (07b239aa)
2020-08-04T09:23:37.7659942+07:00 0HM1O3GADMMEL:00000055 [INF] Invoking IdentityServer endpoint: "IdentityServer4.Endpoints.DiscoveryEndpoint" for "/.well-known/openid-configuration" (f7642de5)
2020-08-04T09:23:37.7851312+07:00 0HM1O3GADMMEL:00000057 [INF] Invoking IdentityServer endpoint: "IdentityServer4.Endpoints.DiscoveryKeyEndpoint" for "/.well-known/openid-configuration/jwks" (f7642de5)
2020-08-04T09:23:37.7920852+07:00 0HM1O3GADMMEL:00000059 [INF] Invoking IdentityServer endpoint: "IdentityServer4.Endpoints.TokenEndpoint" for "/connect/token" (f7642de5)
2020-08-04T09:23:37.8371350+07:00 0HM1O3GADMMEL:00000059 [WRN] Invalid password for user "751713e3-9a16-4785-8247-60dcd4273fdb". (c2dce6c7)
2020-08-04T09:23:37.8372371+07:00 0HM1O3GADMMEL:00000059 [WRN] User "751713e3-9a16-4785-8247-60dcd4273fdb" failed to provide the correct password. (ec8d2479)
2020-08-04T09:23:38.1172005+07:00 0HM1O3GADMMEL:00000059 [INF] Authentication failed for username: "admin", reason: invalid credentials (61b6995a)
2020-08-04T09:23:38.1177577+07:00 0HM1O3GADMMEL:00000059 [INF] User authentication failed: "invalid_username_or_password", details: TokenRequestValidationLog { ClientId: "quickapp_spa", ClientName: null, GrantType: "password", Scopes: "email offline_access openid phone profile quickapp_api roles", AuthorizationCode: null, RefreshToken: null, UserName: "admin", AuthenticationContextReferenceClasses: null, Tenant: null, IdP: null, Raw: [("username": "admin"), ("password": "***REDACTED***"), ("client_id": "quickapp_spa"), ("grant_type": "password"), ("scope": "openid email phone profile offline_access roles quickapp_api")] } (07b239aa)
2020-08-04T09:23:44.0467396+07:00 0HM1O3GADMMEL:0000005B [INF] Invoking IdentityServer endpoint: "IdentityServer4.Endpoints.DiscoveryEndpoint" for "/.well-known/openid-configuration" (f7642de5)
2020-08-04T09:23:44.0621272+07:00 0HM1O3GADMMEL:0000005D [INF] Invoking IdentityServer endpoint: "IdentityServer4.Endpoints.DiscoveryKeyEndpoint" for "/.well-known/openid-configuration/jwks" (f7642de5)
2020-08-04T09:23:44.0727167+07:00 0HM1O3GADMMEL:0000005F [INF] Invoking IdentityServer endpoint: "IdentityServer4.Endpoints.TokenEndpoint" for "/connect/token" (f7642de5)
2020-08-04T09:23:44.1159669+07:00 0HM1O3GADMMEL:0000005F [WRN] Invalid password for user "751713e3-9a16-4785-8247-60dcd4273fdb". (c2dce6c7)
2020-08-04T09:23:44.1160365+07:00 0HM1O3GADMMEL:0000005F [WRN] User "751713e3-9a16-4785-8247-60dcd4273fdb" failed to provide the correct password. (ec8d2479)
2020-08-04T09:23:44.2890291+07:00 0HM1O3GADMMEL:0000005F [INF] Authentication failed for username: "admin", reason: invalid credentials (61b6995a)
2020-08-04T09:23:44.2897477+07:00 0HM1O3GADMMEL:0000005F [INF] User authentication failed: "invalid_username_or_password", details: TokenRequestValidationLog { ClientId: "quickapp_spa", ClientName: null, GrantType: "password", Scopes: "email offline_access openid phone profile quickapp_api roles", AuthorizationCode: null, RefreshToken: null, UserName: "admin", AuthenticationContextReferenceClasses: null, Tenant: null, IdP: null, Raw: [("username": "admin"), ("password": "***REDACTED***"), ("client_id": "quickapp_spa"), ("grant_type": "password"), ("scope": "openid email phone profile offline_access roles quickapp_api")] } (07b239aa)
2020-08-04T09:23:45.9319004+07:00  [INF] Removing 0 grants (62cd9308)
2020-08-04T09:23:45.9333123+07:00  [INF] Removing 0 device flow codes (171ba47d)
2020-08-04T09:23:55.1679895+07:00 0HM1O3GADMMEL:00000061 [INF] Invoking IdentityServer endpoint: "IdentityServer4.Endpoints.DiscoveryEndpoint" for "/.well-known/openid-configuration" (f7642de5)
2020-08-04T09:23:55.1873190+07:00 0HM1O3GADMMEL:00000063 [INF] Invoking IdentityServer endpoint: "IdentityServer4.Endpoints.DiscoveryKeyEndpoint" for "/.well-known/openid-configuration/jwks" (f7642de5)
2020-08-04T09:23:55.1987185+07:00 0HM1O3GADMMEL:00000065 [INF] Invoking IdentityServer endpoint: "IdentityServer4.Endpoints.TokenEndpoint" for "/connect/token" (f7642de5)
2020-08-04T09:23:55.2434602+07:00 0HM1O3GADMMEL:00000065 [WRN] Invalid password for user "3b6398de-f11f-4c7d-a833-61706d05e96c". (c2dce6c7)
2020-08-04T09:23:55.2436284+07:00 0HM1O3GADMMEL:00000065 [WRN] User "3b6398de-f11f-4c7d-a833-61706d05e96c" failed to provide the correct password. (ec8d2479)
2020-08-04T09:23:55.3750109+07:00 0HM1O3GADMMEL:00000065 [INF] Authentication failed for username: "Demo", reason: invalid credentials (61b6995a)
2020-08-04T09:23:55.3757248+07:00 0HM1O3GADMMEL:00000065 [INF] User authentication failed: "invalid_username_or_password", details: TokenRequestValidationLog { ClientId: "quickapp_spa", ClientName: null, GrantType: "password", Scopes: "email offline_access openid phone profile quickapp_api roles", AuthorizationCode: null, RefreshToken: null, UserName: "Demo", AuthenticationContextReferenceClasses: null, Tenant: null, IdP: null, Raw: [("username": "Demo"), ("password": "***REDACTED***"), ("client_id": "quickapp_spa"), ("grant_type": "password"), ("scope": "openid email phone profile offline_access roles quickapp_api")] } (07b239aa)
2020-08-04T09:24:15.9389665+07:00  [INF] Removing 0 grants (62cd9308)
2020-08-04T09:24:15.9405021+07:00  [INF] Removing 0 device flow codes (171ba47d)
2020-08-04T09:24:16.9341408+07:00 0HM1O3GADMMEL:00000067 [INF] Start processing HTTP request "POST" https://api.twitter.com/oauth/request_token (338f1c77)
2020-08-04T09:24:16.9351396+07:00 0HM1O3GADMMEL:00000067 [INF] Sending HTTP request "POST" https://api.twitter.com/oauth/request_token (2e7ac211)
2020-08-04T09:24:17.6399465+07:00 0HM1O3GADMMEL:00000067 [INF] Received HTTP response after 691.012ms - OK (6350df9e)
2020-08-04T09:24:17.6408227+07:00 0HM1O3GADMMEL:00000067 [INF] End processing HTTP request after 719.3566ms - OK (7656b38e)
2020-08-04T09:24:26.2843980+07:00 0HM1O3GADMMEL:0000006B [INF] Start processing HTTP request "POST" https://api.twitter.com/oauth/request_token (338f1c77)
2020-08-04T09:24:26.2845840+07:00 0HM1O3GADMMEL:0000006B [INF] Sending HTTP request "POST" https://api.twitter.com/oauth/request_token (2e7ac211)
2020-08-04T09:24:26.5600882+07:00 0HM1O3GADMMEL:0000006B [INF] Received HTTP response after 275.3694ms - OK (6350df9e)
2020-08-04T09:24:26.5602298+07:00 0HM1O3GADMMEL:0000006B [INF] End processing HTTP request after 275.9093ms - OK (7656b38e)
2020-08-04T09:24:45.9473749+07:00  [INF] Removing 0 grants (62cd9308)
2020-08-04T09:24:45.9494427+07:00  [INF] Removing 0 device flow codes (171ba47d)
2020-08-04T09:25:15.9669818+07:00  [INF] Removing 0 grants (62cd9308)
2020-08-04T09:25:15.9684192+07:00  [INF] Removing 0 device flow codes (171ba47d)
2020-08-04T09:25:32.5729611+07:00 0HM1O3GADMMEL:0000009D [INF] Invoking IdentityServer endpoint: "IdentityServer4.Endpoints.DiscoveryEndpoint" for "/.well-known/openid-configuration" (f7642de5)
2020-08-04T09:25:32.5927197+07:00 0HM1O3GADMMEL:0000009F [INF] Invoking IdentityServer endpoint: "IdentityServer4.Endpoints.DiscoveryKeyEndpoint" for "/.well-known/openid-configuration/jwks" (f7642de5)
2020-08-04T09:25:32.6032190+07:00 0HM1O3GADMMEL:000000A1 [INF] Invoking IdentityServer endpoint: "IdentityServer4.Endpoints.TokenEndpoint" for "/connect/token" (f7642de5)
2020-08-04T09:25:32.8518855+07:00 0HM1O3GADMMEL:000000A1 [INF] Credentials validated for username: "admin" (cb811aa7)
2020-08-04T09:25:32.8635270+07:00 0HM1O3GADMMEL:000000A1 [INF] Token request validation success, TokenRequestValidationLog { ClientId: "quickapp_spa", ClientName: null, GrantType: "password", Scopes: "email offline_access openid phone profile quickapp_api roles", AuthorizationCode: null, RefreshToken: null, UserName: "admin", AuthenticationContextReferenceClasses: null, Tenant: null, IdP: null, Raw: [("username": "admin"), ("password": "***REDACTED***"), ("client_id": "quickapp_spa"), ("grant_type": "password"), ("scope": "openid email phone profile offline_access roles quickapp_api")] } (3a073258)
2020-08-04T09:25:45.9782058+07:00  [INF] Removing 0 grants (62cd9308)
2020-08-04T09:25:45.9797973+07:00  [INF] Removing 0 device flow codes (171ba47d)
2020-08-04T09:26:15.9926926+07:00  [INF] Removing 0 grants (62cd9308)
2020-08-04T09:26:15.9941025+07:00  [INF] Removing 0 device flow codes (171ba47d)
2020-08-04T09:26:45.9979666+07:00  [INF] Removing 0 grants (62cd9308)
2020-08-04T09:26:45.9992751+07:00  [INF] Removing 0 device flow codes (171ba47d)
2020-08-04T09:27:16.0078540+07:00  [INF] Removing 0 grants (62cd9308)
2020-08-04T09:27:16.0091417+07:00  [INF] Removing 0 device flow codes (171ba47d)
2020-08-04T09:27:46.0233795+07:00  [INF] Removing 0 grants (62cd9308)
2020-08-04T09:27:46.0249062+07:00  [INF] Removing 0 device flow codes (171ba47d)
2020-08-04T09:28:16.0394376+07:00  [INF] Removing 0 grants (62cd9308)
2020-08-04T09:28:16.0408952+07:00  [INF] Removing 0 device flow codes (171ba47d)
2020-08-04T09:28:46.0563410+07:00  [INF] Removing 0 grants (62cd9308)
2020-08-04T09:28:46.0579933+07:00  [INF] Removing 0 device flow codes (171ba47d)
2020-08-04T09:29:16.0728890+07:00  [INF] Removing 0 grants (62cd9308)
2020-08-04T09:29:16.0742631+07:00  [INF] Removing 0 device flow codes (171ba47d)
2020-08-04T09:29:46.0861108+07:00  [INF] Removing 0 grants (62cd9308)
2020-08-04T09:29:46.0875123+07:00  [INF] Removing 0 device flow codes (171ba47d)
2020-08-04T09:30:16.1020620+07:00  [INF] Removing 0 grants (62cd9308)
2020-08-04T09:30:16.1032270+07:00  [INF] Removing 0 device flow codes (171ba47d)
2020-08-04T09:30:46.1378447+07:00  [INF] Removing 0 grants (62cd9308)
2020-08-04T09:30:46.1448469+07:00  [INF] Removing 0 device flow codes (171ba47d)
2020-08-04T09:31:16.1483029+07:00  [INF] Removing 0 grants (62cd9308)
2020-08-04T09:31:16.1495529+07:00  [INF] Removing 0 device flow codes (171ba47d)
2020-08-04T09:31:46.1642343+07:00  [INF] Removing 0 grants (62cd9308)
2020-08-04T09:31:46.1656821+07:00  [INF] Removing 0 device flow codes (171ba47d)
2020-08-04T09:32:16.1803008+07:00  [INF] Removing 0 grants (62cd9308)
2020-08-04T09:32:16.1816580+07:00  [INF] Removing 0 device flow codes (171ba47d)
2020-08-04T09:32:46.1914404+07:00  [INF] Removing 0 grants (62cd9308)
2020-08-04T09:32:46.1927844+07:00  [INF] Removing 0 device flow codes (171ba47d)
2020-08-04T09:33:16.1989162+07:00  [INF] Removing 0 grants (62cd9308)
2020-08-04T09:33:16.2002034+07:00  [INF] Removing 0 device flow codes (171ba47d)
2020-08-04T09:33:46.2139422+07:00  [INF] Removing 0 grants (62cd9308)
2020-08-04T09:33:46.2153324+07:00  [INF] Removing 0 device flow codes (171ba47d)
2020-08-04T09:34:16.2287879+07:00  [INF] Removing 0 grants (62cd9308)
2020-08-04T09:34:16.2310063+07:00  [INF] Removing 0 device flow codes (171ba47d)
2020-08-04T09:34:46.2463196+07:00  [INF] Removing 0 grants (62cd9308)
2020-08-04T09:34:46.2475904+07:00  [INF] Removing 0 device flow codes (171ba47d)
2020-08-04T09:35:16.2510447+07:00  [INF] Removing 0 grants (62cd9308)
2020-08-04T09:35:16.2523213+07:00  [INF] Removing 0 device flow codes (171ba47d)
2020-08-04T09:35:46.2643508+07:00  [INF] Removing 0 grants (62cd9308)
2020-08-04T09:35:46.2664240+07:00  [INF] Removing 0 device flow codes (171ba47d)
2020-08-04T09:36:16.2757120+07:00  [INF] Removing 0 grants (62cd9308)
2020-08-04T09:36:16.2771089+07:00  [INF] Removing 0 device flow codes (171ba47d)
2020-08-04T09:36:46.2907312+07:00  [INF] Removing 0 grants (62cd9308)
2020-08-04T09:36:46.2923114+07:00  [INF] Removing 0 device flow codes (171ba47d)
2020-08-04T09:37:16.3073673+07:00  [INF] Removing 0 grants (62cd9308)
2020-08-04T09:37:16.3086866+07:00  [INF] Removing 0 device flow codes (171ba47d)
2020-08-04T09:37:46.3211101+07:00  [INF] Removing 0 grants (62cd9308)
2020-08-04T09:37:46.3222424+07:00  [INF] Removing 0 device flow codes (171ba47d)
2020-08-04T09:38:11.4271478+07:00  [INF] Application is shutting down... (90f52c38)
