2020-10-21T09:57:25.6496115+07:00  [INF] Starting IdentityServer4 version "3.1.3.0" (8add0571)
2020-10-21T09:57:25.6870317+07:00  [INF] Using the default authentication scheme "Identity.Application" for IdentityServer (4a54f457)
2020-10-21T09:57:26.5191606+07:00  [INF] Application started. Press Ctrl+C to shut down. (dcaefe54)
2020-10-21T09:57:26.5230243+07:00  [INF] Hosting environment: "Development" (c3307c92)
2020-10-21T09:57:26.5302263+07:00  [INF] Content root path: "D:\CmsApp\CmsApp" (b5d60022)
2020-10-21T09:57:56.1459927+07:00  [INF] Removing 4 grants (62cd9308)
2020-10-21T09:57:56.6764390+07:00  [INF] Removing 0 device flow codes (171ba47d)
2020-10-21T09:58:26.7500349+07:00  [INF] Removing 0 grants (62cd9308)
2020-10-21T09:58:26.7643804+07:00  [INF] Removing 0 device flow codes (171ba47d)
2020-10-21T09:58:56.8228382+07:00  [INF] Removing 0 grants (62cd9308)
2020-10-21T09:58:56.8479608+07:00  [INF] Removing 0 device flow codes (171ba47d)
2020-10-21T09:59:59.0668143+07:00  [INF] Starting IdentityServer4 version "3.1.3.0" (8add0571)
2020-10-21T09:59:59.1220778+07:00  [INF] Using the default authentication scheme "Identity.Application" for IdentityServer (4a54f457)
2020-10-21T09:59:59.5478336+07:00  [INF] Application started. Press Ctrl+C to shut down. (dcaefe54)
2020-10-21T09:59:59.5858728+07:00  [INF] Hosting environment: "Development" (c3307c92)
2020-10-21T09:59:59.5957191+07:00  [INF] Content root path: "D:\CmsApp\CmsApp" (b5d60022)
2020-10-21T10:00:29.4655922+07:00  [INF] Removing 2 grants (62cd9308)
2020-10-21T10:00:30.0712616+07:00  [INF] Removing 0 device flow codes (171ba47d)
2020-10-21T10:01:00.2903583+07:00  [INF] Removing 0 grants (62cd9308)
2020-10-21T10:01:00.3031210+07:00  [INF] Removing 0 device flow codes (171ba47d)
2020-10-21T10:01:30.3401612+07:00  [INF] Removing 0 grants (62cd9308)
2020-10-21T10:01:30.3772510+07:00  [INF] Removing 0 device flow codes (171ba47d)
2020-10-21T10:02:00.4453798+07:00  [INF] Removing 0 grants (62cd9308)
2020-10-21T10:02:00.4631520+07:00  [INF] Removing 0 device flow codes (171ba47d)
2020-10-21T10:02:30.5169870+07:00  [INF] Removing 0 grants (62cd9308)
2020-10-21T10:02:30.5253892+07:00  [INF] Removing 0 device flow codes (171ba47d)
2020-10-21T10:03:00.5777727+07:00  [INF] Removing 0 grants (62cd9308)
2020-10-21T10:03:00.5911922+07:00  [INF] Removing 0 device flow codes (171ba47d)
2020-10-21T10:03:30.6276784+07:00  [INF] Removing 0 grants (62cd9308)
2020-10-21T10:03:30.6516488+07:00  [INF] Removing 0 device flow codes (171ba47d)
2020-10-21T10:04:00.6791579+07:00  [INF] Removing 0 grants (62cd9308)
2020-10-21T10:04:00.7043119+07:00  [INF] Removing 0 device flow codes (171ba47d)
2020-10-21T10:04:30.7399725+07:00  [INF] Removing 0 grants (62cd9308)
2020-10-21T10:04:30.7671566+07:00  [INF] Removing 0 device flow codes (171ba47d)
2020-10-21T10:05:00.8034605+07:00  [INF] Removing 0 grants (62cd9308)
2020-10-21T10:05:00.8142172+07:00  [INF] Removing 0 device flow codes (171ba47d)
2020-10-21T10:05:07.7985203+07:00 80000008-0001-f000-b63f-84710c7967bb [INF] Invoking IdentityServer endpoint: "IdentityServer4.Endpoints.DiscoveryEndpoint" for "/.well-known/openid-configuration" (f7642de5)
2020-10-21T10:05:09.6664942+07:00 80000029-0000-ff00-b63f-84710c7967bb [INF] Invoking IdentityServer endpoint: "IdentityServer4.Endpoints.DiscoveryKeyEndpoint" for "/.well-known/openid-configuration/jwks" (f7642de5)
2020-10-21T10:05:09.7398849+07:00 8000000a-0001-f000-b63f-84710c7967bb [INF] Invoking IdentityServer endpoint: "IdentityServer4.Endpoints.TokenEndpoint" for "/connect/token" (f7642de5)
2020-10-21T10:05:11.6396820+07:00 8000000a-0001-f000-b63f-84710c7967bb [INF] Credentials validated for username: "kreangkrai" (cb811aa7)
2020-10-21T10:05:11.8049007+07:00 8000000a-0001-f000-b63f-84710c7967bb [INF] Token request validation success, TokenRequestValidationLog { ClientId: "cmsapp_spa", ClientName: null, GrantType: "password", Scopes: "cmsapp_api email offline_access openid phone profile roles", AuthorizationCode: null, RefreshToken: null, UserName: "kreangkrai", AuthenticationContextReferenceClasses: null, Tenant: null, IdP: null, Raw: [("username": "kreangkrai"), ("password": "***REDACTED***"), ("client_id": "cmsapp_spa"), ("grant_type": "password"), ("scope": "openid email phone profile offline_access roles cmsapp_api")] } (3a073258)
2020-10-21T10:05:30.8432244+07:00  [INF] Removing 0 grants (62cd9308)
2020-10-21T10:05:30.8610974+07:00  [INF] Removing 0 device flow codes (171ba47d)
2020-10-21T10:06:00.8869538+07:00  [INF] Removing 0 grants (62cd9308)
2020-10-21T10:06:00.9106341+07:00  [INF] Removing 0 device flow codes (171ba47d)
2020-10-21T10:06:30.9353007+07:00  [INF] Removing 0 grants (62cd9308)
2020-10-21T10:06:30.9707998+07:00  [INF] Removing 0 device flow codes (171ba47d)
2020-10-21T10:07:01.0232741+07:00  [INF] Removing 0 grants (62cd9308)
2020-10-21T10:07:01.0328732+07:00  [INF] Removing 0 device flow codes (171ba47d)
2020-10-21T10:14:46.6771999+07:00  [INF] Starting IdentityServer4 version "3.1.3.0" (8add0571)
2020-10-21T10:14:46.7200339+07:00  [INF] Using the default authentication scheme "Identity.Application" for IdentityServer (4a54f457)
2020-10-21T10:14:47.0724074+07:00  [INF] Application started. Press Ctrl+C to shut down. (dcaefe54)
2020-10-21T10:14:47.0970117+07:00  [INF] Hosting environment: "Development" (c3307c92)
2020-10-21T10:14:47.1148824+07:00  [INF] Content root path: "D:\CmsApp\CmsApp" (b5d60022)
2020-10-21T10:15:16.8430506+07:00  [INF] Removing 0 grants (62cd9308)
2020-10-21T10:15:16.8743499+07:00  [INF] Removing 0 device flow codes (171ba47d)
2020-10-21T10:15:46.9353966+07:00  [INF] Removing 0 grants (62cd9308)
2020-10-21T10:15:46.9457611+07:00  [INF] Removing 0 device flow codes (171ba47d)
2020-10-21T10:16:17.0270289+07:00  [INF] Removing 0 grants (62cd9308)
2020-10-21T10:16:17.0981069+07:00  [INF] Removing 0 device flow codes (171ba47d)
2020-10-21T10:16:47.1233684+07:00  [INF] Removing 0 grants (62cd9308)
2020-10-21T10:16:47.1386497+07:00  [INF] Removing 0 device flow codes (171ba47d)
2020-10-21T10:17:17.1705536+07:00  [INF] Removing 0 grants (62cd9308)
2020-10-21T10:17:17.1987225+07:00  [INF] Removing 0 device flow codes (171ba47d)
2020-10-21T10:17:47.2216744+07:00  [INF] Removing 0 grants (62cd9308)
2020-10-21T10:17:47.2795657+07:00  [INF] Removing 0 device flow codes (171ba47d)
2020-10-21T10:18:08.5575355+07:00 80000029-0000-f900-b63f-84710c7967bb [INF] Invoking IdentityServer endpoint: "IdentityServer4.Endpoints.DiscoveryEndpoint" for "/.well-known/openid-configuration" (f7642de5)
2020-10-21T10:18:09.9979187+07:00 8000001a-0001-f000-b63f-84710c7967bb [INF] Invoking IdentityServer endpoint: "IdentityServer4.Endpoints.DiscoveryKeyEndpoint" for "/.well-known/openid-configuration/jwks" (f7642de5)
2020-10-21T10:18:10.0798482+07:00 8000002b-0000-f900-b63f-84710c7967bb [INF] Invoking IdentityServer endpoint: "IdentityServer4.Endpoints.TokenEndpoint" for "/connect/token" (f7642de5)
2020-10-21T10:18:11.1657605+07:00 8000002b-0000-f900-b63f-84710c7967bb [INF] Credentials validated for username: "kreangkrai" (cb811aa7)
2020-10-21T10:18:11.2414680+07:00 8000002b-0000-f900-b63f-84710c7967bb [INF] Token request validation success, TokenRequestValidationLog { ClientId: "cmsapp_spa", ClientName: null, GrantType: "password", Scopes: "cmsapp_api email offline_access openid phone profile roles", AuthorizationCode: null, RefreshToken: null, UserName: "kreangkrai", AuthenticationContextReferenceClasses: null, Tenant: null, IdP: null, Raw: [("username": "kreangkrai"), ("password": "***REDACTED***"), ("client_id": "cmsapp_spa"), ("grant_type": "password"), ("scope": "openid email phone profile offline_access roles cmsapp_api")] } (3a073258)
2020-10-21T10:18:17.5755682+07:00  [INF] Removing 0 grants (62cd9308)
2020-10-21T10:18:17.6494509+07:00  [INF] Removing 0 device flow codes (171ba47d)
2020-10-21T10:18:47.7763793+07:00  [INF] Removing 0 grants (62cd9308)
2020-10-21T10:18:47.8955625+07:00  [INF] Removing 0 device flow codes (171ba47d)
2020-10-21T10:19:18.1258285+07:00  [INF] Removing 0 grants (62cd9308)
2020-10-21T10:19:18.3775974+07:00  [INF] Removing 0 device flow codes (171ba47d)
2020-10-21T10:19:48.4192172+07:00  [INF] Removing 0 grants (62cd9308)
2020-10-21T10:19:48.4289662+07:00  [INF] Removing 0 device flow codes (171ba47d)
2020-10-21T10:20:04.5227357+07:00 80000020-0001-f000-b63f-84710c7967bb [INF] AuthenticationScheme: "Bearer" was challenged. (d45f1f38)
2020-10-21T10:20:14.6371070+07:00 8000002f-0000-f900-b63f-84710c7967bb [INF] AuthenticationScheme: "Bearer" was challenged. (d45f1f38)
2020-10-21T10:20:18.4557952+07:00  [INF] Removing 0 grants (62cd9308)
2020-10-21T10:20:18.4662270+07:00  [INF] Removing 0 device flow codes (171ba47d)
2020-10-21T10:20:48.5018204+07:00  [INF] Removing 0 grants (62cd9308)
2020-10-21T10:20:48.5279587+07:00  [INF] Removing 0 device flow codes (171ba47d)
2020-10-21T10:21:02.1383041+07:00 80000025-0002-f500-b63f-84710c7967bb [INF] Invoking IdentityServer endpoint: "IdentityServer4.Endpoints.TokenEndpoint" for "/connect/token" (f7642de5)
2020-10-21T10:21:02.3199429+07:00 80000025-0002-f500-b63f-84710c7967bb [INF] Credentials validated for username: "Admin" (cb811aa7)
2020-10-21T10:21:02.3245331+07:00 80000025-0002-f500-b63f-84710c7967bb [INF] Token request validation success, TokenRequestValidationLog { ClientId: "swaggerui", ClientName: "Swagger UI", GrantType: "password", Scopes: "cmsapp_api", AuthorizationCode: null, RefreshToken: null, UserName: "Admin", AuthenticationContextReferenceClasses: null, Tenant: null, IdP: null, Raw: [("grant_type": "password"), ("username": "Admin"), ("password": "***REDACTED***"), ("client_id": "swaggerui"), ("client_secret": "***REDACTED***")] } (3a073258)
2020-10-21T10:21:18.5645366+07:00  [INF] Removing 0 grants (62cd9308)
2020-10-21T10:21:18.5903212+07:00  [INF] Removing 0 device flow codes (171ba47d)
2020-10-21T10:21:24.6427154+07:00 80000032-0000-f900-b63f-84710c7967bb [INF] Invoking IdentityServer endpoint: "IdentityServer4.Endpoints.DiscoveryEndpoint" for "/.well-known/openid-configuration" (f7642de5)
2020-10-21T10:21:24.7339130+07:00 80000033-0000-f900-b63f-84710c7967bb [INF] Invoking IdentityServer endpoint: "IdentityServer4.Endpoints.DiscoveryKeyEndpoint" for "/.well-known/openid-configuration/jwks" (f7642de5)
2020-10-21T10:21:46.7658149+07:00 80000028-0002-f500-b63f-84710c7967bb [INF] AuthenticationScheme: "Bearer" was challenged. (d45f1f38)
2020-10-21T10:21:49.1032830+07:00  [INF] Removing 0 grants (62cd9308)
2020-10-21T10:21:49.1221261+07:00  [INF] Removing 0 device flow codes (171ba47d)
2020-10-21T10:22:19.1578192+07:00  [INF] Removing 0 grants (62cd9308)
2020-10-21T10:22:19.1669902+07:00  [INF] Removing 0 device flow codes (171ba47d)
2020-10-21T10:22:49.1906114+07:00  [INF] Removing 0 grants (62cd9308)
2020-10-21T10:22:49.2013520+07:00  [INF] Removing 0 device flow codes (171ba47d)
2020-10-21T10:23:14.0275634+07:00 80000015-0000-f800-b63f-84710c7967bb [ERR] An unhandled exception has occurred while executing the request. (48a46595)
System.InvalidOperationException: Unable to resolve service for type 'DAL.IUnitOfWork' while attempting to activate 'CmsApp.Controllers.CustomerController'.
   at Microsoft.Extensions.DependencyInjection.ActivatorUtilities.GetService(IServiceProvider sp, Type type, Type requiredBy, Boolean isDefaultParameterRequired)
   at lambda_method(Closure , IServiceProvider , Object[] )
   at Microsoft.AspNetCore.Mvc.Controllers.ControllerActivatorProvider.<>c__DisplayClass4_0.<CreateActivator>b__0(ControllerContext controllerContext)
   at Microsoft.AspNetCore.Mvc.Controllers.ControllerFactoryProvider.<>c__DisplayClass5_0.<CreateControllerFactory>g__CreateController|0(ControllerContext controllerContext)
   at Microsoft.AspNetCore.Mvc.Infrastructure.ControllerActionInvoker.Next(State& next, Scope& scope, Object& state, Boolean& isCompleted)
   at Microsoft.AspNetCore.Mvc.Infrastructure.ControllerActionInvoker.InvokeInnerFilterAsync()
--- End of stack trace from previous location where exception was thrown ---
   at Microsoft.AspNetCore.Mvc.Infrastructure.ResourceInvoker.<InvokeNextResourceFilter>g__Awaited|24_0(ResourceInvoker invoker, Task lastTask, State next, Scope scope, Object state, Boolean isCompleted)
   at Microsoft.AspNetCore.Mvc.Infrastructure.ResourceInvoker.Rethrow(ResourceExecutedContextSealed context)
   at Microsoft.AspNetCore.Mvc.Infrastructure.ResourceInvoker.Next(State& next, Scope& scope, Object& state, Boolean& isCompleted)
   at Microsoft.AspNetCore.Mvc.Infrastructure.ResourceInvoker.InvokeFilterPipelineAsync()
--- End of stack trace from previous location where exception was thrown ---
   at Microsoft.AspNetCore.Mvc.Infrastructure.ResourceInvoker.<InvokeAsync>g__Awaited|17_0(ResourceInvoker invoker, Task task, IDisposable scope)
   at Microsoft.AspNetCore.Routing.EndpointMiddleware.<Invoke>g__AwaitRequestTask|6_0(Endpoint endpoint, Task requestTask, ILogger logger)
   at Swashbuckle.AspNetCore.SwaggerUI.SwaggerUIMiddleware.Invoke(HttpContext httpContext)
   at Swashbuckle.AspNetCore.Swagger.SwaggerMiddleware.Invoke(HttpContext httpContext, ISwaggerProvider swaggerProvider)
   at Microsoft.AspNetCore.Authorization.AuthorizationMiddleware.Invoke(HttpContext context)
   at IdentityServer4.Hosting.IdentityServerMiddleware.Invoke(HttpContext context, IEndpointRouter router, IUserSession session, IEventService events)
   at IdentityServer4.Hosting.MutualTlsTokenEndpointMiddleware.Invoke(HttpContext context, IAuthenticationSchemeProvider schemes)
   at Microsoft.AspNetCore.Authentication.AuthenticationMiddleware.Invoke(HttpContext context)
   at IdentityServer4.Hosting.BaseUrlMiddleware.Invoke(HttpContext context)
   at Microsoft.AspNetCore.Diagnostics.DeveloperExceptionPageMiddleware.Invoke(HttpContext context)
2020-10-21T10:23:19.2549330+07:00  [INF] Removing 0 grants (62cd9308)
2020-10-21T10:23:19.2645889+07:00  [INF] Removing 0 device flow codes (171ba47d)
2020-10-21T10:23:36.9444083+07:00 80000035-0000-f900-b63f-84710c7967bb [INF] Invoking IdentityServer endpoint: "IdentityServer4.Endpoints.TokenEndpoint" for "/connect/token" (f7642de5)
2020-10-21T10:23:37.0769862+07:00 80000035-0000-f900-b63f-84710c7967bb [INF] Credentials validated for username: "user" (cb811aa7)
2020-10-21T10:23:37.0814660+07:00 80000035-0000-f900-b63f-84710c7967bb [INF] Token request validation success, TokenRequestValidationLog { ClientId: "swaggerui", ClientName: "Swagger UI", GrantType: "password", Scopes: "cmsapp_api", AuthorizationCode: null, RefreshToken: null, UserName: "user", AuthenticationContextReferenceClasses: null, Tenant: null, IdP: null, Raw: [("grant_type": "password"), ("username": "user"), ("password": "***REDACTED***"), ("client_id": "swaggerui"), ("client_secret": "***REDACTED***")] } (3a073258)
2020-10-21T10:23:42.5150259+07:00 8000002a-0002-f500-b63f-84710c7967bb [INF] AuthenticationScheme: "Bearer" was forbidden. (212684b8)
2020-10-21T10:23:49.2855068+07:00  [INF] Removing 0 grants (62cd9308)
2020-10-21T10:23:49.2941728+07:00  [INF] Removing 0 device flow codes (171ba47d)
2020-10-21T10:24:16.7979298+07:00 80000037-0000-f900-b63f-84710c7967bb [INF] AuthenticationScheme: "Bearer" was forbidden. (212684b8)
2020-10-21T10:24:19.3210658+07:00  [INF] Removing 0 grants (62cd9308)
2020-10-21T10:24:19.3291011+07:00  [INF] Removing 0 device flow codes (171ba47d)
2020-10-21T10:24:23.5159000+07:00 80000028-0001-f000-b63f-84710c7967bb [INF] AuthenticationScheme: "Bearer" was forbidden. (212684b8)
2020-10-21T10:24:49.4105316+07:00  [INF] Removing 0 grants (62cd9308)
2020-10-21T10:24:49.4181267+07:00  [INF] Removing 0 device flow codes (171ba47d)
2020-10-21T10:25:19.4732555+07:00  [INF] Removing 0 grants (62cd9308)
2020-10-21T10:25:19.4964669+07:00  [INF] Removing 0 device flow codes (171ba47d)
2020-10-21T10:25:49.5393827+07:00  [INF] Removing 0 grants (62cd9308)
2020-10-21T10:25:49.5810292+07:00  [INF] Removing 0 device flow codes (171ba47d)
2020-10-21T10:26:08.3135841+07:00 80000039-0000-f900-b63f-84710c7967bb [INF] Invoking IdentityServer endpoint: "IdentityServer4.Endpoints.TokenEndpoint" for "/connect/token" (f7642de5)
2020-10-21T10:26:08.4463965+07:00 80000039-0000-f900-b63f-84710c7967bb [INF] Credentials validated for username: "user" (cb811aa7)
2020-10-21T10:26:08.4533434+07:00 80000039-0000-f900-b63f-84710c7967bb [INF] Token request validation success, TokenRequestValidationLog { ClientId: "swaggerui", ClientName: "Swagger UI", GrantType: "password", Scopes: "cmsapp_api", AuthorizationCode: null, RefreshToken: null, UserName: "user", AuthenticationContextReferenceClasses: null, Tenant: null, IdP: null, Raw: [("grant_type": "password"), ("scope": "cmsapp_api"), ("username": "user"), ("password": "***REDACTED***"), ("client_id": "swaggerui"), ("client_secret": "***REDACTED***")] } (3a073258)
2020-10-21T10:26:10.5906897+07:00 8000004c-0003-fb00-b63f-84710c7967bb [INF] AuthenticationScheme: "Bearer" was forbidden. (212684b8)
2020-10-21T10:26:19.5936031+07:00  [INF] Removing 0 grants (62cd9308)
2020-10-21T10:26:19.6024501+07:00  [INF] Removing 0 device flow codes (171ba47d)
2020-10-21T10:26:49.6260920+07:00  [INF] Removing 0 grants (62cd9308)
2020-10-21T10:26:49.6359964+07:00  [INF] Removing 0 device flow codes (171ba47d)
2020-10-21T10:27:19.6641901+07:00  [INF] Removing 0 grants (62cd9308)
2020-10-21T10:27:19.6738468+07:00  [INF] Removing 0 device flow codes (171ba47d)
2020-10-21T10:27:49.7127205+07:00  [INF] Removing 0 grants (62cd9308)
2020-10-21T10:27:49.7371798+07:00  [INF] Removing 0 device flow codes (171ba47d)
2020-10-21T10:28:19.7923366+07:00  [INF] Removing 0 grants (62cd9308)
2020-10-21T10:28:19.8048476+07:00  [INF] Removing 0 device flow codes (171ba47d)
2020-10-21T10:28:49.8515341+07:00  [INF] Removing 0 grants (62cd9308)
2020-10-21T10:28:49.8609306+07:00  [INF] Removing 0 device flow codes (171ba47d)
2020-10-21T10:29:19.8742245+07:00  [INF] Removing 0 grants (62cd9308)
2020-10-21T10:29:19.8831086+07:00  [INF] Removing 0 device flow codes (171ba47d)
2020-10-21T10:29:49.9166889+07:00  [INF] Removing 0 grants (62cd9308)
2020-10-21T10:29:49.9405640+07:00  [INF] Removing 0 device flow codes (171ba47d)
2020-10-21T10:37:54.8420568+07:00  [INF] Starting IdentityServer4 version "3.1.3.0" (8add0571)
2020-10-21T10:37:54.9269689+07:00  [INF] Using the default authentication scheme "Identity.Application" for IdentityServer (4a54f457)
2020-10-21T10:37:55.7034032+07:00  [INF] Application started. Press Ctrl+C to shut down. (dcaefe54)
2020-10-21T10:37:55.7100881+07:00  [INF] Hosting environment: "Development" (c3307c92)
2020-10-21T10:37:55.7174171+07:00  [INF] Content root path: "D:\CmsApp\CmsApp" (b5d60022)
2020-10-21T10:38:25.0919046+07:00  [INF] Removing 0 grants (62cd9308)
2020-10-21T10:38:25.1451782+07:00  [INF] Removing 0 device flow codes (171ba47d)
2020-10-21T10:38:55.2139644+07:00  [INF] Removing 0 grants (62cd9308)
2020-10-21T10:38:55.2380823+07:00  [INF] Removing 0 device flow codes (171ba47d)
2020-10-21T10:39:25.2698925+07:00  [INF] Removing 0 grants (62cd9308)
2020-10-21T10:39:25.2824271+07:00  [INF] Removing 0 device flow codes (171ba47d)
2020-10-21T10:39:56.8109458+07:00  [INF] Removing 0 grants (62cd9308)
2020-10-21T10:39:58.6363675+07:00  [INF] Removing 0 device flow codes (171ba47d)
2020-10-21T10:40:37.5377437+07:00  [INF] Removing 0 grants (62cd9308)
2020-10-21T10:40:37.5568096+07:00  [INF] Removing 0 device flow codes (171ba47d)
2020-10-21T10:41:07.9158733+07:00  [INF] Removing 0 grants (62cd9308)
2020-10-21T10:41:07.9484430+07:00  [INF] Removing 0 device flow codes (171ba47d)
2020-10-21T10:41:38.3601447+07:00  [INF] Removing 0 grants (62cd9308)
2020-10-21T10:41:38.3746579+07:00  [INF] Removing 0 device flow codes (171ba47d)
2020-10-21T10:42:09.3811220+07:00  [INF] Removing 0 grants (62cd9308)
2020-10-21T10:42:10.3751063+07:00  [INF] Removing 0 device flow codes (171ba47d)
2020-10-21T10:42:46.7779406+07:00  [INF] Removing 0 grants (62cd9308)
2020-10-21T10:42:46.7995010+07:00  [INF] Removing 0 device flow codes (171ba47d)
2020-10-21T10:53:00.5854803+07:00  [INF] Removing 0 grants (62cd9308)
2020-10-21T10:53:00.5970398+07:00  [INF] Removing 0 device flow codes (171ba47d)
2020-10-21T10:53:00.6118173+07:00 8000004d-0000-f900-b63f-84710c7967bb [INF] Invoking IdentityServer endpoint: "IdentityServer4.Endpoints.DiscoveryEndpoint" for "/.well-known/openid-configuration" (f7642de5)
2020-10-21T10:53:34.9141438+07:00  [INF] Removing 0 grants (62cd9308)
2020-10-21T10:53:40.5607142+07:00  [INF] Removing 0 device flow codes (171ba47d)
2020-10-21T10:54:13.3545372+07:00  [INF] Removing 0 grants (62cd9308)
2020-10-21T10:54:13.3618394+07:00  [INF] Removing 0 device flow codes (171ba47d)
2020-10-21T10:54:43.5674714+07:00  [INF] Removing 0 grants (62cd9308)
2020-10-21T10:54:43.6336940+07:00  [INF] Removing 0 device flow codes (171ba47d)
2020-10-21T10:55:14.5641878+07:00  [INF] Removing 0 grants (62cd9308)
2020-10-21T10:55:14.6491756+07:00  [INF] Removing 0 device flow codes (171ba47d)
2020-10-21T10:55:45.3728754+07:00  [INF] Removing 0 grants (62cd9308)
2020-10-21T10:55:46.0591595+07:00  [INF] Removing 0 device flow codes (171ba47d)
2020-10-21T10:55:49.1601065+07:00 8000004f-0000-f900-b63f-84710c7967bb [INF] Invoking IdentityServer endpoint: "IdentityServer4.Endpoints.DiscoveryKeyEndpoint" for "/.well-known/openid-configuration/jwks" (f7642de5)
2020-10-21T10:55:59.3588653+07:00 80000022-0003-fd00-b63f-84710c7967bb [INF] Invoking IdentityServer endpoint: "IdentityServer4.Endpoints.TokenEndpoint" for "/connect/token" (f7642de5)
2020-10-21T10:56:02.7992103+07:00 80000022-0003-fd00-b63f-84710c7967bb [INF] Credentials validated for username: "kreangkrai" (cb811aa7)
2020-10-21T10:56:02.9280841+07:00 80000022-0003-fd00-b63f-84710c7967bb [INF] Token request validation success, TokenRequestValidationLog { ClientId: "cmsapp_spa", ClientName: null, GrantType: "password", Scopes: "cmsapp_api email offline_access openid phone profile roles", AuthorizationCode: null, RefreshToken: null, UserName: "kreangkrai", AuthenticationContextReferenceClasses: null, Tenant: null, IdP: null, Raw: [("username": "kreangkrai"), ("password": "***REDACTED***"), ("client_id": "cmsapp_spa"), ("grant_type": "password"), ("scope": "openid email phone profile offline_access roles cmsapp_api")] } (3a073258)
2020-10-21T10:56:16.6914807+07:00  [INF] Removing 0 grants (62cd9308)
2020-10-21T10:56:17.2390954+07:00  [INF] Removing 0 device flow codes (171ba47d)
2020-10-21T10:56:49.8227876+07:00  [INF] Removing 0 grants (62cd9308)
2020-10-21T10:56:53.1327023+07:00  [INF] Removing 0 device flow codes (171ba47d)
2020-10-21T11:50:29.7481937+07:00  [INF] Starting IdentityServer4 version "3.1.3.0" (8add0571)
2020-10-21T11:50:29.8019703+07:00  [INF] Using the default authentication scheme "Identity.Application" for IdentityServer (4a54f457)
2020-10-21T11:50:30.1250775+07:00  [INF] Application started. Press Ctrl+C to shut down. (dcaefe54)
2020-10-21T11:50:30.1436621+07:00  [INF] Hosting environment: "Development" (c3307c92)
2020-10-21T11:50:30.1474829+07:00  [INF] Content root path: "D:\CmsApp\CmsApp" (b5d60022)
2020-10-21T11:51:00.0336260+07:00  [INF] Removing 0 grants (62cd9308)
2020-10-21T11:51:00.0857695+07:00  [INF] Removing 0 device flow codes (171ba47d)
2020-10-21T11:51:30.1608137+07:00  [INF] Removing 0 grants (62cd9308)
2020-10-21T11:51:30.1685921+07:00  [INF] Removing 0 device flow codes (171ba47d)
2020-10-21T11:52:00.2164512+07:00  [INF] Removing 0 grants (62cd9308)
2020-10-21T11:52:00.2317374+07:00  [INF] Removing 0 device flow codes (171ba47d)
2020-10-21T11:52:30.2584775+07:00  [INF] Removing 0 grants (62cd9308)
2020-10-21T11:52:30.2684276+07:00  [INF] Removing 0 device flow codes (171ba47d)
2020-10-21T11:55:13.5496071+07:00  [INF] Removing 0 grants (62cd9308)
2020-10-21T11:55:13.5610256+07:00  [INF] Removing 0 device flow codes (171ba47d)
2020-10-21T11:55:43.5910250+07:00  [INF] Removing 0 grants (62cd9308)
2020-10-21T11:55:43.6151202+07:00  [INF] Removing 0 device flow codes (171ba47d)
2020-10-21T11:56:13.6631146+07:00  [INF] Removing 0 grants (62cd9308)
2020-10-21T11:56:13.6725890+07:00  [INF] Removing 0 device flow codes (171ba47d)
2020-10-21T11:56:43.6990452+07:00  [INF] Removing 0 grants (62cd9308)
2020-10-21T11:56:43.7092253+07:00  [INF] Removing 0 device flow codes (171ba47d)
2020-10-21T11:57:13.7454494+07:00  [INF] Removing 0 grants (62cd9308)
2020-10-21T11:57:13.7701932+07:00  [INF] Removing 0 device flow codes (171ba47d)
2020-10-21T11:57:43.8124049+07:00  [INF] Removing 0 grants (62cd9308)
2020-10-21T11:57:43.8422088+07:00  [INF] Removing 0 device flow codes (171ba47d)
2020-10-21T11:58:13.9985491+07:00  [INF] Removing 2 grants (62cd9308)
2020-10-21T11:58:14.4335521+07:00  [INF] Removing 0 device flow codes (171ba47d)
2020-10-21T11:58:44.4847718+07:00  [INF] Removing 0 grants (62cd9308)
2020-10-21T11:58:44.5173534+07:00  [INF] Removing 0 device flow codes (171ba47d)
2020-10-21T11:59:14.5596904+07:00  [INF] Removing 1 grants (62cd9308)
2020-10-21T11:59:14.6164719+07:00  [INF] Removing 0 device flow codes (171ba47d)
2020-10-21T11:59:44.6661709+07:00  [INF] Removing 0 grants (62cd9308)
2020-10-21T11:59:44.7025774+07:00  [INF] Removing 0 device flow codes (171ba47d)
2020-10-21T12:00:14.7390164+07:00  [INF] Removing 0 grants (62cd9308)
2020-10-21T12:00:14.7624150+07:00  [INF] Removing 0 device flow codes (171ba47d)
2020-10-21T12:00:44.7901150+07:00  [INF] Removing 0 grants (62cd9308)
2020-10-21T12:00:44.8235966+07:00  [INF] Removing 0 device flow codes (171ba47d)
2020-10-21T12:01:14.8700191+07:00  [INF] Removing 0 grants (62cd9308)
2020-10-21T12:01:14.8878852+07:00  [INF] Removing 0 device flow codes (171ba47d)
2020-10-21T14:33:48.6591614+07:00  [INF] Starting IdentityServer4 version "3.1.3.0" (8add0571)
2020-10-21T14:33:48.6973951+07:00  [INF] Using the default authentication scheme "Identity.Application" for IdentityServer (4a54f457)
2020-10-21T14:33:49.3784426+07:00  [INF] Application started. Press Ctrl+C to shut down. (dcaefe54)
2020-10-21T14:33:49.3815338+07:00  [INF] Hosting environment: "Development" (c3307c92)
2020-10-21T14:33:49.3842198+07:00  [INF] Content root path: "D:\CmsApp\CmsApp" (b5d60022)
2020-10-21T14:34:18.9383296+07:00  [INF] Removing 2 grants (62cd9308)
2020-10-21T14:34:19.4779746+07:00  [INF] Removing 0 device flow codes (171ba47d)
2020-10-21T14:34:49.5234501+07:00  [INF] Removing 0 grants (62cd9308)
2020-10-21T14:34:49.5482384+07:00  [INF] Removing 0 device flow codes (171ba47d)
2020-10-21T14:35:19.5946737+07:00  [INF] Removing 0 grants (62cd9308)
2020-10-21T14:35:19.6237465+07:00  [INF] Removing 0 device flow codes (171ba47d)
2020-10-21T14:35:49.6683985+07:00  [INF] Removing 0 grants (62cd9308)
2020-10-21T14:35:49.6907094+07:00  [INF] Removing 0 device flow codes (171ba47d)
2020-10-21T14:36:19.7511628+07:00  [INF] Removing 0 grants (62cd9308)
2020-10-21T14:36:19.7754810+07:00  [INF] Removing 0 device flow codes (171ba47d)
2020-10-21T14:36:49.8177918+07:00  [INF] Removing 0 grants (62cd9308)
2020-10-21T14:36:49.8275084+07:00  [INF] Removing 0 device flow codes (171ba47d)
2020-10-21T14:37:19.8603198+07:00  [INF] Removing 0 grants (62cd9308)
2020-10-21T14:37:19.9137824+07:00  [INF] Removing 0 device flow codes (171ba47d)
2020-10-21T14:37:49.9808317+07:00  [INF] Removing 0 grants (62cd9308)
2020-10-21T14:37:49.9992556+07:00  [INF] Removing 0 device flow codes (171ba47d)
2020-10-21T14:38:20.0650885+07:00  [INF] Removing 0 grants (62cd9308)
2020-10-21T14:38:20.0753392+07:00  [INF] Removing 0 device flow codes (171ba47d)
2020-10-21T14:38:50.1317081+07:00  [INF] Removing 0 grants (62cd9308)
2020-10-21T14:38:50.1407546+07:00  [INF] Removing 0 device flow codes (171ba47d)
2020-10-21T14:39:20.1584651+07:00  [INF] Removing 0 grants (62cd9308)
2020-10-21T14:39:20.2021879+07:00  [INF] Removing 0 device flow codes (171ba47d)
2020-10-21T14:39:50.6560795+07:00  [INF] Removing 0 grants (62cd9308)
2020-10-21T14:39:50.6802931+07:00  [INF] Removing 0 device flow codes (171ba47d)
2020-10-21T14:40:20.7095663+07:00  [INF] Removing 0 grants (62cd9308)
2020-10-21T14:40:20.7193419+07:00  [INF] Removing 0 device flow codes (171ba47d)
2020-10-21T14:40:50.7593777+07:00  [INF] Removing 0 grants (62cd9308)
2020-10-21T14:40:50.7729428+07:00  [INF] Removing 0 device flow codes (171ba47d)
2020-10-21T14:41:20.8149157+07:00  [INF] Removing 0 grants (62cd9308)
2020-10-21T14:41:20.8276687+07:00  [INF] Removing 0 device flow codes (171ba47d)
2020-10-21T14:41:50.8776901+07:00  [INF] Removing 0 grants (62cd9308)
2020-10-21T14:41:50.9036593+07:00  [INF] Removing 0 device flow codes (171ba47d)
2020-10-21T14:42:20.9282245+07:00  [INF] Removing 0 grants (62cd9308)
2020-10-21T14:42:20.9539432+07:00  [INF] Removing 0 device flow codes (171ba47d)
2020-10-21T14:42:50.9758306+07:00  [INF] Removing 0 grants (62cd9308)
2020-10-21T14:42:51.0014889+07:00  [INF] Removing 0 device flow codes (171ba47d)
2020-10-21T14:43:21.9097841+07:00  [INF] Removing 0 grants (62cd9308)
2020-10-21T14:43:21.9807328+07:00  [INF] Removing 0 device flow codes (171ba47d)
2020-10-21T15:02:23.8967951+07:00  [INF] Starting IdentityServer4 version "3.1.3.0" (8add0571)
2020-10-21T15:02:23.9547070+07:00  [INF] Using the default authentication scheme "Identity.Application" for IdentityServer (4a54f457)
2020-10-21T15:02:24.4392171+07:00  [INF] Application started. Press Ctrl+C to shut down. (dcaefe54)
2020-10-21T15:02:24.6022308+07:00  [INF] Hosting environment: "Development" (c3307c92)
2020-10-21T15:02:24.6135884+07:00  [INF] Content root path: "D:\CmsApp\CmsApp" (b5d60022)
2020-10-21T15:02:54.2142743+07:00  [INF] Removing 0 grants (62cd9308)
2020-10-21T15:02:54.2952997+07:00  [INF] Removing 0 device flow codes (171ba47d)
2020-10-21T15:03:04.2544741+07:00  [ERR] ERROR in src/app/components/patients/patients.component.html:44:80 - error TS2339: Property 'PatientFirstName' does not exist on type 'string'.

44                 <input type="text" class="form-control" placeholder=""value="{firstname.PatientFirstName}" />
                                                                                  ~~~~~~~~~~~~~~~~~~~~~~~~~~

  src/app/components/patients/patients.component.ts:9:16
    9   templateUrl: './patients.component.html',
                     ~~~~~~~~~~~~~~~~~~~~~~~~~~~
    Error occurs in the template of component PatientsComponent.

 (2fbde57b)
2020-10-21T15:03:24.3577815+07:00  [INF] Removing 0 grants (62cd9308)
2020-10-21T15:03:24.3668596+07:00  [INF] Removing 0 device flow codes (171ba47d)
2020-10-21T15:05:05.0193797+07:00  [INF] Starting IdentityServer4 version "3.1.3.0" (8add0571)
2020-10-21T15:05:05.0691616+07:00  [INF] Using the default authentication scheme "Identity.Application" for IdentityServer (4a54f457)
2020-10-21T15:05:05.5730166+07:00  [INF] Application started. Press Ctrl+C to shut down. (dcaefe54)
2020-10-21T15:05:05.5988842+07:00  [INF] Hosting environment: "Development" (c3307c92)
2020-10-21T15:05:05.6037736+07:00  [INF] Content root path: "D:\CmsApp\CmsApp" (b5d60022)
2020-10-21T15:05:36.0243300+07:00  [INF] Removing 1 grants (62cd9308)
2020-10-21T15:05:36.4387657+07:00  [INF] Removing 0 device flow codes (171ba47d)
2020-10-21T15:06:06.5849170+07:00  [INF] Removing 0 grants (62cd9308)
2020-10-21T15:06:06.6093672+07:00  [INF] Removing 0 device flow codes (171ba47d)
2020-10-21T15:06:37.6509060+07:00  [INF] Removing 0 grants (62cd9308)
2020-10-21T15:06:38.1211271+07:00  [INF] Removing 0 device flow codes (171ba47d)
2020-10-21T15:07:03.9065610+07:00 8000000a-0000-fc00-b63f-84710c7967bb [INF] Invoking IdentityServer endpoint: "IdentityServer4.Endpoints.DiscoveryEndpoint" for "/.well-known/openid-configuration" (f7642de5)
2020-10-21T15:07:05.3991577+07:00 8000000c-0000-fc00-b63f-84710c7967bb [INF] Invoking IdentityServer endpoint: "IdentityServer4.Endpoints.DiscoveryKeyEndpoint" for "/.well-known/openid-configuration/jwks" (f7642de5)
2020-10-21T15:07:05.5085623+07:00 80000062-0001-f100-b63f-84710c7967bb [INF] Invoking IdentityServer endpoint: "IdentityServer4.Endpoints.TokenEndpoint" for "/connect/token" (f7642de5)
2020-10-21T15:07:06.7638247+07:00 80000062-0001-f100-b63f-84710c7967bb [INF] Credentials validated for username: "kreangkrai" (cb811aa7)
2020-10-21T15:07:06.9035927+07:00 80000062-0001-f100-b63f-84710c7967bb [INF] Token request validation success, TokenRequestValidationLog { ClientId: "cmsapp_spa", ClientName: null, GrantType: "password", Scopes: "cmsapp_api email offline_access openid phone profile roles", AuthorizationCode: null, RefreshToken: null, UserName: "kreangkrai", AuthenticationContextReferenceClasses: null, Tenant: null, IdP: null, Raw: [("username": "kreangkrai"), ("password": "***REDACTED***"), ("client_id": "cmsapp_spa"), ("grant_type": "password"), ("scope": "openid email phone profile offline_access roles cmsapp_api")] } (3a073258)
2020-10-21T15:07:08.1909248+07:00  [INF] Removing 0 grants (62cd9308)
2020-10-21T15:07:08.2703819+07:00  [INF] Removing 0 device flow codes (171ba47d)
2020-10-21T15:07:38.5840065+07:00  [INF] Removing 0 grants (62cd9308)
2020-10-21T15:07:38.6788149+07:00  [INF] Removing 0 device flow codes (171ba47d)
2020-10-21T15:08:08.7364778+07:00  [INF] Removing 0 grants (62cd9308)
2020-10-21T15:08:08.7814792+07:00  [INF] Removing 0 device flow codes (171ba47d)
2020-10-21T15:08:38.7999269+07:00  [INF] Removing 0 grants (62cd9308)
2020-10-21T15:08:38.8292396+07:00  [INF] Removing 0 device flow codes (171ba47d)
2020-10-21T15:09:08.8554622+07:00  [INF] Removing 0 grants (62cd9308)
2020-10-21T15:09:08.8825146+07:00  [INF] Removing 0 device flow codes (171ba47d)
2020-10-21T15:09:38.9280630+07:00  [INF] Removing 0 grants (62cd9308)
2020-10-21T15:09:38.9685039+07:00  [INF] Removing 0 device flow codes (171ba47d)
2020-10-21T15:10:09.0195756+07:00  [INF] Removing 1 grants (62cd9308)
2020-10-21T15:10:09.0697432+07:00  [INF] Removing 0 device flow codes (171ba47d)
2020-10-21T15:10:39.1833617+07:00  [INF] Removing 0 grants (62cd9308)
2020-10-21T15:10:39.1921753+07:00  [INF] Removing 0 device flow codes (171ba47d)
2020-10-21T15:11:09.2320500+07:00  [INF] Removing 0 grants (62cd9308)
2020-10-21T15:11:09.2583486+07:00  [INF] Removing 0 device flow codes (171ba47d)
2020-10-21T15:11:39.2892642+07:00  [INF] Removing 0 grants (62cd9308)
2020-10-21T15:11:39.3096708+07:00  [INF] Removing 0 device flow codes (171ba47d)
2020-10-21T15:12:09.3386670+07:00  [INF] Removing 0 grants (62cd9308)
2020-10-21T15:12:09.3626093+07:00  [INF] Removing 0 device flow codes (171ba47d)
2020-10-21T15:12:39.3880021+07:00  [INF] Removing 0 grants (62cd9308)
2020-10-21T15:12:39.4259168+07:00  [INF] Removing 0 device flow codes (171ba47d)
2020-10-21T15:13:09.4668648+07:00  [INF] Removing 0 grants (62cd9308)
2020-10-21T15:13:09.4817259+07:00  [INF] Removing 0 device flow codes (171ba47d)
2020-10-21T15:13:39.5061883+07:00  [INF] Removing 0 grants (62cd9308)
2020-10-21T15:13:39.5294653+07:00  [INF] Removing 0 device flow codes (171ba47d)
2020-10-21T15:14:09.5479451+07:00  [INF] Removing 0 grants (62cd9308)
2020-10-21T15:14:09.5715244+07:00  [INF] Removing 0 device flow codes (171ba47d)
2020-10-21T15:14:39.6088241+07:00  [INF] Removing 0 grants (62cd9308)
2020-10-21T15:14:39.6230945+07:00  [INF] Removing 0 device flow codes (171ba47d)
2020-10-21T15:15:09.6678246+07:00  [INF] Removing 0 grants (62cd9308)
2020-10-21T15:15:09.6768976+07:00  [INF] Removing 0 device flow codes (171ba47d)
2020-10-21T15:15:39.7145787+07:00  [INF] Removing 0 grants (62cd9308)
2020-10-21T15:15:39.7329944+07:00  [INF] Removing 0 device flow codes (171ba47d)
2020-10-21T15:16:09.7885358+07:00  [INF] Removing 0 grants (62cd9308)
2020-10-21T15:16:09.8029834+07:00  [INF] Removing 0 device flow codes (171ba47d)
2020-10-21T15:16:39.8263594+07:00  [INF] Removing 0 grants (62cd9308)
2020-10-21T15:16:39.8614427+07:00  [INF] Removing 0 device flow codes (171ba47d)
2020-10-21T15:17:09.9038596+07:00  [INF] Removing 0 grants (62cd9308)
2020-10-21T15:17:09.9104303+07:00  [INF] Removing 0 device flow codes (171ba47d)
2020-10-21T15:17:39.9387514+07:00  [INF] Removing 0 grants (62cd9308)
2020-10-21T15:17:39.9491891+07:00  [INF] Removing 0 device flow codes (171ba47d)
2020-10-21T15:18:09.9680394+07:00  [INF] Removing 0 grants (62cd9308)
2020-10-21T15:18:09.9775227+07:00  [INF] Removing 0 device flow codes (171ba47d)
2020-10-21T15:18:40.0031062+07:00  [INF] Removing 0 grants (62cd9308)
2020-10-21T15:18:40.0128076+07:00  [INF] Removing 0 device flow codes (171ba47d)
2020-10-21T15:19:10.0409573+07:00  [INF] Removing 0 grants (62cd9308)
2020-10-21T15:19:10.0485144+07:00  [INF] Removing 0 device flow codes (171ba47d)
2020-10-21T15:49:22.9227887+07:00  [INF] Starting IdentityServer4 version "3.1.3.0" (8add0571)
2020-10-21T15:49:22.9718566+07:00  [INF] Using the default authentication scheme "Identity.Application" for IdentityServer (4a54f457)
2020-10-21T15:49:23.3400883+07:00  [INF] Application started. Press Ctrl+C to shut down. (dcaefe54)
2020-10-21T15:49:23.3660325+07:00  [INF] Hosting environment: "Development" (c3307c92)
2020-10-21T15:49:23.3694032+07:00  [INF] Content root path: "D:\CmsApp\CmsApp" (b5d60022)
2020-10-21T15:49:53.2142393+07:00  [INF] Removing 0 grants (62cd9308)
2020-10-21T15:49:53.2630042+07:00  [INF] Removing 0 device flow codes (171ba47d)
2020-10-21T15:50:23.3223688+07:00  [INF] Removing 0 grants (62cd9308)
2020-10-21T15:50:23.3321574+07:00  [INF] Removing 0 device flow codes (171ba47d)
2020-10-21T15:50:53.3791382+07:00  [INF] Removing 0 grants (62cd9308)
2020-10-21T15:50:53.4126728+07:00  [INF] Removing 0 device flow codes (171ba47d)
2020-10-21T15:51:23.4558998+07:00  [INF] Removing 0 grants (62cd9308)
2020-10-21T15:51:23.4822055+07:00  [INF] Removing 0 device flow codes (171ba47d)
2020-10-21T15:51:53.5092494+07:00  [INF] Removing 0 grants (62cd9308)
2020-10-21T15:51:53.5301634+07:00  [INF] Removing 0 device flow codes (171ba47d)
2020-10-21T15:52:23.5544744+07:00  [INF] Removing 0 grants (62cd9308)
2020-10-21T15:52:23.5722673+07:00  [INF] Removing 0 device flow codes (171ba47d)
2020-10-21T15:52:53.6854857+07:00  [INF] Removing 1 grants (62cd9308)
2020-10-21T15:52:53.9553526+07:00  [INF] Removing 0 device flow codes (171ba47d)
2020-10-21T15:55:30.4345417+07:00  [INF] Starting IdentityServer4 version "3.1.3.0" (8add0571)
2020-10-21T15:55:30.4758601+07:00  [INF] Using the default authentication scheme "Identity.Application" for IdentityServer (4a54f457)
2020-10-21T15:55:30.8034225+07:00  [INF] Application started. Press Ctrl+C to shut down. (dcaefe54)
2020-10-21T15:55:30.8064891+07:00  [INF] Hosting environment: "Development" (c3307c92)
2020-10-21T15:55:30.8282436+07:00  [INF] Content root path: "D:\CmsApp\CmsApp" (b5d60022)
2020-10-21T15:56:00.9030793+07:00  [INF] Removing 0 grants (62cd9308)
2020-10-21T15:56:01.0352052+07:00  [INF] Removing 0 device flow codes (171ba47d)
2020-10-21T15:56:31.0779212+07:00  [INF] Removing 0 grants (62cd9308)
2020-10-21T15:56:31.0894235+07:00  [INF] Removing 0 device flow codes (171ba47d)
2020-10-21T15:57:01.1271610+07:00  [INF] Removing 0 grants (62cd9308)
2020-10-21T15:57:01.1426763+07:00  [INF] Removing 0 device flow codes (171ba47d)
2020-10-21T15:57:14.6780324+07:00 800000b0-0001-f400-b63f-84710c7967bb [INF] Invoking IdentityServer endpoint: "IdentityServer4.Endpoints.DiscoveryEndpoint" for "/.well-known/openid-configuration" (f7642de5)
2020-10-21T15:57:15.9387058+07:00 800000b2-0001-f400-b63f-84710c7967bb [INF] Invoking IdentityServer endpoint: "IdentityServer4.Endpoints.DiscoveryKeyEndpoint" for "/.well-known/openid-configuration/jwks" (f7642de5)
2020-10-21T15:57:15.9974425+07:00 80000046-0002-f700-b63f-84710c7967bb [INF] Invoking IdentityServer endpoint: "IdentityServer4.Endpoints.TokenEndpoint" for "/connect/token" (f7642de5)
2020-10-21T15:57:17.6392180+07:00 80000046-0002-f700-b63f-84710c7967bb [INF] Credentials validated for username: "kreangkrai" (cb811aa7)
2020-10-21T15:57:17.7452676+07:00 80000046-0002-f700-b63f-84710c7967bb [INF] Token request validation success, TokenRequestValidationLog { ClientId: "cmsapp_spa", ClientName: null, GrantType: "password", Scopes: "cmsapp_api email offline_access openid phone profile roles", AuthorizationCode: null, RefreshToken: null, UserName: "kreangkrai", AuthenticationContextReferenceClasses: null, Tenant: null, IdP: null, Raw: [("username": "kreangkrai"), ("password": "***REDACTED***"), ("client_id": "cmsapp_spa"), ("grant_type": "password"), ("scope": "openid email phone profile offline_access roles cmsapp_api")] } (3a073258)
2020-10-21T15:57:31.1843832+07:00  [INF] Removing 0 grants (62cd9308)
2020-10-21T15:57:31.2166312+07:00  [INF] Removing 0 device flow codes (171ba47d)
2020-10-21T15:58:01.2538686+07:00  [INF] Removing 0 grants (62cd9308)
2020-10-21T15:58:01.3234466+07:00  [INF] Removing 0 device flow codes (171ba47d)
2020-10-21T15:58:31.3742865+07:00  [INF] Removing 0 grants (62cd9308)
2020-10-21T15:58:31.3886430+07:00  [INF] Removing 0 device flow codes (171ba47d)
2020-10-21T15:59:35.8927271+07:00  [INF] Removing 0 grants (62cd9308)
2020-10-21T15:59:35.9075858+07:00  [INF] Removing 0 device flow codes (171ba47d)
2020-10-21T16:00:16.8037696+07:00  [INF] Removing 0 grants (62cd9308)
2020-10-21T16:00:16.8134215+07:00  [INF] Removing 0 device flow codes (171ba47d)
2020-10-21T16:00:48.3743668+07:00  [INF] Removing 0 grants (62cd9308)
2020-10-21T16:00:48.4078956+07:00  [INF] Removing 0 device flow codes (171ba47d)
2020-10-21T16:01:50.5627729+07:00  [INF] Removing 0 grants (62cd9308)
2020-10-21T16:01:50.5969911+07:00  [INF] Removing 0 device flow codes (171ba47d)
2020-10-21T16:02:29.8612876+07:00  [INF] Removing 0 grants (62cd9308)
2020-10-21T16:02:29.8862234+07:00  [INF] Removing 0 device flow codes (171ba47d)
2020-10-21T16:05:02.7778658+07:00  [INF] Removing 0 grants (62cd9308)
2020-10-21T16:05:02.8009131+07:00  [INF] Removing 0 device flow codes (171ba47d)
2020-10-21T16:05:37.5355243+07:00  [INF] Removing 0 grants (62cd9308)
2020-10-21T16:05:37.5721240+07:00  [INF] Removing 0 device flow codes (171ba47d)
2020-10-21T16:06:07.5895819+07:00  [INF] Removing 0 grants (62cd9308)
2020-10-21T16:06:07.5987255+07:00  [INF] Removing 0 device flow codes (171ba47d)
2020-10-21T16:06:41.0937185+07:00  [INF] Removing 0 grants (62cd9308)
2020-10-21T16:06:41.1216003+07:00  [INF] Removing 0 device flow codes (171ba47d)
2020-10-21T16:07:12.0751827+07:00  [INF] Removing 0 grants (62cd9308)
2020-10-21T16:07:12.0957818+07:00  [INF] Removing 0 device flow codes (171ba47d)
2020-10-21T16:07:44.3702657+07:00  [INF] Removing 0 grants (62cd9308)
2020-10-21T16:07:44.3920391+07:00  [INF] Removing 0 device flow codes (171ba47d)
2020-10-21T16:08:25.3359378+07:00  [INF] Removing 0 grants (62cd9308)
2020-10-21T16:08:25.3545095+07:00  [INF] Removing 0 device flow codes (171ba47d)
2020-10-21T16:08:57.7892079+07:00  [INF] Removing 0 grants (62cd9308)
2020-10-21T16:08:57.7988709+07:00  [INF] Removing 0 device flow codes (171ba47d)
2020-10-21T16:09:28.0537292+07:00  [INF] Removing 0 grants (62cd9308)
2020-10-21T16:09:28.0653980+07:00  [INF] Removing 0 device flow codes (171ba47d)
2020-10-21T16:09:58.5571352+07:00  [INF] Removing 0 grants (62cd9308)
2020-10-21T16:09:58.5657970+07:00  [INF] Removing 0 device flow codes (171ba47d)
2020-10-21T16:28:46.1379393+07:00  [INF] Starting IdentityServer4 version "3.1.3.0" (8add0571)
2020-10-21T16:28:46.2018249+07:00  [INF] Using the default authentication scheme "Identity.Application" for IdentityServer (4a54f457)
2020-10-21T16:28:46.7358056+07:00  [INF] Application started. Press Ctrl+C to shut down. (dcaefe54)
2020-10-21T16:28:46.7389372+07:00  [INF] Hosting environment: "Development" (c3307c92)
2020-10-21T16:28:46.7520202+07:00  [INF] Content root path: "D:\CmsApp\CmsApp" (b5d60022)
2020-10-21T16:29:16.6449132+07:00  [INF] Removing 0 grants (62cd9308)
2020-10-21T16:29:16.7089435+07:00  [INF] Removing 0 device flow codes (171ba47d)
2020-10-21T16:29:46.7721426+07:00  [INF] Removing 0 grants (62cd9308)
2020-10-21T16:29:46.7858912+07:00  [INF] Removing 0 device flow codes (171ba47d)
2020-10-21T16:30:16.8209521+07:00  [INF] Removing 0 grants (62cd9308)
2020-10-21T16:30:16.8360847+07:00  [INF] Removing 0 device flow codes (171ba47d)
2020-10-21T16:30:46.8612310+07:00  [INF] Removing 0 grants (62cd9308)
2020-10-21T16:30:46.8736160+07:00  [INF] Removing 0 device flow codes (171ba47d)
2020-10-21T16:31:16.8921615+07:00  [INF] Removing 0 grants (62cd9308)
2020-10-21T16:31:16.9046778+07:00  [INF] Removing 0 device flow codes (171ba47d)
2020-10-21T16:31:46.9237565+07:00  [INF] Removing 0 grants (62cd9308)
2020-10-21T16:31:46.9347048+07:00  [INF] Removing 0 device flow codes (171ba47d)
2020-10-21T16:32:16.9579015+07:00  [INF] Removing 0 grants (62cd9308)
2020-10-21T16:32:16.9950581+07:00  [INF] Removing 0 device flow codes (171ba47d)
2020-10-21T16:32:47.0382157+07:00  [INF] Removing 0 grants (62cd9308)
2020-10-21T16:32:47.0743696+07:00  [INF] Removing 0 device flow codes (171ba47d)
2020-10-21T16:33:17.0974055+07:00  [INF] Removing 0 grants (62cd9308)
2020-10-21T16:33:17.1067130+07:00  [INF] Removing 0 device flow codes (171ba47d)
2020-10-21T16:33:47.1348595+07:00  [INF] Removing 0 grants (62cd9308)
2020-10-21T16:33:47.1576000+07:00  [INF] Removing 0 device flow codes (171ba47d)
2020-10-21T16:34:17.2056166+07:00  [INF] Removing 0 grants (62cd9308)
2020-10-21T16:34:17.2161209+07:00  [INF] Removing 0 device flow codes (171ba47d)
2020-10-21T16:34:47.2822480+07:00  [INF] Removing 0 grants (62cd9308)
2020-10-21T16:34:47.3046211+07:00  [INF] Removing 0 device flow codes (171ba47d)
2020-10-21T16:35:17.3225293+07:00  [INF] Removing 0 grants (62cd9308)
2020-10-21T16:35:17.3307332+07:00  [INF] Removing 0 device flow codes (171ba47d)
2020-10-21T16:35:47.3652165+07:00  [INF] Removing 0 grants (62cd9308)
2020-10-21T16:35:47.3749158+07:00  [INF] Removing 0 device flow codes (171ba47d)
2020-10-21T16:36:17.4225338+07:00  [INF] Removing 0 grants (62cd9308)
2020-10-21T16:36:17.4526857+07:00  [INF] Removing 0 device flow codes (171ba47d)
2020-10-21T16:36:47.4958905+07:00  [INF] Removing 0 grants (62cd9308)
2020-10-21T16:36:47.5064873+07:00  [INF] Removing 0 device flow codes (171ba47d)
2020-10-21T16:37:17.5444652+07:00  [INF] Removing 0 grants (62cd9308)
2020-10-21T16:37:17.5541242+07:00  [INF] Removing 0 device flow codes (171ba47d)
2020-10-21T16:37:47.5645726+07:00  [INF] Removing 0 grants (62cd9308)
2020-10-21T16:37:47.5725538+07:00  [INF] Removing 0 device flow codes (171ba47d)
2020-10-21T16:38:17.5897185+07:00  [INF] Removing 0 grants (62cd9308)
2020-10-21T16:38:17.5993466+07:00  [INF] Removing 0 device flow codes (171ba47d)
2020-10-21T16:38:47.6220866+07:00  [INF] Removing 0 grants (62cd9308)
2020-10-21T16:38:47.6305356+07:00  [INF] Removing 0 device flow codes (171ba47d)
2020-10-21T16:39:17.6709643+07:00  [INF] Removing 0 grants (62cd9308)
2020-10-21T16:39:17.6964774+07:00  [INF] Removing 0 device flow codes (171ba47d)
2020-10-21T16:39:18.0589272+07:00 80000093-0001-f100-b63f-84710c7967bb [INF] Invoking IdentityServer endpoint: "IdentityServer4.Endpoints.DiscoveryEndpoint" for "/.well-known/openid-configuration" (f7642de5)
2020-10-21T16:39:19.4786378+07:00 80000095-0001-f100-b63f-84710c7967bb [INF] Invoking IdentityServer endpoint: "IdentityServer4.Endpoints.DiscoveryKeyEndpoint" for "/.well-known/openid-configuration/jwks" (f7642de5)
2020-10-21T16:39:19.6077420+07:00 8000005b-0000-ff00-b63f-84710c7967bb [INF] Invoking IdentityServer endpoint: "IdentityServer4.Endpoints.TokenEndpoint" for "/connect/token" (f7642de5)
2020-10-21T16:39:20.8683189+07:00 8000005b-0000-ff00-b63f-84710c7967bb [INF] Credentials validated for username: "kreangkrai" (cb811aa7)
2020-10-21T16:39:20.9755851+07:00 8000005b-0000-ff00-b63f-84710c7967bb [INF] Token request validation success, TokenRequestValidationLog { ClientId: "cmsapp_spa", ClientName: null, GrantType: "password", Scopes: "cmsapp_api email offline_access openid phone profile roles", AuthorizationCode: null, RefreshToken: null, UserName: "kreangkrai", AuthenticationContextReferenceClasses: null, Tenant: null, IdP: null, Raw: [("username": "kreangkrai"), ("password": "***REDACTED***"), ("client_id": "cmsapp_spa"), ("grant_type": "password"), ("scope": "openid email phone profile offline_access roles cmsapp_api")] } (3a073258)
2020-10-21T16:39:48.1849006+07:00  [INF] Removing 0 grants (62cd9308)
2020-10-21T16:39:48.3133593+07:00  [INF] Removing 0 device flow codes (171ba47d)
2020-10-21T16:40:18.3326662+07:00  [INF] Removing 0 grants (62cd9308)
2020-10-21T16:40:18.3437872+07:00  [INF] Removing 0 device flow codes (171ba47d)
2020-10-21T16:40:48.4056718+07:00  [INF] Removing 0 grants (62cd9308)
2020-10-21T16:40:48.4366146+07:00  [INF] Removing 0 device flow codes (171ba47d)
2020-10-21T16:41:18.4511143+07:00  [INF] Removing 0 grants (62cd9308)
2020-10-21T16:41:18.4598466+07:00  [INF] Removing 0 device flow codes (171ba47d)
2020-10-21T16:41:48.4947649+07:00  [INF] Removing 0 grants (62cd9308)
2020-10-21T16:41:48.5047545+07:00  [INF] Removing 0 device flow codes (171ba47d)
2020-10-21T16:42:18.5399350+07:00  [INF] Removing 0 grants (62cd9308)
2020-10-21T16:42:18.5509307+07:00  [INF] Removing 0 device flow codes (171ba47d)
2020-10-21T16:42:48.6262069+07:00  [INF] Removing 0 grants (62cd9308)
2020-10-21T16:42:48.6349204+07:00  [INF] Removing 0 device flow codes (171ba47d)
2020-10-21T16:43:18.6531172+07:00  [INF] Removing 0 grants (62cd9308)
2020-10-21T16:43:18.6627348+07:00  [INF] Removing 0 device flow codes (171ba47d)
2020-10-21T16:43:48.6809223+07:00  [INF] Removing 0 grants (62cd9308)
2020-10-21T16:43:48.8640122+07:00  [INF] Removing 0 device flow codes (171ba47d)
2020-10-21T16:44:18.9095928+07:00  [INF] Removing 0 grants (62cd9308)
2020-10-21T16:44:18.9243573+07:00  [INF] Removing 0 device flow codes (171ba47d)
2020-10-21T16:44:48.9496938+07:00  [INF] Removing 0 grants (62cd9308)
2020-10-21T16:44:48.9845283+07:00  [INF] Removing 0 device flow codes (171ba47d)
2020-10-21T16:45:18.9995088+07:00  [INF] Removing 0 grants (62cd9308)
2020-10-21T16:45:19.0119467+07:00  [INF] Removing 0 device flow codes (171ba47d)
2020-10-21T16:45:49.0350350+07:00  [INF] Removing 0 grants (62cd9308)
2020-10-21T16:45:49.0424637+07:00  [INF] Removing 0 device flow codes (171ba47d)
2020-10-21T16:46:19.0558340+07:00  [INF] Removing 0 grants (62cd9308)
2020-10-21T16:46:19.0825018+07:00  [INF] Removing 0 device flow codes (171ba47d)
2020-10-21T16:46:49.1203986+07:00  [INF] Removing 0 grants (62cd9308)
2020-10-21T16:46:49.1388381+07:00  [INF] Removing 0 device flow codes (171ba47d)
2020-10-21T16:47:19.1622813+07:00  [INF] Removing 0 grants (62cd9308)
2020-10-21T16:47:19.1706682+07:00  [INF] Removing 0 device flow codes (171ba47d)
2020-10-21T16:47:49.1902372+07:00  [INF] Removing 0 grants (62cd9308)
2020-10-21T16:47:49.1988574+07:00  [INF] Removing 0 device flow codes (171ba47d)
2020-10-21T16:48:19.2359398+07:00  [INF] Removing 0 grants (62cd9308)
2020-10-21T16:48:19.2457746+07:00  [INF] Removing 0 device flow codes (171ba47d)
2020-10-21T16:48:49.2925959+07:00  [INF] Removing 0 grants (62cd9308)
2020-10-21T16:48:49.3200325+07:00  [INF] Removing 0 device flow codes (171ba47d)
2020-10-21T16:49:19.3588291+07:00  [INF] Removing 0 grants (62cd9308)
2020-10-21T16:49:19.3821063+07:00  [INF] Removing 0 device flow codes (171ba47d)
2020-10-21T16:49:49.3988781+07:00  [INF] Removing 0 grants (62cd9308)
2020-10-21T16:49:49.4071093+07:00  [INF] Removing 0 device flow codes (171ba47d)
2020-10-21T16:50:19.4271173+07:00  [INF] Removing 0 grants (62cd9308)
2020-10-21T16:50:19.4361287+07:00  [INF] Removing 0 device flow codes (171ba47d)
2020-10-21T16:50:49.4709877+07:00  [INF] Removing 0 grants (62cd9308)
2020-10-21T16:50:49.5125961+07:00  [INF] Removing 0 device flow codes (171ba47d)
2020-10-21T16:51:19.5626727+07:00  [INF] Removing 0 grants (62cd9308)
2020-10-21T16:51:19.5720733+07:00  [INF] Removing 0 device flow codes (171ba47d)
2020-10-21T16:51:49.6050909+07:00  [INF] Removing 0 grants (62cd9308)
2020-10-21T16:51:49.6135204+07:00  [INF] Removing 0 device flow codes (171ba47d)
2020-10-21T16:52:19.6305729+07:00  [INF] Removing 0 grants (62cd9308)
2020-10-21T16:52:19.6392336+07:00  [INF] Removing 0 device flow codes (171ba47d)
2020-10-21T16:52:49.6603311+07:00  [INF] Removing 0 grants (62cd9308)
2020-10-21T16:52:49.6696176+07:00  [INF] Removing 0 device flow codes (171ba47d)
2020-10-21T16:53:19.6807168+07:00  [INF] Removing 0 grants (62cd9308)
2020-10-21T16:53:19.6894778+07:00  [INF] Removing 0 device flow codes (171ba47d)
2020-10-21T16:53:49.7322822+07:00  [INF] Removing 0 grants (62cd9308)
2020-10-21T16:53:49.7427497+07:00  [INF] Removing 0 device flow codes (171ba47d)
2020-10-21T16:54:19.7991000+07:00  [INF] Removing 0 grants (62cd9308)
2020-10-21T16:54:19.8093861+07:00  [INF] Removing 0 device flow codes (171ba47d)
2020-10-21T16:54:49.8216948+07:00  [INF] Removing 0 grants (62cd9308)
2020-10-21T16:54:49.8308148+07:00  [INF] Removing 0 device flow codes (171ba47d)
2020-10-21T16:55:19.8544349+07:00  [INF] Removing 0 grants (62cd9308)
2020-10-21T16:55:19.8639589+07:00  [INF] Removing 0 device flow codes (171ba47d)
2020-10-21T16:55:49.8887670+07:00  [INF] Removing 0 grants (62cd9308)
2020-10-21T16:55:49.9119165+07:00  [INF] Removing 0 device flow codes (171ba47d)
2020-10-21T16:56:19.9408889+07:00  [INF] Removing 0 grants (62cd9308)
2020-10-21T16:56:19.9621130+07:00  [INF] Removing 0 device flow codes (171ba47d)
2020-10-21T16:56:49.9981647+07:00  [INF] Removing 0 grants (62cd9308)
2020-10-21T16:56:50.0192305+07:00  [INF] Removing 0 device flow codes (171ba47d)
2020-10-21T16:57:20.0425064+07:00  [INF] Removing 0 grants (62cd9308)
2020-10-21T16:57:20.0517126+07:00  [INF] Removing 0 device flow codes (171ba47d)
2020-10-21T16:57:50.9638649+07:00  [INF] Removing 0 grants (62cd9308)
2020-10-21T16:57:51.0294258+07:00  [INF] Removing 0 device flow codes (171ba47d)
2020-10-21T16:58:21.0640419+07:00  [INF] Removing 0 grants (62cd9308)
2020-10-21T16:58:21.0781698+07:00  [INF] Removing 0 device flow codes (171ba47d)
2020-10-21T16:58:51.1425169+07:00  [INF] Removing 0 grants (62cd9308)
2020-10-21T16:58:51.1704356+07:00  [INF] Removing 0 device flow codes (171ba47d)
2020-10-21T16:59:21.1850974+07:00  [INF] Removing 0 grants (62cd9308)
2020-10-21T16:59:21.1961598+07:00  [INF] Removing 0 device flow codes (171ba47d)
