2020-08-10T14:08:10.3788027+07:00  [INF] Starting IdentityServer4 version "3.1.3.0" (8add0571)
2020-08-10T14:08:10.4886212+07:00  [INF] Using the default authentication scheme "Identity.Application" for IdentityServer (4a54f457)
2020-08-10T14:08:11.1197868+07:00  [INF] Application started. Press Ctrl+C to shut down. (dcaefe54)
2020-08-10T14:08:11.1229030+07:00  [INF] Hosting environment: "Development" (c3307c92)
2020-08-10T14:08:11.1257150+07:00  [INF] Content root path: "D:\CMS PROJECT\CmsApp\CmsApp" (b5d60022)
2020-08-10T14:08:40.6054128+07:00  [INF] Removing 0 grants (62cd9308)
2020-08-10T14:08:40.6771916+07:00  [INF] Removing 0 device flow codes (171ba47d)
2020-08-10T14:09:10.7678594+07:00  [INF] Removing 0 grants (62cd9308)
2020-08-10T14:09:10.7904684+07:00  [INF] Removing 0 device flow codes (171ba47d)
2020-08-10T14:09:40.8134218+07:00  [INF] Removing 0 grants (62cd9308)
2020-08-10T14:09:40.8279111+07:00  [INF] Removing 0 device flow codes (171ba47d)
2020-08-10T14:10:10.8516607+07:00  [INF] Removing 0 grants (62cd9308)
2020-08-10T14:10:10.8719598+07:00  [INF] Removing 0 device flow codes (171ba47d)
2020-08-10T14:10:40.9048765+07:00  [INF] Removing 0 grants (62cd9308)
2020-08-10T14:10:40.9145509+07:00  [INF] Removing 0 device flow codes (171ba47d)
2020-08-10T14:11:10.9468224+07:00  [INF] Removing 0 grants (62cd9308)
2020-08-10T14:11:10.9587265+07:00  [INF] Removing 0 device flow codes (171ba47d)
2020-08-10T14:11:40.9765070+07:00  [INF] Removing 0 grants (62cd9308)
2020-08-10T14:11:40.9866438+07:00  [INF] Removing 0 device flow codes (171ba47d)
2020-08-10T14:45:46.0965833+07:00  [INF] Starting IdentityServer4 version "3.1.3.0" (8add0571)
2020-08-10T14:45:46.1626649+07:00  [INF] Using the default authentication scheme "Identity.Application" for IdentityServer (4a54f457)
2020-08-10T14:45:46.5564057+07:00  [INF] Application started. Press Ctrl+C to shut down. (dcaefe54)
2020-08-10T14:45:46.5871736+07:00  [INF] Hosting environment: "Development" (c3307c92)
2020-08-10T14:45:46.5918019+07:00  [INF] Content root path: "D:\CMS PROJECT\CmsApp\CmsApp" (b5d60022)
2020-08-10T14:46:16.2524472+07:00  [INF] Removing 0 grants (62cd9308)
2020-08-10T14:46:16.2781412+07:00  [INF] Removing 0 device flow codes (171ba47d)
2020-08-10T14:46:46.3207453+07:00  [INF] Removing 0 grants (62cd9308)
2020-08-10T14:46:46.3422374+07:00  [INF] Removing 0 device flow codes (171ba47d)
2020-08-10T14:47:16.3835681+07:00  [INF] Removing 0 grants (62cd9308)
2020-08-10T14:47:16.4081154+07:00  [INF] Removing 0 device flow codes (171ba47d)
2020-08-10T14:47:46.4404918+07:00  [INF] Removing 0 grants (62cd9308)
2020-08-10T14:47:46.4520685+07:00  [INF] Removing 0 device flow codes (171ba47d)
2020-08-10T14:48:16.4775930+07:00  [INF] Removing 0 grants (62cd9308)
2020-08-10T14:48:16.4967352+07:00  [INF] Removing 0 device flow codes (171ba47d)
2020-08-10T14:48:46.5199687+07:00  [INF] Removing 0 grants (62cd9308)
2020-08-10T14:48:46.5353896+07:00  [INF] Removing 0 device flow codes (171ba47d)
2020-08-10T14:49:16.5669405+07:00  [INF] Removing 0 grants (62cd9308)
2020-08-10T14:49:16.5773485+07:00  [INF] Removing 0 device flow codes (171ba47d)
2020-08-10T14:49:46.6127045+07:00  [INF] Removing 0 grants (62cd9308)
2020-08-10T14:49:46.6213125+07:00  [INF] Removing 0 device flow codes (171ba47d)
2020-08-10T14:50:16.6463484+07:00  [INF] Removing 0 grants (62cd9308)
2020-08-10T14:50:16.6818179+07:00  [INF] Removing 0 device flow codes (171ba47d)
2020-08-10T14:50:46.7037170+07:00  [INF] Removing 0 grants (62cd9308)
2020-08-10T14:50:46.7241669+07:00  [INF] Removing 0 device flow codes (171ba47d)
2020-08-10T14:51:16.7632896+07:00  [INF] Removing 0 grants (62cd9308)
2020-08-10T14:51:16.7823687+07:00  [INF] Removing 0 device flow codes (171ba47d)
2020-08-10T14:51:46.8180738+07:00  [INF] Removing 0 grants (62cd9308)
2020-08-10T14:51:46.8361720+07:00  [INF] Removing 0 device flow codes (171ba47d)
2020-08-10T14:51:51.2471386+07:00 80000029-0000-f400-b63f-84710c7967bb [INF] Invoking IdentityServer endpoint: "IdentityServer4.Endpoints.DiscoveryEndpoint" for "/.well-known/openid-configuration" (f7642de5)
2020-08-10T14:51:52.1369065+07:00 8000006e-0001-ec00-b63f-84710c7967bb [INF] Invoking IdentityServer endpoint: "IdentityServer4.Endpoints.DiscoveryKeyEndpoint" for "/.well-known/openid-configuration/jwks" (f7642de5)
2020-08-10T14:51:52.2016584+07:00 8000002b-0000-f400-b63f-84710c7967bb [INF] Invoking IdentityServer endpoint: "IdentityServer4.Endpoints.TokenEndpoint" for "/connect/token" (f7642de5)
2020-08-10T14:51:53.0264250+07:00 8000002b-0000-f400-b63f-84710c7967bb [INF] Credentials validated for username: "user" (cb811aa7)
2020-08-10T14:51:53.0931588+07:00 8000002b-0000-f400-b63f-84710c7967bb [INF] Token request validation success, TokenRequestValidationLog { ClientId: "quickapp_spa", ClientName: null, GrantType: "password", Scopes: "email offline_access openid phone profile quickapp_api roles", AuthorizationCode: null, RefreshToken: null, UserName: "user", AuthenticationContextReferenceClasses: null, Tenant: null, IdP: null, Raw: [("username": "user"), ("password": "***REDACTED***"), ("client_id": "quickapp_spa"), ("grant_type": "password"), ("scope": "openid email phone profile offline_access roles quickapp_api")] } (3a073258)
2020-08-10T14:52:16.8655388+07:00  [INF] Removing 0 grants (62cd9308)
2020-08-10T14:52:16.8838771+07:00  [INF] Removing 0 device flow codes (171ba47d)
