2020-10-26T08:59:10.1547678+07:00  [INF] Starting IdentityServer4 version "3.1.3.0" (8add0571)
2020-10-26T08:59:10.6210604+07:00  [INF] Using the default authentication scheme "Identity.Application" for IdentityServer (4a54f457)
2020-10-26T08:59:11.5570584+07:00  [INF] Application started. Press Ctrl+C to shut down. (dcaefe54)
2020-10-26T08:59:11.5617732+07:00  [INF] Hosting environment: "Development" (c3307c92)
2020-10-26T08:59:11.5819475+07:00  [INF] Content root path: "D:\CmsApp\CmsApp" (b5d60022)
2020-10-26T08:59:40.9805714+07:00  [INF] Removing 19 grants (62cd9308)
2020-10-26T08:59:42.0030049+07:00  [INF] Removing 0 device flow codes (171ba47d)
2020-10-26T09:00:12.0516916+07:00  [INF] Removing 0 grants (62cd9308)
2020-10-26T09:00:12.0691282+07:00  [INF] Removing 0 device flow codes (171ba47d)
2020-10-26T09:00:42.1231771+07:00  [INF] Removing 0 grants (62cd9308)
2020-10-26T09:00:42.1481578+07:00  [INF] Removing 0 device flow codes (171ba47d)
2020-10-26T09:01:12.1756145+07:00  [INF] Removing 0 grants (62cd9308)
2020-10-26T09:01:12.1900693+07:00  [INF] Removing 0 device flow codes (171ba47d)
2020-10-26T09:01:42.2850624+07:00  [INF] Removing 0 grants (62cd9308)
2020-10-26T09:01:42.3541507+07:00  [INF] Removing 0 device flow codes (171ba47d)
2020-10-26T09:02:12.4107278+07:00  [INF] Removing 0 grants (62cd9308)
2020-10-26T09:02:12.4271354+07:00  [INF] Removing 0 device flow codes (171ba47d)
2020-10-26T09:02:42.4631166+07:00  [INF] Removing 0 grants (62cd9308)
2020-10-26T09:02:42.5240934+07:00  [INF] Removing 0 device flow codes (171ba47d)
2020-10-26T09:03:12.5423952+07:00  [INF] Removing 0 grants (62cd9308)
2020-10-26T09:03:12.5536216+07:00  [INF] Removing 0 device flow codes (171ba47d)
2020-10-26T09:03:42.5695546+07:00  [INF] Removing 0 grants (62cd9308)
2020-10-26T09:03:42.6195423+07:00  [INF] Removing 0 device flow codes (171ba47d)
2020-10-26T09:04:12.6611844+07:00  [INF] Removing 0 grants (62cd9308)
2020-10-26T09:04:12.6733842+07:00  [INF] Removing 0 device flow codes (171ba47d)
2020-10-26T09:04:18.0676276+07:00 80000007-0001-f400-b63f-84710c7967bb [INF] Invoking IdentityServer endpoint: "IdentityServer4.Endpoints.DiscoveryEndpoint" for "/.well-known/openid-configuration" (f7642de5)
2020-10-26T09:04:20.0481949+07:00 80000009-0001-f400-b63f-84710c7967bb [INF] Invoking IdentityServer endpoint: "IdentityServer4.Endpoints.DiscoveryKeyEndpoint" for "/.well-known/openid-configuration/jwks" (f7642de5)
2020-10-26T09:04:20.1255667+07:00 8000000c-0003-f900-b63f-84710c7967bb [INF] Invoking IdentityServer endpoint: "IdentityServer4.Endpoints.TokenEndpoint" for "/connect/token" (f7642de5)
2020-10-26T09:04:21.6303518+07:00 8000000c-0003-f900-b63f-84710c7967bb [INF] Credentials validated for username: "kreangkrai" (cb811aa7)
2020-10-26T09:04:21.7378688+07:00 8000000c-0003-f900-b63f-84710c7967bb [INF] Token request validation success, TokenRequestValidationLog { ClientId: "cmsapp_spa", ClientName: null, GrantType: "password", Scopes: "cmsapp_api email offline_access openid phone profile roles", AuthorizationCode: null, RefreshToken: null, UserName: "kreangkrai", AuthenticationContextReferenceClasses: null, Tenant: null, IdP: null, Raw: [("username": "kreangkrai"), ("password": "***REDACTED***"), ("client_id": "cmsapp_spa"), ("grant_type": "password"), ("scope": "openid email phone profile offline_access roles cmsapp_api")] } (3a073258)
2020-10-26T09:05:42.2002783+07:00  [INF] Removing 0 grants (62cd9308)
2020-10-26T09:05:42.2124067+07:00  [INF] Removing 0 device flow codes (171ba47d)
2020-10-26T09:07:14.6431153+07:00  [INF] Removing 0 grants (62cd9308)
2020-10-26T09:07:14.6999778+07:00  [INF] Removing 0 device flow codes (171ba47d)
2020-10-26T09:45:22.0073030+07:00  [INF] Starting IdentityServer4 version "3.1.3.0" (8add0571)
2020-10-26T09:45:22.0541543+07:00  [INF] Using the default authentication scheme "Identity.Application" for IdentityServer (4a54f457)
2020-10-26T09:45:22.4231242+07:00  [INF] Application started. Press Ctrl+C to shut down. (dcaefe54)
2020-10-26T09:45:22.4256443+07:00  [INF] Hosting environment: "Development" (c3307c92)
2020-10-26T09:45:22.4294986+07:00  [INF] Content root path: "D:\CmsApp\CmsApp" (b5d60022)
2020-10-26T09:45:52.8308748+07:00  [INF] Removing 0 grants (62cd9308)
2020-10-26T09:45:52.8621419+07:00  [INF] Removing 0 device flow codes (171ba47d)
2020-10-26T09:46:08.7614079+07:00  [ERR] ERROR in src/app/components/patients/patients.component.ts:26:22 - error TS2339: Property 'sendgetRequest' does not exist on type 'DataconfigService'.

26     this.dataservice.sendgetRequest().subscribe((data: any[]) => {
                        ~~~~~~~~~~~~~~

 (262d3aab)
2020-10-26T09:46:22.9082481+07:00  [INF] Removing 0 grants (62cd9308)
2020-10-26T09:46:22.9330189+07:00  [INF] Removing 0 device flow codes (171ba47d)
2020-10-26T10:06:02.9246287+07:00  [INF] Starting IdentityServer4 version "3.1.3.0" (8add0571)
2020-10-26T10:06:02.9708254+07:00  [INF] Using the default authentication scheme "Identity.Application" for IdentityServer (4a54f457)
2020-10-26T10:06:03.3624222+07:00  [INF] Application started. Press Ctrl+C to shut down. (dcaefe54)
2020-10-26T10:06:03.3673949+07:00  [INF] Hosting environment: "Development" (c3307c92)
2020-10-26T10:06:03.4108912+07:00  [INF] Content root path: "D:\CmsApp\CmsApp" (b5d60022)
2020-10-26T10:06:33.2377204+07:00  [INF] Removing 0 grants (62cd9308)
2020-10-26T10:06:34.3993235+07:00  [INF] Removing 0 device flow codes (171ba47d)
2020-10-26T10:07:04.4835055+07:00  [INF] Removing 0 grants (62cd9308)
2020-10-26T10:07:04.4989352+07:00  [INF] Removing 0 device flow codes (171ba47d)
2020-10-26T10:07:34.5528207+07:00  [INF] Removing 0 grants (62cd9308)
2020-10-26T10:07:34.5687033+07:00  [INF] Removing 0 device flow codes (171ba47d)
2020-10-26T10:07:34.8525336+07:00 8000000e-0000-f700-b63f-84710c7967bb [INF] Invoking IdentityServer endpoint: "IdentityServer4.Endpoints.DiscoveryEndpoint" for "/.well-known/openid-configuration" (f7642de5)
2020-10-26T10:07:37.3369338+07:00 80000043-0002-f400-b63f-84710c7967bb [INF] Invoking IdentityServer endpoint: "IdentityServer4.Endpoints.DiscoveryKeyEndpoint" for "/.well-known/openid-configuration/jwks" (f7642de5)
2020-10-26T10:07:37.4197279+07:00 80000068-0001-f900-b63f-84710c7967bb [INF] Invoking IdentityServer endpoint: "IdentityServer4.Endpoints.TokenEndpoint" for "/connect/token" (f7642de5)
2020-10-26T10:07:38.4559322+07:00 80000068-0001-f900-b63f-84710c7967bb [INF] Credentials validated for username: "kreangkrai" (cb811aa7)
2020-10-26T10:07:38.5745540+07:00 80000068-0001-f900-b63f-84710c7967bb [INF] Token request validation success, TokenRequestValidationLog { ClientId: "cmsapp_spa", ClientName: null, GrantType: "password", Scopes: "cmsapp_api email offline_access openid phone profile roles", AuthorizationCode: null, RefreshToken: null, UserName: "kreangkrai", AuthenticationContextReferenceClasses: null, Tenant: null, IdP: null, Raw: [("username": "kreangkrai"), ("password": "***REDACTED***"), ("client_id": "cmsapp_spa"), ("grant_type": "password"), ("scope": "openid email phone profile offline_access roles cmsapp_api")] } (3a073258)
2020-10-26T10:08:04.6218751+07:00  [INF] Removing 0 grants (62cd9308)
2020-10-26T10:08:04.6321763+07:00  [INF] Removing 0 device flow codes (171ba47d)
2020-10-26T10:09:45.0033432+07:00  [INF] Starting IdentityServer4 version "3.1.3.0" (8add0571)
2020-10-26T10:09:45.0514334+07:00  [INF] Using the default authentication scheme "Identity.Application" for IdentityServer (4a54f457)
2020-10-26T10:09:45.4497644+07:00  [INF] Application started. Press Ctrl+C to shut down. (dcaefe54)
2020-10-26T10:09:45.4539857+07:00  [INF] Hosting environment: "Development" (c3307c92)
2020-10-26T10:09:45.4596345+07:00  [INF] Content root path: "D:\CmsApp\CmsApp" (b5d60022)
2020-10-26T10:10:15.4907456+07:00  [INF] Removing 0 grants (62cd9308)
2020-10-26T10:10:15.5223556+07:00  [INF] Removing 0 device flow codes (171ba47d)
2020-10-26T10:10:45.5550623+07:00  [INF] Removing 0 grants (62cd9308)
2020-10-26T10:10:45.6111432+07:00  [INF] Removing 0 device flow codes (171ba47d)
2020-10-26T10:11:15.6552761+07:00  [INF] Removing 0 grants (62cd9308)
2020-10-26T10:11:15.6663545+07:00  [INF] Removing 0 device flow codes (171ba47d)
2020-10-26T10:11:45.7017796+07:00  [INF] Removing 0 grants (62cd9308)
2020-10-26T10:11:45.7242334+07:00  [INF] Removing 0 device flow codes (171ba47d)
2020-10-26T10:12:15.8028339+07:00  [INF] Removing 0 grants (62cd9308)
2020-10-26T10:12:15.8294089+07:00  [INF] Removing 0 device flow codes (171ba47d)
2020-10-26T10:12:45.8627485+07:00  [INF] Removing 0 grants (62cd9308)
2020-10-26T10:12:45.8708502+07:00  [INF] Removing 0 device flow codes (171ba47d)
2020-10-26T10:13:15.8949159+07:00  [INF] Removing 0 grants (62cd9308)
2020-10-26T10:13:15.9163627+07:00  [INF] Removing 0 device flow codes (171ba47d)
2020-10-26T10:13:45.9989898+07:00  [INF] Removing 0 grants (62cd9308)
2020-10-26T10:13:46.0266676+07:00  [INF] Removing 0 device flow codes (171ba47d)
2020-10-26T10:14:16.0572290+07:00  [INF] Removing 0 grants (62cd9308)
2020-10-26T10:14:16.0869699+07:00  [INF] Removing 0 device flow codes (171ba47d)
2020-10-26T10:14:46.1180615+07:00  [INF] Removing 0 grants (62cd9308)
2020-10-26T10:14:46.1418992+07:00  [INF] Removing 0 device flow codes (171ba47d)
2020-10-26T10:15:16.1820207+07:00  [INF] Removing 0 grants (62cd9308)
2020-10-26T10:15:16.1953860+07:00  [INF] Removing 0 device flow codes (171ba47d)
2020-10-26T10:15:46.2129462+07:00  [INF] Removing 0 grants (62cd9308)
2020-10-26T10:15:46.2400473+07:00  [INF] Removing 0 device flow codes (171ba47d)
2020-10-26T10:16:16.2730909+07:00  [INF] Removing 0 grants (62cd9308)
2020-10-26T10:16:16.2836983+07:00  [INF] Removing 0 device flow codes (171ba47d)
2020-10-26T10:16:46.3394427+07:00  [INF] Removing 0 grants (62cd9308)
2020-10-26T10:16:46.4068826+07:00  [INF] Removing 0 device flow codes (171ba47d)
2020-10-26T10:17:16.4348626+07:00  [INF] Removing 0 grants (62cd9308)
2020-10-26T10:17:16.4527522+07:00  [INF] Removing 0 device flow codes (171ba47d)
2020-10-26T10:17:53.9843279+07:00  [INF] Starting IdentityServer4 version "3.1.3.0" (8add0571)
2020-10-26T10:17:54.0581185+07:00  [INF] Using the default authentication scheme "Identity.Application" for IdentityServer (4a54f457)
2020-10-26T10:17:54.5014435+07:00  [INF] Application started. Press Ctrl+C to shut down. (dcaefe54)
2020-10-26T10:17:54.5057246+07:00  [INF] Hosting environment: "Development" (c3307c92)
2020-10-26T10:17:54.5302754+07:00  [INF] Content root path: "D:\CmsApp\CmsApp" (b5d60022)
2020-10-26T10:18:24.2591037+07:00  [INF] Removing 0 grants (62cd9308)
2020-10-26T10:18:24.2951252+07:00  [INF] Removing 0 device flow codes (171ba47d)
2020-10-26T10:18:54.3556989+07:00  [INF] Removing 0 grants (62cd9308)
2020-10-26T10:18:54.3800319+07:00  [INF] Removing 0 device flow codes (171ba47d)
2020-10-26T10:19:24.4074162+07:00  [INF] Removing 0 grants (62cd9308)
2020-10-26T10:19:24.4225621+07:00  [INF] Removing 0 device flow codes (171ba47d)
2020-10-26T10:19:32.1303747+07:00 80000011-0000-fa00-b63f-84710c7967bb [INF] Invoking IdentityServer endpoint: "IdentityServer4.Endpoints.DiscoveryEndpoint" for "/.well-known/openid-configuration" (f7642de5)
2020-10-26T10:19:33.6265485+07:00 8000000e-0003-f600-b63f-84710c7967bb [INF] Invoking IdentityServer endpoint: "IdentityServer4.Endpoints.DiscoveryKeyEndpoint" for "/.well-known/openid-configuration/jwks" (f7642de5)
2020-10-26T10:19:33.7457432+07:00 8000001e-0001-f400-b63f-84710c7967bb [INF] Invoking IdentityServer endpoint: "IdentityServer4.Endpoints.TokenEndpoint" for "/connect/token" (f7642de5)
2020-10-26T10:19:34.9746601+07:00 8000001e-0001-f400-b63f-84710c7967bb [INF] Credentials validated for username: "kreangkrai" (cb811aa7)
2020-10-26T10:19:35.0824141+07:00 8000001e-0001-f400-b63f-84710c7967bb [INF] Token request validation success, TokenRequestValidationLog { ClientId: "cmsapp_spa", ClientName: null, GrantType: "password", Scopes: "cmsapp_api email offline_access openid phone profile roles", AuthorizationCode: null, RefreshToken: null, UserName: "kreangkrai", AuthenticationContextReferenceClasses: null, Tenant: null, IdP: null, Raw: [("username": "kreangkrai"), ("password": "***REDACTED***"), ("client_id": "cmsapp_spa"), ("grant_type": "password"), ("scope": "openid email phone profile offline_access roles cmsapp_api")] } (3a073258)
2020-10-26T10:19:54.4490386+07:00  [INF] Removing 0 grants (62cd9308)
2020-10-26T10:19:54.4593989+07:00  [INF] Removing 0 device flow codes (171ba47d)
2020-10-26T10:20:24.4974350+07:00  [INF] Removing 0 grants (62cd9308)
2020-10-26T10:20:24.5308223+07:00  [INF] Removing 0 device flow codes (171ba47d)
2020-10-26T10:21:30.8497897+07:00  [INF] Starting IdentityServer4 version "3.1.3.0" (8add0571)
2020-10-26T10:21:30.9020227+07:00  [INF] Using the default authentication scheme "Identity.Application" for IdentityServer (4a54f457)
2020-10-26T10:21:31.3634793+07:00  [INF] Application started. Press Ctrl+C to shut down. (dcaefe54)
2020-10-26T10:21:31.3672408+07:00  [INF] Hosting environment: "Development" (c3307c92)
2020-10-26T10:21:31.3904572+07:00  [INF] Content root path: "D:\CmsApp\CmsApp" (b5d60022)
2020-10-26T10:22:01.0930533+07:00  [INF] Removing 0 grants (62cd9308)
2020-10-26T10:22:01.1369465+07:00  [INF] Removing 0 device flow codes (171ba47d)
2020-10-26T10:22:31.3042350+07:00  [INF] Removing 0 grants (62cd9308)
2020-10-26T10:22:31.4031639+07:00  [INF] Removing 0 device flow codes (171ba47d)
2020-10-26T10:23:01.4355310+07:00  [INF] Removing 0 grants (62cd9308)
2020-10-26T10:23:01.4606381+07:00  [INF] Removing 0 device flow codes (171ba47d)
2020-10-26T10:23:25.7638800+07:00 80000020-0003-f700-b63f-84710c7967bb [INF] Invoking IdentityServer endpoint: "IdentityServer4.Endpoints.DiscoveryEndpoint" for "/.well-known/openid-configuration" (f7642de5)
2020-10-26T10:23:27.1445695+07:00 8000000d-0001-f300-b63f-84710c7967bb [INF] Invoking IdentityServer endpoint: "IdentityServer4.Endpoints.DiscoveryKeyEndpoint" for "/.well-known/openid-configuration/jwks" (f7642de5)
2020-10-26T10:23:27.2154899+07:00 80000019-0000-fa00-b63f-84710c7967bb [INF] Invoking IdentityServer endpoint: "IdentityServer4.Endpoints.TokenEndpoint" for "/connect/token" (f7642de5)
2020-10-26T10:23:28.2093397+07:00 80000019-0000-fa00-b63f-84710c7967bb [INF] Credentials validated for username: "kreangkrai" (cb811aa7)
2020-10-26T10:23:28.2957899+07:00 80000019-0000-fa00-b63f-84710c7967bb [INF] Token request validation success, TokenRequestValidationLog { ClientId: "cmsapp_spa", ClientName: null, GrantType: "password", Scopes: "cmsapp_api email offline_access openid phone profile roles", AuthorizationCode: null, RefreshToken: null, UserName: "kreangkrai", AuthenticationContextReferenceClasses: null, Tenant: null, IdP: null, Raw: [("username": "kreangkrai"), ("password": "***REDACTED***"), ("client_id": "cmsapp_spa"), ("grant_type": "password"), ("scope": "openid email phone profile offline_access roles cmsapp_api")] } (3a073258)
2020-10-26T10:23:31.4919610+07:00  [INF] Removing 0 grants (62cd9308)
2020-10-26T10:23:31.5132311+07:00  [INF] Removing 0 device flow codes (171ba47d)
2020-10-26T10:32:55.7344533+07:00  [INF] Starting IdentityServer4 version "3.1.3.0" (8add0571)
2020-10-26T10:32:55.7920549+07:00  [INF] Using the default authentication scheme "Identity.Application" for IdentityServer (4a54f457)
2020-10-26T10:32:56.2668581+07:00  [INF] Application started. Press Ctrl+C to shut down. (dcaefe54)
2020-10-26T10:32:56.2874005+07:00  [INF] Hosting environment: "Development" (c3307c92)
2020-10-26T10:32:56.2922822+07:00  [INF] Content root path: "D:\CmsApp\CmsApp" (b5d60022)
2020-10-26T10:33:25.9938802+07:00  [INF] Removing 0 grants (62cd9308)
2020-10-26T10:33:26.0613828+07:00  [INF] Removing 0 device flow codes (171ba47d)
2020-10-26T10:33:56.1150975+07:00  [INF] Removing 0 grants (62cd9308)
2020-10-26T10:33:56.1401389+07:00  [INF] Removing 0 device flow codes (171ba47d)
2020-10-26T10:34:26.1728837+07:00  [INF] Removing 0 grants (62cd9308)
2020-10-26T10:34:26.1885388+07:00  [INF] Removing 0 device flow codes (171ba47d)
2020-10-26T10:34:47.3749155+07:00 80000025-0001-f400-b63f-84710c7967bb [INF] Invoking IdentityServer endpoint: "IdentityServer4.Endpoints.DiscoveryEndpoint" for "/.well-known/openid-configuration" (f7642de5)
2020-10-26T10:34:48.5802883+07:00 80000027-0001-f400-b63f-84710c7967bb [INF] Invoking IdentityServer endpoint: "IdentityServer4.Endpoints.DiscoveryKeyEndpoint" for "/.well-known/openid-configuration/jwks" (f7642de5)
2020-10-26T10:34:48.6376524+07:00 8000004a-0002-f700-b63f-84710c7967bb [INF] Invoking IdentityServer endpoint: "IdentityServer4.Endpoints.TokenEndpoint" for "/connect/token" (f7642de5)
2020-10-26T10:34:49.3856058+07:00 8000004a-0002-f700-b63f-84710c7967bb [INF] Credentials validated for username: "kreangkrai" (cb811aa7)
2020-10-26T10:34:49.4508969+07:00 8000004a-0002-f700-b63f-84710c7967bb [INF] Token request validation success, TokenRequestValidationLog { ClientId: "cmsapp_spa", ClientName: null, GrantType: "password", Scopes: "cmsapp_api email offline_access openid phone profile roles", AuthorizationCode: null, RefreshToken: null, UserName: "kreangkrai", AuthenticationContextReferenceClasses: null, Tenant: null, IdP: null, Raw: [("username": "kreangkrai"), ("password": "***REDACTED***"), ("client_id": "cmsapp_spa"), ("grant_type": "password"), ("scope": "openid email phone profile offline_access roles cmsapp_api")] } (3a073258)
2020-10-26T10:34:56.2054707+07:00  [INF] Removing 0 grants (62cd9308)
2020-10-26T10:34:56.2175294+07:00  [INF] Removing 0 device flow codes (171ba47d)
2020-10-26T10:35:37.3760710+07:00  [INF] Removing 0 grants (62cd9308)
2020-10-26T10:35:37.4144662+07:00  [INF] Removing 0 device flow codes (171ba47d)
2020-10-26T10:36:07.4557921+07:00  [INF] Removing 0 grants (62cd9308)
2020-10-26T10:36:07.4809961+07:00  [INF] Removing 0 device flow codes (171ba47d)
2020-10-26T10:36:37.5180982+07:00  [INF] Removing 0 grants (62cd9308)
2020-10-26T10:36:37.5370423+07:00  [INF] Removing 0 device flow codes (171ba47d)
2020-10-26T10:55:16.8014517+07:00  [INF] Starting IdentityServer4 version "3.1.3.0" (8add0571)
2020-10-26T10:55:16.8582950+07:00  [INF] Using the default authentication scheme "Identity.Application" for IdentityServer (4a54f457)
2020-10-26T10:55:17.2483979+07:00  [INF] Application started. Press Ctrl+C to shut down. (dcaefe54)
2020-10-26T10:55:17.2666173+07:00  [INF] Hosting environment: "Development" (c3307c92)
2020-10-26T10:55:17.2759559+07:00  [INF] Content root path: "D:\CmsApp\CmsApp" (b5d60022)
2020-10-26T10:55:47.1568250+07:00  [INF] Removing 0 grants (62cd9308)
2020-10-26T10:55:47.2151870+07:00  [INF] Removing 0 device flow codes (171ba47d)
2020-10-26T10:56:17.2394587+07:00  [INF] Removing 0 grants (62cd9308)
2020-10-26T10:56:17.2638425+07:00  [INF] Removing 0 device flow codes (171ba47d)
2020-10-26T10:56:47.2916655+07:00  [INF] Removing 0 grants (62cd9308)
2020-10-26T10:56:47.3046595+07:00  [INF] Removing 0 device flow codes (171ba47d)
2020-10-26T10:57:17.3464112+07:00  [INF] Removing 0 grants (62cd9308)
2020-10-26T10:57:17.3723672+07:00  [INF] Removing 0 device flow codes (171ba47d)
2020-10-26T10:57:17.8952396+07:00 8000002e-0000-fa00-b63f-84710c7967bb [INF] Invoking IdentityServer endpoint: "IdentityServer4.Endpoints.DiscoveryEndpoint" for "/.well-known/openid-configuration" (f7642de5)
2020-10-26T10:57:19.1120931+07:00 8000004f-0003-fd00-b63f-84710c7967bb [INF] Invoking IdentityServer endpoint: "IdentityServer4.Endpoints.DiscoveryKeyEndpoint" for "/.well-known/openid-configuration/jwks" (f7642de5)
2020-10-26T10:57:19.1993857+07:00 80000030-0000-fa00-b63f-84710c7967bb [INF] Invoking IdentityServer endpoint: "IdentityServer4.Endpoints.TokenEndpoint" for "/connect/token" (f7642de5)
2020-10-26T10:57:20.2172671+07:00 80000030-0000-fa00-b63f-84710c7967bb [INF] Credentials validated for username: "kreangkrai" (cb811aa7)
2020-10-26T10:57:20.2805817+07:00 80000030-0000-fa00-b63f-84710c7967bb [INF] Token request validation success, TokenRequestValidationLog { ClientId: "cmsapp_spa", ClientName: null, GrantType: "password", Scopes: "cmsapp_api email offline_access openid phone profile roles", AuthorizationCode: null, RefreshToken: null, UserName: "kreangkrai", AuthenticationContextReferenceClasses: null, Tenant: null, IdP: null, Raw: [("username": "kreangkrai"), ("password": "***REDACTED***"), ("client_id": "cmsapp_spa"), ("grant_type": "password"), ("scope": "openid email phone profile offline_access roles cmsapp_api")] } (3a073258)
2020-10-26T11:00:21.6829925+07:00  [INF] Starting IdentityServer4 version "3.1.3.0" (8add0571)
2020-10-26T11:00:21.7260552+07:00  [INF] Using the default authentication scheme "Identity.Application" for IdentityServer (4a54f457)
2020-10-26T11:00:22.1030722+07:00  [INF] Application started. Press Ctrl+C to shut down. (dcaefe54)
2020-10-26T11:00:22.1240586+07:00  [INF] Hosting environment: "Development" (c3307c92)
2020-10-26T11:00:22.1464638+07:00  [INF] Content root path: "D:\CmsApp\CmsApp" (b5d60022)
2020-10-26T11:00:51.9088124+07:00  [INF] Removing 0 grants (62cd9308)
2020-10-26T11:00:51.9670831+07:00  [INF] Removing 0 device flow codes (171ba47d)
2020-10-26T11:01:22.0179997+07:00  [INF] Removing 0 grants (62cd9308)
2020-10-26T11:01:22.0680853+07:00  [INF] Removing 0 device flow codes (171ba47d)
2020-10-26T11:01:45.6168634+07:00 80000067-0002-f700-b63f-84710c7967bb [INF] Invoking IdentityServer endpoint: "IdentityServer4.Endpoints.DiscoveryEndpoint" for "/.well-known/openid-configuration" (f7642de5)
2020-10-26T11:01:46.6125534+07:00 80000069-0002-f700-b63f-84710c7967bb [INF] Invoking IdentityServer endpoint: "IdentityServer4.Endpoints.DiscoveryKeyEndpoint" for "/.well-known/openid-configuration/jwks" (f7642de5)
2020-10-26T11:01:46.6995156+07:00 8000005c-0000-f600-b63f-84710c7967bb [INF] Invoking IdentityServer endpoint: "IdentityServer4.Endpoints.TokenEndpoint" for "/connect/token" (f7642de5)
2020-10-26T11:01:47.6669909+07:00 8000005c-0000-f600-b63f-84710c7967bb [INF] Credentials validated for username: "kreangkrai" (cb811aa7)
2020-10-26T11:01:47.7466831+07:00 8000005c-0000-f600-b63f-84710c7967bb [INF] Token request validation success, TokenRequestValidationLog { ClientId: "cmsapp_spa", ClientName: null, GrantType: "password", Scopes: "cmsapp_api email offline_access openid phone profile roles", AuthorizationCode: null, RefreshToken: null, UserName: "kreangkrai", AuthenticationContextReferenceClasses: null, Tenant: null, IdP: null, Raw: [("username": "kreangkrai"), ("password": "***REDACTED***"), ("client_id": "cmsapp_spa"), ("grant_type": "password"), ("scope": "openid email phone profile offline_access roles cmsapp_api")] } (3a073258)
2020-10-26T11:01:56.6321675+07:00  [INF] Removing 0 grants (62cd9308)
2020-10-26T11:01:56.6464021+07:00  [INF] Removing 0 device flow codes (171ba47d)
2020-10-26T11:03:30.3111243+07:00  [INF] Removing 0 grants (62cd9308)
2020-10-26T11:03:30.3177301+07:00  [INF] Removing 0 device flow codes (171ba47d)
2020-10-26T11:04:10.1182216+07:00  [INF] Removing 0 grants (62cd9308)
2020-10-26T11:04:10.1469488+07:00  [INF] Removing 0 device flow codes (171ba47d)
2020-10-26T11:04:40.1934707+07:00  [INF] Removing 0 grants (62cd9308)
2020-10-26T11:04:40.2590681+07:00  [INF] Removing 0 device flow codes (171ba47d)
2020-10-26T11:50:58.7933228+07:00  [INF] Starting IdentityServer4 version "3.1.3.0" (8add0571)
2020-10-26T11:50:58.8572828+07:00  [INF] Using the default authentication scheme "Identity.Application" for IdentityServer (4a54f457)
2020-10-26T11:50:59.2830339+07:00  [INF] Application started. Press Ctrl+C to shut down. (dcaefe54)
2020-10-26T11:50:59.2887198+07:00  [INF] Hosting environment: "Development" (c3307c92)
2020-10-26T11:50:59.3167807+07:00  [INF] Content root path: "D:\CmsApp\CmsApp" (b5d60022)
2020-10-26T11:51:29.1071085+07:00  [INF] Removing 0 grants (62cd9308)
2020-10-26T11:51:29.1391020+07:00  [INF] Removing 0 device flow codes (171ba47d)
2020-10-26T11:51:59.2142644+07:00  [INF] Removing 0 grants (62cd9308)
2020-10-26T11:51:59.2446088+07:00  [INF] Removing 0 device flow codes (171ba47d)
2020-10-26T11:52:29.2809338+07:00  [INF] Removing 0 grants (62cd9308)
2020-10-26T11:52:29.2902508+07:00  [INF] Removing 0 device flow codes (171ba47d)
2020-10-26T11:52:59.3367727+07:00  [INF] Removing 0 grants (62cd9308)
2020-10-26T11:52:59.3526735+07:00  [INF] Removing 0 device flow codes (171ba47d)
2020-10-26T11:53:29.3943591+07:00  [INF] Removing 0 grants (62cd9308)
2020-10-26T11:53:29.4360126+07:00  [INF] Removing 0 device flow codes (171ba47d)
2020-10-26T11:53:59.4727313+07:00  [INF] Removing 0 grants (62cd9308)
2020-10-26T11:53:59.4825297+07:00  [INF] Removing 0 device flow codes (171ba47d)
2020-10-26T11:54:29.5016069+07:00  [INF] Removing 0 grants (62cd9308)
2020-10-26T11:54:29.5289065+07:00  [INF] Removing 0 device flow codes (171ba47d)
2020-10-26T11:54:59.6333002+07:00  [INF] Removing 0 grants (62cd9308)
2020-10-26T11:54:59.6515689+07:00  [INF] Removing 0 device flow codes (171ba47d)
2020-10-26T11:55:29.6795896+07:00  [INF] Removing 0 grants (62cd9308)
2020-10-26T11:55:29.7196062+07:00  [INF] Removing 0 device flow codes (171ba47d)
2020-10-26T11:55:59.7649357+07:00  [INF] Removing 0 grants (62cd9308)
2020-10-26T11:55:59.7725260+07:00  [INF] Removing 0 device flow codes (171ba47d)
2020-10-26T11:56:29.8082860+07:00  [INF] Removing 0 grants (62cd9308)
2020-10-26T11:56:29.8339276+07:00  [INF] Removing 0 device flow codes (171ba47d)
2020-10-26T11:56:59.9050661+07:00  [INF] Removing 0 grants (62cd9308)
2020-10-26T11:56:59.9498253+07:00  [INF] Removing 0 device flow codes (171ba47d)
2020-10-26T11:57:30.0107923+07:00  [INF] Removing 0 grants (62cd9308)
2020-10-26T11:57:30.0384083+07:00  [INF] Removing 0 device flow codes (171ba47d)
2020-10-26T11:58:00.0683086+07:00  [INF] Removing 0 grants (62cd9308)
2020-10-26T11:58:00.0930644+07:00  [INF] Removing 0 device flow codes (171ba47d)
2020-10-26T11:58:30.1135934+07:00  [INF] Removing 0 grants (62cd9308)
2020-10-26T11:58:30.1404135+07:00  [INF] Removing 0 device flow codes (171ba47d)
2020-10-26T11:59:00.1809070+07:00  [INF] Removing 0 grants (62cd9308)
2020-10-26T11:59:00.2071925+07:00  [INF] Removing 0 device flow codes (171ba47d)
2020-10-26T11:59:30.2437366+07:00  [INF] Removing 0 grants (62cd9308)
2020-10-26T11:59:30.2698282+07:00  [INF] Removing 0 device flow codes (171ba47d)
2020-10-26T12:00:00.3156154+07:00  [INF] Removing 0 grants (62cd9308)
2020-10-26T12:00:00.3358532+07:00  [INF] Removing 0 device flow codes (171ba47d)
2020-10-26T12:00:30.3753892+07:00  [INF] Removing 0 grants (62cd9308)
2020-10-26T12:00:30.4141596+07:00  [INF] Removing 0 device flow codes (171ba47d)
2020-10-26T12:01:00.4506618+07:00  [INF] Removing 0 grants (62cd9308)
2020-10-26T12:01:00.4608628+07:00  [INF] Removing 0 device flow codes (171ba47d)
2020-10-26T12:01:30.4935048+07:00  [INF] Removing 0 grants (62cd9308)
2020-10-26T12:01:30.5174284+07:00  [INF] Removing 0 device flow codes (171ba47d)
2020-10-26T12:02:00.5516073+07:00  [INF] Removing 0 grants (62cd9308)
2020-10-26T12:02:00.5980229+07:00  [INF] Removing 0 device flow codes (171ba47d)
2020-10-26T12:02:30.6501918+07:00  [INF] Removing 0 grants (62cd9308)
2020-10-26T12:02:30.6596456+07:00  [INF] Removing 0 device flow codes (171ba47d)
2020-10-26T12:03:00.6869865+07:00  [INF] Removing 0 grants (62cd9308)
2020-10-26T12:03:00.7110435+07:00  [INF] Removing 0 device flow codes (171ba47d)
2020-10-26T12:03:30.7568755+07:00  [INF] Removing 0 grants (62cd9308)
2020-10-26T12:03:30.7661696+07:00  [INF] Removing 0 device flow codes (171ba47d)
2020-10-26T12:04:00.8143878+07:00  [INF] Removing 0 grants (62cd9308)
2020-10-26T12:04:00.8237302+07:00  [INF] Removing 0 device flow codes (171ba47d)
2020-10-26T12:04:30.8544157+07:00  [INF] Removing 0 grants (62cd9308)
2020-10-26T12:04:30.8732834+07:00  [INF] Removing 0 device flow codes (171ba47d)
2020-10-26T12:05:00.9023602+07:00  [INF] Removing 0 grants (62cd9308)
2020-10-26T12:05:00.9271956+07:00  [INF] Removing 0 device flow codes (171ba47d)
2020-10-26T12:05:31.7774195+07:00  [INF] Removing 0 grants (62cd9308)
2020-10-26T12:05:31.8063185+07:00  [INF] Removing 0 device flow codes (171ba47d)
2020-10-26T12:41:44.5579532+07:00  [INF] Starting IdentityServer4 version "3.1.3.0" (8add0571)
2020-10-26T12:41:44.6322895+07:00  [INF] Using the default authentication scheme "Identity.Application" for IdentityServer (4a54f457)
2020-10-26T12:41:45.8671671+07:00  [INF] Application started. Press Ctrl+C to shut down. (dcaefe54)
2020-10-26T12:41:45.8706656+07:00  [INF] Hosting environment: "Development" (c3307c92)
2020-10-26T12:41:45.8755364+07:00  [INF] Content root path: "D:\CmsApp\CmsApp" (b5d60022)
2020-10-26T12:42:15.1033128+07:00  [INF] Removing 0 grants (62cd9308)
2020-10-26T12:42:15.1849147+07:00  [INF] Removing 0 device flow codes (171ba47d)
2020-10-26T12:42:45.2321905+07:00  [INF] Removing 0 grants (62cd9308)
2020-10-26T12:42:45.2499414+07:00  [INF] Removing 0 device flow codes (171ba47d)
2020-10-26T12:43:15.3010227+07:00  [INF] Removing 0 grants (62cd9308)
2020-10-26T12:43:15.3109325+07:00  [INF] Removing 0 device flow codes (171ba47d)
2020-10-26T12:43:45.3331366+07:00  [INF] Removing 0 grants (62cd9308)
2020-10-26T12:43:45.3972007+07:00  [INF] Removing 0 device flow codes (171ba47d)
2020-10-26T12:44:15.4446095+07:00  [INF] Removing 0 grants (62cd9308)
2020-10-26T12:44:15.4618507+07:00  [INF] Removing 0 device flow codes (171ba47d)
2020-10-26T12:44:45.4838695+07:00  [INF] Removing 0 grants (62cd9308)
2020-10-26T12:44:45.4953661+07:00  [INF] Removing 0 device flow codes (171ba47d)
2020-10-26T12:45:15.5263908+07:00  [INF] Removing 0 grants (62cd9308)
2020-10-26T12:45:15.5381967+07:00  [INF] Removing 0 device flow codes (171ba47d)
2020-10-26T12:45:45.5831840+07:00  [INF] Removing 0 grants (62cd9308)
2020-10-26T12:45:45.6075919+07:00  [INF] Removing 0 device flow codes (171ba47d)
2020-10-26T12:46:15.6638276+07:00  [INF] Removing 0 grants (62cd9308)
2020-10-26T12:46:15.6726577+07:00  [INF] Removing 0 device flow codes (171ba47d)
2020-10-26T12:46:45.7069019+07:00  [INF] Removing 0 grants (62cd9308)
2020-10-26T12:46:45.7153308+07:00  [INF] Removing 0 device flow codes (171ba47d)
2020-10-26T12:47:15.7723020+07:00  [INF] Removing 0 grants (62cd9308)
2020-10-26T12:47:15.7967773+07:00  [INF] Removing 0 device flow codes (171ba47d)
2020-10-26T12:47:45.8166491+07:00  [INF] Removing 0 grants (62cd9308)
2020-10-26T12:47:45.8258816+07:00  [INF] Removing 0 device flow codes (171ba47d)
2020-10-26T12:48:15.8667305+07:00  [INF] Removing 0 grants (62cd9308)
2020-10-26T12:48:15.8876496+07:00  [INF] Removing 0 device flow codes (171ba47d)
2020-10-26T12:48:45.9350814+07:00  [INF] Removing 0 grants (62cd9308)
2020-10-26T12:48:45.9584458+07:00  [INF] Removing 0 device flow codes (171ba47d)
2020-10-26T12:49:07.3385315+07:00 8000002b-0001-f100-b63f-84710c7967bb [INF] Invoking IdentityServer endpoint: "IdentityServer4.Endpoints.DiscoveryEndpoint" for "/.well-known/openid-configuration" (f7642de5)
2020-10-26T12:49:08.8536506+07:00 8000002d-0001-f100-b63f-84710c7967bb [INF] Invoking IdentityServer endpoint: "IdentityServer4.Endpoints.DiscoveryKeyEndpoint" for "/.well-known/openid-configuration/jwks" (f7642de5)
2020-10-26T12:49:08.9504071+07:00 80000022-0002-f500-b63f-84710c7967bb [INF] Invoking IdentityServer endpoint: "IdentityServer4.Endpoints.TokenEndpoint" for "/connect/token" (f7642de5)
2020-10-26T12:49:09.8618155+07:00 80000022-0002-f500-b63f-84710c7967bb [INF] Credentials validated for username: "kreangkrai" (cb811aa7)
2020-10-26T12:49:09.9435448+07:00 80000022-0002-f500-b63f-84710c7967bb [INF] Token request validation success, TokenRequestValidationLog { ClientId: "cmsapp_spa", ClientName: null, GrantType: "password", Scopes: "cmsapp_api email offline_access openid phone profile roles", AuthorizationCode: null, RefreshToken: null, UserName: "kreangkrai", AuthenticationContextReferenceClasses: null, Tenant: null, IdP: null, Raw: [("username": "kreangkrai"), ("password": "***REDACTED***"), ("client_id": "cmsapp_spa"), ("grant_type": "password"), ("scope": "openid email phone profile offline_access roles cmsapp_api")] } (3a073258)
2020-10-26T12:49:15.9979860+07:00  [INF] Removing 0 grants (62cd9308)
2020-10-26T12:49:16.0086094+07:00  [INF] Removing 0 device flow codes (171ba47d)
2020-10-26T12:49:46.0277525+07:00  [INF] Removing 0 grants (62cd9308)
2020-10-26T12:49:46.0533802+07:00  [INF] Removing 0 device flow codes (171ba47d)
2020-10-26T15:07:10.8358856+07:00  [INF] Starting IdentityServer4 version "3.1.3.0" (8add0571)
2020-10-26T15:07:10.8844102+07:00  [INF] Using the default authentication scheme "Identity.Application" for IdentityServer (4a54f457)
2020-10-26T15:07:11.4892660+07:00  [INF] Application started. Press Ctrl+C to shut down. (dcaefe54)
2020-10-26T15:07:11.5150377+07:00  [INF] Hosting environment: "Development" (c3307c92)
2020-10-26T15:07:11.5183376+07:00  [INF] Content root path: "D:\CmsApp\CmsApp" (b5d60022)
2020-10-26T15:07:41.2223576+07:00  [INF] Removing 0 grants (62cd9308)
2020-10-26T15:07:41.2820139+07:00  [INF] Removing 0 device flow codes (171ba47d)
2020-10-26T15:08:11.3394159+07:00  [INF] Removing 0 grants (62cd9308)
2020-10-26T15:08:11.3661509+07:00  [INF] Removing 0 device flow codes (171ba47d)
2020-10-26T15:08:41.3943487+07:00  [INF] Removing 0 grants (62cd9308)
2020-10-26T15:08:41.4200948+07:00  [INF] Removing 0 device flow codes (171ba47d)
2020-10-26T15:09:11.4449234+07:00  [INF] Removing 0 grants (62cd9308)
2020-10-26T15:09:11.4542902+07:00  [INF] Removing 0 device flow codes (171ba47d)
2020-10-26T15:09:41.5125558+07:00  [INF] Removing 0 grants (62cd9308)
2020-10-26T15:09:41.5222332+07:00  [INF] Removing 0 device flow codes (171ba47d)
2020-10-26T15:10:11.5577033+07:00  [INF] Removing 0 grants (62cd9308)
2020-10-26T15:10:11.5856310+07:00  [INF] Removing 0 device flow codes (171ba47d)
2020-10-26T15:10:41.6352366+07:00  [INF] Removing 0 grants (62cd9308)
2020-10-26T15:10:41.6458027+07:00  [INF] Removing 0 device flow codes (171ba47d)
2020-10-26T15:11:11.6821087+07:00  [INF] Removing 0 grants (62cd9308)
2020-10-26T15:11:11.7008772+07:00  [INF] Removing 0 device flow codes (171ba47d)
2020-10-26T15:11:41.7173862+07:00  [INF] Removing 0 grants (62cd9308)
2020-10-26T15:11:41.7292275+07:00  [INF] Removing 0 device flow codes (171ba47d)
2020-10-26T15:12:11.7659520+07:00  [INF] Removing 0 grants (62cd9308)
2020-10-26T15:12:11.7918778+07:00  [INF] Removing 0 device flow codes (171ba47d)
2020-10-26T15:12:41.8414064+07:00  [INF] Removing 0 grants (62cd9308)
2020-10-26T15:12:41.8631668+07:00  [INF] Removing 0 device flow codes (171ba47d)
2020-10-26T15:13:11.9318014+07:00  [INF] Removing 0 grants (62cd9308)
2020-10-26T15:13:11.9458683+07:00  [INF] Removing 0 device flow codes (171ba47d)
2020-10-26T15:13:41.9783519+07:00  [INF] Removing 0 grants (62cd9308)
2020-10-26T15:13:41.9994753+07:00  [INF] Removing 0 device flow codes (171ba47d)
2020-10-26T15:14:12.0440881+07:00  [INF] Removing 0 grants (62cd9308)
2020-10-26T15:14:12.0688832+07:00  [INF] Removing 0 device flow codes (171ba47d)
2020-10-26T15:14:37.7911225+07:00 8000002f-0003-fa00-b63f-84710c7967bb [INF] Invoking IdentityServer endpoint: "IdentityServer4.Endpoints.DiscoveryEndpoint" for "/.well-known/openid-configuration" (f7642de5)
2020-10-26T15:14:43.5345959+07:00  [INF] Removing 0 grants (62cd9308)
2020-10-26T15:14:43.6278064+07:00  [INF] Removing 0 device flow codes (171ba47d)
2020-10-26T15:14:55.9231816+07:00 80000031-0003-fa00-b63f-84710c7967bb [INF] Invoking IdentityServer endpoint: "IdentityServer4.Endpoints.DiscoveryKeyEndpoint" for "/.well-known/openid-configuration/jwks" (f7642de5)
2020-10-26T15:14:56.6034412+07:00 8000002c-0001-f400-b63f-84710c7967bb [INF] Invoking IdentityServer endpoint: "IdentityServer4.Endpoints.TokenEndpoint" for "/connect/token" (f7642de5)
2020-10-26T15:15:00.4967522+07:00 8000002c-0001-f400-b63f-84710c7967bb [INF] Credentials validated for username: "kreangkrai" (cb811aa7)
2020-10-26T15:15:00.6806799+07:00 8000002c-0001-f400-b63f-84710c7967bb [INF] Token request validation success, TokenRequestValidationLog { ClientId: "cmsapp_spa", ClientName: null, GrantType: "password", Scopes: "cmsapp_api email offline_access openid phone profile roles", AuthorizationCode: null, RefreshToken: null, UserName: "kreangkrai", AuthenticationContextReferenceClasses: null, Tenant: null, IdP: null, Raw: [("username": "kreangkrai"), ("password": "***REDACTED***"), ("client_id": "cmsapp_spa"), ("grant_type": "password"), ("scope": "openid email phone profile offline_access roles cmsapp_api")] } (3a073258)
2020-10-26T15:15:13.6990396+07:00  [INF] Removing 0 grants (62cd9308)
2020-10-26T15:15:13.7118117+07:00  [INF] Removing 0 device flow codes (171ba47d)
2020-10-26T15:15:43.9094480+07:00  [INF] Removing 0 grants (62cd9308)
2020-10-26T15:15:44.0510797+07:00  [INF] Removing 0 device flow codes (171ba47d)
2020-10-26T15:16:14.1333480+07:00  [INF] Removing 0 grants (62cd9308)
2020-10-26T15:16:14.2513816+07:00  [INF] Removing 0 device flow codes (171ba47d)
2020-10-26T15:16:44.5205247+07:00  [INF] Removing 0 grants (62cd9308)
2020-10-26T15:16:44.8159715+07:00  [INF] Removing 0 device flow codes (171ba47d)
2020-10-26T15:17:14.8523256+07:00  [INF] Removing 0 grants (62cd9308)
2020-10-26T15:17:14.8671188+07:00  [INF] Removing 0 device flow codes (171ba47d)
2020-10-26T15:17:44.9191078+07:00  [INF] Removing 0 grants (62cd9308)
2020-10-26T15:17:44.9281093+07:00  [INF] Removing 0 device flow codes (171ba47d)
2020-10-26T15:18:15.0223497+07:00  [INF] Removing 0 grants (62cd9308)
2020-10-26T15:18:15.0755078+07:00  [INF] Removing 0 device flow codes (171ba47d)
2020-10-26T15:18:45.1704926+07:00  [INF] Removing 0 grants (62cd9308)
2020-10-26T15:18:45.2035657+07:00  [INF] Removing 0 device flow codes (171ba47d)
2020-10-26T15:19:15.2660572+07:00  [INF] Removing 0 grants (62cd9308)
2020-10-26T15:19:15.3876193+07:00  [INF] Removing 0 device flow codes (171ba47d)
2020-10-26T15:19:45.4223926+07:00  [INF] Removing 0 grants (62cd9308)
2020-10-26T15:19:45.4412700+07:00  [INF] Removing 0 device flow codes (171ba47d)
2020-10-26T15:20:15.4745585+07:00  [INF] Removing 0 grants (62cd9308)
2020-10-26T15:20:15.5001478+07:00  [INF] Removing 0 device flow codes (171ba47d)
2020-10-26T15:20:45.5306552+07:00  [INF] Removing 0 grants (62cd9308)
2020-10-26T15:20:45.5559367+07:00  [INF] Removing 0 device flow codes (171ba47d)
2020-10-26T15:21:15.5781734+07:00  [INF] Removing 0 grants (62cd9308)
2020-10-26T15:21:15.5903329+07:00  [INF] Removing 0 device flow codes (171ba47d)
2020-10-26T15:21:45.6211580+07:00  [INF] Removing 0 grants (62cd9308)
2020-10-26T15:21:45.6392805+07:00  [INF] Removing 0 device flow codes (171ba47d)
2020-10-26T15:22:03.8865471+07:00 8000002e-0001-f400-b63f-84710c7967bb [INF] Invoking IdentityServer endpoint: "IdentityServer4.Endpoints.DiscoveryEndpoint" for "/.well-known/openid-configuration" (f7642de5)
2020-10-26T15:22:04.2789447+07:00 8000002f-0001-f400-b63f-84710c7967bb [INF] Invoking IdentityServer endpoint: "IdentityServer4.Endpoints.DiscoveryKeyEndpoint" for "/.well-known/openid-configuration/jwks" (f7642de5)
2020-10-26T15:22:15.6617878+07:00  [INF] Removing 0 grants (62cd9308)
2020-10-26T15:22:15.6698068+07:00  [INF] Removing 0 device flow codes (171ba47d)
2020-10-26T15:22:45.7180133+07:00  [INF] Removing 0 grants (62cd9308)
2020-10-26T15:22:45.7272592+07:00  [INF] Removing 0 device flow codes (171ba47d)
2020-10-26T15:23:15.7615125+07:00  [INF] Removing 0 grants (62cd9308)
2020-10-26T15:23:15.7708893+07:00  [INF] Removing 0 device flow codes (171ba47d)
2020-10-26T15:23:45.8897579+07:00  [INF] Removing 0 grants (62cd9308)
2020-10-26T15:23:46.4440594+07:00  [INF] Removing 0 device flow codes (171ba47d)
2020-10-26T15:24:16.4617982+07:00  [INF] Removing 0 grants (62cd9308)
2020-10-26T15:24:16.4714775+07:00  [INF] Removing 0 device flow codes (171ba47d)
2020-10-26T15:24:25.8547964+07:00 80000075-0002-f300-b63f-84710c7967bb [ERR] An error occurred whilst sending email (18f5f1e5)
MailKit.Security.AuthenticationException: 535: Incorrect authentication data
 ---> MailKit.Net.Smtp.SmtpCommandException: Incorrect authentication data
   --- End of inner exception stack trace ---
   at MailKit.Net.Smtp.SmtpClient.AuthenticateAsync(Encoding encoding, ICredentials credentials, Boolean doAsync, CancellationToken cancellationToken)
   at CmsApp.Helpers.EmailSender.SendEmailAsync(MailboxAddress sender, MailboxAddress[] recepients, String subject, String body, SmtpConfig config, Boolean isHtml) in D:\CmsApp\CmsApp\Helpers\EmailSender.cs:line 100
2020-10-26T15:24:46.4829117+07:00  [INF] Removing 0 grants (62cd9308)
2020-10-26T15:24:46.4914452+07:00  [INF] Removing 0 device flow codes (171ba47d)
2020-10-26T15:25:16.5395487+07:00  [INF] Removing 0 grants (62cd9308)
2020-10-26T15:25:16.5492510+07:00  [INF] Removing 0 device flow codes (171ba47d)
2020-10-26T15:25:46.5732712+07:00  [INF] Removing 0 grants (62cd9308)
2020-10-26T15:25:46.5910525+07:00  [INF] Removing 0 device flow codes (171ba47d)
2020-10-26T15:26:16.8330111+07:00  [INF] Removing 0 grants (62cd9308)
2020-10-26T15:26:16.8515514+07:00  [INF] Removing 0 device flow codes (171ba47d)
2020-10-26T15:26:46.8665956+07:00  [INF] Removing 0 grants (62cd9308)
2020-10-26T15:26:46.8760716+07:00  [INF] Removing 0 device flow codes (171ba47d)
2020-10-26T15:27:16.8901118+07:00  [INF] Removing 0 grants (62cd9308)
2020-10-26T15:27:16.9030228+07:00  [INF] Removing 0 device flow codes (171ba47d)
2020-10-26T15:27:46.9553586+07:00  [INF] Removing 0 grants (62cd9308)
2020-10-26T15:27:46.9631837+07:00  [INF] Removing 0 device flow codes (171ba47d)
