2020-10-19T08:50:20.7796499+07:00  [INF] Starting IdentityServer4 version "3.1.3.0" (8add0571)
2020-10-19T08:50:20.9820398+07:00  [INF] Using the default authentication scheme "Identity.Application" for IdentityServer (4a54f457)
2020-10-19T08:50:24.0327389+07:00  [INF] Application started. Press Ctrl+C to shut down. (dcaefe54)
2020-10-19T08:50:24.0422653+07:00  [INF] Hosting environment: "Development" (c3307c92)
2020-10-19T08:50:24.0458439+07:00  [INF] Content root path: "D:\CmsApp\CmsApp" (b5d60022)
2020-10-19T08:50:49.0685397+07:00  [INF] Removing 1 grants (62cd9308)
2020-10-19T08:50:49.7668580+07:00  [INF] Removing 0 device flow codes (171ba47d)
2020-10-19T08:51:19.8781263+07:00  [INF] Removing 0 grants (62cd9308)
2020-10-19T08:51:20.5008841+07:00  [INF] Removing 0 device flow codes (171ba47d)
2020-10-19T09:18:31.1083169+07:00  [INF] Starting IdentityServer4 version "3.1.3.0" (8add0571)
2020-10-19T09:18:31.1681293+07:00  [INF] Using the default authentication scheme "Identity.Application" for IdentityServer (4a54f457)
2020-10-19T09:18:31.5544156+07:00  [INF] Application started. Press Ctrl+C to shut down. (dcaefe54)
2020-10-19T09:18:31.5798891+07:00  [INF] Hosting environment: "Development" (c3307c92)
2020-10-19T09:18:31.5832133+07:00  [INF] Content root path: "D:\CmsApp\CmsApp" (b5d60022)
2020-10-19T09:19:01.2929720+07:00  [INF] Removing 0 grants (62cd9308)
2020-10-19T09:19:01.3508145+07:00  [INF] Removing 0 device flow codes (171ba47d)
2020-10-19T09:19:31.3879127+07:00  [INF] Removing 0 grants (62cd9308)
2020-10-19T09:19:31.4003773+07:00  [INF] Removing 0 device flow codes (171ba47d)
2020-10-19T09:20:01.4465625+07:00  [INF] Removing 0 grants (62cd9308)
2020-10-19T09:20:01.4583706+07:00  [INF] Removing 0 device flow codes (171ba47d)
2020-10-19T09:20:31.5348342+07:00  [INF] Removing 0 grants (62cd9308)
2020-10-19T09:20:31.5651407+07:00  [INF] Removing 0 device flow codes (171ba47d)
2020-10-19T09:21:01.6073799+07:00  [INF] Removing 0 grants (62cd9308)
2020-10-19T09:21:01.6509288+07:00  [INF] Removing 0 device flow codes (171ba47d)
2020-10-19T09:21:31.6837783+07:00  [INF] Removing 0 grants (62cd9308)
2020-10-19T09:21:31.7024048+07:00  [INF] Removing 0 device flow codes (171ba47d)
2020-10-19T09:22:01.7372745+07:00  [INF] Removing 0 grants (62cd9308)
2020-10-19T09:22:01.7704042+07:00  [INF] Removing 0 device flow codes (171ba47d)
2020-10-19T09:22:32.3857130+07:00  [INF] Removing 0 grants (62cd9308)
2020-10-19T09:22:32.4207447+07:00  [INF] Removing 0 device flow codes (171ba47d)
2020-10-19T09:23:02.4924301+07:00  [INF] Removing 0 grants (62cd9308)
2020-10-19T09:23:02.5313998+07:00  [INF] Removing 0 device flow codes (171ba47d)
2020-10-19T09:23:32.5794974+07:00  [INF] Removing 0 grants (62cd9308)
2020-10-19T09:23:32.5970009+07:00  [INF] Removing 0 device flow codes (171ba47d)
2020-10-19T09:24:02.6485098+07:00  [INF] Removing 0 grants (62cd9308)
2020-10-19T09:24:02.6808568+07:00  [INF] Removing 0 device flow codes (171ba47d)
2020-10-19T09:24:32.7381249+07:00  [INF] Removing 0 grants (62cd9308)
2020-10-19T09:24:32.7731706+07:00  [INF] Removing 0 device flow codes (171ba47d)
2020-10-19T09:25:02.8067879+07:00  [INF] Removing 0 grants (62cd9308)
2020-10-19T09:25:02.8190145+07:00  [INF] Removing 0 device flow codes (171ba47d)
2020-10-19T09:25:32.8498959+07:00  [INF] Removing 0 grants (62cd9308)
2020-10-19T09:25:32.8728092+07:00  [INF] Removing 0 device flow codes (171ba47d)
2020-10-19T09:26:02.9117554+07:00  [INF] Removing 0 grants (62cd9308)
2020-10-19T09:26:02.9360205+07:00  [INF] Removing 0 device flow codes (171ba47d)
2020-10-19T11:05:47.9111967+07:00  [INF] Starting IdentityServer4 version "3.1.3.0" (8add0571)
2020-10-19T11:05:48.1021164+07:00  [INF] Using the default authentication scheme "Identity.Application" for IdentityServer (4a54f457)
2020-10-19T11:05:49.1914263+07:00  [INF] Application started. Press Ctrl+C to shut down. (dcaefe54)
2020-10-19T11:05:49.1951976+07:00  [INF] Hosting environment: "Development" (c3307c92)
2020-10-19T11:05:49.1983732+07:00  [INF] Content root path: "D:\CmsApp\CmsApp" (b5d60022)
2020-10-19T11:06:19.2073856+07:00  [INF] Removing 0 grants (62cd9308)
2020-10-19T11:06:19.3232861+07:00  [INF] Removing 0 device flow codes (171ba47d)
2020-10-19T11:06:49.3668421+07:00  [INF] Removing 0 grants (62cd9308)
2020-10-19T11:06:49.3839464+07:00  [INF] Removing 0 device flow codes (171ba47d)
2020-10-19T11:07:19.4211219+07:00  [INF] Removing 0 grants (62cd9308)
2020-10-19T11:07:19.4464808+07:00  [INF] Removing 0 device flow codes (171ba47d)
2020-10-19T11:07:49.4796320+07:00  [INF] Removing 0 grants (62cd9308)
2020-10-19T11:07:49.5164325+07:00  [INF] Removing 0 device flow codes (171ba47d)
2020-10-19T11:08:19.5845050+07:00  [INF] Removing 0 grants (62cd9308)
2020-10-19T11:08:19.6097301+07:00  [INF] Removing 0 device flow codes (171ba47d)
2020-10-19T11:08:49.6517134+07:00  [INF] Removing 0 grants (62cd9308)
2020-10-19T11:08:49.6622079+07:00  [INF] Removing 0 device flow codes (171ba47d)
2020-10-19T11:09:19.7157821+07:00  [INF] Removing 0 grants (62cd9308)
2020-10-19T11:09:19.7288426+07:00  [INF] Removing 0 device flow codes (171ba47d)
2020-10-19T11:09:49.7465279+07:00  [INF] Removing 0 grants (62cd9308)
2020-10-19T11:09:49.7710027+07:00  [INF] Removing 0 device flow codes (171ba47d)
2020-10-19T11:10:19.7828879+07:00  [INF] Removing 0 grants (62cd9308)
2020-10-19T11:10:19.8191450+07:00  [INF] Removing 0 device flow codes (171ba47d)
2020-10-19T11:10:49.8672641+07:00  [INF] Removing 0 grants (62cd9308)
2020-10-19T11:10:49.8878453+07:00  [INF] Removing 0 device flow codes (171ba47d)
2020-10-19T11:11:19.9267130+07:00  [INF] Removing 0 grants (62cd9308)
2020-10-19T11:11:19.9508598+07:00  [INF] Removing 0 device flow codes (171ba47d)
2020-10-19T11:11:49.9770159+07:00  [INF] Removing 0 grants (62cd9308)
2020-10-19T11:11:49.9982354+07:00  [INF] Removing 0 device flow codes (171ba47d)
2020-10-19T11:12:20.0260743+07:00  [INF] Removing 0 grants (62cd9308)
2020-10-19T11:12:20.0492295+07:00  [INF] Removing 0 device flow codes (171ba47d)
2020-10-19T11:12:50.0751529+07:00  [INF] Removing 0 grants (62cd9308)
2020-10-19T11:12:50.0937682+07:00  [INF] Removing 0 device flow codes (171ba47d)
2020-10-19T11:13:20.1286663+07:00  [INF] Removing 0 grants (62cd9308)
2020-10-19T11:13:20.1525151+07:00  [INF] Removing 0 device flow codes (171ba47d)
2020-10-19T11:13:50.1928772+07:00  [INF] Removing 0 grants (62cd9308)
2020-10-19T11:13:50.2150038+07:00  [INF] Removing 0 device flow codes (171ba47d)
2020-10-19T11:14:20.2324204+07:00  [INF] Removing 0 grants (62cd9308)
2020-10-19T11:14:20.2467737+07:00  [INF] Removing 0 device flow codes (171ba47d)
2020-10-19T11:14:50.3044167+07:00  [INF] Removing 0 grants (62cd9308)
2020-10-19T11:14:50.3130375+07:00  [INF] Removing 0 device flow codes (171ba47d)
2020-10-19T11:21:41.4970517+07:00  [INF] Starting IdentityServer4 version "3.1.3.0" (8add0571)
2020-10-19T11:21:41.5582314+07:00  [INF] Using the default authentication scheme "Identity.Application" for IdentityServer (4a54f457)
2020-10-19T11:21:42.1726568+07:00  [INF] Application started. Press Ctrl+C to shut down. (dcaefe54)
2020-10-19T11:21:42.2429637+07:00  [INF] Hosting environment: "Development" (c3307c92)
2020-10-19T11:21:42.2516317+07:00  [INF] Content root path: "D:\CmsApp\CmsApp" (b5d60022)
2020-10-19T11:22:11.6078371+07:00  [INF] Removing 0 grants (62cd9308)
2020-10-19T11:22:11.6352186+07:00  [INF] Removing 0 device flow codes (171ba47d)
2020-10-19T11:22:41.9450923+07:00  [INF] Removing 0 grants (62cd9308)
2020-10-19T11:22:41.9796043+07:00  [INF] Removing 0 device flow codes (171ba47d)
2020-10-19T11:23:12.0435782+07:00  [INF] Removing 0 grants (62cd9308)
2020-10-19T11:23:12.0549005+07:00  [INF] Removing 0 device flow codes (171ba47d)
2020-10-19T11:23:42.1004982+07:00  [INF] Removing 0 grants (62cd9308)
2020-10-19T11:23:42.1567950+07:00  [INF] Removing 0 device flow codes (171ba47d)
2020-10-19T11:24:04.0024208+07:00 80000077-0002-f900-b63f-84710c7967bb [INF] Invoking IdentityServer endpoint: "IdentityServer4.Endpoints.DiscoveryEndpoint" for "/.well-known/openid-configuration" (f7642de5)
2020-10-19T11:24:08.1296723+07:00 80000042-0001-f500-b63f-84710c7967bb [INF] Invoking IdentityServer endpoint: "IdentityServer4.Endpoints.DiscoveryKeyEndpoint" for "/.well-known/openid-configuration/jwks" (f7642de5)
2020-10-19T11:24:08.2540628+07:00 80000012-0000-f900-b63f-84710c7967bb [INF] Invoking IdentityServer endpoint: "IdentityServer4.Endpoints.TokenEndpoint" for "/connect/token" (f7642de5)
2020-10-19T11:24:08.3794591+07:00 80000012-0000-f900-b63f-84710c7967bb [ERR] No client with id '"cmsapp_spa"' found. aborting (6eaf0147)
2020-10-19T11:24:12.1824558+07:00  [INF] Removing 0 grants (62cd9308)
2020-10-19T11:24:12.2091579+07:00  [INF] Removing 0 device flow codes (171ba47d)
2020-10-19T11:24:42.2403141+07:00  [INF] Removing 0 grants (62cd9308)
2020-10-19T11:24:42.2670173+07:00  [INF] Removing 0 device flow codes (171ba47d)
2020-10-19T11:24:57.1241378+07:00 8000000a-0000-f600-b63f-84710c7967bb [INF] Invoking IdentityServer endpoint: "IdentityServer4.Endpoints.DiscoveryEndpoint" for "/.well-known/openid-configuration" (f7642de5)
2020-10-19T11:24:57.4187186+07:00 80000008-0001-f100-b63f-84710c7967bb [INF] Invoking IdentityServer endpoint: "IdentityServer4.Endpoints.DiscoveryKeyEndpoint" for "/.well-known/openid-configuration/jwks" (f7642de5)
2020-10-19T11:24:57.4578396+07:00 8000000c-0000-f600-b63f-84710c7967bb [INF] Invoking IdentityServer endpoint: "IdentityServer4.Endpoints.TokenEndpoint" for "/connect/token" (f7642de5)
2020-10-19T11:24:57.4857740+07:00 8000000c-0000-f600-b63f-84710c7967bb [ERR] No client with id '"cmsapp_spa"' found. aborting (6eaf0147)
2020-10-19T11:25:12.2923273+07:00  [INF] Removing 0 grants (62cd9308)
2020-10-19T11:25:12.3321819+07:00  [INF] Removing 0 device flow codes (171ba47d)
2020-10-19T11:25:26.5128577+07:00 800000be-0001-f400-b63f-84710c7967bb [INF] Invoking IdentityServer endpoint: "IdentityServer4.Endpoints.TokenEndpoint" for "/connect/token" (f7642de5)
2020-10-19T11:25:26.5190962+07:00 800000be-0001-f400-b63f-84710c7967bb [WRN] Invalid HTTP request for token endpoint (e4210d16)
2020-10-19T11:25:42.3799808+07:00  [INF] Removing 0 grants (62cd9308)
2020-10-19T11:25:42.4368536+07:00  [INF] Removing 0 device flow codes (171ba47d)
2020-10-19T11:26:12.4566091+07:00  [INF] Removing 0 grants (62cd9308)
2020-10-19T11:26:12.4703830+07:00  [INF] Removing 0 device flow codes (171ba47d)
2020-10-19T11:26:42.5044909+07:00  [INF] Removing 0 grants (62cd9308)
2020-10-19T11:26:42.5199237+07:00  [INF] Removing 0 device flow codes (171ba47d)
2020-10-19T11:27:12.5436071+07:00  [INF] Removing 0 grants (62cd9308)
2020-10-19T11:27:12.5692881+07:00  [INF] Removing 0 device flow codes (171ba47d)
2020-10-19T11:27:42.6233977+07:00  [INF] Removing 0 grants (62cd9308)
2020-10-19T11:27:42.6290579+07:00  [INF] Removing 0 device flow codes (171ba47d)
2020-10-19T11:28:12.6584043+07:00  [INF] Removing 0 grants (62cd9308)
2020-10-19T11:28:12.6856655+07:00  [INF] Removing 0 device flow codes (171ba47d)
2020-10-19T11:28:42.7046730+07:00  [INF] Removing 0 grants (62cd9308)
2020-10-19T11:28:42.7259881+07:00  [INF] Removing 0 device flow codes (171ba47d)
2020-10-19T11:29:12.7571108+07:00  [INF] Removing 0 grants (62cd9308)
2020-10-19T11:29:12.7782707+07:00  [INF] Removing 0 device flow codes (171ba47d)
2020-10-19T11:29:42.8451091+07:00  [INF] Removing 0 grants (62cd9308)
2020-10-19T11:29:42.8550955+07:00  [INF] Removing 0 device flow codes (171ba47d)
2020-10-19T11:30:12.8894465+07:00  [INF] Removing 0 grants (62cd9308)
2020-10-19T11:30:12.9092579+07:00  [INF] Removing 0 device flow codes (171ba47d)
2020-10-19T11:30:42.9394049+07:00  [INF] Removing 0 grants (62cd9308)
2020-10-19T11:30:42.9464563+07:00  [INF] Removing 0 device flow codes (171ba47d)
2020-10-19T11:31:12.9729622+07:00  [INF] Removing 0 grants (62cd9308)
2020-10-19T11:31:12.9957815+07:00  [INF] Removing 0 device flow codes (171ba47d)
2020-10-19T11:31:43.2965076+07:00  [INF] Removing 0 grants (62cd9308)
2020-10-19T11:31:43.3112073+07:00  [INF] Removing 0 device flow codes (171ba47d)
2020-10-19T11:32:13.3397280+07:00  [INF] Removing 0 grants (62cd9308)
2020-10-19T11:32:13.3477127+07:00  [INF] Removing 0 device flow codes (171ba47d)
2020-10-19T11:32:43.3731446+07:00  [INF] Removing 0 grants (62cd9308)
2020-10-19T11:32:43.3944092+07:00  [INF] Removing 0 device flow codes (171ba47d)
2020-10-19T11:33:13.4108689+07:00  [INF] Removing 0 grants (62cd9308)
2020-10-19T11:33:13.4348843+07:00  [INF] Removing 0 device flow codes (171ba47d)
2020-10-19T11:33:43.4612843+07:00  [INF] Removing 0 grants (62cd9308)
2020-10-19T11:33:43.4703889+07:00  [INF] Removing 0 device flow codes (171ba47d)
2020-10-19T11:34:13.5058019+07:00  [INF] Removing 0 grants (62cd9308)
2020-10-19T11:34:13.5143649+07:00  [INF] Removing 0 device flow codes (171ba47d)
2020-10-19T11:34:43.5458861+07:00  [INF] Removing 0 grants (62cd9308)
2020-10-19T11:34:43.5553841+07:00  [INF] Removing 0 device flow codes (171ba47d)
2020-10-19T11:35:13.5929641+07:00  [INF] Removing 0 grants (62cd9308)
2020-10-19T11:35:13.6150789+07:00  [INF] Removing 0 device flow codes (171ba47d)
2020-10-19T11:35:43.6507102+07:00  [INF] Removing 0 grants (62cd9308)
2020-10-19T11:35:43.6782008+07:00  [INF] Removing 0 device flow codes (171ba47d)
2020-10-19T11:36:13.7002631+07:00  [INF] Removing 0 grants (62cd9308)
2020-10-19T11:36:13.7424337+07:00  [INF] Removing 0 device flow codes (171ba47d)
2020-10-19T11:36:43.7901958+07:00  [INF] Removing 0 grants (62cd9308)
2020-10-19T11:36:43.8097334+07:00  [INF] Removing 0 device flow codes (171ba47d)
2020-10-19T11:37:13.8361084+07:00  [INF] Removing 0 grants (62cd9308)
2020-10-19T11:37:13.8598160+07:00  [INF] Removing 0 device flow codes (171ba47d)
2020-10-19T11:37:43.8834325+07:00  [INF] Removing 0 grants (62cd9308)
2020-10-19T11:37:43.9044146+07:00  [INF] Removing 0 device flow codes (171ba47d)
2020-10-19T11:38:13.9322941+07:00  [INF] Removing 0 grants (62cd9308)
2020-10-19T11:38:13.9553803+07:00  [INF] Removing 0 device flow codes (171ba47d)
2020-10-19T11:38:43.9673014+07:00  [INF] Removing 0 grants (62cd9308)
2020-10-19T11:38:43.9963157+07:00  [INF] Removing 0 device flow codes (171ba47d)
2020-10-19T11:39:14.0251169+07:00  [INF] Removing 0 grants (62cd9308)
2020-10-19T11:39:14.0458943+07:00  [INF] Removing 0 device flow codes (171ba47d)
2020-10-19T11:39:44.0866709+07:00  [INF] Removing 0 grants (62cd9308)
2020-10-19T11:39:44.1072187+07:00  [INF] Removing 0 device flow codes (171ba47d)
2020-10-19T11:40:14.1363267+07:00  [INF] Removing 0 grants (62cd9308)
2020-10-19T11:40:14.1565307+07:00  [INF] Removing 0 device flow codes (171ba47d)
2020-10-19T11:40:44.1845448+07:00  [INF] Removing 0 grants (62cd9308)
2020-10-19T11:40:44.2168979+07:00  [INF] Removing 0 device flow codes (171ba47d)
2020-10-19T11:41:14.2738640+07:00  [INF] Removing 0 grants (62cd9308)
2020-10-19T11:41:14.2973419+07:00  [INF] Removing 0 device flow codes (171ba47d)
2020-10-19T11:41:44.3300608+07:00  [INF] Removing 0 grants (62cd9308)
2020-10-19T11:41:44.3405418+07:00  [INF] Removing 0 device flow codes (171ba47d)
2020-10-19T11:42:14.3623991+07:00  [INF] Removing 0 grants (62cd9308)
2020-10-19T11:42:14.3708016+07:00  [INF] Removing 0 device flow codes (171ba47d)
2020-10-19T11:42:44.4425730+07:00  [INF] Removing 0 grants (62cd9308)
2020-10-19T11:42:44.4507801+07:00  [INF] Removing 0 device flow codes (171ba47d)
2020-10-19T13:19:48.3384997+07:00  [INF] Starting IdentityServer4 version "3.1.3.0" (8add0571)
2020-10-19T13:19:48.3696423+07:00  [INF] Using the default authentication scheme "Identity.Application" for IdentityServer (4a54f457)
2020-10-19T13:19:49.0967765+07:00  [INF] Application started. Press Ctrl+C to shut down. (dcaefe54)
2020-10-19T13:19:49.1001255+07:00  [INF] Hosting environment: "Development" (c3307c92)
2020-10-19T13:19:49.1029216+07:00  [INF] Content root path: "D:\CmsApp\CmsApp" (b5d60022)
2020-10-19T13:20:18.7005358+07:00  [INF] Removing 0 grants (62cd9308)
2020-10-19T13:20:18.7507887+07:00  [INF] Removing 0 device flow codes (171ba47d)
2020-10-19T13:20:48.7920629+07:00  [INF] Removing 0 grants (62cd9308)
2020-10-19T13:20:48.8180379+07:00  [INF] Removing 0 device flow codes (171ba47d)
2020-10-19T13:21:18.8627024+07:00  [INF] Removing 0 grants (62cd9308)
2020-10-19T13:21:18.8830670+07:00  [INF] Removing 0 device flow codes (171ba47d)
2020-10-19T13:21:48.9552806+07:00  [INF] Removing 0 grants (62cd9308)
2020-10-19T13:21:48.9807658+07:00  [INF] Removing 0 device flow codes (171ba47d)
2020-10-19T13:22:19.0064178+07:00  [INF] Removing 0 grants (62cd9308)
2020-10-19T13:22:19.0159849+07:00  [INF] Removing 0 device flow codes (171ba47d)
2020-10-19T13:22:49.0462148+07:00  [INF] Removing 0 grants (62cd9308)
2020-10-19T13:22:49.0741021+07:00  [INF] Removing 0 device flow codes (171ba47d)
2020-10-19T13:23:19.0991458+07:00  [INF] Removing 0 grants (62cd9308)
2020-10-19T13:23:19.1308798+07:00  [INF] Removing 0 device flow codes (171ba47d)
2020-10-19T13:23:49.1550950+07:00  [INF] Removing 0 grants (62cd9308)
2020-10-19T13:23:49.1669642+07:00  [INF] Removing 0 device flow codes (171ba47d)
2020-10-19T13:24:19.1804489+07:00  [INF] Removing 0 grants (62cd9308)
2020-10-19T13:24:19.1922995+07:00  [INF] Removing 0 device flow codes (171ba47d)
2020-10-19T13:24:49.2305468+07:00  [INF] Removing 0 grants (62cd9308)
2020-10-19T13:24:49.2536302+07:00  [INF] Removing 0 device flow codes (171ba47d)
2020-10-19T13:25:19.3010376+07:00  [INF] Removing 0 grants (62cd9308)
2020-10-19T13:25:19.3146969+07:00  [INF] Removing 0 device flow codes (171ba47d)
2020-10-19T13:25:44.7555030+07:00 8000001f-0000-fa00-b63f-84710c7967bb [INF] Invoking IdentityServer endpoint: "IdentityServer4.Endpoints.DiscoveryEndpoint" for "/.well-known/openid-configuration" (f7642de5)
2020-10-19T13:25:45.7675920+07:00 80000008-0003-f900-b63f-84710c7967bb [INF] Invoking IdentityServer endpoint: "IdentityServer4.Endpoints.DiscoveryKeyEndpoint" for "/.well-known/openid-configuration/jwks" (f7642de5)
2020-10-19T13:25:45.8300193+07:00 80000015-0002-f900-b63f-84710c7967bb [INF] Invoking IdentityServer endpoint: "IdentityServer4.Endpoints.TokenEndpoint" for "/connect/token" (f7642de5)
2020-10-19T13:25:46.6092366+07:00 80000015-0002-f900-b63f-84710c7967bb [ERR] Requested scope not allowed: "quickapp_api" (754cc814)
2020-10-19T13:25:46.7026347+07:00 80000015-0002-f900-b63f-84710c7967bb [ERR] TokenRequestValidationLog { ClientId: "cmsapp_spa", ClientName: null, GrantType: "password", Scopes: null, AuthorizationCode: null, RefreshToken: null, UserName: null, AuthenticationContextReferenceClasses: null, Tenant: null, IdP: null, Raw: [("username": "kreangkrai"), ("password": "***REDACTED***"), ("client_id": "cmsapp_spa"), ("grant_type": "password"), ("scope": "openid email phone profile offline_access roles quickapp_api")] } (c5fe65e2)
2020-10-19T13:25:49.3376898+07:00  [INF] Removing 0 grants (62cd9308)
2020-10-19T13:25:49.3482329+07:00  [INF] Removing 0 device flow codes (171ba47d)
2020-10-19T13:26:19.3766798+07:00  [INF] Removing 0 grants (62cd9308)
2020-10-19T13:26:19.4019392+07:00  [INF] Removing 0 device flow codes (171ba47d)
2020-10-19T13:26:49.4237011+07:00  [INF] Removing 0 grants (62cd9308)
2020-10-19T13:26:49.4333482+07:00  [INF] Removing 0 device flow codes (171ba47d)
2020-10-19T13:27:19.4798878+07:00  [INF] Removing 0 grants (62cd9308)
2020-10-19T13:27:19.5041426+07:00  [INF] Removing 0 device flow codes (171ba47d)
2020-10-19T13:27:49.5783029+07:00  [INF] Removing 0 grants (62cd9308)
2020-10-19T13:27:49.6281247+07:00  [INF] Removing 0 device flow codes (171ba47d)
2020-10-19T13:28:19.6768368+07:00  [INF] Removing 0 grants (62cd9308)
2020-10-19T13:28:19.6880163+07:00  [INF] Removing 0 device flow codes (171ba47d)
2020-10-19T13:28:49.7387433+07:00  [INF] Removing 0 grants (62cd9308)
2020-10-19T13:28:49.7535334+07:00  [INF] Removing 0 device flow codes (171ba47d)
2020-10-19T13:29:19.7650502+07:00  [INF] Removing 0 grants (62cd9308)
2020-10-19T13:29:19.7723666+07:00  [INF] Removing 0 device flow codes (171ba47d)
2020-10-19T13:30:13.1600262+07:00  [INF] Starting IdentityServer4 version "3.1.3.0" (8add0571)
2020-10-19T13:30:13.2224719+07:00  [INF] Using the default authentication scheme "Identity.Application" for IdentityServer (4a54f457)
2020-10-19T13:30:13.6705534+07:00  [INF] Application started. Press Ctrl+C to shut down. (dcaefe54)
2020-10-19T13:30:13.6927510+07:00  [INF] Hosting environment: "Development" (c3307c92)
2020-10-19T13:30:13.6975596+07:00  [INF] Content root path: "D:\CmsApp\CmsApp" (b5d60022)
2020-10-19T13:30:43.4493418+07:00  [INF] Removing 0 grants (62cd9308)
2020-10-19T13:30:43.4986257+07:00  [INF] Removing 0 device flow codes (171ba47d)
2020-10-19T13:31:13.5339576+07:00  [INF] Removing 0 grants (62cd9308)
2020-10-19T13:31:13.5707159+07:00  [INF] Removing 0 device flow codes (171ba47d)
2020-10-19T13:31:43.6003604+07:00  [INF] Removing 0 grants (62cd9308)
2020-10-19T13:31:43.6135067+07:00  [INF] Removing 0 device flow codes (171ba47d)
2020-10-19T13:32:13.6371273+07:00  [INF] Removing 0 grants (62cd9308)
2020-10-19T13:32:13.6483574+07:00  [INF] Removing 0 device flow codes (171ba47d)
2020-10-19T13:32:43.6898786+07:00  [INF] Removing 0 grants (62cd9308)
2020-10-19T13:32:43.6986783+07:00  [INF] Removing 0 device flow codes (171ba47d)
2020-10-19T13:33:13.7525867+07:00  [INF] Removing 0 grants (62cd9308)
2020-10-19T13:33:13.7632608+07:00  [INF] Removing 0 device flow codes (171ba47d)
2020-10-19T13:33:32.2950054+07:00 80000014-0000-f900-b63f-84710c7967bb [INF] Invoking IdentityServer endpoint: "IdentityServer4.Endpoints.DiscoveryEndpoint" for "/.well-known/openid-configuration" (f7642de5)
2020-10-19T13:33:33.5448446+07:00 80000004-0001-ef00-b63f-84710c7967bb [INF] Invoking IdentityServer endpoint: "IdentityServer4.Endpoints.DiscoveryKeyEndpoint" for "/.well-known/openid-configuration/jwks" (f7642de5)
2020-10-19T13:33:33.6145207+07:00 80000016-0000-f900-b63f-84710c7967bb [INF] Invoking IdentityServer endpoint: "IdentityServer4.Endpoints.TokenEndpoint" for "/connect/token" (f7642de5)
2020-10-19T13:33:34.8323871+07:00 80000016-0000-f900-b63f-84710c7967bb [INF] Credentials validated for username: "kreangkrai" (cb811aa7)
2020-10-19T13:33:34.9020123+07:00 80000016-0000-f900-b63f-84710c7967bb [INF] Token request validation success, TokenRequestValidationLog { ClientId: "cmsapp_spa", ClientName: null, GrantType: "password", Scopes: "cmsapp_api email offline_access openid phone profile roles", AuthorizationCode: null, RefreshToken: null, UserName: "kreangkrai", AuthenticationContextReferenceClasses: null, Tenant: null, IdP: null, Raw: [("username": "kreangkrai"), ("password": "***REDACTED***"), ("client_id": "cmsapp_spa"), ("grant_type": "password"), ("scope": "openid email phone profile offline_access roles cmsapp_api")] } (3a073258)
2020-10-19T13:33:43.7984952+07:00  [INF] Removing 0 grants (62cd9308)
2020-10-19T13:33:43.8108985+07:00  [INF] Removing 0 device flow codes (171ba47d)
2020-10-19T13:34:13.8361193+07:00  [INF] Removing 0 grants (62cd9308)
2020-10-19T13:34:13.8451837+07:00  [INF] Removing 0 device flow codes (171ba47d)
2020-10-19T13:34:43.8816286+07:00  [INF] Removing 0 grants (62cd9308)
2020-10-19T13:34:43.9113303+07:00  [INF] Removing 0 device flow codes (171ba47d)
2020-10-19T13:35:13.9250470+07:00  [INF] Removing 0 grants (62cd9308)
2020-10-19T13:35:13.9517096+07:00  [INF] Removing 0 device flow codes (171ba47d)
2020-10-19T13:35:44.0492898+07:00  [INF] Removing 0 grants (62cd9308)
2020-10-19T13:35:44.0708041+07:00  [INF] Removing 0 device flow codes (171ba47d)
2020-10-19T13:36:14.1030632+07:00  [INF] Removing 0 grants (62cd9308)
2020-10-19T13:36:14.1120097+07:00  [INF] Removing 0 device flow codes (171ba47d)
2020-10-19T13:36:44.1654212+07:00  [INF] Removing 0 grants (62cd9308)
2020-10-19T13:36:44.1739770+07:00  [INF] Removing 0 device flow codes (171ba47d)
2020-10-19T13:37:14.2109078+07:00  [INF] Removing 0 grants (62cd9308)
2020-10-19T13:37:14.2460701+07:00  [INF] Removing 0 device flow codes (171ba47d)
2020-10-19T13:37:44.2791668+07:00  [INF] Removing 0 grants (62cd9308)
2020-10-19T13:37:44.2896284+07:00  [INF] Removing 0 device flow codes (171ba47d)
2020-10-19T13:38:14.3295430+07:00  [INF] Removing 0 grants (62cd9308)
2020-10-19T13:38:14.3594119+07:00  [INF] Removing 0 device flow codes (171ba47d)
2020-10-19T13:38:44.4589507+07:00  [INF] Removing 0 grants (62cd9308)
2020-10-19T13:38:44.4737139+07:00  [INF] Removing 0 device flow codes (171ba47d)
2020-10-19T13:39:14.5036880+07:00  [INF] Removing 0 grants (62cd9308)
2020-10-19T13:39:14.5120796+07:00  [INF] Removing 0 device flow codes (171ba47d)
2020-10-19T13:39:44.5709380+07:00  [INF] Removing 0 grants (62cd9308)
2020-10-19T13:39:44.5836813+07:00  [INF] Removing 0 device flow codes (171ba47d)
2020-10-19T13:40:14.6373018+07:00  [INF] Removing 0 grants (62cd9308)
2020-10-19T13:40:14.6598462+07:00  [INF] Removing 0 device flow codes (171ba47d)
2020-10-19T13:40:44.7375105+07:00  [INF] Removing 0 grants (62cd9308)
2020-10-19T13:40:44.7465646+07:00  [INF] Removing 0 device flow codes (171ba47d)
2020-10-19T13:41:14.7579902+07:00  [INF] Removing 0 grants (62cd9308)
2020-10-19T13:41:14.7653382+07:00  [INF] Removing 0 device flow codes (171ba47d)
2020-10-19T13:41:44.8038113+07:00  [INF] Removing 0 grants (62cd9308)
2020-10-19T13:41:44.8216006+07:00  [INF] Removing 0 device flow codes (171ba47d)
2020-10-19T13:42:14.8570177+07:00  [INF] Removing 0 grants (62cd9308)
2020-10-19T13:42:14.8662749+07:00  [INF] Removing 0 device flow codes (171ba47d)
2020-10-19T13:42:44.9013353+07:00  [INF] Removing 0 grants (62cd9308)
2020-10-19T13:42:44.9232784+07:00  [INF] Removing 0 device flow codes (171ba47d)
2020-10-19T13:43:14.9961535+07:00  [INF] Removing 0 grants (62cd9308)
2020-10-19T13:43:15.0269667+07:00  [INF] Removing 0 device flow codes (171ba47d)
2020-10-19T13:43:45.0376473+07:00  [INF] Removing 0 grants (62cd9308)
2020-10-19T13:43:45.0473445+07:00  [INF] Removing 0 device flow codes (171ba47d)
2020-10-19T13:44:15.0579468+07:00  [INF] Removing 0 grants (62cd9308)
2020-10-19T13:44:15.0685525+07:00  [INF] Removing 0 device flow codes (171ba47d)
2020-10-19T13:44:45.1334574+07:00  [INF] Removing 0 grants (62cd9308)
2020-10-19T13:44:45.1503991+07:00  [INF] Removing 0 device flow codes (171ba47d)
2020-10-19T13:45:15.1890398+07:00  [INF] Removing 0 grants (62cd9308)
2020-10-19T13:45:15.1984123+07:00  [INF] Removing 0 device flow codes (171ba47d)
2020-10-19T13:45:45.2617682+07:00  [INF] Removing 0 grants (62cd9308)
2020-10-19T13:45:45.2827023+07:00  [INF] Removing 0 device flow codes (171ba47d)
2020-10-19T13:46:15.3046586+07:00  [INF] Removing 0 grants (62cd9308)
2020-10-19T13:46:15.3125269+07:00  [INF] Removing 0 device flow codes (171ba47d)
2020-10-19T13:46:45.3338893+07:00  [INF] Removing 0 grants (62cd9308)
2020-10-19T13:46:45.3415794+07:00  [INF] Removing 0 device flow codes (171ba47d)
2020-10-19T13:47:15.3577360+07:00  [INF] Removing 0 grants (62cd9308)
2020-10-19T13:47:15.3696385+07:00  [INF] Removing 0 device flow codes (171ba47d)
2020-10-19T13:47:45.4264097+07:00  [INF] Removing 0 grants (62cd9308)
2020-10-19T13:47:45.4477049+07:00  [INF] Removing 0 device flow codes (171ba47d)
2020-10-19T13:48:15.4899765+07:00  [INF] Removing 0 grants (62cd9308)
2020-10-19T13:48:15.4981740+07:00  [INF] Removing 0 device flow codes (171ba47d)
2020-10-19T13:48:46.3524516+07:00  [INF] Removing 0 grants (62cd9308)
2020-10-19T13:48:46.5367174+07:00  [INF] Removing 0 device flow codes (171ba47d)
2020-10-19T13:49:16.5623224+07:00  [INF] Removing 0 grants (62cd9308)
2020-10-19T13:49:16.5734586+07:00  [INF] Removing 0 device flow codes (171ba47d)
2020-10-19T13:49:46.6053631+07:00  [INF] Removing 0 grants (62cd9308)
2020-10-19T13:49:46.6154718+07:00  [INF] Removing 0 device flow codes (171ba47d)
2020-10-19T13:50:16.6385829+07:00  [INF] Removing 0 grants (62cd9308)
2020-10-19T13:50:16.6603821+07:00  [INF] Removing 0 device flow codes (171ba47d)
2020-10-19T13:52:04.3725166+07:00  [INF] Starting IdentityServer4 version "3.1.3.0" (8add0571)
2020-10-19T13:52:04.4371276+07:00  [INF] Using the default authentication scheme "Identity.Application" for IdentityServer (4a54f457)
2020-10-19T13:52:04.7631109+07:00  [INF] Application started. Press Ctrl+C to shut down. (dcaefe54)
2020-10-19T13:52:04.7848158+07:00  [INF] Hosting environment: "Development" (c3307c92)
2020-10-19T13:52:04.7894515+07:00  [INF] Content root path: "D:\CmsApp\CmsApp" (b5d60022)
2020-10-19T13:52:34.6548901+07:00  [INF] Removing 0 grants (62cd9308)
2020-10-19T13:52:34.6867066+07:00  [INF] Removing 0 device flow codes (171ba47d)
2020-10-19T13:53:04.7175942+07:00  [INF] Removing 0 grants (62cd9308)
2020-10-19T13:53:04.7377478+07:00  [INF] Removing 0 device flow codes (171ba47d)
2020-10-19T13:53:34.9047142+07:00  [INF] Removing 0 grants (62cd9308)
2020-10-19T13:53:34.9301228+07:00  [INF] Removing 0 device flow codes (171ba47d)
2020-10-19T13:53:59.2902629+07:00 8000000c-0001-ef00-b63f-84710c7967bb [INF] Invoking IdentityServer endpoint: "IdentityServer4.Endpoints.DiscoveryEndpoint" for "/.well-known/openid-configuration" (f7642de5)
2020-10-19T13:54:00.7042151+07:00 8000000e-0001-ef00-b63f-84710c7967bb [INF] Invoking IdentityServer endpoint: "IdentityServer4.Endpoints.DiscoveryKeyEndpoint" for "/.well-known/openid-configuration/jwks" (f7642de5)
2020-10-19T13:54:00.8026761+07:00 80000025-0000-f900-b63f-84710c7967bb [INF] Invoking IdentityServer endpoint: "IdentityServer4.Endpoints.TokenEndpoint" for "/connect/token" (f7642de5)
2020-10-19T13:54:01.6649198+07:00 80000025-0000-f900-b63f-84710c7967bb [INF] Credentials validated for username: "kreangkrai" (cb811aa7)
2020-10-19T13:54:01.7700816+07:00 80000025-0000-f900-b63f-84710c7967bb [INF] Token request validation success, TokenRequestValidationLog { ClientId: "cmsapp_spa", ClientName: null, GrantType: "password", Scopes: "cmsapp_api email offline_access openid phone profile roles", AuthorizationCode: null, RefreshToken: null, UserName: "kreangkrai", AuthenticationContextReferenceClasses: null, Tenant: null, IdP: null, Raw: [("username": "kreangkrai"), ("password": "***REDACTED***"), ("client_id": "cmsapp_spa"), ("grant_type": "password"), ("scope": "openid email phone profile offline_access roles cmsapp_api")] } (3a073258)
2020-10-19T13:54:04.9954353+07:00  [INF] Removing 0 grants (62cd9308)
2020-10-19T13:54:05.0039420+07:00  [INF] Removing 0 device flow codes (171ba47d)
2020-10-19T13:54:35.0161358+07:00  [INF] Removing 0 grants (62cd9308)
2020-10-19T13:54:35.0384179+07:00  [INF] Removing 0 device flow codes (171ba47d)
2020-10-19T13:54:36.8998569+07:00 80000010-0001-ef00-b63f-84710c7967bb [INF] Invoking IdentityServer endpoint: "IdentityServer4.Endpoints.DiscoveryEndpoint" for "/.well-known/openid-configuration" (f7642de5)
2020-10-19T13:54:36.9561311+07:00 80000019-0003-fb00-b63f-84710c7967bb [INF] Invoking IdentityServer endpoint: "IdentityServer4.Endpoints.DiscoveryKeyEndpoint" for "/.well-known/openid-configuration/jwks" (f7642de5)
2020-10-19T13:54:36.9761201+07:00 80000006-0000-f600-b63f-84710c7967bb [INF] Invoking IdentityServer endpoint: "IdentityServer4.Endpoints.TokenEndpoint" for "/connect/token" (f7642de5)
2020-10-19T13:54:37.2398425+07:00 80000006-0000-f600-b63f-84710c7967bb [INF] Credentials validated for username: "kreangkrai" (cb811aa7)
2020-10-19T13:54:37.2480248+07:00 80000006-0000-f600-b63f-84710c7967bb [INF] Token request validation success, TokenRequestValidationLog { ClientId: "cmsapp_spa", ClientName: null, GrantType: "password", Scopes: "cmsapp_api email offline_access openid phone profile roles", AuthorizationCode: null, RefreshToken: null, UserName: "kreangkrai", AuthenticationContextReferenceClasses: null, Tenant: null, IdP: null, Raw: [("username": "kreangkrai"), ("password": "***REDACTED***"), ("client_id": "cmsapp_spa"), ("grant_type": "password"), ("scope": "openid email phone profile offline_access roles cmsapp_api")] } (3a073258)
2020-10-19T13:55:05.0957114+07:00  [INF] Removing 0 grants (62cd9308)
2020-10-19T13:55:05.1051958+07:00  [INF] Removing 0 device flow codes (171ba47d)
2020-10-19T13:55:06.4191540+07:00 80000029-0000-f900-b63f-84710c7967bb [INF] AuthenticationScheme: "Bearer" was challenged. (d45f1f38)
2020-10-19T13:55:35.1344967+07:00  [INF] Removing 0 grants (62cd9308)
2020-10-19T13:55:35.1585366+07:00  [INF] Removing 0 device flow codes (171ba47d)
2020-10-19T13:55:41.4269672+07:00 80000028-0002-f000-b63f-84710c7967bb [INF] Invoking IdentityServer endpoint: "IdentityServer4.Endpoints.TokenEndpoint" for "/connect/token" (f7642de5)
2020-10-19T13:55:41.5251509+07:00 80000028-0002-f000-b63f-84710c7967bb [INF] Credentials validated for username: "kreangkrai" (cb811aa7)
2020-10-19T13:55:41.5295049+07:00 80000028-0002-f000-b63f-84710c7967bb [INF] Token request validation success, TokenRequestValidationLog { ClientId: "swaggerui", ClientName: "Swagger UI", GrantType: "password", Scopes: "cmsapp_api", AuthorizationCode: null, RefreshToken: null, UserName: "kreangkrai", AuthenticationContextReferenceClasses: null, Tenant: null, IdP: null, Raw: [("grant_type": "password"), ("username": "kreangkrai"), ("password": "***REDACTED***"), ("client_id": "swaggerui"), ("client_secret": "***REDACTED***")] } (3a073258)
2020-10-19T13:55:48.1338678+07:00 8000001b-0003-fb00-b63f-84710c7967bb [INF] Invoking IdentityServer endpoint: "IdentityServer4.Endpoints.DiscoveryEndpoint" for "/.well-known/openid-configuration" (f7642de5)
2020-10-19T13:55:48.2233204+07:00 8000001c-0003-fb00-b63f-84710c7967bb [INF] Invoking IdentityServer endpoint: "IdentityServer4.Endpoints.DiscoveryKeyEndpoint" for "/.well-known/openid-configuration/jwks" (f7642de5)
2020-10-19T13:56:05.1972072+07:00  [INF] Removing 0 grants (62cd9308)
2020-10-19T13:56:05.2401050+07:00  [INF] Removing 0 device flow codes (171ba47d)
2020-10-19T13:56:35.2721078+07:00  [INF] Removing 0 grants (62cd9308)
2020-10-19T13:56:35.2944034+07:00  [INF] Removing 0 device flow codes (171ba47d)
2020-10-19T13:57:05.3619817+07:00  [INF] Removing 0 grants (62cd9308)
2020-10-19T13:57:05.3715661+07:00  [INF] Removing 0 device flow codes (171ba47d)
2020-10-19T13:57:21.1797387+07:00 80000010-0002-f400-b63f-84710c7967bb [INF] AuthenticationScheme: "Bearer" was forbidden. (212684b8)
2020-10-19T13:57:35.3966979+07:00  [INF] Removing 0 grants (62cd9308)
2020-10-19T13:57:35.4100962+07:00  [INF] Removing 0 device flow codes (171ba47d)
2020-10-19T13:58:05.3959799+07:00 80000072-0003-f800-b63f-84710c7967bb [INF] AuthenticationScheme: "Bearer" was forbidden. (212684b8)
2020-10-19T13:58:05.4351622+07:00  [INF] Removing 0 grants (62cd9308)
2020-10-19T13:58:05.4655450+07:00  [INF] Removing 0 device flow codes (171ba47d)
2020-10-19T13:58:13.1943114+07:00 8000002b-0000-f900-b63f-84710c7967bb [ERR] An unhandled exception has occurred while executing the request. (48a46595)
System.InvalidOperationException: Unable to resolve service for type 'DAL.IUnitOfWork' while attempting to activate 'CmsApp.Controllers.CustomerController'.
   at Microsoft.Extensions.DependencyInjection.ActivatorUtilities.GetService(IServiceProvider sp, Type type, Type requiredBy, Boolean isDefaultParameterRequired)
   at lambda_method(Closure , IServiceProvider , Object[] )
   at Microsoft.AspNetCore.Mvc.Controllers.ControllerActivatorProvider.<>c__DisplayClass4_0.<CreateActivator>b__0(ControllerContext controllerContext)
   at Microsoft.AspNetCore.Mvc.Controllers.ControllerFactoryProvider.<>c__DisplayClass5_0.<CreateControllerFactory>g__CreateController|0(ControllerContext controllerContext)
   at Microsoft.AspNetCore.Mvc.Infrastructure.ControllerActionInvoker.Next(State& next, Scope& scope, Object& state, Boolean& isCompleted)
   at Microsoft.AspNetCore.Mvc.Infrastructure.ControllerActionInvoker.InvokeInnerFilterAsync()
--- End of stack trace from previous location where exception was thrown ---
   at Microsoft.AspNetCore.Mvc.Infrastructure.ResourceInvoker.<InvokeNextResourceFilter>g__Awaited|24_0(ResourceInvoker invoker, Task lastTask, State next, Scope scope, Object state, Boolean isCompleted)
   at Microsoft.AspNetCore.Mvc.Infrastructure.ResourceInvoker.Rethrow(ResourceExecutedContextSealed context)
   at Microsoft.AspNetCore.Mvc.Infrastructure.ResourceInvoker.Next(State& next, Scope& scope, Object& state, Boolean& isCompleted)
   at Microsoft.AspNetCore.Mvc.Infrastructure.ResourceInvoker.InvokeFilterPipelineAsync()
--- End of stack trace from previous location where exception was thrown ---
   at Microsoft.AspNetCore.Mvc.Infrastructure.ResourceInvoker.<InvokeAsync>g__Awaited|17_0(ResourceInvoker invoker, Task task, IDisposable scope)
   at Microsoft.AspNetCore.Routing.EndpointMiddleware.<Invoke>g__AwaitRequestTask|6_0(Endpoint endpoint, Task requestTask, ILogger logger)
   at Swashbuckle.AspNetCore.SwaggerUI.SwaggerUIMiddleware.Invoke(HttpContext httpContext)
   at Swashbuckle.AspNetCore.Swagger.SwaggerMiddleware.Invoke(HttpContext httpContext, ISwaggerProvider swaggerProvider)
   at Microsoft.AspNetCore.Authorization.AuthorizationMiddleware.Invoke(HttpContext context)
   at IdentityServer4.Hosting.IdentityServerMiddleware.Invoke(HttpContext context, IEndpointRouter router, IUserSession session, IEventService events)
   at IdentityServer4.Hosting.MutualTlsTokenEndpointMiddleware.Invoke(HttpContext context, IAuthenticationSchemeProvider schemes)
   at Microsoft.AspNetCore.Authentication.AuthenticationMiddleware.Invoke(HttpContext context)
   at IdentityServer4.Hosting.BaseUrlMiddleware.Invoke(HttpContext context)
   at Microsoft.AspNetCore.Diagnostics.DeveloperExceptionPageMiddleware.Invoke(HttpContext context)
2020-10-19T13:58:35.4866236+07:00  [INF] Removing 0 grants (62cd9308)
2020-10-19T13:58:35.5096040+07:00  [INF] Removing 0 device flow codes (171ba47d)
2020-10-19T13:59:05.6492245+07:00  [INF] Removing 0 grants (62cd9308)
2020-10-19T13:59:05.6582903+07:00  [INF] Removing 0 device flow codes (171ba47d)
2020-10-19T13:59:35.8536119+07:00  [INF] Removing 0 grants (62cd9308)
2020-10-19T13:59:35.8942645+07:00  [INF] Removing 0 device flow codes (171ba47d)
2020-10-19T13:59:43.9467755+07:00 80000017-0001-ef00-b63f-84710c7967bb [INF] Invoking IdentityServer endpoint: "IdentityServer4.Endpoints.DiscoveryEndpoint" for "/.well-known/openid-configuration" (f7642de5)
2020-10-19T13:59:44.0515493+07:00 80000019-0001-ef00-b63f-84710c7967bb [INF] Invoking IdentityServer endpoint: "IdentityServer4.Endpoints.DiscoveryKeyEndpoint" for "/.well-known/openid-configuration/jwks" (f7642de5)
2020-10-19T13:59:44.0873176+07:00 8000001b-0001-ef00-b63f-84710c7967bb [INF] Invoking IdentityServer endpoint: "IdentityServer4.Endpoints.TokenEndpoint" for "/connect/token" (f7642de5)
2020-10-19T13:59:44.6163476+07:00 8000001b-0001-ef00-b63f-84710c7967bb [INF] Credentials validated for username: "kreangkrai" (cb811aa7)
2020-10-19T13:59:44.6277691+07:00 8000001b-0001-ef00-b63f-84710c7967bb [INF] Token request validation success, TokenRequestValidationLog { ClientId: "cmsapp_spa", ClientName: null, GrantType: "password", Scopes: "cmsapp_api email offline_access openid phone profile roles", AuthorizationCode: null, RefreshToken: null, UserName: "kreangkrai", AuthenticationContextReferenceClasses: null, Tenant: null, IdP: null, Raw: [("username": "kreangkrai"), ("password": "***REDACTED***"), ("client_id": "cmsapp_spa"), ("grant_type": "password"), ("scope": "openid email phone profile offline_access roles cmsapp_api")] } (3a073258)
2020-10-19T14:00:06.0240574+07:00  [INF] Removing 0 grants (62cd9308)
2020-10-19T14:00:06.0605197+07:00  [INF] Removing 0 device flow codes (171ba47d)
2020-10-19T14:00:36.1025104+07:00  [INF] Removing 0 grants (62cd9308)
2020-10-19T14:00:36.1138433+07:00  [INF] Removing 0 device flow codes (171ba47d)
2020-10-19T14:01:06.1742363+07:00  [INF] Removing 0 grants (62cd9308)
2020-10-19T14:01:06.1949759+07:00  [INF] Removing 0 device flow codes (171ba47d)
2020-10-19T14:01:36.2234882+07:00  [INF] Removing 0 grants (62cd9308)
2020-10-19T14:01:36.2486709+07:00  [INF] Removing 0 device flow codes (171ba47d)
2020-10-19T14:02:06.2723421+07:00  [INF] Removing 0 grants (62cd9308)
2020-10-19T14:02:06.2953559+07:00  [INF] Removing 0 device flow codes (171ba47d)
2020-10-19T14:02:36.3303823+07:00  [INF] Removing 0 grants (62cd9308)
2020-10-19T14:02:36.3391581+07:00  [INF] Removing 0 device flow codes (171ba47d)
2020-10-19T14:03:06.4129864+07:00  [INF] Removing 0 grants (62cd9308)
2020-10-19T14:03:06.4244619+07:00  [INF] Removing 0 device flow codes (171ba47d)
2020-10-19T14:03:36.4415552+07:00  [INF] Removing 0 grants (62cd9308)
2020-10-19T14:03:36.4501926+07:00  [INF] Removing 0 device flow codes (171ba47d)
2020-10-19T14:04:06.5041624+07:00  [INF] Removing 0 grants (62cd9308)
2020-10-19T14:04:06.5208035+07:00  [INF] Removing 0 device flow codes (171ba47d)
2020-10-19T14:04:36.5475801+07:00  [INF] Removing 0 grants (62cd9308)
2020-10-19T14:04:36.5703012+07:00  [INF] Removing 0 device flow codes (171ba47d)
2020-10-19T14:05:06.5905971+07:00  [INF] Removing 0 grants (62cd9308)
2020-10-19T14:05:06.5991835+07:00  [INF] Removing 0 device flow codes (171ba47d)
2020-10-19T14:05:36.6915026+07:00  [INF] Removing 0 grants (62cd9308)
2020-10-19T14:05:36.7104501+07:00  [INF] Removing 0 device flow codes (171ba47d)
2020-10-19T14:06:06.7627278+07:00  [INF] Removing 0 grants (62cd9308)
2020-10-19T14:06:06.7846348+07:00  [INF] Removing 0 device flow codes (171ba47d)
2020-10-19T14:06:36.8378082+07:00  [INF] Removing 0 grants (62cd9308)
2020-10-19T14:06:36.8612891+07:00  [INF] Removing 0 device flow codes (171ba47d)
2020-10-19T14:07:06.9072664+07:00  [INF] Removing 0 grants (62cd9308)
2020-10-19T14:07:06.9283965+07:00  [INF] Removing 0 device flow codes (171ba47d)
2020-10-19T14:07:36.9443087+07:00  [INF] Removing 0 grants (62cd9308)
2020-10-19T14:07:36.9552835+07:00  [INF] Removing 0 device flow codes (171ba47d)
2020-10-19T14:08:06.9977449+07:00  [INF] Removing 0 grants (62cd9308)
2020-10-19T14:08:07.0163118+07:00  [INF] Removing 0 device flow codes (171ba47d)
2020-10-19T14:08:37.0325015+07:00  [INF] Removing 0 grants (62cd9308)
2020-10-19T14:08:37.0441697+07:00  [INF] Removing 0 device flow codes (171ba47d)
2020-10-19T14:09:07.1221859+07:00  [INF] Removing 0 grants (62cd9308)
2020-10-19T14:09:07.1307017+07:00  [INF] Removing 0 device flow codes (171ba47d)
2020-10-19T14:09:37.1639287+07:00  [INF] Removing 0 grants (62cd9308)
2020-10-19T14:09:37.1762516+07:00  [INF] Removing 0 device flow codes (171ba47d)
2020-10-19T14:10:07.1939909+07:00  [INF] Removing 0 grants (62cd9308)
2020-10-19T14:10:07.2025564+07:00  [INF] Removing 0 device flow codes (171ba47d)
2020-10-19T14:10:12.1530143+07:00 80000024-0003-fb00-b63f-84710c7967bb [INF] Invoking IdentityServer endpoint: "IdentityServer4.Endpoints.DiscoveryEndpoint" for "/.well-known/openid-configuration" (f7642de5)
2020-10-19T14:10:12.1871996+07:00 80000018-0000-f800-b63f-84710c7967bb [INF] Invoking IdentityServer endpoint: "IdentityServer4.Endpoints.DiscoveryKeyEndpoint" for "/.well-known/openid-configuration/jwks" (f7642de5)
2020-10-19T14:10:12.2087800+07:00 80000026-0001-f100-b63f-84710c7967bb [INF] Invoking IdentityServer endpoint: "IdentityServer4.Endpoints.TokenEndpoint" for "/connect/token" (f7642de5)
2020-10-19T14:10:12.3274978+07:00 80000026-0001-f100-b63f-84710c7967bb [INF] Credentials validated for username: "kreangkrai" (cb811aa7)
2020-10-19T14:10:12.3328237+07:00 80000026-0001-f100-b63f-84710c7967bb [INF] Token request validation success, TokenRequestValidationLog { ClientId: "cmsapp_spa", ClientName: null, GrantType: "password", Scopes: "cmsapp_api email offline_access openid phone profile roles", AuthorizationCode: null, RefreshToken: null, UserName: "kreangkrai", AuthenticationContextReferenceClasses: null, Tenant: null, IdP: null, Raw: [("username": "kreangkrai"), ("password": "***REDACTED***"), ("client_id": "cmsapp_spa"), ("grant_type": "password"), ("scope": "openid email phone profile offline_access roles cmsapp_api")] } (3a073258)
2020-10-19T14:10:37.2268587+07:00  [INF] Removing 0 grants (62cd9308)
2020-10-19T14:10:37.2353161+07:00  [INF] Removing 0 device flow codes (171ba47d)
2020-10-19T14:11:07.2527613+07:00  [INF] Removing 0 grants (62cd9308)
2020-10-19T14:11:07.2666278+07:00  [INF] Removing 0 device flow codes (171ba47d)
2020-10-19T14:11:37.2924475+07:00  [INF] Removing 0 grants (62cd9308)
2020-10-19T14:11:37.3019679+07:00  [INF] Removing 0 device flow codes (171ba47d)
2020-10-19T14:12:07.3363127+07:00  [INF] Removing 0 grants (62cd9308)
2020-10-19T14:12:07.3438276+07:00  [INF] Removing 0 device flow codes (171ba47d)
2020-10-19T14:12:37.3809027+07:00  [INF] Removing 0 grants (62cd9308)
2020-10-19T14:12:37.4038486+07:00  [INF] Removing 0 device flow codes (171ba47d)
2020-10-19T14:13:07.4284979+07:00  [INF] Removing 0 grants (62cd9308)
2020-10-19T14:13:07.4438997+07:00  [INF] Removing 0 device flow codes (171ba47d)
2020-10-19T14:13:37.5000699+07:00  [INF] Removing 0 grants (62cd9308)
2020-10-19T14:13:37.5291856+07:00  [INF] Removing 0 device flow codes (171ba47d)
2020-10-19T14:14:07.5770218+07:00  [INF] Removing 0 grants (62cd9308)
2020-10-19T14:14:07.5849904+07:00  [INF] Removing 0 device flow codes (171ba47d)
2020-10-19T14:14:37.6467386+07:00  [INF] Removing 0 grants (62cd9308)
2020-10-19T14:14:37.6542414+07:00  [INF] Removing 0 device flow codes (171ba47d)
2020-10-19T14:19:05.5649350+07:00  [INF] Starting IdentityServer4 version "3.1.3.0" (8add0571)
2020-10-19T14:19:05.6107357+07:00  [INF] Using the default authentication scheme "Identity.Application" for IdentityServer (4a54f457)
2020-10-19T14:19:05.9726181+07:00  [INF] Application started. Press Ctrl+C to shut down. (dcaefe54)
2020-10-19T14:19:05.9899502+07:00  [INF] Hosting environment: "Development" (c3307c92)
2020-10-19T14:19:06.0138335+07:00  [INF] Content root path: "D:\CmsApp\CmsApp" (b5d60022)
2020-10-19T14:19:35.7688246+07:00  [INF] Removing 0 grants (62cd9308)
2020-10-19T14:19:35.8073130+07:00  [INF] Removing 0 device flow codes (171ba47d)
2020-10-19T14:20:05.8755805+07:00  [INF] Removing 0 grants (62cd9308)
2020-10-19T14:20:05.9007028+07:00  [INF] Removing 0 device flow codes (171ba47d)
2020-10-19T14:20:35.9261637+07:00  [INF] Removing 0 grants (62cd9308)
2020-10-19T14:20:35.9523041+07:00  [INF] Removing 0 device flow codes (171ba47d)
2020-10-19T14:21:06.0195619+07:00  [INF] Removing 0 grants (62cd9308)
2020-10-19T14:21:06.0587983+07:00  [INF] Removing 0 device flow codes (171ba47d)
2020-10-19T14:21:36.0851613+07:00  [INF] Removing 0 grants (62cd9308)
2020-10-19T14:21:36.1123572+07:00  [INF] Removing 0 device flow codes (171ba47d)
2020-10-19T14:22:06.1975559+07:00  [INF] Removing 0 grants (62cd9308)
2020-10-19T14:22:06.2217646+07:00  [INF] Removing 0 device flow codes (171ba47d)
2020-10-19T14:22:36.3023408+07:00  [INF] Removing 0 grants (62cd9308)
2020-10-19T14:22:36.3441358+07:00  [INF] Removing 0 device flow codes (171ba47d)
2020-10-19T14:23:06.3999749+07:00  [INF] Removing 0 grants (62cd9308)
2020-10-19T14:23:06.4245544+07:00  [INF] Removing 0 device flow codes (171ba47d)
2020-10-19T14:23:36.4808813+07:00  [INF] Removing 0 grants (62cd9308)
2020-10-19T14:23:36.4919053+07:00  [INF] Removing 0 device flow codes (171ba47d)
2020-10-19T14:24:06.5470796+07:00  [INF] Removing 0 grants (62cd9308)
2020-10-19T14:24:06.5776688+07:00  [INF] Removing 0 device flow codes (171ba47d)
2020-10-19T14:24:37.7281001+07:00  [INF] Removing 0 grants (62cd9308)
2020-10-19T14:24:37.7379172+07:00  [INF] Removing 0 device flow codes (171ba47d)
2020-10-19T14:25:07.7824578+07:00  [INF] Removing 0 grants (62cd9308)
2020-10-19T14:25:07.8314129+07:00  [INF] Removing 0 device flow codes (171ba47d)
2020-10-19T14:25:37.8772675+07:00  [INF] Removing 0 grants (62cd9308)
2020-10-19T14:25:37.8978473+07:00  [INF] Removing 0 device flow codes (171ba47d)
2020-10-19T14:26:07.9377165+07:00  [INF] Removing 0 grants (62cd9308)
2020-10-19T14:26:07.9732231+07:00  [INF] Removing 0 device flow codes (171ba47d)
2020-10-19T14:26:37.9854130+07:00  [INF] Removing 0 grants (62cd9308)
2020-10-19T14:26:37.9951360+07:00  [INF] Removing 0 device flow codes (171ba47d)
2020-10-19T14:27:08.0482866+07:00  [INF] Removing 0 grants (62cd9308)
2020-10-19T14:27:08.0708258+07:00  [INF] Removing 0 device flow codes (171ba47d)
2020-10-19T14:27:38.0981808+07:00  [INF] Removing 0 grants (62cd9308)
2020-10-19T14:27:38.1188160+07:00  [INF] Removing 0 device flow codes (171ba47d)
2020-10-19T14:28:08.1823198+07:00  [INF] Removing 0 grants (62cd9308)
2020-10-19T14:28:08.2045478+07:00  [INF] Removing 0 device flow codes (171ba47d)
2020-10-19T14:28:38.2296483+07:00  [INF] Removing 0 grants (62cd9308)
2020-10-19T14:28:38.2516710+07:00  [INF] Removing 0 device flow codes (171ba47d)
2020-10-19T14:29:08.2971702+07:00  [INF] Removing 0 grants (62cd9308)
2020-10-19T14:29:08.3145255+07:00  [INF] Removing 0 device flow codes (171ba47d)
2020-10-19T14:29:33.0103463+07:00 80000029-0003-fd00-b63f-84710c7967bb [INF] Invoking IdentityServer endpoint: "IdentityServer4.Endpoints.TokenEndpoint" for "/connect/token" (f7642de5)
2020-10-19T14:29:34.5965898+07:00 80000029-0003-fd00-b63f-84710c7967bb [WRN] Invalid password for user "2a432ac8-139b-409b-88ac-450c23704bbf". (c2dce6c7)
2020-10-19T14:29:34.6006300+07:00 80000029-0003-fd00-b63f-84710c7967bb [WRN] User "2a432ac8-139b-409b-88ac-450c23704bbf" failed to provide the correct password. (ec8d2479)
2020-10-19T14:29:35.0282928+07:00 80000029-0003-fd00-b63f-84710c7967bb [INF] Authentication failed for username: "kreangkrai", reason: invalid credentials (61b6995a)
2020-10-19T14:29:35.1895749+07:00 80000029-0003-fd00-b63f-84710c7967bb [INF] User authentication failed: "invalid_username_or_password", details: TokenRequestValidationLog { ClientId: "swaggerui", ClientName: "Swagger UI", GrantType: "password", Scopes: "cmsapp_api", AuthorizationCode: null, RefreshToken: null, UserName: "kreangkrai", AuthenticationContextReferenceClasses: null, Tenant: null, IdP: null, Raw: [("grant_type": "password"), ("username": "kreangkrai"), ("password": "***REDACTED***"), ("client_id": "swaggerui"), ("client_secret": "***REDACTED***")] } (07b239aa)
2020-10-19T14:29:38.3456469+07:00  [INF] Removing 0 grants (62cd9308)
2020-10-19T14:29:38.3536561+07:00  [INF] Removing 0 device flow codes (171ba47d)
2020-10-19T14:29:57.2033672+07:00 8000000c-0002-f100-b63f-84710c7967bb [INF] Invoking IdentityServer endpoint: "IdentityServer4.Endpoints.TokenEndpoint" for "/connect/token" (f7642de5)
2020-10-19T14:29:57.4507903+07:00 8000000c-0002-f100-b63f-84710c7967bb [INF] Credentials validated for username: "kreangkrai" (cb811aa7)
2020-10-19T14:29:57.4759565+07:00 8000000c-0002-f100-b63f-84710c7967bb [INF] Token request validation success, TokenRequestValidationLog { ClientId: "swaggerui", ClientName: "Swagger UI", GrantType: "password", Scopes: "cmsapp_api", AuthorizationCode: null, RefreshToken: null, UserName: "kreangkrai", AuthenticationContextReferenceClasses: null, Tenant: null, IdP: null, Raw: [("grant_type": "password"), ("scope": "cmsapp_api"), ("username": "kreangkrai"), ("password": "***REDACTED***"), ("client_id": "swaggerui"), ("client_secret": "***REDACTED***")] } (3a073258)
2020-10-19T14:30:04.0750421+07:00 80000032-0001-f300-b63f-84710c7967bb [INF] Invoking IdentityServer endpoint: "IdentityServer4.Endpoints.DiscoveryEndpoint" for "/.well-known/openid-configuration" (f7642de5)
2020-10-19T14:30:04.3681889+07:00 80000033-0001-f300-b63f-84710c7967bb [INF] Invoking IdentityServer endpoint: "IdentityServer4.Endpoints.DiscoveryKeyEndpoint" for "/.well-known/openid-configuration/jwks" (f7642de5)
2020-10-19T14:30:08.3898951+07:00  [INF] Removing 0 grants (62cd9308)
2020-10-19T14:30:08.4042809+07:00  [INF] Removing 0 device flow codes (171ba47d)
2020-10-19T14:30:38.4425891+07:00  [INF] Removing 0 grants (62cd9308)
2020-10-19T14:30:38.4667948+07:00  [INF] Removing 0 device flow codes (171ba47d)
2020-10-19T14:31:08.5066167+07:00  [INF] Removing 0 grants (62cd9308)
2020-10-19T14:31:08.5304152+07:00  [INF] Removing 0 device flow codes (171ba47d)
2020-10-19T14:31:38.5778395+07:00  [INF] Removing 0 grants (62cd9308)
2020-10-19T14:31:38.5886369+07:00  [INF] Removing 0 device flow codes (171ba47d)
2020-10-19T14:32:08.6351313+07:00  [INF] Removing 0 grants (62cd9308)
2020-10-19T14:32:08.6459057+07:00  [INF] Removing 0 device flow codes (171ba47d)
2020-10-19T14:32:38.6677807+07:00  [INF] Removing 0 grants (62cd9308)
2020-10-19T14:32:38.6768327+07:00  [INF] Removing 0 device flow codes (171ba47d)
2020-10-19T14:33:08.7362701+07:00  [INF] Removing 0 grants (62cd9308)
2020-10-19T14:33:08.7503721+07:00  [INF] Removing 0 device flow codes (171ba47d)
2020-10-19T14:33:38.7835709+07:00  [INF] Removing 0 grants (62cd9308)
2020-10-19T14:33:38.8030656+07:00  [INF] Removing 0 device flow codes (171ba47d)
2020-10-19T14:34:08.8506039+07:00  [INF] Removing 0 grants (62cd9308)
2020-10-19T14:34:08.8765369+07:00  [INF] Removing 0 device flow codes (171ba47d)
2020-10-19T14:34:38.9004849+07:00  [INF] Removing 0 grants (62cd9308)
2020-10-19T14:34:38.9104029+07:00  [INF] Removing 0 device flow codes (171ba47d)
2020-10-19T14:35:08.9596235+07:00  [INF] Removing 0 grants (62cd9308)
2020-10-19T14:35:08.9742019+07:00  [INF] Removing 0 device flow codes (171ba47d)
2020-10-19T14:35:39.0245605+07:00  [INF] Removing 0 grants (62cd9308)
2020-10-19T14:35:39.0355771+07:00  [INF] Removing 0 device flow codes (171ba47d)
2020-10-19T14:36:09.0569858+07:00  [INF] Removing 0 grants (62cd9308)
2020-10-19T14:36:09.0749404+07:00  [INF] Removing 0 device flow codes (171ba47d)
2020-10-19T14:36:39.1125246+07:00  [INF] Removing 0 grants (62cd9308)
2020-10-19T14:36:39.1357822+07:00  [INF] Removing 0 device flow codes (171ba47d)
2020-10-19T14:37:09.1751779+07:00  [INF] Removing 0 grants (62cd9308)
2020-10-19T14:37:09.2118990+07:00  [INF] Removing 0 device flow codes (171ba47d)
2020-10-19T14:37:39.2542129+07:00  [INF] Removing 0 grants (62cd9308)
2020-10-19T14:37:39.2776845+07:00  [INF] Removing 0 device flow codes (171ba47d)
2020-10-19T14:38:09.3171052+07:00  [INF] Removing 0 grants (62cd9308)
2020-10-19T14:38:09.3258559+07:00  [INF] Removing 0 device flow codes (171ba47d)
2020-10-19T14:38:39.3526541+07:00  [INF] Removing 0 grants (62cd9308)
2020-10-19T14:38:39.3939766+07:00  [INF] Removing 0 device flow codes (171ba47d)
2020-10-19T15:06:56.2007282+07:00  [INF] Starting IdentityServer4 version "3.1.3.0" (8add0571)
2020-10-19T15:06:56.2556750+07:00  [INF] Using the default authentication scheme "Identity.Application" for IdentityServer (4a54f457)
2020-10-19T15:06:56.6527873+07:00  [INF] Application started. Press Ctrl+C to shut down. (dcaefe54)
2020-10-19T15:06:56.6567549+07:00  [INF] Hosting environment: "Development" (c3307c92)
2020-10-19T15:06:56.6603779+07:00  [INF] Content root path: "D:\CmsApp\CmsApp" (b5d60022)
2020-10-19T15:07:26.4366283+07:00  [INF] Removing 0 grants (62cd9308)
2020-10-19T15:07:26.4677232+07:00  [INF] Removing 0 device flow codes (171ba47d)
2020-10-19T15:07:56.5071693+07:00  [INF] Removing 0 grants (62cd9308)
2020-10-19T15:07:56.5406352+07:00  [INF] Removing 0 device flow codes (171ba47d)
2020-10-19T15:08:26.5634118+07:00  [INF] Removing 0 grants (62cd9308)
2020-10-19T15:08:26.5777510+07:00  [INF] Removing 0 device flow codes (171ba47d)
2020-10-19T15:08:56.6064984+07:00  [INF] Removing 0 grants (62cd9308)
2020-10-19T15:08:56.6330443+07:00  [INF] Removing 0 device flow codes (171ba47d)
2020-10-19T15:08:58.6056560+07:00 80000036-0002-f900-b63f-84710c7967bb [INF] Invoking IdentityServer endpoint: "IdentityServer4.Endpoints.TokenEndpoint" for "/connect/token" (f7642de5)
2020-10-19T15:08:59.9196222+07:00 80000036-0002-f900-b63f-84710c7967bb [INF] Credentials validated for username: "kreangkrai" (cb811aa7)
2020-10-19T15:09:00.1504939+07:00 80000036-0002-f900-b63f-84710c7967bb [INF] Token request validation success, TokenRequestValidationLog { ClientId: "swaggerui", ClientName: "Swagger UI", GrantType: "password", Scopes: "cmsapp_api", AuthorizationCode: null, RefreshToken: null, UserName: "kreangkrai", AuthenticationContextReferenceClasses: null, Tenant: null, IdP: null, Raw: [("grant_type": "password"), ("scope": "cmsapp_api"), ("username": "kreangkrai"), ("password": "***REDACTED***"), ("client_id": "swaggerui"), ("client_secret": "***REDACTED***")] } (3a073258)
2020-10-19T15:09:26.6850240+07:00  [INF] Removing 0 grants (62cd9308)
2020-10-19T15:09:26.7011688+07:00  [INF] Removing 0 device flow codes (171ba47d)
2020-10-19T15:10:00.1196908+07:00  [INF] Removing 0 grants (62cd9308)
2020-10-19T15:10:00.1298561+07:00  [INF] Removing 0 device flow codes (171ba47d)
2020-10-19T15:10:36.8594429+07:00  [INF] Removing 0 grants (62cd9308)
2020-10-19T15:10:38.9686072+07:00  [INF] Removing 0 device flow codes (171ba47d)
2020-10-19T15:11:09.0464477+07:00  [INF] Removing 0 grants (62cd9308)
2020-10-19T15:11:09.0668878+07:00  [INF] Removing 0 device flow codes (171ba47d)
2020-10-19T15:11:39.0899825+07:00  [INF] Removing 0 grants (62cd9308)
2020-10-19T15:11:39.1008561+07:00  [INF] Removing 0 device flow codes (171ba47d)
2020-10-19T15:14:42.9528267+07:00  [INF] Starting IdentityServer4 version "3.1.3.0" (8add0571)
2020-10-19T15:14:42.9900358+07:00  [INF] Using the default authentication scheme "Identity.Application" for IdentityServer (4a54f457)
2020-10-19T15:14:43.3730789+07:00  [INF] Application started. Press Ctrl+C to shut down. (dcaefe54)
2020-10-19T15:14:43.4177341+07:00  [INF] Hosting environment: "Development" (c3307c92)
2020-10-19T15:14:43.4220286+07:00  [INF] Content root path: "D:\CmsApp\CmsApp" (b5d60022)
2020-10-19T15:15:13.1739475+07:00  [INF] Removing 0 grants (62cd9308)
2020-10-19T15:15:13.2201003+07:00  [INF] Removing 0 device flow codes (171ba47d)
2020-10-19T15:15:43.2742780+07:00  [INF] Removing 0 grants (62cd9308)
2020-10-19T15:15:43.2847130+07:00  [INF] Removing 0 device flow codes (171ba47d)
2020-10-19T15:16:13.3171628+07:00  [INF] Removing 0 grants (62cd9308)
2020-10-19T15:16:13.3303877+07:00  [INF] Removing 0 device flow codes (171ba47d)
2020-10-19T15:16:40.4039481+07:00 80000068-0003-fd00-b63f-84710c7967bb [INF] Invoking IdentityServer endpoint: "IdentityServer4.Endpoints.TokenEndpoint" for "/connect/token" (f7642de5)
2020-10-19T15:16:41.8556363+07:00 80000068-0003-fd00-b63f-84710c7967bb [INF] Credentials validated for username: "kreangkrai" (cb811aa7)
2020-10-19T15:16:41.9923762+07:00 80000068-0003-fd00-b63f-84710c7967bb [INF] Token request validation success, TokenRequestValidationLog { ClientId: "swaggerui", ClientName: "Swagger UI", GrantType: "password", Scopes: "cmsapp_api", AuthorizationCode: null, RefreshToken: null, UserName: "kreangkrai", AuthenticationContextReferenceClasses: null, Tenant: null, IdP: null, Raw: [("grant_type": "password"), ("username": "kreangkrai"), ("password": "***REDACTED***"), ("client_id": "swaggerui"), ("client_secret": "***REDACTED***")] } (3a073258)
2020-10-19T15:16:43.3717190+07:00  [INF] Removing 0 grants (62cd9308)
2020-10-19T15:16:43.3829916+07:00  [INF] Removing 0 device flow codes (171ba47d)
2020-10-19T15:17:13.4063594+07:00  [INF] Removing 0 grants (62cd9308)
2020-10-19T15:17:13.4242251+07:00  [INF] Removing 0 device flow codes (171ba47d)
2020-10-19T15:17:43.4459579+07:00  [INF] Removing 0 grants (62cd9308)
2020-10-19T15:17:43.4598685+07:00  [INF] Removing 0 device flow codes (171ba47d)
2020-10-19T15:18:13.4848473+07:00  [INF] Removing 0 grants (62cd9308)
2020-10-19T15:18:13.4959538+07:00  [INF] Removing 0 device flow codes (171ba47d)
2020-10-19T15:18:43.5813966+07:00  [INF] Removing 0 grants (62cd9308)
2020-10-19T15:18:43.5889196+07:00  [INF] Removing 0 device flow codes (171ba47d)
2020-10-19T15:19:13.6520874+07:00  [INF] Removing 0 grants (62cd9308)
2020-10-19T15:19:13.6606332+07:00  [INF] Removing 0 device flow codes (171ba47d)
2020-10-19T15:19:43.7184002+07:00  [INF] Removing 0 grants (62cd9308)
2020-10-19T15:19:43.7436122+07:00  [INF] Removing 0 device flow codes (171ba47d)
2020-10-19T15:20:13.7830313+07:00  [INF] Removing 0 grants (62cd9308)
2020-10-19T15:20:13.7926442+07:00  [INF] Removing 0 device flow codes (171ba47d)
2020-10-19T15:20:43.8211589+07:00  [INF] Removing 0 grants (62cd9308)
2020-10-19T15:20:43.8409547+07:00  [INF] Removing 0 device flow codes (171ba47d)
2020-10-19T15:21:13.8826569+07:00  [INF] Removing 0 grants (62cd9308)
2020-10-19T15:21:13.9021832+07:00  [INF] Removing 0 device flow codes (171ba47d)
2020-10-19T15:21:43.9345837+07:00  [INF] Removing 0 grants (62cd9308)
2020-10-19T15:21:43.9598796+07:00  [INF] Removing 0 device flow codes (171ba47d)
2020-10-19T15:22:14.0017687+07:00  [INF] Removing 0 grants (62cd9308)
2020-10-19T15:22:14.0242064+07:00  [INF] Removing 0 device flow codes (171ba47d)
2020-10-19T15:22:44.0454163+07:00  [INF] Removing 0 grants (62cd9308)
2020-10-19T15:22:44.0823617+07:00  [INF] Removing 0 device flow codes (171ba47d)
2020-10-19T16:05:18.2993418+07:00  [INF] Starting IdentityServer4 version "3.1.3.0" (8add0571)
2020-10-19T16:05:18.3569103+07:00  [INF] Using the default authentication scheme "Identity.Application" for IdentityServer (4a54f457)
2020-10-19T16:05:18.6965778+07:00  [INF] Application started. Press Ctrl+C to shut down. (dcaefe54)
2020-10-19T16:05:18.7233497+07:00  [INF] Hosting environment: "Development" (c3307c92)
2020-10-19T16:05:18.7281028+07:00  [INF] Content root path: "D:\CmsApp\CmsApp" (b5d60022)
2020-10-19T16:05:48.7285205+07:00  [INF] Removing 0 grants (62cd9308)
2020-10-19T16:05:48.7864297+07:00  [INF] Removing 0 device flow codes (171ba47d)
2020-10-19T16:06:18.8444450+07:00  [INF] Removing 0 grants (62cd9308)
2020-10-19T16:06:18.8715839+07:00  [INF] Removing 0 device flow codes (171ba47d)
2020-10-19T16:06:48.9103119+07:00  [INF] Removing 0 grants (62cd9308)
2020-10-19T16:06:48.9468061+07:00  [INF] Removing 0 device flow codes (171ba47d)
2020-10-19T16:07:16.7734271+07:00 80000040-0001-f200-b63f-84710c7967bb [ERR] An unhandled exception has occurred while executing the request. (48a46595)
System.NotSupportedException: Ambiguous HTTP method for action - CmsApp.Controllers.PatientsController.Getdatafinance (CmsApp). Actions require an explicit HttpMethod binding for Swagger/OpenAPI 3.0
   at Swashbuckle.AspNetCore.SwaggerGen.SwaggerGenerator.GenerateOperations(IEnumerable`1 apiDescriptions, SchemaRepository schemaRepository)
   at Swashbuckle.AspNetCore.SwaggerGen.SwaggerGenerator.GeneratePaths(IEnumerable`1 apiDescriptions, SchemaRepository schemaRepository)
   at Swashbuckle.AspNetCore.SwaggerGen.SwaggerGenerator.GetSwagger(String documentName, String host, String basePath)
   at Swashbuckle.AspNetCore.Swagger.SwaggerMiddleware.Invoke(HttpContext httpContext, ISwaggerProvider swaggerProvider)
   at Microsoft.AspNetCore.Authorization.AuthorizationMiddleware.Invoke(HttpContext context)
   at IdentityServer4.Hosting.IdentityServerMiddleware.Invoke(HttpContext context, IEndpointRouter router, IUserSession session, IEventService events)
   at IdentityServer4.Hosting.MutualTlsTokenEndpointMiddleware.Invoke(HttpContext context, IAuthenticationSchemeProvider schemes)
   at Microsoft.AspNetCore.Authentication.AuthenticationMiddleware.Invoke(HttpContext context)
   at IdentityServer4.Hosting.BaseUrlMiddleware.Invoke(HttpContext context)
   at Microsoft.AspNetCore.Diagnostics.DeveloperExceptionPageMiddleware.Invoke(HttpContext context)
2020-10-19T16:07:18.9835400+07:00  [INF] Removing 0 grants (62cd9308)
2020-10-19T16:07:18.9964411+07:00  [INF] Removing 0 device flow codes (171ba47d)
2020-10-19T16:07:37.3351571+07:00 8000009c-0002-f000-b63f-84710c7967bb [ERR] An unhandled exception has occurred while executing the request. (48a46595)
System.NotSupportedException: Ambiguous HTTP method for action - CmsApp.Controllers.PatientsController.Getdatafinance (CmsApp). Actions require an explicit HttpMethod binding for Swagger/OpenAPI 3.0
   at Swashbuckle.AspNetCore.SwaggerGen.SwaggerGenerator.GenerateOperations(IEnumerable`1 apiDescriptions, SchemaRepository schemaRepository)
   at Swashbuckle.AspNetCore.SwaggerGen.SwaggerGenerator.GeneratePaths(IEnumerable`1 apiDescriptions, SchemaRepository schemaRepository)
   at Swashbuckle.AspNetCore.SwaggerGen.SwaggerGenerator.GetSwagger(String documentName, String host, String basePath)
   at Swashbuckle.AspNetCore.Swagger.SwaggerMiddleware.Invoke(HttpContext httpContext, ISwaggerProvider swaggerProvider)
   at Microsoft.AspNetCore.Authorization.AuthorizationMiddleware.Invoke(HttpContext context)
   at IdentityServer4.Hosting.IdentityServerMiddleware.Invoke(HttpContext context, IEndpointRouter router, IUserSession session, IEventService events)
   at IdentityServer4.Hosting.MutualTlsTokenEndpointMiddleware.Invoke(HttpContext context, IAuthenticationSchemeProvider schemes)
   at Microsoft.AspNetCore.Authentication.AuthenticationMiddleware.Invoke(HttpContext context)
   at IdentityServer4.Hosting.BaseUrlMiddleware.Invoke(HttpContext context)
   at Microsoft.AspNetCore.Diagnostics.DeveloperExceptionPageMiddleware.Invoke(HttpContext context)
2020-10-19T16:07:49.0343266+07:00  [INF] Removing 0 grants (62cd9308)
2020-10-19T16:07:49.0445398+07:00  [INF] Removing 0 device flow codes (171ba47d)
2020-10-19T16:08:19.0989269+07:00  [INF] Removing 0 grants (62cd9308)
2020-10-19T16:08:19.1102922+07:00  [INF] Removing 0 device flow codes (171ba47d)
2020-10-19T16:08:49.1492003+07:00  [INF] Removing 0 grants (62cd9308)
2020-10-19T16:08:49.1724883+07:00  [INF] Removing 0 device flow codes (171ba47d)
2020-10-19T16:09:19.2315309+07:00  [INF] Removing 0 grants (62cd9308)
2020-10-19T16:09:19.2409606+07:00  [INF] Removing 0 device flow codes (171ba47d)
2020-10-19T16:09:26.9039605+07:00 80000046-0001-f200-b63f-84710c7967bb [ERR] An unhandled exception has occurred while executing the request. (48a46595)
System.NotSupportedException: Ambiguous HTTP method for action - CmsApp.Controllers.PatientsController.Getdatafinance (CmsApp). Actions require an explicit HttpMethod binding for Swagger/OpenAPI 3.0
   at Swashbuckle.AspNetCore.SwaggerGen.SwaggerGenerator.GenerateOperations(IEnumerable`1 apiDescriptions, SchemaRepository schemaRepository)
   at Swashbuckle.AspNetCore.SwaggerGen.SwaggerGenerator.GeneratePaths(IEnumerable`1 apiDescriptions, SchemaRepository schemaRepository)
   at Swashbuckle.AspNetCore.SwaggerGen.SwaggerGenerator.GetSwagger(String documentName, String host, String basePath)
   at Swashbuckle.AspNetCore.Swagger.SwaggerMiddleware.Invoke(HttpContext httpContext, ISwaggerProvider swaggerProvider)
   at Microsoft.AspNetCore.Authorization.AuthorizationMiddleware.Invoke(HttpContext context)
   at IdentityServer4.Hosting.IdentityServerMiddleware.Invoke(HttpContext context, IEndpointRouter router, IUserSession session, IEventService events)
   at IdentityServer4.Hosting.MutualTlsTokenEndpointMiddleware.Invoke(HttpContext context, IAuthenticationSchemeProvider schemes)
   at Microsoft.AspNetCore.Authentication.AuthenticationMiddleware.Invoke(HttpContext context)
   at IdentityServer4.Hosting.BaseUrlMiddleware.Invoke(HttpContext context)
   at Microsoft.AspNetCore.Diagnostics.DeveloperExceptionPageMiddleware.Invoke(HttpContext context)
2020-10-19T16:09:30.6687296+07:00 8000006e-0003-fd00-b63f-84710c7967bb [ERR] An unhandled exception has occurred while executing the request. (48a46595)
System.NotSupportedException: Ambiguous HTTP method for action - CmsApp.Controllers.PatientsController.Getdatafinance (CmsApp). Actions require an explicit HttpMethod binding for Swagger/OpenAPI 3.0
   at Swashbuckle.AspNetCore.SwaggerGen.SwaggerGenerator.GenerateOperations(IEnumerable`1 apiDescriptions, SchemaRepository schemaRepository)
   at Swashbuckle.AspNetCore.SwaggerGen.SwaggerGenerator.GeneratePaths(IEnumerable`1 apiDescriptions, SchemaRepository schemaRepository)
   at Swashbuckle.AspNetCore.SwaggerGen.SwaggerGenerator.GetSwagger(String documentName, String host, String basePath)
   at Swashbuckle.AspNetCore.Swagger.SwaggerMiddleware.Invoke(HttpContext httpContext, ISwaggerProvider swaggerProvider)
   at Microsoft.AspNetCore.Authorization.AuthorizationMiddleware.Invoke(HttpContext context)
   at IdentityServer4.Hosting.IdentityServerMiddleware.Invoke(HttpContext context, IEndpointRouter router, IUserSession session, IEventService events)
   at IdentityServer4.Hosting.MutualTlsTokenEndpointMiddleware.Invoke(HttpContext context, IAuthenticationSchemeProvider schemes)
   at Microsoft.AspNetCore.Authentication.AuthenticationMiddleware.Invoke(HttpContext context)
   at IdentityServer4.Hosting.BaseUrlMiddleware.Invoke(HttpContext context)
   at Microsoft.AspNetCore.Diagnostics.DeveloperExceptionPageMiddleware.Invoke(HttpContext context)
2020-10-19T16:10:46.8195056+07:00  [INF] Starting IdentityServer4 version "3.1.3.0" (8add0571)
2020-10-19T16:10:46.8846985+07:00  [INF] Using the default authentication scheme "Identity.Application" for IdentityServer (4a54f457)
2020-10-19T16:10:47.4881466+07:00  [INF] Application started. Press Ctrl+C to shut down. (dcaefe54)
2020-10-19T16:10:47.4936501+07:00  [INF] Hosting environment: "Development" (c3307c92)
2020-10-19T16:10:47.5166777+07:00  [INF] Content root path: "D:\CmsApp\CmsApp" (b5d60022)
2020-10-19T16:10:48.9067919+07:00 80000090-0002-f900-b63f-84710c7967bb [ERR] An unhandled exception has occurred while executing the request. (48a46595)
System.NotSupportedException: Ambiguous HTTP method for action - CmsApp.Controllers.PatientsController.Getallpatinet (CmsApp). Actions require an explicit HttpMethod binding for Swagger/OpenAPI 3.0
   at Swashbuckle.AspNetCore.SwaggerGen.SwaggerGenerator.GenerateOperations(IEnumerable`1 apiDescriptions, SchemaRepository schemaRepository)
   at Swashbuckle.AspNetCore.SwaggerGen.SwaggerGenerator.GeneratePaths(IEnumerable`1 apiDescriptions, SchemaRepository schemaRepository)
   at Swashbuckle.AspNetCore.SwaggerGen.SwaggerGenerator.GetSwagger(String documentName, String host, String basePath)
   at Swashbuckle.AspNetCore.Swagger.SwaggerMiddleware.Invoke(HttpContext httpContext, ISwaggerProvider swaggerProvider)
   at Microsoft.AspNetCore.Authorization.AuthorizationMiddleware.Invoke(HttpContext context)
   at IdentityServer4.Hosting.IdentityServerMiddleware.Invoke(HttpContext context, IEndpointRouter router, IUserSession session, IEventService events)
   at IdentityServer4.Hosting.MutualTlsTokenEndpointMiddleware.Invoke(HttpContext context, IAuthenticationSchemeProvider schemes)
   at Microsoft.AspNetCore.Authentication.AuthenticationMiddleware.Invoke(HttpContext context)
   at IdentityServer4.Hosting.BaseUrlMiddleware.Invoke(HttpContext context)
   at Microsoft.AspNetCore.Diagnostics.DeveloperExceptionPageMiddleware.Invoke(HttpContext context)
2020-10-19T16:11:16.9942287+07:00  [INF] Removing 0 grants (62cd9308)
2020-10-19T16:11:17.0345983+07:00  [INF] Removing 0 device flow codes (171ba47d)
2020-10-19T16:11:47.2341583+07:00  [INF] Removing 0 grants (62cd9308)
2020-10-19T16:11:47.2458307+07:00  [INF] Removing 0 device flow codes (171ba47d)
2020-10-19T16:12:18.1011221+07:00  [INF] Removing 0 grants (62cd9308)
2020-10-19T16:12:18.1151484+07:00  [INF] Removing 0 device flow codes (171ba47d)
2020-10-19T16:12:39.9565626+07:00 8000003b-0001-f300-b63f-84710c7967bb [ERR] An unhandled exception has occurred while executing the request. (48a46595)
System.NotSupportedException: Ambiguous HTTP method for action - CmsApp.Controllers.PatientsController.Getallpatinet (CmsApp). Actions require an explicit HttpMethod binding for Swagger/OpenAPI 3.0
   at Swashbuckle.AspNetCore.SwaggerGen.SwaggerGenerator.GenerateOperations(IEnumerable`1 apiDescriptions, SchemaRepository schemaRepository)
   at Swashbuckle.AspNetCore.SwaggerGen.SwaggerGenerator.GeneratePaths(IEnumerable`1 apiDescriptions, SchemaRepository schemaRepository)
   at Swashbuckle.AspNetCore.SwaggerGen.SwaggerGenerator.GetSwagger(String documentName, String host, String basePath)
   at Swashbuckle.AspNetCore.Swagger.SwaggerMiddleware.Invoke(HttpContext httpContext, ISwaggerProvider swaggerProvider)
   at Microsoft.AspNetCore.Authorization.AuthorizationMiddleware.Invoke(HttpContext context)
   at IdentityServer4.Hosting.IdentityServerMiddleware.Invoke(HttpContext context, IEndpointRouter router, IUserSession session, IEventService events)
   at IdentityServer4.Hosting.MutualTlsTokenEndpointMiddleware.Invoke(HttpContext context, IAuthenticationSchemeProvider schemes)
   at Microsoft.AspNetCore.Authentication.AuthenticationMiddleware.Invoke(HttpContext context)
   at IdentityServer4.Hosting.BaseUrlMiddleware.Invoke(HttpContext context)
   at Microsoft.AspNetCore.Diagnostics.DeveloperExceptionPageMiddleware.Invoke(HttpContext context)
2020-10-19T16:12:48.1470445+07:00  [INF] Removing 0 grants (62cd9308)
2020-10-19T16:12:48.1548241+07:00  [INF] Removing 0 device flow codes (171ba47d)
2020-10-19T16:12:51.4760355+07:00 80000072-0003-fd00-b63f-84710c7967bb [INF] Invoking IdentityServer endpoint: "IdentityServer4.Endpoints.DiscoveryEndpoint" for "/.well-known/openid-configuration" (f7642de5)
2020-10-19T16:12:52.7403326+07:00 80000035-0000-f600-b63f-84710c7967bb [INF] Invoking IdentityServer endpoint: "IdentityServer4.Endpoints.DiscoveryKeyEndpoint" for "/.well-known/openid-configuration/jwks" (f7642de5)
2020-10-19T16:12:52.8301055+07:00 80000037-0000-f600-b63f-84710c7967bb [INF] Invoking IdentityServer endpoint: "IdentityServer4.Endpoints.TokenEndpoint" for "/connect/token" (f7642de5)
2020-10-19T16:12:53.8044043+07:00 80000037-0000-f600-b63f-84710c7967bb [INF] Credentials validated for username: "kreangkrai" (cb811aa7)
2020-10-19T16:12:53.9164251+07:00 80000037-0000-f600-b63f-84710c7967bb [INF] Token request validation success, TokenRequestValidationLog { ClientId: "cmsapp_spa", ClientName: null, GrantType: "password", Scopes: "cmsapp_api email offline_access openid phone profile roles", AuthorizationCode: null, RefreshToken: null, UserName: "kreangkrai", AuthenticationContextReferenceClasses: null, Tenant: null, IdP: null, Raw: [("username": "kreangkrai"), ("password": "***REDACTED***"), ("client_id": "cmsapp_spa"), ("grant_type": "password"), ("scope": "openid email phone profile offline_access roles cmsapp_api")] } (3a073258)
2020-10-19T16:16:20.3547763+07:00  [INF] Starting IdentityServer4 version "3.1.3.0" (8add0571)
2020-10-19T16:16:20.4170967+07:00  [INF] Using the default authentication scheme "Identity.Application" for IdentityServer (4a54f457)
2020-10-19T16:16:21.0399047+07:00  [INF] Application started. Press Ctrl+C to shut down. (dcaefe54)
2020-10-19T16:16:21.0847909+07:00  [INF] Hosting environment: "Development" (c3307c92)
2020-10-19T16:16:21.0898165+07:00  [INF] Content root path: "D:\CmsApp\CmsApp" (b5d60022)
2020-10-19T16:16:50.7285601+07:00  [INF] Removing 0 grants (62cd9308)
2020-10-19T16:16:50.7684295+07:00  [INF] Removing 0 device flow codes (171ba47d)
2020-10-19T16:17:20.8307104+07:00  [INF] Removing 0 grants (62cd9308)
2020-10-19T16:17:20.8511056+07:00  [INF] Removing 0 device flow codes (171ba47d)
2020-10-19T16:17:50.8744249+07:00  [INF] Removing 0 grants (62cd9308)
2020-10-19T16:17:50.8882998+07:00  [INF] Removing 0 device flow codes (171ba47d)
2020-10-19T16:18:20.9252707+07:00  [INF] Removing 0 grants (62cd9308)
2020-10-19T16:18:20.9370280+07:00  [INF] Removing 0 device flow codes (171ba47d)
2020-10-19T16:18:50.9680110+07:00  [INF] Removing 0 grants (62cd9308)
2020-10-19T16:18:50.9772735+07:00  [INF] Removing 0 device flow codes (171ba47d)
2020-10-19T16:19:21.0539457+07:00  [INF] Removing 0 grants (62cd9308)
2020-10-19T16:19:21.0635558+07:00  [INF] Removing 0 device flow codes (171ba47d)
2020-10-19T16:23:12.9413336+07:00  [INF] Starting IdentityServer4 version "3.1.3.0" (8add0571)
2020-10-19T16:23:12.9932099+07:00  [INF] Using the default authentication scheme "Identity.Application" for IdentityServer (4a54f457)
2020-10-19T16:23:13.3630240+07:00  [INF] Application started. Press Ctrl+C to shut down. (dcaefe54)
2020-10-19T16:23:13.4011863+07:00  [INF] Hosting environment: "Development" (c3307c92)
2020-10-19T16:23:13.4356638+07:00  [INF] Content root path: "D:\CmsApp\CmsApp" (b5d60022)
2020-10-19T16:23:43.3966083+07:00  [INF] Removing 0 grants (62cd9308)
2020-10-19T16:23:43.5016999+07:00  [INF] Removing 0 device flow codes (171ba47d)
2020-10-19T16:24:13.5493684+07:00  [INF] Removing 0 grants (62cd9308)
2020-10-19T16:24:13.5761111+07:00  [INF] Removing 0 device flow codes (171ba47d)
2020-10-19T16:24:43.6099181+07:00  [INF] Removing 0 grants (62cd9308)
2020-10-19T16:24:43.6247593+07:00  [INF] Removing 0 device flow codes (171ba47d)
2020-10-19T16:25:13.6831385+07:00  [INF] Removing 0 grants (62cd9308)
2020-10-19T16:25:13.6952886+07:00  [INF] Removing 0 device flow codes (171ba47d)
2020-10-19T16:25:43.7557163+07:00  [INF] Removing 0 grants (62cd9308)
2020-10-19T16:25:43.7835425+07:00  [INF] Removing 0 device flow codes (171ba47d)
2020-10-19T16:26:13.8096567+07:00  [INF] Removing 0 grants (62cd9308)
2020-10-19T16:26:13.8227519+07:00  [INF] Removing 0 device flow codes (171ba47d)
2020-10-19T16:28:39.6214344+07:00  [INF] Starting IdentityServer4 version "3.1.3.0" (8add0571)
2020-10-19T16:28:39.6819369+07:00  [INF] Using the default authentication scheme "Identity.Application" for IdentityServer (4a54f457)
2020-10-19T16:28:40.6365665+07:00  [INF] Application started. Press Ctrl+C to shut down. (dcaefe54)
2020-10-19T16:28:40.6396244+07:00  [INF] Hosting environment: "Development" (c3307c92)
2020-10-19T16:28:40.6615365+07:00  [INF] Content root path: "D:\CmsApp\CmsApp" (b5d60022)
2020-10-19T16:29:09.7397056+07:00  [INF] Removing 0 grants (62cd9308)
2020-10-19T16:29:09.7692008+07:00  [INF] Removing 0 device flow codes (171ba47d)
2020-10-19T16:29:39.8210045+07:00  [INF] Removing 0 grants (62cd9308)
2020-10-19T16:29:39.8488226+07:00  [INF] Removing 0 device flow codes (171ba47d)
2020-10-19T16:30:09.8833996+07:00  [INF] Removing 0 grants (62cd9308)
2020-10-19T16:30:09.8970212+07:00  [INF] Removing 0 device flow codes (171ba47d)
2020-10-19T16:30:39.9412002+07:00  [INF] Removing 0 grants (62cd9308)
2020-10-19T16:30:39.9544934+07:00  [INF] Removing 0 device flow codes (171ba47d)
2020-10-19T16:31:09.9813517+07:00  [INF] Removing 0 grants (62cd9308)
2020-10-19T16:31:09.9929363+07:00  [INF] Removing 0 device flow codes (171ba47d)
2020-10-19T16:31:24.0272528+07:00 800000b9-0002-f000-b63f-84710c7967bb [INF] Invoking IdentityServer endpoint: "IdentityServer4.Endpoints.TokenEndpoint" for "/connect/token" (f7642de5)
2020-10-19T16:31:25.4549034+07:00 800000b9-0002-f000-b63f-84710c7967bb [INF] Credentials validated for username: "kreangkrai" (cb811aa7)
2020-10-19T16:31:25.5793345+07:00 800000b9-0002-f000-b63f-84710c7967bb [INF] Token request validation success, TokenRequestValidationLog { ClientId: "swaggerui", ClientName: "Swagger UI", GrantType: "password", Scopes: "cmsapp_api", AuthorizationCode: null, RefreshToken: null, UserName: "kreangkrai", AuthenticationContextReferenceClasses: null, Tenant: null, IdP: null, Raw: [("grant_type": "password"), ("username": "kreangkrai"), ("password": "***REDACTED***"), ("client_id": "swaggerui"), ("client_secret": "***REDACTED***")] } (3a073258)
2020-10-19T16:31:40.0155538+07:00  [INF] Removing 0 grants (62cd9308)
2020-10-19T16:31:40.0260907+07:00  [INF] Removing 0 device flow codes (171ba47d)
2020-10-19T16:32:10.0647086+07:00  [INF] Removing 0 grants (62cd9308)
2020-10-19T16:32:10.0901961+07:00  [INF] Removing 0 device flow codes (171ba47d)
2020-10-19T16:39:53.7875972+07:00  [INF] Starting IdentityServer4 version "3.1.3.0" (8add0571)
2020-10-19T16:39:53.8349127+07:00  [INF] Using the default authentication scheme "Identity.Application" for IdentityServer (4a54f457)
2020-10-19T16:39:54.1873619+07:00  [INF] Application started. Press Ctrl+C to shut down. (dcaefe54)
2020-10-19T16:39:54.1907856+07:00  [INF] Hosting environment: "Development" (c3307c92)
2020-10-19T16:39:54.1938202+07:00  [INF] Content root path: "D:\CmsApp\CmsApp" (b5d60022)
2020-10-19T16:40:24.1139394+07:00  [INF] Removing 0 grants (62cd9308)
2020-10-19T16:40:24.1431643+07:00  [INF] Removing 0 device flow codes (171ba47d)
2020-10-19T16:40:54.1945581+07:00  [INF] Removing 0 grants (62cd9308)
2020-10-19T16:40:54.2043334+07:00  [INF] Removing 0 device flow codes (171ba47d)
2020-10-19T16:41:24.2306600+07:00  [INF] Removing 0 grants (62cd9308)
2020-10-19T16:41:24.2527837+07:00  [INF] Removing 0 device flow codes (171ba47d)
2020-10-19T16:41:54.3214779+07:00  [INF] Removing 0 grants (62cd9308)
2020-10-19T16:41:54.3557958+07:00  [INF] Removing 0 device flow codes (171ba47d)
2020-10-19T16:42:24.3980265+07:00  [INF] Removing 0 grants (62cd9308)
2020-10-19T16:42:24.4232303+07:00  [INF] Removing 0 device flow codes (171ba47d)
2020-10-19T16:42:54.4625374+07:00  [INF] Removing 0 grants (62cd9308)
2020-10-19T16:42:54.4847971+07:00  [INF] Removing 0 device flow codes (171ba47d)
2020-10-19T16:43:24.5127969+07:00  [INF] Removing 0 grants (62cd9308)
2020-10-19T16:43:24.5271825+07:00  [INF] Removing 0 device flow codes (171ba47d)
2020-10-19T16:43:54.5571748+07:00  [INF] Removing 0 grants (62cd9308)
2020-10-19T16:43:54.5855328+07:00  [INF] Removing 0 device flow codes (171ba47d)
2020-10-19T16:44:24.6068684+07:00  [INF] Removing 0 grants (62cd9308)
2020-10-19T16:44:24.6378156+07:00  [INF] Removing 0 device flow codes (171ba47d)
2020-10-19T16:44:54.6616736+07:00  [INF] Removing 0 grants (62cd9308)
2020-10-19T16:44:54.6843771+07:00  [INF] Removing 0 device flow codes (171ba47d)
2020-10-19T16:45:24.7118418+07:00  [INF] Removing 0 grants (62cd9308)
2020-10-19T16:45:24.7359991+07:00  [INF] Removing 0 device flow codes (171ba47d)
2020-10-19T16:45:54.7601903+07:00  [INF] Removing 0 grants (62cd9308)
2020-10-19T16:45:54.7838189+07:00  [INF] Removing 0 device flow codes (171ba47d)
2020-10-19T16:46:24.8062914+07:00  [INF] Removing 0 grants (62cd9308)
2020-10-19T16:46:24.9098410+07:00  [INF] Removing 0 device flow codes (171ba47d)
2020-10-19T16:46:54.9542698+07:00  [INF] Removing 0 grants (62cd9308)
2020-10-19T16:46:54.9775515+07:00  [INF] Removing 0 device flow codes (171ba47d)
2020-10-19T16:47:25.0316383+07:00  [INF] Removing 0 grants (62cd9308)
2020-10-19T16:47:25.0548826+07:00  [INF] Removing 0 device flow codes (171ba47d)
2020-10-19T16:47:55.0911450+07:00  [INF] Removing 0 grants (62cd9308)
2020-10-19T16:47:55.1019018+07:00  [INF] Removing 0 device flow codes (171ba47d)
2020-10-19T16:48:04.7278402+07:00 80000056-0003-fb00-b63f-84710c7967bb [INF] Invoking IdentityServer endpoint: "IdentityServer4.Endpoints.DiscoveryEndpoint" for "/.well-known/openid-configuration" (f7642de5)
2020-10-19T16:48:05.9240304+07:00 8000006c-0001-f100-b63f-84710c7967bb [INF] Invoking IdentityServer endpoint: "IdentityServer4.Endpoints.DiscoveryKeyEndpoint" for "/.well-known/openid-configuration/jwks" (f7642de5)
2020-10-19T16:48:06.0347723+07:00 800000c0-0002-f000-b63f-84710c7967bb [INF] Invoking IdentityServer endpoint: "IdentityServer4.Endpoints.TokenEndpoint" for "/connect/token" (f7642de5)
2020-10-19T16:48:07.0487933+07:00 800000c0-0002-f000-b63f-84710c7967bb [INF] Credentials validated for username: "kreangkrai" (cb811aa7)
2020-10-19T16:48:07.1410309+07:00 800000c0-0002-f000-b63f-84710c7967bb [INF] Token request validation success, TokenRequestValidationLog { ClientId: "cmsapp_spa", ClientName: null, GrantType: "password", Scopes: "cmsapp_api email offline_access openid phone profile roles", AuthorizationCode: null, RefreshToken: null, UserName: "kreangkrai", AuthenticationContextReferenceClasses: null, Tenant: null, IdP: null, Raw: [("username": "kreangkrai"), ("password": "***REDACTED***"), ("client_id": "cmsapp_spa"), ("grant_type": "password"), ("scope": "openid email phone profile offline_access roles cmsapp_api")] } (3a073258)
2020-10-19T16:48:25.1292996+07:00  [INF] Removing 0 grants (62cd9308)
2020-10-19T16:48:25.1388453+07:00  [INF] Removing 0 device flow codes (171ba47d)
2020-10-19T16:48:55.1693298+07:00  [INF] Removing 0 grants (62cd9308)
2020-10-19T16:48:55.1781597+07:00  [INF] Removing 0 device flow codes (171ba47d)
2020-10-19T16:49:25.1953119+07:00  [INF] Removing 0 grants (62cd9308)
2020-10-19T16:49:25.2189128+07:00  [INF] Removing 0 device flow codes (171ba47d)
2020-10-19T16:49:55.3377699+07:00  [INF] Removing 0 grants (62cd9308)
2020-10-19T16:49:55.4031904+07:00  [INF] Removing 0 device flow codes (171ba47d)
2020-10-19T16:49:59.3458063+07:00 80000058-0001-f200-b63f-84710c7967bb [ERR] An unhandled exception has occurred while executing the request. (48a46595)
System.NotSupportedException: Ambiguous HTTP method for action - CmsApp.Controllers.PatientsController.GetAllcontextEmergency (CmsApp). Actions require an explicit HttpMethod binding for Swagger/OpenAPI 3.0
   at Swashbuckle.AspNetCore.SwaggerGen.SwaggerGenerator.GenerateOperations(IEnumerable`1 apiDescriptions, SchemaRepository schemaRepository)
   at Swashbuckle.AspNetCore.SwaggerGen.SwaggerGenerator.GeneratePaths(IEnumerable`1 apiDescriptions, SchemaRepository schemaRepository)
   at Swashbuckle.AspNetCore.SwaggerGen.SwaggerGenerator.GetSwagger(String documentName, String host, String basePath)
   at Swashbuckle.AspNetCore.Swagger.SwaggerMiddleware.Invoke(HttpContext httpContext, ISwaggerProvider swaggerProvider)
   at Microsoft.AspNetCore.Authorization.AuthorizationMiddleware.Invoke(HttpContext context)
   at IdentityServer4.Hosting.IdentityServerMiddleware.Invoke(HttpContext context, IEndpointRouter router, IUserSession session, IEventService events)
   at IdentityServer4.Hosting.MutualTlsTokenEndpointMiddleware.Invoke(HttpContext context, IAuthenticationSchemeProvider schemes)
   at Microsoft.AspNetCore.Authentication.AuthenticationMiddleware.Invoke(HttpContext context)
   at IdentityServer4.Hosting.BaseUrlMiddleware.Invoke(HttpContext context)
   at Microsoft.AspNetCore.Diagnostics.DeveloperExceptionPageMiddleware.Invoke(HttpContext context)
2020-10-19T16:50:03.3343022+07:00 8000004c-0002-f400-b63f-84710c7967bb [ERR] An unhandled exception has occurred while executing the request. (48a46595)
System.NotSupportedException: Ambiguous HTTP method for action - CmsApp.Controllers.PatientsController.GetAllcontextEmergency (CmsApp). Actions require an explicit HttpMethod binding for Swagger/OpenAPI 3.0
   at Swashbuckle.AspNetCore.SwaggerGen.SwaggerGenerator.GenerateOperations(IEnumerable`1 apiDescriptions, SchemaRepository schemaRepository)
   at Swashbuckle.AspNetCore.SwaggerGen.SwaggerGenerator.GeneratePaths(IEnumerable`1 apiDescriptions, SchemaRepository schemaRepository)
   at Swashbuckle.AspNetCore.SwaggerGen.SwaggerGenerator.GetSwagger(String documentName, String host, String basePath)
   at Swashbuckle.AspNetCore.Swagger.SwaggerMiddleware.Invoke(HttpContext httpContext, ISwaggerProvider swaggerProvider)
   at Microsoft.AspNetCore.Authorization.AuthorizationMiddleware.Invoke(HttpContext context)
   at IdentityServer4.Hosting.IdentityServerMiddleware.Invoke(HttpContext context, IEndpointRouter router, IUserSession session, IEventService events)
   at IdentityServer4.Hosting.MutualTlsTokenEndpointMiddleware.Invoke(HttpContext context, IAuthenticationSchemeProvider schemes)
   at Microsoft.AspNetCore.Authentication.AuthenticationMiddleware.Invoke(HttpContext context)
   at IdentityServer4.Hosting.BaseUrlMiddleware.Invoke(HttpContext context)
   at Microsoft.AspNetCore.Diagnostics.DeveloperExceptionPageMiddleware.Invoke(HttpContext context)
2020-10-19T16:52:15.0459340+07:00  [INF] Starting IdentityServer4 version "3.1.3.0" (8add0571)
2020-10-19T16:52:15.0999879+07:00  [INF] Using the default authentication scheme "Identity.Application" for IdentityServer (4a54f457)
2020-10-19T16:52:15.6922788+07:00  [INF] Application started. Press Ctrl+C to shut down. (dcaefe54)
2020-10-19T16:52:15.7168173+07:00  [INF] Hosting environment: "Development" (c3307c92)
2020-10-19T16:52:15.7213187+07:00  [INF] Content root path: "D:\CmsApp\CmsApp" (b5d60022)
2020-10-19T16:52:45.2290892+07:00  [INF] Removing 0 grants (62cd9308)
2020-10-19T16:52:45.2694076+07:00  [INF] Removing 0 device flow codes (171ba47d)
2020-10-19T16:53:15.3561038+07:00  [INF] Removing 0 grants (62cd9308)
2020-10-19T16:53:15.4009015+07:00  [INF] Removing 0 device flow codes (171ba47d)
2020-10-19T16:53:45.4451571+07:00  [INF] Removing 0 grants (62cd9308)
2020-10-19T16:53:45.4546955+07:00  [INF] Removing 0 device flow codes (171ba47d)
2020-10-19T16:54:15.5291934+07:00  [INF] Removing 0 grants (62cd9308)
2020-10-19T16:54:15.5520672+07:00  [INF] Removing 0 device flow codes (171ba47d)
2020-10-19T16:54:45.5660468+07:00  [INF] Removing 0 grants (62cd9308)
2020-10-19T16:54:45.6033900+07:00  [INF] Removing 0 device flow codes (171ba47d)
2020-10-19T16:55:15.6349854+07:00  [INF] Removing 0 grants (62cd9308)
2020-10-19T16:55:15.6556771+07:00  [INF] Removing 0 device flow codes (171ba47d)
2020-10-19T16:55:45.6828208+07:00  [INF] Removing 0 grants (62cd9308)
2020-10-19T16:55:45.6937318+07:00  [INF] Removing 0 device flow codes (171ba47d)
2020-10-19T16:56:15.7326725+07:00  [INF] Removing 0 grants (62cd9308)
2020-10-19T16:56:15.7441125+07:00  [INF] Removing 0 device flow codes (171ba47d)
2020-10-19T16:56:45.7838054+07:00  [INF] Removing 0 grants (62cd9308)
2020-10-19T16:56:45.8134994+07:00  [INF] Removing 0 device flow codes (171ba47d)
2020-10-19T16:57:15.8568144+07:00  [INF] Removing 0 grants (62cd9308)
2020-10-19T16:57:15.8807611+07:00  [INF] Removing 0 device flow codes (171ba47d)
2020-10-19T16:57:45.9033796+07:00  [INF] Removing 0 grants (62cd9308)
2020-10-19T16:57:45.9147401+07:00  [INF] Removing 0 device flow codes (171ba47d)
2020-10-19T16:58:15.9278798+07:00  [INF] Removing 0 grants (62cd9308)
2020-10-19T16:58:15.9523862+07:00  [INF] Removing 0 device flow codes (171ba47d)
2020-10-19T16:58:45.9649620+07:00  [INF] Removing 0 grants (62cd9308)
2020-10-19T16:58:45.9753330+07:00  [INF] Removing 0 device flow codes (171ba47d)
2020-10-19T16:59:16.0101337+07:00  [INF] Removing 0 grants (62cd9308)
2020-10-19T16:59:16.0578770+07:00  [INF] Removing 0 device flow codes (171ba47d)
2020-10-19T16:59:46.0746870+07:00  [INF] Removing 0 grants (62cd9308)
2020-10-19T16:59:46.0839662+07:00  [INF] Removing 0 device flow codes (171ba47d)
