2020-10-14T10:40:09.1916442+07:00  [INF] Starting IdentityServer4 version "3.1.3.0" (8add0571)
2020-10-14T10:40:09.2258236+07:00  [INF] Using the default authentication scheme "Identity.Application" for IdentityServer (4a54f457)
2020-10-14T10:40:10.4526018+07:00  [INF] Application started. Press Ctrl+C to shut down. (dcaefe54)
2020-10-14T10:40:10.4583351+07:00  [INF] Hosting environment: "Development" (c3307c92)
2020-10-14T10:40:10.4623185+07:00  [INF] Content root path: "D:\CmsApp\CmsApp" (b5d60022)
2020-10-14T10:40:35.0343600+07:00  [INF] Removing 0 grants (62cd9308)
2020-10-14T10:40:35.1118215+07:00  [INF] Removing 0 device flow codes (171ba47d)
2020-10-14T10:41:05.1597115+07:00  [INF] Removing 0 grants (62cd9308)
2020-10-14T10:41:05.1984614+07:00  [INF] Removing 0 device flow codes (171ba47d)
2020-10-14T10:41:35.2558287+07:00  [INF] Removing 0 grants (62cd9308)
2020-10-14T10:41:35.2792495+07:00  [INF] Removing 0 device flow codes (171ba47d)
2020-10-14T10:42:05.3350578+07:00  [INF] Removing 0 grants (62cd9308)
2020-10-14T10:42:05.3667919+07:00  [INF] Removing 0 device flow codes (171ba47d)
2020-10-14T10:42:35.4000069+07:00  [INF] Removing 0 grants (62cd9308)
2020-10-14T10:42:35.4256304+07:00  [INF] Removing 0 device flow codes (171ba47d)
2020-10-14T10:43:05.5028982+07:00  [INF] Removing 0 grants (62cd9308)
2020-10-14T10:43:05.5262820+07:00  [INF] Removing 0 device flow codes (171ba47d)
2020-10-14T10:43:35.5528528+07:00  [INF] Removing 0 grants (62cd9308)
2020-10-14T10:43:35.5843793+07:00  [INF] Removing 0 device flow codes (171ba47d)
2020-10-14T10:44:05.6229680+07:00  [INF] Removing 0 grants (62cd9308)
2020-10-14T10:44:05.6422854+07:00  [INF] Removing 0 device flow codes (171ba47d)
2020-10-14T10:44:35.6706621+07:00  [INF] Removing 0 grants (62cd9308)
2020-10-14T10:44:35.6815369+07:00  [INF] Removing 0 device flow codes (171ba47d)
2020-10-14T10:45:05.7300712+07:00  [INF] Removing 0 grants (62cd9308)
2020-10-14T10:45:05.7407779+07:00  [INF] Removing 0 device flow codes (171ba47d)
2020-10-14T10:45:35.7769125+07:00  [INF] Removing 0 grants (62cd9308)
2020-10-14T10:45:35.7936065+07:00  [INF] Removing 0 device flow codes (171ba47d)
2020-10-14T10:46:17.0999366+07:00  [INF] Removing 0 grants (62cd9308)
2020-10-14T10:46:17.1292859+07:00  [INF] Removing 0 device flow codes (171ba47d)
2020-10-14T10:46:51.7854650+07:00  [INF] Removing 0 grants (62cd9308)
2020-10-14T10:46:51.8472306+07:00  [INF] Removing 0 device flow codes (171ba47d)
2020-10-14T11:01:01.8495417+07:00 8000003d-0001-fd00-b63f-84710c7967bb [INF] Invoking IdentityServer endpoint: "IdentityServer4.Endpoints.DiscoveryEndpoint" for "/.well-known/openid-configuration" (f7642de5)
2020-10-14T11:01:12.3885673+07:00  [INF] Removing 0 grants (62cd9308)
2020-10-14T11:01:12.4227069+07:00  [INF] Removing 0 device flow codes (171ba47d)
2020-10-14T11:01:55.7304351+07:00  [INF] Removing 0 grants (62cd9308)
2020-10-14T11:01:55.7430308+07:00  [INF] Removing 0 device flow codes (171ba47d)
2020-10-14T13:22:58.2924464+07:00  [INF] Starting IdentityServer4 version "3.1.3.0" (8add0571)
2020-10-14T13:22:58.3656109+07:00  [INF] Using the default authentication scheme "Identity.Application" for IdentityServer (4a54f457)
2020-10-14T13:22:58.9498140+07:00  [INF] Application started. Press Ctrl+C to shut down. (dcaefe54)
2020-10-14T13:22:58.9536362+07:00  [INF] Hosting environment: "Development" (c3307c92)
2020-10-14T13:22:58.9569478+07:00  [INF] Content root path: "D:\CmsApp\CmsApp" (b5d60022)
2020-10-14T13:23:28.3324557+07:00  [INF] Removing 0 grants (62cd9308)
2020-10-14T13:23:28.3882884+07:00  [INF] Removing 0 device flow codes (171ba47d)
2020-10-14T13:23:58.4303128+07:00  [INF] Removing 0 grants (62cd9308)
2020-10-14T13:23:58.4820759+07:00  [INF] Removing 0 device flow codes (171ba47d)
2020-10-14T13:24:28.5860932+07:00  [INF] Removing 0 grants (62cd9308)
2020-10-14T13:24:28.5983619+07:00  [INF] Removing 0 device flow codes (171ba47d)
2020-10-14T13:24:58.7050291+07:00  [INF] Removing 0 grants (62cd9308)
2020-10-14T13:24:59.0815829+07:00  [INF] Removing 0 device flow codes (171ba47d)
2020-10-14T13:25:28.8620718+07:00  [ERR] ERROR in src/app/components/app.component.ts:340:29 - error TS2339: Property 'currentPatient' does not exist on type 'AuthService'.

340     return this.authService.currentPatient ? this.authService.currentPatient.patientLastname : '';
                                ~~~~~~~~~~~~~~
src/app/components/app.component.ts:340:63 - error TS2339: Property 'currentPatient' does not exist on type 'AuthService'.

340     return this.authService.currentPatient ? this.authService.currentPatient.patientLastname : '';
                                                                  ~~~~~~~~~~~~~~

 (01016f23)
2020-10-14T13:25:29.1209089+07:00  [INF] Removing 0 grants (62cd9308)
2020-10-14T13:25:29.1401035+07:00  [INF] Removing 0 device flow codes (171ba47d)
2020-10-14T13:25:59.1856100+07:00  [INF] Removing 0 grants (62cd9308)
2020-10-14T13:25:59.2115309+07:00  [INF] Removing 0 device flow codes (171ba47d)
2020-10-14T13:26:29.2600165+07:00  [INF] Removing 0 grants (62cd9308)
2020-10-14T13:26:29.2831266+07:00  [INF] Removing 0 device flow codes (171ba47d)
2020-10-14T13:46:28.8439121+07:00  [INF] Starting IdentityServer4 version "3.1.3.0" (8add0571)
2020-10-14T13:46:28.8948406+07:00  [INF] Using the default authentication scheme "Identity.Application" for IdentityServer (4a54f457)
2020-10-14T13:46:29.4037087+07:00  [INF] Application started. Press Ctrl+C to shut down. (dcaefe54)
2020-10-14T13:46:29.4261686+07:00  [INF] Hosting environment: "Development" (c3307c92)
2020-10-14T13:46:29.4430418+07:00  [INF] Content root path: "D:\CmsApp\CmsApp" (b5d60022)
2020-10-14T13:46:59.0333298+07:00  [INF] Removing 0 grants (62cd9308)
2020-10-14T13:46:59.0808302+07:00  [INF] Removing 0 device flow codes (171ba47d)
2020-10-14T13:47:21.2732011+07:00  [ERR] ERROR in src/app/components/app.component.ts:340:29 - error TS2339: Property 'currentPatient' does not exist on type 'AuthService'.

340     return this.authService.currentPatient ? this.authService.currentPatient.patientLastname : '';
                                ~~~~~~~~~~~~~~
src/app/components/app.component.ts:340:63 - error TS2339: Property 'currentPatient' does not exist on type 'AuthService'.

340     return this.authService.currentPatient ? this.authService.currentPatient.patientLastname : '';
                                                                  ~~~~~~~~~~~~~~

 (01016f23)
2020-10-14T13:47:29.1451161+07:00  [INF] Removing 0 grants (62cd9308)
2020-10-14T13:47:29.1530133+07:00  [INF] Removing 0 device flow codes (171ba47d)
2020-10-14T13:47:59.1905611+07:00  [INF] Removing 0 grants (62cd9308)
2020-10-14T13:47:59.2332926+07:00  [INF] Removing 0 device flow codes (171ba47d)
2020-10-14T13:52:41.4544994+07:00  [INF] Starting IdentityServer4 version "3.1.3.0" (8add0571)
2020-10-14T13:52:41.5075937+07:00  [INF] Using the default authentication scheme "Identity.Application" for IdentityServer (4a54f457)
2020-10-14T13:52:41.8498591+07:00  [INF] Application started. Press Ctrl+C to shut down. (dcaefe54)
2020-10-14T13:52:41.8535082+07:00  [INF] Hosting environment: "Development" (c3307c92)
2020-10-14T13:52:41.8892057+07:00  [INF] Content root path: "D:\CmsApp\CmsApp" (b5d60022)
2020-10-14T13:53:11.7308200+07:00  [INF] Removing 0 grants (62cd9308)
2020-10-14T13:53:11.9073464+07:00  [INF] Removing 0 device flow codes (171ba47d)
2020-10-14T13:53:19.2894236+07:00  [ERR] ERROR in src/app/components/app.component.ts:340:29 - error TS2339: Property 'currentPatient' does not exist on type 'AuthService'.

340     return this.authService.currentPatient ? this.authService.currentPatient.patientLastname : '';
                                ~~~~~~~~~~~~~~
src/app/components/app.component.ts:340:63 - error TS2339: Property 'currentPatient' does not exist on type 'AuthService'.

340     return this.authService.currentPatient ? this.authService.currentPatient.patientLastname : '';
                                                                  ~~~~~~~~~~~~~~

 (01016f23)
2020-10-14T13:53:41.9728028+07:00  [INF] Removing 0 grants (62cd9308)
2020-10-14T13:53:41.9835247+07:00  [INF] Removing 0 device flow codes (171ba47d)
2020-10-14T13:54:12.0170768+07:00  [INF] Removing 0 grants (62cd9308)
2020-10-14T13:54:12.0463634+07:00  [INF] Removing 0 device flow codes (171ba47d)
2020-10-14T13:54:42.1101218+07:00  [INF] Removing 0 grants (62cd9308)
2020-10-14T13:54:42.1200127+07:00  [INF] Removing 0 device flow codes (171ba47d)
2020-10-14T13:55:12.1615057+07:00  [INF] Removing 0 grants (62cd9308)
2020-10-14T13:55:12.1859223+07:00  [INF] Removing 0 device flow codes (171ba47d)
2020-10-14T13:56:29.5383303+07:00  [INF] Starting IdentityServer4 version "3.1.3.0" (8add0571)
2020-10-14T13:56:29.5632872+07:00  [INF] Using the default authentication scheme "Identity.Application" for IdentityServer (4a54f457)
2020-10-14T13:56:29.9438278+07:00  [INF] Now listening on: "https://localhost:5001" (d826f4b8)
2020-10-14T13:56:29.9438769+07:00  [INF] Now listening on: "http://localhost:5000" (d826f4b8)
2020-10-14T13:56:29.9440924+07:00  [INF] Application started. Press Ctrl+C to shut down. (dcaefe54)
2020-10-14T13:56:29.9441283+07:00  [INF] Hosting environment: "Development" (c3307c92)
2020-10-14T13:56:29.9441546+07:00  [INF] Content root path: "D:\CmsApp\CmsApp" (b5d60022)
2020-10-14T13:56:59.9253805+07:00  [INF] Removing 0 grants (62cd9308)
2020-10-14T13:56:59.9462040+07:00  [INF] Removing 0 device flow codes (171ba47d)
2020-10-14T13:57:02.6760984+07:00  [ERR] ERROR in src/app/components/app.component.ts:340:29 - error TS2339: Property 'currentPatient' does not exist on type 'AuthService'.

340     return this.authService.currentPatient ? this.authService.currentPatient.patientLastname : '';
                                ~~~~~~~~~~~~~~
src/app/components/app.component.ts:340:63 - error TS2339: Property 'currentPatient' does not exist on type 'AuthService'.

340     return this.authService.currentPatient ? this.authService.currentPatient.patientLastname : '';
                                                                  ~~~~~~~~~~~~~~

 (01016f23)
2020-10-14T13:57:29.9730635+07:00  [INF] Removing 0 grants (62cd9308)
2020-10-14T13:57:29.9744344+07:00  [INF] Removing 0 device flow codes (171ba47d)
2020-10-14T13:58:00.0017008+07:00  [INF] Removing 0 grants (62cd9308)
2020-10-14T13:58:00.0058277+07:00  [INF] Removing 0 device flow codes (171ba47d)
2020-10-14T13:58:30.0190809+07:00  [INF] Removing 0 grants (62cd9308)
2020-10-14T13:58:30.0215683+07:00  [INF] Removing 0 device flow codes (171ba47d)
2020-10-14T13:59:00.0430000+07:00  [INF] Removing 0 grants (62cd9308)
2020-10-14T13:59:00.0476499+07:00  [INF] Removing 0 device flow codes (171ba47d)
2020-10-14T13:59:30.0773072+07:00  [INF] Removing 0 grants (62cd9308)
2020-10-14T13:59:30.0789968+07:00  [INF] Removing 0 device flow codes (171ba47d)
2020-10-14T14:00:00.1653211+07:00  [INF] Removing 0 grants (62cd9308)
2020-10-14T14:00:00.1695590+07:00  [INF] Removing 0 device flow codes (171ba47d)
2020-10-14T14:00:30.1907397+07:00  [INF] Removing 0 grants (62cd9308)
2020-10-14T14:00:30.1943633+07:00  [INF] Removing 0 device flow codes (171ba47d)
2020-10-14T14:01:00.3020355+07:00  [INF] Removing 0 grants (62cd9308)
2020-10-14T14:01:00.3060341+07:00  [INF] Removing 0 device flow codes (171ba47d)
2020-10-14T14:01:15.7619865+07:00  [INF] Application is shutting down... (90f52c38)
2020-10-14T14:03:15.5991207+07:00  [INF] Starting IdentityServer4 version "3.1.3.0" (8add0571)
2020-10-14T14:03:15.6391700+07:00  [INF] Using the default authentication scheme "Identity.Application" for IdentityServer (4a54f457)
2020-10-14T14:03:16.2650275+07:00  [INF] Application started. Press Ctrl+C to shut down. (dcaefe54)
2020-10-14T14:03:16.3739727+07:00  [INF] Hosting environment: "Development" (c3307c92)
2020-10-14T14:03:16.4434279+07:00  [INF] Content root path: "D:\CmsApp\CmsApp" (b5d60022)
2020-10-14T14:03:46.7058267+07:00  [INF] Removing 0 grants (62cd9308)
2020-10-14T14:03:47.5873753+07:00  [INF] Removing 0 device flow codes (171ba47d)
2020-10-14T14:04:17.6501749+07:00  [INF] Removing 0 grants (62cd9308)
2020-10-14T14:04:17.6706357+07:00  [INF] Removing 0 device flow codes (171ba47d)
2020-10-14T14:04:47.7019868+07:00  [INF] Removing 0 grants (62cd9308)
2020-10-14T14:04:47.7132499+07:00  [INF] Removing 0 device flow codes (171ba47d)
2020-10-14T14:05:17.7556821+07:00  [INF] Removing 0 grants (62cd9308)
2020-10-14T14:05:17.7692157+07:00  [INF] Removing 0 device flow codes (171ba47d)
2020-10-14T14:05:47.8008304+07:00  [INF] Removing 0 grants (62cd9308)
2020-10-14T14:05:47.8221775+07:00  [INF] Removing 0 device flow codes (171ba47d)
2020-10-14T14:06:17.8412815+07:00  [INF] Removing 0 grants (62cd9308)
2020-10-14T14:06:17.8639127+07:00  [INF] Removing 0 device flow codes (171ba47d)
2020-10-14T14:06:47.8852774+07:00  [INF] Removing 0 grants (62cd9308)
2020-10-14T14:06:47.9153344+07:00  [INF] Removing 0 device flow codes (171ba47d)
2020-10-14T14:07:17.9587111+07:00  [INF] Removing 0 grants (62cd9308)
2020-10-14T14:07:17.9847303+07:00  [INF] Removing 0 device flow codes (171ba47d)
2020-10-14T14:37:10.1013822+07:00  [INF] Starting IdentityServer4 version "3.1.3.0" (8add0571)
2020-10-14T14:37:10.2466093+07:00  [INF] Using the default authentication scheme "Identity.Application" for IdentityServer (4a54f457)
2020-10-14T14:37:11.0578194+07:00  [INF] Application started. Press Ctrl+C to shut down. (dcaefe54)
2020-10-14T14:37:11.0608668+07:00  [INF] Hosting environment: "Development" (c3307c92)
2020-10-14T14:37:11.0654638+07:00  [INF] Content root path: "D:\CmsApp\CmsApp" (b5d60022)
2020-10-14T14:37:40.3333866+07:00  [INF] Removing 1 grants (62cd9308)
2020-10-14T14:37:42.9306384+07:00  [INF] Removing 0 device flow codes (171ba47d)
2020-10-14T14:38:13.0067017+07:00  [INF] Removing 0 grants (62cd9308)
2020-10-14T14:38:13.0284930+07:00  [INF] Removing 0 device flow codes (171ba47d)
2020-10-14T14:38:43.0821121+07:00  [INF] Removing 0 grants (62cd9308)
2020-10-14T14:38:43.1087883+07:00  [INF] Removing 0 device flow codes (171ba47d)
2020-10-14T14:39:13.1453121+07:00  [INF] Removing 0 grants (62cd9308)
2020-10-14T14:39:13.1789399+07:00  [INF] Removing 0 device flow codes (171ba47d)
2020-10-14T14:39:43.2081104+07:00  [INF] Removing 0 grants (62cd9308)
2020-10-14T14:39:43.2391939+07:00  [INF] Removing 0 device flow codes (171ba47d)
2020-10-14T14:40:13.2632678+07:00  [INF] Removing 0 grants (62cd9308)
2020-10-14T14:40:13.2720671+07:00  [INF] Removing 0 device flow codes (171ba47d)
2020-10-14T14:40:43.3105324+07:00  [INF] Removing 0 grants (62cd9308)
2020-10-14T14:40:43.3356511+07:00  [INF] Removing 0 device flow codes (171ba47d)
2020-10-14T14:41:13.3868666+07:00  [INF] Removing 0 grants (62cd9308)
2020-10-14T14:41:13.4262354+07:00  [INF] Removing 0 device flow codes (171ba47d)
2020-10-14T14:41:43.4967996+07:00  [INF] Removing 0 grants (62cd9308)
2020-10-14T14:41:43.5069749+07:00  [INF] Removing 0 device flow codes (171ba47d)
2020-10-14T14:42:13.5334750+07:00  [INF] Removing 0 grants (62cd9308)
2020-10-14T14:42:13.5454159+07:00  [INF] Removing 0 device flow codes (171ba47d)
2020-10-14T14:42:43.5908247+07:00  [INF] Removing 0 grants (62cd9308)
2020-10-14T14:42:43.6018817+07:00  [INF] Removing 0 device flow codes (171ba47d)
2020-10-14T14:42:50.9012782+07:00 8000001a-0001-ff00-b63f-84710c7967bb [INF] Invoking IdentityServer endpoint: "IdentityServer4.Endpoints.DiscoveryEndpoint" for "/.well-known/openid-configuration" (f7642de5)
2020-10-14T14:42:55.2938127+07:00 8000002e-0003-ea00-b63f-84710c7967bb [INF] Invoking IdentityServer endpoint: "IdentityServer4.Endpoints.DiscoveryKeyEndpoint" for "/.well-known/openid-configuration/jwks" (f7642de5)
2020-10-14T14:42:55.9371091+07:00 80000087-0002-fa00-b63f-84710c7967bb [INF] Invoking IdentityServer endpoint: "IdentityServer4.Endpoints.TokenEndpoint" for "/connect/token" (f7642de5)
2020-10-14T14:42:59.6465932+07:00 80000087-0002-fa00-b63f-84710c7967bb [INF] Credentials validated for username: "kreangkrai" (cb811aa7)
2020-10-14T14:43:00.1521750+07:00 80000087-0002-fa00-b63f-84710c7967bb [INF] Token request validation success, TokenRequestValidationLog { ClientId: "quickapp_spa", ClientName: null, GrantType: "password", Scopes: "email offline_access openid phone profile quickapp_api roles", AuthorizationCode: null, RefreshToken: null, UserName: "kreangkrai", AuthenticationContextReferenceClasses: null, Tenant: null, IdP: null, Raw: [("username": "kreangkrai"), ("password": "***REDACTED***"), ("client_id": "quickapp_spa"), ("grant_type": "password"), ("scope": "openid email phone profile offline_access roles quickapp_api")] } (3a073258)
2020-10-14T14:43:13.6567455+07:00  [INF] Removing 0 grants (62cd9308)
2020-10-14T14:43:13.6708839+07:00  [INF] Removing 0 device flow codes (171ba47d)
2020-10-14T14:54:41.0427628+07:00  [INF] Starting IdentityServer4 version "3.1.3.0" (8add0571)
2020-10-14T14:54:41.1012919+07:00  [INF] Using the default authentication scheme "Identity.Application" for IdentityServer (4a54f457)
2020-10-14T14:54:41.4658920+07:00  [INF] Application started. Press Ctrl+C to shut down. (dcaefe54)
2020-10-14T14:54:41.4853025+07:00  [INF] Hosting environment: "Development" (c3307c92)
2020-10-14T14:54:41.4951212+07:00  [INF] Content root path: "D:\CmsApp\CmsApp" (b5d60022)
2020-10-14T14:55:11.2043748+07:00  [INF] Removing 0 grants (62cd9308)
2020-10-14T14:55:11.2508755+07:00  [INF] Removing 0 device flow codes (171ba47d)
2020-10-14T14:55:41.3106496+07:00  [INF] Removing 0 grants (62cd9308)
2020-10-14T14:55:41.3394185+07:00  [INF] Removing 0 device flow codes (171ba47d)
2020-10-14T14:56:11.3675670+07:00  [INF] Removing 0 grants (62cd9308)
2020-10-14T14:56:11.4101890+07:00  [INF] Removing 0 device flow codes (171ba47d)
2020-10-14T14:56:41.4540749+07:00  [INF] Removing 0 grants (62cd9308)
2020-10-14T14:56:41.4809377+07:00  [INF] Removing 0 device flow codes (171ba47d)
2020-10-14T14:57:11.5290646+07:00  [INF] Removing 0 grants (62cd9308)
2020-10-14T14:57:11.5538020+07:00  [INF] Removing 0 device flow codes (171ba47d)
2020-10-14T14:57:41.6326739+07:00  [INF] Removing 0 grants (62cd9308)
2020-10-14T14:57:41.7139955+07:00  [INF] Removing 0 device flow codes (171ba47d)
2020-10-14T14:58:11.7364717+07:00  [INF] Removing 0 grants (62cd9308)
2020-10-14T14:58:11.7493280+07:00  [INF] Removing 0 device flow codes (171ba47d)
2020-10-14T14:58:21.2761665+07:00 80000030-0001-ff00-b63f-84710c7967bb [INF] Invoking IdentityServer endpoint: "IdentityServer4.Endpoints.DiscoveryEndpoint" for "/.well-known/openid-configuration" (f7642de5)
2020-10-14T14:58:23.1675790+07:00 80000021-0002-fc00-b63f-84710c7967bb [INF] Invoking IdentityServer endpoint: "IdentityServer4.Endpoints.DiscoveryKeyEndpoint" for "/.well-known/openid-configuration/jwks" (f7642de5)
2020-10-14T14:58:23.6523041+07:00 80000023-0002-fc00-b63f-84710c7967bb [INF] Invoking IdentityServer endpoint: "IdentityServer4.Endpoints.TokenEndpoint" for "/connect/token" (f7642de5)
2020-10-14T14:58:25.0959078+07:00 80000023-0002-fc00-b63f-84710c7967bb [INF] Credentials validated for username: "kreangkrai" (cb811aa7)
2020-10-14T14:58:25.2195201+07:00 80000023-0002-fc00-b63f-84710c7967bb [INF] Token request validation success, TokenRequestValidationLog { ClientId: "quickapp_spa", ClientName: null, GrantType: "password", Scopes: "email offline_access openid phone profile quickapp_api roles", AuthorizationCode: null, RefreshToken: null, UserName: "kreangkrai", AuthenticationContextReferenceClasses: null, Tenant: null, IdP: null, Raw: [("username": "kreangkrai"), ("password": "***REDACTED***"), ("client_id": "quickapp_spa"), ("grant_type": "password"), ("scope": "openid email phone profile offline_access roles quickapp_api")] } (3a073258)
2020-10-14T14:58:41.7680785+07:00  [INF] Removing 0 grants (62cd9308)
2020-10-14T14:58:41.7805513+07:00  [INF] Removing 0 device flow codes (171ba47d)
2020-10-14T14:59:11.8237587+07:00  [INF] Removing 0 grants (62cd9308)
2020-10-14T14:59:11.8487183+07:00  [INF] Removing 0 device flow codes (171ba47d)
2020-10-14T14:59:41.8762338+07:00  [INF] Removing 0 grants (62cd9308)
2020-10-14T14:59:41.8843070+07:00  [INF] Removing 0 device flow codes (171ba47d)
2020-10-14T15:00:11.9386384+07:00  [INF] Removing 0 grants (62cd9308)
2020-10-14T15:00:11.9505127+07:00  [INF] Removing 0 device flow codes (171ba47d)
2020-10-14T15:00:17.0733061+07:00 80000027-0002-fc00-b63f-84710c7967bb [INF] Invoking IdentityServer endpoint: "IdentityServer4.Endpoints.TokenEndpoint" for "/connect/token" (f7642de5)
2020-10-14T15:00:17.2991635+07:00 80000027-0002-fc00-b63f-84710c7967bb [INF] Credentials validated for username: "kreangkrai" (cb811aa7)
2020-10-14T15:00:17.3051067+07:00 80000027-0002-fc00-b63f-84710c7967bb [INF] Token request validation success, TokenRequestValidationLog { ClientId: "swaggerui", ClientName: "Swagger UI", GrantType: "password", Scopes: "quickapp_api", AuthorizationCode: null, RefreshToken: null, UserName: "kreangkrai", AuthenticationContextReferenceClasses: null, Tenant: null, IdP: null, Raw: [("grant_type": "password"), ("username": "kreangkrai"), ("password": "***REDACTED***"), ("client_id": "swaggerui"), ("client_secret": "***REDACTED***")] } (3a073258)
2020-10-14T15:00:54.9052132+07:00  [INF] Removing 0 grants (62cd9308)
2020-10-14T15:00:56.4304699+07:00  [INF] Removing 0 device flow codes (171ba47d)
2020-10-14T15:01:06.0170558+07:00 8000001e-0002-fe00-b63f-84710c7967bb [ERR] An exception occurred while iterating over the results of a query for context type '"DAL.ApplicationDbContext"'."
""System.InvalidCastException: Unable to cast object of type 'System.String' to type 'System.Int32'.
   at MySqlConnector.Core.Row.GetInt32(Int32 ordinal) in C:\projects\mysqlconnector\src\MySqlConnector\Core\Row.cs:line 223
   at MySql.Data.MySqlClient.MySqlDataReader.GetInt32(Int32 ordinal) in C:\projects\mysqlconnector\src\MySqlConnector\MySql.Data.MySqlClient\MySqlDataReader.cs:line 232
   at lambda_method(Closure , QueryContext , DbDataReader , ResultContext , Int32[] , ResultCoordinator )
   at Microsoft.EntityFrameworkCore.Query.Internal.QueryingEnumerable`1.Enumerator.MoveNext()" (f5c7ac34)
System.InvalidCastException: Unable to cast object of type 'System.String' to type 'System.Int32'.
   at MySqlConnector.Core.Row.GetInt32(Int32 ordinal) in C:\projects\mysqlconnector\src\MySqlConnector\Core\Row.cs:line 223
   at MySql.Data.MySqlClient.MySqlDataReader.GetInt32(Int32 ordinal) in C:\projects\mysqlconnector\src\MySqlConnector\MySql.Data.MySqlClient\MySqlDataReader.cs:line 232
   at lambda_method(Closure , QueryContext , DbDataReader , ResultContext , Int32[] , ResultCoordinator )
   at Microsoft.EntityFrameworkCore.Query.Internal.QueryingEnumerable`1.Enumerator.MoveNext()
2020-10-14T15:03:05.9842246+07:00  [INF] Starting IdentityServer4 version "3.1.3.0" (8add0571)
2020-10-14T15:03:06.0450894+07:00  [INF] Using the default authentication scheme "Identity.Application" for IdentityServer (4a54f457)
2020-10-14T15:03:06.6762622+07:00  [INF] Application started. Press Ctrl+C to shut down. (dcaefe54)
2020-10-14T15:03:06.7038151+07:00  [INF] Hosting environment: "Development" (c3307c92)
2020-10-14T15:03:06.7071598+07:00  [INF] Content root path: "D:\CmsApp\CmsApp" (b5d60022)
2020-10-14T15:03:33.8657023+07:00 80000036-0001-ff00-b63f-84710c7967bb [INF] Invoking IdentityServer endpoint: "IdentityServer4.Endpoints.TokenEndpoint" for "/connect/token" (f7642de5)
2020-10-14T15:03:36.0136469+07:00  [INF] Removing 0 grants (62cd9308)
2020-10-14T15:03:36.0548690+07:00  [INF] Removing 0 device flow codes (171ba47d)
2020-10-14T15:03:36.5081096+07:00 80000036-0001-ff00-b63f-84710c7967bb [WRN] Invalid password for user "2a432ac8-139b-409b-88ac-450c23704bbf". (c2dce6c7)
2020-10-14T15:03:36.5160565+07:00 80000036-0001-ff00-b63f-84710c7967bb [WRN] User "2a432ac8-139b-409b-88ac-450c23704bbf" failed to provide the correct password. (ec8d2479)
2020-10-14T15:03:37.3335334+07:00 80000036-0001-ff00-b63f-84710c7967bb [INF] Authentication failed for username: "kreangkrai", reason: invalid credentials (61b6995a)
2020-10-14T15:03:37.4976584+07:00 80000036-0001-ff00-b63f-84710c7967bb [INF] User authentication failed: "invalid_username_or_password", details: TokenRequestValidationLog { ClientId: "swaggerui", ClientName: "Swagger UI", GrantType: "password", Scopes: "quickapp_api", AuthorizationCode: null, RefreshToken: null, UserName: "kreangkrai", AuthenticationContextReferenceClasses: null, Tenant: null, IdP: null, Raw: [("grant_type": "password"), ("scope": "quickapp_api"), ("username": "kreangkrai"), ("client_id": "swaggerui"), ("client_secret": "***REDACTED***")] } (07b239aa)
2020-10-14T15:03:42.4537637+07:00 80000029-0000-fc00-b63f-84710c7967bb [INF] Invoking IdentityServer endpoint: "IdentityServer4.Endpoints.TokenEndpoint" for "/connect/token" (f7642de5)
2020-10-14T15:03:42.6676771+07:00 80000029-0000-fc00-b63f-84710c7967bb [WRN] Invalid password for user "2a432ac8-139b-409b-88ac-450c23704bbf". (c2dce6c7)
2020-10-14T15:03:42.6720873+07:00 80000029-0000-fc00-b63f-84710c7967bb [WRN] User "2a432ac8-139b-409b-88ac-450c23704bbf" failed to provide the correct password. (ec8d2479)
2020-10-14T15:03:42.8094893+07:00 80000029-0000-fc00-b63f-84710c7967bb [INF] Authentication failed for username: "kreangkrai", reason: invalid credentials (61b6995a)
2020-10-14T15:03:42.8166271+07:00 80000029-0000-fc00-b63f-84710c7967bb [INF] User authentication failed: "invalid_username_or_password", details: TokenRequestValidationLog { ClientId: "swaggerui", ClientName: "Swagger UI", GrantType: "password", Scopes: "quickapp_api", AuthorizationCode: null, RefreshToken: null, UserName: "kreangkrai", AuthenticationContextReferenceClasses: null, Tenant: null, IdP: null, Raw: [("grant_type": "password"), ("username": "kreangkrai"), ("client_id": "swaggerui"), ("client_secret": "***REDACTED***")] } (07b239aa)
2020-10-14T15:04:06.1321466+07:00  [INF] Removing 0 grants (62cd9308)
2020-10-14T15:04:06.1460057+07:00  [INF] Removing 0 device flow codes (171ba47d)
2020-10-14T15:04:16.8651023+07:00 80000026-0002-fd00-b63f-84710c7967bb [INF] Invoking IdentityServer endpoint: "IdentityServer4.Endpoints.TokenEndpoint" for "/connect/token" (f7642de5)
2020-10-14T15:04:17.2690668+07:00 80000026-0002-fd00-b63f-84710c7967bb [INF] Credentials validated for username: "kreangkrai" (cb811aa7)
2020-10-14T15:04:17.2924639+07:00 80000026-0002-fd00-b63f-84710c7967bb [INF] Token request validation success, TokenRequestValidationLog { ClientId: "swaggerui", ClientName: "Swagger UI", GrantType: "password", Scopes: "quickapp_api", AuthorizationCode: null, RefreshToken: null, UserName: "kreangkrai", AuthenticationContextReferenceClasses: null, Tenant: null, IdP: null, Raw: [("grant_type": "password"), ("username": "kreangkrai"), ("password": "***REDACTED***"), ("client_id": "swaggerui"), ("client_secret": "***REDACTED***")] } (3a073258)
2020-10-14T15:04:36.1683793+07:00  [INF] Removing 0 grants (62cd9308)
2020-10-14T15:04:36.1765693+07:00  [INF] Removing 0 device flow codes (171ba47d)
2020-10-14T15:04:58.4934024+07:00 80000018-0001-f700-b63f-84710c7967bb [INF] Invoking IdentityServer endpoint: "IdentityServer4.Endpoints.DiscoveryEndpoint" for "/.well-known/openid-configuration" (f7642de5)
2020-10-14T15:04:58.9172405+07:00 80000019-0001-f700-b63f-84710c7967bb [INF] Invoking IdentityServer endpoint: "IdentityServer4.Endpoints.DiscoveryKeyEndpoint" for "/.well-known/openid-configuration/jwks" (f7642de5)
2020-10-14T15:05:06.4492342+07:00  [INF] Removing 0 grants (62cd9308)
2020-10-14T15:05:06.6165031+07:00  [INF] Removing 0 device flow codes (171ba47d)
2020-10-14T15:05:37.1550400+07:00  [INF] Removing 0 grants (62cd9308)
2020-10-14T15:05:37.1778939+07:00  [INF] Removing 0 device flow codes (171ba47d)
2020-10-14T15:06:07.2264518+07:00  [INF] Removing 0 grants (62cd9308)
2020-10-14T15:06:07.2556797+07:00  [INF] Removing 0 device flow codes (171ba47d)
2020-10-14T15:06:37.2965924+07:00  [INF] Removing 0 grants (62cd9308)
2020-10-14T15:06:37.3213758+07:00  [INF] Removing 0 device flow codes (171ba47d)
2020-10-14T15:07:07.3425635+07:00  [INF] Removing 0 grants (62cd9308)
2020-10-14T15:07:07.3735026+07:00  [INF] Removing 0 device flow codes (171ba47d)
2020-10-14T15:07:37.4179420+07:00  [INF] Removing 0 grants (62cd9308)
2020-10-14T15:07:37.4366206+07:00  [INF] Removing 0 device flow codes (171ba47d)
2020-10-14T15:08:07.4663364+07:00  [INF] Removing 0 grants (62cd9308)
2020-10-14T15:08:07.5272263+07:00  [INF] Removing 0 device flow codes (171ba47d)
2020-10-14T15:08:08.9997912+07:00 8000000d-0003-e800-b63f-84710c7967bb [ERR] An unhandled exception has occurred while executing the request. (48a46595)
System.TimeoutException: The Angular CLI process did not start listening for requests within the timeout period of 0 seconds. Check the log output for error information.
   at Microsoft.AspNetCore.SpaServices.Extensions.Util.TaskTimeoutExtensions.WithTimeout[T](Task`1 task, TimeSpan timeoutDelay, String message)
   at Microsoft.AspNetCore.SpaServices.Extensions.Proxy.SpaProxy.PerformProxyRequest(HttpContext context, HttpClient httpClient, Task`1 baseUriTask, CancellationToken applicationStoppingToken, Boolean proxy404s)
   at Microsoft.AspNetCore.Builder.SpaProxyingExtensions.<>c__DisplayClass2_0.<<UseProxyToSpaDevelopmentServer>b__0>d.MoveNext()
--- End of stack trace from previous location where exception was thrown ---
   at Swashbuckle.AspNetCore.SwaggerUI.SwaggerUIMiddleware.Invoke(HttpContext httpContext)
   at Swashbuckle.AspNetCore.Swagger.SwaggerMiddleware.Invoke(HttpContext httpContext, ISwaggerProvider swaggerProvider)
   at Microsoft.AspNetCore.Authorization.AuthorizationMiddleware.Invoke(HttpContext context)
   at IdentityServer4.Hosting.IdentityServerMiddleware.Invoke(HttpContext context, IEndpointRouter router, IUserSession session, IEventService events)
   at IdentityServer4.Hosting.MutualTlsTokenEndpointMiddleware.Invoke(HttpContext context, IAuthenticationSchemeProvider schemes)
   at Microsoft.AspNetCore.Authentication.AuthenticationMiddleware.Invoke(HttpContext context)
   at IdentityServer4.Hosting.BaseUrlMiddleware.Invoke(HttpContext context)
   at Microsoft.AspNetCore.Diagnostics.DeveloperExceptionPageMiddleware.Invoke(HttpContext context)
2020-10-14T15:10:25.4252623+07:00  [INF] Starting IdentityServer4 version "3.1.3.0" (8add0571)
2020-10-14T15:10:25.4546333+07:00  [INF] Using the default authentication scheme "Identity.Application" for IdentityServer (4a54f457)
2020-10-14T15:10:26.6950376+07:00  [INF] Application started. Press Ctrl+C to shut down. (dcaefe54)
2020-10-14T15:10:26.7268252+07:00  [INF] Hosting environment: "Development" (c3307c92)
2020-10-14T15:10:26.7313180+07:00  [INF] Content root path: "D:\CmsApp\CmsApp" (b5d60022)
2020-10-14T15:10:55.6466158+07:00  [INF] Removing 0 grants (62cd9308)
2020-10-14T15:10:55.7063795+07:00  [INF] Removing 0 device flow codes (171ba47d)
2020-10-14T15:11:25.7527561+07:00  [INF] Removing 0 grants (62cd9308)
2020-10-14T15:11:25.7988894+07:00  [INF] Removing 0 device flow codes (171ba47d)
2020-10-14T15:11:55.8472112+07:00  [INF] Removing 0 grants (62cd9308)
2020-10-14T15:11:55.8723520+07:00  [INF] Removing 0 device flow codes (171ba47d)
2020-10-14T15:12:25.9998917+07:00  [INF] Removing 0 grants (62cd9308)
2020-10-14T15:12:26.0562643+07:00  [INF] Removing 0 device flow codes (171ba47d)
2020-10-14T15:12:56.2872230+07:00  [INF] Removing 0 grants (62cd9308)
2020-10-14T15:12:56.3454628+07:00  [INF] Removing 0 device flow codes (171ba47d)
2020-10-14T15:13:26.4375838+07:00  [INF] Removing 0 grants (62cd9308)
2020-10-14T15:13:26.4506376+07:00  [INF] Removing 0 device flow codes (171ba47d)
2020-10-14T15:13:56.4888802+07:00  [INF] Removing 0 grants (62cd9308)
2020-10-14T15:13:56.5037493+07:00  [INF] Removing 0 device flow codes (171ba47d)
2020-10-14T15:14:26.5394408+07:00  [INF] Removing 0 grants (62cd9308)
2020-10-14T15:14:26.5672210+07:00  [INF] Removing 0 device flow codes (171ba47d)
2020-10-14T15:14:31.0843793+07:00 80000046-0001-ff00-b63f-84710c7967bb [INF] Invoking IdentityServer endpoint: "IdentityServer4.Endpoints.DiscoveryEndpoint" for "/.well-known/openid-configuration" (f7642de5)
2020-10-14T15:14:34.8811989+07:00 80000048-0001-ff00-b63f-84710c7967bb [INF] Invoking IdentityServer endpoint: "IdentityServer4.Endpoints.DiscoveryKeyEndpoint" for "/.well-known/openid-configuration/jwks" (f7642de5)
2020-10-14T15:14:36.5121967+07:00 8000002d-0000-fc00-b63f-84710c7967bb [INF] Invoking IdentityServer endpoint: "IdentityServer4.Endpoints.TokenEndpoint" for "/connect/token" (f7642de5)
2020-10-14T15:14:40.3076344+07:00 8000002d-0000-fc00-b63f-84710c7967bb [INF] Credentials validated for username: "kreangkrai" (cb811aa7)
2020-10-14T15:14:40.5226259+07:00 8000002d-0000-fc00-b63f-84710c7967bb [INF] Token request validation success, TokenRequestValidationLog { ClientId: "quickapp_spa", ClientName: null, GrantType: "password", Scopes: "email offline_access openid phone profile quickapp_api roles", AuthorizationCode: null, RefreshToken: null, UserName: "kreangkrai", AuthenticationContextReferenceClasses: null, Tenant: null, IdP: null, Raw: [("username": "kreangkrai"), ("password": "***REDACTED***"), ("client_id": "quickapp_spa"), ("grant_type": "password"), ("scope": "openid email phone profile offline_access roles quickapp_api")] } (3a073258)
2020-10-14T15:14:56.6059225+07:00  [INF] Removing 0 grants (62cd9308)
2020-10-14T15:14:56.6175601+07:00  [INF] Removing 0 device flow codes (171ba47d)
2020-10-14T15:15:26.6544296+07:00  [INF] Removing 0 grants (62cd9308)
2020-10-14T15:15:26.6735998+07:00  [INF] Removing 0 device flow codes (171ba47d)
2020-10-14T15:15:49.6069414+07:00 80000011-0003-e700-b63f-84710c7967bb [INF] Invoking IdentityServer endpoint: "IdentityServer4.Endpoints.TokenEndpoint" for "/connect/token" (f7642de5)
2020-10-14T15:15:49.8771500+07:00 80000011-0003-e700-b63f-84710c7967bb [INF] Credentials validated for username: "kreangkrai" (cb811aa7)
2020-10-14T15:15:49.8886635+07:00 80000011-0003-e700-b63f-84710c7967bb [INF] Token request validation success, TokenRequestValidationLog { ClientId: "swaggerui", ClientName: "Swagger UI", GrantType: "password", Scopes: "quickapp_api", AuthorizationCode: null, RefreshToken: null, UserName: "kreangkrai", AuthenticationContextReferenceClasses: null, Tenant: null, IdP: null, Raw: [("grant_type": "password"), ("username": "kreangkrai"), ("password": "***REDACTED***"), ("client_id": "swaggerui"), ("client_secret": "***REDACTED***")] } (3a073258)
2020-10-14T15:15:56.6910228+07:00  [INF] Removing 0 grants (62cd9308)
2020-10-14T15:15:56.7027975+07:00  [INF] Removing 0 device flow codes (171ba47d)
2020-10-14T15:16:03.2385531+07:00 80000008-0001-f800-b63f-84710c7967bb [INF] Invoking IdentityServer endpoint: "IdentityServer4.Endpoints.DiscoveryEndpoint" for "/.well-known/openid-configuration" (f7642de5)
2020-10-14T15:16:03.4858332+07:00 80000009-0001-f800-b63f-84710c7967bb [INF] Invoking IdentityServer endpoint: "IdentityServer4.Endpoints.DiscoveryKeyEndpoint" for "/.well-known/openid-configuration/jwks" (f7642de5)
2020-10-14T15:16:26.7183808+07:00  [INF] Removing 0 grants (62cd9308)
2020-10-14T15:16:26.7301505+07:00  [INF] Removing 0 device flow codes (171ba47d)
2020-10-14T15:16:56.7701040+07:00  [INF] Removing 0 grants (62cd9308)
2020-10-14T15:16:56.8079068+07:00  [INF] Removing 0 device flow codes (171ba47d)
2020-10-14T15:17:26.8365170+07:00  [INF] Removing 0 grants (62cd9308)
2020-10-14T15:17:26.8463926+07:00  [INF] Removing 0 device flow codes (171ba47d)
2020-10-14T15:17:56.8854095+07:00  [INF] Removing 0 grants (62cd9308)
2020-10-14T15:17:56.8959662+07:00  [INF] Removing 0 device flow codes (171ba47d)
2020-10-14T15:18:26.9339159+07:00  [INF] Removing 0 grants (62cd9308)
2020-10-14T15:18:26.9414047+07:00  [INF] Removing 0 device flow codes (171ba47d)
2020-10-14T15:18:56.9719852+07:00  [INF] Removing 0 grants (62cd9308)
2020-10-14T15:18:56.9807626+07:00  [INF] Removing 0 device flow codes (171ba47d)
2020-10-14T15:19:27.0513742+07:00  [INF] Removing 0 grants (62cd9308)
2020-10-14T15:19:27.0663393+07:00  [INF] Removing 0 device flow codes (171ba47d)
2020-10-14T15:19:57.1000716+07:00  [INF] Removing 0 grants (62cd9308)
2020-10-14T15:19:57.1098121+07:00  [INF] Removing 0 device flow codes (171ba47d)
2020-10-14T15:20:27.1249770+07:00  [INF] Removing 0 grants (62cd9308)
2020-10-14T15:20:27.1908370+07:00  [INF] Removing 0 device flow codes (171ba47d)
2020-10-14T15:20:57.2144199+07:00  [INF] Removing 0 grants (62cd9308)
2020-10-14T15:20:57.2276790+07:00  [INF] Removing 0 device flow codes (171ba47d)
2020-10-14T15:21:27.2654444+07:00  [INF] Removing 0 grants (62cd9308)
2020-10-14T15:21:27.2745286+07:00  [INF] Removing 0 device flow codes (171ba47d)
2020-10-14T15:21:57.2962036+07:00  [INF] Removing 0 grants (62cd9308)
2020-10-14T15:21:57.3059488+07:00  [INF] Removing 0 device flow codes (171ba47d)
2020-10-14T15:22:27.3639051+07:00  [INF] Removing 0 grants (62cd9308)
2020-10-14T15:22:27.3747594+07:00  [INF] Removing 0 device flow codes (171ba47d)
2020-10-14T15:22:57.6549449+07:00  [INF] Removing 0 grants (62cd9308)
2020-10-14T15:22:57.7047922+07:00  [INF] Removing 0 device flow codes (171ba47d)
2020-10-14T15:23:00.2842675+07:00 800000b1-0002-fa00-b63f-84710c7967bb [ERR] An exception occurred while iterating over the results of a query for context type '"DAL.ApplicationDbContext"'."
""System.InvalidCastException: Unable to cast object of type 'System.String' to type 'System.Int32'.
   at MySqlConnector.Core.Row.GetInt32(Int32 ordinal) in C:\projects\mysqlconnector\src\MySqlConnector\Core\Row.cs:line 223
   at MySql.Data.MySqlClient.MySqlDataReader.GetInt32(Int32 ordinal) in C:\projects\mysqlconnector\src\MySqlConnector\MySql.Data.MySqlClient\MySqlDataReader.cs:line 232
   at lambda_method(Closure , QueryContext , DbDataReader , ResultContext , Int32[] , ResultCoordinator )
   at Microsoft.EntityFrameworkCore.Query.Internal.QueryingEnumerable`1.Enumerator.MoveNext()" (f5c7ac34)
System.InvalidCastException: Unable to cast object of type 'System.String' to type 'System.Int32'.
   at MySqlConnector.Core.Row.GetInt32(Int32 ordinal) in C:\projects\mysqlconnector\src\MySqlConnector\Core\Row.cs:line 223
   at MySql.Data.MySqlClient.MySqlDataReader.GetInt32(Int32 ordinal) in C:\projects\mysqlconnector\src\MySqlConnector\MySql.Data.MySqlClient\MySqlDataReader.cs:line 232
   at lambda_method(Closure , QueryContext , DbDataReader , ResultContext , Int32[] , ResultCoordinator )
   at Microsoft.EntityFrameworkCore.Query.Internal.QueryingEnumerable`1.Enumerator.MoveNext()
2020-10-14T15:34:05.0176373+07:00  [INF] Starting IdentityServer4 version "3.1.3.0" (8add0571)
2020-10-14T15:34:05.2804631+07:00  [INF] Using the default authentication scheme "Identity.Application" for IdentityServer (4a54f457)
2020-10-14T15:34:05.8785614+07:00  [INF] Application started. Press Ctrl+C to shut down. (dcaefe54)
2020-10-14T15:34:05.8832552+07:00  [INF] Hosting environment: "Development" (c3307c92)
2020-10-14T15:34:05.9101239+07:00  [INF] Content root path: "D:\CmsApp\CmsApp" (b5d60022)
2020-10-14T15:34:33.7449375+07:00  [INF] Removing 0 grants (62cd9308)
2020-10-14T15:34:33.7778766+07:00  [INF] Removing 0 device flow codes (171ba47d)
2020-10-14T15:35:03.8576014+07:00  [INF] Removing 0 grants (62cd9308)
2020-10-14T15:35:03.8867138+07:00  [INF] Removing 0 device flow codes (171ba47d)
2020-10-14T15:35:33.9306308+07:00  [INF] Removing 0 grants (62cd9308)
2020-10-14T15:35:33.9565344+07:00  [INF] Removing 0 device flow codes (171ba47d)
2020-10-14T15:36:04.0105994+07:00  [INF] Removing 0 grants (62cd9308)
2020-10-14T15:36:04.0316564+07:00  [INF] Removing 0 device flow codes (171ba47d)
2020-10-14T15:36:34.1130342+07:00  [INF] Removing 0 grants (62cd9308)
2020-10-14T15:36:34.1406287+07:00  [INF] Removing 0 device flow codes (171ba47d)
2020-10-14T15:37:04.1787100+07:00  [INF] Removing 0 grants (62cd9308)
2020-10-14T15:37:04.1908203+07:00  [INF] Removing 0 device flow codes (171ba47d)
2020-10-14T15:37:25.1061682+07:00 8000005d-0003-ed00-b63f-84710c7967bb [INF] Invoking IdentityServer endpoint: "IdentityServer4.Endpoints.DiscoveryEndpoint" for "/.well-known/openid-configuration" (f7642de5)
2020-10-14T15:37:26.3833645+07:00 80000024-0000-f800-b63f-84710c7967bb [INF] Invoking IdentityServer endpoint: "IdentityServer4.Endpoints.DiscoveryKeyEndpoint" for "/.well-known/openid-configuration/jwks" (f7642de5)
2020-10-14T15:37:26.4989272+07:00 80000026-0000-f800-b63f-84710c7967bb [INF] Invoking IdentityServer endpoint: "IdentityServer4.Endpoints.TokenEndpoint" for "/connect/token" (f7642de5)
2020-10-14T15:37:27.5872750+07:00 80000026-0000-f800-b63f-84710c7967bb [INF] Credentials validated for username: "kreangkrai" (cb811aa7)
2020-10-14T15:37:27.7797689+07:00 80000026-0000-f800-b63f-84710c7967bb [INF] Token request validation success, TokenRequestValidationLog { ClientId: "quickapp_spa", ClientName: null, GrantType: "password", Scopes: "email offline_access openid phone profile quickapp_api roles", AuthorizationCode: null, RefreshToken: null, UserName: "kreangkrai", AuthenticationContextReferenceClasses: null, Tenant: null, IdP: null, Raw: [("username": "kreangkrai"), ("password": "***REDACTED***"), ("client_id": "quickapp_spa"), ("grant_type": "password"), ("scope": "openid email phone profile offline_access roles quickapp_api")] } (3a073258)
2020-10-14T15:37:34.2312124+07:00  [INF] Removing 0 grants (62cd9308)
2020-10-14T15:37:34.2481533+07:00  [INF] Removing 0 device flow codes (171ba47d)
2020-10-14T15:38:04.3031307+07:00  [INF] Removing 0 grants (62cd9308)
2020-10-14T15:38:04.3292934+07:00  [INF] Removing 0 device flow codes (171ba47d)
2020-10-14T15:38:34.3866831+07:00  [INF] Removing 0 grants (62cd9308)
2020-10-14T15:38:34.3991256+07:00  [INF] Removing 0 device flow codes (171ba47d)
2020-10-14T15:39:04.4561670+07:00  [INF] Removing 0 grants (62cd9308)
2020-10-14T15:39:04.4757223+07:00  [INF] Removing 0 device flow codes (171ba47d)
2020-10-14T15:39:34.5077015+07:00  [INF] Removing 0 grants (62cd9308)
2020-10-14T15:39:34.5335392+07:00  [INF] Removing 0 device flow codes (171ba47d)
2020-10-14T15:40:04.5852205+07:00  [INF] Removing 0 grants (62cd9308)
2020-10-14T15:40:04.5943158+07:00  [INF] Removing 0 device flow codes (171ba47d)
2020-10-14T15:40:34.6716187+07:00  [INF] Removing 0 grants (62cd9308)
2020-10-14T15:40:34.7169374+07:00  [INF] Removing 0 device flow codes (171ba47d)
2020-10-14T15:41:04.7564125+07:00  [INF] Removing 0 grants (62cd9308)
2020-10-14T15:41:04.7813508+07:00  [INF] Removing 0 device flow codes (171ba47d)
2020-10-14T15:42:18.5313796+07:00  [INF] Removing 0 grants (62cd9308)
2020-10-14T15:42:29.8922312+07:00  [INF] Removing 0 device flow codes (171ba47d)
2020-10-14T15:43:16.1916960+07:00  [INF] Removing 0 grants (62cd9308)
2020-10-14T15:43:16.2023593+07:00  [INF] Removing 0 device flow codes (171ba47d)
2020-10-14T15:43:46.2416450+07:00  [INF] Removing 0 grants (62cd9308)
2020-10-14T15:43:46.2525464+07:00  [INF] Removing 0 device flow codes (171ba47d)
2020-10-14T16:08:29.7127782+07:00  [INF] Starting IdentityServer4 version "3.1.3.0" (8add0571)
2020-10-14T16:08:29.7734355+07:00  [INF] Using the default authentication scheme "Identity.Application" for IdentityServer (4a54f457)
2020-10-14T16:08:30.1827315+07:00  [INF] Application started. Press Ctrl+C to shut down. (dcaefe54)
2020-10-14T16:08:30.1870340+07:00  [INF] Hosting environment: "Development" (c3307c92)
2020-10-14T16:08:30.2150544+07:00  [INF] Content root path: "D:\CmsApp\CmsApp" (b5d60022)
2020-10-14T16:09:01.3935996+07:00  [INF] Removing 0 grants (62cd9308)
2020-10-14T16:09:01.8042056+07:00  [INF] Removing 0 device flow codes (171ba47d)
2020-10-14T16:09:31.8744200+07:00  [INF] Removing 0 grants (62cd9308)
2020-10-14T16:09:31.9002109+07:00  [INF] Removing 0 device flow codes (171ba47d)
2020-10-14T16:10:01.9305757+07:00  [INF] Removing 0 grants (62cd9308)
2020-10-14T16:10:01.9547328+07:00  [INF] Removing 0 device flow codes (171ba47d)
2020-10-14T16:10:32.0198784+07:00  [INF] Removing 0 grants (62cd9308)
2020-10-14T16:10:32.0444517+07:00  [INF] Removing 0 device flow codes (171ba47d)
2020-10-14T16:11:02.0995805+07:00  [INF] Removing 0 grants (62cd9308)
2020-10-14T16:11:02.1112524+07:00  [INF] Removing 0 device flow codes (171ba47d)
2020-10-14T16:11:32.1546353+07:00  [INF] Removing 0 grants (62cd9308)
2020-10-14T16:11:32.1945256+07:00  [INF] Removing 0 device flow codes (171ba47d)
2020-10-14T16:12:02.2255344+07:00  [INF] Removing 0 grants (62cd9308)
2020-10-14T16:12:02.2951961+07:00  [INF] Removing 0 device flow codes (171ba47d)
2020-10-14T16:12:32.3645006+07:00  [INF] Removing 0 grants (62cd9308)
2020-10-14T16:12:32.4209252+07:00  [INF] Removing 0 device flow codes (171ba47d)
2020-10-14T16:13:02.4475848+07:00  [INF] Removing 0 grants (62cd9308)
2020-10-14T16:13:02.4562022+07:00  [INF] Removing 0 device flow codes (171ba47d)
2020-10-14T16:13:32.4800741+07:00  [INF] Removing 0 grants (62cd9308)
2020-10-14T16:13:32.4889453+07:00  [INF] Removing 0 device flow codes (171ba47d)
2020-10-14T16:14:02.5050257+07:00  [INF] Removing 0 grants (62cd9308)
2020-10-14T16:14:02.5400361+07:00  [INF] Removing 0 device flow codes (171ba47d)
2020-10-14T16:14:14.1644673+07:00 80000040-0001-fe00-b63f-84710c7967bb [INF] Invoking IdentityServer endpoint: "IdentityServer4.Endpoints.DiscoveryEndpoint" for "/.well-known/openid-configuration" (f7642de5)
2020-10-14T16:14:16.1162472+07:00 80000019-0000-fa00-b63f-84710c7967bb [INF] Invoking IdentityServer endpoint: "IdentityServer4.Endpoints.DiscoveryKeyEndpoint" for "/.well-known/openid-configuration/jwks" (f7642de5)
2020-10-14T16:14:16.3438469+07:00 80000026-0002-f700-b63f-84710c7967bb [INF] Invoking IdentityServer endpoint: "IdentityServer4.Endpoints.TokenEndpoint" for "/connect/token" (f7642de5)
2020-10-14T16:14:17.9333751+07:00 80000026-0002-f700-b63f-84710c7967bb [INF] Credentials validated for username: "kreangkrai" (cb811aa7)
2020-10-14T16:14:18.0447331+07:00 80000026-0002-f700-b63f-84710c7967bb [INF] Token request validation success, TokenRequestValidationLog { ClientId: "quickapp_spa", ClientName: null, GrantType: "password", Scopes: "email offline_access openid phone profile quickapp_api roles", AuthorizationCode: null, RefreshToken: null, UserName: "kreangkrai", AuthenticationContextReferenceClasses: null, Tenant: null, IdP: null, Raw: [("username": "kreangkrai"), ("password": "***REDACTED***"), ("client_id": "quickapp_spa"), ("grant_type": "password"), ("scope": "openid email phone profile offline_access roles quickapp_api")] } (3a073258)
2020-10-14T16:14:32.5656001+07:00  [INF] Removing 0 grants (62cd9308)
2020-10-14T16:14:32.5756795+07:00  [INF] Removing 0 device flow codes (171ba47d)
2020-10-14T16:15:02.6131664+07:00  [INF] Removing 0 grants (62cd9308)
2020-10-14T16:15:02.6245982+07:00  [INF] Removing 0 device flow codes (171ba47d)
2020-10-14T16:15:21.7201372+07:00 800000bb-0002-fa00-b63f-84710c7967bb [ERR] An exception occurred while iterating over the results of a query for context type '"DAL.ApplicationDbContext"'."
""System.InvalidCastException: Unable to cast object of type 'System.String' to type 'System.Int32'.
   at MySqlConnector.Core.Row.GetInt32(Int32 ordinal) in C:\projects\mysqlconnector\src\MySqlConnector\Core\Row.cs:line 223
   at MySql.Data.MySqlClient.MySqlDataReader.GetInt32(Int32 ordinal) in C:\projects\mysqlconnector\src\MySqlConnector\MySql.Data.MySqlClient\MySqlDataReader.cs:line 232
   at lambda_method(Closure , QueryContext , DbDataReader , ResultContext , Int32[] , ResultCoordinator )
   at Microsoft.EntityFrameworkCore.Query.Internal.QueryingEnumerable`1.AsyncEnumerator.MoveNextAsync()" (f5c7ac34)
System.InvalidCastException: Unable to cast object of type 'System.String' to type 'System.Int32'.
   at MySqlConnector.Core.Row.GetInt32(Int32 ordinal) in C:\projects\mysqlconnector\src\MySqlConnector\Core\Row.cs:line 223
   at MySql.Data.MySqlClient.MySqlDataReader.GetInt32(Int32 ordinal) in C:\projects\mysqlconnector\src\MySqlConnector\MySql.Data.MySqlClient\MySqlDataReader.cs:line 232
   at lambda_method(Closure , QueryContext , DbDataReader , ResultContext , Int32[] , ResultCoordinator )
   at Microsoft.EntityFrameworkCore.Query.Internal.QueryingEnumerable`1.AsyncEnumerator.MoveNextAsync()
2020-10-14T16:15:22.3789805+07:00 800000bb-0002-fa00-b63f-84710c7967bb [ERR] An unhandled exception has occurred while executing the request. (48a46595)
System.InvalidCastException: Unable to cast object of type 'System.String' to type 'System.Int32'.
   at MySqlConnector.Core.Row.GetInt32(Int32 ordinal) in C:\projects\mysqlconnector\src\MySqlConnector\Core\Row.cs:line 223
   at MySql.Data.MySqlClient.MySqlDataReader.GetInt32(Int32 ordinal) in C:\projects\mysqlconnector\src\MySqlConnector\MySql.Data.MySqlClient\MySqlDataReader.cs:line 232
   at lambda_method(Closure , QueryContext , DbDataReader , ResultContext , Int32[] , ResultCoordinator )
   at Microsoft.EntityFrameworkCore.Query.Internal.QueryingEnumerable`1.AsyncEnumerator.MoveNextAsync()
   at Microsoft.EntityFrameworkCore.EntityFrameworkQueryableExtensions.ToListAsync[TSource](IQueryable`1 source, CancellationToken cancellationToken)
   at Microsoft.EntityFrameworkCore.EntityFrameworkQueryableExtensions.ToListAsync[TSource](IQueryable`1 source, CancellationToken cancellationToken)
   at CmsApp.Controllers.PatientsController.Getpateint() in D:\CmsApp\CmsApp\Controllers\PatientsController.cs:line 35
   at lambda_method(Closure , Object )
   at Microsoft.Extensions.Internal.ObjectMethodExecutorAwaitable.Awaiter.GetResult()
   at Microsoft.AspNetCore.Mvc.Infrastructure.ActionMethodExecutor.AwaitableObjectResultExecutor.Execute(IActionResultTypeMapper mapper, ObjectMethodExecutor executor, Object controller, Object[] arguments)
   at Microsoft.AspNetCore.Mvc.Infrastructure.ControllerActionInvoker.<InvokeActionMethodAsync>g__Awaited|12_0(ControllerActionInvoker invoker, ValueTask`1 actionResultValueTask)
   at Microsoft.AspNetCore.Mvc.Infrastructure.ControllerActionInvoker.<InvokeNextActionFilterAsync>g__Awaited|10_0(ControllerActionInvoker invoker, Task lastTask, State next, Scope scope, Object state, Boolean isCompleted)
   at Microsoft.AspNetCore.Mvc.Infrastructure.ControllerActionInvoker.Rethrow(ActionExecutedContextSealed context)
   at Microsoft.AspNetCore.Mvc.Infrastructure.ControllerActionInvoker.Next(State& next, Scope& scope, Object& state, Boolean& isCompleted)
   at Microsoft.AspNetCore.Mvc.Infrastructure.ControllerActionInvoker.<InvokeInnerFilterAsync>g__Awaited|13_0(ControllerActionInvoker invoker, Task lastTask, State next, Scope scope, Object state, Boolean isCompleted)
   at Microsoft.AspNetCore.Mvc.Infrastructure.ResourceInvoker.<InvokeNextResourceFilter>g__Awaited|24_0(ResourceInvoker invoker, Task lastTask, State next, Scope scope, Object state, Boolean isCompleted)
   at Microsoft.AspNetCore.Mvc.Infrastructure.ResourceInvoker.Rethrow(ResourceExecutedContextSealed context)
   at Microsoft.AspNetCore.Mvc.Infrastructure.ResourceInvoker.Next(State& next, Scope& scope, Object& state, Boolean& isCompleted)
   at Microsoft.AspNetCore.Mvc.Infrastructure.ResourceInvoker.<InvokeFilterPipelineAsync>g__Awaited|19_0(ResourceInvoker invoker, Task lastTask, State next, Scope scope, Object state, Boolean isCompleted)
   at Microsoft.AspNetCore.Mvc.Infrastructure.ResourceInvoker.<InvokeAsync>g__Awaited|17_0(ResourceInvoker invoker, Task task, IDisposable scope)
   at Microsoft.AspNetCore.Routing.EndpointMiddleware.<Invoke>g__AwaitRequestTask|6_0(Endpoint endpoint, Task requestTask, ILogger logger)
   at Swashbuckle.AspNetCore.SwaggerUI.SwaggerUIMiddleware.Invoke(HttpContext httpContext)
   at Swashbuckle.AspNetCore.Swagger.SwaggerMiddleware.Invoke(HttpContext httpContext, ISwaggerProvider swaggerProvider)
   at Microsoft.AspNetCore.Authorization.AuthorizationMiddleware.Invoke(HttpContext context)
   at IdentityServer4.Hosting.IdentityServerMiddleware.Invoke(HttpContext context, IEndpointRouter router, IUserSession session, IEventService events)
   at IdentityServer4.Hosting.MutualTlsTokenEndpointMiddleware.Invoke(HttpContext context, IAuthenticationSchemeProvider schemes)
   at Microsoft.AspNetCore.Authentication.AuthenticationMiddleware.Invoke(HttpContext context)
   at IdentityServer4.Hosting.BaseUrlMiddleware.Invoke(HttpContext context)
   at Microsoft.AspNetCore.Diagnostics.DeveloperExceptionPageMiddleware.Invoke(HttpContext context)
2020-10-14T16:15:32.6899761+07:00  [INF] Removing 0 grants (62cd9308)
2020-10-14T16:15:32.7026237+07:00  [INF] Removing 0 device flow codes (171ba47d)
2020-10-14T16:16:02.7361894+07:00  [INF] Removing 0 grants (62cd9308)
2020-10-14T16:16:02.7467729+07:00  [INF] Removing 0 device flow codes (171ba47d)
2020-10-14T16:16:32.7859555+07:00  [INF] Removing 0 grants (62cd9308)
2020-10-14T16:16:32.7975598+07:00  [INF] Removing 0 device flow codes (171ba47d)
2020-10-14T16:17:02.8251715+07:00  [INF] Removing 0 grants (62cd9308)
2020-10-14T16:17:02.8474170+07:00  [INF] Removing 0 device flow codes (171ba47d)
2020-10-14T16:17:32.8877149+07:00  [INF] Removing 0 grants (62cd9308)
2020-10-14T16:17:32.8967125+07:00  [INF] Removing 0 device flow codes (171ba47d)
2020-10-14T16:18:02.9326083+07:00  [INF] Removing 0 grants (62cd9308)
2020-10-14T16:18:02.9559087+07:00  [INF] Removing 0 device flow codes (171ba47d)
2020-10-14T16:18:32.9916123+07:00  [INF] Removing 0 grants (62cd9308)
2020-10-14T16:18:33.0151908+07:00  [INF] Removing 0 device flow codes (171ba47d)
2020-10-14T16:18:46.7934663+07:00 8000006d-0003-f400-b63f-84710c7967bb [INF] Invoking IdentityServer endpoint: "IdentityServer4.Endpoints.TokenEndpoint" for "/connect/token" (f7642de5)
2020-10-14T16:18:46.9058880+07:00 8000006d-0003-f400-b63f-84710c7967bb [INF] Credentials validated for username: "kreangkrai" (cb811aa7)
2020-10-14T16:18:46.9101426+07:00 8000006d-0003-f400-b63f-84710c7967bb [INF] Token request validation success, TokenRequestValidationLog { ClientId: "swaggerui", ClientName: "Swagger UI", GrantType: "password", Scopes: "quickapp_api", AuthorizationCode: null, RefreshToken: null, UserName: "kreangkrai", AuthenticationContextReferenceClasses: null, Tenant: null, IdP: null, Raw: [("grant_type": "password"), ("username": "kreangkrai"), ("password": "***REDACTED***"), ("client_id": "swaggerui"), ("client_secret": "***REDACTED***")] } (3a073258)
2020-10-14T16:19:03.0446253+07:00  [INF] Removing 0 grants (62cd9308)
2020-10-14T16:19:03.0527162+07:00  [INF] Removing 0 device flow codes (171ba47d)
2020-10-14T16:19:06.5967712+07:00 80000045-0001-fe00-b63f-84710c7967bb [ERR] An exception occurred while iterating over the results of a query for context type '"DAL.ApplicationDbContext"'."
""System.InvalidCastException: Unable to cast object of type 'System.String' to type 'System.Int32'.
   at MySqlConnector.Core.Row.GetInt32(Int32 ordinal) in C:\projects\mysqlconnector\src\MySqlConnector\Core\Row.cs:line 223
   at MySql.Data.MySqlClient.MySqlDataReader.GetInt32(Int32 ordinal) in C:\projects\mysqlconnector\src\MySqlConnector\MySql.Data.MySqlClient\MySqlDataReader.cs:line 232
   at lambda_method(Closure , QueryContext , DbDataReader , ResultContext , Int32[] , ResultCoordinator )
   at Microsoft.EntityFrameworkCore.Query.Internal.QueryingEnumerable`1.AsyncEnumerator.MoveNextAsync()" (f5c7ac34)
System.InvalidCastException: Unable to cast object of type 'System.String' to type 'System.Int32'.
   at MySqlConnector.Core.Row.GetInt32(Int32 ordinal) in C:\projects\mysqlconnector\src\MySqlConnector\Core\Row.cs:line 223
   at MySql.Data.MySqlClient.MySqlDataReader.GetInt32(Int32 ordinal) in C:\projects\mysqlconnector\src\MySqlConnector\MySql.Data.MySqlClient\MySqlDataReader.cs:line 232
   at lambda_method(Closure , QueryContext , DbDataReader , ResultContext , Int32[] , ResultCoordinator )
   at Microsoft.EntityFrameworkCore.Query.Internal.QueryingEnumerable`1.AsyncEnumerator.MoveNextAsync()
2020-10-14T16:19:06.8196987+07:00 80000045-0001-fe00-b63f-84710c7967bb [ERR] An unhandled exception has occurred while executing the request. (48a46595)
System.InvalidCastException: Unable to cast object of type 'System.String' to type 'System.Int32'.
   at MySqlConnector.Core.Row.GetInt32(Int32 ordinal) in C:\projects\mysqlconnector\src\MySqlConnector\Core\Row.cs:line 223
   at MySql.Data.MySqlClient.MySqlDataReader.GetInt32(Int32 ordinal) in C:\projects\mysqlconnector\src\MySqlConnector\MySql.Data.MySqlClient\MySqlDataReader.cs:line 232
   at lambda_method(Closure , QueryContext , DbDataReader , ResultContext , Int32[] , ResultCoordinator )
   at Microsoft.EntityFrameworkCore.Query.Internal.QueryingEnumerable`1.AsyncEnumerator.MoveNextAsync()
   at Microsoft.EntityFrameworkCore.EntityFrameworkQueryableExtensions.ToListAsync[TSource](IQueryable`1 source, CancellationToken cancellationToken)
   at Microsoft.EntityFrameworkCore.EntityFrameworkQueryableExtensions.ToListAsync[TSource](IQueryable`1 source, CancellationToken cancellationToken)
   at CmsApp.Controllers.PatientsController.Getpateint() in D:\CmsApp\CmsApp\Controllers\PatientsController.cs:line 35
   at lambda_method(Closure , Object )
   at Microsoft.Extensions.Internal.ObjectMethodExecutorAwaitable.Awaiter.GetResult()
   at Microsoft.AspNetCore.Mvc.Infrastructure.ActionMethodExecutor.AwaitableObjectResultExecutor.Execute(IActionResultTypeMapper mapper, ObjectMethodExecutor executor, Object controller, Object[] arguments)
   at Microsoft.AspNetCore.Mvc.Infrastructure.ControllerActionInvoker.<InvokeActionMethodAsync>g__Awaited|12_0(ControllerActionInvoker invoker, ValueTask`1 actionResultValueTask)
   at Microsoft.AspNetCore.Mvc.Infrastructure.ControllerActionInvoker.<InvokeNextActionFilterAsync>g__Awaited|10_0(ControllerActionInvoker invoker, Task lastTask, State next, Scope scope, Object state, Boolean isCompleted)
   at Microsoft.AspNetCore.Mvc.Infrastructure.ControllerActionInvoker.Rethrow(ActionExecutedContextSealed context)
   at Microsoft.AspNetCore.Mvc.Infrastructure.ControllerActionInvoker.Next(State& next, Scope& scope, Object& state, Boolean& isCompleted)
   at Microsoft.AspNetCore.Mvc.Infrastructure.ControllerActionInvoker.<InvokeInnerFilterAsync>g__Awaited|13_0(ControllerActionInvoker invoker, Task lastTask, State next, Scope scope, Object state, Boolean isCompleted)
   at Microsoft.AspNetCore.Mvc.Infrastructure.ResourceInvoker.<InvokeNextResourceFilter>g__Awaited|24_0(ResourceInvoker invoker, Task lastTask, State next, Scope scope, Object state, Boolean isCompleted)
   at Microsoft.AspNetCore.Mvc.Infrastructure.ResourceInvoker.Rethrow(ResourceExecutedContextSealed context)
   at Microsoft.AspNetCore.Mvc.Infrastructure.ResourceInvoker.Next(State& next, Scope& scope, Object& state, Boolean& isCompleted)
   at Microsoft.AspNetCore.Mvc.Infrastructure.ResourceInvoker.<InvokeFilterPipelineAsync>g__Awaited|19_0(ResourceInvoker invoker, Task lastTask, State next, Scope scope, Object state, Boolean isCompleted)
   at Microsoft.AspNetCore.Mvc.Infrastructure.ResourceInvoker.<InvokeAsync>g__Awaited|17_0(ResourceInvoker invoker, Task task, IDisposable scope)
   at Microsoft.AspNetCore.Routing.EndpointMiddleware.<Invoke>g__AwaitRequestTask|6_0(Endpoint endpoint, Task requestTask, ILogger logger)
   at Swashbuckle.AspNetCore.SwaggerUI.SwaggerUIMiddleware.Invoke(HttpContext httpContext)
   at Swashbuckle.AspNetCore.Swagger.SwaggerMiddleware.Invoke(HttpContext httpContext, ISwaggerProvider swaggerProvider)
   at Microsoft.AspNetCore.Authorization.AuthorizationMiddleware.Invoke(HttpContext context)
   at IdentityServer4.Hosting.IdentityServerMiddleware.Invoke(HttpContext context, IEndpointRouter router, IUserSession session, IEventService events)
   at IdentityServer4.Hosting.MutualTlsTokenEndpointMiddleware.Invoke(HttpContext context, IAuthenticationSchemeProvider schemes)
   at Microsoft.AspNetCore.Authentication.AuthenticationMiddleware.Invoke(HttpContext context)
   at IdentityServer4.Hosting.BaseUrlMiddleware.Invoke(HttpContext context)
   at Microsoft.AspNetCore.Diagnostics.DeveloperExceptionPageMiddleware.Invoke(HttpContext context)
2020-10-14T16:19:33.1011770+07:00  [INF] Removing 0 grants (62cd9308)
2020-10-14T16:19:33.1179707+07:00  [INF] Removing 0 device flow codes (171ba47d)
2020-10-14T16:20:03.1622571+07:00  [INF] Removing 0 grants (62cd9308)
2020-10-14T16:20:03.1777563+07:00  [INF] Removing 0 device flow codes (171ba47d)
2020-10-14T16:20:33.1913570+07:00  [INF] Removing 0 grants (62cd9308)
2020-10-14T16:20:33.2017520+07:00  [INF] Removing 0 device flow codes (171ba47d)
2020-10-14T16:21:03.2221208+07:00  [INF] Removing 0 grants (62cd9308)
2020-10-14T16:21:03.2481334+07:00  [INF] Removing 0 device flow codes (171ba47d)
2020-10-14T16:21:33.2873770+07:00  [INF] Removing 0 grants (62cd9308)
2020-10-14T16:21:33.2974525+07:00  [INF] Removing 0 device flow codes (171ba47d)
2020-10-14T16:59:20.6469064+07:00  [INF] Starting IdentityServer4 version "3.1.3.0" (8add0571)
2020-10-14T16:59:20.8222712+07:00  [INF] Using the default authentication scheme "Identity.Application" for IdentityServer (4a54f457)
2020-10-14T16:59:21.8359377+07:00  [INF] Application started. Press Ctrl+C to shut down. (dcaefe54)
2020-10-14T16:59:21.8490058+07:00  [INF] Hosting environment: "Development" (c3307c92)
2020-10-14T16:59:21.8623386+07:00  [INF] Content root path: "D:\CmsApp\CmsApp" (b5d60022)
2020-10-14T16:59:51.2095263+07:00  [INF] Removing 0 grants (62cd9308)
2020-10-14T16:59:51.2832089+07:00  [INF] Removing 0 device flow codes (171ba47d)
2020-10-14T17:00:21.3705462+07:00  [INF] Removing 0 grants (62cd9308)
2020-10-14T17:00:21.4218112+07:00  [INF] Removing 0 device flow codes (171ba47d)
2020-10-14T17:00:51.5003352+07:00  [INF] Removing 0 grants (62cd9308)
2020-10-14T17:00:51.5246265+07:00  [INF] Removing 0 device flow codes (171ba47d)
2020-10-14T17:01:21.8099985+07:00  [INF] Removing 0 grants (62cd9308)
2020-10-14T17:01:21.9139179+07:00  [INF] Removing 0 device flow codes (171ba47d)
2020-10-14T17:01:25.8092966+07:00 8000003a-0002-fc00-b63f-84710c7967bb [INF] Invoking IdentityServer endpoint: "IdentityServer4.Endpoints.DiscoveryEndpoint" for "/.well-known/openid-configuration" (f7642de5)
2020-10-14T17:01:27.5649617+07:00 8000006d-0001-fb00-b63f-84710c7967bb [INF] Invoking IdentityServer endpoint: "IdentityServer4.Endpoints.DiscoveryKeyEndpoint" for "/.well-known/openid-configuration/jwks" (f7642de5)
2020-10-14T17:01:27.6431903+07:00 8000006f-0001-fb00-b63f-84710c7967bb [INF] Invoking IdentityServer endpoint: "IdentityServer4.Endpoints.TokenEndpoint" for "/connect/token" (f7642de5)
2020-10-14T17:01:30.4711926+07:00 8000006f-0001-fb00-b63f-84710c7967bb [INF] Credentials validated for username: "kreangkrai" (cb811aa7)
2020-10-14T17:01:31.0440663+07:00 8000006f-0001-fb00-b63f-84710c7967bb [INF] Token request validation success, TokenRequestValidationLog { ClientId: "quickapp_spa", ClientName: null, GrantType: "password", Scopes: "email offline_access openid phone profile quickapp_api roles", AuthorizationCode: null, RefreshToken: null, UserName: "kreangkrai", AuthenticationContextReferenceClasses: null, Tenant: null, IdP: null, Raw: [("username": "kreangkrai"), ("password": "***REDACTED***"), ("client_id": "quickapp_spa"), ("grant_type": "password"), ("scope": "openid email phone profile offline_access roles quickapp_api")] } (3a073258)
2020-10-14T17:01:51.9303286+07:00  [INF] Removing 0 grants (62cd9308)
2020-10-14T17:01:51.9590395+07:00  [INF] Removing 0 device flow codes (171ba47d)
2020-10-14T17:02:21.1031719+07:00 80000071-0001-fb00-b63f-84710c7967bb [ERR] An exception occurred while iterating over the results of a query for context type '"DAL.ApplicationDbContext"'."
""System.InvalidCastException: Unable to cast object of type 'System.String' to type 'System.Int32'.
   at MySqlConnector.Core.Row.GetInt32(Int32 ordinal) in C:\projects\mysqlconnector\src\MySqlConnector\Core\Row.cs:line 223
   at MySql.Data.MySqlClient.MySqlDataReader.GetInt32(Int32 ordinal) in C:\projects\mysqlconnector\src\MySqlConnector\MySql.Data.MySqlClient\MySqlDataReader.cs:line 232
   at lambda_method(Closure , QueryContext , DbDataReader , ResultContext , Int32[] , ResultCoordinator )
   at Microsoft.EntityFrameworkCore.Query.Internal.QueryingEnumerable`1.AsyncEnumerator.MoveNextAsync()" (f5c7ac34)
System.InvalidCastException: Unable to cast object of type 'System.String' to type 'System.Int32'.
   at MySqlConnector.Core.Row.GetInt32(Int32 ordinal) in C:\projects\mysqlconnector\src\MySqlConnector\Core\Row.cs:line 223
   at MySql.Data.MySqlClient.MySqlDataReader.GetInt32(Int32 ordinal) in C:\projects\mysqlconnector\src\MySqlConnector\MySql.Data.MySqlClient\MySqlDataReader.cs:line 232
   at lambda_method(Closure , QueryContext , DbDataReader , ResultContext , Int32[] , ResultCoordinator )
   at Microsoft.EntityFrameworkCore.Query.Internal.QueryingEnumerable`1.AsyncEnumerator.MoveNextAsync()
2020-10-14T17:02:21.5654303+07:00 80000071-0001-fb00-b63f-84710c7967bb [ERR] An unhandled exception has occurred while executing the request. (48a46595)
System.InvalidCastException: Unable to cast object of type 'System.String' to type 'System.Int32'.
   at MySqlConnector.Core.Row.GetInt32(Int32 ordinal) in C:\projects\mysqlconnector\src\MySqlConnector\Core\Row.cs:line 223
   at MySql.Data.MySqlClient.MySqlDataReader.GetInt32(Int32 ordinal) in C:\projects\mysqlconnector\src\MySqlConnector\MySql.Data.MySqlClient\MySqlDataReader.cs:line 232
   at lambda_method(Closure , QueryContext , DbDataReader , ResultContext , Int32[] , ResultCoordinator )
   at Microsoft.EntityFrameworkCore.Query.Internal.QueryingEnumerable`1.AsyncEnumerator.MoveNextAsync()
   at Microsoft.EntityFrameworkCore.EntityFrameworkQueryableExtensions.ToListAsync[TSource](IQueryable`1 source, CancellationToken cancellationToken)
   at Microsoft.EntityFrameworkCore.EntityFrameworkQueryableExtensions.ToListAsync[TSource](IQueryable`1 source, CancellationToken cancellationToken)
   at CmsApp.Controllers.PatientsController.Getpateint() in D:\CmsApp\CmsApp\Controllers\PatientsController.cs:line 35
   at lambda_method(Closure , Object )
   at Microsoft.Extensions.Internal.ObjectMethodExecutorAwaitable.Awaiter.GetResult()
   at Microsoft.AspNetCore.Mvc.Infrastructure.ActionMethodExecutor.AwaitableObjectResultExecutor.Execute(IActionResultTypeMapper mapper, ObjectMethodExecutor executor, Object controller, Object[] arguments)
   at Microsoft.AspNetCore.Mvc.Infrastructure.ControllerActionInvoker.<InvokeActionMethodAsync>g__Awaited|12_0(ControllerActionInvoker invoker, ValueTask`1 actionResultValueTask)
   at Microsoft.AspNetCore.Mvc.Infrastructure.ControllerActionInvoker.<InvokeNextActionFilterAsync>g__Awaited|10_0(ControllerActionInvoker invoker, Task lastTask, State next, Scope scope, Object state, Boolean isCompleted)
   at Microsoft.AspNetCore.Mvc.Infrastructure.ControllerActionInvoker.Rethrow(ActionExecutedContextSealed context)
   at Microsoft.AspNetCore.Mvc.Infrastructure.ControllerActionInvoker.Next(State& next, Scope& scope, Object& state, Boolean& isCompleted)
   at Microsoft.AspNetCore.Mvc.Infrastructure.ControllerActionInvoker.<InvokeInnerFilterAsync>g__Awaited|13_0(ControllerActionInvoker invoker, Task lastTask, State next, Scope scope, Object state, Boolean isCompleted)
   at Microsoft.AspNetCore.Mvc.Infrastructure.ResourceInvoker.<InvokeNextResourceFilter>g__Awaited|24_0(ResourceInvoker invoker, Task lastTask, State next, Scope scope, Object state, Boolean isCompleted)
   at Microsoft.AspNetCore.Mvc.Infrastructure.ResourceInvoker.Rethrow(ResourceExecutedContextSealed context)
   at Microsoft.AspNetCore.Mvc.Infrastructure.ResourceInvoker.Next(State& next, Scope& scope, Object& state, Boolean& isCompleted)
   at Microsoft.AspNetCore.Mvc.Infrastructure.ResourceInvoker.<InvokeFilterPipelineAsync>g__Awaited|19_0(ResourceInvoker invoker, Task lastTask, State next, Scope scope, Object state, Boolean isCompleted)
   at Microsoft.AspNetCore.Mvc.Infrastructure.ResourceInvoker.<InvokeAsync>g__Awaited|17_0(ResourceInvoker invoker, Task task, IDisposable scope)
   at Microsoft.AspNetCore.Routing.EndpointMiddleware.<Invoke>g__AwaitRequestTask|6_0(Endpoint endpoint, Task requestTask, ILogger logger)
   at Swashbuckle.AspNetCore.SwaggerUI.SwaggerUIMiddleware.Invoke(HttpContext httpContext)
   at Swashbuckle.AspNetCore.Swagger.SwaggerMiddleware.Invoke(HttpContext httpContext, ISwaggerProvider swaggerProvider)
   at Microsoft.AspNetCore.Authorization.AuthorizationMiddleware.Invoke(HttpContext context)
   at IdentityServer4.Hosting.IdentityServerMiddleware.Invoke(HttpContext context, IEndpointRouter router, IUserSession session, IEventService events)
   at IdentityServer4.Hosting.MutualTlsTokenEndpointMiddleware.Invoke(HttpContext context, IAuthenticationSchemeProvider schemes)
   at Microsoft.AspNetCore.Authentication.AuthenticationMiddleware.Invoke(HttpContext context)
   at IdentityServer4.Hosting.BaseUrlMiddleware.Invoke(HttpContext context)
   at Microsoft.AspNetCore.Diagnostics.DeveloperExceptionPageMiddleware.Invoke(HttpContext context)
2020-10-14T17:02:21.9919784+07:00  [INF] Removing 0 grants (62cd9308)
2020-10-14T17:02:22.0018140+07:00  [INF] Removing 0 device flow codes (171ba47d)
