2020-08-11T16:24:25.5599403+07:00  [INF] Starting IdentityServer4 version "3.1.3.0" (8add0571)
2020-08-11T16:24:25.6394634+07:00  [INF] Using the default authentication scheme "Identity.Application" for IdentityServer (4a54f457)
2020-08-11T16:24:26.0353147+07:00  [INF] Now listening on: "https://localhost:5001" (d826f4b8)
2020-08-11T16:24:26.0353613+07:00  [INF] Now listening on: "http://localhost:5000" (d826f4b8)
2020-08-11T16:24:26.0355683+07:00  [INF] Application started. Press Ctrl+C to shut down. (dcaefe54)
2020-08-11T16:24:26.0356044+07:00  [INF] Hosting environment: "Development" (c3307c92)
2020-08-11T16:24:26.0356447+07:00  [INF] Content root path: "D:\CMS PROJECT\CmsApp\CmsApp" (b5d60022)
2020-08-11T16:24:56.0410439+07:00  [INF] Removing 0 grants (62cd9308)
2020-08-11T16:24:56.1481397+07:00  [INF] Removing 0 device flow codes (171ba47d)
2020-08-11T16:25:26.1766609+07:00  [INF] Removing 0 grants (62cd9308)
2020-08-11T16:25:26.1799258+07:00  [INF] Removing 0 device flow codes (171ba47d)
2020-08-11T16:25:56.1970607+07:00  [INF] Removing 0 grants (62cd9308)
2020-08-11T16:25:56.1988573+07:00  [INF] Removing 0 device flow codes (171ba47d)
2020-08-11T16:26:26.2162981+07:00  [INF] Removing 0 grants (62cd9308)
2020-08-11T16:26:26.2210503+07:00  [INF] Removing 0 device flow codes (171ba47d)
2020-08-11T16:26:56.2317180+07:00  [INF] Removing 0 grants (62cd9308)
2020-08-11T16:26:56.2345800+07:00  [INF] Removing 0 device flow codes (171ba47d)
2020-08-11T16:27:26.2467440+07:00  [INF] Removing 0 grants (62cd9308)
2020-08-11T16:27:26.2483591+07:00  [INF] Removing 0 device flow codes (171ba47d)
2020-08-11T16:27:56.2620314+07:00  [INF] Removing 0 grants (62cd9308)
2020-08-11T16:27:56.2660548+07:00  [INF] Removing 0 device flow codes (171ba47d)
2020-08-11T16:28:26.2809962+07:00  [INF] Removing 0 grants (62cd9308)
2020-08-11T16:28:26.2848228+07:00  [INF] Removing 0 device flow codes (171ba47d)
2020-08-11T16:28:45.0056130+07:00 0HM1TR1E1R3K2:00000033 [INF] Invoking IdentityServer endpoint: "IdentityServer4.Endpoints.DiscoveryEndpoint" for "/.well-known/openid-configuration" (f7642de5)
2020-08-11T16:28:45.9338980+07:00 0HM1TR1E1R3K2:00000035 [INF] Invoking IdentityServer endpoint: "IdentityServer4.Endpoints.DiscoveryKeyEndpoint" for "/.well-known/openid-configuration/jwks" (f7642de5)
2020-08-11T16:28:45.9744014+07:00 0HM1TR1E1R3K2:00000037 [INF] Invoking IdentityServer endpoint: "IdentityServer4.Endpoints.TokenEndpoint" for "/connect/token" (f7642de5)
2020-08-11T16:28:46.9305572+07:00 0HM1TR1E1R3K2:00000037 [INF] Credentials validated for username: "admin" (cb811aa7)
2020-08-11T16:28:46.9861032+07:00 0HM1TR1E1R3K2:00000037 [INF] Token request validation success, TokenRequestValidationLog { ClientId: "quickapp_spa", ClientName: null, GrantType: "password", Scopes: "email offline_access openid phone profile quickapp_api roles", AuthorizationCode: null, RefreshToken: null, UserName: "admin", AuthenticationContextReferenceClasses: null, Tenant: null, IdP: null, Raw: [("username": "admin"), ("password": "***REDACTED***"), ("client_id": "quickapp_spa"), ("grant_type": "password"), ("scope": "openid email phone profile offline_access roles quickapp_api")] } (3a073258)
2020-08-11T16:28:56.2920342+07:00  [INF] Removing 0 grants (62cd9308)
2020-08-11T16:28:56.2947209+07:00  [INF] Removing 0 device flow codes (171ba47d)
2020-08-11T16:29:26.3075256+07:00  [INF] Removing 0 grants (62cd9308)
2020-08-11T16:29:26.3091077+07:00  [INF] Removing 0 device flow codes (171ba47d)
2020-08-11T16:29:27.4480642+07:00  [INF] Application is shutting down... (90f52c38)
2020-08-11T16:57:03.2399726+07:00  [INF] Starting IdentityServer4 version "3.1.3.0" (8add0571)
2020-08-11T16:57:03.2720122+07:00  [INF] Using the default authentication scheme "Identity.Application" for IdentityServer (4a54f457)
2020-08-11T16:57:03.4507675+07:00  [INF] Now listening on: "https://localhost:5001" (d826f4b8)
2020-08-11T16:57:03.4508743+07:00  [INF] Now listening on: "http://localhost:5000" (d826f4b8)
2020-08-11T16:57:03.4510853+07:00  [INF] Application started. Press Ctrl+C to shut down. (dcaefe54)
2020-08-11T16:57:03.4511518+07:00  [INF] Hosting environment: "Development" (c3307c92)
2020-08-11T16:57:03.4511862+07:00  [INF] Content root path: "D:\CMS PROJECT\CmsApp\CmsApp" (b5d60022)
2020-08-11T16:57:31.9588326+07:00  [INF] Application is shutting down... (90f52c38)
