2020-09-08T13:14:32.6261864+07:00  [INF] Starting IdentityServer4 version "3.1.3.0" (8add0571)
2020-09-08T13:14:32.9215481+07:00  [INF] Using the default authentication scheme "Identity.Application" for IdentityServer (4a54f457)
2020-09-08T13:14:35.2503481+07:00  [INF] Now listening on: "https://localhost:5001" (d826f4b8)
2020-09-08T13:14:35.2541693+07:00  [INF] Now listening on: "http://localhost:5000" (d826f4b8)
2020-09-08T13:14:35.2590019+07:00  [INF] Application started. Press Ctrl+C to shut down. (dcaefe54)
2020-09-08T13:14:35.2621475+07:00  [INF] Hosting environment: "Development" (c3307c92)
2020-09-08T13:14:35.2656137+07:00  [INF] Content root path: "D:\CmsApp\CmsApp" (b5d60022)
2020-09-08T13:15:03.4538012+07:00  [INF] Removing 0 grants (62cd9308)
2020-09-08T13:15:03.5496921+07:00  [INF] Removing 0 device flow codes (171ba47d)
2020-09-08T13:15:33.5958200+07:00  [INF] Removing 0 grants (62cd9308)
2020-09-08T13:15:33.6252864+07:00  [INF] Removing 0 device flow codes (171ba47d)
2020-09-08T13:16:03.6994062+07:00  [INF] Removing 0 grants (62cd9308)
2020-09-08T13:16:03.7244756+07:00  [INF] Removing 0 device flow codes (171ba47d)
2020-09-08T13:16:33.7701024+07:00  [INF] Removing 0 grants (62cd9308)
2020-09-08T13:16:33.7847729+07:00  [INF] Removing 0 device flow codes (171ba47d)
2020-09-08T13:17:05.3494707+07:00  [INF] Removing 0 grants (62cd9308)
2020-09-08T13:17:05.5297631+07:00  [INF] Removing 0 device flow codes (171ba47d)
2020-09-08T13:17:35.5749962+07:00  [INF] Removing 0 grants (62cd9308)
2020-09-08T13:17:35.5937610+07:00  [INF] Removing 0 device flow codes (171ba47d)
2020-09-08T13:18:05.6546027+07:00  [INF] Removing 0 grants (62cd9308)
2020-09-08T13:18:05.6830355+07:00  [INF] Removing 0 device flow codes (171ba47d)
2020-09-08T13:18:35.7105241+07:00  [INF] Removing 0 grants (62cd9308)
2020-09-08T13:18:35.7250412+07:00  [INF] Removing 0 device flow codes (171ba47d)
2020-09-08T13:19:05.7613904+07:00  [INF] Removing 0 grants (62cd9308)
2020-09-08T13:19:05.7838807+07:00  [INF] Removing 0 device flow codes (171ba47d)
2020-09-08T13:19:35.8101161+07:00  [INF] Removing 0 grants (62cd9308)
2020-09-08T13:19:35.8225443+07:00  [INF] Removing 0 device flow codes (171ba47d)
2020-09-08T13:20:05.8443843+07:00  [INF] Removing 0 grants (62cd9308)
2020-09-08T13:20:05.8561748+07:00  [INF] Removing 0 device flow codes (171ba47d)
2020-09-08T13:20:35.8899991+07:00  [INF] Removing 0 grants (62cd9308)
2020-09-08T13:20:35.8988036+07:00  [INF] Removing 0 device flow codes (171ba47d)
2020-09-08T13:21:05.9357232+07:00  [INF] Removing 0 grants (62cd9308)
2020-09-08T13:21:05.9695696+07:00  [INF] Removing 0 device flow codes (171ba47d)
2020-09-08T13:21:36.0067452+07:00  [INF] Removing 0 grants (62cd9308)
2020-09-08T13:21:36.0214510+07:00  [INF] Removing 0 device flow codes (171ba47d)
2020-09-08T13:22:06.0459568+07:00  [INF] Removing 0 grants (62cd9308)
2020-09-08T13:22:06.0696423+07:00  [INF] Removing 0 device flow codes (171ba47d)
2020-09-08T13:22:36.0969655+07:00  [INF] Removing 0 grants (62cd9308)
2020-09-08T13:22:36.1083938+07:00  [INF] Removing 0 device flow codes (171ba47d)
2020-09-08T13:23:06.1349199+07:00  [INF] Removing 0 grants (62cd9308)
2020-09-08T13:23:06.1475656+07:00  [INF] Removing 0 device flow codes (171ba47d)
2020-09-08T13:23:36.1953609+07:00  [INF] Removing 0 grants (62cd9308)
2020-09-08T13:23:36.2246617+07:00  [INF] Removing 0 device flow codes (171ba47d)
2020-09-08T13:24:06.2357697+07:00  [INF] Removing 0 grants (62cd9308)
2020-09-08T13:24:06.2528022+07:00  [INF] Removing 0 device flow codes (171ba47d)
2020-09-08T13:24:36.2832507+07:00  [INF] Removing 0 grants (62cd9308)
2020-09-08T13:24:36.3046228+07:00  [INF] Removing 0 device flow codes (171ba47d)
2020-09-08T13:25:06.3253084+07:00  [INF] Removing 0 grants (62cd9308)
2020-09-08T13:25:06.3450590+07:00  [INF] Removing 0 device flow codes (171ba47d)
2020-09-08T13:25:36.3674828+07:00  [INF] Removing 0 grants (62cd9308)
2020-09-08T13:25:36.3769911+07:00  [INF] Removing 0 device flow codes (171ba47d)
2020-09-08T13:26:06.4096183+07:00  [INF] Removing 0 grants (62cd9308)
2020-09-08T13:26:06.4360573+07:00  [INF] Removing 0 device flow codes (171ba47d)
2020-09-08T13:26:36.4516478+07:00  [INF] Removing 0 grants (62cd9308)
2020-09-08T13:26:36.4746997+07:00  [INF] Removing 0 device flow codes (171ba47d)
2020-09-08T13:26:37.5175123+07:00 0HM2JNPQOJGCS:00000001 [INF] Invoking IdentityServer endpoint: "IdentityServer4.Endpoints.DiscoveryEndpoint" for "/.well-known/openid-configuration" (f7642de5)
2020-09-08T13:26:39.2158533+07:00 0HM2JNPQOJGCS:00000003 [INF] Invoking IdentityServer endpoint: "IdentityServer4.Endpoints.DiscoveryKeyEndpoint" for "/.well-known/openid-configuration/jwks" (f7642de5)
2020-09-08T13:26:39.3700531+07:00 0HM2JNPQOJGCS:00000005 [INF] Invoking IdentityServer endpoint: "IdentityServer4.Endpoints.TokenEndpoint" for "/connect/token" (f7642de5)
2020-09-08T13:26:40.6993136+07:00 0HM2JNPQOJGCS:00000005 [INF] Credentials validated for username: "user" (cb811aa7)
2020-09-08T13:26:40.8320729+07:00 0HM2JNPQOJGCS:00000005 [INF] Token request validation success, TokenRequestValidationLog { ClientId: "quickapp_spa", ClientName: null, GrantType: "password", Scopes: "email offline_access openid phone profile quickapp_api roles", AuthorizationCode: null, RefreshToken: null, UserName: "user", AuthenticationContextReferenceClasses: null, Tenant: null, IdP: null, Raw: [("username": "user"), ("password": "***REDACTED***"), ("client_id": "quickapp_spa"), ("grant_type": "password"), ("scope": "openid email phone profile offline_access roles quickapp_api")] } (3a073258)
2020-09-08T13:27:06.4989259+07:00  [INF] Removing 0 grants (62cd9308)
2020-09-08T13:27:06.5081023+07:00  [INF] Removing 0 device flow codes (171ba47d)
2020-09-08T13:27:36.7638376+07:00  [INF] Removing 0 grants (62cd9308)
2020-09-08T13:27:36.8098491+07:00  [INF] Removing 0 device flow codes (171ba47d)
2020-09-08T13:28:06.8450160+07:00  [INF] Removing 0 grants (62cd9308)
2020-09-08T13:28:06.8695498+07:00  [INF] Removing 0 device flow codes (171ba47d)
2020-09-08T13:28:36.9121827+07:00  [INF] Removing 0 grants (62cd9308)
2020-09-08T13:28:36.9261346+07:00  [INF] Removing 0 device flow codes (171ba47d)
2020-09-08T13:29:06.9720433+07:00  [INF] Removing 0 grants (62cd9308)
2020-09-08T13:29:06.9881337+07:00  [INF] Removing 0 device flow codes (171ba47d)
2020-09-08T13:29:37.0277093+07:00  [INF] Removing 0 grants (62cd9308)
2020-09-08T13:29:37.0481062+07:00  [INF] Removing 0 device flow codes (171ba47d)
2020-09-08T13:30:07.0880259+07:00  [INF] Removing 0 grants (62cd9308)
2020-09-08T13:30:07.0969967+07:00  [INF] Removing 0 device flow codes (171ba47d)
2020-09-08T13:30:37.1271903+07:00  [INF] Removing 0 grants (62cd9308)
2020-09-08T13:30:37.1356214+07:00  [INF] Removing 0 device flow codes (171ba47d)
2020-09-08T13:31:07.1540518+07:00  [INF] Removing 0 grants (62cd9308)
2020-09-08T13:31:07.1604761+07:00  [INF] Removing 0 device flow codes (171ba47d)
2020-09-08T13:31:37.1854479+07:00  [INF] Removing 0 grants (62cd9308)
2020-09-08T13:31:37.2189133+07:00  [INF] Removing 0 device flow codes (171ba47d)
2020-09-08T13:32:07.2538363+07:00  [INF] Removing 0 grants (62cd9308)
2020-09-08T13:32:07.2794810+07:00  [INF] Removing 0 device flow codes (171ba47d)
2020-09-08T13:32:37.2943171+07:00  [INF] Removing 0 grants (62cd9308)
2020-09-08T13:32:37.3145350+07:00  [INF] Removing 0 device flow codes (171ba47d)
2020-09-08T13:33:07.3420145+07:00  [INF] Removing 0 grants (62cd9308)
2020-09-08T13:33:07.3597802+07:00  [INF] Removing 0 device flow codes (171ba47d)
2020-09-08T13:33:37.3914349+07:00  [INF] Removing 0 grants (62cd9308)
2020-09-08T13:33:37.4118446+07:00  [INF] Removing 0 device flow codes (171ba47d)
2020-09-08T13:34:07.4209788+07:00  [INF] Removing 0 grants (62cd9308)
2020-09-08T13:34:07.4360053+07:00  [INF] Removing 0 device flow codes (171ba47d)
2020-09-08T13:34:37.4528568+07:00  [INF] Removing 0 grants (62cd9308)
2020-09-08T13:34:37.4826969+07:00  [INF] Removing 0 device flow codes (171ba47d)
2020-09-08T13:35:07.4973994+07:00  [INF] Removing 0 grants (62cd9308)
2020-09-08T13:35:07.5063973+07:00  [INF] Removing 0 device flow codes (171ba47d)
2020-09-08T13:35:37.5305973+07:00  [INF] Removing 0 grants (62cd9308)
2020-09-08T13:35:37.5396660+07:00  [INF] Removing 0 device flow codes (171ba47d)
2020-09-08T13:36:07.7319773+07:00  [INF] Removing 0 grants (62cd9308)
2020-09-08T13:36:07.7407007+07:00  [INF] Removing 0 device flow codes (171ba47d)
2020-09-08T13:36:43.4246040+07:00  [INF] Removing 0 grants (62cd9308)
2020-09-08T13:36:43.4673398+07:00  [INF] Removing 0 device flow codes (171ba47d)
2020-09-08T13:37:21.5928965+07:00  [INF] Removing 0 grants (62cd9308)
2020-09-08T13:37:21.6875276+07:00  [INF] Removing 0 device flow codes (171ba47d)
2020-09-08T13:37:21.7317920+07:00 0HM2JNPQOJGCT:00000001 [INF] Invoking IdentityServer endpoint: "IdentityServer4.Endpoints.DiscoveryEndpoint" for "/.well-known/openid-configuration" (f7642de5)
2020-09-08T13:37:57.5572053+07:00  [INF] Removing 0 grants (62cd9308)
2020-09-08T13:37:57.5759203+07:00  [INF] Removing 0 device flow codes (171ba47d)
2020-09-08T13:38:29.9700701+07:00  [INF] Removing 0 grants (62cd9308)
2020-09-08T13:38:35.0640206+07:00  [INF] Removing 0 device flow codes (171ba47d)
