2020-11-09T09:24:41.3439776+07:00  [INF] Starting IdentityServer4 version "3.1.3.0" (8add0571)
2020-11-09T09:24:41.4139298+07:00  [INF] Using the default authentication scheme "Identity.Application" for IdentityServer (4a54f457)
2020-11-09T09:24:42.4836348+07:00  [INF] Application started. Press Ctrl+C to shut down. (dcaefe54)
2020-11-09T09:24:42.4902099+07:00  [INF] Hosting environment: "Development" (c3307c92)
2020-11-09T09:24:42.5324269+07:00  [INF] Content root path: "D:\CmsApp\CmsApp" (b5d60022)
2020-11-09T09:25:12.2591448+07:00  [INF] Removing 3 grants (62cd9308)
2020-11-09T09:25:13.3811980+07:00  [INF] Removing 0 device flow codes (171ba47d)
2020-11-09T09:25:43.4258232+07:00  [INF] Removing 0 grants (62cd9308)
2020-11-09T09:25:43.5175158+07:00  [INF] Removing 0 device flow codes (171ba47d)
2020-11-09T09:26:13.5643559+07:00  [INF] Removing 0 grants (62cd9308)
2020-11-09T09:26:13.5913341+07:00  [INF] Removing 0 device flow codes (171ba47d)
2020-11-09T09:26:43.6892399+07:00  [INF] Removing 0 grants (62cd9308)
2020-11-09T09:26:43.7288118+07:00  [INF] Removing 0 device flow codes (171ba47d)
2020-11-09T09:27:14.2168317+07:00  [INF] Removing 0 grants (62cd9308)
2020-11-09T09:27:14.2445163+07:00  [INF] Removing 0 device flow codes (171ba47d)
2020-11-09T09:27:44.2884998+07:00  [INF] Removing 0 grants (62cd9308)
2020-11-09T09:27:44.3023961+07:00  [INF] Removing 0 device flow codes (171ba47d)
2020-11-09T09:28:14.3364791+07:00  [INF] Removing 0 grants (62cd9308)
2020-11-09T09:28:14.3650051+07:00  [INF] Removing 0 device flow codes (171ba47d)
2020-11-09T09:28:44.4702822+07:00  [INF] Removing 0 grants (62cd9308)
2020-11-09T09:28:44.5006474+07:00  [INF] Removing 0 device flow codes (171ba47d)
2020-11-09T09:29:14.9453099+07:00  [INF] Removing 0 grants (62cd9308)
2020-11-09T09:29:14.9812069+07:00  [INF] Removing 0 device flow codes (171ba47d)
2020-11-09T09:29:45.0251605+07:00  [INF] Removing 0 grants (62cd9308)
2020-11-09T09:29:45.0342129+07:00  [INF] Removing 0 device flow codes (171ba47d)
2020-11-09T09:30:15.0480029+07:00  [INF] Removing 0 grants (62cd9308)
2020-11-09T09:30:15.0599244+07:00  [INF] Removing 0 device flow codes (171ba47d)
2020-11-09T09:30:45.0903126+07:00  [INF] Removing 0 grants (62cd9308)
2020-11-09T09:30:45.1120480+07:00  [INF] Removing 0 device flow codes (171ba47d)
2020-11-09T09:31:15.1226987+07:00  [INF] Removing 0 grants (62cd9308)
2020-11-09T09:31:15.1447938+07:00  [INF] Removing 0 device flow codes (171ba47d)
2020-11-09T09:31:45.1995982+07:00  [INF] Removing 0 grants (62cd9308)
2020-11-09T09:31:45.2091281+07:00  [INF] Removing 0 device flow codes (171ba47d)
2020-11-09T09:32:15.2363198+07:00  [INF] Removing 0 grants (62cd9308)
2020-11-09T09:32:15.2463535+07:00  [INF] Removing 0 device flow codes (171ba47d)
2020-11-09T09:32:45.2715623+07:00  [INF] Removing 0 grants (62cd9308)
2020-11-09T09:32:45.2763934+07:00  [INF] Removing 0 device flow codes (171ba47d)
2020-11-09T09:33:15.2944349+07:00  [INF] Removing 0 grants (62cd9308)
2020-11-09T09:33:15.3166728+07:00  [INF] Removing 0 device flow codes (171ba47d)
2020-11-09T09:33:45.3583485+07:00  [INF] Removing 0 grants (62cd9308)
2020-11-09T09:33:45.3766600+07:00  [INF] Removing 0 device flow codes (171ba47d)
2020-11-09T09:34:15.4351485+07:00  [INF] Removing 0 grants (62cd9308)
2020-11-09T09:34:15.4552392+07:00  [INF] Removing 0 device flow codes (171ba47d)
2020-11-09T09:34:45.4892290+07:00  [INF] Removing 0 grants (62cd9308)
2020-11-09T09:34:45.4977861+07:00  [INF] Removing 0 device flow codes (171ba47d)
2020-11-09T09:35:15.5167508+07:00  [INF] Removing 0 grants (62cd9308)
2020-11-09T09:35:15.5253777+07:00  [INF] Removing 0 device flow codes (171ba47d)
2020-11-09T09:35:45.5521280+07:00  [INF] Removing 0 grants (62cd9308)
2020-11-09T09:35:45.5613596+07:00  [INF] Removing 0 device flow codes (171ba47d)
2020-11-09T09:36:15.6029115+07:00  [INF] Removing 0 grants (62cd9308)
2020-11-09T09:36:15.6240170+07:00  [INF] Removing 0 device flow codes (171ba47d)
2020-11-09T09:36:45.6337214+07:00  [INF] Removing 0 grants (62cd9308)
2020-11-09T09:36:45.6722563+07:00  [INF] Removing 0 device flow codes (171ba47d)
2020-11-09T09:37:15.6831580+07:00  [INF] Removing 0 grants (62cd9308)
2020-11-09T09:37:15.6923143+07:00  [INF] Removing 0 device flow codes (171ba47d)
2020-11-09T09:37:45.7375930+07:00  [INF] Removing 0 grants (62cd9308)
2020-11-09T09:37:45.7454381+07:00  [INF] Removing 0 device flow codes (171ba47d)
2020-11-09T09:38:15.7813700+07:00  [INF] Removing 0 grants (62cd9308)
2020-11-09T09:38:15.7901462+07:00  [INF] Removing 0 device flow codes (171ba47d)
2020-11-09T09:38:45.8264745+07:00  [INF] Removing 0 grants (62cd9308)
2020-11-09T09:38:45.8360390+07:00  [INF] Removing 0 device flow codes (171ba47d)
2020-11-09T09:39:15.8706031+07:00  [INF] Removing 0 grants (62cd9308)
2020-11-09T09:39:15.8792340+07:00  [INF] Removing 0 device flow codes (171ba47d)
2020-11-09T09:39:45.9029197+07:00  [INF] Removing 0 grants (62cd9308)
2020-11-09T09:39:45.9118466+07:00  [INF] Removing 0 device flow codes (171ba47d)
2020-11-09T09:40:15.9367377+07:00  [INF] Removing 0 grants (62cd9308)
2020-11-09T09:40:15.9442441+07:00  [INF] Removing 0 device flow codes (171ba47d)
2020-11-09T09:40:45.9710634+07:00  [INF] Removing 0 grants (62cd9308)
2020-11-09T09:40:45.9880821+07:00  [INF] Removing 0 device flow codes (171ba47d)
2020-11-09T09:41:16.0105746+07:00  [INF] Removing 0 grants (62cd9308)
2020-11-09T09:41:16.0214566+07:00  [INF] Removing 0 device flow codes (171ba47d)
2020-11-09T09:41:46.0584874+07:00  [INF] Removing 0 grants (62cd9308)
2020-11-09T09:41:46.0795764+07:00  [INF] Removing 0 device flow codes (171ba47d)
2020-11-09T09:42:16.1014076+07:00  [INF] Removing 0 grants (62cd9308)
2020-11-09T09:42:16.1111907+07:00  [INF] Removing 0 device flow codes (171ba47d)
2020-11-09T09:42:46.1254261+07:00  [INF] Removing 0 grants (62cd9308)
2020-11-09T09:42:46.1333477+07:00  [INF] Removing 0 device flow codes (171ba47d)
2020-11-09T09:43:16.1524601+07:00  [INF] Removing 0 grants (62cd9308)
2020-11-09T09:43:16.1619520+07:00  [INF] Removing 0 device flow codes (171ba47d)
2020-11-09T09:43:46.2043948+07:00  [INF] Removing 0 grants (62cd9308)
2020-11-09T09:43:46.2124520+07:00  [INF] Removing 0 device flow codes (171ba47d)
2020-11-09T09:44:16.2527312+07:00  [INF] Removing 0 grants (62cd9308)
2020-11-09T09:44:16.2633969+07:00  [INF] Removing 0 device flow codes (171ba47d)
2020-11-09T09:44:46.2986054+07:00  [INF] Removing 0 grants (62cd9308)
2020-11-09T09:44:46.3139744+07:00  [INF] Removing 0 device flow codes (171ba47d)
2020-11-09T09:45:16.3275155+07:00  [INF] Removing 0 grants (62cd9308)
2020-11-09T09:45:16.3355849+07:00  [INF] Removing 0 device flow codes (171ba47d)
2020-11-09T09:45:46.3567116+07:00  [INF] Removing 0 grants (62cd9308)
2020-11-09T09:45:46.3660674+07:00  [INF] Removing 0 device flow codes (171ba47d)
2020-11-09T09:46:16.4044718+07:00  [INF] Removing 0 grants (62cd9308)
2020-11-09T09:46:16.4120858+07:00  [INF] Removing 0 device flow codes (171ba47d)
2020-11-09T09:46:46.4515116+07:00  [INF] Removing 0 grants (62cd9308)
2020-11-09T09:46:46.4594945+07:00  [INF] Removing 0 device flow codes (171ba47d)
2020-11-09T09:47:16.4814292+07:00  [INF] Removing 0 grants (62cd9308)
2020-11-09T09:47:16.4900781+07:00  [INF] Removing 0 device flow codes (171ba47d)
2020-11-09T09:47:46.5616231+07:00  [INF] Removing 0 grants (62cd9308)
2020-11-09T09:47:46.6242123+07:00  [INF] Removing 0 device flow codes (171ba47d)
2020-11-09T09:48:16.6588843+07:00  [INF] Removing 0 grants (62cd9308)
2020-11-09T09:48:16.6678874+07:00  [INF] Removing 0 device flow codes (171ba47d)
2020-11-09T09:48:46.6897846+07:00  [INF] Removing 0 grants (62cd9308)
2020-11-09T09:48:46.6978759+07:00  [INF] Removing 0 device flow codes (171ba47d)
2020-11-09T09:49:16.7391425+07:00  [INF] Removing 0 grants (62cd9308)
2020-11-09T09:49:16.7613725+07:00  [INF] Removing 0 device flow codes (171ba47d)
2020-11-09T09:49:46.8027399+07:00  [INF] Removing 0 grants (62cd9308)
2020-11-09T09:49:46.8120911+07:00  [INF] Removing 0 device flow codes (171ba47d)
2020-11-09T09:50:16.8392780+07:00  [INF] Removing 0 grants (62cd9308)
2020-11-09T09:50:16.8481036+07:00  [INF] Removing 0 device flow codes (171ba47d)
2020-11-09T09:50:46.8596707+07:00  [INF] Removing 0 grants (62cd9308)
2020-11-09T09:50:46.8821185+07:00  [INF] Removing 0 device flow codes (171ba47d)
2020-11-09T09:51:16.9211699+07:00  [INF] Removing 0 grants (62cd9308)
2020-11-09T09:51:16.9438437+07:00  [INF] Removing 0 device flow codes (171ba47d)
2020-11-09T09:51:46.9913127+07:00  [INF] Removing 0 grants (62cd9308)
2020-11-09T09:51:47.0042783+07:00  [INF] Removing 0 device flow codes (171ba47d)
2020-11-09T09:52:17.0278111+07:00  [INF] Removing 0 grants (62cd9308)
2020-11-09T09:52:17.0372415+07:00  [INF] Removing 0 device flow codes (171ba47d)
2020-11-09T09:52:47.0732224+07:00  [INF] Removing 0 grants (62cd9308)
2020-11-09T09:52:47.0869724+07:00  [INF] Removing 0 device flow codes (171ba47d)
2020-11-09T09:53:17.1234407+07:00  [INF] Removing 0 grants (62cd9308)
2020-11-09T09:53:17.1340766+07:00  [INF] Removing 0 device flow codes (171ba47d)
2020-11-09T09:53:47.1552907+07:00  [INF] Removing 0 grants (62cd9308)
2020-11-09T09:53:47.1900424+07:00  [INF] Removing 0 device flow codes (171ba47d)
2020-11-09T15:00:25.6991291+07:00  [INF] Starting IdentityServer4 version "3.1.3.0" (8add0571)
2020-11-09T15:00:25.8112071+07:00  [INF] Using the default authentication scheme "Identity.Application" for IdentityServer (4a54f457)
2020-11-09T15:00:27.2138168+07:00  [INF] Application started. Press Ctrl+C to shut down. (dcaefe54)
2020-11-09T15:00:27.2190748+07:00  [INF] Hosting environment: "Development" (c3307c92)
2020-11-09T15:00:27.2222900+07:00  [INF] Content root path: "D:\CmsApp\CmsApp" (b5d60022)
2020-11-09T15:01:03.6449194+07:00  [INF] Removing 0 grants (62cd9308)
2020-11-09T15:01:04.2379635+07:00  [INF] Removing 0 device flow codes (171ba47d)
2020-11-09T15:01:34.2826481+07:00  [INF] Removing 0 grants (62cd9308)
2020-11-09T15:01:34.3148707+07:00  [INF] Removing 0 device flow codes (171ba47d)
2020-11-09T15:02:04.4156552+07:00  [INF] Removing 0 grants (62cd9308)
2020-11-09T15:02:04.4675789+07:00  [INF] Removing 0 device flow codes (171ba47d)
2020-11-09T15:02:34.4982228+07:00  [INF] Removing 0 grants (62cd9308)
2020-11-09T15:02:34.5114781+07:00  [INF] Removing 0 device flow codes (171ba47d)
2020-11-09T15:03:04.5661963+07:00  [INF] Removing 0 grants (62cd9308)
2020-11-09T15:03:04.5898647+07:00  [INF] Removing 0 device flow codes (171ba47d)
2020-11-09T15:03:34.6499302+07:00  [INF] Removing 0 grants (62cd9308)
2020-11-09T15:03:34.6836129+07:00  [INF] Removing 0 device flow codes (171ba47d)
2020-11-09T15:04:04.7230954+07:00  [INF] Removing 0 grants (62cd9308)
2020-11-09T15:04:04.7567127+07:00  [INF] Removing 0 device flow codes (171ba47d)
2020-11-09T15:04:34.8307027+07:00  [INF] Removing 0 grants (62cd9308)
2020-11-09T15:04:34.8478263+07:00  [INF] Removing 0 device flow codes (171ba47d)
2020-11-09T15:05:04.8780709+07:00  [INF] Removing 0 grants (62cd9308)
2020-11-09T15:05:04.9105891+07:00  [INF] Removing 0 device flow codes (171ba47d)
2020-11-09T15:06:45.1092969+07:00  [INF] Starting IdentityServer4 version "3.1.3.0" (8add0571)
2020-11-09T15:06:45.2229704+07:00  [INF] Using the default authentication scheme "Identity.Application" for IdentityServer (4a54f457)
2020-11-09T15:06:46.7493591+07:00  [INF] Application started. Press Ctrl+C to shut down. (dcaefe54)
2020-11-09T15:06:46.7555364+07:00  [INF] Hosting environment: "Development" (c3307c92)
2020-11-09T15:06:46.7636833+07:00  [INF] Content root path: "D:\CmsApp\CmsApp" (b5d60022)
2020-11-09T15:07:14.7573013+07:00  [INF] Removing 0 grants (62cd9308)
2020-11-09T15:07:14.9208168+07:00  [INF] Removing 0 device flow codes (171ba47d)
2020-11-09T15:07:44.9846542+07:00  [INF] Removing 0 grants (62cd9308)
2020-11-09T15:07:45.0063622+07:00  [INF] Removing 0 device flow codes (171ba47d)
2020-11-09T15:08:15.0494437+07:00  [INF] Removing 0 grants (62cd9308)
2020-11-09T15:08:15.0635973+07:00  [INF] Removing 0 device flow codes (171ba47d)
2020-11-09T15:08:45.1408015+07:00  [INF] Removing 0 grants (62cd9308)
2020-11-09T15:08:45.1675309+07:00  [INF] Removing 0 device flow codes (171ba47d)
2020-11-09T15:09:15.1914261+07:00  [INF] Removing 0 grants (62cd9308)
2020-11-09T15:09:15.2277404+07:00  [INF] Removing 0 device flow codes (171ba47d)
2020-11-09T15:09:45.2543790+07:00  [INF] Removing 0 grants (62cd9308)
2020-11-09T15:09:45.2631796+07:00  [INF] Removing 0 device flow codes (171ba47d)
2020-11-09T15:10:08.4441521+07:00 800000a8-0003-f800-b63f-84710c7967bb [INF] Invoking IdentityServer endpoint: "IdentityServer4.Endpoints.DiscoveryEndpoint" for "/.well-known/openid-configuration" (f7642de5)
2020-11-09T15:10:12.7276469+07:00 800000a9-0003-f800-b63f-84710c7967bb [INF] Invoking IdentityServer endpoint: "IdentityServer4.Endpoints.DiscoveryKeyEndpoint" for "/.well-known/openid-configuration/jwks" (f7642de5)
2020-11-09T15:10:13.5433412+07:00 80000015-0000-f600-b63f-84710c7967bb [INF] "Bearer" was not authenticated. Failure message: "IDX10223: Lifetime validation failed. The token is expired. ValidTo: '[PII is hidden. For more details, see https://aka.ms/IdentityModel/PII.]', Current time: '[PII is hidden. For more details, see https://aka.ms/IdentityModel/PII.]'." (48071232)
2020-11-09T15:10:13.5433412+07:00 8000000a-0001-ee00-b63f-84710c7967bb [INF] "Bearer" was not authenticated. Failure message: "IDX10223: Lifetime validation failed. The token is expired. ValidTo: '[PII is hidden. For more details, see https://aka.ms/IdentityModel/PII.]', Current time: '[PII is hidden. For more details, see https://aka.ms/IdentityModel/PII.]'." (48071232)
2020-11-09T15:10:13.6089640+07:00 80000015-0000-f600-b63f-84710c7967bb [INF] AuthenticationScheme: "Bearer" was challenged. (d45f1f38)
2020-11-09T15:10:13.6089637+07:00 8000000a-0001-ee00-b63f-84710c7967bb [INF] AuthenticationScheme: "Bearer" was challenged. (d45f1f38)
2020-11-09T15:10:13.7817298+07:00 80000017-0000-f600-b63f-84710c7967bb [INF] Invoking IdentityServer endpoint: "IdentityServer4.Endpoints.DiscoveryEndpoint" for "/.well-known/openid-configuration" (f7642de5)
2020-11-09T15:10:14.1292897+07:00 80000019-0000-f600-b63f-84710c7967bb [INF] Invoking IdentityServer endpoint: "IdentityServer4.Endpoints.DiscoveryKeyEndpoint" for "/.well-known/openid-configuration/jwks" (f7642de5)
2020-11-09T15:10:14.4081633+07:00 8000000c-0001-ee00-b63f-84710c7967bb [INF] Invoking IdentityServer endpoint: "IdentityServer4.Endpoints.TokenEndpoint" for "/connect/token" (f7642de5)
2020-11-09T15:10:15.5417938+07:00  [INF] Removing 0 grants (62cd9308)
2020-11-09T15:10:15.7578493+07:00  [INF] Removing 0 device flow codes (171ba47d)
2020-11-09T15:10:16.9948854+07:00 8000000c-0001-ee00-b63f-84710c7967bb [INF] Token request validation success, TokenRequestValidationLog { ClientId: "cmsapp_spa", ClientName: null, GrantType: "refresh_token", Scopes: null, AuthorizationCode: null, RefreshToken: "fi06MqetYXwr-_T7uUnIf6RWDEIwBgevgsc7vd97kjs", UserName: null, AuthenticationContextReferenceClasses: null, Tenant: null, IdP: null, Raw: [("refresh_token": "***REDACTED***"), ("client_id": "cmsapp_spa"), ("grant_type": "refresh_token")] } (3a073258)
2020-11-09T15:10:45.7891315+07:00  [INF] Removing 0 grants (62cd9308)
2020-11-09T15:10:45.8094240+07:00  [INF] Removing 0 device flow codes (171ba47d)
2020-11-09T15:11:15.8350686+07:00  [INF] Removing 0 grants (62cd9308)
2020-11-09T15:11:15.8911799+07:00  [INF] Removing 0 device flow codes (171ba47d)
2020-11-09T15:11:45.9058458+07:00  [INF] Removing 0 grants (62cd9308)
2020-11-09T15:11:45.9294792+07:00  [INF] Removing 0 device flow codes (171ba47d)
2020-11-09T15:12:15.9919338+07:00  [INF] Removing 0 grants (62cd9308)
2020-11-09T15:12:16.0154138+07:00  [INF] Removing 0 device flow codes (171ba47d)
2020-11-09T15:12:46.0590665+07:00  [INF] Removing 0 grants (62cd9308)
2020-11-09T15:12:46.0796048+07:00  [INF] Removing 0 device flow codes (171ba47d)
2020-11-09T15:13:16.1072446+07:00  [INF] Removing 0 grants (62cd9308)
2020-11-09T15:13:16.1173128+07:00  [INF] Removing 0 device flow codes (171ba47d)
2020-11-09T15:13:46.1533384+07:00  [INF] Removing 0 grants (62cd9308)
2020-11-09T15:13:46.1755512+07:00  [INF] Removing 0 device flow codes (171ba47d)
2020-11-09T15:14:16.2111666+07:00  [INF] Removing 0 grants (62cd9308)
2020-11-09T15:14:16.2541173+07:00  [INF] Removing 0 device flow codes (171ba47d)
2020-11-09T15:14:46.2999924+07:00  [INF] Removing 0 grants (62cd9308)
2020-11-09T15:14:46.3084707+07:00  [INF] Removing 0 device flow codes (171ba47d)
2020-11-09T15:15:16.3499183+07:00  [INF] Removing 0 grants (62cd9308)
2020-11-09T15:15:16.3726919+07:00  [INF] Removing 0 device flow codes (171ba47d)
2020-11-09T15:15:29.4367098+07:00 800000b8-0002-f900-b63f-84710c7967bb [INF] Invoking IdentityServer endpoint: "IdentityServer4.Endpoints.DiscoveryEndpoint" for "/.well-known/openid-configuration" (f7642de5)
2020-11-09T15:15:29.5044156+07:00 800000ba-0002-f900-b63f-84710c7967bb [INF] Invoking IdentityServer endpoint: "IdentityServer4.Endpoints.DiscoveryKeyEndpoint" for "/.well-known/openid-configuration/jwks" (f7642de5)
2020-11-09T15:15:29.5371698+07:00 800000ab-0003-f800-b63f-84710c7967bb [INF] Invoking IdentityServer endpoint: "IdentityServer4.Endpoints.TokenEndpoint" for "/connect/token" (f7642de5)
2020-11-09T15:15:29.8894822+07:00 800000ab-0003-f800-b63f-84710c7967bb [INF] Credentials validated for username: "admin" (cb811aa7)
2020-11-09T15:15:29.8970375+07:00 800000ab-0003-f800-b63f-84710c7967bb [INF] Token request validation success, TokenRequestValidationLog { ClientId: "cmsapp_spa", ClientName: null, GrantType: "password", Scopes: "cmsapp_api email offline_access openid phone profile roles", AuthorizationCode: null, RefreshToken: null, UserName: "admin", AuthenticationContextReferenceClasses: null, Tenant: null, IdP: null, Raw: [("username": "admin"), ("password": "***REDACTED***"), ("client_id": "cmsapp_spa"), ("grant_type": "password"), ("scope": "openid email phone profile offline_access roles cmsapp_api")] } (3a073258)
2020-11-09T15:15:46.3883149+07:00  [INF] Removing 0 grants (62cd9308)
2020-11-09T15:15:46.3980270+07:00  [INF] Removing 0 device flow codes (171ba47d)
2020-11-09T15:16:16.4140413+07:00  [INF] Removing 0 grants (62cd9308)
2020-11-09T15:16:16.4360743+07:00  [INF] Removing 0 device flow codes (171ba47d)
2020-11-09T15:16:46.4726141+07:00  [INF] Removing 0 grants (62cd9308)
2020-11-09T15:16:46.4938994+07:00  [INF] Removing 0 device flow codes (171ba47d)
2020-11-09T15:17:16.5250811+07:00  [INF] Removing 0 grants (62cd9308)
2020-11-09T15:17:16.5647121+07:00  [INF] Removing 0 device flow codes (171ba47d)
2020-11-09T15:17:46.5881309+07:00  [INF] Removing 0 grants (62cd9308)
2020-11-09T15:17:46.6108253+07:00  [INF] Removing 0 device flow codes (171ba47d)
2020-11-09T15:18:16.6445839+07:00  [INF] Removing 0 grants (62cd9308)
2020-11-09T15:18:16.6937455+07:00  [INF] Removing 0 device flow codes (171ba47d)
2020-11-09T15:18:46.7447196+07:00  [INF] Removing 0 grants (62cd9308)
2020-11-09T15:18:46.7542016+07:00  [INF] Removing 0 device flow codes (171ba47d)
2020-11-09T15:19:16.7816373+07:00  [INF] Removing 0 grants (62cd9308)
2020-11-09T15:19:16.8049067+07:00  [INF] Removing 0 device flow codes (171ba47d)
2020-11-09T15:19:46.8334324+07:00  [INF] Removing 0 grants (62cd9308)
2020-11-09T15:19:46.8566198+07:00  [INF] Removing 0 device flow codes (171ba47d)
2020-11-09T15:20:16.8727251+07:00  [INF] Removing 0 grants (62cd9308)
2020-11-09T15:20:16.8817286+07:00  [INF] Removing 0 device flow codes (171ba47d)
2020-11-09T15:20:46.9216091+07:00  [INF] Removing 0 grants (62cd9308)
2020-11-09T15:20:46.9311278+07:00  [INF] Removing 0 device flow codes (171ba47d)
2020-11-09T15:21:16.9778565+07:00  [INF] Removing 0 grants (62cd9308)
2020-11-09T15:21:17.0111461+07:00  [INF] Removing 0 device flow codes (171ba47d)
2020-11-09T15:21:47.0685240+07:00  [INF] Removing 0 grants (62cd9308)
2020-11-09T15:21:47.0919214+07:00  [INF] Removing 0 device flow codes (171ba47d)
2020-11-09T15:22:17.1055380+07:00  [INF] Removing 0 grants (62cd9308)
2020-11-09T15:22:17.1156606+07:00  [INF] Removing 0 device flow codes (171ba47d)
2020-11-09T15:22:47.1261560+07:00  [INF] Removing 0 grants (62cd9308)
2020-11-09T15:22:47.1353186+07:00  [INF] Removing 0 device flow codes (171ba47d)
2020-11-09T15:23:17.1640588+07:00  [INF] Removing 0 grants (62cd9308)
2020-11-09T15:23:17.1793280+07:00  [INF] Removing 0 device flow codes (171ba47d)
2020-11-09T15:23:47.2233498+07:00  [INF] Removing 0 grants (62cd9308)
2020-11-09T15:23:47.2358428+07:00  [INF] Removing 0 device flow codes (171ba47d)
2020-11-09T15:24:17.2592608+07:00  [INF] Removing 0 grants (62cd9308)
2020-11-09T15:24:17.2676874+07:00  [INF] Removing 0 device flow codes (171ba47d)
2020-11-09T15:24:47.6153328+07:00  [INF] Removing 0 grants (62cd9308)
2020-11-09T15:24:47.8612071+07:00  [INF] Removing 0 device flow codes (171ba47d)
2020-11-09T15:25:17.8801291+07:00  [INF] Removing 0 grants (62cd9308)
2020-11-09T15:25:17.8911915+07:00  [INF] Removing 0 device flow codes (171ba47d)
2020-11-09T15:25:47.9321577+07:00  [INF] Removing 0 grants (62cd9308)
2020-11-09T15:25:47.9560787+07:00  [INF] Removing 0 device flow codes (171ba47d)
2020-11-09T15:26:17.9843798+07:00  [INF] Removing 0 grants (62cd9308)
2020-11-09T15:26:18.0847147+07:00  [INF] Removing 0 device flow codes (171ba47d)
2020-11-09T15:26:48.1334923+07:00  [INF] Removing 0 grants (62cd9308)
2020-11-09T15:26:48.1422914+07:00  [INF] Removing 0 device flow codes (171ba47d)
2020-11-09T15:27:18.2299133+07:00  [INF] Removing 0 grants (62cd9308)
2020-11-09T15:27:18.2473604+07:00  [INF] Removing 0 device flow codes (171ba47d)
2020-11-09T15:27:36.9425336+07:00 8000006f-0000-fd00-b63f-84710c7967bb [ERR] An error occurred whilst sending email (18f5f1e5)
MailKit.Security.AuthenticationException: 535: Incorrect authentication data
 ---> MailKit.Net.Smtp.SmtpCommandException: Incorrect authentication data
   --- End of inner exception stack trace ---
   at MailKit.Net.Smtp.SmtpClient.AuthenticateAsync(Encoding encoding, ICredentials credentials, Boolean doAsync, CancellationToken cancellationToken)
   at CmsApp.Helpers.EmailSender.SendEmailAsync(MailboxAddress sender, MailboxAddress[] recepients, String subject, String body, SmtpConfig config, Boolean isHtml) in D:\CmsApp\CmsApp\Helpers\EmailSender.cs:line 100
2020-11-09T15:27:48.2668611+07:00  [INF] Removing 0 grants (62cd9308)
2020-11-09T15:27:48.2756343+07:00  [INF] Removing 0 device flow codes (171ba47d)
2020-11-09T15:28:18.3315153+07:00  [INF] Removing 0 grants (62cd9308)
2020-11-09T15:28:18.4197116+07:00  [INF] Removing 0 device flow codes (171ba47d)
2020-11-09T15:28:48.4259379+07:00 80000026-0002-fa00-b63f-84710c7967bb [INF] Invoking IdentityServer endpoint: "IdentityServer4.Endpoints.DiscoveryEndpoint" for "/.well-known/openid-configuration" (f7642de5)
2020-11-09T15:28:48.5128145+07:00  [INF] Removing 0 grants (62cd9308)
2020-11-09T15:28:48.5751882+07:00  [INF] Removing 0 device flow codes (171ba47d)
2020-11-09T15:28:48.7263501+07:00 80000027-0000-f600-b63f-84710c7967bb [INF] Invoking IdentityServer endpoint: "IdentityServer4.Endpoints.DiscoveryKeyEndpoint" for "/.well-known/openid-configuration/jwks" (f7642de5)
2020-11-09T15:28:48.7822414+07:00 80000028-0002-fa00-b63f-84710c7967bb [INF] Invoking IdentityServer endpoint: "IdentityServer4.Endpoints.TokenEndpoint" for "/connect/token" (f7642de5)
2020-11-09T15:28:48.9354481+07:00 80000028-0002-fa00-b63f-84710c7967bb [INF] Credentials validated for username: "keawmoonmuk" (cb811aa7)
2020-11-09T15:28:48.9435899+07:00 80000028-0002-fa00-b63f-84710c7967bb [INF] Token request validation success, TokenRequestValidationLog { ClientId: "cmsapp_spa", ClientName: null, GrantType: "password", Scopes: "cmsapp_api email offline_access openid phone profile roles", AuthorizationCode: null, RefreshToken: null, UserName: "keawmoonmuk", AuthenticationContextReferenceClasses: null, Tenant: null, IdP: null, Raw: [("username": "keawmoonmuk"), ("password": "***REDACTED***"), ("client_id": "cmsapp_spa"), ("grant_type": "password"), ("scope": "openid email phone profile offline_access roles cmsapp_api")] } (3a073258)
2020-11-09T15:29:18.5908626+07:00  [INF] Removing 0 grants (62cd9308)
2020-11-09T15:29:18.6056386+07:00  [INF] Removing 0 device flow codes (171ba47d)
2020-11-09T15:29:48.7121149+07:00  [INF] Removing 0 grants (62cd9308)
2020-11-09T15:29:48.7399997+07:00  [INF] Removing 0 device flow codes (171ba47d)
2020-11-09T15:30:18.7647644+07:00  [INF] Removing 0 grants (62cd9308)
2020-11-09T15:30:18.7755559+07:00  [INF] Removing 0 device flow codes (171ba47d)
2020-11-09T15:30:48.7998689+07:00  [INF] Removing 0 grants (62cd9308)
2020-11-09T15:30:48.8217985+07:00  [INF] Removing 0 device flow codes (171ba47d)
2020-11-09T15:31:18.8866414+07:00  [INF] Removing 0 grants (62cd9308)
2020-11-09T15:31:18.8957767+07:00  [INF] Removing 0 device flow codes (171ba47d)
2020-11-09T15:31:48.9170229+07:00  [INF] Removing 0 grants (62cd9308)
2020-11-09T15:31:48.9403027+07:00  [INF] Removing 0 device flow codes (171ba47d)
2020-11-09T15:32:18.9604663+07:00  [INF] Removing 0 grants (62cd9308)
2020-11-09T15:32:18.9696806+07:00  [INF] Removing 0 device flow codes (171ba47d)
2020-11-09T15:32:48.9913675+07:00  [INF] Removing 0 grants (62cd9308)
2020-11-09T15:32:48.9997620+07:00  [INF] Removing 0 device flow codes (171ba47d)
2020-11-09T15:33:19.0366765+07:00  [INF] Removing 0 grants (62cd9308)
2020-11-09T15:33:19.0450049+07:00  [INF] Removing 0 device flow codes (171ba47d)
2020-11-09T15:33:49.0539931+07:00  [INF] Removing 0 grants (62cd9308)
2020-11-09T15:33:49.0626379+07:00  [INF] Removing 0 device flow codes (171ba47d)
2020-11-09T15:34:19.0781365+07:00  [INF] Removing 0 grants (62cd9308)
2020-11-09T15:34:19.0889924+07:00  [INF] Removing 0 device flow codes (171ba47d)
2020-11-09T15:34:49.1339956+07:00  [INF] Removing 0 grants (62cd9308)
2020-11-09T15:34:49.1418383+07:00  [INF] Removing 0 device flow codes (171ba47d)
2020-11-09T15:35:19.2152428+07:00  [INF] Removing 0 grants (62cd9308)
2020-11-09T15:35:19.2421723+07:00  [INF] Removing 0 device flow codes (171ba47d)
2020-11-09T15:35:49.2794581+07:00  [INF] Removing 0 grants (62cd9308)
2020-11-09T15:35:49.2953463+07:00  [INF] Removing 0 device flow codes (171ba47d)
2020-11-09T15:36:19.3015761+07:00  [INF] Removing 0 grants (62cd9308)
2020-11-09T15:36:19.3733098+07:00  [INF] Removing 0 device flow codes (171ba47d)
