2020-08-06T08:31:25.7846973+07:00  [INF] Starting IdentityServer4 version "3.1.3.0" (8add0571)
2020-08-06T08:31:25.8463033+07:00  [INF] Using the default authentication scheme "Identity.Application" for IdentityServer (4a54f457)
2020-08-06T08:31:26.3820620+07:00  [INF] Application started. Press Ctrl+C to shut down. (dcaefe54)
2020-08-06T08:31:26.4091828+07:00  [INF] Hosting environment: "Development" (c3307c92)
2020-08-06T08:31:26.4124942+07:00  [INF] Content root path: "D:\CmsApp\CmsApp" (b5d60022)
2020-08-06T08:31:56.0082525+07:00  [INF] Removing 0 grants (62cd9308)
2020-08-06T08:31:56.1077178+07:00  [INF] Removing 0 device flow codes (171ba47d)
2020-08-06T08:32:26.1815786+07:00  [INF] Removing 0 grants (62cd9308)
2020-08-06T08:32:26.2025103+07:00  [INF] Removing 0 device flow codes (171ba47d)
2020-08-06T08:32:56.2467335+07:00  [INF] Removing 0 grants (62cd9308)
2020-08-06T08:32:56.2909448+07:00  [INF] Removing 0 device flow codes (171ba47d)
2020-08-06T08:33:26.5386087+07:00  [INF] Removing 0 grants (62cd9308)
2020-08-06T08:33:26.5824225+07:00  [INF] Removing 0 device flow codes (171ba47d)
2020-08-06T08:33:56.6249854+07:00  [INF] Removing 0 grants (62cd9308)
2020-08-06T08:33:56.6449849+07:00  [INF] Removing 0 device flow codes (171ba47d)
2020-08-06T08:34:26.7013808+07:00  [INF] Removing 0 grants (62cd9308)
2020-08-06T08:34:26.7225309+07:00  [INF] Removing 0 device flow codes (171ba47d)
2020-08-06T08:34:56.7674379+07:00  [INF] Removing 0 grants (62cd9308)
2020-08-06T08:34:56.7811565+07:00  [INF] Removing 0 device flow codes (171ba47d)
2020-08-06T08:35:26.8267349+07:00  [INF] Removing 0 grants (62cd9308)
2020-08-06T08:35:26.8455624+07:00  [INF] Removing 0 device flow codes (171ba47d)
2020-08-06T08:35:56.8783074+07:00  [INF] Removing 0 grants (62cd9308)
2020-08-06T08:35:56.8899916+07:00  [INF] Removing 0 device flow codes (171ba47d)
2020-08-06T08:36:26.9364107+07:00  [INF] Removing 0 grants (62cd9308)
2020-08-06T08:36:26.9461895+07:00  [INF] Removing 0 device flow codes (171ba47d)
2020-08-06T08:36:57.0028342+07:00  [INF] Removing 0 grants (62cd9308)
2020-08-06T08:36:57.0115737+07:00  [INF] Removing 0 device flow codes (171ba47d)
2020-08-06T08:37:27.0519508+07:00  [INF] Removing 0 grants (62cd9308)
2020-08-06T08:37:27.0630045+07:00  [INF] Removing 0 device flow codes (171ba47d)
2020-08-06T08:37:57.0794553+07:00  [INF] Removing 0 grants (62cd9308)
2020-08-06T08:37:57.0866884+07:00  [INF] Removing 0 device flow codes (171ba47d)
2020-08-06T08:38:27.0949925+07:00  [INF] Removing 0 grants (62cd9308)
2020-08-06T08:38:27.1117851+07:00  [INF] Removing 0 device flow codes (171ba47d)
2020-08-06T08:38:57.1429686+07:00  [INF] Removing 0 grants (62cd9308)
2020-08-06T08:38:57.1536887+07:00  [INF] Removing 0 device flow codes (171ba47d)
2020-08-06T08:39:27.2135540+07:00  [INF] Removing 0 grants (62cd9308)
2020-08-06T08:39:27.2490534+07:00  [INF] Removing 0 device flow codes (171ba47d)
2020-08-06T08:39:57.2993613+07:00  [INF] Removing 0 grants (62cd9308)
2020-08-06T08:39:57.3316120+07:00  [INF] Removing 0 device flow codes (171ba47d)
2020-08-06T08:40:27.3471365+07:00  [INF] Removing 0 grants (62cd9308)
2020-08-06T08:40:27.3566761+07:00  [INF] Removing 0 device flow codes (171ba47d)
2020-08-06T08:40:57.4142633+07:00  [INF] Removing 0 grants (62cd9308)
2020-08-06T08:40:57.4385693+07:00  [INF] Removing 0 device flow codes (171ba47d)
2020-08-06T08:41:27.4661064+07:00  [INF] Removing 0 grants (62cd9308)
2020-08-06T08:41:27.4910128+07:00  [INF] Removing 0 device flow codes (171ba47d)
2020-08-06T08:41:57.5203461+07:00  [INF] Removing 0 grants (62cd9308)
2020-08-06T08:41:57.5370139+07:00  [INF] Removing 0 device flow codes (171ba47d)
2020-08-06T08:42:27.5541481+07:00  [INF] Removing 0 grants (62cd9308)
2020-08-06T08:42:27.5619812+07:00  [INF] Removing 0 device flow codes (171ba47d)
2020-08-06T08:42:57.5902015+07:00  [INF] Removing 0 grants (62cd9308)
2020-08-06T08:42:57.6108440+07:00  [INF] Removing 0 device flow codes (171ba47d)
2020-08-06T08:43:27.6346275+07:00  [INF] Removing 0 grants (62cd9308)
2020-08-06T08:43:27.6550376+07:00  [INF] Removing 0 device flow codes (171ba47d)
2020-08-06T08:43:57.6985395+07:00  [INF] Removing 0 grants (62cd9308)
2020-08-06T08:43:57.7151131+07:00  [INF] Removing 0 device flow codes (171ba47d)
2020-08-06T08:44:27.7781249+07:00  [INF] Removing 0 grants (62cd9308)
2020-08-06T08:44:27.7934526+07:00  [INF] Removing 0 device flow codes (171ba47d)
2020-08-06T08:44:57.8459186+07:00  [INF] Removing 0 grants (62cd9308)
2020-08-06T08:44:57.8603272+07:00  [INF] Removing 0 device flow codes (171ba47d)
2020-08-06T08:45:27.9137779+07:00  [INF] Removing 0 grants (62cd9308)
2020-08-06T08:45:27.9231296+07:00  [INF] Removing 0 device flow codes (171ba47d)
2020-08-06T08:45:57.9748845+07:00  [INF] Removing 0 grants (62cd9308)
2020-08-06T08:45:57.9925682+07:00  [INF] Removing 0 device flow codes (171ba47d)
2020-08-06T08:46:28.0445599+07:00  [INF] Removing 0 grants (62cd9308)
2020-08-06T08:46:28.0625790+07:00  [INF] Removing 0 device flow codes (171ba47d)
2020-08-06T08:46:58.1154431+07:00  [INF] Removing 0 grants (62cd9308)
2020-08-06T08:46:58.1585568+07:00  [INF] Removing 0 device flow codes (171ba47d)
2020-08-06T08:47:28.2176542+07:00  [INF] Removing 0 grants (62cd9308)
2020-08-06T08:47:28.2340860+07:00  [INF] Removing 0 device flow codes (171ba47d)
2020-08-06T08:47:58.2596417+07:00  [INF] Removing 0 grants (62cd9308)
2020-08-06T08:47:58.2768654+07:00  [INF] Removing 0 device flow codes (171ba47d)
2020-08-06T08:48:28.3889373+07:00  [INF] Removing 0 grants (62cd9308)
2020-08-06T08:48:28.4229908+07:00  [INF] Removing 0 device flow codes (171ba47d)
2020-08-06T08:48:58.4829999+07:00  [INF] Removing 0 grants (62cd9308)
2020-08-06T08:48:58.5004112+07:00  [INF] Removing 0 device flow codes (171ba47d)
2020-08-06T08:49:28.5467618+07:00  [INF] Removing 0 grants (62cd9308)
2020-08-06T08:49:28.5823479+07:00  [INF] Removing 0 device flow codes (171ba47d)
2020-08-06T08:49:58.6141279+07:00  [INF] Removing 0 grants (62cd9308)
2020-08-06T08:49:58.6220568+07:00  [INF] Removing 0 device flow codes (171ba47d)
2020-08-06T08:50:28.6561749+07:00  [INF] Removing 0 grants (62cd9308)
2020-08-06T08:50:28.6697240+07:00  [INF] Removing 0 device flow codes (171ba47d)
2020-08-06T09:03:22.2423554+07:00  [INF] Starting IdentityServer4 version "3.1.3.0" (8add0571)
2020-08-06T09:03:22.2804738+07:00  [INF] Using the default authentication scheme "Identity.Application" for IdentityServer (4a54f457)
2020-08-06T09:03:22.6043580+07:00  [INF] Application started. Press Ctrl+C to shut down. (dcaefe54)
2020-08-06T09:03:22.6175509+07:00  [INF] Hosting environment: "Development" (c3307c92)
2020-08-06T09:03:22.6525614+07:00  [INF] Content root path: "D:\CmsApp\CmsApp" (b5d60022)
2020-08-06T09:03:52.7328433+07:00  [INF] Removing 3 grants (62cd9308)
2020-08-06T09:03:53.2152758+07:00  [INF] Removing 0 device flow codes (171ba47d)
2020-08-06T09:04:23.2501344+07:00  [INF] Removing 0 grants (62cd9308)
2020-08-06T09:04:23.2613226+07:00  [INF] Removing 0 device flow codes (171ba47d)
2020-08-06T09:05:25.4847263+07:00  [INF] Removing 0 grants (62cd9308)
2020-08-06T09:05:25.5094900+07:00  [INF] Removing 0 device flow codes (171ba47d)
2020-08-06T09:05:55.5520937+07:00  [INF] Removing 0 grants (62cd9308)
2020-08-06T09:05:55.5812961+07:00  [INF] Removing 0 device flow codes (171ba47d)
2020-08-06T09:06:34.3989282+07:00  [INF] Removing 0 grants (62cd9308)
2020-08-06T09:06:34.4067492+07:00  [INF] Removing 0 device flow codes (171ba47d)
2020-08-06T09:09:12.7790517+07:00  [INF] Removing 0 grants (62cd9308)
2020-08-06T09:09:12.8089991+07:00  [INF] Removing 0 device flow codes (171ba47d)
2020-08-06T09:09:12.8576238+07:00 80000025-0003-fa00-b63f-84710c7967bb [INF] Invoking IdentityServer endpoint: "IdentityServer4.Endpoints.DiscoveryEndpoint" for "/.well-known/openid-configuration" (f7642de5)
2020-08-06T09:09:43.3892211+07:00  [INF] Removing 0 grants (62cd9308)
2020-08-06T09:09:43.6243040+07:00  [INF] Removing 0 device flow codes (171ba47d)
2020-08-06T09:10:17.6276585+07:00  [INF] Removing 0 grants (62cd9308)
2020-08-06T09:10:17.6396053+07:00  [INF] Removing 0 device flow codes (171ba47d)
2020-08-06T09:10:48.4556697+07:00  [INF] Removing 0 grants (62cd9308)
2020-08-06T09:10:48.6089633+07:00  [INF] Removing 0 device flow codes (171ba47d)
2020-08-06T09:10:53.8166085+07:00 80000025-0001-f600-b63f-84710c7967bb [INF] Invoking IdentityServer endpoint: "IdentityServer4.Endpoints.DiscoveryKeyEndpoint" for "/.well-known/openid-configuration/jwks" (f7642de5)
2020-08-06T09:11:07.1463741+07:00 8000001e-0000-f700-b63f-84710c7967bb [INF] Invoking IdentityServer endpoint: "IdentityServer4.Endpoints.TokenEndpoint" for "/connect/token" (f7642de5)
2020-08-06T09:11:11.4568268+07:00 8000001e-0000-f700-b63f-84710c7967bb [INF] Credentials validated for username: "admin" (cb811aa7)
2020-08-06T09:11:11.5493188+07:00 8000001e-0000-f700-b63f-84710c7967bb [INF] Token request validation success, TokenRequestValidationLog { ClientId: "quickapp_spa", ClientName: null, GrantType: "password", Scopes: "email offline_access openid phone profile quickapp_api roles", AuthorizationCode: null, RefreshToken: null, UserName: "admin", AuthenticationContextReferenceClasses: null, Tenant: null, IdP: null, Raw: [("username": "admin"), ("password": "***REDACTED***"), ("client_id": "quickapp_spa"), ("grant_type": "password"), ("scope": "openid email phone profile offline_access roles quickapp_api")] } (3a073258)
2020-08-06T09:11:18.9351009+07:00  [INF] Removing 0 grants (62cd9308)
2020-08-06T09:11:18.9499016+07:00  [INF] Removing 0 device flow codes (171ba47d)
2020-08-06T09:12:09.4382910+07:00  [INF] Removing 0 grants (62cd9308)
2020-08-06T09:12:09.4877922+07:00  [INF] Removing 0 device flow codes (171ba47d)
2020-08-06T09:12:39.5258267+07:00  [INF] Removing 0 grants (62cd9308)
2020-08-06T09:12:39.5385922+07:00  [INF] Removing 0 device flow codes (171ba47d)
2020-08-06T09:13:12.4945701+07:00  [INF] Removing 0 grants (62cd9308)
2020-08-06T09:13:12.6131328+07:00  [INF] Removing 0 device flow codes (171ba47d)
